000 (7915166.000.000) 2022-01-03 10:10:59 Job submitted from host: <144.92.181.245:9618?addrs=144.92.181.245-9618+[2607-f388-101c-1000--372]-9618&alias=login06.hep.wisc.edu&noUDP&sock=schedd_913429_e58e>
...
040 (7915166.000.000) 2022-01-03 10:11:37 Entered queue to transfer input files
	Transferring to host: <128.105.245.124:9618?addrs=128.105.245.124-9618&alias=e324.chtc.wisc.edu&noUDP&sock=slot1_15_20571_e15e_13467>
...
040 (7915166.000.000) 2022-01-03 10:12:46 Started transferring input files
	Seconds spent in queue: 69
...
040 (7915166.000.000) 2022-01-03 10:18:22 Finished transferring input files
...
001 (7915166.000.000) 2022-01-03 10:18:23 Job executing on host: <128.105.245.124:9618?addrs=128.105.245.124-9618&alias=e324.chtc.wisc.edu&noUDP&sock=startd_2484_6557>
...
006 (7915166.000.000) 2022-01-03 10:18:31 Image size of job updated: 545284
	397  -  MemoryUsage of job (MB)
	406196  -  ResidentSetSize of job (KB)
...
006 (7915166.000.000) 2022-01-03 10:19:11 Image size of job updated: 1178392
	397  -  MemoryUsage of job (MB)
	406196  -  ResidentSetSize of job (KB)
...
040 (7915166.000.000) 2022-01-03 10:19:11 Started transferring output files
	Seconds spent in queue: 454
...
040 (7915166.000.000) 2022-01-03 10:19:11 Finished transferring output files
...
005 (7915166.000.000) 2022-01-03 10:19:11 Job terminated.
	(1) Normal termination (return value 0)
		Usr 0 00:00:25, Sys 0 00:00:04  -  Run Remote Usage
		Usr 0 00:00:00, Sys 0 00:00:00  -  Run Local Usage
		Usr 0 00:00:25, Sys 0 00:00:04  -  Total Remote Usage
		Usr 0 00:00:00, Sys 0 00:00:00  -  Total Local Usage
	153642  -  Run Bytes Sent By Job
	315491776  -  Run Bytes Received By Job
	153642  -  Total Bytes Sent By Job
	315491776  -  Total Bytes Received By Job
	Partitionable Resources :     Usage  Request Allocated 
	   Cpus                 :      0.02        1         1 
	   Disk (KB)            : 308308     2048000   2333944 
	   IoHeavy              :                            0 
	   Memory (MB)          :    397        1992      2048 

	Job terminated of its own accord at 2022-01-03T16:19:11Z.
...
