000 (7915186.000.000) 2022-01-03 10:11:44 Job submitted from host: <144.92.181.245:9618?addrs=144.92.181.245-9618+[2607-f388-101c-1000--372]-9618&alias=login06.hep.wisc.edu&noUDP&sock=schedd_913429_e58e>
...
040 (7915186.000.000) 2022-01-03 10:12:22 Entered queue to transfer input files
	Transferring to host: <128.105.245.123:9618?addrs=128.105.245.123-9618&alias=e323.chtc.wisc.edu&noUDP&sock=slot1_15_10718_8ced_12971>
...
040 (7915186.000.000) 2022-01-03 10:13:59 Started transferring input files
	Seconds spent in queue: 97
...
040 (7915186.000.000) 2022-01-03 10:15:11 Finished transferring input files
...
001 (7915186.000.000) 2022-01-03 10:15:12 Job executing on host: <128.105.245.123:9618?addrs=128.105.245.123-9618&alias=e323.chtc.wisc.edu&noUDP&sock=startd_2500_5edb>
...
006 (7915186.000.000) 2022-01-03 10:15:20 Image size of job updated: 613760
	466  -  MemoryUsage of job (MB)
	476876  -  ResidentSetSize of job (KB)
...
006 (7915186.000.000) 2022-01-03 10:15:36 Image size of job updated: 1171992
	470  -  MemoryUsage of job (MB)
	480704  -  ResidentSetSize of job (KB)
...
040 (7915186.000.000) 2022-01-03 10:15:36 Started transferring output files
	Seconds spent in queue: 194
...
040 (7915186.000.000) 2022-01-03 10:15:36 Finished transferring output files
...
005 (7915186.000.000) 2022-01-03 10:15:36 Job terminated.
	(1) Normal termination (return value 0)
		Usr 0 00:00:16, Sys 0 00:00:01  -  Run Remote Usage
		Usr 0 00:00:00, Sys 0 00:00:00  -  Run Local Usage
		Usr 0 00:00:16, Sys 0 00:00:01  -  Total Remote Usage
		Usr 0 00:00:00, Sys 0 00:00:00  -  Total Local Usage
	157392  -  Run Bytes Sent By Job
	315491744  -  Run Bytes Received By Job
	157392  -  Total Bytes Sent By Job
	315491744  -  Total Bytes Received By Job
	Partitionable Resources :     Usage  Request Allocated 
	   Cpus                 :      0.11        1         1 
	   Disk (KB)            : 308311     2048000   2312196 
	   IoHeavy              :                            0 
	   Memory (MB)          :    470        1992      2048 

	Job terminated of its own accord at 2022-01-03T16:15:36Z.
...
