000 (7915084.000.000) 2022-01-03 10:09:43 Job submitted from host: <144.92.181.245:9618?addrs=144.92.181.245-9618+[2607-f388-101c-1000--372]-9618&alias=login06.hep.wisc.edu&noUDP&sock=schedd_913429_e58e>
...
040 (7915084.000.000) 2022-01-03 10:11:01 Entered queue to transfer input files
	Transferring to host: <128.105.68.131:9618?addrs=128.105.68.131-9618&alias=e2437.chtc.wisc.edu&noUDP&sock=slot1_8_10945_7e16_13673>
...
040 (7915084.000.000) 2022-01-03 10:11:26 Started transferring input files
	Seconds spent in queue: 25
...
040 (7915084.000.000) 2022-01-03 10:16:52 Finished transferring input files
...
001 (7915084.000.000) 2022-01-03 10:16:53 Job executing on host: <128.105.68.131:9618?addrs=128.105.68.131-9618&alias=e2437.chtc.wisc.edu&noUDP&sock=startd_2374_f1ec>
...
006 (7915084.000.000) 2022-01-03 10:17:01 Image size of job updated: 542680
	397  -  MemoryUsage of job (MB)
	405532  -  ResidentSetSize of job (KB)
...
006 (7915084.000.000) 2022-01-03 10:17:07 Image size of job updated: 1155648
	397  -  MemoryUsage of job (MB)
	405532  -  ResidentSetSize of job (KB)
...
040 (7915084.000.000) 2022-01-03 10:17:07 Started transferring output files
	Seconds spent in queue: 366
...
040 (7915084.000.000) 2022-01-03 10:17:07 Finished transferring output files
...
005 (7915084.000.000) 2022-01-03 10:17:07 Job terminated.
	(1) Normal termination (return value 0)
		Usr 0 00:00:05, Sys 0 00:00:01  -  Run Remote Usage
		Usr 0 00:00:00, Sys 0 00:00:00  -  Run Local Usage
		Usr 0 00:00:05, Sys 0 00:00:01  -  Total Remote Usage
		Usr 0 00:00:00, Sys 0 00:00:00  -  Total Local Usage
	125465  -  Run Bytes Sent By Job
	315491776  -  Run Bytes Received By Job
	125465  -  Total Bytes Sent By Job
	315491776  -  Total Bytes Received By Job
	Partitionable Resources :     Usage  Request Allocated 
	   Cpus                 :      0.04        1         1 
	   Disk (KB)            : 308280     2048000   2351453 
	   IoHeavy              :                            0 
	   Memory (MB)          :    397        1992      2048 

	Job terminated of its own accord at 2022-01-03T16:17:07Z.
...
