000 (7915173.000.000) 2022-01-03 10:11:13 Job submitted from host: <144.92.181.245:9618?addrs=144.92.181.245-9618+[2607-f388-101c-1000--372]-9618&alias=login06.hep.wisc.edu&noUDP&sock=schedd_913429_e58e>
...
040 (7915173.000.000) 2022-01-03 10:11:40 Entered queue to transfer input files
	Transferring to host: <128.105.245.70:9618?addrs=128.105.245.70-9618&alias=e270.chtc.wisc.edu&noUDP&sock=slot1_20_23828_bb42_13380>
...
040 (7915173.000.000) 2022-01-03 10:13:14 Started transferring input files
	Seconds spent in queue: 94
...
040 (7915173.000.000) 2022-01-03 10:17:43 Finished transferring input files
...
001 (7915173.000.000) 2022-01-03 10:17:44 Job executing on host: <128.105.245.70:9618?addrs=128.105.245.70-9618&alias=e270.chtc.wisc.edu&noUDP&sock=startd_4831_3e1e>
...
006 (7915173.000.000) 2022-01-03 10:17:52 Image size of job updated: 802020
	396  -  MemoryUsage of job (MB)
	405432  -  ResidentSetSize of job (KB)
...
006 (7915173.000.000) 2022-01-03 10:20:17 Image size of job updated: 1175992
	396  -  MemoryUsage of job (MB)
	405432  -  ResidentSetSize of job (KB)
...
040 (7915173.000.000) 2022-01-03 10:20:17 Started transferring output files
	Seconds spent in queue: 517
...
040 (7915173.000.000) 2022-01-03 10:20:18 Finished transferring output files
...
005 (7915173.000.000) 2022-01-03 10:20:18 Job terminated.
	(1) Normal termination (return value 0)
		Usr 0 00:02:10, Sys 0 00:00:05  -  Run Remote Usage
		Usr 0 00:00:00, Sys 0 00:00:00  -  Run Local Usage
		Usr 0 00:02:10, Sys 0 00:00:05  -  Total Remote Usage
		Usr 0 00:00:00, Sys 0 00:00:00  -  Total Local Usage
	161219  -  Run Bytes Sent By Job
	315491776  -  Run Bytes Received By Job
	161219  -  Total Bytes Sent By Job
	315491776  -  Total Bytes Received By Job
	Partitionable Resources :     Usage  Request Allocated 
	   Cpus                 :      0.92        1         1 
	   Disk (KB)            : 308315     2048000   2314448 
	   IoHeavy              :                            0 
	   Memory (MB)          :    396        1992      2048 

	Job terminated of its own accord at 2022-01-03T16:20:17Z.
...
