000 (7915242.000.000) 2022-01-03 10:13:45 Job submitted from host: <144.92.181.245:9618?addrs=144.92.181.245-9618+[2607-f388-101c-1000--372]-9618&alias=login06.hep.wisc.edu&noUDP&sock=schedd_913429_e58e>
...
040 (7915242.000.000) 2022-01-03 10:13:55 Entered queue to transfer input files
	Transferring to host: <128.104.100.33:9618?addrs=128.104.100.33-9618+[2607-f388-107c-501-62eb-69ff-fe81-f370]-9618&alias=e0003.chtc.wisc.edu&noUDP&sock=slot1_3_4451_e1ce_9988>
...
040 (7915242.000.000) 2022-01-03 10:17:20 Started transferring input files
	Seconds spent in queue: 205
...
040 (7915242.000.000) 2022-01-03 10:19:39 Finished transferring input files
...
001 (7915242.000.000) 2022-01-03 10:19:40 Job executing on host: <128.104.100.33:9618?addrs=128.104.100.33-9618+[2607-f388-107c-501-62eb-69ff-fe81-f370]-9618&alias=e0003.chtc.wisc.edu&noUDP&sock=startd_3930_3b49>
...
006 (7915242.000.000) 2022-01-03 10:19:50 Image size of job updated: 1173232
	491  -  MemoryUsage of job (MB)
	502744  -  ResidentSetSize of job (KB)
...
006 (7915242.000.000) 2022-01-03 10:23:59 Image size of job updated: 1185748
	491  -  MemoryUsage of job (MB)
	502744  -  ResidentSetSize of job (KB)
...
040 (7915242.000.000) 2022-01-03 10:23:59 Started transferring output files
	Seconds spent in queue: 604
...
040 (7915242.000.000) 2022-01-03 10:23:59 Finished transferring output files
...
005 (7915242.000.000) 2022-01-03 10:23:59 Job terminated.
	(1) Normal termination (return value 0)
		Usr 0 00:02:43, Sys 0 00:00:11  -  Run Remote Usage
		Usr 0 00:00:00, Sys 0 00:00:00  -  Run Local Usage
		Usr 0 00:02:43, Sys 0 00:00:11  -  Total Remote Usage
		Usr 0 00:00:00, Sys 0 00:00:00  -  Total Local Usage
	160040  -  Run Bytes Sent By Job
	315491744  -  Run Bytes Received By Job
	160040  -  Total Bytes Sent By Job
	315491744  -  Total Bytes Received By Job
	Partitionable Resources :     Usage  Request Allocated 
	   Cpus                 :      0.64        1         1 
	   Disk (KB)            : 308315     2048000   2702507 
	   IoHeavy              :                            0 
	   Memory (MB)          :    491        1992      2048 

	Job terminated of its own accord at 2022-01-03T16:23:59Z.
...
