000 (7915132.000.000) 2022-01-03 10:10:08 Job submitted from host: <144.92.181.245:9618?addrs=144.92.181.245-9618+[2607-f388-101c-1000--372]-9618&alias=login06.hep.wisc.edu&noUDP&sock=schedd_913429_e58e>
...
040 (7915132.000.000) 2022-01-03 10:11:01 Entered queue to transfer input files
	Transferring to host: <128.105.245.154:9618?addrs=128.105.245.154-9618&alias=e2354.chtc.wisc.edu&noUDP&sock=slot1_7_9011_d088_13349>
...
040 (7915132.000.000) 2022-01-03 10:11:11 Started transferring input files
	Seconds spent in queue: 10
...
040 (7915132.000.000) 2022-01-03 10:12:32 Finished transferring input files
...
001 (7915132.000.000) 2022-01-03 10:12:33 Job executing on host: <128.105.245.154:9618?addrs=128.105.245.154-9618&alias=e2354.chtc.wisc.edu&noUDP&sock=startd_2983_ab19>
...
006 (7915132.000.000) 2022-01-03 10:12:43 Image size of job updated: 1284
	1  -  MemoryUsage of job (MB)
	580  -  ResidentSetSize of job (KB)
...
006 (7915132.000.000) 2022-01-03 10:13:48 Image size of job updated: 1171336
	1  -  MemoryUsage of job (MB)
	580  -  ResidentSetSize of job (KB)
...
040 (7915132.000.000) 2022-01-03 10:13:49 Started transferring output files
	Seconds spent in queue: 168
...
040 (7915132.000.000) 2022-01-03 10:13:49 Finished transferring output files
...
005 (7915132.000.000) 2022-01-03 10:13:50 Job terminated.
	(1) Normal termination (return value 0)
		Usr 0 00:00:10, Sys 0 00:00:02  -  Run Remote Usage
		Usr 0 00:00:00, Sys 0 00:00:00  -  Run Local Usage
		Usr 0 00:00:10, Sys 0 00:00:02  -  Total Remote Usage
		Usr 0 00:00:00, Sys 0 00:00:00  -  Total Local Usage
	85962  -  Run Bytes Sent By Job
	315491776  -  Run Bytes Received By Job
	85962  -  Total Bytes Sent By Job
	315491776  -  Total Bytes Received By Job
	Partitionable Resources :     Usage  Request Allocated 
	   Cpus                 :      0.03        1         1 
	   Disk (KB)            : 308242     2048000   2337904 
	   IoHeavy              :                            0 
	   Memory (MB)          :      1        1992      2048 

	Job terminated of its own accord at 2022-01-03T16:13:48Z.
...
