000 (7915144.000.000) 2022-01-03 10:10:15 Job submitted from host: <144.92.181.245:9618?addrs=144.92.181.245-9618+[2607-f388-101c-1000--372]-9618&alias=login06.hep.wisc.edu&noUDP&sock=schedd_913429_e58e>
...
040 (7915144.000.000) 2022-01-03 10:10:40 Started transferring input files
	Transferring to host: <128.104.58.35:9618?addrs=128.104.58.35-9618+[2607-f388-1086-0-a6ba-dbff-fe38-e86f]-9618&alias=e025.chtc.wisc.edu&noUDP&sock=slot1_2_13808_bc2b_13412>
...
040 (7915144.000.000) 2022-01-03 10:14:38 Finished transferring input files
...
001 (7915144.000.000) 2022-01-03 10:14:39 Job executing on host: <128.104.58.35:9618?addrs=128.104.58.35-9618+[2607-f388-1086-0-a6ba-dbff-fe38-e86f]-9618&alias=e025.chtc.wisc.edu&noUDP&sock=startd_4895_242e>
...
006 (7915144.000.000) 2022-01-03 10:14:48 Image size of job updated: 642388
	486  -  MemoryUsage of job (MB)
	497384  -  ResidentSetSize of job (KB)
...
006 (7915144.000.000) 2022-01-03 10:15:00 Image size of job updated: 1172768
	486  -  MemoryUsage of job (MB)
	497384  -  ResidentSetSize of job (KB)
...
040 (7915144.000.000) 2022-01-03 10:15:00 Started transferring output files
...
040 (7915144.000.000) 2022-01-03 10:15:00 Finished transferring output files
...
005 (7915144.000.000) 2022-01-03 10:15:01 Job terminated.
	(1) Normal termination (return value 0)
		Usr 0 00:00:09, Sys 0 00:00:01  -  Run Remote Usage
		Usr 0 00:00:00, Sys 0 00:00:00  -  Run Local Usage
		Usr 0 00:00:09, Sys 0 00:00:01  -  Total Remote Usage
		Usr 0 00:00:00, Sys 0 00:00:00  -  Total Local Usage
	108243  -  Run Bytes Sent By Job
	315491776  -  Run Bytes Received By Job
	108243  -  Total Bytes Sent By Job
	315491776  -  Total Bytes Received By Job
	Partitionable Resources :     Usage  Request Allocated 
	   Cpus                 :      0.03        1         1 
	   Disk (KB)            : 308264     2048000   2692864 
	   IoHeavy              :                            0 
	   Memory (MB)          :    486        1992      2048 

	Job terminated of its own accord at 2022-01-03T16:15:00Z.
...
