000 (7915142.000.000) 2022-01-03 10:10:14 Job submitted from host: <144.92.181.245:9618?addrs=144.92.181.245-9618+[2607-f388-101c-1000--372]-9618&alias=login06.hep.wisc.edu&noUDP&sock=schedd_913429_e58e>
...
040 (7915142.000.000) 2022-01-03 10:10:51 Started transferring input files
	Transferring to host: <128.105.68.135:9618?addrs=128.105.68.135-9618&alias=e2433.chtc.wisc.edu&noUDP&sock=slot1_1_17713_2929_12742>
...
040 (7915142.000.000) 2022-01-03 10:14:04 Finished transferring input files
...
001 (7915142.000.000) 2022-01-03 10:14:05 Job executing on host: <128.105.68.135:9618?addrs=128.105.68.135-9618&alias=e2433.chtc.wisc.edu&noUDP&sock=startd_2483_b5bf>
...
006 (7915142.000.000) 2022-01-03 10:14:14 Image size of job updated: 933096
	396  -  MemoryUsage of job (MB)
	404636  -  ResidentSetSize of job (KB)
...
006 (7915142.000.000) 2022-01-03 10:14:53 Image size of job updated: 1173104
	396  -  MemoryUsage of job (MB)
	404636  -  ResidentSetSize of job (KB)
...
040 (7915142.000.000) 2022-01-03 10:14:53 Started transferring output files
...
040 (7915142.000.000) 2022-01-03 10:14:53 Finished transferring output files
...
005 (7915142.000.000) 2022-01-03 10:14:54 Job terminated.
	(1) Normal termination (return value 0)
		Usr 0 00:00:34, Sys 0 00:00:02  -  Run Remote Usage
		Usr 0 00:00:00, Sys 0 00:00:00  -  Run Local Usage
		Usr 0 00:00:34, Sys 0 00:00:02  -  Total Remote Usage
		Usr 0 00:00:00, Sys 0 00:00:00  -  Total Local Usage
	134379  -  Run Bytes Sent By Job
	315491776  -  Run Bytes Received By Job
	134379  -  Total Bytes Sent By Job
	315491776  -  Total Bytes Received By Job
	Partitionable Resources :     Usage  Request Allocated 
	   Cpus                 :      0.04        1         1 
	   Disk (KB)            : 308289     2048000   2341253 
	   IoHeavy              :                            0 
	   Memory (MB)          :    396        1992      2048 

	Job terminated of its own accord at 2022-01-03T16:14:53Z.
...
