000 (7915217.000.000) 2022-01-03 10:12:48 Job submitted from host: <144.92.181.245:9618?addrs=144.92.181.245-9618+[2607-f388-101c-1000--372]-9618&alias=login06.hep.wisc.edu&noUDP&sock=schedd_913429_e58e>
...
040 (7915217.000.000) 2022-01-03 10:13:28 Entered queue to transfer input files
	Transferring to host: <128.104.58.147:9618?addrs=128.104.58.147-9618+[2607-f388-1086-0-62eb-69ff-fe82-54bd]-9618&alias=e563.chtc.wisc.edu&noUDP&sock=slot1_9_26998_4883_12237>
...
040 (7915217.000.000) 2022-01-03 10:16:00 Started transferring input files
	Seconds spent in queue: 152
...
040 (7915217.000.000) 2022-01-03 10:19:15 Finished transferring input files
...
001 (7915217.000.000) 2022-01-03 10:19:16 Job executing on host: <128.104.58.147:9618?addrs=128.104.58.147-9618+[2607-f388-1086-0-62eb-69ff-fe82-54bd]-9618&alias=e563.chtc.wisc.edu&noUDP&sock=startd_2009_95db>
...
006 (7915217.000.000) 2022-01-03 10:19:25 Image size of job updated: 580656
	435  -  MemoryUsage of job (MB)
	444696  -  ResidentSetSize of job (KB)
...
006 (7915217.000.000) 2022-01-03 10:19:28 Image size of job updated: 1151472
	436  -  MemoryUsage of job (MB)
	446148  -  ResidentSetSize of job (KB)
...
040 (7915217.000.000) 2022-01-03 10:19:29 Started transferring output files
	Seconds spent in queue: 361
...
040 (7915217.000.000) 2022-01-03 10:19:29 Finished transferring output files
...
005 (7915217.000.000) 2022-01-03 10:19:29 Job terminated.
	(1) Normal termination (return value 0)
		Usr 0 00:00:08, Sys 0 00:00:01  -  Run Remote Usage
		Usr 0 00:00:00, Sys 0 00:00:00  -  Run Local Usage
		Usr 0 00:00:08, Sys 0 00:00:01  -  Total Remote Usage
		Usr 0 00:00:00, Sys 0 00:00:00  -  Total Local Usage
	136348  -  Run Bytes Sent By Job
	315491776  -  Run Bytes Received By Job
	136348  -  Total Bytes Sent By Job
	315491776  -  Total Bytes Received By Job
	Partitionable Resources :     Usage  Request Allocated 
	   Cpus                 :      0.05        1         1 
	   Disk (KB)            : 308291     2048000  18471093 
	   IoHeavy              :                            0 
	   Memory (MB)          :    436        1992      2048 

	Job terminated of its own accord at 2022-01-03T16:19:28Z.
...
