000 (7915075.000.000) 2022-01-03 10:09:38 Job submitted from host: <144.92.181.245:9618?addrs=144.92.181.245-9618+[2607-f388-101c-1000--372]-9618&alias=login06.hep.wisc.edu&noUDP&sock=schedd_913429_e58e>
...
040 (7915075.000.000) 2022-01-03 10:10:32 Started transferring input files
	Transferring to host: <128.104.58.14:9618?addrs=128.104.58.14-9618+[2607-f388-1086-0-a6ba-dbff-fe38-e21a]-9618&alias=e1066.chtc.wisc.edu&noUDP&sock=slot1_3_15462_20ae_13593>
...
040 (7915075.000.000) 2022-01-03 10:19:01 Finished transferring input files
...
001 (7915075.000.000) 2022-01-03 10:19:02 Job executing on host: <128.104.58.14:9618?addrs=128.104.58.14-9618+[2607-f388-1086-0-a6ba-dbff-fe38-e21a]-9618&alias=e1066.chtc.wisc.edu&noUDP&sock=startd_4959_0a3d>
...
006 (7915075.000.000) 2022-01-03 10:19:10 Image size of job updated: 228612
	26  -  MemoryUsage of job (MB)
	25852  -  ResidentSetSize of job (KB)
...
006 (7915075.000.000) 2022-01-03 10:19:26 Image size of job updated: 1183100
	26  -  MemoryUsage of job (MB)
	25852  -  ResidentSetSize of job (KB)
...
040 (7915075.000.000) 2022-01-03 10:19:26 Started transferring output files
...
040 (7915075.000.000) 2022-01-03 10:19:26 Finished transferring output files
...
005 (7915075.000.000) 2022-01-03 10:19:26 Job terminated.
	(1) Normal termination (return value 0)
		Usr 0 00:00:05, Sys 0 00:00:01  -  Run Remote Usage
		Usr 0 00:00:00, Sys 0 00:00:00  -  Run Local Usage
		Usr 0 00:00:05, Sys 0 00:00:01  -  Total Remote Usage
		Usr 0 00:00:00, Sys 0 00:00:00  -  Total Local Usage
	120705  -  Run Bytes Sent By Job
	315491776  -  Run Bytes Received By Job
	120705  -  Total Bytes Sent By Job
	315491776  -  Total Bytes Received By Job
	Partitionable Resources :     Usage  Request Allocated 
	   Cpus                 :      0.01        1         1 
	   Disk (KB)            : 308275     2048000   2716829 
	   Memory (MB)          :     26        1992      2048 

	Job terminated of its own accord at 2022-01-03T16:19:26Z.
...
