000 (7915213.000.000) 2022-01-03 10:12:41 Job submitted from host: <144.92.181.245:9618?addrs=144.92.181.245-9618+[2607-f388-101c-1000--372]-9618&alias=login06.hep.wisc.edu&noUDP&sock=schedd_913429_e58e>
...
040 (7915213.000.000) 2022-01-03 10:13:09 Entered queue to transfer input files
	Transferring to host: <128.105.68.121:9618?addrs=128.105.68.121-9618&alias=e447.chtc.wisc.edu&noUDP&sock=slot1_7_13561_b381_13127>
...
040 (7915213.000.000) 2022-01-03 10:15:56 Started transferring input files
	Seconds spent in queue: 167
...
040 (7915213.000.000) 2022-01-03 10:17:06 Finished transferring input files
...
001 (7915213.000.000) 2022-01-03 10:17:07 Job executing on host: <128.105.68.121:9618?addrs=128.105.68.121-9618&alias=e447.chtc.wisc.edu&noUDP&sock=startd_3005_c22f>
...
006 (7915213.000.000) 2022-01-03 10:17:16 Image size of job updated: 560756
	414  -  MemoryUsage of job (MB)
	422948  -  ResidentSetSize of job (KB)
...
006 (7915213.000.000) 2022-01-03 10:17:23 Image size of job updated: 1153896
	414  -  MemoryUsage of job (MB)
	422948  -  ResidentSetSize of job (KB)
...
040 (7915213.000.000) 2022-01-03 10:17:23 Started transferring output files
	Seconds spent in queue: 254
...
040 (7915213.000.000) 2022-01-03 10:17:23 Finished transferring output files
...
005 (7915213.000.000) 2022-01-03 10:17:23 Job terminated.
	(1) Normal termination (return value 0)
		Usr 0 00:00:04, Sys 0 00:00:01  -  Run Remote Usage
		Usr 0 00:00:00, Sys 0 00:00:00  -  Run Local Usage
		Usr 0 00:00:04, Sys 0 00:00:01  -  Total Remote Usage
		Usr 0 00:00:00, Sys 0 00:00:00  -  Total Local Usage
	115800  -  Run Bytes Sent By Job
	315491776  -  Run Bytes Received By Job
	115800  -  Total Bytes Sent By Job
	315491776  -  Total Bytes Received By Job
	Partitionable Resources :    Usage  Request Allocated 
	   Cpus                 :        0        1         1 
	   Disk (KB)            :   308271  2048000   2370882 
	   IoHeavy              :                           0 
	   Memory (MB)          :      414     1992      2048 

	Job terminated of its own accord at 2022-01-03T16:17:23Z.
...
