000 (7915098.000.000) 2022-01-03 10:09:50 Job submitted from host: <144.92.181.245:9618?addrs=144.92.181.245-9618+[2607-f388-101c-1000--372]-9618&alias=login06.hep.wisc.edu&noUDP&sock=schedd_913429_e58e>
...
040 (7915098.000.000) 2022-01-03 10:11:01 Entered queue to transfer input files
	Transferring to host: <128.105.68.120:9618?addrs=128.105.68.120-9618&alias=e2448.chtc.wisc.edu&noUDP&sock=slot1_11_38839_56c4_13953>
...
040 (7915098.000.000) 2022-01-03 10:11:49 Started transferring input files
	Seconds spent in queue: 48
...
040 (7915098.000.000) 2022-01-03 10:13:10 Finished transferring input files
...
001 (7915098.000.000) 2022-01-03 10:13:11 Job executing on host: <128.105.68.120:9618?addrs=128.105.68.120-9618&alias=e2448.chtc.wisc.edu&noUDP&sock=startd_2468_6bd3>
...
006 (7915098.000.000) 2022-01-03 10:13:19 Image size of job updated: 654900
	396  -  MemoryUsage of job (MB)
	405288  -  ResidentSetSize of job (KB)
...
006 (7915098.000.000) 2022-01-03 10:13:35 Image size of job updated: 1196412
	396  -  MemoryUsage of job (MB)
	405288  -  ResidentSetSize of job (KB)
...
040 (7915098.000.000) 2022-01-03 10:13:35 Started transferring output files
	Seconds spent in queue: 154
...
040 (7915098.000.000) 2022-01-03 10:13:35 Finished transferring output files
...
005 (7915098.000.000) 2022-01-03 10:13:37 Job terminated.
	(1) Normal termination (return value 0)
		Usr 0 00:00:13, Sys 0 00:00:01  -  Run Remote Usage
		Usr 0 00:00:00, Sys 0 00:00:00  -  Run Local Usage
		Usr 0 00:00:13, Sys 0 00:00:01  -  Total Remote Usage
		Usr 0 00:00:00, Sys 0 00:00:00  -  Total Local Usage
	142549  -  Run Bytes Sent By Job
	315491744  -  Run Bytes Received By Job
	142549  -  Total Bytes Sent By Job
	315491744  -  Total Bytes Received By Job
	Partitionable Resources :    Usage  Request Allocated 
	   Cpus                 :        0        1         1 
	   Disk (KB)            :   308297  2048000   2407918 
	   IoHeavy              :                           0 
	   Memory (MB)          :      396     1992      2048 

	Job terminated of its own accord at 2022-01-03T16:13:35Z.
...
