000 (7915231.000.000) 2022-01-03 10:13:25 Job submitted from host: <144.92.181.245:9618?addrs=144.92.181.245-9618+[2607-f388-101c-1000--372]-9618&alias=login06.hep.wisc.edu&noUDP&sock=schedd_913429_e58e>
...
040 (7915231.000.000) 2022-01-03 10:13:46 Entered queue to transfer input files
	Transferring to host: <128.104.101.133:9618?addrs=128.104.101.133-9618+[2607-f388-107c-501-4603-a7ff-fe29-a983]-9618&alias=e133.chtc.wisc.edu&noUDP&sock=slot1_10_3051_7495_9808>
...
040 (7915231.000.000) 2022-01-03 10:16:05 Started transferring input files
	Seconds spent in queue: 139
...
040 (7915231.000.000) 2022-01-03 10:18:47 Finished transferring input files
...
001 (7915231.000.000) 2022-01-03 10:18:48 Job executing on host: <128.104.101.133:9618?addrs=128.104.101.133-9618+[2607-f388-107c-501-4603-a7ff-fe29-a983]-9618&alias=e133.chtc.wisc.edu&noUDP&sock=startd_1873_4cf9>
...
006 (7915231.000.000) 2022-01-03 10:18:57 Image size of job updated: 652680
	490  -  MemoryUsage of job (MB)
	501416  -  ResidentSetSize of job (KB)
...
006 (7915231.000.000) 2022-01-03 10:20:58 Image size of job updated: 1185628
	490  -  MemoryUsage of job (MB)
	501416  -  ResidentSetSize of job (KB)
...
040 (7915231.000.000) 2022-01-03 10:20:58 Started transferring output files
	Seconds spent in queue: 432
...
040 (7915231.000.000) 2022-01-03 10:20:58 Finished transferring output files
...
005 (7915231.000.000) 2022-01-03 10:20:58 Job terminated.
	(1) Normal termination (return value 0)
		Usr 0 00:01:10, Sys 0 00:00:09  -  Run Remote Usage
		Usr 0 00:00:00, Sys 0 00:00:00  -  Run Local Usage
		Usr 0 00:01:10, Sys 0 00:00:09  -  Total Remote Usage
		Usr 0 00:00:00, Sys 0 00:00:00  -  Total Local Usage
	140168  -  Run Bytes Sent By Job
	315491712  -  Run Bytes Received By Job
	140168  -  Total Bytes Sent By Job
	315491712  -  Total Bytes Received By Job
	Partitionable Resources :     Usage  Request Allocated 
	   Cpus                 :      0.04        1         1 
	   Disk (KB)            : 308295     2048000   3399596 
	   IoHeavy              :                            0 
	   Memory (MB)          :    490        1992      2048 

	Job terminated of its own accord at 2022-01-03T16:20:58Z.
...
