000 (7915206.000.000) 2022-01-03 10:12:25 Job submitted from host: <144.92.181.245:9618?addrs=144.92.181.245-9618+[2607-f388-101c-1000--372]-9618&alias=login06.hep.wisc.edu&noUDP&sock=schedd_913429_e58e>
...
040 (7915206.000.000) 2022-01-03 10:12:39 Entered queue to transfer input files
	Transferring to host: <128.105.245.110:9618?addrs=128.105.245.110-9618&alias=e310.chtc.wisc.edu&noUDP&sock=slot1_4_29899_4cd9_13049>
...
040 (7915206.000.000) 2022-01-03 10:14:57 Started transferring input files
	Seconds spent in queue: 138
...
040 (7915206.000.000) 2022-01-03 10:17:28 Finished transferring input files
...
001 (7915206.000.000) 2022-01-03 10:17:29 Job executing on host: <128.105.245.110:9618?addrs=128.105.245.110-9618&alias=e310.chtc.wisc.edu&noUDP&sock=startd_2776_aefe>
...
006 (7915206.000.000) 2022-01-03 10:17:38 Image size of job updated: 642388
	397  -  MemoryUsage of job (MB)
	406004  -  ResidentSetSize of job (KB)
...
006 (7915206.000.000) 2022-01-03 10:17:59 Image size of job updated: 1159616
	397  -  MemoryUsage of job (MB)
	406004  -  ResidentSetSize of job (KB)
...
040 (7915206.000.000) 2022-01-03 10:17:59 Started transferring output files
	Seconds spent in queue: 320
...
040 (7915206.000.000) 2022-01-03 10:17:59 Finished transferring output files
...
005 (7915206.000.000) 2022-01-03 10:17:59 Job terminated.
	(1) Normal termination (return value 0)
		Usr 0 00:00:18, Sys 0 00:00:01  -  Run Remote Usage
		Usr 0 00:00:00, Sys 0 00:00:00  -  Run Local Usage
		Usr 0 00:00:18, Sys 0 00:00:01  -  Total Remote Usage
		Usr 0 00:00:00, Sys 0 00:00:00  -  Total Local Usage
	164141  -  Run Bytes Sent By Job
	315491744  -  Run Bytes Received By Job
	164141  -  Total Bytes Sent By Job
	315491744  -  Total Bytes Received By Job
	Partitionable Resources :     Usage  Request Allocated 
	   Cpus                 :      0.06        1         1 
	   Disk (KB)            : 308318     2048000   2327966 
	   IoHeavy              :                            0 
	   Memory (MB)          :    397        1992      2048 

	Job terminated of its own accord at 2022-01-03T16:17:59Z.
...
