000 (7915044.000.000) 2022-01-03 10:09:23 Job submitted from host: <144.92.181.245:9618?addrs=144.92.181.245-9618+[2607-f388-101c-1000--372]-9618&alias=login06.hep.wisc.edu&noUDP&sock=schedd_913429_e58e>
...
040 (7915044.000.000) 2022-01-03 10:10:18 Started transferring input files
	Transferring to host: <128.105.245.139:9618?addrs=128.105.245.139-9618&alias=e2339.chtc.wisc.edu&noUDP&sock=slot1_19_2371_5579_12997>
...
040 (7915044.000.000) 2022-01-03 10:12:47 Finished transferring input files
...
001 (7915044.000.000) 2022-01-03 10:12:48 Job executing on host: <128.105.245.139:9618?addrs=128.105.245.139-9618&alias=e2339.chtc.wisc.edu&noUDP&sock=startd_2257_b157>
...
006 (7915044.000.000) 2022-01-03 10:12:58 Image size of job updated: 446308
	293  -  MemoryUsage of job (MB)
	299392  -  ResidentSetSize of job (KB)
...
006 (7915044.000.000) 2022-01-03 10:13:45 Image size of job updated: 1176152
	304  -  MemoryUsage of job (MB)
	310348  -  ResidentSetSize of job (KB)
...
040 (7915044.000.000) 2022-01-03 10:13:45 Started transferring output files
...
040 (7915044.000.000) 2022-01-03 10:13:46 Finished transferring output files
...
005 (7915044.000.000) 2022-01-03 10:13:47 Job terminated.
	(1) Normal termination (return value 0)
		Usr 0 00:00:26, Sys 0 00:00:03  -  Run Remote Usage
		Usr 0 00:00:00, Sys 0 00:00:00  -  Run Local Usage
		Usr 0 00:00:26, Sys 0 00:00:03  -  Total Remote Usage
		Usr 0 00:00:00, Sys 0 00:00:00  -  Total Local Usage
	160755  -  Run Bytes Sent By Job
	315491744  -  Run Bytes Received By Job
	160755  -  Total Bytes Sent By Job
	315491744  -  Total Bytes Received By Job
	Partitionable Resources :     Usage  Request Allocated 
	   Cpus                 :      0.08        1         1 
	   Disk (KB)            : 308314     2048000   2314474 
	   IoHeavy              :                            0 
	   Memory (MB)          :    304        1992      2048 

	Job terminated of its own accord at 2022-01-03T16:13:45Z.
...
