000 (7915058.000.000) 2022-01-03 10:09:30 Job submitted from host: <144.92.181.245:9618?addrs=144.92.181.245-9618+[2607-f388-101c-1000--372]-9618&alias=login06.hep.wisc.edu&noUDP&sock=schedd_913429_e58e>
...
040 (7915058.000.000) 2022-01-03 10:10:16 Started transferring input files
	Transferring to host: <128.105.245.77:9618?addrs=128.105.245.77-9618&alias=e277.chtc.wisc.edu&noUDP&sock=slot1_15_8978_9026_13443>
...
040 (7915058.000.000) 2022-01-03 10:18:29 Finished transferring input files
...
001 (7915058.000.000) 2022-01-03 10:18:30 Job executing on host: <128.105.245.77:9618?addrs=128.105.245.77-9618&alias=e277.chtc.wisc.edu&noUDP&sock=startd_2096_4298>
...
006 (7915058.000.000) 2022-01-03 10:18:39 Image size of job updated: 802028
	456  -  MemoryUsage of job (MB)
	466020  -  ResidentSetSize of job (KB)
...
006 (7915058.000.000) 2022-01-03 10:19:04 Image size of job updated: 1183396
	456  -  MemoryUsage of job (MB)
	466020  -  ResidentSetSize of job (KB)
...
040 (7915058.000.000) 2022-01-03 10:19:04 Started transferring output files
...
040 (7915058.000.000) 2022-01-03 10:19:04 Finished transferring output files
...
005 (7915058.000.000) 2022-01-03 10:19:04 Job terminated.
	(1) Normal termination (return value 0)
		Usr 0 00:00:21, Sys 0 00:00:02  -  Run Remote Usage
		Usr 0 00:00:00, Sys 0 00:00:00  -  Run Local Usage
		Usr 0 00:00:21, Sys 0 00:00:02  -  Total Remote Usage
		Usr 0 00:00:00, Sys 0 00:00:00  -  Total Local Usage
	159960  -  Run Bytes Sent By Job
	315491744  -  Run Bytes Received By Job
	159960  -  Total Bytes Sent By Job
	315491744  -  Total Bytes Received By Job
	Partitionable Resources :     Usage  Request Allocated 
	   Cpus                 :      0.70        1         1 
	   Disk (KB)            : 308314     2048000   2326135 
	   IoHeavy              :                            0 
	   Memory (MB)          :    456        1992      2048 

	Job terminated of its own accord at 2022-01-03T16:19:04Z.
...
