000 (5550951.081.000) 2022-11-22 05:48:07 Job submitted from host: <144.92.180.28:9618?addrs=144.92.180.28-9618+[2607-f388-101c-1000--370]-9618&alias=login04.hep.wisc.edu&noUDP&sock=schedd_3631_2478>
...
040 (5550951.081.000) 2022-11-22 06:33:13 Started transferring input files
	Transferring to host: <128.104.101.137:9618?addrs=128.104.101.137-9618+[2607-f388-107c-501-206-f6ff-fe30-aa79]-9618&alias=e0137.chtc.wisc.edu&noUDP&sock=slot1_3_31275_d111_49397>
...
040 (5550951.081.000) 2022-11-22 06:37:31 Finished transferring input files
...
001 (5550951.081.000) 2022-11-22 06:37:32 Job executing on host: <128.104.101.137:9618?addrs=128.104.101.137-9618+[2607-f388-107c-501-206-f6ff-fe30-aa79]-9618&alias=e0137.chtc.wisc.edu&noUDP&sock=startd_7090_ba8f>
...
006 (5550951.081.000) 2022-11-22 06:37:41 Image size of job updated: 1325128
	404  -  MemoryUsage of job (MB)
	412800  -  ResidentSetSize of job (KB)
...
006 (5550951.081.000) 2022-11-22 06:38:17 Image size of job updated: 1326740
	404  -  MemoryUsage of job (MB)
	412808  -  ResidentSetSize of job (KB)
...
040 (5550951.081.000) 2022-11-22 06:38:17 Started transferring output files
...
040 (5550951.081.000) 2022-11-22 06:38:17 Finished transferring output files
...
005 (5550951.081.000) 2022-11-22 06:38:17 Job terminated.
	(1) Normal termination (return value 0)
		Usr 0 00:00:16, Sys 0 00:00:04  -  Run Remote Usage
		Usr 0 00:00:00, Sys 0 00:00:00  -  Run Local Usage
		Usr 0 00:00:16, Sys 0 00:00:04  -  Total Remote Usage
		Usr 0 00:00:00, Sys 0 00:00:00  -  Total Local Usage
	569974  -  Run Bytes Sent By Job
	328686816  -  Run Bytes Received By Job
	569974  -  Total Bytes Sent By Job
	328686816  -  Total Bytes Received By Job
	Partitionable Resources :     Usage  Request Allocated 
	   Cpus                 :      0.58        1         1 
	   Disk (KB)            : 321608     2097152   3319818 
	   IoHeavy              :                            0 
	   Memory (MB)          :    404        2048      2048 

	Job terminated of its own accord at 2022-11-22T12:38:17Z.
...
