000 (5550950.006.000) 2022-11-22 05:47:25 Job submitted from host: <144.92.180.28:9618?addrs=144.92.180.28-9618+[2607-f388-101c-1000--370]-9618&alias=login04.hep.wisc.edu&noUDP&sock=schedd_3631_2478>
...
040 (5550950.006.000) 2022-11-22 05:49:44 Started transferring input files
	Transferring to host: <128.105.69.46:9618?addrs=128.105.69.46-9618+[2607-f388-2200-100-1e6a-7aff-fe21-b2bb]-9618&alias=e2370.chtc.wisc.edu&noUDP&sock=slot1_13_36130_9a76_32022>
...
040 (5550950.006.000) 2022-11-22 05:50:03 Finished transferring input files
...
001 (5550950.006.000) 2022-11-22 05:50:04 Job executing on host: <128.105.69.46:9618?addrs=128.105.69.46-9618+[2607-f388-2200-100-1e6a-7aff-fe21-b2bb]-9618&alias=e2370.chtc.wisc.edu&noUDP&sock=startd_7624_0222>
...
006 (5550950.006.000) 2022-11-22 05:50:13 Image size of job updated: 526484
	360  -  MemoryUsage of job (MB)
	368272  -  ResidentSetSize of job (KB)
...
006 (5550950.006.000) 2022-11-22 05:55:14 Image size of job updated: 1397664
	510  -  MemoryUsage of job (MB)
	521844  -  ResidentSetSize of job (KB)
...
006 (5550950.006.000) 2022-11-22 06:00:14 Image size of job updated: 1397968
	511  -  MemoryUsage of job (MB)
	522904  -  ResidentSetSize of job (KB)
...
006 (5550950.006.000) 2022-11-22 06:05:14 Image size of job updated: 1397968
	512  -  MemoryUsage of job (MB)
	523380  -  ResidentSetSize of job (KB)
...
040 (5550950.006.000) 2022-11-22 06:08:33 Started transferring output files
...
040 (5550950.006.000) 2022-11-22 06:08:34 Finished transferring output files
...
005 (5550950.006.000) 2022-11-22 06:08:34 Job terminated.
	(1) Normal termination (return value 0)
		Usr 0 00:04:44, Sys 0 00:01:04  -  Run Remote Usage
		Usr 0 00:00:00, Sys 0 00:00:00  -  Run Local Usage
		Usr 0 00:04:44, Sys 0 00:01:04  -  Total Remote Usage
		Usr 0 00:00:00, Sys 0 00:00:00  -  Total Local Usage
	938595  -  Run Bytes Sent By Job
	328686816  -  Run Bytes Received By Job
	938595  -  Total Bytes Sent By Job
	328686816  -  Total Bytes Received By Job
	Partitionable Resources :     Usage  Request Allocated 
	   Cpus                 :      0.37        1         1 
	   Disk (KB)            : 321967     2097152   2338885 
	   IoHeavy              :                            0 
	   Memory (MB)          :    512        2048      2048 

	Job terminated of its own accord at 2022-11-22T12:08:33Z.
...
