000 (5550950.028.000) 2022-11-22 05:47:25 Job submitted from host: <144.92.180.28:9618?addrs=144.92.180.28-9618+[2607-f388-101c-1000--370]-9618&alias=login04.hep.wisc.edu&noUDP&sock=schedd_3631_2478>
...
040 (5550950.028.000) 2022-11-22 05:54:07 Started transferring input files
	Transferring to host: <128.105.69.45:9618?addrs=128.105.69.45-9618+[2607-f388-2200-100-1e6a-7aff-fe26-6cf7]-9618&alias=e2369.chtc.wisc.edu&noUDP&sock=slot1_14_17018_786d_39090>
...
040 (5550950.028.000) 2022-11-22 05:54:28 Finished transferring input files
...
001 (5550950.028.000) 2022-11-22 05:54:29 Job executing on host: <128.105.69.45:9618?addrs=128.105.69.45-9618+[2607-f388-2200-100-1e6a-7aff-fe26-6cf7]-9618&alias=e2369.chtc.wisc.edu&noUDP&sock=startd_7718_7c09>
...
006 (5550950.028.000) 2022-11-22 05:54:38 Image size of job updated: 998312
	360  -  MemoryUsage of job (MB)
	367856  -  ResidentSetSize of job (KB)
...
006 (5550950.028.000) 2022-11-22 05:57:29 Image size of job updated: 1395048
	360  -  MemoryUsage of job (MB)
	367892  -  ResidentSetSize of job (KB)
...
040 (5550950.028.000) 2022-11-22 05:57:29 Started transferring output files
...
040 (5550950.028.000) 2022-11-22 05:57:29 Finished transferring output files
...
005 (5550950.028.000) 2022-11-22 05:57:29 Job terminated.
	(1) Normal termination (return value 0)
		Usr 0 00:00:49, Sys 0 00:00:12  -  Run Remote Usage
		Usr 0 00:00:00, Sys 0 00:00:00  -  Run Local Usage
		Usr 0 00:00:49, Sys 0 00:00:12  -  Total Remote Usage
		Usr 0 00:00:00, Sys 0 00:00:00  -  Total Local Usage
	9259  -  Run Bytes Sent By Job
	328686816  -  Run Bytes Received By Job
	9259  -  Total Bytes Sent By Job
	328686816  -  Total Bytes Received By Job
	Partitionable Resources :    Usage  Request Allocated 
	   Cpus                 :        0        1         1 
	   Disk (KB)            :   321060  2097152   2352454 
	   IoHeavy              :                           0 
	   Memory (MB)          :      360     2048      2048 

	Job terminated of its own accord at 2022-11-22T11:57:29Z.
...
