analyze_etau blinded_MET_EraE_0001_00 DATA
argc = 8
sp = 0
Systematics : V  Response NJet0 = 0.017
Systematics : V  Response NJet1 = 0.022
Systematics : V  Response NJetGe2 = 0.026
Systematics : V  Resolution NJet0 = 0.024
Systematics : V  Resolution NJet1 = 0.03
Systematics : V  Resolution NJetGe2 = 0.034
Systematics : EWK  Response NJet0 = 0.015
Systematics : EWK  Response NJet1 = 0.02
Systematics : EWK  Response NJetGe2 = 0.025
Systematics : EWK  Resolution NJet0 = 0.021
Systematics : EWK  Resolution NJet1 = 0.027
Systematics : EWK  Resolution NJetGe2 = 0.032
Systematics : TOP  Response NJet0 = 0.015
Systematics : TOP  Response NJet1 = 0.02
Systematics : TOP  Response NJetGe2 = 0.025
Systematics : TOP  Resolution NJet0 = 0.021
Systematics : TOP  Resolution NJet1 = 0.027
Systematics : TOP  Resolution NJetGe2 = 0.032
V_NJet0
V_NJet1
V_NJetGe2
EWK_NJet0
EWK_NJet1
EWK_NJetGe2
TOP_NJet0
TOP_NJet1
TOP_NJetGe2
All files added.
Initializing chain.
from Init DATA
sample ==========blinded_MET_EraE_0001_00
.... DATA file ..... 
Coming in: 
nentries:8928
Running over 8928 events.
Finished entry 0/8927
Finished entry 400/8927
Finished entry 800/8927
Finished entry 1200/8927
Finished entry 1600/8927
Finished entry 2000/8927
Finished entry 2400/8927
Finished entry 2800/8927
Finished entry 3200/8927
Finished entry 3600/8927
Finished entry 4000/8927
Finished entry 4400/8927
Finished entry 4800/8927
Finished entry 5200/8927
Finished entry 5600/8927
Finished entry 6000/8927
Finished entry 6400/8927
Finished entry 6800/8927
Finished entry 7200/8927
Finished entry 7600/8927
Finished entry 8000/8927
Finished entry 8400/8927
Finished entry 8800/8927
Finished entry 8927/8927
All events checked.
*******************************************
******************Jithin's original*************************
    Initial entries 8928.000000
   Passing smikking 0.000000
     GoodMuonPassed 0.000000   % change= 100.000000
      GoodTauPassed 0.000000   % change= -nan
         opp charge 0.000000   % change= -nan
 PassedThirdLepVeto 0.000000   % change= -nan
     PassedBjetVeto 0.000000   % change= -nan
       DeltaRPassed 0.000000   % change= -nan
      Total change :100.000000
*******************************************
*******************************************
Number of events inspected: 8928
Number of events inspected (minus negative gen. weights): 8928.000000
 Outpt written to blinded_MET_EraE_0001_00.root
Real time 0:03:33, CP time 18.070
1669120295 - 1669120063
