000 (5550951.079.000) 2022-11-22 05:48:07 Job submitted from host: <144.92.180.28:9618?addrs=144.92.180.28-9618+[2607-f388-101c-1000--370]-9618&alias=login04.hep.wisc.edu&noUDP&sock=schedd_3631_2478>
...
040 (5550951.079.000) 2022-11-22 06:33:10 Started transferring input files
	Transferring to host: <128.105.69.31:9618?addrs=128.105.69.31-9618+[2607-f388-2200-100-1e6a-7aff-fe26-c963]-9618&alias=e2353.chtc.wisc.edu&noUDP&sock=slot1_18_36371_68e0_37188>
...
040 (5550951.079.000) 2022-11-22 06:34:05 Finished transferring input files
...
001 (5550951.079.000) 2022-11-22 06:34:06 Job executing on host: <128.105.69.31:9618?addrs=128.105.69.31-9618+[2607-f388-2200-100-1e6a-7aff-fe26-c963]-9618&alias=e2353.chtc.wisc.edu&noUDP&sock=startd_7342_946d>
...
006 (5550951.079.000) 2022-11-22 06:34:15 Image size of job updated: 995524
	372  -  MemoryUsage of job (MB)
	380500  -  ResidentSetSize of job (KB)
...
006 (5550951.079.000) 2022-11-22 06:34:57 Image size of job updated: 1340948
	372  -  MemoryUsage of job (MB)
	380500  -  ResidentSetSize of job (KB)
...
040 (5550951.079.000) 2022-11-22 06:34:58 Started transferring output files
...
040 (5550951.079.000) 2022-11-22 06:34:58 Finished transferring output files
...
005 (5550951.079.000) 2022-11-22 06:34:58 Job terminated.
	(1) Normal termination (return value 0)
		Usr 0 00:00:17, Sys 0 00:00:04  -  Run Remote Usage
		Usr 0 00:00:00, Sys 0 00:00:00  -  Run Local Usage
		Usr 0 00:00:17, Sys 0 00:00:04  -  Total Remote Usage
		Usr 0 00:00:00, Sys 0 00:00:00  -  Total Local Usage
	9516  -  Run Bytes Sent By Job
	328686816  -  Run Bytes Received By Job
	9516  -  Total Bytes Sent By Job
	328686816  -  Total Bytes Received By Job
	Partitionable Resources :     Usage  Request Allocated 
	   Cpus                 :      0.15        1         1 
	   Disk (KB)            : 321060     2097152   2330100 
	   IoHeavy              :                            0 
	   Memory (MB)          :    372        2048      2048 

	Job terminated of its own accord at 2022-11-22T12:34:57Z.
...
