000 (5550950.301.000) 2022-11-22 05:47:27 Job submitted from host: <144.92.180.28:9618?addrs=144.92.180.28-9618+[2607-f388-101c-1000--370]-9618&alias=login04.hep.wisc.edu&noUDP&sock=schedd_3631_2478>
...
040 (5550950.301.000) 2022-11-22 06:21:57 Started transferring input files
	Transferring to host: <128.105.69.28:9618?addrs=128.105.69.28-9618+[2607-f388-2200-100-fac2-88ff-fe67-c7d9]-9618&alias=e2350.chtc.wisc.edu&noUDP&sock=slot1_10_20839_b5e8_37465>
...
040 (5550950.301.000) 2022-11-22 06:22:07 Finished transferring input files
...
001 (5550950.301.000) 2022-11-22 06:22:08 Job executing on host: <128.105.69.28:9618?addrs=128.105.69.28-9618+[2607-f388-2200-100-fac2-88ff-fe67-c7d9]-9618&alias=e2350.chtc.wisc.edu&noUDP&sock=startd_7596_cd7b>
...
006 (5550950.301.000) 2022-11-22 06:22:17 Image size of job updated: 487208
	70  -  MemoryUsage of job (MB)
	70772  -  ResidentSetSize of job (KB)
...
006 (5550950.301.000) 2022-11-22 06:23:36 Image size of job updated: 1377688
	70  -  MemoryUsage of job (MB)
	70788  -  ResidentSetSize of job (KB)
...
040 (5550950.301.000) 2022-11-22 06:23:36 Started transferring output files
...
040 (5550950.301.000) 2022-11-22 06:23:37 Finished transferring output files
...
005 (5550950.301.000) 2022-11-22 06:23:37 Job terminated.
	(1) Normal termination (return value 0)
		Usr 0 00:00:15, Sys 0 00:00:01  -  Run Remote Usage
		Usr 0 00:00:00, Sys 0 00:00:00  -  Run Local Usage
		Usr 0 00:00:15, Sys 0 00:00:01  -  Total Remote Usage
		Usr 0 00:00:00, Sys 0 00:00:00  -  Total Local Usage
	1238893  -  Run Bytes Sent By Job
	328686816  -  Run Bytes Received By Job
	1238893  -  Total Bytes Sent By Job
	328686816  -  Total Bytes Received By Job
	Partitionable Resources :     Usage  Request Allocated 
	   Cpus                 :      0.26        1         1 
	   Disk (KB)            : 322261     2097152   2321262 
	   IoHeavy              :                            0 
	   Memory (MB)          :     70        2048      2048 

	Job terminated of its own accord at 2022-11-22T12:23:36Z.
...
