000 (5550951.455.000) 2022-11-22 05:48:09 Job submitted from host: <144.92.180.28:9618?addrs=144.92.180.28-9618+[2607-f388-101c-1000--370]-9618&alias=login04.hep.wisc.edu&noUDP&sock=schedd_3631_2478>
...
040 (5550951.455.000) 2022-11-22 07:40:12 Started transferring input files
	Transferring to host: <128.105.244.171:9618?addrs=128.105.244.171-9618&alias=e3001.chtc.wisc.edu&noUDP&sock=slot1_1_2559_cc01_40180>
...
040 (5550951.455.000) 2022-11-22 07:40:22 Finished transferring input files
...
001 (5550951.455.000) 2022-11-22 07:40:23 Job executing on host: <128.105.244.171:9618?addrs=128.105.244.171-9618&alias=e3001.chtc.wisc.edu&noUDP&sock=startd_6633_43c7>
...
006 (5550951.455.000) 2022-11-22 07:40:32 Image size of job updated: 944124
	372  -  MemoryUsage of job (MB)
	380496  -  ResidentSetSize of job (KB)
...
006 (5550951.455.000) 2022-11-22 07:45:33 Image size of job updated: 1479024
	539  -  MemoryUsage of job (MB)
	551744  -  ResidentSetSize of job (KB)
...
006 (5550951.455.000) 2022-11-22 07:55:34 Image size of job updated: 1479356
	550  -  MemoryUsage of job (MB)
	562548  -  ResidentSetSize of job (KB)
...
040 (5550951.455.000) 2022-11-22 07:58:50 Started transferring output files
...
040 (5550951.455.000) 2022-11-22 07:58:50 Finished transferring output files
...
005 (5550951.455.000) 2022-11-22 07:58:50 Job terminated.
	(1) Normal termination (return value 0)
		Usr 0 00:08:47, Sys 0 00:00:40  -  Run Remote Usage
		Usr 0 00:00:00, Sys 0 00:00:00  -  Run Local Usage
		Usr 0 00:08:47, Sys 0 00:00:40  -  Total Remote Usage
		Usr 0 00:00:00, Sys 0 00:00:00  -  Total Local Usage
	1720894  -  Run Bytes Sent By Job
	328686816  -  Run Bytes Received By Job
	1720894  -  Total Bytes Sent By Job
	328686816  -  Total Bytes Received By Job
	Partitionable Resources :     Usage  Request Allocated 
	   Cpus                 :      0.60        1         1 
	   Disk (KB)            : 322730     2097152  14714712 
	   IoHeavy              :                            0 
	   Memory (MB)          :    550        2048      2048 

	Job terminated of its own accord at 2022-11-22T13:58:50Z.
...
