000 (5550951.364.000) 2022-11-22 05:48:09 Job submitted from host: <144.92.180.28:9618?addrs=144.92.180.28-9618+[2607-f388-101c-1000--370]-9618&alias=login04.hep.wisc.edu&noUDP&sock=schedd_3631_2478>
...
040 (5550951.364.000) 2022-11-22 07:21:03 Started transferring input files
	Transferring to host: <128.105.69.36:9618?addrs=128.105.69.36-9618+[2607-f388-2200-100-1e6a-7aff-fe26-b5c3]-9618&alias=e2358.chtc.wisc.edu&noUDP&sock=slot1_36_21972_02f7_33445>
...
040 (5550951.364.000) 2022-11-22 07:21:13 Finished transferring input files
...
001 (5550951.364.000) 2022-11-22 07:21:14 Job executing on host: <128.105.69.36:9618?addrs=128.105.69.36-9618+[2607-f388-2200-100-1e6a-7aff-fe26-b5c3]-9618&alias=e2358.chtc.wisc.edu&noUDP&sock=startd_7639_4c0e>
...
006 (5550951.364.000) 2022-11-22 07:21:23 Image size of job updated: 573960
	365  -  MemoryUsage of job (MB)
	372844  -  ResidentSetSize of job (KB)
...
006 (5550951.364.000) 2022-11-22 07:26:25 Image size of job updated: 1453816
	542  -  MemoryUsage of job (MB)
	554872  -  ResidentSetSize of job (KB)
...
006 (5550951.364.000) 2022-11-22 07:31:25 Image size of job updated: 1453816
	561  -  MemoryUsage of job (MB)
	574420  -  ResidentSetSize of job (KB)
...
040 (5550951.364.000) 2022-11-22 07:33:03 Started transferring output files
...
040 (5550951.364.000) 2022-11-22 07:33:04 Finished transferring output files
...
005 (5550951.364.000) 2022-11-22 07:33:04 Job terminated.
	(1) Normal termination (return value 0)
		Usr 0 00:06:21, Sys 0 00:00:23  -  Run Remote Usage
		Usr 0 00:00:00, Sys 0 00:00:00  -  Run Local Usage
		Usr 0 00:06:21, Sys 0 00:00:23  -  Total Remote Usage
		Usr 0 00:00:00, Sys 0 00:00:00  -  Total Local Usage
	1626908  -  Run Bytes Sent By Job
	328686816  -  Run Bytes Received By Job
	1626908  -  Total Bytes Sent By Job
	328686816  -  Total Bytes Received By Job
	Partitionable Resources :     Usage  Request Allocated 
	   Cpus                 :      0.68        1         1 
	   Disk (KB)            : 322640     2097152   2321909 
	   IoHeavy              :                            0 
	   Memory (MB)          :    561        2048      2048 

	Job terminated of its own accord at 2022-11-22T13:33:03Z.
...
