000 (5550950.225.000) 2022-11-22 05:47:27 Job submitted from host: <144.92.180.28:9618?addrs=144.92.180.28-9618+[2607-f388-101c-1000--370]-9618&alias=login04.hep.wisc.edu&noUDP&sock=schedd_3631_2478>
...
040 (5550950.225.000) 2022-11-22 06:08:44 Started transferring input files
	Transferring to host: <128.105.69.44:9618?addrs=128.105.69.44-9618+[2607-f388-2200-100-1e6a-7aff-fe26-bbdd]-9618&alias=e2366.chtc.wisc.edu&noUDP&sock=slot1_7_20235_2350_37534>
...
040 (5550950.225.000) 2022-11-22 06:08:57 Finished transferring input files
...
001 (5550950.225.000) 2022-11-22 06:08:58 Job executing on host: <128.105.69.44:9618?addrs=128.105.69.44-9618+[2607-f388-2200-100-1e6a-7aff-fe26-bbdd]-9618&alias=e2366.chtc.wisc.edu&noUDP&sock=startd_7754_2d72>
...
006 (5550950.225.000) 2022-11-22 06:09:07 Image size of job updated: 340000
	237  -  MemoryUsage of job (MB)
	241776  -  ResidentSetSize of job (KB)
...
006 (5550950.225.000) 2022-11-22 06:14:08 Image size of job updated: 1417220
	519  -  MemoryUsage of job (MB)
	530684  -  ResidentSetSize of job (KB)
...
006 (5550950.225.000) 2022-11-22 06:19:08 Image size of job updated: 1421684
	525  -  MemoryUsage of job (MB)
	537016  -  ResidentSetSize of job (KB)
...
006 (5550950.225.000) 2022-11-22 06:24:10 Image size of job updated: 1428168
	532  -  MemoryUsage of job (MB)
	544528  -  ResidentSetSize of job (KB)
...
040 (5550950.225.000) 2022-11-22 06:33:47 Started transferring output files
...
040 (5550950.225.000) 2022-11-22 06:33:48 Finished transferring output files
...
005 (5550950.225.000) 2022-11-22 06:33:48 Job terminated.
	(1) Normal termination (return value 0)
		Usr 0 00:04:29, Sys 0 00:00:16  -  Run Remote Usage
		Usr 0 00:00:00, Sys 0 00:00:00  -  Run Local Usage
		Usr 0 00:04:29, Sys 0 00:00:16  -  Total Remote Usage
		Usr 0 00:00:00, Sys 0 00:00:00  -  Total Local Usage
	1337909  -  Run Bytes Sent By Job
	328686816  -  Run Bytes Received By Job
	1337909  -  Total Bytes Sent By Job
	328686816  -  Total Bytes Received By Job
	Partitionable Resources :     Usage  Request Allocated 
	   Cpus                 :      0.26        1         1 
	   Disk (KB)            : 322357     2097152   2333735 
	   IoHeavy              :                            0 
	   Memory (MB)          :    532        2048      2048 

	Job terminated of its own accord at 2022-11-22T12:33:47Z.
...
