000 (5550951.367.000) 2022-11-22 05:48:09 Job submitted from host: <144.92.180.28:9618?addrs=144.92.180.28-9618+[2607-f388-101c-1000--370]-9618&alias=login04.hep.wisc.edu&noUDP&sock=schedd_3631_2478>
...
040 (5550951.367.000) 2022-11-22 07:21:21 Started transferring input files
	Transferring to host: <128.104.58.55:9618?addrs=128.104.58.55-9618+[2607-f388-1086-0-226-9eff-fe2b-bedb]-9618&alias=e1019.chtc.wisc.edu&noUDP&sock=slot1_10_17423_d45e_44922>
...
040 (5550951.367.000) 2022-11-22 07:21:31 Finished transferring input files
...
001 (5550951.367.000) 2022-11-22 07:21:32 Job executing on host: <128.104.58.55:9618?addrs=128.104.58.55-9618+[2607-f388-1086-0-226-9eff-fe2b-bedb]-9618&alias=e1019.chtc.wisc.edu&noUDP&sock=startd_7302_24a3>
...
006 (5550951.367.000) 2022-11-22 07:21:41 Image size of job updated: 527604
	397  -  MemoryUsage of job (MB)
	406508  -  ResidentSetSize of job (KB)
...
006 (5550951.367.000) 2022-11-22 07:26:42 Image size of job updated: 1440020
	542  -  MemoryUsage of job (MB)
	554300  -  ResidentSetSize of job (KB)
...
006 (5550951.367.000) 2022-11-22 07:31:42 Image size of job updated: 1453600
	544  -  MemoryUsage of job (MB)
	556708  -  ResidentSetSize of job (KB)
...
040 (5550951.367.000) 2022-11-22 07:39:17 Started transferring output files
...
040 (5550951.367.000) 2022-11-22 07:39:17 Finished transferring output files
...
005 (5550951.367.000) 2022-11-22 07:39:17 Job terminated.
	(1) Normal termination (return value 0)
		Usr 0 00:10:06, Sys 0 00:00:41  -  Run Remote Usage
		Usr 0 00:00:00, Sys 0 00:00:00  -  Run Local Usage
		Usr 0 00:10:06, Sys 0 00:00:41  -  Total Remote Usage
		Usr 0 00:00:00, Sys 0 00:00:00  -  Total Local Usage
	1740104  -  Run Bytes Sent By Job
	328686816  -  Run Bytes Received By Job
	1740104  -  Total Bytes Sent By Job
	328686816  -  Total Bytes Received By Job
	Partitionable Resources :     Usage  Request Allocated 
	   Cpus                 :      0.20        1         1 
	   Disk (KB)            : 322750     2097152  16561067 
	   IoHeavy              :                            0 
	   Memory (MB)          :    544        2048      2048 

	Job terminated of its own accord at 2022-11-22T13:39:17Z.
...
