000 (5550950.035.000) 2022-11-22 05:47:25 Job submitted from host: <144.92.180.28:9618?addrs=144.92.180.28-9618+[2607-f388-101c-1000--370]-9618&alias=login04.hep.wisc.edu&noUDP&sock=schedd_3631_2478>
...
040 (5550950.035.000) 2022-11-22 05:54:08 Started transferring input files
	Transferring to host: <128.105.69.46:9618?addrs=128.105.69.46-9618+[2607-f388-2200-100-1e6a-7aff-fe21-b2bb]-9618&alias=e2370.chtc.wisc.edu&noUDP&sock=slot1_34_36130_9a76_32025>
...
040 (5550950.035.000) 2022-11-22 05:54:34 Finished transferring input files
...
001 (5550950.035.000) 2022-11-22 05:54:35 Job executing on host: <128.105.69.46:9618?addrs=128.105.69.46-9618+[2607-f388-2200-100-1e6a-7aff-fe21-b2bb]-9618&alias=e2370.chtc.wisc.edu&noUDP&sock=startd_7624_0222>
...
006 (5550950.035.000) 2022-11-22 05:54:44 Image size of job updated: 541308
	365  -  MemoryUsage of job (MB)
	373344  -  ResidentSetSize of job (KB)
...
006 (5550950.035.000) 2022-11-22 05:59:44 Image size of job updated: 1399052
	511  -  MemoryUsage of job (MB)
	522720  -  ResidentSetSize of job (KB)
...
006 (5550950.035.000) 2022-11-22 06:04:44 Image size of job updated: 1399964
	515  -  MemoryUsage of job (MB)
	527148  -  ResidentSetSize of job (KB)
...
006 (5550950.035.000) 2022-11-22 06:09:45 Image size of job updated: 1399964
	516  -  MemoryUsage of job (MB)
	527828  -  ResidentSetSize of job (KB)
...
006 (5550950.035.000) 2022-11-22 06:14:45 Image size of job updated: 1399964
	517  -  MemoryUsage of job (MB)
	528760  -  ResidentSetSize of job (KB)
...
040 (5550950.035.000) 2022-11-22 06:16:21 Started transferring output files
...
040 (5550950.035.000) 2022-11-22 06:16:21 Finished transferring output files
...
005 (5550950.035.000) 2022-11-22 06:16:21 Job terminated.
	(1) Normal termination (return value 0)
		Usr 0 00:06:38, Sys 0 00:01:34  -  Run Remote Usage
		Usr 0 00:00:00, Sys 0 00:00:00  -  Run Local Usage
		Usr 0 00:06:38, Sys 0 00:01:34  -  Total Remote Usage
		Usr 0 00:00:00, Sys 0 00:00:00  -  Total Local Usage
	586381  -  Run Bytes Sent By Job
	328686816  -  Run Bytes Received By Job
	586381  -  Total Bytes Sent By Job
	328686816  -  Total Bytes Received By Job
	Partitionable Resources :     Usage  Request Allocated 
	   Cpus                 :      0.34        1         1 
	   Disk (KB)            : 321623     2097152   2338885 
	   IoHeavy              :                            0 
	   Memory (MB)          :    517        2048      2048 

	Job terminated of its own accord at 2022-11-22T12:16:21Z.
...
