000 (5550951.298.000) 2022-11-22 05:48:08 Job submitted from host: <144.92.180.28:9618?addrs=144.92.180.28-9618+[2607-f388-101c-1000--370]-9618&alias=login04.hep.wisc.edu&noUDP&sock=schedd_3631_2478>
...
040 (5550951.298.000) 2022-11-22 07:08:29 Started transferring input files
	Transferring to host: <128.104.101.137:9618?addrs=128.104.101.137-9618+[2607-f388-107c-501-206-f6ff-fe30-aa79]-9618&alias=e0137.chtc.wisc.edu&noUDP&sock=slot1_20_31275_d111_50440>
...
040 (5550951.298.000) 2022-11-22 07:08:39 Finished transferring input files
...
001 (5550951.298.000) 2022-11-22 07:08:40 Job executing on host: <128.104.101.137:9618?addrs=128.104.101.137-9618+[2607-f388-107c-501-206-f6ff-fe30-aa79]-9618&alias=e0137.chtc.wisc.edu&noUDP&sock=startd_7090_ba8f>
...
006 (5550951.298.000) 2022-11-22 07:08:49 Image size of job updated: 847556
	372  -  MemoryUsage of job (MB)
	380404  -  ResidentSetSize of job (KB)
...
006 (5550951.298.000) 2022-11-22 07:13:50 Image size of job updated: 1466824
	552  -  MemoryUsage of job (MB)
	565056  -  ResidentSetSize of job (KB)
...
040 (5550951.298.000) 2022-11-22 07:14:45 Started transferring output files
...
040 (5550951.298.000) 2022-11-22 07:14:45 Finished transferring output files
...
005 (5550951.298.000) 2022-11-22 07:14:45 Job terminated.
	(1) Normal termination (return value 0)
		Usr 0 00:03:13, Sys 0 00:00:21  -  Run Remote Usage
		Usr 0 00:00:00, Sys 0 00:00:00  -  Run Local Usage
		Usr 0 00:03:13, Sys 0 00:00:21  -  Total Remote Usage
		Usr 0 00:00:00, Sys 0 00:00:00  -  Total Local Usage
	1599026  -  Run Bytes Sent By Job
	328686816  -  Run Bytes Received By Job
	1599026  -  Total Bytes Sent By Job
	328686816  -  Total Bytes Received By Job
	Partitionable Resources :     Usage  Request Allocated 
	   Cpus                 :      0.72        1         1 
	   Disk (KB)            : 322612     2097152   3319818 
	   IoHeavy              :                            0 
	   Memory (MB)          :    552        2048      2048 

	Job terminated of its own accord at 2022-11-22T13:14:45Z.
...
