000 (5550951.473.000) 2022-11-22 05:48:09 Job submitted from host: <144.92.180.28:9618?addrs=144.92.180.28-9618+[2607-f388-101c-1000--370]-9618&alias=login04.hep.wisc.edu&noUDP&sock=schedd_3631_2478>
...
040 (5550951.473.000) 2022-11-22 07:42:25 Started transferring input files
	Transferring to host: <128.105.68.212:9618?addrs=128.105.68.212-9618+[2607-f388-2200-100-1e6a-7aff-fe26-ca0f]-9618&alias=e2299.chtc.wisc.edu&noUDP&sock=slot1_22_15647_7a15_34879>
...
040 (5550951.473.000) 2022-11-22 07:42:35 Finished transferring input files
...
001 (5550951.473.000) 2022-11-22 07:42:36 Job executing on host: <128.105.68.212:9618?addrs=128.105.68.212-9618+[2607-f388-2200-100-1e6a-7aff-fe26-ca0f]-9618&alias=e2299.chtc.wisc.edu&noUDP&sock=startd_7650_d798>
...
006 (5550951.473.000) 2022-11-22 07:42:45 Image size of job updated: 832124
	362  -  MemoryUsage of job (MB)
	370032  -  ResidentSetSize of job (KB)
...
006 (5550951.473.000) 2022-11-22 07:47:46 Image size of job updated: 1479036
	542  -  MemoryUsage of job (MB)
	554856  -  ResidentSetSize of job (KB)
...
006 (5550951.473.000) 2022-11-22 07:52:47 Image size of job updated: 1480584
	551  -  MemoryUsage of job (MB)
	564160  -  ResidentSetSize of job (KB)
...
040 (5550951.473.000) 2022-11-22 07:55:08 Started transferring output files
...
040 (5550951.473.000) 2022-11-22 07:55:09 Finished transferring output files
...
005 (5550951.473.000) 2022-11-22 07:55:09 Job terminated.
	(1) Normal termination (return value 0)
		Usr 0 00:05:35, Sys 0 00:00:42  -  Run Remote Usage
		Usr 0 00:00:00, Sys 0 00:00:00  -  Run Local Usage
		Usr 0 00:05:35, Sys 0 00:00:42  -  Total Remote Usage
		Usr 0 00:00:00, Sys 0 00:00:00  -  Total Local Usage
	1610739  -  Run Bytes Sent By Job
	328686816  -  Run Bytes Received By Job
	1610739  -  Total Bytes Sent By Job
	328686816  -  Total Bytes Received By Job
	Partitionable Resources :     Usage  Request Allocated 
	   Cpus                 :      0.60        1         1 
	   Disk (KB)            : 322624     2097152   2335100 
	   IoHeavy              :                            0 
	   Memory (MB)          :    551        2048      2048 

	Job terminated of its own accord at 2022-11-22T13:55:08Z.
...
