analyze_etau Signal_2HDMa_gg_sinp_0p35_tanb_50p0_mXd_10_MH3_600_MH4_250 MC
argc = 8
sp = 0
Systematics : V  Response NJet0 = 0.017
Systematics : V  Response NJet1 = 0.022
Systematics : V  Response NJetGe2 = 0.026
Systematics : V  Resolution NJet0 = 0.024
Systematics : V  Resolution NJet1 = 0.03
Systematics : V  Resolution NJetGe2 = 0.034
Systematics : EWK  Response NJet0 = 0.015
Systematics : EWK  Response NJet1 = 0.02
Systematics : EWK  Response NJetGe2 = 0.025
Systematics : EWK  Resolution NJet0 = 0.021
Systematics : EWK  Resolution NJet1 = 0.027
Systematics : EWK  Resolution NJetGe2 = 0.032
Systematics : TOP  Response NJet0 = 0.015
Systematics : TOP  Response NJet1 = 0.02
Systematics : TOP  Response NJetGe2 = 0.025
Systematics : TOP  Resolution NJet0 = 0.021
Systematics : TOP  Resolution NJet1 = 0.027
Systematics : TOP  Resolution NJetGe2 = 0.032
V_NJet0
V_NJet1
V_NJetGe2
EWK_NJet0
EWK_NJet1
EWK_NJetGe2
TOP_NJet0
TOP_NJet1
TOP_NJetGe2
All files added.
Initializing chain.
from Init MC
sample ==========Signal_2HDMa_gg_sinp_0p35_tanb_50p0_mXd_10_MH3_600_MH4_250
.... MC file ..... 
Coming in: 
nentries:24205
Running over 24205 events.
Finished entry 0/24204
Finished entry 1000/24204
Finished entry 2000/24204
Finished entry 3000/24204
Finished entry 4000/24204
Finished entry 5000/24204
Finished entry 6000/24204
Finished entry 7000/24204
Finished entry 8000/24204
Finished entry 9000/24204
Finished entry 10000/24204
Finished entry 11000/24204
Finished entry 12000/24204
Finished entry 13000/24204
Finished entry 15000/24204
Finished entry 16000/24204
Finished entry 17000/24204
Finished entry 18000/24204
Finished entry 19000/24204
Finished entry 20000/24204
Finished entry 21000/24204
Finished entry 22000/24204
Finished entry 23000/24204
Finished entry 24000/24204
Finished entry 24204/24204
All events checked.
*******************************************
******************Jithin's original*************************
    Initial entries 24205.000000
   Passing smikking 0.000000
     GoodMuonPassed 0.000000   % change= 100.000000
      GoodTauPassed 0.000000   % change= -nan
         opp charge 0.000000   % change= -nan
 PassedThirdLepVeto 114.000000   % change= -inf
     PassedBjetVeto 114.000000   % change= 0.000000
       DeltaRPassed 114.000000   % change= 0.000000
      Total change :99.529023
*******************************************
*******************************************
Number of events inspected: 24205
Number of events inspected (minus negative gen. weights): 24203.000000
 Outpt written to Signal_2HDMa_gg_sinp_0p35_tanb_50p0_mXd_10_MH3_600_MH4_250.root
Real time 0:00:48, CP time 16.540
1669120848 - 1669120787
