000 (5550950.145.000) 2022-11-22 05:47:26 Job submitted from host: <144.92.180.28:9618?addrs=144.92.180.28-9618+[2607-f388-101c-1000--370]-9618&alias=login04.hep.wisc.edu&noUDP&sock=schedd_3631_2478>
...
040 (5550950.145.000) 2022-11-22 06:03:54 Started transferring input files
	Transferring to host: <128.105.69.35:9618?addrs=128.105.69.35-9618+[2607-f388-2200-100-1e6a-7aff-fe21-a6b3]-9618&alias=e2357.chtc.wisc.edu&noUDP&sock=slot1_21_22326_6fc5_61291>
...
040 (5550950.145.000) 2022-11-22 06:04:14 Finished transferring input files
...
001 (5550950.145.000) 2022-11-22 06:04:15 Job executing on host: <128.105.69.35:9618?addrs=128.105.69.35-9618+[2607-f388-2200-100-1e6a-7aff-fe21-a6b3]-9618&alias=e2357.chtc.wisc.edu&noUDP&sock=startd_6872_32ea>
...
006 (5550950.145.000) 2022-11-22 06:04:24 Image size of job updated: 998052
	372  -  MemoryUsage of job (MB)
	380564  -  ResidentSetSize of job (KB)
...
006 (5550950.145.000) 2022-11-22 06:05:02 Image size of job updated: 1412960
	372  -  MemoryUsage of job (MB)
	380600  -  ResidentSetSize of job (KB)
...
040 (5550950.145.000) 2022-11-22 06:05:02 Started transferring output files
...
040 (5550950.145.000) 2022-11-22 06:05:02 Finished transferring output files
...
005 (5550950.145.000) 2022-11-22 06:05:02 Job terminated.
	(1) Normal termination (return value 0)
		Usr 0 00:00:15, Sys 0 00:00:05  -  Run Remote Usage
		Usr 0 00:00:00, Sys 0 00:00:00  -  Run Local Usage
		Usr 0 00:00:15, Sys 0 00:00:05  -  Total Remote Usage
		Usr 0 00:00:00, Sys 0 00:00:00  -  Total Local Usage
	792596  -  Run Bytes Sent By Job
	328686816  -  Run Bytes Received By Job
	792596  -  Total Bytes Sent By Job
	328686816  -  Total Bytes Received By Job
	Partitionable Resources :    Usage  Request Allocated 
	   Cpus                 :                 1         1 
	   Disk (KB)            :   321815  2097152   2346020 
	   IoHeavy              :                           0 
	   Memory (MB)          :      372     2048      2048 

	Job terminated of its own accord at 2022-11-22T12:05:02Z.
...
