000 (5550950.086.000) 2022-11-22 05:47:26 Job submitted from host: <144.92.180.28:9618?addrs=144.92.180.28-9618+[2607-f388-101c-1000--370]-9618&alias=login04.hep.wisc.edu&noUDP&sock=schedd_3631_2478>
...
040 (5550950.086.000) 2022-11-22 06:00:31 Started transferring input files
	Transferring to host: <128.105.69.70:9618?addrs=128.105.69.70-9618+[2607-f388-2200-100-1e6a-7aff-fe26-3183]-9618&alias=e2399.chtc.wisc.edu&noUDP&sock=slot1_8_20054_9b69_31749>
...
040 (5550950.086.000) 2022-11-22 06:00:40 Finished transferring input files
...
001 (5550950.086.000) 2022-11-22 06:00:41 Job executing on host: <128.105.69.70:9618?addrs=128.105.69.70-9618+[2607-f388-2200-100-1e6a-7aff-fe26-3183]-9618&alias=e2399.chtc.wisc.edu&noUDP&sock=startd_7504_b2c5>
...
006 (5550950.086.000) 2022-11-22 06:00:50 Image size of job updated: 188512
	16  -  MemoryUsage of job (MB)
	16220  -  ResidentSetSize of job (KB)
...
006 (5550950.086.000) 2022-11-22 06:02:12 Image size of job updated: 1487768
	16  -  MemoryUsage of job (MB)
	16220  -  ResidentSetSize of job (KB)
...
040 (5550950.086.000) 2022-11-22 06:02:12 Started transferring output files
...
040 (5550950.086.000) 2022-11-22 06:02:12 Finished transferring output files
...
005 (5550950.086.000) 2022-11-22 06:02:12 Job terminated.
	(1) Normal termination (return value 0)
		Usr 0 00:00:12, Sys 0 00:00:03  -  Run Remote Usage
		Usr 0 00:00:00, Sys 0 00:00:00  -  Run Local Usage
		Usr 0 00:00:12, Sys 0 00:00:03  -  Total Remote Usage
		Usr 0 00:00:00, Sys 0 00:00:00  -  Total Local Usage
	150718  -  Run Bytes Sent By Job
	328686816  -  Run Bytes Received By Job
	150718  -  Total Bytes Sent By Job
	328686816  -  Total Bytes Received By Job
	Partitionable Resources :    Usage  Request Allocated 
	   Cpus                 :                 1         1 
	   Disk (KB)            :   321188  2097152   2335346 
	   IoHeavy              :                           0 
	   Memory (MB)          :       16     2048      2048 

	Job terminated of its own accord at 2022-11-22T12:02:12Z.
...
