analyze_etau DYJetsToLL_M-50_TuneCP5_v1_03_01 MC
argc = 8
sp = 0
Systematics : V  Response NJet0 = 0.017
Systematics : V  Response NJet1 = 0.022
Systematics : V  Response NJetGe2 = 0.026
Systematics : V  Resolution NJet0 = 0.024
Systematics : V  Resolution NJet1 = 0.03
Systematics : V  Resolution NJetGe2 = 0.034
Systematics : EWK  Response NJet0 = 0.015
Systematics : EWK  Response NJet1 = 0.02
Systematics : EWK  Response NJetGe2 = 0.025
Systematics : EWK  Resolution NJet0 = 0.021
Systematics : EWK  Resolution NJet1 = 0.027
Systematics : EWK  Resolution NJetGe2 = 0.032
Systematics : TOP  Response NJet0 = 0.015
Systematics : TOP  Response NJet1 = 0.02
Systematics : TOP  Response NJetGe2 = 0.025
Systematics : TOP  Resolution NJet0 = 0.021
Systematics : TOP  Resolution NJet1 = 0.027
Systematics : TOP  Resolution NJetGe2 = 0.032
V_NJet0
V_NJet1
V_NJetGe2
EWK_NJet0
EWK_NJet1
EWK_NJetGe2
TOP_NJet0
TOP_NJet1
TOP_NJetGe2
All files added.
Initializing chain.
from Init MC
****************** dyjet sample found
sample ==========DYJetsToLL_M-50_TuneCP5_v1_03_01
.... MC file ..... 
Coming in: 
nentries:179904
Running over 179904 events.
Finished entry 0/179903
Finished entry 8000/179903
Finished entry 16000/179903
Finished entry 24000/179903
Finished entry 32000/179903
Finished entry 40000/179903
Finished entry 48000/179903
Finished entry 56000/179903
Finished entry 64000/179903
Finished entry 72000/179903
Finished entry 80000/179903
Finished entry 88000/179903
Finished entry 96000/179903
Finished entry 104000/179903
Finished entry 112000/179903
Finished entry 120000/179903
Finished entry 128000/179903
Finished entry 136000/179903
Finished entry 144000/179903
Finished entry 152000/179903
Finished entry 160000/179903
Finished entry 168000/179903
Finished entry 176000/179903
Finished entry 179903/179903
All events checked.
*******************************************
******************Jithin's original*************************
    Initial entries 179904.000000
   Passing smikking 0.000000
     GoodMuonPassed 0.000000   % change= 100.000000
      GoodTauPassed 0.000000   % change= -nan
         opp charge 0.000000   % change= -nan
 PassedThirdLepVeto 19.000000   % change= -inf
     PassedBjetVeto 19.000000   % change= 0.000000
       DeltaRPassed 19.000000   % change= 0.000000
      Total change :99.989439
*******************************************
*******************************************
Number of events inspected: 179904
Number of events inspected (minus negative gen. weights): 179900.000000
 Outpt written to DYJetsToLL_M-50_TuneCP5_v1_03_01.root
Real time 0:03:00, CP time 66.130
1669118266 - 1669118082
