analyze_etau blinded_MET_EraC_0001_01 DATA
argc = 8
sp = 0
Systematics : V  Response NJet0 = 0.017
Systematics : V  Response NJet1 = 0.022
Systematics : V  Response NJetGe2 = 0.026
Systematics : V  Resolution NJet0 = 0.024
Systematics : V  Resolution NJet1 = 0.03
Systematics : V  Resolution NJetGe2 = 0.034
Systematics : EWK  Response NJet0 = 0.015
Systematics : EWK  Response NJet1 = 0.02
Systematics : EWK  Response NJetGe2 = 0.025
Systematics : EWK  Resolution NJet0 = 0.021
Systematics : EWK  Resolution NJet1 = 0.027
Systematics : EWK  Resolution NJetGe2 = 0.032
Systematics : TOP  Response NJet0 = 0.015
Systematics : TOP  Response NJet1 = 0.02
Systematics : TOP  Response NJetGe2 = 0.025
Systematics : TOP  Resolution NJet0 = 0.021
Systematics : TOP  Resolution NJet1 = 0.027
Systematics : TOP  Resolution NJetGe2 = 0.032
V_NJet0
V_NJet1
V_NJetGe2
EWK_NJet0
EWK_NJet1
EWK_NJetGe2
TOP_NJet0
TOP_NJet1
TOP_NJetGe2
All files added.
Initializing chain.
from Init DATA
sample ==========blinded_MET_EraC_0001_01
.... DATA file ..... 
Coming in: 
nentries:6600
Running over 6600 events.
Finished entry 0/6599
Finished entry 300/6599
Finished entry 600/6599
Finished entry 900/6599
Finished entry 1200/6599
Finished entry 1500/6599
Finished entry 1800/6599
Finished entry 2100/6599
Finished entry 2400/6599
Finished entry 2700/6599
Finished entry 3000/6599
Finished entry 3300/6599
Finished entry 3600/6599
Finished entry 3900/6599
Finished entry 4200/6599
Finished entry 4500/6599
Finished entry 4800/6599
Finished entry 5100/6599
Finished entry 5400/6599
Finished entry 5700/6599
Finished entry 6000/6599
Finished entry 6300/6599
Finished entry 6599/6599
All events checked.
*******************************************
******************Jithin's original*************************
    Initial entries 6600.000000
   Passing smikking 0.000000
     GoodMuonPassed 0.000000   % change= 100.000000
      GoodTauPassed 0.000000   % change= -nan
         opp charge 0.000000   % change= -nan
 PassedThirdLepVeto 18.000000   % change= -inf
     PassedBjetVeto 18.000000   % change= 0.000000
       DeltaRPassed 18.000000   % change= 0.000000
      Total change :99.727273
*******************************************
*******************************************
Number of events inspected: 6600
Number of events inspected (minus negative gen. weights): 6600.000000
 Outpt written to blinded_MET_EraC_0001_01.root
Real time 0:00:46, CP time 19.210
1669119933 - 1669119884
