000 (5550951.227.000) 2022-11-22 05:48:08 Job submitted from host: <144.92.180.28:9618?addrs=144.92.180.28-9618+[2607-f388-101c-1000--370]-9618&alias=login04.hep.wisc.edu&noUDP&sock=schedd_3631_2478>
...
040 (5550951.227.000) 2022-11-22 06:40:28 Started transferring input files
	Transferring to host: <128.104.101.137:9618?addrs=128.104.101.137-9618+[2607-f388-107c-501-206-f6ff-fe30-aa79]-9618&alias=e0137.chtc.wisc.edu&noUDP&sock=slot1_23_31275_d111_49633>
...
040 (5550951.227.000) 2022-11-22 06:40:52 Finished transferring input files
...
001 (5550951.227.000) 2022-11-22 06:40:53 Job executing on host: <128.104.101.137:9618?addrs=128.104.101.137-9618+[2607-f388-107c-501-206-f6ff-fe30-aa79]-9618&alias=e0137.chtc.wisc.edu&noUDP&sock=startd_7090_ba8f>
...
006 (5550951.227.000) 2022-11-22 06:41:02 Image size of job updated: 926348
	372  -  MemoryUsage of job (MB)
	380496  -  ResidentSetSize of job (KB)
...
006 (5550951.227.000) 2022-11-22 06:46:03 Image size of job updated: 1464900
	566  -  MemoryUsage of job (MB)
	579448  -  ResidentSetSize of job (KB)
...
006 (5550951.227.000) 2022-11-22 06:51:03 Image size of job updated: 1464900
	571  -  MemoryUsage of job (MB)
	583900  -  ResidentSetSize of job (KB)
...
006 (5550951.227.000) 2022-11-22 06:56:04 Image size of job updated: 1469924
	571  -  MemoryUsage of job (MB)
	583900  -  ResidentSetSize of job (KB)
...
006 (5550951.227.000) 2022-11-22 07:01:05 Image size of job updated: 1469924
	572  -  MemoryUsage of job (MB)
	585112  -  ResidentSetSize of job (KB)
...
040 (5550951.227.000) 2022-11-22 07:07:10 Started transferring output files
...
040 (5550951.227.000) 2022-11-22 07:07:10 Finished transferring output files
...
005 (5550951.227.000) 2022-11-22 07:07:10 Job terminated.
	(1) Normal termination (return value 0)
		Usr 0 00:10:15, Sys 0 00:02:10  -  Run Remote Usage
		Usr 0 00:00:00, Sys 0 00:00:00  -  Run Local Usage
		Usr 0 00:10:15, Sys 0 00:02:10  -  Total Remote Usage
		Usr 0 00:00:00, Sys 0 00:00:00  -  Total Local Usage
	1651436  -  Run Bytes Sent By Job
	328686816  -  Run Bytes Received By Job
	1651436  -  Total Bytes Sent By Job
	328686816  -  Total Bytes Received By Job
	Partitionable Resources :     Usage  Request Allocated 
	   Cpus                 :      0.19        1         1 
	   Disk (KB)            : 322663     2097152   3319818 
	   IoHeavy              :                            0 
	   Memory (MB)          :    572        2048      2048 

	Job terminated of its own accord at 2022-11-22T13:07:10Z.
...
