000 (5550951.082.000) 2022-11-22 05:48:07 Job submitted from host: <144.92.180.28:9618?addrs=144.92.180.28-9618+[2607-f388-101c-1000--370]-9618&alias=login04.hep.wisc.edu&noUDP&sock=schedd_3631_2478>
...
040 (5550951.082.000) 2022-11-22 06:33:13 Started transferring input files
	Transferring to host: <128.105.68.135:9618?addrs=128.105.68.135-9618+[2607-f388-2200-100-1e6a-7aff-fe26-3203]-9618&alias=e2433.chtc.wisc.edu&noUDP&sock=slot1_39_37889_fa5e_40447>
...
040 (5550951.082.000) 2022-11-22 06:36:06 Finished transferring input files
...
001 (5550951.082.000) 2022-11-22 06:36:07 Job executing on host: <128.105.68.135:9618?addrs=128.105.68.135-9618+[2607-f388-2200-100-1e6a-7aff-fe26-3203]-9618&alias=e2433.chtc.wisc.edu&noUDP&sock=startd_7128_cb29>
...
006 (5550951.082.000) 2022-11-22 06:36:16 Image size of job updated: 1005176
	372  -  MemoryUsage of job (MB)
	380492  -  ResidentSetSize of job (KB)
...
006 (5550951.082.000) 2022-11-22 06:36:56 Image size of job updated: 1342296
	372  -  MemoryUsage of job (MB)
	380492  -  ResidentSetSize of job (KB)
...
040 (5550951.082.000) 2022-11-22 06:36:57 Started transferring output files
...
040 (5550951.082.000) 2022-11-22 06:36:57 Finished transferring output files
...
005 (5550951.082.000) 2022-11-22 06:36:58 Job terminated.
	(1) Normal termination (return value 0)
		Usr 0 00:00:20, Sys 0 00:00:05  -  Run Remote Usage
		Usr 0 00:00:00, Sys 0 00:00:00  -  Run Local Usage
		Usr 0 00:00:20, Sys 0 00:00:05  -  Total Remote Usage
		Usr 0 00:00:00, Sys 0 00:00:00  -  Total Local Usage
	9523  -  Run Bytes Sent By Job
	328686816  -  Run Bytes Received By Job
	9523  -  Total Bytes Sent By Job
	328686816  -  Total Bytes Received By Job
	Partitionable Resources :     Usage  Request Allocated 
	   Cpus                 :      0.03        1         1 
	   Disk (KB)            : 321060     2097152   2329022 
	   IoHeavy              :                            0 
	   Memory (MB)          :    372        2048      2048 

	Job terminated of its own accord at 2022-11-22T12:36:56Z.
...
