000 (5550951.143.000) 2022-11-22 05:48:07 Job submitted from host: <144.92.180.28:9618?addrs=144.92.180.28-9618+[2607-f388-101c-1000--370]-9618&alias=login04.hep.wisc.edu&noUDP&sock=schedd_3631_2478>
...
040 (5550951.143.000) 2022-11-22 06:35:48 Started transferring input files
	Transferring to host: <128.105.69.79:9618?addrs=128.105.69.79-9618+[2607-f388-2200-100-1e6a-7aff-fe26-e209]-9618&alias=e2339.chtc.wisc.edu&noUDP&sock=slot1_13_30454_590f_29671>
...
040 (5550951.143.000) 2022-11-22 06:39:44 Finished transferring input files
...
001 (5550951.143.000) 2022-11-22 06:39:45 Job executing on host: <128.105.69.79:9618?addrs=128.105.69.79-9618+[2607-f388-2200-100-1e6a-7aff-fe26-e209]-9618&alias=e2339.chtc.wisc.edu&noUDP&sock=startd_6964_4da0>
...
006 (5550951.143.000) 2022-11-22 06:39:54 Image size of job updated: 36496
	11  -  MemoryUsage of job (MB)
	11096  -  ResidentSetSize of job (KB)
...
006 (5550951.143.000) 2022-11-22 06:40:48 Image size of job updated: 1339000
	11  -  MemoryUsage of job (MB)
	11112  -  ResidentSetSize of job (KB)
...
040 (5550951.143.000) 2022-11-22 06:40:48 Started transferring output files
...
040 (5550951.143.000) 2022-11-22 06:40:49 Finished transferring output files
...
005 (5550951.143.000) 2022-11-22 06:40:49 Job terminated.
	(1) Normal termination (return value 0)
		Usr 0 00:00:13, Sys 0 00:00:01  -  Run Remote Usage
		Usr 0 00:00:00, Sys 0 00:00:00  -  Run Local Usage
		Usr 0 00:00:13, Sys 0 00:00:01  -  Total Remote Usage
		Usr 0 00:00:00, Sys 0 00:00:00  -  Total Local Usage
	565881  -  Run Bytes Sent By Job
	328686816  -  Run Bytes Received By Job
	565881  -  Total Bytes Sent By Job
	328686816  -  Total Bytes Received By Job
	Partitionable Resources :     Usage  Request Allocated 
	   Cpus                 :      0.02        1         1 
	   Disk (KB)            : 321604     2097152   2324407 
	   IoHeavy              :                            0 
	   Memory (MB)          :     11        2048      2048 

	Job terminated of its own accord at 2022-11-22T12:40:48Z.
...
