000 (5550950.419.000) 2022-11-22 05:47:28 Job submitted from host: <144.92.180.28:9618?addrs=144.92.180.28-9618+[2607-f388-101c-1000--370]-9618&alias=login04.hep.wisc.edu&noUDP&sock=schedd_3631_2478>
...
040 (5550950.419.000) 2022-11-22 06:28:21 Started transferring input files
	Transferring to host: <144.92.180.201:9618?addrs=144.92.180.201-9618+[2607-f388-101c-1000--271]-9618&alias=g24n09.hep.wisc.edu&noUDP&sock=slot1_8_3134_efb9_63175>
...
040 (5550950.419.000) 2022-11-22 06:28:54 Finished transferring input files
...
001 (5550950.419.000) 2022-11-22 06:28:55 Job executing on host: <144.92.180.201:9618?addrs=144.92.180.201-9618+[2607-f388-101c-1000--271]-9618&alias=g24n09.hep.wisc.edu&noUDP&sock=startd_2581_ee07>
...
006 (5550950.419.000) 2022-11-22 06:29:03 Image size of job updated: 555692
	362  -  MemoryUsage of job (MB)
	370232  -  ResidentSetSize of job (KB)
...
006 (5550950.419.000) 2022-11-22 06:29:29 Image size of job updated: 1379628
	362  -  MemoryUsage of job (MB)
	370364  -  ResidentSetSize of job (KB)
...
040 (5550950.419.000) 2022-11-22 06:29:29 Started transferring output files
...
040 (5550950.419.000) 2022-11-22 06:29:30 Finished transferring output files
...
005 (5550950.419.000) 2022-11-22 06:29:30 Job terminated.
	(1) Normal termination (return value 0)
		Usr 0 00:00:15, Sys 0 00:00:04  -  Run Remote Usage
		Usr 0 00:00:00, Sys 0 00:00:00  -  Run Local Usage
		Usr 0 00:00:15, Sys 0 00:00:04  -  Total Remote Usage
		Usr 0 00:00:00, Sys 0 00:00:00  -  Total Local Usage
	153311  -  Run Bytes Sent By Job
	328686816  -  Run Bytes Received By Job
	153311  -  Total Bytes Sent By Job
	328686816  -  Total Bytes Received By Job
	Partitionable Resources :    Usage  Request Allocated 
	   Cpus                 :                 1         1 
	   Disk (KB)            :   321190  2097152  18508433 
	   Memory (MB)          :      362     2048      2500 

	Job terminated of its own accord at 2022-11-22T12:29:29Z.
...
