000 (5550950.062.000) 2022-11-22 05:47:25 Job submitted from host: <144.92.180.28:9618?addrs=144.92.180.28-9618+[2607-f388-101c-1000--370]-9618&alias=login04.hep.wisc.edu&noUDP&sock=schedd_3631_2478>
...
040 (5550950.062.000) 2022-11-22 05:58:55 Started transferring input files
	Transferring to host: <128.105.69.51:9618?addrs=128.105.69.51-9618+[2607-f388-2200-100-1e6a-7aff-fe26-37a3]-9618&alias=e2375.chtc.wisc.edu&noUDP&sock=slot1_8_13396_719a_37435>
...
040 (5550950.062.000) 2022-11-22 05:59:06 Finished transferring input files
...
001 (5550950.062.000) 2022-11-22 05:59:08 Job executing on host: <128.105.69.51:9618?addrs=128.105.69.51-9618+[2607-f388-2200-100-1e6a-7aff-fe26-37a3]-9618&alias=e2375.chtc.wisc.edu&noUDP&sock=startd_7688_e832>
...
006 (5550950.062.000) 2022-11-22 05:59:16 Image size of job updated: 188512
	12  -  MemoryUsage of job (MB)
	12220  -  ResidentSetSize of job (KB)
...
006 (5550950.062.000) 2022-11-22 06:02:41 Image size of job updated: 1473668
	12  -  MemoryUsage of job (MB)
	12236  -  ResidentSetSize of job (KB)
...
040 (5550950.062.000) 2022-11-22 06:02:41 Started transferring output files
...
040 (5550950.062.000) 2022-11-22 06:02:41 Finished transferring output files
...
005 (5550950.062.000) 2022-11-22 06:02:41 Job terminated.
	(1) Normal termination (return value 0)
		Usr 0 00:00:09, Sys 0 00:00:01  -  Run Remote Usage
		Usr 0 00:00:00, Sys 0 00:00:00  -  Run Local Usage
		Usr 0 00:00:09, Sys 0 00:00:01  -  Total Remote Usage
		Usr 0 00:00:00, Sys 0 00:00:00  -  Total Local Usage
	151764  -  Run Bytes Sent By Job
	328686816  -  Run Bytes Received By Job
	151764  -  Total Bytes Sent By Job
	328686816  -  Total Bytes Received By Job
	Partitionable Resources :    Usage  Request Allocated 
	   Cpus                 :                 1         1 
	   Disk (KB)            :   321189  2097152   2361892 
	   IoHeavy              :                           0 
	   Memory (MB)          :       12     2048      2048 

	Job terminated of its own accord at 2022-11-22T12:02:41Z.
...
