000 (5550951.020.000) 2022-11-22 05:48:06 Job submitted from host: <144.92.180.28:9618?addrs=144.92.180.28-9618+[2607-f388-101c-1000--370]-9618&alias=login04.hep.wisc.edu&noUDP&sock=schedd_3631_2478>
...
040 (5550951.020.000) 2022-11-22 06:30:52 Started transferring input files
	Transferring to host: <128.105.68.135:9618?addrs=128.105.68.135-9618+[2607-f388-2200-100-1e6a-7aff-fe26-3203]-9618&alias=e2433.chtc.wisc.edu&noUDP&sock=slot1_24_37889_fa5e_40390>
...
040 (5550951.020.000) 2022-11-22 06:31:35 Finished transferring input files
...
001 (5550951.020.000) 2022-11-22 06:31:36 Job executing on host: <128.105.68.135:9618?addrs=128.105.68.135-9618+[2607-f388-2200-100-1e6a-7aff-fe26-3203]-9618&alias=e2433.chtc.wisc.edu&noUDP&sock=startd_7128_cb29>
...
006 (5550951.020.000) 2022-11-22 06:31:44 Image size of job updated: 672232
	562  -  MemoryUsage of job (MB)
	574572  -  ResidentSetSize of job (KB)
...
006 (5550951.020.000) 2022-11-22 06:32:25 Image size of job updated: 1342560
	565  -  MemoryUsage of job (MB)
	577944  -  ResidentSetSize of job (KB)
...
040 (5550951.020.000) 2022-11-22 06:32:25 Started transferring output files
...
040 (5550951.020.000) 2022-11-22 06:32:25 Finished transferring output files
...
005 (5550951.020.000) 2022-11-22 06:32:25 Job terminated.
	(1) Normal termination (return value 0)
		Usr 0 00:00:20, Sys 0 00:00:05  -  Run Remote Usage
		Usr 0 00:00:00, Sys 0 00:00:00  -  Run Local Usage
		Usr 0 00:00:20, Sys 0 00:00:05  -  Total Remote Usage
		Usr 0 00:00:00, Sys 0 00:00:00  -  Total Local Usage
	636731  -  Run Bytes Sent By Job
	328686816  -  Run Bytes Received By Job
	636731  -  Total Bytes Sent By Job
	328686816  -  Total Bytes Received By Job
	Partitionable Resources :     Usage  Request Allocated 
	   Cpus                 :      0.57        1         1 
	   Disk (KB)            : 321673     2097152   2329022 
	   IoHeavy              :                            0 
	   Memory (MB)          :    565        2048      2048 

	Job terminated of its own accord at 2022-11-22T12:32:25Z.
...
