000 (5550951.353.000) 2022-11-22 05:48:09 Job submitted from host: <144.92.180.28:9618?addrs=144.92.180.28-9618+[2607-f388-101c-1000--370]-9618&alias=login04.hep.wisc.edu&noUDP&sock=schedd_3631_2478>
...
040 (5550951.353.000) 2022-11-22 07:19:50 Started transferring input files
	Transferring to host: <128.105.69.46:9618?addrs=128.105.69.46-9618+[2607-f388-2200-100-1e6a-7aff-fe21-b2bb]-9618&alias=e2370.chtc.wisc.edu&noUDP&sock=slot1_34_36130_9a76_32214>
...
040 (5550951.353.000) 2022-11-22 07:20:00 Finished transferring input files
...
001 (5550951.353.000) 2022-11-22 07:20:01 Job executing on host: <128.105.69.46:9618?addrs=128.105.69.46-9618+[2607-f388-2200-100-1e6a-7aff-fe21-b2bb]-9618&alias=e2370.chtc.wisc.edu&noUDP&sock=startd_7624_0222>
...
006 (5550951.353.000) 2022-11-22 07:20:10 Image size of job updated: 517188
	372  -  MemoryUsage of job (MB)
	380484  -  ResidentSetSize of job (KB)
...
006 (5550951.353.000) 2022-11-22 07:25:11 Image size of job updated: 1443040
	535  -  MemoryUsage of job (MB)
	546860  -  ResidentSetSize of job (KB)
...
006 (5550951.353.000) 2022-11-22 07:30:11 Image size of job updated: 1447292
	551  -  MemoryUsage of job (MB)
	563904  -  ResidentSetSize of job (KB)
...
006 (5550951.353.000) 2022-11-22 07:35:11 Image size of job updated: 1455860
	551  -  MemoryUsage of job (MB)
	563904  -  ResidentSetSize of job (KB)
...
040 (5550951.353.000) 2022-11-22 07:35:19 Started transferring output files
...
040 (5550951.353.000) 2022-11-22 07:35:19 Finished transferring output files
...
005 (5550951.353.000) 2022-11-22 07:35:19 Job terminated.
	(1) Normal termination (return value 0)
		Usr 0 00:06:30, Sys 0 00:00:54  -  Run Remote Usage
		Usr 0 00:00:00, Sys 0 00:00:00  -  Run Local Usage
		Usr 0 00:06:30, Sys 0 00:00:54  -  Total Remote Usage
		Usr 0 00:00:00, Sys 0 00:00:00  -  Total Local Usage
	1626915  -  Run Bytes Sent By Job
	328686816  -  Run Bytes Received By Job
	1626915  -  Total Bytes Sent By Job
	328686816  -  Total Bytes Received By Job
	Partitionable Resources :     Usage  Request Allocated 
	   Cpus                 :      0.59        1         1 
	   Disk (KB)            : 322640     2097152   2338885 
	   IoHeavy              :                            0 
	   Memory (MB)          :    551        2048      2048 

	Job terminated of its own accord at 2022-11-22T13:35:19Z.
...
