000 (5550950.343.000) 2022-11-22 05:47:27 Job submitted from host: <144.92.180.28:9618?addrs=144.92.180.28-9618+[2607-f388-101c-1000--370]-9618&alias=login04.hep.wisc.edu&noUDP&sock=schedd_3631_2478>
...
040 (5550950.343.000) 2022-11-22 06:25:06 Started transferring input files
	Transferring to host: <128.105.69.45:9618?addrs=128.105.69.45-9618+[2607-f388-2200-100-1e6a-7aff-fe26-6cf7]-9618&alias=e2369.chtc.wisc.edu&noUDP&sock=slot1_40_17018_786d_39581>
...
040 (5550950.343.000) 2022-11-22 06:25:27 Finished transferring input files
...
001 (5550950.343.000) 2022-11-22 06:25:28 Job executing on host: <128.105.69.45:9618?addrs=128.105.69.45-9618+[2607-f388-2200-100-1e6a-7aff-fe26-6cf7]-9618&alias=e2369.chtc.wisc.edu&noUDP&sock=startd_7718_7c09>
...
006 (5550950.343.000) 2022-11-22 06:25:36 Image size of job updated: 615484
	91  -  MemoryUsage of job (MB)
	92616  -  ResidentSetSize of job (KB)
...
006 (5550950.343.000) 2022-11-22 06:26:30 Image size of job updated: 1487796
	91  -  MemoryUsage of job (MB)
	92968  -  ResidentSetSize of job (KB)
...
040 (5550950.343.000) 2022-11-22 06:26:30 Started transferring output files
...
040 (5550950.343.000) 2022-11-22 06:26:31 Finished transferring output files
...
005 (5550950.343.000) 2022-11-22 06:26:31 Job terminated.
	(1) Normal termination (return value 0)
		Usr 0 00:00:13, Sys 0 00:00:05  -  Run Remote Usage
		Usr 0 00:00:00, Sys 0 00:00:00  -  Run Local Usage
		Usr 0 00:00:13, Sys 0 00:00:05  -  Total Remote Usage
		Usr 0 00:00:00, Sys 0 00:00:00  -  Total Local Usage
	152428  -  Run Bytes Sent By Job
	328686816  -  Run Bytes Received By Job
	152428  -  Total Bytes Sent By Job
	328686816  -  Total Bytes Received By Job
	Partitionable Resources :    Usage  Request Allocated 
	   Cpus                 :                 1         1 
	   Disk (KB)            :   321190  2097152   2352454 
	   IoHeavy              :                           0 
	   Memory (MB)          :       91     2048      2048 

	Job terminated of its own accord at 2022-11-22T12:26:30Z.
...
