000 (5550951.155.000) 2022-11-22 05:48:07 Job submitted from host: <144.92.180.28:9618?addrs=144.92.180.28-9618+[2607-f388-101c-1000--370]-9618&alias=login04.hep.wisc.edu&noUDP&sock=schedd_3631_2478>
...
040 (5550951.155.000) 2022-11-22 06:36:34 Started transferring input files
	Transferring to host: <128.105.244.171:9618?addrs=128.105.244.171-9618&alias=e3001.chtc.wisc.edu&noUDP&sock=slot1_12_2559_cc01_39569>
...
040 (5550951.155.000) 2022-11-22 06:38:27 Finished transferring input files
...
001 (5550951.155.000) 2022-11-22 06:38:28 Job executing on host: <128.105.244.171:9618?addrs=128.105.244.171-9618&alias=e3001.chtc.wisc.edu&noUDP&sock=startd_6633_43c7>
...
006 (5550951.155.000) 2022-11-22 06:38:36 Image size of job updated: 1007936
	372  -  MemoryUsage of job (MB)
	380492  -  ResidentSetSize of job (KB)
...
006 (5550951.155.000) 2022-11-22 06:43:36 Image size of job updated: 1484156
	567  -  MemoryUsage of job (MB)
	580112  -  ResidentSetSize of job (KB)
...
006 (5550951.155.000) 2022-11-22 06:48:36 Image size of job updated: 1484156
	568  -  MemoryUsage of job (MB)
	580760  -  ResidentSetSize of job (KB)
...
006 (5550951.155.000) 2022-11-22 06:53:37 Image size of job updated: 1484156
	573  -  MemoryUsage of job (MB)
	586412  -  ResidentSetSize of job (KB)
...
006 (5550951.155.000) 2022-11-22 06:58:38 Image size of job updated: 1484156
	573  -  MemoryUsage of job (MB)
	586416  -  ResidentSetSize of job (KB)
...
006 (5550951.155.000) 2022-11-22 07:03:38 Image size of job updated: 1484156
	573  -  MemoryUsage of job (MB)
	586496  -  ResidentSetSize of job (KB)
...
006 (5550951.155.000) 2022-11-22 07:08:38 Image size of job updated: 1485440
	577  -  MemoryUsage of job (MB)
	590240  -  ResidentSetSize of job (KB)
...
006 (5550951.155.000) 2022-11-22 07:13:39 Image size of job updated: 1486408
	578  -  MemoryUsage of job (MB)
	591212  -  ResidentSetSize of job (KB)
...
006 (5550951.155.000) 2022-11-22 07:18:40 Image size of job updated: 1488272
	578  -  MemoryUsage of job (MB)
	591432  -  ResidentSetSize of job (KB)
...
006 (5550951.155.000) 2022-11-22 07:23:40 Image size of job updated: 1488272
	578  -  MemoryUsage of job (MB)
	591452  -  ResidentSetSize of job (KB)
...
040 (5550951.155.000) 2022-11-22 07:25:05 Started transferring output files
...
040 (5550951.155.000) 2022-11-22 07:25:05 Finished transferring output files
...
005 (5550951.155.000) 2022-11-22 07:25:05 Job terminated.
	(1) Normal termination (return value 0)
		Usr 0 00:26:31, Sys 0 00:01:59  -  Run Remote Usage
		Usr 0 00:00:00, Sys 0 00:00:00  -  Run Local Usage
		Usr 0 00:26:31, Sys 0 00:01:59  -  Total Remote Usage
		Usr 0 00:00:00, Sys 0 00:00:00  -  Total Local Usage
	1838569  -  Run Bytes Sent By Job
	328686816  -  Run Bytes Received By Job
	1838569  -  Total Bytes Sent By Job
	328686816  -  Total Bytes Received By Job
	Partitionable Resources :     Usage  Request Allocated 
	   Cpus                 :      0.48        1         1 
	   Disk (KB)            : 322845     2097152  14714712 
	   IoHeavy              :                            0 
	   Memory (MB)          :    578        2048      2048 

	Job terminated of its own accord at 2022-11-22T13:25:05Z.
...
