000 (5550950.215.000) 2022-11-22 05:47:27 Job submitted from host: <144.92.180.28:9618?addrs=144.92.180.28-9618+[2607-f388-101c-1000--370]-9618&alias=login04.hep.wisc.edu&noUDP&sock=schedd_3631_2478>
...
040 (5550950.215.000) 2022-11-22 06:07:57 Started transferring input files
	Transferring to host: <128.105.68.228:9618?addrs=128.105.68.228-9618+[2607-f388-2200-100-1e6a-7aff-fe26-728b]-9618&alias=e2315.chtc.wisc.edu&noUDP&sock=slot1_32_31836_1788_40002>
...
040 (5550950.215.000) 2022-11-22 06:08:08 Finished transferring input files
...
001 (5550950.215.000) 2022-11-22 06:08:09 Job executing on host: <128.105.68.228:9618?addrs=128.105.68.228-9618+[2607-f388-2200-100-1e6a-7aff-fe26-728b]-9618&alias=e2315.chtc.wisc.edu&noUDP&sock=startd_7598_2cac>
...
006 (5550950.215.000) 2022-11-22 06:08:18 Image size of job updated: 999780
	372  -  MemoryUsage of job (MB)
	380484  -  ResidentSetSize of job (KB)
...
006 (5550950.215.000) 2022-11-22 06:13:19 Image size of job updated: 1419208
	514  -  MemoryUsage of job (MB)
	525392  -  ResidentSetSize of job (KB)
...
006 (5550950.215.000) 2022-11-22 06:18:20 Image size of job updated: 1423464
	534  -  MemoryUsage of job (MB)
	545920  -  ResidentSetSize of job (KB)
...
006 (5550950.215.000) 2022-11-22 06:23:20 Image size of job updated: 1423464
	535  -  MemoryUsage of job (MB)
	547732  -  ResidentSetSize of job (KB)
...
040 (5550950.215.000) 2022-11-22 06:27:17 Started transferring output files
...
040 (5550950.215.000) 2022-11-22 06:27:18 Finished transferring output files
...
005 (5550950.215.000) 2022-11-22 06:27:18 Job terminated.
	(1) Normal termination (return value 0)
		Usr 0 00:07:46, Sys 0 00:00:56  -  Run Remote Usage
		Usr 0 00:00:00, Sys 0 00:00:00  -  Run Local Usage
		Usr 0 00:07:46, Sys 0 00:00:56  -  Total Remote Usage
		Usr 0 00:00:00, Sys 0 00:00:00  -  Total Local Usage
	1269502  -  Run Bytes Sent By Job
	328686816  -  Run Bytes Received By Job
	1269502  -  Total Bytes Sent By Job
	328686816  -  Total Bytes Received By Job
	Partitionable Resources :     Usage  Request Allocated 
	   Cpus                 :      0.46        1         1 
	   Disk (KB)            : 322291     2097152   2397451 
	   IoHeavy              :                            0 
	   Memory (MB)          :    535        2048      2048 

	Job terminated of its own accord at 2022-11-22T12:27:17Z.
...
