000 (5550950.039.000) 2022-11-22 05:47:25 Job submitted from host: <144.92.180.28:9618?addrs=144.92.180.28-9618+[2607-f388-101c-1000--370]-9618&alias=login04.hep.wisc.edu&noUDP&sock=schedd_3631_2478>
...
040 (5550950.039.000) 2022-11-22 05:55:20 Started transferring input files
	Transferring to host: <128.105.69.70:9618?addrs=128.105.69.70-9618+[2607-f388-2200-100-1e6a-7aff-fe26-3183]-9618&alias=e2399.chtc.wisc.edu&noUDP&sock=slot1_8_20054_9b69_31672>
...
040 (5550950.039.000) 2022-11-22 05:55:31 Finished transferring input files
...
001 (5550950.039.000) 2022-11-22 05:55:32 Job executing on host: <128.105.69.70:9618?addrs=128.105.69.70-9618+[2607-f388-2200-100-1e6a-7aff-fe26-3183]-9618&alias=e2399.chtc.wisc.edu&noUDP&sock=startd_7504_b2c5>
...
006 (5550950.039.000) 2022-11-22 05:55:41 Image size of job updated: 267960
	40  -  MemoryUsage of job (MB)
	40460  -  ResidentSetSize of job (KB)
...
006 (5550950.039.000) 2022-11-22 05:59:33 Image size of job updated: 1397912
	40  -  MemoryUsage of job (MB)
	40580  -  ResidentSetSize of job (KB)
...
040 (5550950.039.000) 2022-11-22 05:59:34 Started transferring output files
...
040 (5550950.039.000) 2022-11-22 05:59:34 Finished transferring output files
...
005 (5550950.039.000) 2022-11-22 05:59:34 Job terminated.
	(1) Normal termination (return value 0)
		Usr 0 00:00:45, Sys 0 00:00:08  -  Run Remote Usage
		Usr 0 00:00:00, Sys 0 00:00:00  -  Run Local Usage
		Usr 0 00:00:45, Sys 0 00:00:08  -  Total Remote Usage
		Usr 0 00:00:00, Sys 0 00:00:00  -  Total Local Usage
	295057  -  Run Bytes Sent By Job
	328686816  -  Run Bytes Received By Job
	295057  -  Total Bytes Sent By Job
	328686816  -  Total Bytes Received By Job
	Partitionable Resources :     Usage  Request Allocated 
	   Cpus                 :      0.41        1         1 
	   Disk (KB)            : 321339     2097152   2335346 
	   IoHeavy              :                            0 
	   Memory (MB)          :     40        2048      2048 

	Job terminated of its own accord at 2022-11-22T11:59:33Z.
...
