analyze_etau blinded_MET_EraF_0000_010 DATA
argc = 8
sp = 0
Systematics : V  Response NJet0 = 0.017
Systematics : V  Response NJet1 = 0.022
Systematics : V  Response NJetGe2 = 0.026
Systematics : V  Resolution NJet0 = 0.024
Systematics : V  Resolution NJet1 = 0.03
Systematics : V  Resolution NJetGe2 = 0.034
Systematics : EWK  Response NJet0 = 0.015
Systematics : EWK  Response NJet1 = 0.02
Systematics : EWK  Response NJetGe2 = 0.025
Systematics : EWK  Resolution NJet0 = 0.021
Systematics : EWK  Resolution NJet1 = 0.027
Systematics : EWK  Resolution NJetGe2 = 0.032
Systematics : TOP  Response NJet0 = 0.015
Systematics : TOP  Response NJet1 = 0.02
Systematics : TOP  Response NJetGe2 = 0.025
Systematics : TOP  Resolution NJet0 = 0.021
Systematics : TOP  Resolution NJet1 = 0.027
Systematics : TOP  Resolution NJetGe2 = 0.032
V_NJet0
V_NJet1
V_NJetGe2
EWK_NJet0
EWK_NJet1
EWK_NJetGe2
TOP_NJet0
TOP_NJet1
TOP_NJetGe2
All files added.
Initializing chain.
from Init DATA
sample ==========blinded_MET_EraF_0000_010
.... DATA file ..... 
Coming in: 
nentries:510
Running over 510 events.
Finished entry 0/509
Finished entry 20/509
Finished entry 40/509
Finished entry 60/509
Finished entry 80/509
Finished entry 100/509
Finished entry 120/509
Finished entry 140/509
Finished entry 160/509
Finished entry 180/509
Finished entry 200/509
Finished entry 220/509
Finished entry 240/509
Finished entry 260/509
Finished entry 280/509
Finished entry 300/509
Finished entry 320/509
Finished entry 340/509
Finished entry 360/509
Finished entry 380/509
Finished entry 400/509
Finished entry 420/509
Finished entry 440/509
Finished entry 460/509
Finished entry 480/509
Finished entry 500/509
Finished entry 509/509
All events checked.
*******************************************
******************Jithin's original*************************
    Initial entries 510.000000
   Passing smikking 0.000000
     GoodMuonPassed 0.000000   % change= 100.000000
      GoodTauPassed 0.000000   % change= -nan
         opp charge 0.000000   % change= -nan
 PassedThirdLepVeto 0.000000   % change= -nan
     PassedBjetVeto 0.000000   % change= -nan
       DeltaRPassed 0.000000   % change= -nan
      Total change :100.000000
*******************************************
*******************************************
Number of events inspected: 510
Number of events inspected (minus negative gen. weights): 510.000000
 Outpt written to blinded_MET_EraF_0000_010.root
Real time 0:00:10, CP time 8.740
1669120117 - 1669120104
