000 (5550950.130.000) 2022-11-22 05:47:26 Job submitted from host: <144.92.180.28:9618?addrs=144.92.180.28-9618+[2607-f388-101c-1000--370]-9618&alias=login04.hep.wisc.edu&noUDP&sock=schedd_3631_2478>
...
040 (5550950.130.000) 2022-11-22 06:03:10 Started transferring input files
	Transferring to host: <128.105.68.207:9618?addrs=128.105.68.207-9618+[2607-f388-2200-100-1e6a-7aff-fe26-bd4f]-9618&alias=e2294.chtc.wisc.edu&noUDP&sock=slot1_13_4340_ac2a_56739>
...
040 (5550950.130.000) 2022-11-22 06:03:22 Finished transferring input files
...
001 (5550950.130.000) 2022-11-22 06:03:23 Job executing on host: <128.105.68.207:9618?addrs=128.105.68.207-9618+[2607-f388-2200-100-1e6a-7aff-fe26-bd4f]-9618&alias=e2294.chtc.wisc.edu&noUDP&sock=startd_6966_acd1>
...
006 (5550950.130.000) 2022-11-22 06:03:32 Image size of job updated: 250672
	10  -  MemoryUsage of job (MB)
	10236  -  ResidentSetSize of job (KB)
...
006 (5550950.130.000) 2022-11-22 06:06:53 Image size of job updated: 1394872
	11  -  MemoryUsage of job (MB)
	10264  -  ResidentSetSize of job (KB)
...
040 (5550950.130.000) 2022-11-22 06:06:53 Started transferring output files
...
040 (5550950.130.000) 2022-11-22 06:06:53 Finished transferring output files
...
005 (5550950.130.000) 2022-11-22 06:06:54 Job terminated.
	(1) Normal termination (return value 0)
		Usr 0 00:00:10, Sys 0 00:00:01  -  Run Remote Usage
		Usr 0 00:00:00, Sys 0 00:00:00  -  Run Local Usage
		Usr 0 00:00:10, Sys 0 00:00:01  -  Total Remote Usage
		Usr 0 00:00:00, Sys 0 00:00:00  -  Total Local Usage
	8983  -  Run Bytes Sent By Job
	328686816  -  Run Bytes Received By Job
	8983  -  Total Bytes Sent By Job
	328686816  -  Total Bytes Received By Job
	Partitionable Resources :     Usage  Request Allocated 
	   Cpus                 :      0.22        1         1 
	   Disk (KB)            : 321060     2097152   2395248 
	   IoHeavy              :                            0 
	   Memory (MB)          :     11        2048      2048 

	Job terminated of its own accord at 2022-11-22T12:06:53Z.
...
