000 (5550950.047.000) 2022-11-22 05:47:25 Job submitted from host: <144.92.180.28:9618?addrs=144.92.180.28-9618+[2607-f388-101c-1000--370]-9618&alias=login04.hep.wisc.edu&noUDP&sock=schedd_3631_2478>
...
040 (5550950.047.000) 2022-11-22 05:56:42 Started transferring input files
	Transferring to host: <128.105.69.44:9618?addrs=128.105.69.44-9618+[2607-f388-2200-100-1e6a-7aff-fe26-bbdd]-9618&alias=e2366.chtc.wisc.edu&noUDP&sock=slot1_7_20235_2350_37513>
...
040 (5550950.047.000) 2022-11-22 05:56:53 Finished transferring input files
...
001 (5550950.047.000) 2022-11-22 05:56:54 Job executing on host: <128.105.69.44:9618?addrs=128.105.69.44-9618+[2607-f388-2200-100-1e6a-7aff-fe26-bbdd]-9618&alias=e2366.chtc.wisc.edu&noUDP&sock=startd_7754_2d72>
...
006 (5550950.047.000) 2022-11-22 05:57:03 Image size of job updated: 190272
	14  -  MemoryUsage of job (MB)
	14292  -  ResidentSetSize of job (KB)
...
006 (5550950.047.000) 2022-11-22 06:01:33 Image size of job updated: 1395640
	14  -  MemoryUsage of job (MB)
	14312  -  ResidentSetSize of job (KB)
...
040 (5550950.047.000) 2022-11-22 06:01:33 Started transferring output files
...
040 (5550950.047.000) 2022-11-22 06:01:33 Finished transferring output files
...
005 (5550950.047.000) 2022-11-22 06:01:33 Job terminated.
	(1) Normal termination (return value 0)
		Usr 0 00:00:50, Sys 0 00:00:02  -  Run Remote Usage
		Usr 0 00:00:00, Sys 0 00:00:00  -  Run Local Usage
		Usr 0 00:00:50, Sys 0 00:00:02  -  Total Remote Usage
		Usr 0 00:00:00, Sys 0 00:00:00  -  Total Local Usage
	1291065  -  Run Bytes Sent By Job
	328686816  -  Run Bytes Received By Job
	1291065  -  Total Bytes Sent By Job
	328686816  -  Total Bytes Received By Job
	Partitionable Resources :     Usage  Request Allocated 
	   Cpus                 :      0.19        1         1 
	   Disk (KB)            : 322312     2097152   2333735 
	   IoHeavy              :                            0 
	   Memory (MB)          :     14        2048      2048 

	Job terminated of its own accord at 2022-11-22T12:01:33Z.
...
