000 (5550951.336.000) 2022-11-22 05:48:09 Job submitted from host: <144.92.180.28:9618?addrs=144.92.180.28-9618+[2607-f388-101c-1000--370]-9618&alias=login04.hep.wisc.edu&noUDP&sock=schedd_3631_2478>
...
040 (5550951.336.000) 2022-11-22 07:16:57 Started transferring input files
	Transferring to host: <128.105.68.144:9618?addrs=128.105.68.144-9618+[2607-f388-2200-100-1e6a-7aff-fe26-4df1]-9618&alias=e2422.chtc.wisc.edu&noUDP&sock=slot1_8_34377_74cf_40563>
...
040 (5550951.336.000) 2022-11-22 07:17:07 Finished transferring input files
...
001 (5550951.336.000) 2022-11-22 07:17:08 Job executing on host: <128.105.68.144:9618?addrs=128.105.68.144-9618+[2607-f388-2200-100-1e6a-7aff-fe26-4df1]-9618&alias=e2422.chtc.wisc.edu&noUDP&sock=startd_7585_41f0>
...
006 (5550951.336.000) 2022-11-22 07:17:17 Image size of job updated: 40916
	16  -  MemoryUsage of job (MB)
	16220  -  ResidentSetSize of job (KB)
...
006 (5550951.336.000) 2022-11-22 07:22:18 Image size of job updated: 1443836
	536  -  MemoryUsage of job (MB)
	548248  -  ResidentSetSize of job (KB)
...
006 (5550951.336.000) 2022-11-22 07:27:19 Image size of job updated: 1449276
	543  -  MemoryUsage of job (MB)
	555848  -  ResidentSetSize of job (KB)
...
006 (5550951.336.000) 2022-11-22 07:32:19 Image size of job updated: 1449276
	552  -  MemoryUsage of job (MB)
	564356  -  ResidentSetSize of job (KB)
...
040 (5550951.336.000) 2022-11-22 07:40:27 Started transferring output files
...
040 (5550951.336.000) 2022-11-22 07:40:27 Finished transferring output files
...
005 (5550951.336.000) 2022-11-22 07:40:27 Job terminated.
	(1) Normal termination (return value 0)
		Usr 0 00:06:04, Sys 0 00:00:20  -  Run Remote Usage
		Usr 0 00:00:00, Sys 0 00:00:00  -  Run Local Usage
		Usr 0 00:06:04, Sys 0 00:00:20  -  Total Remote Usage
		Usr 0 00:00:00, Sys 0 00:00:00  -  Total Local Usage
	1626908  -  Run Bytes Sent By Job
	328686816  -  Run Bytes Received By Job
	1626908  -  Total Bytes Sent By Job
	328686816  -  Total Bytes Received By Job
	Partitionable Resources :     Usage  Request Allocated 
	   Cpus                 :      0.34        1         1 
	   Disk (KB)            : 322640     2097152   2354316 
	   IoHeavy              :                            0 
	   Memory (MB)          :    552        2048      2048 

	Job terminated of its own accord at 2022-11-22T13:40:27Z.
...
