000 (5550950.274.000) 2022-11-22 05:47:27 Job submitted from host: <144.92.180.28:9618?addrs=144.92.180.28-9618+[2607-f388-101c-1000--370]-9618&alias=login04.hep.wisc.edu&noUDP&sock=schedd_3631_2478>
...
040 (5550950.274.000) 2022-11-22 06:18:14 Started transferring input files
	Transferring to host: <128.104.58.127:9618?addrs=128.104.58.127-9618+[2607-f388-1086-0-67d-7bff-fe41-5e19]-9618&alias=e544.chtc.wisc.edu&noUDP&sock=slot1_8_17377_6b1c_35891>
...
040 (5550950.274.000) 2022-11-22 06:18:24 Finished transferring input files
...
001 (5550950.274.000) 2022-11-22 06:18:25 Job executing on host: <128.104.58.127:9618?addrs=128.104.58.127-9618+[2607-f388-1086-0-67d-7bff-fe41-5e19]-9618&alias=e544.chtc.wisc.edu&noUDP&sock=startd_7318_1e27>
...
006 (5550950.274.000) 2022-11-22 06:18:33 Image size of job updated: 844700
	357  -  MemoryUsage of job (MB)
	365248  -  ResidentSetSize of job (KB)
...
006 (5550950.274.000) 2022-11-22 06:22:41 Image size of job updated: 1442236
	357  -  MemoryUsage of job (MB)
	365248  -  ResidentSetSize of job (KB)
...
040 (5550950.274.000) 2022-11-22 06:22:41 Started transferring output files
...
040 (5550950.274.000) 2022-11-22 06:22:41 Finished transferring output files
...
005 (5550950.274.000) 2022-11-22 06:22:41 Job terminated.
	(1) Normal termination (return value 0)
		Usr 0 00:01:17, Sys 0 00:00:18  -  Run Remote Usage
		Usr 0 00:00:00, Sys 0 00:00:00  -  Run Local Usage
		Usr 0 00:01:17, Sys 0 00:00:18  -  Total Remote Usage
		Usr 0 00:00:00, Sys 0 00:00:00  -  Total Local Usage
	1246587  -  Run Bytes Sent By Job
	328686816  -  Run Bytes Received By Job
	1246587  -  Total Bytes Sent By Job
	328686816  -  Total Bytes Received By Job
	Partitionable Resources :     Usage  Request Allocated 
	   Cpus                 :      0.60        1         1 
	   Disk (KB)            : 322268     2097152  16624863 
	   IoHeavy              :                            0 
	   Memory (MB)          :    357        2048      2048 

	Job terminated of its own accord at 2022-11-22T12:22:41Z.
...
