000 (5550950.071.000) 2022-11-22 05:47:25 Job submitted from host: <144.92.180.28:9618?addrs=144.92.180.28-9618+[2607-f388-101c-1000--370]-9618&alias=login04.hep.wisc.edu&noUDP&sock=schedd_3631_2478>
...
040 (5550950.071.000) 2022-11-22 05:59:35 Started transferring input files
	Transferring to host: <128.105.68.208:9618?addrs=128.105.68.208-9618+[2607-f388-2200-100-1e6a-7aff-fe26-bb7d]-9618&alias=e2295.chtc.wisc.edu&noUDP&sock=slot1_6_30754_b99c_37519>
...
040 (5550950.071.000) 2022-11-22 06:00:03 Finished transferring input files
...
001 (5550950.071.000) 2022-11-22 06:00:04 Job executing on host: <128.105.68.208:9618?addrs=128.105.68.208-9618+[2607-f388-2200-100-1e6a-7aff-fe26-bb7d]-9618&alias=e2295.chtc.wisc.edu&noUDP&sock=startd_7476_7e1e>
...
006 (5550950.071.000) 2022-11-22 06:00:12 Image size of job updated: 189612
	12  -  MemoryUsage of job (MB)
	11948  -  ResidentSetSize of job (KB)
...
006 (5550950.071.000) 2022-11-22 06:03:26 Image size of job updated: 1454260
	12  -  MemoryUsage of job (MB)
	11968  -  ResidentSetSize of job (KB)
...
040 (5550950.071.000) 2022-11-22 06:03:27 Started transferring output files
...
040 (5550950.071.000) 2022-11-22 06:03:27 Finished transferring output files
...
005 (5550950.071.000) 2022-11-22 06:03:27 Job terminated.
	(1) Normal termination (return value 0)
		Usr 0 00:00:09, Sys 0 00:00:02  -  Run Remote Usage
		Usr 0 00:00:00, Sys 0 00:00:00  -  Run Local Usage
		Usr 0 00:00:09, Sys 0 00:00:02  -  Total Remote Usage
		Usr 0 00:00:00, Sys 0 00:00:00  -  Total Local Usage
	150763  -  Run Bytes Sent By Job
	328686816  -  Run Bytes Received By Job
	150763  -  Total Bytes Sent By Job
	328686816  -  Total Bytes Received By Job
	Partitionable Resources :    Usage  Request Allocated 
	   Cpus                 :                 1         1 
	   Disk (KB)            :   321188  2097152   2426061 
	   IoHeavy              :                           0 
	   Memory (MB)          :       12     2048      2048 

	Job terminated of its own accord at 2022-11-22T12:03:26Z.
...
