000 (5550951.487.000) 2022-11-22 05:48:10 Job submitted from host: <144.92.180.28:9618?addrs=144.92.180.28-9618+[2607-f388-101c-1000--370]-9618&alias=login04.hep.wisc.edu&noUDP&sock=schedd_3631_2478>
...
040 (5550951.487.000) 2022-11-22 07:43:27 Started transferring input files
	Transferring to host: <128.105.69.36:9618?addrs=128.105.69.36-9618+[2607-f388-2200-100-1e6a-7aff-fe26-b5c3]-9618&alias=e2358.chtc.wisc.edu&noUDP&sock=slot1_36_21972_02f7_33491>
...
040 (5550951.487.000) 2022-11-22 07:43:39 Finished transferring input files
...
001 (5550951.487.000) 2022-11-22 07:43:40 Job executing on host: <128.105.69.36:9618?addrs=128.105.69.36-9618+[2607-f388-2200-100-1e6a-7aff-fe26-b5c3]-9618&alias=e2358.chtc.wisc.edu&noUDP&sock=startd_7639_4c0e>
...
006 (5550951.487.000) 2022-11-22 07:43:49 Image size of job updated: 520644
	369  -  MemoryUsage of job (MB)
	377052  -  ResidentSetSize of job (KB)
...
006 (5550951.487.000) 2022-11-22 07:48:50 Image size of job updated: 1478888
	552  -  MemoryUsage of job (MB)
	565012  -  ResidentSetSize of job (KB)
...
006 (5550951.487.000) 2022-11-22 07:53:22 Image size of job updated: 1478956
	552  -  MemoryUsage of job (MB)
	565012  -  ResidentSetSize of job (KB)
...
040 (5550951.487.000) 2022-11-22 07:53:22 Started transferring output files
...
040 (5550951.487.000) 2022-11-22 07:53:22 Finished transferring output files
...
005 (5550951.487.000) 2022-11-22 07:53:22 Job terminated.
	(1) Normal termination (return value 0)
		Usr 0 00:05:31, Sys 0 00:00:21  -  Run Remote Usage
		Usr 0 00:00:00, Sys 0 00:00:00  -  Run Local Usage
		Usr 0 00:05:31, Sys 0 00:00:21  -  Total Remote Usage
		Usr 0 00:00:00, Sys 0 00:00:00  -  Total Local Usage
	1610732  -  Run Bytes Sent By Job
	328686816  -  Run Bytes Received By Job
	1610732  -  Total Bytes Sent By Job
	328686816  -  Total Bytes Received By Job
	Partitionable Resources :     Usage  Request Allocated 
	   Cpus                 :      0.62        1         1 
	   Disk (KB)            : 322624     2097152   2321909 
	   IoHeavy              :                            0 
	   Memory (MB)          :    552        2048      2048 

	Job terminated of its own accord at 2022-11-22T13:53:22Z.
...
