analyze_etau WZTo3LNu_TuneCP5_00_01 MC
argc = 8
sp = 0
Systematics : V  Response NJet0 = 0.017
Systematics : V  Response NJet1 = 0.022
Systematics : V  Response NJetGe2 = 0.026
Systematics : V  Resolution NJet0 = 0.024
Systematics : V  Resolution NJet1 = 0.03
Systematics : V  Resolution NJetGe2 = 0.034
Systematics : EWK  Response NJet0 = 0.015
Systematics : EWK  Response NJet1 = 0.02
Systematics : EWK  Response NJetGe2 = 0.025
Systematics : EWK  Resolution NJet0 = 0.021
Systematics : EWK  Resolution NJet1 = 0.027
Systematics : EWK  Resolution NJetGe2 = 0.032
Systematics : TOP  Response NJet0 = 0.015
Systematics : TOP  Response NJet1 = 0.02
Systematics : TOP  Response NJetGe2 = 0.025
Systematics : TOP  Resolution NJet0 = 0.021
Systematics : TOP  Resolution NJet1 = 0.027
Systematics : TOP  Resolution NJetGe2 = 0.032
V_NJet0
V_NJet1
V_NJetGe2
EWK_NJet0
EWK_NJet1
EWK_NJetGe2
TOP_NJet0
TOP_NJet1
TOP_NJetGe2
All files added.
Initializing chain.
from Init MC
sample ==========WZTo3LNu_TuneCP5_00_01
.... MC file ..... 
Coming in: 
nentries:613542
Running over 613542 events.
Finished entry 0/613541
Finished entry 30000/613541
Finished entry 60000/613541
Finished entry 90000/613541
Finished entry 120000/613541
Finished entry 150000/613541
Finished entry 180000/613541
Finished entry 210000/613541
Finished entry 240000/613541
Finished entry 270000/613541
Finished entry 300000/613541
Finished entry 330000/613541
Finished entry 360000/613541
Finished entry 390000/613541
Finished entry 420000/613541
Finished entry 450000/613541
Finished entry 480000/613541
Finished entry 510000/613541
Finished entry 540000/613541
Finished entry 570000/613541
Finished entry 600000/613541
Finished entry 613541/613541
All events checked.
*******************************************
******************Jithin's original*************************
    Initial entries 613542.000000
   Passing smikking 0.000000
     GoodMuonPassed 0.000000   % change= 100.000000
      GoodTauPassed 0.000000   % change= -nan
         opp charge 0.000000   % change= -nan
 PassedThirdLepVeto 1235.000000   % change= -inf
     PassedBjetVeto 1235.000000   % change= 0.000000
       DeltaRPassed 1235.000000   % change= 0.000000
      Total change :99.798710
*******************************************
*******************************************
Number of events inspected: 613542
Number of events inspected (minus negative gen. weights): 347794.000000
 Outpt written to WZTo3LNu_TuneCP5_00_01.root
Real time 0:14:43, CP time 239.850
1669120358 - 1669119472
