analyze_etau MET_EraB_0000_03 DATA
argc = 8
sp = 0
Systematics : V  Response NJet0 = 0.017
Systematics : V  Response NJet1 = 0.022
Systematics : V  Response NJetGe2 = 0.026
Systematics : V  Resolution NJet0 = 0.024
Systematics : V  Resolution NJet1 = 0.03
Systematics : V  Resolution NJetGe2 = 0.034
Systematics : EWK  Response NJet0 = 0.015
Systematics : EWK  Response NJet1 = 0.02
Systematics : EWK  Response NJetGe2 = 0.025
Systematics : EWK  Resolution NJet0 = 0.021
Systematics : EWK  Resolution NJet1 = 0.027
Systematics : EWK  Resolution NJetGe2 = 0.032
Systematics : TOP  Response NJet0 = 0.015
Systematics : TOP  Response NJet1 = 0.02
Systematics : TOP  Response NJetGe2 = 0.025
Systematics : TOP  Resolution NJet0 = 0.021
Systematics : TOP  Resolution NJet1 = 0.027
Systematics : TOP  Resolution NJetGe2 = 0.032
V_NJet0
V_NJet1
V_NJetGe2
EWK_NJet0
EWK_NJet1
EWK_NJetGe2
TOP_NJet0
TOP_NJet1
TOP_NJetGe2
All files added.
Initializing chain.
from Init DATA
sample ==========MET_EraB_0000_03
.... DATA file ..... 
Coming in: 
nentries:13713
Running over 13713 events.
Finished entry 0/13712
Finished entry 600/13712
Finished entry 1200/13712
Finished entry 1800/13712
Finished entry 2400/13712
Finished entry 3000/13712
Finished entry 3600/13712
Finished entry 4200/13712
Finished entry 4800/13712
Finished entry 5400/13712
Finished entry 6000/13712
Finished entry 6600/13712
Finished entry 7200/13712
Finished entry 7800/13712
Finished entry 8400/13712
Finished entry 9000/13712
Finished entry 9600/13712
Finished entry 10200/13712
Finished entry 10800/13712
Finished entry 11400/13712
Finished entry 12000/13712
Finished entry 12600/13712
Finished entry 13200/13712
Finished entry 13712/13712
All events checked.
*******************************************
******************Jithin's original*************************
    Initial entries 13713.000000
   Passing smikking 0.000000
     GoodMuonPassed 0.000000   % change= 100.000000
      GoodTauPassed 0.000000   % change= -nan
         opp charge 0.000000   % change= -nan
 PassedThirdLepVeto 0.000000   % change= -nan
     PassedBjetVeto 0.000000   % change= -nan
       DeltaRPassed 0.000000   % change= -nan
      Total change :100.000000
*******************************************
*******************************************
Number of events inspected: 13713
Number of events inspected (minus negative gen. weights): 13713.000000
 Outpt written to MET_EraB_0000_03.root
Real time 0:03:01, CP time 17.850
1669118494 - 1669118287
