000 (5550951.103.000) 2022-11-22 05:48:07 Job submitted from host: <144.92.180.28:9618?addrs=144.92.180.28-9618+[2607-f388-101c-1000--370]-9618&alias=login04.hep.wisc.edu&noUDP&sock=schedd_3631_2478>
...
040 (5550951.103.000) 2022-11-22 06:34:00 Started transferring input files
	Transferring to host: <128.105.69.50:9618?addrs=128.105.69.50-9618+[2607-f388-2200-100-fac2-88ff-fe67-1ae5]-9618&alias=e374.chtc.wisc.edu&noUDP&sock=slot1_7_39096_6b2f_36924>
...
040 (5550951.103.000) 2022-11-22 06:39:10 Finished transferring input files
...
001 (5550951.103.000) 2022-11-22 06:39:11 Job executing on host: <128.105.69.50:9618?addrs=128.105.69.50-9618+[2607-f388-2200-100-fac2-88ff-fe67-1ae5]-9618&alias=e374.chtc.wisc.edu&noUDP&sock=startd_7737_8456>
...
006 (5550951.103.000) 2022-11-22 06:39:20 Image size of job updated: 108364
	11  -  MemoryUsage of job (MB)
	10568  -  ResidentSetSize of job (KB)
...
006 (5550951.103.000) 2022-11-22 06:40:55 Image size of job updated: 1337084
	11  -  MemoryUsage of job (MB)
	10592  -  ResidentSetSize of job (KB)
...
040 (5550951.103.000) 2022-11-22 06:40:55 Started transferring output files
...
040 (5550951.103.000) 2022-11-22 06:40:55 Finished transferring output files
...
005 (5550951.103.000) 2022-11-22 06:40:55 Job terminated.
	(1) Normal termination (return value 0)
		Usr 0 00:00:14, Sys 0 00:00:01  -  Run Remote Usage
		Usr 0 00:00:00, Sys 0 00:00:00  -  Run Local Usage
		Usr 0 00:00:14, Sys 0 00:00:01  -  Total Remote Usage
		Usr 0 00:00:00, Sys 0 00:00:00  -  Total Local Usage
	564463  -  Run Bytes Sent By Job
	328686816  -  Run Bytes Received By Job
	564463  -  Total Bytes Sent By Job
	328686816  -  Total Bytes Received By Job
	Partitionable Resources :     Usage  Request Allocated 
	   Cpus                 :      0.03        1         1 
	   Disk (KB)            : 321602     2097152   2353199 
	   IoHeavy              :                            0 
	   Memory (MB)          :     11        2048      2048 

	Job terminated of its own accord at 2022-11-22T12:40:55Z.
...
