000 (5550950.375.000) 2022-11-22 05:47:28 Job submitted from host: <144.92.180.28:9618?addrs=144.92.180.28-9618+[2607-f388-101c-1000--370]-9618&alias=login04.hep.wisc.edu&noUDP&sock=schedd_3631_2478>
...
040 (5550950.375.000) 2022-11-22 06:26:23 Started transferring input files
	Transferring to host: <128.105.244.171:9618?addrs=128.105.244.171-9618&alias=e3001.chtc.wisc.edu&noUDP&sock=slot1_12_2559_cc01_39482>
...
040 (5550950.375.000) 2022-11-22 06:28:29 Finished transferring input files
...
001 (5550950.375.000) 2022-11-22 06:28:30 Job executing on host: <128.105.244.171:9618?addrs=128.105.244.171-9618&alias=e3001.chtc.wisc.edu&noUDP&sock=startd_6633_43c7>
...
006 (5550950.375.000) 2022-11-22 06:28:38 Image size of job updated: 775376
	365  -  MemoryUsage of job (MB)
	373544  -  ResidentSetSize of job (KB)
...
006 (5550950.375.000) 2022-11-22 06:30:07 Image size of job updated: 1413868
	367  -  MemoryUsage of job (MB)
	375068  -  ResidentSetSize of job (KB)
...
040 (5550950.375.000) 2022-11-22 06:30:08 Started transferring output files
...
040 (5550950.375.000) 2022-11-22 06:30:08 Finished transferring output files
...
005 (5550950.375.000) 2022-11-22 06:30:08 Job terminated.
	(1) Normal termination (return value 0)
		Usr 0 00:00:14, Sys 0 00:00:05  -  Run Remote Usage
		Usr 0 00:00:00, Sys 0 00:00:00  -  Run Local Usage
		Usr 0 00:00:14, Sys 0 00:00:05  -  Total Remote Usage
		Usr 0 00:00:00, Sys 0 00:00:00  -  Total Local Usage
	756176  -  Run Bytes Sent By Job
	328686816  -  Run Bytes Received By Job
	756176  -  Total Bytes Sent By Job
	328686816  -  Total Bytes Received By Job
	Partitionable Resources :     Usage  Request Allocated 
	   Cpus                 :      0.71        1         1 
	   Disk (KB)            : 321788     2097152  14714712 
	   IoHeavy              :                            0 
	   Memory (MB)          :    367        2048      2048 

	Job terminated of its own accord at 2022-11-22T12:30:07Z.
...
