000 (5550950.342.000) 2022-11-22 05:47:27 Job submitted from host: <144.92.180.28:9618?addrs=144.92.180.28-9618+[2607-f388-101c-1000--370]-9618&alias=login04.hep.wisc.edu&noUDP&sock=schedd_3631_2478>
...
040 (5550950.342.000) 2022-11-22 06:25:03 Started transferring input files
	Transferring to host: <144.92.181.221:9618?addrs=144.92.181.221-9618+[2607-f388-101c-1000--176]-9618&alias=g18n22.hep.wisc.edu&noUDP&sock=slot1_4_31802_22c6_78751>
...
040 (5550950.342.000) 2022-11-22 06:25:19 Finished transferring input files
...
001 (5550950.342.000) 2022-11-22 06:25:20 Job executing on host: <144.92.181.221:9618?addrs=144.92.181.221-9618+[2607-f388-101c-1000--176]-9618&alias=g18n22.hep.wisc.edu&noUDP&sock=startd_2121_6876>
...
006 (5550950.342.000) 2022-11-22 06:25:29 Image size of job updated: 844712
	367  -  MemoryUsage of job (MB)
	375340  -  ResidentSetSize of job (KB)
...
006 (5550950.342.000) 2022-11-22 06:26:03 Image size of job updated: 1451128
	367  -  MemoryUsage of job (MB)
	375604  -  ResidentSetSize of job (KB)
...
040 (5550950.342.000) 2022-11-22 06:26:03 Started transferring output files
...
040 (5550950.342.000) 2022-11-22 06:26:03 Finished transferring output files
...
005 (5550950.342.000) 2022-11-22 06:26:04 Job terminated.
	(1) Normal termination (return value 0)
		Usr 0 00:00:18, Sys 0 00:00:06  -  Run Remote Usage
		Usr 0 00:00:00, Sys 0 00:00:00  -  Run Local Usage
		Usr 0 00:00:18, Sys 0 00:00:06  -  Total Remote Usage
		Usr 0 00:00:00, Sys 0 00:00:00  -  Total Local Usage
	11073  -  Run Bytes Sent By Job
	328686816  -  Run Bytes Received By Job
	11073  -  Total Bytes Sent By Job
	328686816  -  Total Bytes Received By Job
	Partitionable Resources :    Usage  Request Allocated 
	   Cpus                 :        0        1         1 
	   Disk (KB)            :   321060  2097152  18373882 
	   Memory (MB)          :      367     2048      2500 

	Job terminated of its own accord at 2022-11-22T12:26:03Z.
...
