000 (5550951.355.000) 2022-11-22 05:48:09 Job submitted from host: <144.92.180.28:9618?addrs=144.92.180.28-9618+[2607-f388-101c-1000--370]-9618&alias=login04.hep.wisc.edu&noUDP&sock=schedd_3631_2478>
...
040 (5550951.355.000) 2022-11-22 07:19:56 Started transferring input files
	Transferring to host: <128.105.68.212:9618?addrs=128.105.68.212-9618+[2607-f388-2200-100-1e6a-7aff-fe26-ca0f]-9618&alias=e2299.chtc.wisc.edu&noUDP&sock=slot1_22_15647_7a15_34628>
...
040 (5550951.355.000) 2022-11-22 07:20:07 Finished transferring input files
...
001 (5550951.355.000) 2022-11-22 07:20:08 Job executing on host: <128.105.68.212:9618?addrs=128.105.68.212-9618+[2607-f388-2200-100-1e6a-7aff-fe26-ca0f]-9618&alias=e2299.chtc.wisc.edu&noUDP&sock=startd_7650_d798>
...
006 (5550951.355.000) 2022-11-22 07:20:16 Image size of job updated: 844824
	366  -  MemoryUsage of job (MB)
	373892  -  ResidentSetSize of job (KB)
...
006 (5550951.355.000) 2022-11-22 07:25:16 Image size of job updated: 1453964
	535  -  MemoryUsage of job (MB)
	547708  -  ResidentSetSize of job (KB)
...
006 (5550951.355.000) 2022-11-22 07:30:17 Image size of job updated: 1453964
	545  -  MemoryUsage of job (MB)
	557160  -  ResidentSetSize of job (KB)
...
006 (5550951.355.000) 2022-11-22 07:35:18 Image size of job updated: 1454720
	545  -  MemoryUsage of job (MB)
	557160  -  ResidentSetSize of job (KB)
...
006 (5550951.355.000) 2022-11-22 07:37:39 Image size of job updated: 1454812
	545  -  MemoryUsage of job (MB)
	557160  -  ResidentSetSize of job (KB)
...
040 (5550951.355.000) 2022-11-22 07:37:39 Started transferring output files
...
040 (5550951.355.000) 2022-11-22 07:37:39 Finished transferring output files
...
005 (5550951.355.000) 2022-11-22 07:37:40 Job terminated.
	(1) Normal termination (return value 0)
		Usr 0 00:06:30, Sys 0 00:00:43  -  Run Remote Usage
		Usr 0 00:00:00, Sys 0 00:00:00  -  Run Local Usage
		Usr 0 00:06:30, Sys 0 00:00:43  -  Total Remote Usage
		Usr 0 00:00:00, Sys 0 00:00:00  -  Total Local Usage
	1626915  -  Run Bytes Sent By Job
	328686816  -  Run Bytes Received By Job
	1626915  -  Total Bytes Sent By Job
	328686816  -  Total Bytes Received By Job
	Partitionable Resources :     Usage  Request Allocated 
	   Cpus                 :      0.60        1         1 
	   Disk (KB)            : 322640     2097152   2335100 
	   IoHeavy              :                            0 
	   Memory (MB)          :    545        2048      2048 

	Job terminated of its own accord at 2022-11-22T13:37:39Z.
...
