000 (5550950.129.000) 2022-11-22 05:47:26 Job submitted from host: <144.92.180.28:9618?addrs=144.92.180.28-9618+[2607-f388-101c-1000--370]-9618&alias=login04.hep.wisc.edu&noUDP&sock=schedd_3631_2478>
...
040 (5550950.129.000) 2022-11-22 06:03:07 Started transferring input files
	Transferring to host: <128.105.69.30:9618?addrs=128.105.69.30-9618+[2607-f388-2200-100-1e6a-7aff-fe26-c7d3]-9618&alias=e2352.chtc.wisc.edu&noUDP&sock=slot1_35_434_8acb_39238>
...
040 (5550950.129.000) 2022-11-22 06:03:21 Finished transferring input files
...
001 (5550950.129.000) 2022-11-22 06:03:22 Job executing on host: <128.105.69.30:9618?addrs=128.105.69.30-9618+[2607-f388-2200-100-1e6a-7aff-fe26-c7d3]-9618&alias=e2352.chtc.wisc.edu&noUDP&sock=startd_7230_c1d2>
...
006 (5550950.129.000) 2022-11-22 06:03:31 Image size of job updated: 994016
	362  -  MemoryUsage of job (MB)
	369792  -  ResidentSetSize of job (KB)
...
006 (5550950.129.000) 2022-11-22 06:04:17 Image size of job updated: 1414336
	362  -  MemoryUsage of job (MB)
	369840  -  ResidentSetSize of job (KB)
...
040 (5550950.129.000) 2022-11-22 06:04:17 Started transferring output files
...
040 (5550950.129.000) 2022-11-22 06:04:18 Finished transferring output files
...
005 (5550950.129.000) 2022-11-22 06:04:18 Job terminated.
	(1) Normal termination (return value 0)
		Usr 0 00:00:17, Sys 0 00:00:06  -  Run Remote Usage
		Usr 0 00:00:00, Sys 0 00:00:00  -  Run Local Usage
		Usr 0 00:00:17, Sys 0 00:00:06  -  Total Remote Usage
		Usr 0 00:00:00, Sys 0 00:00:00  -  Total Local Usage
	195248  -  Run Bytes Sent By Job
	328686816  -  Run Bytes Received By Job
	195248  -  Total Bytes Sent By Job
	328686816  -  Total Bytes Received By Job
	Partitionable Resources :     Usage  Request Allocated 
	   Cpus                 :      0.35        1         1 
	   Disk (KB)            : 321241     2097152   2322346 
	   IoHeavy              :                            0 
	   Memory (MB)          :    362        2048      2048 

	Job terminated of its own accord at 2022-11-22T12:04:17Z.
...
