000 (5550951.088.000) 2022-11-22 05:48:07 Job submitted from host: <144.92.180.28:9618?addrs=144.92.180.28-9618+[2607-f388-101c-1000--370]-9618&alias=login04.hep.wisc.edu&noUDP&sock=schedd_3631_2478>
...
040 (5550951.088.000) 2022-11-22 06:33:21 Started transferring input files
	Transferring to host: <128.105.68.215:9618?addrs=128.105.68.215-9618+[2607-f388-2200-100-1e6a-7aff-fe26-7335]-9618&alias=e302.chtc.wisc.edu&noUDP&sock=slot1_4_13892_ebae_27481>
...
040 (5550951.088.000) 2022-11-22 06:33:52 Finished transferring input files
...
001 (5550951.088.000) 2022-11-22 06:33:53 Job executing on host: <128.105.68.215:9618?addrs=128.105.68.215-9618+[2607-f388-2200-100-1e6a-7aff-fe26-7335]-9618&alias=e302.chtc.wisc.edu&noUDP&sock=startd_6915_b17c>
...
006 (5550951.088.000) 2022-11-22 06:34:01 Image size of job updated: 191896
	15  -  MemoryUsage of job (MB)
	14844  -  ResidentSetSize of job (KB)
...
006 (5550951.088.000) 2022-11-22 06:36:15 Image size of job updated: 1338944
	15  -  MemoryUsage of job (MB)
	14884  -  ResidentSetSize of job (KB)
...
040 (5550951.088.000) 2022-11-22 06:36:15 Started transferring output files
...
040 (5550951.088.000) 2022-11-22 06:36:16 Finished transferring output files
...
005 (5550951.088.000) 2022-11-22 06:36:16 Job terminated.
	(1) Normal termination (return value 0)
		Usr 0 00:00:24, Sys 0 00:00:01  -  Run Remote Usage
		Usr 0 00:00:00, Sys 0 00:00:00  -  Run Local Usage
		Usr 0 00:00:24, Sys 0 00:00:01  -  Total Remote Usage
		Usr 0 00:00:00, Sys 0 00:00:00  -  Total Local Usage
	1179732  -  Run Bytes Sent By Job
	328686816  -  Run Bytes Received By Job
	1179732  -  Total Bytes Sent By Job
	328686816  -  Total Bytes Received By Job
	Partitionable Resources :     Usage  Request Allocated 
	   Cpus                 :      0.26        1         1 
	   Disk (KB)            : 322203     2097152   2323926 
	   IoHeavy              :                            0 
	   Memory (MB)          :     15        2048      2048 

	Job terminated of its own accord at 2022-11-22T12:36:15Z.
...
