000 (5550950.023.000) 2022-11-22 05:47:25 Job submitted from host: <144.92.180.28:9618?addrs=144.92.180.28-9618+[2607-f388-101c-1000--370]-9618&alias=login04.hep.wisc.edu&noUDP&sock=schedd_3631_2478>
...
040 (5550950.023.000) 2022-11-22 05:52:47 Started transferring input files
	Transferring to host: <128.105.68.215:9618?addrs=128.105.68.215-9618+[2607-f388-2200-100-1e6a-7aff-fe26-7335]-9618&alias=e302.chtc.wisc.edu&noUDP&sock=slot1_4_13892_ebae_27400>
...
040 (5550950.023.000) 2022-11-22 05:52:57 Finished transferring input files
...
001 (5550950.023.000) 2022-11-22 05:52:58 Job executing on host: <128.105.68.215:9618?addrs=128.105.68.215-9618+[2607-f388-2200-100-1e6a-7aff-fe26-7335]-9618&alias=e302.chtc.wisc.edu&noUDP&sock=startd_6915_b17c>
...
006 (5550950.023.000) 2022-11-22 05:53:06 Image size of job updated: 163004
	82  -  MemoryUsage of job (MB)
	82964  -  ResidentSetSize of job (KB)
...
006 (5550950.023.000) 2022-11-22 05:58:06 Image size of job updated: 1400780
	507  -  MemoryUsage of job (MB)
	518516  -  ResidentSetSize of job (KB)
...
006 (5550950.023.000) 2022-11-22 06:03:08 Image size of job updated: 1400780
	507  -  MemoryUsage of job (MB)
	518988  -  ResidentSetSize of job (KB)
...
006 (5550950.023.000) 2022-11-22 06:08:08 Image size of job updated: 1404388
	511  -  MemoryUsage of job (MB)
	523240  -  ResidentSetSize of job (KB)
...
006 (5550950.023.000) 2022-11-22 06:13:08 Image size of job updated: 1405424
	513  -  MemoryUsage of job (MB)
	524768  -  ResidentSetSize of job (KB)
...
006 (5550950.023.000) 2022-11-22 06:18:10 Image size of job updated: 1406160
	514  -  MemoryUsage of job (MB)
	525640  -  ResidentSetSize of job (KB)
...
006 (5550950.023.000) 2022-11-22 06:23:10 Image size of job updated: 1406292
	516  -  MemoryUsage of job (MB)
	527404  -  ResidentSetSize of job (KB)
...
040 (5550950.023.000) 2022-11-22 06:25:29 Started transferring output files
...
040 (5550950.023.000) 2022-11-22 06:25:30 Finished transferring output files
...
005 (5550950.023.000) 2022-11-22 06:25:30 Job terminated.
	(1) Normal termination (return value 0)
		Usr 0 00:04:54, Sys 0 00:00:24  -  Run Remote Usage
		Usr 0 00:00:00, Sys 0 00:00:00  -  Run Local Usage
		Usr 0 00:04:54, Sys 0 00:00:24  -  Total Remote Usage
		Usr 0 00:00:00, Sys 0 00:00:00  -  Total Local Usage
	929736  -  Run Bytes Sent By Job
	328686816  -  Run Bytes Received By Job
	929736  -  Total Bytes Sent By Job
	328686816  -  Total Bytes Received By Job
	Partitionable Resources :     Usage  Request Allocated 
	   Cpus                 :      0.20        1         1 
	   Disk (KB)            : 321959     2097152   2323926 
	   IoHeavy              :                            0 
	   Memory (MB)          :    516        2048      2048 

	Job terminated of its own accord at 2022-11-22T12:25:29Z.
...
