analyze_etau MET_EraF_0001_06 DATA
argc = 8
sp = 0
Systematics : V  Response NJet0 = 0.017
Systematics : V  Response NJet1 = 0.022
Systematics : V  Response NJetGe2 = 0.026
Systematics : V  Resolution NJet0 = 0.024
Systematics : V  Resolution NJet1 = 0.03
Systematics : V  Resolution NJetGe2 = 0.034
Systematics : EWK  Response NJet0 = 0.015
Systematics : EWK  Response NJet1 = 0.02
Systematics : EWK  Response NJetGe2 = 0.025
Systematics : EWK  Resolution NJet0 = 0.021
Systematics : EWK  Resolution NJet1 = 0.027
Systematics : EWK  Resolution NJetGe2 = 0.032
Systematics : TOP  Response NJet0 = 0.015
Systematics : TOP  Response NJet1 = 0.02
Systematics : TOP  Response NJetGe2 = 0.025
Systematics : TOP  Resolution NJet0 = 0.021
Systematics : TOP  Resolution NJet1 = 0.027
Systematics : TOP  Resolution NJetGe2 = 0.032
V_NJet0
V_NJet1
V_NJetGe2
EWK_NJet0
EWK_NJet1
EWK_NJetGe2
TOP_NJet0
TOP_NJet1
TOP_NJetGe2
All files added.
Initializing chain.
from Init DATA
sample ==========MET_EraF_0001_06
.... DATA file ..... 
Coming in: 
nentries:30357
Running over 30357 events.
Finished entry 0/30356
Finished entry 1000/30356
Finished entry 2000/30356
Finished entry 3000/30356
Finished entry 4000/30356
Finished entry 5000/30356
Finished entry 6000/30356
Finished entry 7000/30356
Finished entry 8000/30356
Finished entry 9000/30356
Finished entry 10000/30356
Finished entry 11000/30356
Finished entry 13000/30356
Finished entry 14000/30356
Finished entry 15000/30356
Finished entry 16000/30356
Finished entry 17000/30356
Finished entry 18000/30356
Finished entry 19000/30356
Finished entry 20000/30356
Finished entry 21000/30356
Finished entry 22000/30356
Finished entry 23000/30356
Finished entry 24000/30356
Finished entry 25000/30356
Finished entry 26000/30356
Finished entry 27000/30356
Finished entry 28000/30356
Finished entry 29000/30356
Finished entry 30000/30356
Finished entry 30356/30356
All events checked.
*******************************************
******************Jithin's original*************************
    Initial entries 30357.000000
   Passing smikking 0.000000
     GoodMuonPassed 0.000000   % change= 100.000000
      GoodTauPassed 0.000000   % change= -nan
         opp charge 0.000000   % change= -nan
 PassedThirdLepVeto 9.000000   % change= -inf
     PassedBjetVeto 9.000000   % change= 0.000000
       DeltaRPassed 9.000000   % change= 0.000000
      Total change :99.970353
*******************************************
*******************************************
Number of events inspected: 30357
Number of events inspected (minus negative gen. weights): 30357.000000
 Outpt written to MET_EraF_0001_06.root
Real time 0:03:24, CP time 22.480
1669118983 - 1669118752
