000 (5550951.022.000) 2022-11-22 05:48:06 Job submitted from host: <144.92.180.28:9618?addrs=144.92.180.28-9618+[2607-f388-101c-1000--370]-9618&alias=login04.hep.wisc.edu&noUDP&sock=schedd_3631_2478>
...
040 (5550951.022.000) 2022-11-22 06:30:54 Started transferring input files
	Transferring to host: <144.92.180.201:9618?addrs=144.92.180.201-9618+[2607-f388-101c-1000--271]-9618&alias=g24n09.hep.wisc.edu&noUDP&sock=slot1_8_3134_efb9_63187>
...
040 (5550951.022.000) 2022-11-22 06:31:36 Finished transferring input files
...
001 (5550951.022.000) 2022-11-22 06:31:37 Job executing on host: <144.92.180.201:9618?addrs=144.92.180.201-9618+[2607-f388-101c-1000--271]-9618&alias=g24n09.hep.wisc.edu&noUDP&sock=startd_2581_ee07>
...
006 (5550951.022.000) 2022-11-22 06:31:46 Image size of job updated: 784676
	368  -  MemoryUsage of job (MB)
	376364  -  ResidentSetSize of job (KB)
...
006 (5550951.022.000) 2022-11-22 06:32:06 Image size of job updated: 1338500
	368  -  MemoryUsage of job (MB)
	376496  -  ResidentSetSize of job (KB)
...
040 (5550951.022.000) 2022-11-22 06:32:06 Started transferring output files
...
040 (5550951.022.000) 2022-11-22 06:32:07 Finished transferring output files
...
005 (5550951.022.000) 2022-11-22 06:32:07 Job terminated.
	(1) Normal termination (return value 0)
		Usr 0 00:00:15, Sys 0 00:00:02  -  Run Remote Usage
		Usr 0 00:00:00, Sys 0 00:00:00  -  Run Local Usage
		Usr 0 00:00:15, Sys 0 00:00:02  -  Total Remote Usage
		Usr 0 00:00:00, Sys 0 00:00:00  -  Total Local Usage
	9087  -  Run Bytes Sent By Job
	328686816  -  Run Bytes Received By Job
	9087  -  Total Bytes Sent By Job
	328686816  -  Total Bytes Received By Job
	Partitionable Resources :    Usage  Request Allocated 
	   Cpus                 :                 1         1 
	   Disk (KB)            :   321049  2097152  18508433 
	   Memory (MB)          :      368     2048      2500 

	Job terminated of its own accord at 2022-11-22T12:32:06Z.
...
