000 (5550951.177.000) 2022-11-22 05:48:07 Job submitted from host: <144.92.180.28:9618?addrs=144.92.180.28-9618+[2607-f388-101c-1000--370]-9618&alias=login04.hep.wisc.edu&noUDP&sock=schedd_3631_2478>
...
040 (5550951.177.000) 2022-11-22 06:37:25 Started transferring input files
	Transferring to host: <128.104.58.55:9618?addrs=128.104.58.55-9618+[2607-f388-1086-0-226-9eff-fe2b-bedb]-9618&alias=e1019.chtc.wisc.edu&noUDP&sock=slot1_6_17423_d45e_44588>
...
040 (5550951.177.000) 2022-11-22 06:40:22 Finished transferring input files
...
001 (5550951.177.000) 2022-11-22 06:40:22 Job executing on host: <128.104.58.55:9618?addrs=128.104.58.55-9618+[2607-f388-1086-0-226-9eff-fe2b-bedb]-9618&alias=e1019.chtc.wisc.edu&noUDP&sock=startd_7302_24a3>
...
006 (5550951.177.000) 2022-11-22 06:40:31 Image size of job updated: 844696
	372  -  MemoryUsage of job (MB)
	380492  -  ResidentSetSize of job (KB)
...
006 (5550951.177.000) 2022-11-22 06:45:31 Image size of job updated: 1486872
	573  -  MemoryUsage of job (MB)
	586428  -  ResidentSetSize of job (KB)
...
006 (5550951.177.000) 2022-11-22 06:50:31 Image size of job updated: 1487624
	574  -  MemoryUsage of job (MB)
	587200  -  ResidentSetSize of job (KB)
...
006 (5550951.177.000) 2022-11-22 06:55:32 Image size of job updated: 1487624
	577  -  MemoryUsage of job (MB)
	590152  -  ResidentSetSize of job (KB)
...
006 (5550951.177.000) 2022-11-22 07:00:34 Image size of job updated: 1487624
	577  -  MemoryUsage of job (MB)
	590680  -  ResidentSetSize of job (KB)
...
006 (5550951.177.000) 2022-11-22 07:05:34 Image size of job updated: 1487920
	577  -  MemoryUsage of job (MB)
	590680  -  ResidentSetSize of job (KB)
...
006 (5550951.177.000) 2022-11-22 07:10:34 Image size of job updated: 1487920
	580  -  MemoryUsage of job (MB)
	593288  -  ResidentSetSize of job (KB)
...
006 (5550951.177.000) 2022-11-22 07:15:35 Image size of job updated: 1488228
	580  -  MemoryUsage of job (MB)
	593332  -  ResidentSetSize of job (KB)
...
006 (5550951.177.000) 2022-11-22 07:20:36 Image size of job updated: 1488228
	580  -  MemoryUsage of job (MB)
	593500  -  ResidentSetSize of job (KB)
...
006 (5550951.177.000) 2022-11-22 07:25:36 Image size of job updated: 1490992
	581  -  MemoryUsage of job (MB)
	594352  -  ResidentSetSize of job (KB)
...
006 (5550951.177.000) 2022-11-22 07:30:36 Image size of job updated: 1490992
	581  -  MemoryUsage of job (MB)
	594372  -  ResidentSetSize of job (KB)
...
040 (5550951.177.000) 2022-11-22 07:32:00 Started transferring output files
...
040 (5550951.177.000) 2022-11-22 07:32:00 Finished transferring output files
...
005 (5550951.177.000) 2022-11-22 07:32:00 Job terminated.
	(1) Normal termination (return value 0)
		Usr 0 00:26:38, Sys 0 00:01:54  -  Run Remote Usage
		Usr 0 00:00:00, Sys 0 00:00:00  -  Run Local Usage
		Usr 0 00:26:38, Sys 0 00:01:54  -  Total Remote Usage
		Usr 0 00:00:00, Sys 0 00:00:00  -  Total Local Usage
	1837228  -  Run Bytes Sent By Job
	328686816  -  Run Bytes Received By Job
	1837228  -  Total Bytes Sent By Job
	328686816  -  Total Bytes Received By Job
	Partitionable Resources :     Usage  Request Allocated 
	   Cpus                 :      0.61        1         1 
	   Disk (KB)            : 322845     2097152  16561067 
	   IoHeavy              :                            0 
	   Memory (MB)          :    581        2048      2048 

	Job terminated of its own accord at 2022-11-22T13:32:00Z.
...
