000 (5550951.478.000) 2022-11-22 05:48:09 Job submitted from host: <144.92.180.28:9618?addrs=144.92.180.28-9618+[2607-f388-101c-1000--370]-9618&alias=login04.hep.wisc.edu&noUDP&sock=schedd_3631_2478>
...
040 (5550951.478.000) 2022-11-22 07:43:04 Started transferring input files
	Transferring to host: <144.92.181.221:9618?addrs=144.92.181.221-9618+[2607-f388-101c-1000--176]-9618&alias=g18n22.hep.wisc.edu&noUDP&sock=slot1_1_31802_22c6_78972>
...
040 (5550951.478.000) 2022-11-22 07:43:14 Finished transferring input files
...
001 (5550951.478.000) 2022-11-22 07:43:15 Job executing on host: <144.92.181.221:9618?addrs=144.92.181.221-9618+[2607-f388-101c-1000--176]-9618&alias=g18n22.hep.wisc.edu&noUDP&sock=startd_2121_6876>
...
006 (5550951.478.000) 2022-11-22 07:43:23 Image size of job updated: 828184
	360  -  MemoryUsage of job (MB)
	368452  -  ResidentSetSize of job (KB)
...
006 (5550951.478.000) 2022-11-22 08:01:29 Image size of job updated: 1478464
	360  -  MemoryUsage of job (MB)
	368452  -  ResidentSetSize of job (KB)
...
040 (5550951.478.000) 2022-11-22 08:01:29 Started transferring output files
...
040 (5550951.478.000) 2022-11-22 08:01:30 Finished transferring output files
...
005 (5550951.478.000) 2022-11-22 08:01:30 Job terminated.
	(1) Normal termination (return value 0)
		Usr 0 00:10:49, Sys 0 00:00:41  -  Run Remote Usage
		Usr 0 00:00:00, Sys 0 00:00:00  -  Run Local Usage
		Usr 0 00:10:49, Sys 0 00:00:41  -  Total Remote Usage
		Usr 0 00:00:00, Sys 0 00:00:00  -  Total Local Usage
	1758142  -  Run Bytes Sent By Job
	328686816  -  Run Bytes Received By Job
	1758142  -  Total Bytes Sent By Job
	328686816  -  Total Bytes Received By Job
	Partitionable Resources :     Usage  Request Allocated 
	   Cpus                 :      0.62        1         1 
	   Disk (KB)            : 322767     2097152  18373882 
	   Memory (MB)          :    360        2048      2500 

	Job terminated of its own accord at 2022-11-22T14:01:29Z.
...
