000 (5550951.391.000) 2022-11-22 05:48:09 Job submitted from host: <144.92.180.28:9618?addrs=144.92.180.28-9618+[2607-f388-101c-1000--370]-9618&alias=login04.hep.wisc.edu&noUDP&sock=schedd_3631_2478>
...
040 (5550951.391.000) 2022-11-22 07:25:47 Started transferring input files
	Transferring to host: <144.92.180.194:9618?addrs=144.92.180.194-9618+[2607-f388-101c-1000--264]-9618&alias=g24n02.hep.wisc.edu&noUDP&sock=slot1_3_2862_49ad_81284>
...
040 (5550951.391.000) 2022-11-22 07:25:56 Finished transferring input files
...
001 (5550951.391.000) 2022-11-22 07:25:57 Job executing on host: <144.92.180.194:9618?addrs=144.92.180.194-9618+[2607-f388-101c-1000--264]-9618&alias=g24n02.hep.wisc.edu&noUDP&sock=startd_2454_d180>
...
006 (5550951.391.000) 2022-11-22 07:26:06 Image size of job updated: 828876
	363  -  MemoryUsage of job (MB)
	371384  -  ResidentSetSize of job (KB)
...
006 (5550951.391.000) 2022-11-22 07:46:07 Image size of job updated: 1471784
	547  -  MemoryUsage of job (MB)
	559960  -  ResidentSetSize of job (KB)
...
040 (5550951.391.000) 2022-11-22 07:46:37 Started transferring output files
...
040 (5550951.391.000) 2022-11-22 07:46:37 Finished transferring output files
...
005 (5550951.391.000) 2022-11-22 07:46:37 Job terminated.
	(1) Normal termination (return value 0)
		Usr 0 00:09:52, Sys 0 00:00:47  -  Run Remote Usage
		Usr 0 00:00:00, Sys 0 00:00:00  -  Run Local Usage
		Usr 0 00:09:52, Sys 0 00:00:47  -  Total Remote Usage
		Usr 0 00:00:00, Sys 0 00:00:00  -  Total Local Usage
	1637506  -  Run Bytes Sent By Job
	328686816  -  Run Bytes Received By Job
	1637506  -  Total Bytes Sent By Job
	328686816  -  Total Bytes Received By Job
	Partitionable Resources :     Usage  Request Allocated 
	   Cpus                 :      0.56        1         1 
	   Disk (KB)            : 322649     2097152  18508968 
	   Memory (MB)          :    547        2048      2500 

	Job terminated of its own accord at 2022-11-22T13:46:37Z.
...
