000 (5550950.286.000) 2022-11-22 05:47:27 Job submitted from host: <144.92.180.28:9618?addrs=144.92.180.28-9618+[2607-f388-101c-1000--370]-9618&alias=login04.hep.wisc.edu&noUDP&sock=schedd_3631_2478>
...
040 (5550950.286.000) 2022-11-22 06:20:32 Started transferring input files
	Transferring to host: <128.105.68.142:9618?addrs=128.105.68.142-9618+[2607-f388-2200-100-fac2-88ff-fe67-8439]-9618&alias=e2420.chtc.wisc.edu&noUDP&sock=slot1_36_34249_44ca_44050>
...
040 (5550950.286.000) 2022-11-22 06:20:41 Finished transferring input files
...
001 (5550950.286.000) 2022-11-22 06:20:42 Job executing on host: <128.105.68.142:9618?addrs=128.105.68.142-9618+[2607-f388-2200-100-fac2-88ff-fe67-8439]-9618&alias=e2420.chtc.wisc.edu&noUDP&sock=startd_7760_4b03>
...
006 (5550950.286.000) 2022-11-22 06:20:51 Image size of job updated: 481236
	370  -  MemoryUsage of job (MB)
	378124  -  ResidentSetSize of job (KB)
...
006 (5550950.286.000) 2022-11-22 06:23:41 Image size of job updated: 1364200
	370  -  MemoryUsage of job (MB)
	378200  -  ResidentSetSize of job (KB)
...
040 (5550950.286.000) 2022-11-22 06:23:41 Started transferring output files
...
040 (5550950.286.000) 2022-11-22 06:23:41 Finished transferring output files
...
005 (5550950.286.000) 2022-11-22 06:23:41 Job terminated.
	(1) Normal termination (return value 0)
		Usr 0 00:00:42, Sys 0 00:00:11  -  Run Remote Usage
		Usr 0 00:00:00, Sys 0 00:00:00  -  Run Local Usage
		Usr 0 00:00:42, Sys 0 00:00:11  -  Total Remote Usage
		Usr 0 00:00:00, Sys 0 00:00:00  -  Total Local Usage
	635231  -  Run Bytes Sent By Job
	328686816  -  Run Bytes Received By Job
	635231  -  Total Bytes Sent By Job
	328686816  -  Total Bytes Received By Job
	Partitionable Resources :     Usage  Request Allocated 
	   Cpus                 :      0.17        1         1 
	   Disk (KB)            : 321671     2097152   2330754 
	   IoHeavy              :                            0 
	   Memory (MB)          :    370        2048      2048 

	Job terminated of its own accord at 2022-11-22T12:23:41Z.
...
