000 (5550951.439.000) 2022-11-22 05:48:09 Job submitted from host: <144.92.180.28:9618?addrs=144.92.180.28-9618+[2607-f388-101c-1000--370]-9618&alias=login04.hep.wisc.edu&noUDP&sock=schedd_3631_2478>
...
040 (5550951.439.000) 2022-11-22 07:37:45 Started transferring input files
	Transferring to host: <128.105.68.228:9618?addrs=128.105.68.228-9618+[2607-f388-2200-100-1e6a-7aff-fe26-728b]-9618&alias=e2315.chtc.wisc.edu&noUDP&sock=slot1_19_31836_1788_41872>
...
040 (5550951.439.000) 2022-11-22 07:37:57 Finished transferring input files
...
001 (5550951.439.000) 2022-11-22 07:37:58 Job executing on host: <128.105.68.228:9618?addrs=128.105.68.228-9618+[2607-f388-2200-100-1e6a-7aff-fe26-728b]-9618&alias=e2315.chtc.wisc.edu&noUDP&sock=startd_7598_2cac>
...
006 (5550951.439.000) 2022-11-22 07:38:07 Image size of job updated: 939636
	373  -  MemoryUsage of job (MB)
	381812  -  ResidentSetSize of job (KB)
...
006 (5550951.439.000) 2022-11-22 07:41:13 Image size of job updated: 1471384
	373  -  MemoryUsage of job (MB)
	381812  -  ResidentSetSize of job (KB)
...
040 (5550951.439.000) 2022-11-22 07:41:13 Started transferring output files
...
040 (5550951.439.000) 2022-11-22 07:41:13 Finished transferring output files
...
005 (5550951.439.000) 2022-11-22 07:41:13 Job terminated.
	(1) Normal termination (return value 0)
		Usr 0 00:01:58, Sys 0 00:00:09  -  Run Remote Usage
		Usr 0 00:00:00, Sys 0 00:00:00  -  Run Local Usage
		Usr 0 00:01:58, Sys 0 00:00:09  -  Total Remote Usage
		Usr 0 00:00:00, Sys 0 00:00:00  -  Total Local Usage
	1541815  -  Run Bytes Sent By Job
	328686816  -  Run Bytes Received By Job
	1541815  -  Total Bytes Sent By Job
	328686816  -  Total Bytes Received By Job
	Partitionable Resources :     Usage  Request Allocated 
	   Cpus                 :      0.65        1         1 
	   Disk (KB)            : 322557     2097152   2397451 
	   IoHeavy              :                            0 
	   Memory (MB)          :    373        2048      2048 

	Job terminated of its own accord at 2022-11-22T13:41:13Z.
...
