000 (5550950.080.000) 2022-11-22 05:47:26 Job submitted from host: <144.92.180.28:9618?addrs=144.92.180.28-9618+[2607-f388-101c-1000--370]-9618&alias=login04.hep.wisc.edu&noUDP&sock=schedd_3631_2478>
...
040 (5550950.080.000) 2022-11-22 05:59:57 Started transferring input files
	Transferring to host: <128.105.69.78:9618?addrs=128.105.69.78-9618+[2607-f388-2200-100-1e6a-7aff-fe26-c5bf]-9618&alias=e2338.chtc.wisc.edu&noUDP&sock=slot1_39_728_b117_35405>
...
040 (5550950.080.000) 2022-11-22 06:00:22 Finished transferring input files
...
001 (5550950.080.000) 2022-11-22 06:00:23 Job executing on host: <128.105.69.78:9618?addrs=128.105.69.78-9618+[2607-f388-2200-100-1e6a-7aff-fe26-c5bf]-9618&alias=e2338.chtc.wisc.edu&noUDP&sock=startd_7323_8c20>
...
006 (5550950.080.000) 2022-11-22 06:00:31 Image size of job updated: 422492
	317  -  MemoryUsage of job (MB)
	324272  -  ResidentSetSize of job (KB)
...
006 (5550950.080.000) 2022-11-22 06:01:23 Image size of job updated: 1490288
	318  -  MemoryUsage of job (MB)
	325300  -  ResidentSetSize of job (KB)
...
040 (5550950.080.000) 2022-11-22 06:01:23 Started transferring output files
...
040 (5550950.080.000) 2022-11-22 06:01:23 Finished transferring output files
...
005 (5550950.080.000) 2022-11-22 06:01:23 Job terminated.
	(1) Normal termination (return value 0)
		Usr 0 00:00:16, Sys 0 00:00:05  -  Run Remote Usage
		Usr 0 00:00:00, Sys 0 00:00:00  -  Run Local Usage
		Usr 0 00:00:16, Sys 0 00:00:05  -  Total Remote Usage
		Usr 0 00:00:00, Sys 0 00:00:00  -  Total Local Usage
	153841  -  Run Bytes Sent By Job
	328686816  -  Run Bytes Received By Job
	153841  -  Total Bytes Sent By Job
	328686816  -  Total Bytes Received By Job
	Partitionable Resources :     Usage  Request Allocated 
	   Cpus                 :      0.55        1         1 
	   Disk (KB)            : 321201     2097152   2421233 
	   IoHeavy              :                            0 
	   Memory (MB)          :    318        2048      2048 

	Job terminated of its own accord at 2022-11-22T12:01:23Z.
...
