000 (5550951.173.000) 2022-11-22 05:48:07 Job submitted from host: <144.92.180.28:9618?addrs=144.92.180.28-9618+[2607-f388-101c-1000--370]-9618&alias=login04.hep.wisc.edu&noUDP&sock=schedd_3631_2478>
...
040 (5550951.173.000) 2022-11-22 06:37:15 Started transferring input files
	Transferring to host: <128.105.69.33:9618?addrs=128.105.69.33-9618+[2607-f388-2200-100-1e6a-7aff-fe21-9f8d]-9618&alias=e355.chtc.wisc.edu&noUDP&sock=slot1_33_15926_0ec1_33023>
...
040 (5550951.173.000) 2022-11-22 06:38:12 Finished transferring input files
...
001 (5550951.173.000) 2022-11-22 06:38:13 Job executing on host: <128.105.69.33:9618?addrs=128.105.69.33-9618+[2607-f388-2200-100-1e6a-7aff-fe21-9f8d]-9618&alias=e355.chtc.wisc.edu&noUDP&sock=startd_7458_2569>
...
006 (5550951.173.000) 2022-11-22 06:38:21 Image size of job updated: 475384
	364  -  MemoryUsage of job (MB)
	371920  -  ResidentSetSize of job (KB)
...
006 (5550951.173.000) 2022-11-22 06:43:21 Image size of job updated: 1480968
	572  -  MemoryUsage of job (MB)
	584888  -  ResidentSetSize of job (KB)
...
006 (5550951.173.000) 2022-11-22 06:48:22 Image size of job updated: 1483968
	576  -  MemoryUsage of job (MB)
	588980  -  ResidentSetSize of job (KB)
...
006 (5550951.173.000) 2022-11-22 06:53:22 Image size of job updated: 1489528
	576  -  MemoryUsage of job (MB)
	588980  -  ResidentSetSize of job (KB)
...
006 (5550951.173.000) 2022-11-22 07:03:23 Image size of job updated: 1489528
	579  -  MemoryUsage of job (MB)
	592848  -  ResidentSetSize of job (KB)
...
040 (5550951.173.000) 2022-11-22 07:08:58 Started transferring output files
...
040 (5550951.173.000) 2022-11-22 07:08:58 Finished transferring output files
...
005 (5550951.173.000) 2022-11-22 07:08:58 Job terminated.
	(1) Normal termination (return value 0)
		Usr 0 00:16:49, Sys 0 00:01:01  -  Run Remote Usage
		Usr 0 00:00:00, Sys 0 00:00:00  -  Run Local Usage
		Usr 0 00:16:49, Sys 0 00:01:01  -  Total Remote Usage
		Usr 0 00:00:00, Sys 0 00:00:00  -  Total Local Usage
	1678447  -  Run Bytes Sent By Job
	328686816  -  Run Bytes Received By Job
	1678447  -  Total Bytes Sent By Job
	328686816  -  Total Bytes Received By Job
	Partitionable Resources :     Usage  Request Allocated 
	   Cpus                 :      0.58        1         1 
	   Disk (KB)            : 322690     2097152   2330871 
	   IoHeavy              :                            0 
	   Memory (MB)          :    579        2048      2048 

	Job terminated of its own accord at 2022-11-22T13:08:58Z.
...
