000 (5550950.060.000) 2022-11-22 05:47:25 Job submitted from host: <144.92.180.28:9618?addrs=144.92.180.28-9618+[2607-f388-101c-1000--370]-9618&alias=login04.hep.wisc.edu&noUDP&sock=schedd_3631_2478>
...
040 (5550950.060.000) 2022-11-22 05:58:55 Started transferring input files
	Transferring to host: <128.105.69.45:9618?addrs=128.105.69.45-9618+[2607-f388-2200-100-1e6a-7aff-fe26-6cf7]-9618&alias=e2369.chtc.wisc.edu&noUDP&sock=slot1_14_17018_786d_39155>
...
040 (5550950.060.000) 2022-11-22 05:59:05 Finished transferring input files
...
001 (5550950.060.000) 2022-11-22 05:59:06 Job executing on host: <128.105.69.45:9618?addrs=128.105.69.45-9618+[2607-f388-2200-100-1e6a-7aff-fe26-6cf7]-9618&alias=e2369.chtc.wisc.edu&noUDP&sock=startd_7718_7c09>
...
006 (5550950.060.000) 2022-11-22 05:59:16 Image size of job updated: 844700
	314  -  MemoryUsage of job (MB)
	321440  -  ResidentSetSize of job (KB)
...
006 (5550950.060.000) 2022-11-22 06:00:11 Image size of job updated: 1496712
	315  -  MemoryUsage of job (MB)
	322384  -  ResidentSetSize of job (KB)
...
040 (5550950.060.000) 2022-11-22 06:00:11 Started transferring output files
...
040 (5550950.060.000) 2022-11-22 06:00:11 Finished transferring output files
...
005 (5550950.060.000) 2022-11-22 06:00:11 Job terminated.
	(1) Normal termination (return value 0)
		Usr 0 00:00:15, Sys 0 00:00:06  -  Run Remote Usage
		Usr 0 00:00:00, Sys 0 00:00:00  -  Run Local Usage
		Usr 0 00:00:15, Sys 0 00:00:06  -  Total Remote Usage
		Usr 0 00:00:00, Sys 0 00:00:00  -  Total Local Usage
	153621  -  Run Bytes Sent By Job
	328686816  -  Run Bytes Received By Job
	153621  -  Total Bytes Sent By Job
	328686816  -  Total Bytes Received By Job
	Partitionable Resources :    Usage  Request Allocated 
	   Cpus                 :                 1         1 
	   Disk (KB)            :   321191  2097152   2352454 
	   IoHeavy              :                           0 
	   Memory (MB)          :      315     2048      2048 

	Job terminated of its own accord at 2022-11-22T12:00:11Z.
...
