000 (5550950.348.000) 2022-11-22 05:47:27 Job submitted from host: <144.92.180.28:9618?addrs=144.92.180.28-9618+[2607-f388-101c-1000--370]-9618&alias=login04.hep.wisc.edu&noUDP&sock=schedd_3631_2478>
...
040 (5550950.348.000) 2022-11-22 06:25:17 Started transferring input files
	Transferring to host: <128.105.69.36:9618?addrs=128.105.69.36-9618+[2607-f388-2200-100-1e6a-7aff-fe26-b5c3]-9618&alias=e2358.chtc.wisc.edu&noUDP&sock=slot1_35_21972_02f7_33315>
...
040 (5550950.348.000) 2022-11-22 06:25:33 Finished transferring input files
...
001 (5550950.348.000) 2022-11-22 06:25:34 Job executing on host: <128.105.69.36:9618?addrs=128.105.69.36-9618+[2607-f388-2200-100-1e6a-7aff-fe26-b5c3]-9618&alias=e2358.chtc.wisc.edu&noUDP&sock=startd_7639_4c0e>
...
006 (5550950.348.000) 2022-11-22 06:25:42 Image size of job updated: 567448
	360  -  MemoryUsage of job (MB)
	368616  -  ResidentSetSize of job (KB)
...
006 (5550950.348.000) 2022-11-22 06:26:19 Image size of job updated: 1452088
	361  -  MemoryUsage of job (MB)
	368672  -  ResidentSetSize of job (KB)
...
040 (5550950.348.000) 2022-11-22 06:26:19 Started transferring output files
...
040 (5550950.348.000) 2022-11-22 06:26:19 Finished transferring output files
...
005 (5550950.348.000) 2022-11-22 06:26:19 Job terminated.
	(1) Normal termination (return value 0)
		Usr 0 00:00:11, Sys 0 00:00:05  -  Run Remote Usage
		Usr 0 00:00:00, Sys 0 00:00:00  -  Run Local Usage
		Usr 0 00:00:11, Sys 0 00:00:05  -  Total Remote Usage
		Usr 0 00:00:00, Sys 0 00:00:00  -  Total Local Usage
	195239  -  Run Bytes Sent By Job
	328686816  -  Run Bytes Received By Job
	195239  -  Total Bytes Sent By Job
	328686816  -  Total Bytes Received By Job
	Partitionable Resources :    Usage  Request Allocated 
	   Cpus                 :                 1         1 
	   Disk (KB)            :   321232  2097152   2321909 
	   IoHeavy              :                           0 
	   Memory (MB)          :      361     2048      2048 

	Job terminated of its own accord at 2022-11-22T12:26:19Z.
...
