analyze_etau ZZTo4L_TuneCP5_00_05 MC
argc = 8
sp = 0
Systematics : V  Response NJet0 = 0.017
Systematics : V  Response NJet1 = 0.022
Systematics : V  Response NJetGe2 = 0.026
Systematics : V  Resolution NJet0 = 0.024
Systematics : V  Resolution NJet1 = 0.03
Systematics : V  Resolution NJetGe2 = 0.034
Systematics : EWK  Response NJet0 = 0.015
Systematics : EWK  Response NJet1 = 0.02
Systematics : EWK  Response NJetGe2 = 0.025
Systematics : EWK  Resolution NJet0 = 0.021
Systematics : EWK  Resolution NJet1 = 0.027
Systematics : EWK  Resolution NJetGe2 = 0.032
Systematics : TOP  Response NJet0 = 0.015
Systematics : TOP  Response NJet1 = 0.02
Systematics : TOP  Response NJetGe2 = 0.025
Systematics : TOP  Resolution NJet0 = 0.021
Systematics : TOP  Resolution NJet1 = 0.027
Systematics : TOP  Resolution NJetGe2 = 0.032
V_NJet0
V_NJet1
V_NJetGe2
EWK_NJet0
EWK_NJet1
EWK_NJetGe2
TOP_NJet0
TOP_NJet1
TOP_NJetGe2
All files added.
Initializing chain.
from Init MC
sample ==========ZZTo4L_TuneCP5_00_05
.... MC file ..... 
Coming in: 
nentries:431418
Running over 431418 events.
Finished entry 0/431417
Finished entry 20000/431417
Finished entry 40000/431417
Finished entry 60000/431417
Finished entry 80000/431417
Finished entry 100000/431417
Finished entry 120000/431417
Finished entry 140000/431417
Finished entry 160000/431417
Finished entry 180000/431417
Finished entry 200000/431417
Finished entry 220000/431417
Finished entry 240000/431417
Finished entry 260000/431417
Finished entry 280000/431417
Finished entry 300000/431417
Finished entry 320000/431417
Finished entry 340000/431417
Finished entry 360000/431417
Finished entry 380000/431417
Finished entry 400000/431417
Finished entry 420000/431417
Finished entry 431417/431417
All events checked.
*******************************************
******************Jithin's original*************************
    Initial entries 431418.000000
   Passing smikking 0.000000
     GoodMuonPassed 0.000000   % change= 100.000000
      GoodTauPassed 0.000000   % change= -nan
         opp charge 0.000000   % change= -nan
 PassedThirdLepVeto 532.000000   % change= -inf
     PassedBjetVeto 532.000000   % change= 0.000000
       DeltaRPassed 532.000000   % change= 0.000000
      Total change :99.876686
*******************************************
*******************************************
Number of events inspected: 431418
Number of events inspected (minus negative gen. weights): 282152.000000
 Outpt written to ZZTo4L_TuneCP5_00_05.root
Real time 0:08:06, CP time 250.260
1669120213 - 1669119724
