000 (5550951.247.000) 2022-11-22 05:48:08 Job submitted from host: <144.92.180.28:9618?addrs=144.92.180.28-9618+[2607-f388-101c-1000--370]-9618&alias=login04.hep.wisc.edu&noUDP&sock=schedd_3631_2478>
...
040 (5550951.247.000) 2022-11-22 06:45:05 Started transferring input files
	Transferring to host: <128.105.68.212:9618?addrs=128.105.68.212-9618+[2607-f388-2200-100-1e6a-7aff-fe26-ca0f]-9618&alias=e2299.chtc.wisc.edu&noUDP&sock=slot1_22_15647_7a15_34200>
...
040 (5550951.247.000) 2022-11-22 06:45:15 Finished transferring input files
...
001 (5550951.247.000) 2022-11-22 06:45:16 Job executing on host: <128.105.68.212:9618?addrs=128.105.68.212-9618+[2607-f388-2200-100-1e6a-7aff-fe26-ca0f]-9618&alias=e2299.chtc.wisc.edu&noUDP&sock=startd_7650_d798>
...
006 (5550951.247.000) 2022-11-22 06:45:25 Image size of job updated: 1040224
	366  -  MemoryUsage of job (MB)
	374076  -  ResidentSetSize of job (KB)
...
006 (5550951.247.000) 2022-11-22 06:50:25 Image size of job updated: 1437140
	534  -  MemoryUsage of job (MB)
	545944  -  ResidentSetSize of job (KB)
...
040 (5550951.247.000) 2022-11-22 06:54:00 Started transferring output files
...
040 (5550951.247.000) 2022-11-22 06:54:00 Finished transferring output files
...
005 (5550951.247.000) 2022-11-22 06:54:01 Job terminated.
	(1) Normal termination (return value 0)
		Usr 0 00:02:56, Sys 0 00:00:20  -  Run Remote Usage
		Usr 0 00:00:00, Sys 0 00:00:00  -  Run Local Usage
		Usr 0 00:02:56, Sys 0 00:00:20  -  Total Remote Usage
		Usr 0 00:00:00, Sys 0 00:00:00  -  Total Local Usage
	1582254  -  Run Bytes Sent By Job
	328686816  -  Run Bytes Received By Job
	1582254  -  Total Bytes Sent By Job
	328686816  -  Total Bytes Received By Job
	Partitionable Resources :     Usage  Request Allocated 
	   Cpus                 :      0.43        1         1 
	   Disk (KB)            : 322596     2097152   2335100 
	   IoHeavy              :                            0 
	   Memory (MB)          :    534        2048      2048 

	Job terminated of its own accord at 2022-11-22T12:54:00Z.
...
