000 (5550951.340.000) 2022-11-22 05:48:09 Job submitted from host: <144.92.180.28:9618?addrs=144.92.180.28-9618+[2607-f388-101c-1000--370]-9618&alias=login04.hep.wisc.edu&noUDP&sock=schedd_3631_2478>
...
040 (5550951.340.000) 2022-11-22 07:18:11 Started transferring input files
	Transferring to host: <128.105.68.144:9618?addrs=128.105.68.144-9618+[2607-f388-2200-100-1e6a-7aff-fe26-4df1]-9618&alias=e2422.chtc.wisc.edu&noUDP&sock=slot1_9_34377_74cf_40566>
...
040 (5550951.340.000) 2022-11-22 07:18:21 Finished transferring input files
...
001 (5550951.340.000) 2022-11-22 07:18:22 Job executing on host: <128.105.68.144:9618?addrs=128.105.68.144-9618+[2607-f388-2200-100-1e6a-7aff-fe26-4df1]-9618&alias=e2422.chtc.wisc.edu&noUDP&sock=startd_7585_41f0>
...
006 (5550951.340.000) 2022-11-22 07:18:31 Image size of job updated: 168820
	85  -  MemoryUsage of job (MB)
	86288  -  ResidentSetSize of job (KB)
...
006 (5550951.340.000) 2022-11-22 07:23:32 Image size of job updated: 1440720
	526  -  MemoryUsage of job (MB)
	538428  -  ResidentSetSize of job (KB)
...
006 (5550951.340.000) 2022-11-22 07:28:33 Image size of job updated: 1450948
	527  -  MemoryUsage of job (MB)
	539536  -  ResidentSetSize of job (KB)
...
006 (5550951.340.000) 2022-11-22 07:33:33 Image size of job updated: 1450948
	545  -  MemoryUsage of job (MB)
	557912  -  ResidentSetSize of job (KB)
...
040 (5550951.340.000) 2022-11-22 07:40:42 Started transferring output files
...
040 (5550951.340.000) 2022-11-22 07:40:42 Finished transferring output files
...
005 (5550951.340.000) 2022-11-22 07:40:42 Job terminated.
	(1) Normal termination (return value 0)
		Usr 0 00:06:02, Sys 0 00:00:21  -  Run Remote Usage
		Usr 0 00:00:00, Sys 0 00:00:00  -  Run Local Usage
		Usr 0 00:06:02, Sys 0 00:00:21  -  Total Remote Usage
		Usr 0 00:00:00, Sys 0 00:00:00  -  Total Local Usage
	1626915  -  Run Bytes Sent By Job
	328686816  -  Run Bytes Received By Job
	1626915  -  Total Bytes Sent By Job
	328686816  -  Total Bytes Received By Job
	Partitionable Resources :     Usage  Request Allocated 
	   Cpus                 :      0.35        1         1 
	   Disk (KB)            : 322640     2097152   2354316 
	   IoHeavy              :                            0 
	   Memory (MB)          :    545        2048      2048 

	Job terminated of its own accord at 2022-11-22T13:40:42Z.
...
