000 (5550951.507.000) 2022-11-22 05:48:10 Job submitted from host: <144.92.180.28:9618?addrs=144.92.180.28-9618+[2607-f388-101c-1000--370]-9618&alias=login04.hep.wisc.edu&noUDP&sock=schedd_3631_2478>
...
040 (5550951.507.000) 2022-11-22 07:45:51 Started transferring input files
	Transferring to host: <144.92.180.33:9618?addrs=144.92.180.33-9618+[2607-f388-101c-1000--221]-9618&alias=g20n02.hep.wisc.edu&noUDP&sock=slot1_3_2825_37cc_96318>
...
040 (5550951.507.000) 2022-11-22 07:46:01 Finished transferring input files
...
001 (5550951.507.000) 2022-11-22 07:46:02 Job executing on host: <144.92.180.33:9618?addrs=144.92.180.33-9618+[2607-f388-101c-1000--221]-9618&alias=g20n02.hep.wisc.edu&noUDP&sock=startd_2079_997c>
...
006 (5550951.507.000) 2022-11-22 07:46:10 Image size of job updated: 49932
	10  -  MemoryUsage of job (MB)
	9936  -  ResidentSetSize of job (KB)
...
006 (5550951.507.000) 2022-11-22 07:57:50 Image size of job updated: 1468592
	10  -  MemoryUsage of job (MB)
	9936  -  ResidentSetSize of job (KB)
...
040 (5550951.507.000) 2022-11-22 07:57:51 Started transferring output files
...
040 (5550951.507.000) 2022-11-22 07:57:51 Finished transferring output files
...
005 (5550951.507.000) 2022-11-22 07:57:51 Job terminated.
	(1) Normal termination (return value 0)
		Usr 0 00:05:20, Sys 0 00:00:20  -  Run Remote Usage
		Usr 0 00:00:00, Sys 0 00:00:00  -  Run Local Usage
		Usr 0 00:05:20, Sys 0 00:00:20  -  Total Remote Usage
		Usr 0 00:00:00, Sys 0 00:00:00  -  Total Local Usage
	1586581  -  Run Bytes Sent By Job
	328686816  -  Run Bytes Received By Job
	1586581  -  Total Bytes Sent By Job
	328686816  -  Total Bytes Received By Job
	Partitionable Resources :     Usage  Request Allocated 
	   Cpus                 :      0.49        1         1 
	   Disk (KB)            : 322599     2097152  18373882 
	   Memory (MB)          :     10        2048      2500 

	Job terminated of its own accord at 2022-11-22T13:57:50Z.
...
