000 (5550951.694.000) 2022-11-22 05:48:11 Job submitted from host: <144.92.180.28:9618?addrs=144.92.180.28-9618+[2607-f388-101c-1000--370]-9618&alias=login04.hep.wisc.edu&noUDP&sock=schedd_3631_2478>
...
040 (5550951.694.000) 2022-11-22 08:01:21 Started transferring input files
	Transferring to host: <128.105.69.20:9618?addrs=128.105.69.20-9618+[2607-f388-2200-100-1e6a-7aff-fe26-c057]-9618&alias=e342.chtc.wisc.edu&noUDP&sock=slot1_10_19989_cf06_32131>
...
040 (5550951.694.000) 2022-11-22 08:01:35 Finished transferring input files
...
001 (5550951.694.000) 2022-11-22 08:01:36 Job executing on host: <128.105.69.20:9618?addrs=128.105.69.20-9618+[2607-f388-2200-100-1e6a-7aff-fe26-c057]-9618&alias=e342.chtc.wisc.edu&noUDP&sock=startd_7490_1871>
...
006 (5550951.694.000) 2022-11-22 08:01:46 Image size of job updated: 190960
	12  -  MemoryUsage of job (MB)
	11988  -  ResidentSetSize of job (KB)
...
006 (5550951.694.000) 2022-11-22 08:06:46 Image size of job updated: 1469480
	542  -  MemoryUsage of job (MB)
	554804  -  ResidentSetSize of job (KB)
...
006 (5550951.694.000) 2022-11-22 08:11:46 Image size of job updated: 1478272
	545  -  MemoryUsage of job (MB)
	557868  -  ResidentSetSize of job (KB)
...
006 (5550951.694.000) 2022-11-22 08:16:47 Image size of job updated: 1478272
	564  -  MemoryUsage of job (MB)
	576856  -  ResidentSetSize of job (KB)
...
006 (5550951.694.000) 2022-11-22 08:21:47 Image size of job updated: 1482172
	564  -  MemoryUsage of job (MB)
	576856  -  ResidentSetSize of job (KB)
...
006 (5550951.694.000) 2022-11-22 08:26:47 Image size of job updated: 1482172
	568  -  MemoryUsage of job (MB)
	581508  -  ResidentSetSize of job (KB)
...
006 (5550951.694.000) 2022-11-22 08:41:48 Image size of job updated: 1482172
	569  -  MemoryUsage of job (MB)
	582524  -  ResidentSetSize of job (KB)
...
006 (5550951.694.000) 2022-11-22 08:46:49 Image size of job updated: 1482172
	570  -  MemoryUsage of job (MB)
	582784  -  ResidentSetSize of job (KB)
...
040 (5550951.694.000) 2022-11-22 08:50:28 Started transferring output files
...
040 (5550951.694.000) 2022-11-22 08:50:28 Finished transferring output files
...
005 (5550951.694.000) 2022-11-22 08:50:29 Job terminated.
	(1) Normal termination (return value 0)
		Usr 0 00:12:04, Sys 0 00:00:30  -  Run Remote Usage
		Usr 0 00:00:00, Sys 0 00:00:00  -  Run Local Usage
		Usr 0 00:12:04, Sys 0 00:00:30  -  Total Remote Usage
		Usr 0 00:00:00, Sys 0 00:00:00  -  Total Local Usage
	1671951  -  Run Bytes Sent By Job
	328686816  -  Run Bytes Received By Job
	1671951  -  Total Bytes Sent By Job
	328686816  -  Total Bytes Received By Job
	Partitionable Resources :     Usage  Request Allocated 
	   Cpus                 :      0.37        1         1 
	   Disk (KB)            : 322684     2097152   2316153 
	   IoHeavy              :                            0 
	   Memory (MB)          :    570        2048      2048 

	Job terminated of its own accord at 2022-11-22T14:50:28Z.
...
