000 (5550950.254.000) 2022-11-22 05:47:27 Job submitted from host: <144.92.180.28:9618?addrs=144.92.180.28-9618+[2607-f388-101c-1000--370]-9618&alias=login04.hep.wisc.edu&noUDP&sock=schedd_3631_2478>
...
040 (5550950.254.000) 2022-11-22 06:14:21 Started transferring input files
	Transferring to host: <144.92.181.221:9618?addrs=144.92.181.221-9618+[2607-f388-101c-1000--176]-9618&alias=g18n22.hep.wisc.edu&noUDP&sock=slot1_8_31802_22c6_78720>
...
040 (5550950.254.000) 2022-11-22 06:14:30 Finished transferring input files
...
001 (5550950.254.000) 2022-11-22 06:14:31 Job executing on host: <144.92.181.221:9618?addrs=144.92.181.221-9618+[2607-f388-101c-1000--176]-9618&alias=g18n22.hep.wisc.edu&noUDP&sock=startd_2121_6876>
...
006 (5550950.254.000) 2022-11-22 06:14:40 Image size of job updated: 572948
	374  -  MemoryUsage of job (MB)
	382472  -  ResidentSetSize of job (KB)
...
006 (5550950.254.000) 2022-11-22 06:27:05 Image size of job updated: 1380168
	374  -  MemoryUsage of job (MB)
	382472  -  ResidentSetSize of job (KB)
...
040 (5550950.254.000) 2022-11-22 06:27:06 Started transferring output files
...
040 (5550950.254.000) 2022-11-22 06:27:06 Finished transferring output files
...
005 (5550950.254.000) 2022-11-22 06:27:06 Job terminated.
	(1) Normal termination (return value 0)
		Usr 0 00:06:03, Sys 0 00:00:32  -  Run Remote Usage
		Usr 0 00:00:00, Sys 0 00:00:00  -  Run Local Usage
		Usr 0 00:06:03, Sys 0 00:00:32  -  Total Remote Usage
		Usr 0 00:00:00, Sys 0 00:00:00  -  Total Local Usage
	147520  -  Run Bytes Sent By Job
	328686816  -  Run Bytes Received By Job
	147520  -  Total Bytes Sent By Job
	328686816  -  Total Bytes Received By Job
	Partitionable Resources :     Usage  Request Allocated 
	   Cpus                 :      0.31        1         1 
	   Disk (KB)            : 321193     2097152  18373882 
	   Memory (MB)          :    374        2048      2500 

	Job terminated of its own accord at 2022-11-22T12:27:05Z.
...
