000 (5550951.372.000) 2022-11-22 05:48:09 Job submitted from host: <144.92.180.28:9618?addrs=144.92.180.28-9618+[2607-f388-101c-1000--370]-9618&alias=login04.hep.wisc.edu&noUDP&sock=schedd_3631_2478>
...
040 (5550951.372.000) 2022-11-22 07:22:24 Started transferring input files
	Transferring to host: <128.105.68.208:9618?addrs=128.105.68.208-9618+[2607-f388-2200-100-1e6a-7aff-fe26-bb7d]-9618&alias=e2295.chtc.wisc.edu&noUDP&sock=slot1_9_30754_b99c_37711>
...
040 (5550951.372.000) 2022-11-22 07:22:35 Finished transferring input files
...
001 (5550951.372.000) 2022-11-22 07:22:36 Job executing on host: <128.105.68.208:9618?addrs=128.105.68.208-9618+[2607-f388-2200-100-1e6a-7aff-fe26-bb7d]-9618&alias=e2295.chtc.wisc.edu&noUDP&sock=startd_7476_7e1e>
...
006 (5550951.372.000) 2022-11-22 07:22:44 Image size of job updated: 36572
	13  -  MemoryUsage of job (MB)
	12576  -  ResidentSetSize of job (KB)
...
006 (5550951.372.000) 2022-11-22 07:27:44 Image size of job updated: 1471036
	541  -  MemoryUsage of job (MB)
	553512  -  ResidentSetSize of job (KB)
...
006 (5550951.372.000) 2022-11-22 07:32:45 Image size of job updated: 1471036
	541  -  MemoryUsage of job (MB)
	553716  -  ResidentSetSize of job (KB)
...
006 (5550951.372.000) 2022-11-22 07:37:46 Image size of job updated: 1471036
	541  -  MemoryUsage of job (MB)
	553920  -  ResidentSetSize of job (KB)
...
006 (5550951.372.000) 2022-11-22 07:42:46 Image size of job updated: 1471036
	547  -  MemoryUsage of job (MB)
	559312  -  ResidentSetSize of job (KB)
...
006 (5550951.372.000) 2022-11-22 07:47:47 Image size of job updated: 1471036
	549  -  MemoryUsage of job (MB)
	561424  -  ResidentSetSize of job (KB)
...
040 (5550951.372.000) 2022-11-22 07:49:09 Started transferring output files
...
040 (5550951.372.000) 2022-11-22 07:49:10 Finished transferring output files
...
005 (5550951.372.000) 2022-11-22 07:49:10 Job terminated.
	(1) Normal termination (return value 0)
		Usr 0 00:07:30, Sys 0 00:00:28  -  Run Remote Usage
		Usr 0 00:00:00, Sys 0 00:00:00  -  Run Local Usage
		Usr 0 00:07:30, Sys 0 00:00:28  -  Total Remote Usage
		Usr 0 00:00:00, Sys 0 00:00:00  -  Total Local Usage
	1637506  -  Run Bytes Sent By Job
	328686816  -  Run Bytes Received By Job
	1637506  -  Total Bytes Sent By Job
	328686816  -  Total Bytes Received By Job
	Partitionable Resources :     Usage  Request Allocated 
	   Cpus                 :      0.25        1         1 
	   Disk (KB)            : 322650     2097152   2426061 
	   IoHeavy              :                            0 
	   Memory (MB)          :    549        2048      2048 

	Job terminated of its own accord at 2022-11-22T13:49:09Z.
...
