000 (5550951.695.000) 2022-11-22 05:48:11 Job submitted from host: <144.92.180.28:9618?addrs=144.92.180.28-9618+[2607-f388-101c-1000--370]-9618&alias=login04.hep.wisc.edu&noUDP&sock=schedd_3631_2478>
...
040 (5550951.695.000) 2022-11-22 08:01:29 Started transferring input files
	Transferring to host: <128.105.69.70:9618?addrs=128.105.69.70-9618+[2607-f388-2200-100-1e6a-7aff-fe26-3183]-9618&alias=e2399.chtc.wisc.edu&noUDP&sock=slot1_8_20054_9b69_33360>
...
040 (5550951.695.000) 2022-11-22 08:01:47 Finished transferring input files
...
001 (5550951.695.000) 2022-11-22 08:01:48 Job executing on host: <128.105.69.70:9618?addrs=128.105.69.70-9618+[2607-f388-2200-100-1e6a-7aff-fe26-3183]-9618&alias=e2399.chtc.wisc.edu&noUDP&sock=startd_7504_b2c5>
...
006 (5550951.695.000) 2022-11-22 08:01:56 Image size of job updated: 195624
	16  -  MemoryUsage of job (MB)
	16216  -  ResidentSetSize of job (KB)
...
006 (5550951.695.000) 2022-11-22 08:06:56 Image size of job updated: 1481016
	547  -  MemoryUsage of job (MB)
	559292  -  ResidentSetSize of job (KB)
...
006 (5550951.695.000) 2022-11-22 08:11:57 Image size of job updated: 1481016
	550  -  MemoryUsage of job (MB)
	562532  -  ResidentSetSize of job (KB)
...
006 (5550951.695.000) 2022-11-22 08:16:57 Image size of job updated: 1481016
	557  -  MemoryUsage of job (MB)
	569484  -  ResidentSetSize of job (KB)
...
006 (5550951.695.000) 2022-11-22 08:21:57 Image size of job updated: 1481016
	557  -  MemoryUsage of job (MB)
	569676  -  ResidentSetSize of job (KB)
...
006 (5550951.695.000) 2022-11-22 08:26:58 Image size of job updated: 1481016
	557  -  MemoryUsage of job (MB)
	570248  -  ResidentSetSize of job (KB)
...
006 (5550951.695.000) 2022-11-22 08:31:58 Image size of job updated: 1481972
	558  -  MemoryUsage of job (MB)
	570624  -  ResidentSetSize of job (KB)
...
006 (5550951.695.000) 2022-11-22 08:36:58 Image size of job updated: 1481972
	560  -  MemoryUsage of job (MB)
	572604  -  ResidentSetSize of job (KB)
...
006 (5550951.695.000) 2022-11-22 08:41:58 Image size of job updated: 1481972
	571  -  MemoryUsage of job (MB)
	584584  -  ResidentSetSize of job (KB)
...
040 (5550951.695.000) 2022-11-22 08:43:30 Started transferring output files
...
040 (5550951.695.000) 2022-11-22 08:43:30 Finished transferring output files
...
005 (5550951.695.000) 2022-11-22 08:43:30 Job terminated.
	(1) Normal termination (return value 0)
		Usr 0 00:13:32, Sys 0 00:01:01  -  Run Remote Usage
		Usr 0 00:00:00, Sys 0 00:00:00  -  Run Local Usage
		Usr 0 00:13:32, Sys 0 00:01:01  -  Total Remote Usage
		Usr 0 00:00:00, Sys 0 00:00:00  -  Total Local Usage
	1671951  -  Run Bytes Sent By Job
	328686816  -  Run Bytes Received By Job
	1671951  -  Total Bytes Sent By Job
	328686816  -  Total Bytes Received By Job
	Partitionable Resources :     Usage  Request Allocated 
	   Cpus                 :      0.39        1         1 
	   Disk (KB)            : 322684     2097152   2335346 
	   IoHeavy              :                            0 
	   Memory (MB)          :    571        2048      2048 

	Job terminated of its own accord at 2022-11-22T14:43:30Z.
...
