000 (5550951.427.000) 2022-11-22 05:48:09 Job submitted from host: <144.92.180.28:9618?addrs=144.92.180.28-9618+[2607-f388-101c-1000--370]-9618&alias=login04.hep.wisc.edu&noUDP&sock=schedd_3631_2478>
...
040 (5550951.427.000) 2022-11-22 07:36:11 Started transferring input files
	Transferring to host: <128.105.69.20:9618?addrs=128.105.69.20-9618+[2607-f388-2200-100-1e6a-7aff-fe26-c057]-9618&alias=e342.chtc.wisc.edu&noUDP&sock=slot1_10_19989_cf06_32076>
...
040 (5550951.427.000) 2022-11-22 07:36:21 Finished transferring input files
...
001 (5550951.427.000) 2022-11-22 07:36:22 Job executing on host: <128.105.69.20:9618?addrs=128.105.69.20-9618+[2607-f388-2200-100-1e6a-7aff-fe26-c057]-9618&alias=e342.chtc.wisc.edu&noUDP&sock=startd_7490_1871>
...
006 (5550951.427.000) 2022-11-22 07:36:31 Image size of job updated: 191356
	12  -  MemoryUsage of job (MB)
	12148  -  ResidentSetSize of job (KB)
...
006 (5550951.427.000) 2022-11-22 07:41:32 Image size of job updated: 1466816
	543  -  MemoryUsage of job (MB)
	555124  -  ResidentSetSize of job (KB)
...
040 (5550951.427.000) 2022-11-22 07:42:45 Started transferring output files
...
040 (5550951.427.000) 2022-11-22 07:42:45 Finished transferring output files
...
005 (5550951.427.000) 2022-11-22 07:42:45 Job terminated.
	(1) Normal termination (return value 0)
		Usr 0 00:01:56, Sys 0 00:00:04  -  Run Remote Usage
		Usr 0 00:00:00, Sys 0 00:00:00  -  Run Local Usage
		Usr 0 00:01:56, Sys 0 00:00:04  -  Total Remote Usage
		Usr 0 00:00:00, Sys 0 00:00:00  -  Total Local Usage
	1541815  -  Run Bytes Sent By Job
	328686816  -  Run Bytes Received By Job
	1541815  -  Total Bytes Sent By Job
	328686816  -  Total Bytes Received By Job
	Partitionable Resources :     Usage  Request Allocated 
	   Cpus                 :      0.40        1         1 
	   Disk (KB)            : 322557     2097152   2316153 
	   IoHeavy              :                            0 
	   Memory (MB)          :    543        2048      2048 

	Job terminated of its own accord at 2022-11-22T13:42:45Z.
...
