000 (5550951.432.000) 2022-11-22 05:48:09 Job submitted from host: <144.92.180.28:9618?addrs=144.92.180.28-9618+[2607-f388-101c-1000--370]-9618&alias=login04.hep.wisc.edu&noUDP&sock=schedd_3631_2478>
...
040 (5550951.432.000) 2022-11-22 07:36:41 Started transferring input files
	Transferring to host: <128.105.69.33:9618?addrs=128.105.69.33-9618+[2607-f388-2200-100-1e6a-7aff-fe21-9f8d]-9618&alias=e355.chtc.wisc.edu&noUDP&sock=slot1_6_15926_0ec1_33142>
...
040 (5550951.432.000) 2022-11-22 07:36:51 Finished transferring input files
...
001 (5550951.432.000) 2022-11-22 07:36:52 Job executing on host: <128.105.69.33:9618?addrs=128.105.69.33-9618+[2607-f388-2200-100-1e6a-7aff-fe21-9f8d]-9618&alias=e355.chtc.wisc.edu&noUDP&sock=startd_7458_2569>
...
006 (5550951.432.000) 2022-11-22 07:37:01 Image size of job updated: 478568
	368  -  MemoryUsage of job (MB)
	376252  -  ResidentSetSize of job (KB)
...
006 (5550951.432.000) 2022-11-22 07:41:09 Image size of job updated: 1447872
	368  -  MemoryUsage of job (MB)
	376620  -  ResidentSetSize of job (KB)
...
040 (5550951.432.000) 2022-11-22 07:41:09 Started transferring output files
...
040 (5550951.432.000) 2022-11-22 07:41:09 Finished transferring output files
...
005 (5550951.432.000) 2022-11-22 07:41:09 Job terminated.
	(1) Normal termination (return value 0)
		Usr 0 00:02:07, Sys 0 00:00:18  -  Run Remote Usage
		Usr 0 00:00:00, Sys 0 00:00:00  -  Run Local Usage
		Usr 0 00:02:07, Sys 0 00:00:18  -  Total Remote Usage
		Usr 0 00:00:00, Sys 0 00:00:00  -  Total Local Usage
	1541815  -  Run Bytes Sent By Job
	328686816  -  Run Bytes Received By Job
	1541815  -  Total Bytes Sent By Job
	328686816  -  Total Bytes Received By Job
	Partitionable Resources :     Usage  Request Allocated 
	   Cpus                 :      0.54        1         1 
	   Disk (KB)            : 322557     2097152   2330871 
	   IoHeavy              :                            0 
	   Memory (MB)          :    368        2048      2048 

	Job terminated of its own accord at 2022-11-22T13:41:09Z.
...
