000 (5550951.408.000) 2022-11-22 05:48:09 Job submitted from host: <144.92.180.28:9618?addrs=144.92.180.28-9618+[2607-f388-101c-1000--370]-9618&alias=login04.hep.wisc.edu&noUDP&sock=schedd_3631_2478>
...
040 (5550951.408.000) 2022-11-22 07:32:05 Started transferring input files
	Transferring to host: <128.104.101.137:9618?addrs=128.104.101.137-9618+[2607-f388-107c-501-206-f6ff-fe30-aa79]-9618&alias=e0137.chtc.wisc.edu&noUDP&sock=slot1_3_31275_d111_51111>
...
040 (5550951.408.000) 2022-11-22 07:32:15 Finished transferring input files
...
001 (5550951.408.000) 2022-11-22 07:32:16 Job executing on host: <128.104.101.137:9618?addrs=128.104.101.137-9618+[2607-f388-107c-501-206-f6ff-fe30-aa79]-9618&alias=e0137.chtc.wisc.edu&noUDP&sock=startd_7090_ba8f>
...
006 (5550951.408.000) 2022-11-22 07:32:24 Image size of job updated: 937884
	375  -  MemoryUsage of job (MB)
	383688  -  ResidentSetSize of job (KB)
...
006 (5550951.408.000) 2022-11-22 07:37:24 Image size of job updated: 1454924
	550  -  MemoryUsage of job (MB)
	562836  -  ResidentSetSize of job (KB)
...
006 (5550951.408.000) 2022-11-22 07:42:25 Image size of job updated: 1458820
	552  -  MemoryUsage of job (MB)
	564268  -  ResidentSetSize of job (KB)
...
006 (5550951.408.000) 2022-11-22 07:47:26 Image size of job updated: 1458820
	572  -  MemoryUsage of job (MB)
	585572  -  ResidentSetSize of job (KB)
...
040 (5550951.408.000) 2022-11-22 07:48:41 Started transferring output files
...
040 (5550951.408.000) 2022-11-22 07:48:41 Finished transferring output files
...
005 (5550951.408.000) 2022-11-22 07:48:41 Job terminated.
	(1) Normal termination (return value 0)
		Usr 0 00:06:44, Sys 0 00:01:15  -  Run Remote Usage
		Usr 0 00:00:00, Sys 0 00:00:00  -  Run Local Usage
		Usr 0 00:06:44, Sys 0 00:01:15  -  Total Remote Usage
		Usr 0 00:00:00, Sys 0 00:00:00  -  Total Local Usage
	1637499  -  Run Bytes Sent By Job
	328686816  -  Run Bytes Received By Job
	1637499  -  Total Bytes Sent By Job
	328686816  -  Total Bytes Received By Job
	Partitionable Resources :     Usage  Request Allocated 
	   Cpus                 :      0.50        1         1 
	   Disk (KB)            : 322650     2097152   3319818 
	   IoHeavy              :                            0 
	   Memory (MB)          :    572        2048      2048 

	Job terminated of its own accord at 2022-11-22T13:48:41Z.
...
