000 (5550950.026.000) 2022-11-22 05:47:25 Job submitted from host: <144.92.180.28:9618?addrs=144.92.180.28-9618+[2607-f388-101c-1000--370]-9618&alias=login04.hep.wisc.edu&noUDP&sock=schedd_3631_2478>
...
040 (5550950.026.000) 2022-11-22 05:54:05 Started transferring input files
	Transferring to host: <128.105.68.216:9618?addrs=128.105.68.216-9618+[2607-f388-2200-100-22a-6aff-fedf-c6ff]-9618&alias=e303.chtc.wisc.edu&noUDP&sock=slot1_7_10506_2d64_45237>
...
040 (5550950.026.000) 2022-11-22 05:54:21 Finished transferring input files
...
001 (5550950.026.000) 2022-11-22 05:54:22 Job executing on host: <128.105.68.216:9618?addrs=128.105.68.216-9618+[2607-f388-2200-100-22a-6aff-fedf-c6ff]-9618&alias=e303.chtc.wisc.edu&noUDP&sock=startd_7317_6e8f>
...
006 (5550950.026.000) 2022-11-22 05:54:31 Image size of job updated: 39280
	14  -  MemoryUsage of job (MB)
	13876  -  ResidentSetSize of job (KB)
...
006 (5550950.026.000) 2022-11-22 05:59:10 Image size of job updated: 1395016
	14  -  MemoryUsage of job (MB)
	13880  -  ResidentSetSize of job (KB)
...
040 (5550950.026.000) 2022-11-22 05:59:10 Started transferring output files
...
040 (5550950.026.000) 2022-11-22 05:59:10 Finished transferring output files
...
005 (5550950.026.000) 2022-11-22 05:59:10 Job terminated.
	(1) Normal termination (return value 0)
		Usr 0 00:00:44, Sys 0 00:00:03  -  Run Remote Usage
		Usr 0 00:00:00, Sys 0 00:00:00  -  Run Local Usage
		Usr 0 00:00:44, Sys 0 00:00:03  -  Total Remote Usage
		Usr 0 00:00:00, Sys 0 00:00:00  -  Total Local Usage
	293934  -  Run Bytes Sent By Job
	328686816  -  Run Bytes Received By Job
	293934  -  Total Bytes Sent By Job
	328686816  -  Total Bytes Received By Job
	Partitionable Resources :     Usage  Request Allocated 
	   Cpus                 :      0.25        1         1 
	   Disk (KB)            : 321338     2097152   2320839 
	   IoHeavy              :                            0 
	   Memory (MB)          :     14        2048      2048 

	Job terminated of its own accord at 2022-11-22T11:59:10Z.
...
