000 (5550951.115.000) 2022-11-22 05:48:07 Job submitted from host: <144.92.180.28:9618?addrs=144.92.180.28-9618+[2607-f388-101c-1000--370]-9618&alias=login04.hep.wisc.edu&noUDP&sock=schedd_3631_2478>
...
040 (5550951.115.000) 2022-11-22 06:34:26 Started transferring input files
	Transferring to host: <144.92.180.201:9618?addrs=144.92.180.201-9618+[2607-f388-101c-1000--271]-9618&alias=g24n09.hep.wisc.edu&noUDP&sock=slot1_3_3134_efb9_63206>
...
040 (5550951.115.000) 2022-11-22 06:35:02 Finished transferring input files
...
001 (5550951.115.000) 2022-11-22 06:35:03 Job executing on host: <144.92.180.201:9618?addrs=144.92.180.201-9618+[2607-f388-101c-1000--271]-9618&alias=g24n09.hep.wisc.edu&noUDP&sock=startd_2581_ee07>
...
006 (5550951.115.000) 2022-11-22 06:35:11 Image size of job updated: 830400
	360  -  MemoryUsage of job (MB)
	368544  -  ResidentSetSize of job (KB)
...
006 (5550951.115.000) 2022-11-22 06:36:01 Image size of job updated: 1333168
	361  -  MemoryUsage of job (MB)
	368676  -  ResidentSetSize of job (KB)
...
040 (5550951.115.000) 2022-11-22 06:36:01 Started transferring output files
...
040 (5550951.115.000) 2022-11-22 06:36:01 Finished transferring output files
...
005 (5550951.115.000) 2022-11-22 06:36:01 Job terminated.
	(1) Normal termination (return value 0)
		Usr 0 00:00:25, Sys 0 00:00:04  -  Run Remote Usage
		Usr 0 00:00:00, Sys 0 00:00:00  -  Run Local Usage
		Usr 0 00:00:25, Sys 0 00:00:04  -  Total Remote Usage
		Usr 0 00:00:00, Sys 0 00:00:00  -  Total Local Usage
	1176218  -  Run Bytes Sent By Job
	328686816  -  Run Bytes Received By Job
	1176218  -  Total Bytes Sent By Job
	328686816  -  Total Bytes Received By Job
	Partitionable Resources :     Usage  Request Allocated 
	   Cpus                 :      0.00        1         1 
	   Disk (KB)            : 322198     2097152  18508433 
	   Memory (MB)          :    361        2048      2500 

	Job terminated of its own accord at 2022-11-22T12:36:01Z.
...
