000 (5550950.179.000) 2022-11-22 05:47:26 Job submitted from host: <144.92.180.28:9618?addrs=144.92.180.28-9618+[2607-f388-101c-1000--370]-9618&alias=login04.hep.wisc.edu&noUDP&sock=schedd_3631_2478>
...
040 (5550950.179.000) 2022-11-22 06:05:37 Started transferring input files
	Transferring to host: <128.105.68.211:9618?addrs=128.105.68.211-9618+[2607-f388-2200-100-1e6a-7aff-fe26-bb5d]-9618&alias=e2298.chtc.wisc.edu&noUDP&sock=slot1_2_37246_ed24_43138>
...
040 (5550950.179.000) 2022-11-22 06:05:51 Finished transferring input files
...
001 (5550950.179.000) 2022-11-22 06:05:52 Job executing on host: <128.105.68.211:9618?addrs=128.105.68.211-9618+[2607-f388-2200-100-1e6a-7aff-fe26-bb5d]-9618&alias=e2298.chtc.wisc.edu&noUDP&sock=startd_7261_0541>
...
006 (5550950.179.000) 2022-11-22 06:06:02 Image size of job updated: 998180
	365  -  MemoryUsage of job (MB)
	373536  -  ResidentSetSize of job (KB)
...
006 (5550950.179.000) 2022-11-22 06:06:23 Image size of job updated: 1201768
	366  -  MemoryUsage of job (MB)
	374304  -  ResidentSetSize of job (KB)
...
040 (5550950.179.000) 2022-11-22 06:06:23 Started transferring output files
...
040 (5550950.179.000) 2022-11-22 06:06:23 Finished transferring output files
...
005 (5550950.179.000) 2022-11-22 06:06:23 Job terminated.
	(1) Normal termination (return value 0)
		Usr 0 00:00:09, Sys 0 00:00:04  -  Run Remote Usage
		Usr 0 00:00:00, Sys 0 00:00:00  -  Run Local Usage
		Usr 0 00:00:09, Sys 0 00:00:04  -  Total Remote Usage
		Usr 0 00:00:00, Sys 0 00:00:00  -  Total Local Usage
	7420  -  Run Bytes Sent By Job
	328686816  -  Run Bytes Received By Job
	7420  -  Total Bytes Sent By Job
	328686816  -  Total Bytes Received By Job
	Partitionable Resources :    Usage  Request Allocated 
	   Cpus                 :                 1         1 
	   Disk (KB)            :   321049  2097152   2336590 
	   IoHeavy              :                           0 
	   Memory (MB)          :      366     2048      2048 

	Job terminated of its own accord at 2022-11-22T12:06:23Z.
...
