000 (5550951.261.000) 2022-11-22 05:48:08 Job submitted from host: <144.92.180.28:9618?addrs=144.92.180.28-9618+[2607-f388-101c-1000--370]-9618&alias=login04.hep.wisc.edu&noUDP&sock=schedd_3631_2478>
...
040 (5550951.261.000) 2022-11-22 06:55:13 Started transferring input files
	Transferring to host: <128.105.68.216:9618?addrs=128.105.68.216-9618+[2607-f388-2200-100-22a-6aff-fedf-c6ff]-9618&alias=e303.chtc.wisc.edu&noUDP&sock=slot1_7_10506_2d64_45349>
...
040 (5550951.261.000) 2022-11-22 06:55:24 Finished transferring input files
...
001 (5550951.261.000) 2022-11-22 06:55:25 Job executing on host: <128.105.68.216:9618?addrs=128.105.68.216-9618+[2607-f388-2200-100-22a-6aff-fedf-c6ff]-9618&alias=e303.chtc.wisc.edu&noUDP&sock=startd_7317_6e8f>
...
006 (5550951.261.000) 2022-11-22 06:55:33 Image size of job updated: 39096
	14  -  MemoryUsage of job (MB)
	13696  -  ResidentSetSize of job (KB)
...
006 (5550951.261.000) 2022-11-22 07:00:33 Image size of job updated: 1435752
	533  -  MemoryUsage of job (MB)
	544976  -  ResidentSetSize of job (KB)
...
006 (5550951.261.000) 2022-11-22 07:05:33 Image size of job updated: 1435752
	533  -  MemoryUsage of job (MB)
	545200  -  ResidentSetSize of job (KB)
...
040 (5550951.261.000) 2022-11-22 07:06:03 Started transferring output files
...
040 (5550951.261.000) 2022-11-22 07:06:03 Finished transferring output files
...
005 (5550951.261.000) 2022-11-22 07:06:03 Job terminated.
	(1) Normal termination (return value 0)
		Usr 0 00:02:38, Sys 0 00:00:07  -  Run Remote Usage
		Usr 0 00:00:00, Sys 0 00:00:00  -  Run Local Usage
		Usr 0 00:02:38, Sys 0 00:00:07  -  Total Remote Usage
		Usr 0 00:00:00, Sys 0 00:00:00  -  Total Local Usage
	1582247  -  Run Bytes Sent By Job
	328686816  -  Run Bytes Received By Job
	1582247  -  Total Bytes Sent By Job
	328686816  -  Total Bytes Received By Job
	Partitionable Resources :     Usage  Request Allocated 
	   Cpus                 :      0.30        1         1 
	   Disk (KB)            : 322596     2097152   2320839 
	   IoHeavy              :                            0 
	   Memory (MB)          :    533        2048      2048 

	Job terminated of its own accord at 2022-11-22T13:06:03Z.
...
