000 (5550950.122.000) 2022-11-22 05:47:26 Job submitted from host: <144.92.180.28:9618?addrs=144.92.180.28-9618+[2607-f388-101c-1000--370]-9618&alias=login04.hep.wisc.edu&noUDP&sock=schedd_3631_2478>
...
040 (5550950.122.000) 2022-11-22 06:02:49 Started transferring input files
	Transferring to host: <128.105.69.35:9618?addrs=128.105.69.35-9618+[2607-f388-2200-100-1e6a-7aff-fe21-a6b3]-9618&alias=e2357.chtc.wisc.edu&noUDP&sock=slot1_23_22326_6fc5_61262>
...
040 (5550950.122.000) 2022-11-22 06:03:04 Finished transferring input files
...
001 (5550950.122.000) 2022-11-22 06:03:05 Job executing on host: <128.105.69.35:9618?addrs=128.105.69.35-9618+[2607-f388-2200-100-1e6a-7aff-fe21-a6b3]-9618&alias=e2357.chtc.wisc.edu&noUDP&sock=startd_6872_32ea>
...
006 (5550950.122.000) 2022-11-22 06:03:13 Image size of job updated: 992276
	372  -  MemoryUsage of job (MB)
	380608  -  ResidentSetSize of job (KB)
...
006 (5550950.122.000) 2022-11-22 06:03:43 Image size of job updated: 1234856
	372  -  MemoryUsage of job (MB)
	380656  -  ResidentSetSize of job (KB)
...
040 (5550950.122.000) 2022-11-22 06:03:43 Started transferring output files
...
040 (5550950.122.000) 2022-11-22 06:03:43 Finished transferring output files
...
005 (5550950.122.000) 2022-11-22 06:03:44 Job terminated.
	(1) Normal termination (return value 0)
		Usr 0 00:00:14, Sys 0 00:00:05  -  Run Remote Usage
		Usr 0 00:00:00, Sys 0 00:00:00  -  Run Local Usage
		Usr 0 00:00:14, Sys 0 00:00:05  -  Total Remote Usage
		Usr 0 00:00:00, Sys 0 00:00:00  -  Total Local Usage
	781120  -  Run Bytes Sent By Job
	328686816  -  Run Bytes Received By Job
	781120  -  Total Bytes Sent By Job
	328686816  -  Total Bytes Received By Job
	Partitionable Resources :     Usage  Request Allocated 
	   Cpus                 :      0.51        1         1 
	   Disk (KB)            : 321814     2097152   2346020 
	   IoHeavy              :                            0 
	   Memory (MB)          :    372        2048      2048 

	Job terminated of its own accord at 2022-11-22T12:03:43Z.
...
