analyze_etau WJetsToLNu_TuneCP5_00_04 MC
argc = 8
sp = 0
Systematics : V  Response NJet0 = 0.017
Systematics : V  Response NJet1 = 0.022
Systematics : V  Response NJetGe2 = 0.026
Systematics : V  Resolution NJet0 = 0.024
Systematics : V  Resolution NJet1 = 0.03
Systematics : V  Resolution NJetGe2 = 0.034
Systematics : EWK  Response NJet0 = 0.015
Systematics : EWK  Response NJet1 = 0.02
Systematics : EWK  Response NJetGe2 = 0.025
Systematics : EWK  Resolution NJet0 = 0.021
Systematics : EWK  Resolution NJet1 = 0.027
Systematics : EWK  Resolution NJetGe2 = 0.032
Systematics : TOP  Response NJet0 = 0.015
Systematics : TOP  Response NJet1 = 0.02
Systematics : TOP  Response NJetGe2 = 0.025
Systematics : TOP  Resolution NJet0 = 0.021
Systematics : TOP  Resolution NJet1 = 0.027
Systematics : TOP  Resolution NJetGe2 = 0.032
V_NJet0
V_NJet1
V_NJetGe2
EWK_NJet0
EWK_NJet1
EWK_NJetGe2
TOP_NJet0
TOP_NJet1
TOP_NJetGe2
All files added.
Initializing chain.
from Init MC
****************** wjet sample found
sample ==========WJetsToLNu_TuneCP5_00_04
.... MC file ..... 
Coming in: 
nentries:628219
Running over 628219 events.
Finished entry 0/628218
Finished entry 30000/628218
Finished entry 60000/628218
Finished entry 90000/628218
Finished entry 120000/628218
Finished entry 150000/628218
Finished entry 180000/628218
Finished entry 210000/628218
Finished entry 240000/628218
Finished entry 270000/628218
Finished entry 300000/628218
Finished entry 330000/628218
Finished entry 360000/628218
Finished entry 390000/628218
Finished entry 420000/628218
Finished entry 450000/628218
Finished entry 480000/628218
Finished entry 510000/628218
Finished entry 540000/628218
Finished entry 570000/628218
Finished entry 600000/628218
Finished entry 628218/628218
All events checked.
*******************************************
******************Jithin's original*************************
    Initial entries 628219.000000
   Passing smikking 0.000000
     GoodMuonPassed 0.000000   % change= 100.000000
      GoodTauPassed 0.000000   % change= -nan
         opp charge 0.000000   % change= -nan
 PassedThirdLepVeto 0.000000   % change= -nan
     PassedBjetVeto 0.000000   % change= -nan
       DeltaRPassed 0.000000   % change= -nan
      Total change :100.000000
*******************************************
*******************************************
Number of events inspected: 628219
Number of events inspected (minus negative gen. weights): 628197.000000
 Outpt written to WJetsToLNu_TuneCP5_00_04.root
Real time 0:10:23, CP time 185.810
1669120019 - 1669119393
