analyze_etau blinded_MET_EraF_0002_07 DATA
argc = 8
sp = 0
Systematics : V  Response NJet0 = 0.017
Systematics : V  Response NJet1 = 0.022
Systematics : V  Response NJetGe2 = 0.026
Systematics : V  Resolution NJet0 = 0.024
Systematics : V  Resolution NJet1 = 0.03
Systematics : V  Resolution NJetGe2 = 0.034
Systematics : EWK  Response NJet0 = 0.015
Systematics : EWK  Response NJet1 = 0.02
Systematics : EWK  Response NJetGe2 = 0.025
Systematics : EWK  Resolution NJet0 = 0.021
Systematics : EWK  Resolution NJet1 = 0.027
Systematics : EWK  Resolution NJetGe2 = 0.032
Systematics : TOP  Response NJet0 = 0.015
Systematics : TOP  Response NJet1 = 0.02
Systematics : TOP  Response NJetGe2 = 0.025
Systematics : TOP  Resolution NJet0 = 0.021
Systematics : TOP  Resolution NJet1 = 0.027
Systematics : TOP  Resolution NJetGe2 = 0.032
V_NJet0
V_NJet1
V_NJetGe2
EWK_NJet0
EWK_NJet1
EWK_NJetGe2
TOP_NJet0
TOP_NJet1
TOP_NJetGe2
All files added.
Initializing chain.
from Init DATA
sample ==========blinded_MET_EraF_0002_07
.... DATA file ..... 
Coming in: 
nentries:11594
Running over 11594 events.
Finished entry 0/11593
Finished entry 500/11593
Finished entry 1000/11593
Finished entry 1500/11593
Finished entry 2000/11593
Finished entry 2500/11593
Finished entry 3000/11593
Finished entry 3500/11593
Finished entry 4000/11593
Finished entry 4500/11593
Finished entry 5000/11593
Finished entry 5500/11593
Finished entry 6000/11593
Finished entry 6500/11593
Finished entry 7000/11593
Finished entry 7500/11593
Finished entry 8000/11593
Finished entry 8500/11593
Finished entry 9000/11593
Finished entry 9500/11593
Finished entry 10000/11593
Finished entry 10500/11593
Finished entry 11000/11593
Finished entry 11500/11593
Finished entry 11593/11593
All events checked.
*******************************************
******************Jithin's original*************************
    Initial entries 11594.000000
   Passing smikking 0.000000
     GoodMuonPassed 0.000000   % change= 100.000000
      GoodTauPassed 0.000000   % change= -nan
         opp charge 0.000000   % change= -nan
 PassedThirdLepVeto 12.000000   % change= -inf
     PassedBjetVeto 12.000000   % change= 0.000000
       DeltaRPassed 12.000000   % change= 0.000000
      Total change :99.896498
*******************************************
*******************************************
Number of events inspected: 11594
Number of events inspected (minus negative gen. weights): 11594.000000
 Outpt written to blinded_MET_EraF_0002_07.root
Real time 0:03:28, CP time 20.010
1669120425 - 1669120194
