000 (5550950.213.000) 2022-11-22 05:47:26 Job submitted from host: <144.92.180.28:9618?addrs=144.92.180.28-9618+[2607-f388-101c-1000--370]-9618&alias=login04.hep.wisc.edu&noUDP&sock=schedd_3631_2478>
...
040 (5550950.213.000) 2022-11-22 06:07:37 Started transferring input files
	Transferring to host: <128.105.69.78:9618?addrs=128.105.69.78-9618+[2607-f388-2200-100-1e6a-7aff-fe26-c5bf]-9618&alias=e2338.chtc.wisc.edu&noUDP&sock=slot1_39_728_b117_35427>
...
040 (5550950.213.000) 2022-11-22 06:07:47 Finished transferring input files
...
001 (5550950.213.000) 2022-11-22 06:07:48 Job executing on host: <128.105.69.78:9618?addrs=128.105.69.78-9618+[2607-f388-2200-100-1e6a-7aff-fe26-c5bf]-9618&alias=e2338.chtc.wisc.edu&noUDP&sock=startd_7323_8c20>
...
006 (5550950.213.000) 2022-11-22 06:07:56 Image size of job updated: 156436
	79  -  MemoryUsage of job (MB)
	80332  -  ResidentSetSize of job (KB)
...
006 (5550950.213.000) 2022-11-22 06:12:56 Image size of job updated: 1402672
	512  -  MemoryUsage of job (MB)
	524280  -  ResidentSetSize of job (KB)
...
006 (5550950.213.000) 2022-11-22 06:14:31 Image size of job updated: 1404216
	512  -  MemoryUsage of job (MB)
	524280  -  ResidentSetSize of job (KB)
...
040 (5550950.213.000) 2022-11-22 06:14:31 Started transferring output files
...
040 (5550950.213.000) 2022-11-22 06:14:31 Finished transferring output files
...
005 (5550950.213.000) 2022-11-22 06:14:31 Job terminated.
	(1) Normal termination (return value 0)
		Usr 0 00:01:29, Sys 0 00:00:21  -  Run Remote Usage
		Usr 0 00:00:00, Sys 0 00:00:00  -  Run Local Usage
		Usr 0 00:01:29, Sys 0 00:00:21  -  Total Remote Usage
		Usr 0 00:00:00, Sys 0 00:00:00  -  Total Local Usage
	9312  -  Run Bytes Sent By Job
	328686816  -  Run Bytes Received By Job
	9312  -  Total Bytes Sent By Job
	328686816  -  Total Bytes Received By Job
	Partitionable Resources :     Usage  Request Allocated 
	   Cpus                 :      0.33        1         1 
	   Disk (KB)            : 321060     2097152   2421233 
	   IoHeavy              :                            0 
	   Memory (MB)          :    512        2048      2048 

	Job terminated of its own accord at 2022-11-22T12:14:31Z.
...
