000 (5550951.152.000) 2022-11-22 05:48:07 Job submitted from host: <144.92.180.28:9618?addrs=144.92.180.28-9618+[2607-f388-101c-1000--370]-9618&alias=login04.hep.wisc.edu&noUDP&sock=schedd_3631_2478>
...
040 (5550951.152.000) 2022-11-22 06:36:31 Started transferring input files
	Transferring to host: <128.105.68.142:9618?addrs=128.105.68.142-9618+[2607-f388-2200-100-fac2-88ff-fe67-8439]-9618&alias=e2420.chtc.wisc.edu&noUDP&sock=slot1_4_34249_44ca_44104>
...
040 (5550951.152.000) 2022-11-22 06:38:45 Finished transferring input files
...
001 (5550951.152.000) 2022-11-22 06:38:46 Job executing on host: <128.105.68.142:9618?addrs=128.105.68.142-9618+[2607-f388-2200-100-fac2-88ff-fe67-8439]-9618&alias=e2420.chtc.wisc.edu&noUDP&sock=startd_7760_4b03>
...
006 (5550951.152.000) 2022-11-22 06:38:55 Image size of job updated: 827496
	361  -  MemoryUsage of job (MB)
	368796  -  ResidentSetSize of job (KB)
...
006 (5550951.152.000) 2022-11-22 06:39:16 Image size of job updated: 1337384
	361  -  MemoryUsage of job (MB)
	368908  -  ResidentSetSize of job (KB)
...
040 (5550951.152.000) 2022-11-22 06:39:16 Started transferring output files
...
040 (5550951.152.000) 2022-11-22 06:39:16 Finished transferring output files
...
005 (5550951.152.000) 2022-11-22 06:39:16 Job terminated.
	(1) Normal termination (return value 0)
		Usr 0 00:00:14, Sys 0 00:00:02  -  Run Remote Usage
		Usr 0 00:00:00, Sys 0 00:00:00  -  Run Local Usage
		Usr 0 00:00:14, Sys 0 00:00:02  -  Total Remote Usage
		Usr 0 00:00:00, Sys 0 00:00:00  -  Total Local Usage
	571765  -  Run Bytes Sent By Job
	328686816  -  Run Bytes Received By Job
	571765  -  Total Bytes Sent By Job
	328686816  -  Total Bytes Received By Job
	Partitionable Resources :     Usage  Request Allocated 
	   Cpus                 :      0.04        1         1 
	   Disk (KB)            : 321609     2097152   2330754 
	   IoHeavy              :                            0 
	   Memory (MB)          :    361        2048      2048 

	Job terminated of its own accord at 2022-11-22T12:39:16Z.
...
