000 (5550951.486.000) 2022-11-22 05:48:10 Job submitted from host: <144.92.180.28:9618?addrs=144.92.180.28-9618+[2607-f388-101c-1000--370]-9618&alias=login04.hep.wisc.edu&noUDP&sock=schedd_3631_2478>
...
040 (5550951.486.000) 2022-11-22 07:43:21 Started transferring input files
	Transferring to host: <128.105.69.70:9618?addrs=128.105.69.70-9618+[2607-f388-2200-100-1e6a-7aff-fe26-3183]-9618&alias=e2399.chtc.wisc.edu&noUDP&sock=slot1_8_20054_9b69_33120>
...
040 (5550951.486.000) 2022-11-22 07:43:34 Finished transferring input files
...
001 (5550951.486.000) 2022-11-22 07:43:35 Job executing on host: <128.105.69.70:9618?addrs=128.105.69.70-9618+[2607-f388-2200-100-1e6a-7aff-fe26-3183]-9618&alias=e2399.chtc.wisc.edu&noUDP&sock=startd_7504_b2c5>
...
006 (5550951.486.000) 2022-11-22 07:43:44 Image size of job updated: 515508
	62  -  MemoryUsage of job (MB)
	62508  -  ResidentSetSize of job (KB)
...
006 (5550951.486.000) 2022-11-22 07:48:45 Image size of job updated: 1479032
	541  -  MemoryUsage of job (MB)
	552976  -  ResidentSetSize of job (KB)
...
006 (5550951.486.000) 2022-11-22 07:58:47 Image size of job updated: 1479032
	550  -  MemoryUsage of job (MB)
	562724  -  ResidentSetSize of job (KB)
...
040 (5550951.486.000) 2022-11-22 08:01:26 Started transferring output files
...
040 (5550951.486.000) 2022-11-22 08:01:26 Finished transferring output files
...
005 (5550951.486.000) 2022-11-22 08:01:27 Job terminated.
	(1) Normal termination (return value 0)
		Usr 0 00:05:28, Sys 0 00:00:27  -  Run Remote Usage
		Usr 0 00:00:00, Sys 0 00:00:00  -  Run Local Usage
		Usr 0 00:05:28, Sys 0 00:00:27  -  Total Remote Usage
		Usr 0 00:00:00, Sys 0 00:00:00  -  Total Local Usage
	1610739  -  Run Bytes Sent By Job
	328686816  -  Run Bytes Received By Job
	1610739  -  Total Bytes Sent By Job
	328686816  -  Total Bytes Received By Job
	Partitionable Resources :     Usage  Request Allocated 
	   Cpus                 :      0.38        1         1 
	   Disk (KB)            : 322624     2097152   2335346 
	   IoHeavy              :                            0 
	   Memory (MB)          :    550        2048      2048 

	Job terminated of its own accord at 2022-11-22T14:01:26Z.
...
