000 (5550951.460.000) 2022-11-22 05:48:09 Job submitted from host: <144.92.180.28:9618?addrs=144.92.180.28-9618+[2607-f388-101c-1000--370]-9618&alias=login04.hep.wisc.edu&noUDP&sock=schedd_3631_2478>
...
040 (5550951.460.000) 2022-11-22 07:40:28 Started transferring input files
	Transferring to host: <128.105.68.144:9618?addrs=128.105.68.144-9618+[2607-f388-2200-100-1e6a-7aff-fe26-4df1]-9618&alias=e2422.chtc.wisc.edu&noUDP&sock=slot1_8_34377_74cf_40605>
...
040 (5550951.460.000) 2022-11-22 07:40:38 Finished transferring input files
...
001 (5550951.460.000) 2022-11-22 07:40:39 Job executing on host: <128.105.68.144:9618?addrs=128.105.68.144-9618+[2607-f388-2200-100-1e6a-7aff-fe26-4df1]-9618&alias=e2422.chtc.wisc.edu&noUDP&sock=startd_7585_41f0>
...
006 (5550951.460.000) 2022-11-22 07:40:48 Image size of job updated: 187808
	13  -  MemoryUsage of job (MB)
	13168  -  ResidentSetSize of job (KB)
...
006 (5550951.460.000) 2022-11-22 07:45:49 Image size of job updated: 1461420
	532  -  MemoryUsage of job (MB)
	544568  -  ResidentSetSize of job (KB)
...
006 (5550951.460.000) 2022-11-22 07:50:49 Image size of job updated: 1478960
	544  -  MemoryUsage of job (MB)
	556148  -  ResidentSetSize of job (KB)
...
006 (5550951.460.000) 2022-11-22 07:55:49 Image size of job updated: 1480436
	546  -  MemoryUsage of job (MB)
	558452  -  ResidentSetSize of job (KB)
...
040 (5550951.460.000) 2022-11-22 08:00:11 Started transferring output files
...
040 (5550951.460.000) 2022-11-22 08:00:11 Finished transferring output files
...
005 (5550951.460.000) 2022-11-22 08:00:12 Job terminated.
	(1) Normal termination (return value 0)
		Usr 0 00:04:58, Sys 0 00:00:13  -  Run Remote Usage
		Usr 0 00:00:00, Sys 0 00:00:00  -  Run Local Usage
		Usr 0 00:04:58, Sys 0 00:00:13  -  Total Remote Usage
		Usr 0 00:00:00, Sys 0 00:00:00  -  Total Local Usage
	1610739  -  Run Bytes Sent By Job
	328686816  -  Run Bytes Received By Job
	1610739  -  Total Bytes Sent By Job
	328686816  -  Total Bytes Received By Job
	Partitionable Resources :     Usage  Request Allocated 
	   Cpus                 :      0.34        1         1 
	   Disk (KB)            : 322624     2097152   2354316 
	   IoHeavy              :                            0 
	   Memory (MB)          :    546        2048      2048 

	Job terminated of its own accord at 2022-11-22T14:00:11Z.
...
