000 (5550951.265.000) 2022-11-22 05:48:08 Job submitted from host: <144.92.180.28:9618?addrs=144.92.180.28-9618+[2607-f388-101c-1000--370]-9618&alias=login04.hep.wisc.edu&noUDP&sock=schedd_3631_2478>
...
040 (5550951.265.000) 2022-11-22 06:57:58 Started transferring input files
	Transferring to host: <128.105.68.208:9618?addrs=128.105.68.208-9618+[2607-f388-2200-100-1e6a-7aff-fe26-bb7d]-9618&alias=e2295.chtc.wisc.edu&noUDP&sock=slot1_11_30754_b99c_37663>
...
040 (5550951.265.000) 2022-11-22 06:58:07 Finished transferring input files
...
001 (5550951.265.000) 2022-11-22 06:58:08 Job executing on host: <128.105.68.208:9618?addrs=128.105.68.208-9618+[2607-f388-2200-100-1e6a-7aff-fe26-bb7d]-9618&alias=e2295.chtc.wisc.edu&noUDP&sock=startd_7476_7e1e>
...
006 (5550951.265.000) 2022-11-22 06:58:17 Image size of job updated: 615484
	76  -  MemoryUsage of job (MB)
	77444  -  ResidentSetSize of job (KB)
...
006 (5550951.265.000) 2022-11-22 07:03:18 Image size of job updated: 1443496
	529  -  MemoryUsage of job (MB)
	541336  -  ResidentSetSize of job (KB)
...
006 (5550951.265.000) 2022-11-22 07:08:17 Image size of job updated: 1451116
	529  -  MemoryUsage of job (MB)
	541336  -  ResidentSetSize of job (KB)
...
040 (5550951.265.000) 2022-11-22 07:08:17 Started transferring output files
...
040 (5550951.265.000) 2022-11-22 07:08:17 Finished transferring output files
...
005 (5550951.265.000) 2022-11-22 07:08:18 Job terminated.
	(1) Normal termination (return value 0)
		Usr 0 00:02:44, Sys 0 00:00:11  -  Run Remote Usage
		Usr 0 00:00:00, Sys 0 00:00:00  -  Run Local Usage
		Usr 0 00:02:44, Sys 0 00:00:11  -  Total Remote Usage
		Usr 0 00:00:00, Sys 0 00:00:00  -  Total Local Usage
	1582254  -  Run Bytes Sent By Job
	328686816  -  Run Bytes Received By Job
	1582254  -  Total Bytes Sent By Job
	328686816  -  Total Bytes Received By Job
	Partitionable Resources :     Usage  Request Allocated 
	   Cpus                 :      0.31        1         1 
	   Disk (KB)            : 322596     2097152   2426061 
	   IoHeavy              :                            0 
	   Memory (MB)          :    529        2048      2048 

	Job terminated of its own accord at 2022-11-22T13:08:17Z.
...
