000 (5550950.351.000) 2022-11-22 05:47:28 Job submitted from host: <144.92.180.28:9618?addrs=144.92.180.28-9618+[2607-f388-101c-1000--370]-9618&alias=login04.hep.wisc.edu&noUDP&sock=schedd_3631_2478>
...
040 (5550950.351.000) 2022-11-22 06:25:29 Started transferring input files
	Transferring to host: <128.105.68.142:9618?addrs=128.105.68.142-9618+[2607-f388-2200-100-fac2-88ff-fe67-8439]-9618&alias=e2420.chtc.wisc.edu&noUDP&sock=slot1_36_34249_44ca_44072>
...
040 (5550950.351.000) 2022-11-22 06:25:45 Finished transferring input files
...
001 (5550950.351.000) 2022-11-22 06:25:46 Job executing on host: <128.105.68.142:9618?addrs=128.105.68.142-9618+[2607-f388-2200-100-fac2-88ff-fe67-8439]-9618&alias=e2420.chtc.wisc.edu&noUDP&sock=startd_7760_4b03>
...
006 (5550950.351.000) 2022-11-22 06:25:55 Image size of job updated: 476152
	365  -  MemoryUsage of job (MB)
	373656  -  ResidentSetSize of job (KB)
...
006 (5550950.351.000) 2022-11-22 06:26:31 Image size of job updated: 1486260
	366  -  MemoryUsage of job (MB)
	373784  -  ResidentSetSize of job (KB)
...
040 (5550950.351.000) 2022-11-22 06:26:31 Started transferring output files
...
040 (5550950.351.000) 2022-11-22 06:26:31 Finished transferring output files
...
005 (5550950.351.000) 2022-11-22 06:26:31 Job terminated.
	(1) Normal termination (return value 0)
		Usr 0 00:00:12, Sys 0 00:00:05  -  Run Remote Usage
		Usr 0 00:00:00, Sys 0 00:00:00  -  Run Local Usage
		Usr 0 00:00:12, Sys 0 00:00:05  -  Total Remote Usage
		Usr 0 00:00:00, Sys 0 00:00:00  -  Total Local Usage
	8935  -  Run Bytes Sent By Job
	328686816  -  Run Bytes Received By Job
	8935  -  Total Bytes Sent By Job
	328686816  -  Total Bytes Received By Job
	Partitionable Resources :    Usage  Request Allocated 
	   Cpus                 :                 1         1 
	   Disk (KB)            :   321050  2097152   2330754 
	   IoHeavy              :                           0 
	   Memory (MB)          :      366     2048      2048 

	Job terminated of its own accord at 2022-11-22T12:26:31Z.
...
