analyze_etau blinded_MET_EraB_0001_05 DATA
argc = 8
sp = 0
Systematics : V  Response NJet0 = 0.017
Systematics : V  Response NJet1 = 0.022
Systematics : V  Response NJetGe2 = 0.026
Systematics : V  Resolution NJet0 = 0.024
Systematics : V  Resolution NJet1 = 0.03
Systematics : V  Resolution NJetGe2 = 0.034
Systematics : EWK  Response NJet0 = 0.015
Systematics : EWK  Response NJet1 = 0.02
Systematics : EWK  Response NJetGe2 = 0.025
Systematics : EWK  Resolution NJet0 = 0.021
Systematics : EWK  Resolution NJet1 = 0.027
Systematics : EWK  Resolution NJetGe2 = 0.032
Systematics : TOP  Response NJet0 = 0.015
Systematics : TOP  Response NJet1 = 0.02
Systematics : TOP  Response NJetGe2 = 0.025
Systematics : TOP  Resolution NJet0 = 0.021
Systematics : TOP  Resolution NJet1 = 0.027
Systematics : TOP  Resolution NJetGe2 = 0.032
V_NJet0
V_NJet1
V_NJetGe2
EWK_NJet0
EWK_NJet1
EWK_NJetGe2
TOP_NJet0
TOP_NJet1
TOP_NJetGe2
All files added.
Initializing chain.
from Init DATA
sample ==========blinded_MET_EraB_0001_05
.... DATA file ..... 
Coming in: 
nentries:6009
Running over 6009 events.
Finished entry 0/6008
Finished entry 300/6008
Finished entry 600/6008
Finished entry 900/6008
Finished entry 1200/6008
Finished entry 1500/6008
Finished entry 1800/6008
Finished entry 2100/6008
Finished entry 2400/6008
Finished entry 2700/6008
Finished entry 3000/6008
Finished entry 3300/6008
Finished entry 3600/6008
Finished entry 3900/6008
Finished entry 4200/6008
Finished entry 4500/6008
Finished entry 4800/6008
Finished entry 5100/6008
Finished entry 5400/6008
Finished entry 5700/6008
Finished entry 6000/6008
Finished entry 6008/6008
All events checked.
*******************************************
******************Jithin's original*************************
    Initial entries 6009.000000
   Passing smikking 0.000000
     GoodMuonPassed 0.000000   % change= 100.000000
      GoodTauPassed 0.000000   % change= -nan
         opp charge 0.000000   % change= -nan
 PassedThirdLepVeto 12.000000   % change= -inf
     PassedBjetVeto 12.000000   % change= 0.000000
       DeltaRPassed 12.000000   % change= 0.000000
      Total change :99.800300
*******************************************
*******************************************
Number of events inspected: 6009
Number of events inspected (minus negative gen. weights): 6009.000000
 Outpt written to blinded_MET_EraB_0001_05.root
Real time 0:00:41, CP time 18.490
1669119879 - 1669119834
