000 (5550950.182.000) 2022-11-22 05:47:26 Job submitted from host: <144.92.180.28:9618?addrs=144.92.180.28-9618+[2607-f388-101c-1000--370]-9618&alias=login04.hep.wisc.edu&noUDP&sock=schedd_3631_2478>
...
040 (5550950.182.000) 2022-11-22 06:06:03 Started transferring input files
	Transferring to host: <128.105.68.228:9618?addrs=128.105.68.228-9618+[2607-f388-2200-100-1e6a-7aff-fe26-728b]-9618&alias=e2315.chtc.wisc.edu&noUDP&sock=slot1_19_31836_1788_39961>
...
040 (5550950.182.000) 2022-11-22 06:06:14 Finished transferring input files
...
001 (5550950.182.000) 2022-11-22 06:06:15 Job executing on host: <128.105.68.228:9618?addrs=128.105.68.228-9618+[2607-f388-2200-100-1e6a-7aff-fe26-728b]-9618&alias=e2315.chtc.wisc.edu&noUDP&sock=startd_7598_2cac>
...
006 (5550950.182.000) 2022-11-22 06:06:23 Image size of job updated: 970132
	375  -  MemoryUsage of job (MB)
	383364  -  ResidentSetSize of job (KB)
...
006 (5550950.182.000) 2022-11-22 06:06:56 Image size of job updated: 1380076
	375  -  MemoryUsage of job (MB)
	383364  -  ResidentSetSize of job (KB)
...
040 (5550950.182.000) 2022-11-22 06:06:56 Started transferring output files
...
040 (5550950.182.000) 2022-11-22 06:06:57 Finished transferring output files
...
005 (5550950.182.000) 2022-11-22 06:06:57 Job terminated.
	(1) Normal termination (return value 0)
		Usr 0 00:00:16, Sys 0 00:00:05  -  Run Remote Usage
		Usr 0 00:00:00, Sys 0 00:00:00  -  Run Local Usage
		Usr 0 00:00:16, Sys 0 00:00:05  -  Total Remote Usage
		Usr 0 00:00:00, Sys 0 00:00:00  -  Total Local Usage
	650212  -  Run Bytes Sent By Job
	328686816  -  Run Bytes Received By Job
	650212  -  Total Bytes Sent By Job
	328686816  -  Total Bytes Received By Job
	Partitionable Resources :    Usage  Request Allocated 
	   Cpus                 :                 1         1 
	   Disk (KB)            :   321676  2097152   2397451 
	   IoHeavy              :                           0 
	   Memory (MB)          :      375     2048      2048 

	Job terminated of its own accord at 2022-11-22T12:06:56Z.
...
