000 (5550950.015.000) 2022-11-22 05:47:25 Job submitted from host: <144.92.180.28:9618?addrs=144.92.180.28-9618+[2607-f388-101c-1000--370]-9618&alias=login04.hep.wisc.edu&noUDP&sock=schedd_3631_2478>
...
040 (5550950.015.000) 2022-11-22 05:52:09 Started transferring input files
	Transferring to host: <128.105.68.212:9618?addrs=128.105.68.212-9618+[2607-f388-2200-100-1e6a-7aff-fe26-ca0f]-9618&alias=e2299.chtc.wisc.edu&noUDP&sock=slot1_22_15647_7a15_33535>
...
040 (5550950.015.000) 2022-11-22 05:52:23 Finished transferring input files
...
001 (5550950.015.000) 2022-11-22 05:52:24 Job executing on host: <128.105.68.212:9618?addrs=128.105.68.212-9618+[2607-f388-2200-100-1e6a-7aff-fe26-ca0f]-9618&alias=e2299.chtc.wisc.edu&noUDP&sock=startd_7650_d798>
...
006 (5550950.015.000) 2022-11-22 05:52:32 Image size of job updated: 99004
	51  -  MemoryUsage of job (MB)
	52104  -  ResidentSetSize of job (KB)
...
006 (5550950.015.000) 2022-11-22 05:57:32 Image size of job updated: 1401380
	507  -  MemoryUsage of job (MB)
	518812  -  ResidentSetSize of job (KB)
...
006 (5550950.015.000) 2022-11-22 06:02:33 Image size of job updated: 1401556
	508  -  MemoryUsage of job (MB)
	519800  -  ResidentSetSize of job (KB)
...
006 (5550950.015.000) 2022-11-22 06:07:33 Image size of job updated: 1403532
	511  -  MemoryUsage of job (MB)
	522840  -  ResidentSetSize of job (KB)
...
040 (5550950.015.000) 2022-11-22 06:07:35 Started transferring output files
...
040 (5550950.015.000) 2022-11-22 06:07:35 Finished transferring output files
...
005 (5550950.015.000) 2022-11-22 06:07:35 Job terminated.
	(1) Normal termination (return value 0)
		Usr 0 00:04:28, Sys 0 00:01:00  -  Run Remote Usage
		Usr 0 00:00:00, Sys 0 00:00:00  -  Run Local Usage
		Usr 0 00:04:28, Sys 0 00:01:00  -  Total Remote Usage
		Usr 0 00:00:00, Sys 0 00:00:00  -  Total Local Usage
	315630  -  Run Bytes Sent By Job
	328686816  -  Run Bytes Received By Job
	315630  -  Total Bytes Sent By Job
	328686816  -  Total Bytes Received By Job
	Partitionable Resources :     Usage  Request Allocated 
	   Cpus                 :      0.34        1         1 
	   Disk (KB)            : 321359     2097152   2335100 
	   IoHeavy              :                            0 
	   Memory (MB)          :    511        2048      2048 

	Job terminated of its own accord at 2022-11-22T12:07:35Z.
...
