000 (5550950.436.000) 2022-11-22 05:47:28 Job submitted from host: <144.92.180.28:9618?addrs=144.92.180.28-9618+[2607-f388-101c-1000--370]-9618&alias=login04.hep.wisc.edu&noUDP&sock=schedd_3631_2478>
...
040 (5550950.436.000) 2022-11-22 06:29:08 Started transferring input files
	Transferring to host: <128.105.69.66:9618?addrs=128.105.69.66-9618+[2607-f388-2200-100-fac2-88ff-fe67-c1f3]-9618&alias=e2395.chtc.wisc.edu&noUDP&sock=slot1_13_14454_e685_45011>
...
040 (5550950.436.000) 2022-11-22 06:29:49 Finished transferring input files
...
001 (5550950.436.000) 2022-11-22 06:29:50 Job executing on host: <128.105.69.66:9618?addrs=128.105.69.66-9618+[2607-f388-2200-100-fac2-88ff-fe67-c1f3]-9618&alias=e2395.chtc.wisc.edu&noUDP&sock=startd_7728_57fb>
...
006 (5550950.436.000) 2022-11-22 06:29:58 Image size of job updated: 1029872
	361  -  MemoryUsage of job (MB)
	369408  -  ResidentSetSize of job (KB)
...
006 (5550950.436.000) 2022-11-22 06:30:44 Image size of job updated: 1379464
	361  -  MemoryUsage of job (MB)
	369476  -  ResidentSetSize of job (KB)
...
040 (5550950.436.000) 2022-11-22 06:30:44 Started transferring output files
...
040 (5550950.436.000) 2022-11-22 06:30:44 Finished transferring output files
...
005 (5550950.436.000) 2022-11-22 06:30:44 Job terminated.
	(1) Normal termination (return value 0)
		Usr 0 00:00:13, Sys 0 00:00:05  -  Run Remote Usage
		Usr 0 00:00:00, Sys 0 00:00:00  -  Run Local Usage
		Usr 0 00:00:13, Sys 0 00:00:05  -  Total Remote Usage
		Usr 0 00:00:00, Sys 0 00:00:00  -  Total Local Usage
	226954  -  Run Bytes Sent By Job
	328686816  -  Run Bytes Received By Job
	226954  -  Total Bytes Sent By Job
	328686816  -  Total Bytes Received By Job
	Partitionable Resources :    Usage  Request Allocated 
	   Cpus                 :                 1         1 
	   Disk (KB)            :   321263  2097152   2338322 
	   IoHeavy              :                           0 
	   Memory (MB)          :      361     2048      2048 

	Job terminated of its own accord at 2022-11-22T12:30:44Z.
...
