000 (5550950.168.000) 2022-11-22 05:47:26 Job submitted from host: <144.92.180.28:9618?addrs=144.92.180.28-9618+[2607-f388-101c-1000--370]-9618&alias=login04.hep.wisc.edu&noUDP&sock=schedd_3631_2478>
...
040 (5550950.168.000) 2022-11-22 06:05:10 Started transferring input files
	Transferring to host: <128.105.68.147:9618?addrs=128.105.68.147-9618+[2607-f388-2200-100-1e6a-7aff-fe26-c519]-9618&alias=e2412.chtc.wisc.edu&noUDP&sock=slot1_10_34963_58a7_36780>
...
040 (5550950.168.000) 2022-11-22 06:05:47 Finished transferring input files
...
001 (5550950.168.000) 2022-11-22 06:05:48 Job executing on host: <128.105.68.147:9618?addrs=128.105.68.147-9618+[2607-f388-2200-100-1e6a-7aff-fe26-c519]-9618&alias=e2412.chtc.wisc.edu&noUDP&sock=startd_7723_ea02>
...
006 (5550950.168.000) 2022-11-22 06:05:57 Image size of job updated: 117784
	11  -  MemoryUsage of job (MB)
	10584  -  ResidentSetSize of job (KB)
...
006 (5550950.168.000) 2022-11-22 06:09:31 Image size of job updated: 1389856
	11  -  MemoryUsage of job (MB)
	10608  -  ResidentSetSize of job (KB)
...
040 (5550950.168.000) 2022-11-22 06:09:31 Started transferring output files
...
040 (5550950.168.000) 2022-11-22 06:09:31 Finished transferring output files
...
005 (5550950.168.000) 2022-11-22 06:09:31 Job terminated.
	(1) Normal termination (return value 0)
		Usr 0 00:00:10, Sys 0 00:00:01  -  Run Remote Usage
		Usr 0 00:00:00, Sys 0 00:00:00  -  Run Local Usage
		Usr 0 00:00:10, Sys 0 00:00:01  -  Total Remote Usage
		Usr 0 00:00:00, Sys 0 00:00:00  -  Total Local Usage
	151363  -  Run Bytes Sent By Job
	328686816  -  Run Bytes Received By Job
	151363  -  Total Bytes Sent By Job
	328686816  -  Total Bytes Received By Job
	Partitionable Resources :     Usage  Request Allocated 
	   Cpus                 :      0.08        1         1 
	   Disk (KB)            : 321199     2097152   2331760 
	   IoHeavy              :                            0 
	   Memory (MB)          :     11        2048      2048 

	Job terminated of its own accord at 2022-11-22T12:09:31Z.
...
