analyze_etau DYJetsToLL_M-50_TuneCP5_ext1_v1_04_01 MC
argc = 8
sp = 0
Systematics : V  Response NJet0 = 0.017
Systematics : V  Response NJet1 = 0.022
Systematics : V  Response NJetGe2 = 0.026
Systematics : V  Resolution NJet0 = 0.024
Systematics : V  Resolution NJet1 = 0.03
Systematics : V  Resolution NJetGe2 = 0.034
Systematics : EWK  Response NJet0 = 0.015
Systematics : EWK  Response NJet1 = 0.02
Systematics : EWK  Response NJetGe2 = 0.025
Systematics : EWK  Resolution NJet0 = 0.021
Systematics : EWK  Resolution NJet1 = 0.027
Systematics : EWK  Resolution NJetGe2 = 0.032
Systematics : TOP  Response NJet0 = 0.015
Systematics : TOP  Response NJet1 = 0.02
Systematics : TOP  Response NJetGe2 = 0.025
Systematics : TOP  Resolution NJet0 = 0.021
Systematics : TOP  Resolution NJet1 = 0.027
Systematics : TOP  Resolution NJetGe2 = 0.032
V_NJet0
V_NJet1
V_NJetGe2
EWK_NJet0
EWK_NJet1
EWK_NJetGe2
TOP_NJet0
TOP_NJet1
TOP_NJetGe2
All files added.
Initializing chain.
from Init MC
****************** dyjet sample found
sample ==========DYJetsToLL_M-50_TuneCP5_ext1_v1_04_01
.... MC file ..... 
Coming in: 
nentries:191168
Running over 191168 events.
Finished entry 0/191167
Finished entry 9000/191167
Finished entry 18000/191167
Finished entry 27000/191167
Finished entry 36000/191167
Finished entry 45000/191167
Finished entry 54000/191167
Finished entry 63000/191167
Finished entry 72000/191167
Finished entry 81000/191167
Finished entry 90000/191167
Finished entry 99000/191167
Finished entry 108000/191167
Finished entry 117000/191167
Finished entry 126000/191167
Finished entry 135000/191167
Finished entry 144000/191167
Finished entry 153000/191167
Finished entry 162000/191167
Finished entry 171000/191167
Finished entry 180000/191167
Finished entry 189000/191167
Finished entry 191167/191167
All events checked.
*******************************************
******************Jithin's original*************************
    Initial entries 191168.000000
   Passing smikking 0.000000
     GoodMuonPassed 0.000000   % change= 100.000000
      GoodTauPassed 0.000000   % change= -nan
         opp charge 0.000000   % change= -nan
 PassedThirdLepVeto 0.000000   % change= -nan
     PassedBjetVeto 0.000000   % change= -nan
       DeltaRPassed 0.000000   % change= -nan
      Total change :100.000000
*******************************************
*******************************************
Number of events inspected: 191168
Number of events inspected (minus negative gen. weights): 191164.000000
 Outpt written to DYJetsToLL_M-50_TuneCP5_ext1_v1_04_01.root
Real time 0:04:19, CP time 63.490
1669118249 - 1669117978
