analyze_etau MET_EraB_0001_05 DATA
argc = 8
sp = 0
Systematics : V  Response NJet0 = 0.017
Systematics : V  Response NJet1 = 0.022
Systematics : V  Response NJetGe2 = 0.026
Systematics : V  Resolution NJet0 = 0.024
Systematics : V  Resolution NJet1 = 0.03
Systematics : V  Resolution NJetGe2 = 0.034
Systematics : EWK  Response NJet0 = 0.015
Systematics : EWK  Response NJet1 = 0.02
Systematics : EWK  Response NJetGe2 = 0.025
Systematics : EWK  Resolution NJet0 = 0.021
Systematics : EWK  Resolution NJet1 = 0.027
Systematics : EWK  Resolution NJetGe2 = 0.032
Systematics : TOP  Response NJet0 = 0.015
Systematics : TOP  Response NJet1 = 0.02
Systematics : TOP  Response NJetGe2 = 0.025
Systematics : TOP  Resolution NJet0 = 0.021
Systematics : TOP  Resolution NJet1 = 0.027
Systematics : TOP  Resolution NJetGe2 = 0.032
V_NJet0
V_NJet1
V_NJetGe2
EWK_NJet0
EWK_NJet1
EWK_NJetGe2
TOP_NJet0
TOP_NJet1
TOP_NJetGe2
All files added.
Initializing chain.
from Init DATA
sample ==========MET_EraB_0001_05
.... DATA file ..... 
Coming in: 
nentries:15721
Running over 15721 events.
Finished entry 0/15720
Finished entry 700/15720
Finished entry 1400/15720
Finished entry 2100/15720
Finished entry 2800/15720
Finished entry 3500/15720
Finished entry 4200/15720
Finished entry 4900/15720
Finished entry 5600/15720
Finished entry 6300/15720
Finished entry 7000/15720
Finished entry 7700/15720
Finished entry 8400/15720
Finished entry 9100/15720
Finished entry 9800/15720
Finished entry 10500/15720
Finished entry 11200/15720
Finished entry 11900/15720
Finished entry 12600/15720
Finished entry 13300/15720
Finished entry 14000/15720
Finished entry 14700/15720
Finished entry 15400/15720
Finished entry 15720/15720
All events checked.
*******************************************
******************Jithin's original*************************
    Initial entries 15721.000000
   Passing smikking 0.000000
     GoodMuonPassed 0.000000   % change= 100.000000
      GoodTauPassed 0.000000   % change= -nan
         opp charge 0.000000   % change= -nan
 PassedThirdLepVeto 12.000000   % change= -inf
     PassedBjetVeto 12.000000   % change= 0.000000
       DeltaRPassed 12.000000   % change= 0.000000
      Total change :99.923669
*******************************************
*******************************************
Number of events inspected: 15721
Number of events inspected (minus negative gen. weights): 15721.000000
 Outpt written to MET_EraB_0001_05.root
Real time 0:00:35, CP time 19.650
1669118404 - 1669118365
