analyze_etau ZJetsToNuNu_HT-200To400_00_01 MC
argc = 8
sp = 0
Systematics : V  Response NJet0 = 0.017
Systematics : V  Response NJet1 = 0.022
Systematics : V  Response NJetGe2 = 0.026
Systematics : V  Resolution NJet0 = 0.024
Systematics : V  Resolution NJet1 = 0.03
Systematics : V  Resolution NJetGe2 = 0.034
Systematics : EWK  Response NJet0 = 0.015
Systematics : EWK  Response NJet1 = 0.02
Systematics : EWK  Response NJetGe2 = 0.025
Systematics : EWK  Resolution NJet0 = 0.021
Systematics : EWK  Resolution NJet1 = 0.027
Systematics : EWK  Resolution NJetGe2 = 0.032
Systematics : TOP  Response NJet0 = 0.015
Systematics : TOP  Response NJet1 = 0.02
Systematics : TOP  Response NJetGe2 = 0.025
Systematics : TOP  Resolution NJet0 = 0.021
Systematics : TOP  Resolution NJet1 = 0.027
Systematics : TOP  Resolution NJetGe2 = 0.032
V_NJet0
V_NJet1
V_NJetGe2
EWK_NJet0
EWK_NJet1
EWK_NJetGe2
TOP_NJet0
TOP_NJet1
TOP_NJetGe2
All files added.
Initializing chain.
from Init MC
sample ==========ZJetsToNuNu_HT-200To400_00_01
.... MC file ..... 
Coming in: 
nentries:99725
Running over 99725 events.
Finished entry 0/99724
Finished entry 4000/99724
Finished entry 8000/99724
Finished entry 12000/99724
Finished entry 16000/99724
Finished entry 20000/99724
Finished entry 24000/99724
Finished entry 28000/99724
Finished entry 32000/99724
Finished entry 36000/99724
Finished entry 40000/99724
Finished entry 44000/99724
Finished entry 48000/99724
Finished entry 52000/99724
Finished entry 56000/99724
Finished entry 60000/99724
Finished entry 64000/99724
Finished entry 68000/99724
Finished entry 72000/99724
Finished entry 76000/99724
Finished entry 80000/99724
Finished entry 84000/99724
Finished entry 88000/99724
Finished entry 92000/99724
Finished entry 96000/99724
Finished entry 99724/99724
All events checked.
*******************************************
******************Jithin's original*************************
    Initial entries 99725.000000
   Passing smikking 0.000000
     GoodMuonPassed 0.000000   % change= 100.000000
      GoodTauPassed 0.000000   % change= -nan
         opp charge 0.000000   % change= -nan
 PassedThirdLepVeto 0.000000   % change= -nan
     PassedBjetVeto 0.000000   % change= -nan
       DeltaRPassed 0.000000   % change= -nan
      Total change :100.000000
*******************************************
*******************************************
Number of events inspected: 99725
Number of events inspected (minus negative gen. weights): 99549.000000
 Outpt written to ZJetsToNuNu_HT-200To400_00_01.root
Real time 0:04:56, CP time 50.880
1669119938 - 1669119617
