analyze_etau VBFHToTauTau_M125_00_00 MC
argc = 8
sp = 0
Systematics : V  Response NJet0 = 0.017
Systematics : V  Response NJet1 = 0.022
Systematics : V  Response NJetGe2 = 0.026
Systematics : V  Resolution NJet0 = 0.024
Systematics : V  Resolution NJet1 = 0.03
Systematics : V  Resolution NJetGe2 = 0.034
Systematics : EWK  Response NJet0 = 0.015
Systematics : EWK  Response NJet1 = 0.02
Systematics : EWK  Response NJetGe2 = 0.025
Systematics : EWK  Resolution NJet0 = 0.021
Systematics : EWK  Resolution NJet1 = 0.027
Systematics : EWK  Resolution NJetGe2 = 0.032
Systematics : TOP  Response NJet0 = 0.015
Systematics : TOP  Response NJet1 = 0.02
Systematics : TOP  Response NJetGe2 = 0.025
Systematics : TOP  Resolution NJet0 = 0.021
Systematics : TOP  Resolution NJet1 = 0.027
Systematics : TOP  Resolution NJetGe2 = 0.032
V_NJet0
V_NJet1
V_NJetGe2
EWK_NJet0
EWK_NJet1
EWK_NJetGe2
TOP_NJet0
TOP_NJet1
TOP_NJetGe2
All files added.
Initializing chain.
from Init MC
sample ==========VBFHToTauTau_M125_00_00
.... MC file ..... 
Coming in: 
nentries:580367
Running over 580367 events.
Finished entry 0/580366
Finished entry 20000/580366
Finished entry 40000/580366
Finished entry 60000/580366
Finished entry 80000/580366
Finished entry 100000/580366
Finished entry 120000/580366
Finished entry 140000/580366
Finished entry 160000/580366
Finished entry 180000/580366
Finished entry 200000/580366
Finished entry 220000/580366
Finished entry 240000/580366
Finished entry 260000/580366
Finished entry 280000/580366
Finished entry 300000/580366
Finished entry 320000/580366
Finished entry 340000/580366
Finished entry 360000/580366
Finished entry 380000/580366
Finished entry 400000/580366
Finished entry 420000/580366
Finished entry 440000/580366
Finished entry 460000/580366
Finished entry 480000/580366
Finished entry 500000/580366
Finished entry 520000/580366
Finished entry 540000/580366
Finished entry 560000/580366
Finished entry 580000/580366
Finished entry 580366/580366
All events checked.
*******************************************
******************Jithin's original*************************
    Initial entries 580367.000000
   Passing smikking 0.000000
     GoodMuonPassed 0.000000   % change= 100.000000
      GoodTauPassed 0.000000   % change= -nan
         opp charge 0.000000   % change= -nan
 PassedThirdLepVeto 2470.000000   % change= -inf
     PassedBjetVeto 2470.000000   % change= 0.000000
       DeltaRPassed 2470.000000   % change= 0.000000
      Total change :99.574407
*******************************************
*******************************************
Number of events inspected: 580367
Number of events inspected (minus negative gen. weights): 579619.000000
 Outpt written to VBFHToTauTau_M125_00_00.root
Real time 0:09:44, CP time 212.930
1669119515 - 1669118926
