000 (5550951.017.000) 2022-11-22 05:48:06 Job submitted from host: <144.92.180.28:9618?addrs=144.92.180.28-9618+[2607-f388-101c-1000--370]-9618&alias=login04.hep.wisc.edu&noUDP&sock=schedd_3631_2478>
...
040 (5550951.017.000) 2022-11-22 06:30:47 Started transferring input files
	Transferring to host: <128.105.69.66:9618?addrs=128.105.69.66-9618+[2607-f388-2200-100-fac2-88ff-fe67-c1f3]-9618&alias=e2395.chtc.wisc.edu&noUDP&sock=slot1_13_14454_e685_45018>
...
040 (5550951.017.000) 2022-11-22 06:31:27 Finished transferring input files
...
001 (5550951.017.000) 2022-11-22 06:31:28 Job executing on host: <128.105.69.66:9618?addrs=128.105.69.66-9618+[2607-f388-2200-100-fac2-88ff-fe67-c1f3]-9618&alias=e2395.chtc.wisc.edu&noUDP&sock=startd_7728_57fb>
...
006 (5550951.017.000) 2022-11-22 06:31:36 Image size of job updated: 549288
	362  -  MemoryUsage of job (MB)
	370348  -  ResidentSetSize of job (KB)
...
006 (5550951.017.000) 2022-11-22 06:31:57 Image size of job updated: 1345472
	362  -  MemoryUsage of job (MB)
	370600  -  ResidentSetSize of job (KB)
...
040 (5550951.017.000) 2022-11-22 06:31:57 Started transferring output files
...
040 (5550951.017.000) 2022-11-22 06:31:57 Finished transferring output files
...
005 (5550951.017.000) 2022-11-22 06:31:58 Job terminated.
	(1) Normal termination (return value 0)
		Usr 0 00:00:15, Sys 0 00:00:02  -  Run Remote Usage
		Usr 0 00:00:00, Sys 0 00:00:00  -  Run Local Usage
		Usr 0 00:00:15, Sys 0 00:00:02  -  Total Remote Usage
		Usr 0 00:00:00, Sys 0 00:00:00  -  Total Local Usage
	1248507  -  Run Bytes Sent By Job
	328686816  -  Run Bytes Received By Job
	1248507  -  Total Bytes Sent By Job
	328686816  -  Total Bytes Received By Job
	Partitionable Resources :    Usage  Request Allocated 
	   Cpus                 :                 1         1 
	   Disk (KB)            :   322261  2097152   2338322 
	   IoHeavy              :                           0 
	   Memory (MB)          :      362     2048      2048 

	Job terminated of its own accord at 2022-11-22T12:31:57Z.
...
