000 (5550951.211.000) 2022-11-22 05:48:08 Job submitted from host: <144.92.180.28:9618?addrs=144.92.180.28-9618+[2607-f388-101c-1000--370]-9618&alias=login04.hep.wisc.edu&noUDP&sock=schedd_3631_2478>
...
040 (5550951.211.000) 2022-11-22 06:39:18 Started transferring input files
	Transferring to host: <128.105.68.142:9618?addrs=128.105.68.142-9618+[2607-f388-2200-100-fac2-88ff-fe67-8439]-9618&alias=e2420.chtc.wisc.edu&noUDP&sock=slot1_4_34249_44ca_44108>
...
040 (5550951.211.000) 2022-11-22 06:40:04 Finished transferring input files
...
001 (5550951.211.000) 2022-11-22 06:40:05 Job executing on host: <128.105.68.142:9618?addrs=128.105.68.142-9618+[2607-f388-2200-100-fac2-88ff-fe67-8439]-9618&alias=e2420.chtc.wisc.edu&noUDP&sock=startd_7760_4b03>
...
006 (5550951.211.000) 2022-11-22 06:40:13 Image size of job updated: 545300
	358  -  MemoryUsage of job (MB)
	366232  -  ResidentSetSize of job (KB)
...
006 (5550951.211.000) 2022-11-22 06:45:13 Image size of job updated: 1479540
	560  -  MemoryUsage of job (MB)
	572564  -  ResidentSetSize of job (KB)
...
006 (5550951.211.000) 2022-11-22 06:50:14 Image size of job updated: 1479916
	574  -  MemoryUsage of job (MB)
	587404  -  ResidentSetSize of job (KB)
...
006 (5550951.211.000) 2022-11-22 06:55:15 Image size of job updated: 1481724
	574  -  MemoryUsage of job (MB)
	587404  -  ResidentSetSize of job (KB)
...
006 (5550951.211.000) 2022-11-22 07:05:16 Image size of job updated: 1481844
	574  -  MemoryUsage of job (MB)
	587404  -  ResidentSetSize of job (KB)
...
006 (5550951.211.000) 2022-11-22 07:10:17 Image size of job updated: 1483812
	574  -  MemoryUsage of job (MB)
	587404  -  ResidentSetSize of job (KB)
...
040 (5550951.211.000) 2022-11-22 07:14:37 Started transferring output files
...
040 (5550951.211.000) 2022-11-22 07:14:37 Finished transferring output files
...
005 (5550951.211.000) 2022-11-22 07:14:37 Job terminated.
	(1) Normal termination (return value 0)
		Usr 0 00:12:33, Sys 0 00:01:32  -  Run Remote Usage
		Usr 0 00:00:00, Sys 0 00:00:00  -  Run Local Usage
		Usr 0 00:12:33, Sys 0 00:01:32  -  Total Remote Usage
		Usr 0 00:00:00, Sys 0 00:00:00  -  Total Local Usage
	1651436  -  Run Bytes Sent By Job
	328686816  -  Run Bytes Received By Job
	1651436  -  Total Bytes Sent By Job
	328686816  -  Total Bytes Received By Job
	Partitionable Resources :     Usage  Request Allocated 
	   Cpus                 :      0.41        1         1 
	   Disk (KB)            : 322664     2097152   2330754 
	   IoHeavy              :                            0 
	   Memory (MB)          :    574        2048      2048 

	Job terminated of its own accord at 2022-11-22T13:14:36Z.
...
