000 (5550951.410.000) 2022-11-22 05:48:09 Job submitted from host: <144.92.180.28:9618?addrs=144.92.180.28-9618+[2607-f388-101c-1000--370]-9618&alias=login04.hep.wisc.edu&noUDP&sock=schedd_3631_2478>
...
040 (5550951.410.000) 2022-11-22 07:32:27 Started transferring input files
	Transferring to host: <128.105.68.143:9618?addrs=128.105.68.143-9618+[2607-f388-2200-100-1e6a-7aff-fe21-ae41]-9618&alias=e2421.chtc.wisc.edu&noUDP&sock=slot1_14_15254_92a5_30017>
...
040 (5550951.410.000) 2022-11-22 07:32:37 Finished transferring input files
...
001 (5550951.410.000) 2022-11-22 07:32:38 Job executing on host: <128.105.68.143:9618?addrs=128.105.68.143-9618+[2607-f388-2200-100-1e6a-7aff-fe21-ae41]-9618&alias=e2421.chtc.wisc.edu&noUDP&sock=startd_7727_a863>
...
006 (5550951.410.000) 2022-11-22 07:32:47 Image size of job updated: 41072
	16  -  MemoryUsage of job (MB)
	15856  -  ResidentSetSize of job (KB)
...
006 (5550951.410.000) 2022-11-22 07:37:48 Image size of job updated: 1471044
	540  -  MemoryUsage of job (MB)
	552152  -  ResidentSetSize of job (KB)
...
006 (5550951.410.000) 2022-11-22 07:42:48 Image size of job updated: 1471044
	540  -  MemoryUsage of job (MB)
	552180  -  ResidentSetSize of job (KB)
...
006 (5550951.410.000) 2022-11-22 07:47:49 Image size of job updated: 1471044
	540  -  MemoryUsage of job (MB)
	552444  -  ResidentSetSize of job (KB)
...
006 (5550951.410.000) 2022-11-22 07:52:50 Image size of job updated: 1471044
	540  -  MemoryUsage of job (MB)
	552604  -  ResidentSetSize of job (KB)
...
040 (5550951.410.000) 2022-11-22 07:57:21 Started transferring output files
...
040 (5550951.410.000) 2022-11-22 07:57:21 Finished transferring output files
...
005 (5550951.410.000) 2022-11-22 07:57:22 Job terminated.
	(1) Normal termination (return value 0)
		Usr 0 00:07:54, Sys 0 00:00:27  -  Run Remote Usage
		Usr 0 00:00:00, Sys 0 00:00:00  -  Run Local Usage
		Usr 0 00:07:54, Sys 0 00:00:27  -  Total Remote Usage
		Usr 0 00:00:00, Sys 0 00:00:00  -  Total Local Usage
	1637499  -  Run Bytes Sent By Job
	328686816  -  Run Bytes Received By Job
	1637499  -  Total Bytes Sent By Job
	328686816  -  Total Bytes Received By Job
	Partitionable Resources :     Usage  Request Allocated 
	   Cpus                 :      0.42        1         1 
	   Disk (KB)            : 322650     2097152   2364413 
	   IoHeavy              :                            0 
	   Memory (MB)          :    540        2048      2048 

	Job terminated of its own accord at 2022-11-22T13:57:21Z.
...
