analyze_etau MET_EraF_0002_010 DATA
argc = 8
sp = 0
Systematics : V  Response NJet0 = 0.017
Systematics : V  Response NJet1 = 0.022
Systematics : V  Response NJetGe2 = 0.026
Systematics : V  Resolution NJet0 = 0.024
Systematics : V  Resolution NJet1 = 0.03
Systematics : V  Resolution NJetGe2 = 0.034
Systematics : EWK  Response NJet0 = 0.015
Systematics : EWK  Response NJet1 = 0.02
Systematics : EWK  Response NJetGe2 = 0.025
Systematics : EWK  Resolution NJet0 = 0.021
Systematics : EWK  Resolution NJet1 = 0.027
Systematics : EWK  Resolution NJetGe2 = 0.032
Systematics : TOP  Response NJet0 = 0.015
Systematics : TOP  Response NJet1 = 0.02
Systematics : TOP  Response NJetGe2 = 0.025
Systematics : TOP  Resolution NJet0 = 0.021
Systematics : TOP  Resolution NJet1 = 0.027
Systematics : TOP  Resolution NJetGe2 = 0.032
V_NJet0
V_NJet1
V_NJetGe2
EWK_NJet0
EWK_NJet1
EWK_NJetGe2
TOP_NJet0
TOP_NJet1
TOP_NJetGe2
All files added.
Initializing chain.
from Init DATA
sample ==========MET_EraF_0002_010
.... DATA file ..... 
Coming in: 
nentries:3134
Running over 3134 events.
Finished entry 0/3133
Finished entry 100/3133
Finished entry 200/3133
Finished entry 300/3133
Finished entry 400/3133
Finished entry 500/3133
Finished entry 600/3133
Finished entry 700/3133
Finished entry 800/3133
Finished entry 900/3133
Finished entry 1000/3133
Finished entry 1100/3133
Finished entry 1200/3133
Finished entry 1300/3133
Finished entry 1400/3133
Finished entry 1500/3133
Finished entry 1600/3133
Finished entry 1700/3133
Finished entry 1800/3133
Finished entry 1900/3133
Finished entry 2000/3133
Finished entry 2100/3133
Finished entry 2200/3133
Finished entry 2300/3133
Finished entry 2400/3133
Finished entry 2500/3133
Finished entry 2600/3133
Finished entry 2700/3133
Finished entry 2800/3133
Finished entry 2900/3133
Finished entry 3000/3133
Finished entry 3100/3133
Finished entry 3133/3133
All events checked.
*******************************************
******************Jithin's original*************************
    Initial entries 3134.000000
   Passing smikking 0.000000
     GoodMuonPassed 0.000000   % change= 100.000000
      GoodTauPassed 0.000000   % change= -nan
         opp charge 0.000000   % change= -nan
 PassedThirdLepVeto 0.000000   % change= -nan
     PassedBjetVeto 0.000000   % change= -nan
       DeltaRPassed 0.000000   % change= -nan
      Total change :100.000000
*******************************************
*******************************************
Number of events inspected: 3134
Number of events inspected (minus negative gen. weights): 3134.000000
 Outpt written to MET_EraF_0002_010.root
Real time 0:00:19, CP time 8.740
1669118792 - 1669118759
