000 (5550950.192.000) 2022-11-22 05:47:26 Job submitted from host: <144.92.180.28:9618?addrs=144.92.180.28-9618+[2607-f388-101c-1000--370]-9618&alias=login04.hep.wisc.edu&noUDP&sock=schedd_3631_2478>
...
040 (5550950.192.000) 2022-11-22 06:06:45 Started transferring input files
	Transferring to host: <128.105.68.211:9618?addrs=128.105.68.211-9618+[2607-f388-2200-100-1e6a-7aff-fe26-bb5d]-9618&alias=e2298.chtc.wisc.edu&noUDP&sock=slot1_21_37246_ed24_43171>
...
040 (5550950.192.000) 2022-11-22 06:06:59 Finished transferring input files
...
001 (5550950.192.000) 2022-11-22 06:07:00 Job executing on host: <128.105.68.211:9618?addrs=128.105.68.211-9618+[2607-f388-2200-100-1e6a-7aff-fe26-bb5d]-9618&alias=e2298.chtc.wisc.edu&noUDP&sock=startd_7261_0541>
...
006 (5550950.192.000) 2022-11-22 06:07:08 Image size of job updated: 844700
	357  -  MemoryUsage of job (MB)
	365220  -  ResidentSetSize of job (KB)
...
006 (5550950.192.000) 2022-11-22 06:08:00 Image size of job updated: 1378644
	357  -  MemoryUsage of job (MB)
	365220  -  ResidentSetSize of job (KB)
...
040 (5550950.192.000) 2022-11-22 06:08:00 Started transferring output files
...
040 (5550950.192.000) 2022-11-22 06:08:00 Finished transferring output files
...
005 (5550950.192.000) 2022-11-22 06:08:00 Job terminated.
	(1) Normal termination (return value 0)
		Usr 0 00:00:19, Sys 0 00:00:06  -  Run Remote Usage
		Usr 0 00:00:00, Sys 0 00:00:00  -  Run Local Usage
		Usr 0 00:00:19, Sys 0 00:00:06  -  Total Remote Usage
		Usr 0 00:00:00, Sys 0 00:00:00  -  Total Local Usage
	637542  -  Run Bytes Sent By Job
	328686816  -  Run Bytes Received By Job
	637542  -  Total Bytes Sent By Job
	328686816  -  Total Bytes Received By Job
	Partitionable Resources :    Usage  Request Allocated 
	   Cpus                 :        0        1         1 
	   Disk (KB)            :   321673  2097152   2336590 
	   IoHeavy              :                           0 
	   Memory (MB)          :      357     2048      2048 

	Job terminated of its own accord at 2022-11-22T12:08:00Z.
...
