000 (5550951.377.000) 2022-11-22 05:48:09 Job submitted from host: <144.92.180.28:9618?addrs=144.92.180.28-9618+[2607-f388-101c-1000--370]-9618&alias=login04.hep.wisc.edu&noUDP&sock=schedd_3631_2478>
...
040 (5550951.377.000) 2022-11-22 07:23:32 Started transferring input files
	Transferring to host: <128.104.101.137:9618?addrs=128.104.101.137-9618+[2607-f388-107c-501-206-f6ff-fe30-aa79]-9618&alias=e0137.chtc.wisc.edu&noUDP&sock=slot1_24_31275_d111_50884>
...
040 (5550951.377.000) 2022-11-22 07:23:43 Finished transferring input files
...
001 (5550951.377.000) 2022-11-22 07:23:44 Job executing on host: <128.104.101.137:9618?addrs=128.104.101.137-9618+[2607-f388-107c-501-206-f6ff-fe30-aa79]-9618&alias=e0137.chtc.wisc.edu&noUDP&sock=startd_7090_ba8f>
...
006 (5550951.377.000) 2022-11-22 07:23:52 Image size of job updated: 1189624
	373  -  MemoryUsage of job (MB)
	381760  -  ResidentSetSize of job (KB)
...
006 (5550951.377.000) 2022-11-22 07:28:52 Image size of job updated: 1457752
	539  -  MemoryUsage of job (MB)
	551852  -  ResidentSetSize of job (KB)
...
006 (5550951.377.000) 2022-11-22 07:33:53 Image size of job updated: 1457752
	543  -  MemoryUsage of job (MB)
	555888  -  ResidentSetSize of job (KB)
...
040 (5550951.377.000) 2022-11-22 07:38:35 Started transferring output files
...
040 (5550951.377.000) 2022-11-22 07:38:35 Finished transferring output files
...
005 (5550951.377.000) 2022-11-22 07:38:35 Job terminated.
	(1) Normal termination (return value 0)
		Usr 0 00:06:41, Sys 0 00:01:16  -  Run Remote Usage
		Usr 0 00:00:00, Sys 0 00:00:00  -  Run Local Usage
		Usr 0 00:06:41, Sys 0 00:01:16  -  Total Remote Usage
		Usr 0 00:00:00, Sys 0 00:00:00  -  Total Local Usage
	1637506  -  Run Bytes Sent By Job
	328686816  -  Run Bytes Received By Job
	1637506  -  Total Bytes Sent By Job
	328686816  -  Total Bytes Received By Job
	Partitionable Resources :     Usage  Request Allocated 
	   Cpus                 :      0.65        1         1 
	   Disk (KB)            : 322650     2097152   3319818 
	   IoHeavy              :                            0 
	   Memory (MB)          :    543        2048      2048 

	Job terminated of its own accord at 2022-11-22T13:38:34Z.
...
