000 (5550950.054.000) 2022-11-22 05:47:25 Job submitted from host: <144.92.180.28:9618?addrs=144.92.180.28-9618+[2607-f388-101c-1000--370]-9618&alias=login04.hep.wisc.edu&noUDP&sock=schedd_3631_2478>
...
040 (5550950.054.000) 2022-11-22 05:57:56 Started transferring input files
	Transferring to host: <128.105.69.45:9618?addrs=128.105.69.45-9618+[2607-f388-2200-100-1e6a-7aff-fe26-6cf7]-9618&alias=e2369.chtc.wisc.edu&noUDP&sock=slot1_14_17018_786d_39138>
...
040 (5550950.054.000) 2022-11-22 05:58:06 Finished transferring input files
...
001 (5550950.054.000) 2022-11-22 05:58:07 Job executing on host: <128.105.69.45:9618?addrs=128.105.69.45-9618+[2607-f388-2200-100-1e6a-7aff-fe26-6cf7]-9618&alias=e2369.chtc.wisc.edu&noUDP&sock=startd_7718_7c09>
...
006 (5550950.054.000) 2022-11-22 05:58:16 Image size of job updated: 836808
	367  -  MemoryUsage of job (MB)
	374844  -  ResidentSetSize of job (KB)
...
006 (5550950.054.000) 2022-11-22 05:58:52 Image size of job updated: 1443352
	367  -  MemoryUsage of job (MB)
	374952  -  ResidentSetSize of job (KB)
...
040 (5550950.054.000) 2022-11-22 05:58:52 Started transferring output files
...
040 (5550950.054.000) 2022-11-22 05:58:52 Finished transferring output files
...
005 (5550950.054.000) 2022-11-22 05:58:53 Job terminated.
	(1) Normal termination (return value 0)
		Usr 0 00:00:14, Sys 0 00:00:05  -  Run Remote Usage
		Usr 0 00:00:00, Sys 0 00:00:00  -  Run Local Usage
		Usr 0 00:00:14, Sys 0 00:00:05  -  Total Remote Usage
		Usr 0 00:00:00, Sys 0 00:00:00  -  Total Local Usage
	151506  -  Run Bytes Sent By Job
	328686816  -  Run Bytes Received By Job
	151506  -  Total Bytes Sent By Job
	328686816  -  Total Bytes Received By Job
	Partitionable Resources :     Usage  Request Allocated 
	   Cpus                 :      0.41        1         1 
	   Disk (KB)            : 321199     2097152   2352454 
	   IoHeavy              :                            0 
	   Memory (MB)          :    367        2048      2048 

	Job terminated of its own accord at 2022-11-22T11:58:52Z.
...
