analyze_etau Signal_2HDMa_gg_sinp_0p35_tanb_1p0_mXd_10_MH3_1600_MH4_250 MC
argc = 8
sp = 0
Systematics : V  Response NJet0 = 0.017
Systematics : V  Response NJet1 = 0.022
Systematics : V  Response NJetGe2 = 0.026
Systematics : V  Resolution NJet0 = 0.024
Systematics : V  Resolution NJet1 = 0.03
Systematics : V  Resolution NJetGe2 = 0.034
Systematics : EWK  Response NJet0 = 0.015
Systematics : EWK  Response NJet1 = 0.02
Systematics : EWK  Response NJetGe2 = 0.025
Systematics : EWK  Resolution NJet0 = 0.021
Systematics : EWK  Resolution NJet1 = 0.027
Systematics : EWK  Resolution NJetGe2 = 0.032
Systematics : TOP  Response NJet0 = 0.015
Systematics : TOP  Response NJet1 = 0.02
Systematics : TOP  Response NJetGe2 = 0.025
Systematics : TOP  Resolution NJet0 = 0.021
Systematics : TOP  Resolution NJet1 = 0.027
Systematics : TOP  Resolution NJetGe2 = 0.032
V_NJet0
V_NJet1
V_NJetGe2
EWK_NJet0
EWK_NJet1
EWK_NJetGe2
TOP_NJet0
TOP_NJet1
TOP_NJetGe2
All files added.
Initializing chain.
from Init MC
sample ==========Signal_2HDMa_gg_sinp_0p35_tanb_1p0_mXd_10_MH3_1600_MH4_250
.... MC file ..... 
Coming in: 
nentries:29616
Running over 29616 events.
Finished entry 0/29615
Finished entry 1000/29615
Finished entry 2000/29615
Finished entry 3000/29615
Finished entry 4000/29615
Finished entry 5000/29615
Finished entry 6000/29615
Finished entry 7000/29615
Finished entry 8000/29615
Finished entry 9000/29615
Finished entry 10000/29615
Finished entry 11000/29615
Finished entry 12000/29615
Finished entry 13000/29615
Finished entry 14000/29615
Finished entry 15000/29615
Finished entry 16000/29615
Finished entry 17000/29615
Finished entry 18000/29615
Finished entry 19000/29615
Finished entry 20000/29615
Finished entry 21000/29615
Finished entry 22000/29615
Finished entry 23000/29615
Finished entry 24000/29615
Finished entry 25000/29615
Finished entry 26000/29615
Finished entry 27000/29615
Finished entry 28000/29615
Finished entry 29000/29615
Finished entry 29615/29615
All events checked.
*******************************************
******************Jithin's original*************************
    Initial entries 29616.000000
   Passing smikking 0.000000
     GoodMuonPassed 0.000000   % change= 100.000000
      GoodTauPassed 0.000000   % change= -nan
         opp charge 0.000000   % change= -nan
 PassedThirdLepVeto 1425.000000   % change= -inf
     PassedBjetVeto 1425.000000   % change= 0.000000
       DeltaRPassed 1425.000000   % change= 0.000000
      Total change :95.188412
*******************************************
*******************************************
Number of events inspected: 29616
Number of events inspected (minus negative gen. weights): 29614.000000
 Outpt written to Signal_2HDMa_gg_sinp_0p35_tanb_1p0_mXd_10_MH3_1600_MH4_250.root
Real time 0:01:12, CP time 20.860
1669120679 - 1669120597
