000 (5550951.373.000) 2022-11-22 05:48:09 Job submitted from host: <144.92.180.28:9618?addrs=144.92.180.28-9618+[2607-f388-101c-1000--370]-9618&alias=login04.hep.wisc.edu&noUDP&sock=schedd_3631_2478>
...
040 (5550951.373.000) 2022-11-22 07:22:30 Started transferring input files
	Transferring to host: <128.105.69.50:9618?addrs=128.105.69.50-9618+[2607-f388-2200-100-fac2-88ff-fe67-1ae5]-9618&alias=e374.chtc.wisc.edu&noUDP&sock=slot1_12_39096_6b2f_37001>
...
040 (5550951.373.000) 2022-11-22 07:22:40 Finished transferring input files
...
001 (5550951.373.000) 2022-11-22 07:22:41 Job executing on host: <128.105.69.50:9618?addrs=128.105.69.50-9618+[2607-f388-2200-100-fac2-88ff-fe67-1ae5]-9618&alias=e374.chtc.wisc.edu&noUDP&sock=startd_7737_8456>
...
006 (5550951.373.000) 2022-11-22 07:22:49 Image size of job updated: 188100
	14  -  MemoryUsage of job (MB)
	13752  -  ResidentSetSize of job (KB)
...
006 (5550951.373.000) 2022-11-22 07:27:49 Image size of job updated: 1454548
	540  -  MemoryUsage of job (MB)
	552252  -  ResidentSetSize of job (KB)
...
006 (5550951.373.000) 2022-11-22 07:32:50 Image size of job updated: 1454548
	540  -  MemoryUsage of job (MB)
	552864  -  ResidentSetSize of job (KB)
...
006 (5550951.373.000) 2022-11-22 07:37:50 Image size of job updated: 1454548
	541  -  MemoryUsage of job (MB)
	553896  -  ResidentSetSize of job (KB)
...
006 (5550951.373.000) 2022-11-22 07:42:50 Image size of job updated: 1471732
	568  -  MemoryUsage of job (MB)
	580820  -  ResidentSetSize of job (KB)
...
006 (5550951.373.000) 2022-11-22 07:47:51 Image size of job updated: 1474668
	572  -  MemoryUsage of job (MB)
	585400  -  ResidentSetSize of job (KB)
...
040 (5550951.373.000) 2022-11-22 07:49:56 Started transferring output files
...
040 (5550951.373.000) 2022-11-22 07:49:56 Finished transferring output files
...
005 (5550951.373.000) 2022-11-22 07:49:56 Job terminated.
	(1) Normal termination (return value 0)
		Usr 0 00:07:40, Sys 0 00:00:21  -  Run Remote Usage
		Usr 0 00:00:00, Sys 0 00:00:00  -  Run Local Usage
		Usr 0 00:07:40, Sys 0 00:00:21  -  Total Remote Usage
		Usr 0 00:00:00, Sys 0 00:00:00  -  Total Local Usage
	1637506  -  Run Bytes Sent By Job
	328686816  -  Run Bytes Received By Job
	1637506  -  Total Bytes Sent By Job
	328686816  -  Total Bytes Received By Job
	Partitionable Resources :     Usage  Request Allocated 
	   Cpus                 :      0.46        1         1 
	   Disk (KB)            : 322650     2097152   2353199 
	   IoHeavy              :                            0 
	   Memory (MB)          :    572        2048      2048 

	Job terminated of its own accord at 2022-11-22T13:49:56Z.
...
