analyze_etau MET_EraE_0002_05 DATA
argc = 8
sp = 0
Systematics : V  Response NJet0 = 0.017
Systematics : V  Response NJet1 = 0.022
Systematics : V  Response NJetGe2 = 0.026
Systematics : V  Resolution NJet0 = 0.024
Systematics : V  Resolution NJet1 = 0.03
Systematics : V  Resolution NJetGe2 = 0.034
Systematics : EWK  Response NJet0 = 0.015
Systematics : EWK  Response NJet1 = 0.02
Systematics : EWK  Response NJetGe2 = 0.025
Systematics : EWK  Resolution NJet0 = 0.021
Systematics : EWK  Resolution NJet1 = 0.027
Systematics : EWK  Resolution NJetGe2 = 0.032
Systematics : TOP  Response NJet0 = 0.015
Systematics : TOP  Response NJet1 = 0.02
Systematics : TOP  Response NJetGe2 = 0.025
Systematics : TOP  Resolution NJet0 = 0.021
Systematics : TOP  Resolution NJet1 = 0.027
Systematics : TOP  Resolution NJetGe2 = 0.032
V_NJet0
V_NJet1
V_NJetGe2
EWK_NJet0
EWK_NJet1
EWK_NJetGe2
TOP_NJet0
TOP_NJet1
TOP_NJetGe2
All files added.
Initializing chain.
from Init DATA
sample ==========MET_EraE_0002_05
.... DATA file ..... 
Coming in: 
nentries:30544
Running over 30544 events.
Finished entry 0/30543
Finished entry 1000/30543
Finished entry 2000/30543
Finished entry 3000/30543
Finished entry 4000/30543
Finished entry 5000/30543
Finished entry 6000/30543
Finished entry 7000/30543
Finished entry 8000/30543
Finished entry 9000/30543
Finished entry 10000/30543
Finished entry 11000/30543
Finished entry 12000/30543
Finished entry 13000/30543
Finished entry 14000/30543
Finished entry 15000/30543
Finished entry 16000/30543
Finished entry 17000/30543
Finished entry 18000/30543
Finished entry 19000/30543
Finished entry 20000/30543
Finished entry 21000/30543
Finished entry 22000/30543
Finished entry 23000/30543
Finished entry 24000/30543
Finished entry 25000/30543
Finished entry 26000/30543
Finished entry 27000/30543
Finished entry 28000/30543
Finished entry 29000/30543
Finished entry 30000/30543
Finished entry 30543/30543
All events checked.
*******************************************
******************Jithin's original*************************
    Initial entries 30544.000000
   Passing smikking 0.000000
     GoodMuonPassed 0.000000   % change= 100.000000
      GoodTauPassed 0.000000   % change= -nan
         opp charge 0.000000   % change= -nan
 PassedThirdLepVeto 18.000000   % change= -inf
     PassedBjetVeto 18.000000   % change= 0.000000
       DeltaRPassed 18.000000   % change= 0.000000
      Total change :99.941069
*******************************************
*******************************************
Number of events inspected: 30544
Number of events inspected (minus negative gen. weights): 30544.000000
 Outpt written to MET_EraE_0002_05.root
Real time 0:00:49, CP time 24.180
1669118726 - 1669118675
