000 (5550950.300.000) 2022-11-22 05:47:27 Job submitted from host: <144.92.180.28:9618?addrs=144.92.180.28-9618+[2607-f388-101c-1000--370]-9618&alias=login04.hep.wisc.edu&noUDP&sock=schedd_3631_2478>
...
040 (5550950.300.000) 2022-11-22 06:21:52 Started transferring input files
	Transferring to host: <128.105.244.171:9618?addrs=128.105.244.171-9618&alias=e3001.chtc.wisc.edu&noUDP&sock=slot1_1_2559_cc01_39442>
...
040 (5550950.300.000) 2022-11-22 06:22:02 Finished transferring input files
...
001 (5550950.300.000) 2022-11-22 06:22:03 Job executing on host: <128.105.244.171:9618?addrs=128.105.244.171-9618&alias=e3001.chtc.wisc.edu&noUDP&sock=startd_6633_43c7>
...
006 (5550950.300.000) 2022-11-22 06:22:12 Image size of job updated: 844696
	372  -  MemoryUsage of job (MB)
	380492  -  ResidentSetSize of job (KB)
...
006 (5550950.300.000) 2022-11-22 06:27:13 Image size of job updated: 1395408
	493  -  MemoryUsage of job (MB)
	504696  -  ResidentSetSize of job (KB)
...
040 (5550950.300.000) 2022-11-22 06:30:13 Started transferring output files
...
040 (5550950.300.000) 2022-11-22 06:30:13 Finished transferring output files
...
005 (5550950.300.000) 2022-11-22 06:30:13 Job terminated.
	(1) Normal termination (return value 0)
		Usr 0 00:03:48, Sys 0 00:00:19  -  Run Remote Usage
		Usr 0 00:00:00, Sys 0 00:00:00  -  Run Local Usage
		Usr 0 00:03:48, Sys 0 00:00:19  -  Total Remote Usage
		Usr 0 00:00:00, Sys 0 00:00:00  -  Total Local Usage
	1320942  -  Run Bytes Sent By Job
	328686816  -  Run Bytes Received By Job
	1320942  -  Total Bytes Sent By Job
	328686816  -  Total Bytes Received By Job
	Partitionable Resources :     Usage  Request Allocated 
	   Cpus                 :      0.66        1         1 
	   Disk (KB)            : 322340     2097152  14714712 
	   IoHeavy              :                            0 
	   Memory (MB)          :    493        2048      2048 

	Job terminated of its own accord at 2022-11-22T12:30:13Z.
...
