000 (5550951.627.000) 2022-11-22 05:48:11 Job submitted from host: <144.92.180.28:9618?addrs=144.92.180.28-9618+[2607-f388-101c-1000--370]-9618&alias=login04.hep.wisc.edu&noUDP&sock=schedd_3631_2478>
...
040 (5550951.627.000) 2022-11-22 07:55:53 Started transferring input files
	Transferring to host: <144.92.181.221:9618?addrs=144.92.181.221-9618+[2607-f388-101c-1000--176]-9618&alias=g18n22.hep.wisc.edu&noUDP&sock=slot1_8_31802_22c6_79000>
...
040 (5550951.627.000) 2022-11-22 07:56:05 Finished transferring input files
...
001 (5550951.627.000) 2022-11-22 07:56:06 Job executing on host: <144.92.181.221:9618?addrs=144.92.181.221-9618+[2607-f388-101c-1000--176]-9618&alias=g18n22.hep.wisc.edu&noUDP&sock=startd_2121_6876>
...
006 (5550951.627.000) 2022-11-22 07:56:15 Image size of job updated: 775804
	371  -  MemoryUsage of job (MB)
	379724  -  ResidentSetSize of job (KB)
...
006 (5550951.627.000) 2022-11-22 08:16:16 Image size of job updated: 1473068
	571  -  MemoryUsage of job (MB)
	583820  -  ResidentSetSize of job (KB)
...
006 (5550951.627.000) 2022-11-22 08:36:16 Image size of job updated: 1475192
	571  -  MemoryUsage of job (MB)
	583820  -  ResidentSetSize of job (KB)
...
040 (5550951.627.000) 2022-11-22 08:48:08 Started transferring output files
...
040 (5550951.627.000) 2022-11-22 08:48:08 Finished transferring output files
...
005 (5550951.627.000) 2022-11-22 08:48:08 Job terminated.
	(1) Normal termination (return value 0)
		Usr 0 00:30:01, Sys 0 00:02:03  -  Run Remote Usage
		Usr 0 00:00:00, Sys 0 00:00:00  -  Run Local Usage
		Usr 0 00:30:01, Sys 0 00:02:03  -  Total Remote Usage
		Usr 0 00:00:00, Sys 0 00:00:00  -  Total Local Usage
	1780242  -  Run Bytes Sent By Job
	328686816  -  Run Bytes Received By Job
	1780242  -  Total Bytes Sent By Job
	328686816  -  Total Bytes Received By Job
	Partitionable Resources :     Usage  Request Allocated 
	   Cpus                 :      0.56        1         1 
	   Disk (KB)            : 322788     2097152  18373882 
	   Memory (MB)          :    571        2048      2500 

	Job terminated of its own accord at 2022-11-22T14:48:07Z.
...
