analyze_etau DYJetsToLL_M-50_TuneCP5_v1_06_00 MC
argc = 8
sp = 0
Systematics : V  Response NJet0 = 0.017
Systematics : V  Response NJet1 = 0.022
Systematics : V  Response NJetGe2 = 0.026
Systematics : V  Resolution NJet0 = 0.024
Systematics : V  Resolution NJet1 = 0.03
Systematics : V  Resolution NJetGe2 = 0.034
Systematics : EWK  Response NJet0 = 0.015
Systematics : EWK  Response NJet1 = 0.02
Systematics : EWK  Response NJetGe2 = 0.025
Systematics : EWK  Resolution NJet0 = 0.021
Systematics : EWK  Resolution NJet1 = 0.027
Systematics : EWK  Resolution NJetGe2 = 0.032
Systematics : TOP  Response NJet0 = 0.015
Systematics : TOP  Response NJet1 = 0.02
Systematics : TOP  Response NJetGe2 = 0.025
Systematics : TOP  Resolution NJet0 = 0.021
Systematics : TOP  Resolution NJet1 = 0.027
Systematics : TOP  Resolution NJetGe2 = 0.032
V_NJet0
V_NJet1
V_NJetGe2
EWK_NJet0
EWK_NJet1
EWK_NJetGe2
TOP_NJet0
TOP_NJet1
TOP_NJetGe2
All files added.
Initializing chain.
from Init MC
****************** dyjet sample found
sample ==========DYJetsToLL_M-50_TuneCP5_v1_06_00
.... MC file ..... 
Coming in: 
nentries:172921
Running over 172921 events.
Finished entry 0/172920
Finished entry 8000/172920
Finished entry 16000/172920
Finished entry 24000/172920
Finished entry 32000/172920
Finished entry 40000/172920
Finished entry 48000/172920
Finished entry 56000/172920
Finished entry 64000/172920
Finished entry 72000/172920
Finished entry 80000/172920
Finished entry 88000/172920
Finished entry 96000/172920
Finished entry 104000/172920
Finished entry 112000/172920
Finished entry 120000/172920
Finished entry 128000/172920
Finished entry 136000/172920
Finished entry 144000/172920
Finished entry 152000/172920
Finished entry 160000/172920
Finished entry 168000/172920
Finished entry 172920/172920
All events checked.
*******************************************
******************Jithin's original*************************
    Initial entries 172921.000000
   Passing smikking 0.000000
     GoodMuonPassed 0.000000   % change= 100.000000
      GoodTauPassed 0.000000   % change= -nan
         opp charge 0.000000   % change= -nan
 PassedThirdLepVeto 19.000000   % change= -inf
     PassedBjetVeto 19.000000   % change= 0.000000
       DeltaRPassed 19.000000   % change= 0.000000
      Total change :99.989012
*******************************************
*******************************************
Number of events inspected: 172921
Number of events inspected (minus negative gen. weights): 172915.000000
 Outpt written to DYJetsToLL_M-50_TuneCP5_v1_06_00.root
Real time 0:03:19, CP time 60.490
1669118343 - 1669118126
