analyze_etau ZJetsToNuNu_HT-1200To2500_00_00 MC
argc = 8
sp = 0
Systematics : V  Response NJet0 = 0.017
Systematics : V  Response NJet1 = 0.022
Systematics : V  Response NJetGe2 = 0.026
Systematics : V  Resolution NJet0 = 0.024
Systematics : V  Resolution NJet1 = 0.03
Systematics : V  Resolution NJetGe2 = 0.034
Systematics : EWK  Response NJet0 = 0.015
Systematics : EWK  Response NJet1 = 0.02
Systematics : EWK  Response NJetGe2 = 0.025
Systematics : EWK  Resolution NJet0 = 0.021
Systematics : EWK  Resolution NJet1 = 0.027
Systematics : EWK  Resolution NJetGe2 = 0.032
Systematics : TOP  Response NJet0 = 0.015
Systematics : TOP  Response NJet1 = 0.02
Systematics : TOP  Response NJetGe2 = 0.025
Systematics : TOP  Resolution NJet0 = 0.021
Systematics : TOP  Resolution NJet1 = 0.027
Systematics : TOP  Resolution NJetGe2 = 0.032
V_NJet0
V_NJet1
V_NJetGe2
EWK_NJet0
EWK_NJet1
EWK_NJetGe2
TOP_NJet0
TOP_NJet1
TOP_NJetGe2
All files added.
Initializing chain.
from Init MC
sample ==========ZJetsToNuNu_HT-1200To2500_00_00
.... MC file ..... 
Coming in: 
nentries:4050
Running over 4050 events.
Finished entry 0/4049
Finished entry 200/4049
Finished entry 400/4049
Finished entry 600/4049
Finished entry 800/4049
Finished entry 1000/4049
Finished entry 1200/4049
Finished entry 1400/4049
Finished entry 1600/4049
Finished entry 1800/4049
Finished entry 2000/4049
Finished entry 2200/4049
Finished entry 2400/4049
Finished entry 2600/4049
Finished entry 2800/4049
Finished entry 3000/4049
Finished entry 3200/4049
Finished entry 3400/4049
Finished entry 3600/4049
Finished entry 3800/4049
Finished entry 4000/4049
Finished entry 4049/4049
All events checked.
*******************************************
******************Jithin's original*************************
    Initial entries 4050.000000
   Passing smikking 0.000000
     GoodMuonPassed 0.000000   % change= 100.000000
      GoodTauPassed 0.000000   % change= -nan
         opp charge 0.000000   % change= -nan
 PassedThirdLepVeto 0.000000   % change= -nan
     PassedBjetVeto 0.000000   % change= -nan
       DeltaRPassed 0.000000   % change= -nan
      Total change :100.000000
*******************************************
*******************************************
Number of events inspected: 4050
Number of events inspected (minus negative gen. weights): 3986.000000
 Outpt written to ZJetsToNuNu_HT-1200To2500_00_00.root
Real time 0:00:18, CP time 9.840
1669119631 - 1669119610
