000 (5550951.361.000) 2022-11-22 05:48:09 Job submitted from host: <144.92.180.28:9618?addrs=144.92.180.28-9618+[2607-f388-101c-1000--370]-9618&alias=login04.hep.wisc.edu&noUDP&sock=schedd_3631_2478>
...
040 (5550951.361.000) 2022-11-22 07:20:37 Started transferring input files
	Transferring to host: <128.105.68.216:9618?addrs=128.105.68.216-9618+[2607-f388-2200-100-22a-6aff-fedf-c6ff]-9618&alias=e303.chtc.wisc.edu&noUDP&sock=slot1_7_10506_2d64_45387>
...
040 (5550951.361.000) 2022-11-22 07:20:48 Finished transferring input files
...
001 (5550951.361.000) 2022-11-22 07:20:49 Job executing on host: <128.105.68.216:9618?addrs=128.105.68.216-9618+[2607-f388-2200-100-22a-6aff-fedf-c6ff]-9618&alias=e303.chtc.wisc.edu&noUDP&sock=startd_7317_6e8f>
...
006 (5550951.361.000) 2022-11-22 07:20:57 Image size of job updated: 188512
	60  -  MemoryUsage of job (MB)
	61176  -  ResidentSetSize of job (KB)
...
006 (5550951.361.000) 2022-11-22 07:25:57 Image size of job updated: 1453648
	535  -  MemoryUsage of job (MB)
	547076  -  ResidentSetSize of job (KB)
...
006 (5550951.361.000) 2022-11-22 07:30:58 Image size of job updated: 1453880
	547  -  MemoryUsage of job (MB)
	559516  -  ResidentSetSize of job (KB)
...
006 (5550951.361.000) 2022-11-22 07:35:58 Image size of job updated: 1453880
	547  -  MemoryUsage of job (MB)
	559524  -  ResidentSetSize of job (KB)
...
006 (5550951.361.000) 2022-11-22 07:40:58 Image size of job updated: 1455856
	547  -  MemoryUsage of job (MB)
	559524  -  ResidentSetSize of job (KB)
...
040 (5550951.361.000) 2022-11-22 07:43:16 Started transferring output files
...
040 (5550951.361.000) 2022-11-22 07:43:16 Finished transferring output files
...
005 (5550951.361.000) 2022-11-22 07:43:16 Job terminated.
	(1) Normal termination (return value 0)
		Usr 0 00:05:49, Sys 0 00:00:16  -  Run Remote Usage
		Usr 0 00:00:00, Sys 0 00:00:00  -  Run Local Usage
		Usr 0 00:05:49, Sys 0 00:00:16  -  Total Remote Usage
		Usr 0 00:00:00, Sys 0 00:00:00  -  Total Local Usage
	1626915  -  Run Bytes Sent By Job
	328686816  -  Run Bytes Received By Job
	1626915  -  Total Bytes Sent By Job
	328686816  -  Total Bytes Received By Job
	Partitionable Resources :    Usage  Request Allocated 
	   Cpus                 :        0        1         1 
	   Disk (KB)            :   322640  2097152   2320839 
	   IoHeavy              :                           0 
	   Memory (MB)          :      547     2048      2048 

	Job terminated of its own accord at 2022-11-22T13:43:16Z.
...
