analyze_etau blinded_MET_EraB_0000_02 DATA
argc = 8
sp = 0
Systematics : V  Response NJet0 = 0.017
Systematics : V  Response NJet1 = 0.022
Systematics : V  Response NJetGe2 = 0.026
Systematics : V  Resolution NJet0 = 0.024
Systematics : V  Resolution NJet1 = 0.03
Systematics : V  Resolution NJetGe2 = 0.034
Systematics : EWK  Response NJet0 = 0.015
Systematics : EWK  Response NJet1 = 0.02
Systematics : EWK  Response NJetGe2 = 0.025
Systematics : EWK  Resolution NJet0 = 0.021
Systematics : EWK  Resolution NJet1 = 0.027
Systematics : EWK  Resolution NJetGe2 = 0.032
Systematics : TOP  Response NJet0 = 0.015
Systematics : TOP  Response NJet1 = 0.02
Systematics : TOP  Response NJetGe2 = 0.025
Systematics : TOP  Resolution NJet0 = 0.021
Systematics : TOP  Resolution NJet1 = 0.027
Systematics : TOP  Resolution NJetGe2 = 0.032
V_NJet0
V_NJet1
V_NJetGe2
EWK_NJet0
EWK_NJet1
EWK_NJetGe2
TOP_NJet0
TOP_NJet1
TOP_NJetGe2
All files added.
Initializing chain.
from Init DATA
sample ==========blinded_MET_EraB_0000_02
.... DATA file ..... 
Coming in: 
nentries:993
Running over 993 events.
Finished entry 0/992
Finished entry 40/992
Finished entry 80/992
Finished entry 120/992
Finished entry 160/992
Finished entry 200/992
Finished entry 240/992
Finished entry 280/992
Finished entry 320/992
Finished entry 360/992
Finished entry 400/992
Finished entry 440/992
Finished entry 480/992
Finished entry 520/992
Finished entry 560/992
Finished entry 600/992
Finished entry 640/992
Finished entry 680/992
Finished entry 720/992
Finished entry 760/992
Finished entry 800/992
Finished entry 840/992
Finished entry 880/992
Finished entry 920/992
Finished entry 960/992
Finished entry 992/992
All events checked.
*******************************************
******************Jithin's original*************************
    Initial entries 993.000000
   Passing smikking 0.000000
     GoodMuonPassed 0.000000   % change= 100.000000
      GoodTauPassed 0.000000   % change= -nan
         opp charge 0.000000   % change= -nan
 PassedThirdLepVeto 6.000000   % change= -inf
     PassedBjetVeto 6.000000   % change= 0.000000
       DeltaRPassed 6.000000   % change= 0.000000
      Total change :99.395770
*******************************************
*******************************************
Number of events inspected: 993
Number of events inspected (minus negative gen. weights): 993.000000
 Outpt written to blinded_MET_EraB_0000_02.root
Real time 0:00:42, CP time 18.710
1669119818 - 1669119773
