000 (5550951.446.000) 2022-11-22 05:48:09 Job submitted from host: <144.92.180.28:9618?addrs=144.92.180.28-9618+[2607-f388-101c-1000--370]-9618&alias=login04.hep.wisc.edu&noUDP&sock=schedd_3631_2478>
...
040 (5550951.446.000) 2022-11-22 07:38:52 Started transferring input files
	Transferring to host: <128.105.69.28:9618?addrs=128.105.69.28-9618+[2607-f388-2200-100-fac2-88ff-fe67-c7d9]-9618&alias=e2350.chtc.wisc.edu&noUDP&sock=slot1_10_20839_b5e8_37670>
...
040 (5550951.446.000) 2022-11-22 07:39:03 Finished transferring input files
...
001 (5550951.446.000) 2022-11-22 07:39:04 Job executing on host: <128.105.69.28:9618?addrs=128.105.69.28-9618+[2607-f388-2200-100-fac2-88ff-fe67-c7d9]-9618&alias=e2350.chtc.wisc.edu&noUDP&sock=startd_7596_cd7b>
...
006 (5550951.446.000) 2022-11-22 07:39:13 Image size of job updated: 39320
	15  -  MemoryUsage of job (MB)
	15212  -  ResidentSetSize of job (KB)
...
006 (5550951.446.000) 2022-11-22 07:44:14 Image size of job updated: 1467112
	539  -  MemoryUsage of job (MB)
	551888  -  ResidentSetSize of job (KB)
...
040 (5550951.446.000) 2022-11-22 07:45:58 Started transferring output files
...
040 (5550951.446.000) 2022-11-22 07:45:58 Finished transferring output files
...
005 (5550951.446.000) 2022-11-22 07:45:58 Job terminated.
	(1) Normal termination (return value 0)
		Usr 0 00:01:52, Sys 0 00:00:06  -  Run Remote Usage
		Usr 0 00:00:00, Sys 0 00:00:00  -  Run Local Usage
		Usr 0 00:01:52, Sys 0 00:00:06  -  Total Remote Usage
		Usr 0 00:00:00, Sys 0 00:00:00  -  Total Local Usage
	1541815  -  Run Bytes Sent By Job
	328686816  -  Run Bytes Received By Job
	1541815  -  Total Bytes Sent By Job
	328686816  -  Total Bytes Received By Job
	Partitionable Resources :     Usage  Request Allocated 
	   Cpus                 :      0.26        1         1 
	   Disk (KB)            : 322557     2097152   2321262 
	   IoHeavy              :                            0 
	   Memory (MB)          :    539        2048      2048 

	Job terminated of its own accord at 2022-11-22T13:45:58Z.
...
