000 (5550951.132.000) 2022-11-22 05:48:07 Job submitted from host: <144.92.180.28:9618?addrs=144.92.180.28-9618+[2607-f388-101c-1000--370]-9618&alias=login04.hep.wisc.edu&noUDP&sock=schedd_3631_2478>
...
040 (5550951.132.000) 2022-11-22 06:35:26 Started transferring input files
	Transferring to host: <128.105.69.28:9618?addrs=128.105.69.28-9618+[2607-f388-2200-100-fac2-88ff-fe67-c7d9]-9618&alias=e2350.chtc.wisc.edu&noUDP&sock=slot1_9_20839_b5e8_37503>
...
040 (5550951.132.000) 2022-11-22 06:35:56 Finished transferring input files
...
001 (5550951.132.000) 2022-11-22 06:35:57 Job executing on host: <128.105.69.28:9618?addrs=128.105.69.28-9618+[2607-f388-2200-100-fac2-88ff-fe67-c7d9]-9618&alias=e2350.chtc.wisc.edu&noUDP&sock=startd_7596_cd7b>
...
006 (5550951.132.000) 2022-11-22 06:36:06 Image size of job updated: 188512
	12  -  MemoryUsage of job (MB)
	11620  -  ResidentSetSize of job (KB)
...
006 (5550951.132.000) 2022-11-22 06:37:40 Image size of job updated: 1341412
	12  -  MemoryUsage of job (MB)
	11652  -  ResidentSetSize of job (KB)
...
040 (5550951.132.000) 2022-11-22 06:37:40 Started transferring output files
...
040 (5550951.132.000) 2022-11-22 06:37:41 Finished transferring output files
...
005 (5550951.132.000) 2022-11-22 06:37:41 Job terminated.
	(1) Normal termination (return value 0)
		Usr 0 00:00:19, Sys 0 00:00:01  -  Run Remote Usage
		Usr 0 00:00:00, Sys 0 00:00:00  -  Run Local Usage
		Usr 0 00:00:19, Sys 0 00:00:01  -  Total Remote Usage
		Usr 0 00:00:00, Sys 0 00:00:00  -  Total Local Usage
	1217376  -  Run Bytes Sent By Job
	328686816  -  Run Bytes Received By Job
	1217376  -  Total Bytes Sent By Job
	328686816  -  Total Bytes Received By Job
	Partitionable Resources :    Usage  Request Allocated 
	   Cpus                 :                 1         1 
	   Disk (KB)            :   322230  2097152   2321262 
	   IoHeavy              :                           0 
	   Memory (MB)          :       12     2048      2048 

	Job terminated of its own accord at 2022-11-22T12:37:40Z.
...
