000 (5550951.573.000) 2022-11-22 05:48:10 Job submitted from host: <144.92.180.28:9618?addrs=144.92.180.28-9618+[2607-f388-101c-1000--370]-9618&alias=login04.hep.wisc.edu&noUDP&sock=schedd_3631_2478>
...
040 (5550951.573.000) 2022-11-22 07:52:18 Started transferring input files
	Transferring to host: <128.105.68.147:9618?addrs=128.105.68.147-9618+[2607-f388-2200-100-1e6a-7aff-fe26-c519]-9618&alias=e2412.chtc.wisc.edu&noUDP&sock=slot1_10_34963_58a7_37056>
...
040 (5550951.573.000) 2022-11-22 07:52:28 Finished transferring input files
...
001 (5550951.573.000) 2022-11-22 07:52:29 Job executing on host: <128.105.68.147:9618?addrs=128.105.68.147-9618+[2607-f388-2200-100-1e6a-7aff-fe26-c519]-9618&alias=e2412.chtc.wisc.edu&noUDP&sock=startd_7723_ea02>
...
006 (5550951.573.000) 2022-11-22 07:52:38 Image size of job updated: 51088
	11  -  MemoryUsage of job (MB)
	10376  -  ResidentSetSize of job (KB)
...
006 (5550951.573.000) 2022-11-22 07:57:39 Image size of job updated: 1475424
	540  -  MemoryUsage of job (MB)
	552408  -  ResidentSetSize of job (KB)
...
006 (5550951.573.000) 2022-11-22 08:02:40 Image size of job updated: 1475424
	542  -  MemoryUsage of job (MB)
	554740  -  ResidentSetSize of job (KB)
...
006 (5550951.573.000) 2022-11-22 08:07:40 Image size of job updated: 1475424
	549  -  MemoryUsage of job (MB)
	561448  -  ResidentSetSize of job (KB)
...
006 (5550951.573.000) 2022-11-22 08:12:41 Image size of job updated: 1475424
	549  -  MemoryUsage of job (MB)
	561512  -  ResidentSetSize of job (KB)
...
040 (5550951.573.000) 2022-11-22 08:12:51 Started transferring output files
...
040 (5550951.573.000) 2022-11-22 08:12:51 Finished transferring output files
...
005 (5550951.573.000) 2022-11-22 08:12:51 Job terminated.
	(1) Normal termination (return value 0)
		Usr 0 00:05:30, Sys 0 00:00:15  -  Run Remote Usage
		Usr 0 00:00:00, Sys 0 00:00:00  -  Run Local Usage
		Usr 0 00:05:30, Sys 0 00:00:15  -  Total Remote Usage
		Usr 0 00:00:00, Sys 0 00:00:00  -  Total Local Usage
	1634822  -  Run Bytes Sent By Job
	328686816  -  Run Bytes Received By Job
	1634822  -  Total Bytes Sent By Job
	328686816  -  Total Bytes Received By Job
	Partitionable Resources :     Usage  Request Allocated 
	   Cpus                 :      0.39        1         1 
	   Disk (KB)            : 322648     2097152   2331760 
	   IoHeavy              :                            0 
	   Memory (MB)          :    549        2048      2048 

	Job terminated of its own accord at 2022-11-22T14:12:51Z.
...
