000 (5550951.484.000) 2022-11-22 05:48:09 Job submitted from host: <144.92.180.28:9618?addrs=144.92.180.28-9618+[2607-f388-101c-1000--370]-9618&alias=login04.hep.wisc.edu&noUDP&sock=schedd_3631_2478>
...
040 (5550951.484.000) 2022-11-22 07:43:19 Started transferring input files
	Transferring to host: <128.104.101.137:9618?addrs=128.104.101.137-9618+[2607-f388-107c-501-206-f6ff-fe30-aa79]-9618&alias=e0137.chtc.wisc.edu&noUDP&sock=slot1_19_31275_d111_51406>
...
040 (5550951.484.000) 2022-11-22 07:43:34 Finished transferring input files
...
001 (5550951.484.000) 2022-11-22 07:43:35 Job executing on host: <128.104.101.137:9618?addrs=128.104.101.137-9618+[2607-f388-107c-501-206-f6ff-fe30-aa79]-9618&alias=e0137.chtc.wisc.edu&noUDP&sock=startd_7090_ba8f>
...
006 (5550951.484.000) 2022-11-22 07:43:43 Image size of job updated: 1040232
	376  -  MemoryUsage of job (MB)
	384292  -  ResidentSetSize of job (KB)
...
006 (5550951.484.000) 2022-11-22 07:48:43 Image size of job updated: 1467028
	549  -  MemoryUsage of job (MB)
	562096  -  ResidentSetSize of job (KB)
...
006 (5550951.484.000) 2022-11-22 07:53:44 Image size of job updated: 1467028
	567  -  MemoryUsage of job (MB)
	579960  -  ResidentSetSize of job (KB)
...
040 (5550951.484.000) 2022-11-22 07:54:04 Started transferring output files
...
040 (5550951.484.000) 2022-11-22 07:54:04 Finished transferring output files
...
005 (5550951.484.000) 2022-11-22 07:54:06 Job terminated.
	(1) Normal termination (return value 0)
		Usr 0 00:04:39, Sys 0 00:00:58  -  Run Remote Usage
		Usr 0 00:00:00, Sys 0 00:00:00  -  Run Local Usage
		Usr 0 00:04:39, Sys 0 00:00:58  -  Total Remote Usage
		Usr 0 00:00:00, Sys 0 00:00:00  -  Total Local Usage
	1610739  -  Run Bytes Sent By Job
	328686816  -  Run Bytes Received By Job
	1610739  -  Total Bytes Sent By Job
	328686816  -  Total Bytes Received By Job
	Partitionable Resources :     Usage  Request Allocated 
	   Cpus                 :      0.37        1         1 
	   Disk (KB)            : 322624     2097152   3319818 
	   IoHeavy              :                            0 
	   Memory (MB)          :    567        2048      2048 

	Job terminated of its own accord at 2022-11-22T13:54:04Z.
...
