000 (5550951.523.000) 2022-11-22 05:48:10 Job submitted from host: <144.92.180.28:9618?addrs=144.92.180.28-9618+[2607-f388-101c-1000--370]-9618&alias=login04.hep.wisc.edu&noUDP&sock=schedd_3631_2478>
...
040 (5550951.523.000) 2022-11-22 07:47:39 Started transferring input files
	Transferring to host: <128.105.68.230:9618?addrs=128.105.68.230-9618+[2607-f388-2200-100-22a-6aff-fee0-da13]-9618&alias=e317.chtc.wisc.edu&noUDP&sock=slot1_2_24186_f991_31201>
...
040 (5550951.523.000) 2022-11-22 07:47:53 Finished transferring input files
...
001 (5550951.523.000) 2022-11-22 07:47:54 Job executing on host: <128.105.68.230:9618?addrs=128.105.68.230-9618+[2607-f388-2200-100-22a-6aff-fee0-da13]-9618&alias=e317.chtc.wisc.edu&noUDP&sock=startd_6935_6961>
...
006 (5550951.523.000) 2022-11-22 07:48:04 Image size of job updated: 439740
	59  -  MemoryUsage of job (MB)
	59544  -  ResidentSetSize of job (KB)
...
006 (5550951.523.000) 2022-11-22 07:53:05 Image size of job updated: 1470440
	564  -  MemoryUsage of job (MB)
	577000  -  ResidentSetSize of job (KB)
...
006 (5550951.523.000) 2022-11-22 07:56:07 Image size of job updated: 1473108
	564  -  MemoryUsage of job (MB)
	577000  -  ResidentSetSize of job (KB)
...
040 (5550951.523.000) 2022-11-22 07:56:08 Started transferring output files
...
040 (5550951.523.000) 2022-11-22 07:56:08 Finished transferring output files
...
005 (5550951.523.000) 2022-11-22 07:56:08 Job terminated.
	(1) Normal termination (return value 0)
		Usr 0 00:03:51, Sys 0 00:00:33  -  Run Remote Usage
		Usr 0 00:00:00, Sys 0 00:00:00  -  Run Local Usage
		Usr 0 00:03:51, Sys 0 00:00:33  -  Total Remote Usage
		Usr 0 00:00:00, Sys 0 00:00:00  -  Total Local Usage
	1586581  -  Run Bytes Sent By Job
	328686816  -  Run Bytes Received By Job
	1586581  -  Total Bytes Sent By Job
	328686816  -  Total Bytes Received By Job
	Partitionable Resources :     Usage  Request Allocated 
	   Cpus                 :      0.66        1         1 
	   Disk (KB)            : 322600     2097152   2322770 
	   IoHeavy              :                            0 
	   Memory (MB)          :    564        2048      2048 

	Job terminated of its own accord at 2022-11-22T13:56:07Z.
...
