000 (5550950.308.000) 2022-11-22 05:47:27 Job submitted from host: <144.92.180.28:9618?addrs=144.92.180.28-9618+[2607-f388-101c-1000--370]-9618&alias=login04.hep.wisc.edu&noUDP&sock=schedd_3631_2478>
...
040 (5550950.308.000) 2022-11-22 06:22:50 Started transferring input files
	Transferring to host: <128.105.69.37:9618?addrs=128.105.69.37-9618+[2607-f388-2200-100-1e6a-7aff-fe26-c0d3]-9618&alias=e359.chtc.wisc.edu&noUDP&sock=slot1_13_39667_bd66_28010>
...
040 (5550950.308.000) 2022-11-22 06:23:01 Finished transferring input files
...
001 (5550950.308.000) 2022-11-22 06:23:02 Job executing on host: <128.105.69.37:9618?addrs=128.105.69.37-9618+[2607-f388-2200-100-1e6a-7aff-fe26-c0d3]-9618&alias=e359.chtc.wisc.edu&noUDP&sock=startd_7463_9363>
...
006 (5550950.308.000) 2022-11-22 06:23:11 Image size of job updated: 844824
	340  -  MemoryUsage of job (MB)
	347172  -  ResidentSetSize of job (KB)
...
006 (5550950.308.000) 2022-11-22 06:24:11 Image size of job updated: 1445020
	341  -  MemoryUsage of job (MB)
	348208  -  ResidentSetSize of job (KB)
...
040 (5550950.308.000) 2022-11-22 06:24:11 Started transferring output files
...
040 (5550950.308.000) 2022-11-22 06:24:11 Finished transferring output files
...
005 (5550950.308.000) 2022-11-22 06:24:11 Job terminated.
	(1) Normal termination (return value 0)
		Usr 0 00:00:11, Sys 0 00:00:05  -  Run Remote Usage
		Usr 0 00:00:00, Sys 0 00:00:00  -  Run Local Usage
		Usr 0 00:00:11, Sys 0 00:00:05  -  Total Remote Usage
		Usr 0 00:00:00, Sys 0 00:00:00  -  Total Local Usage
	8742  -  Run Bytes Sent By Job
	328686816  -  Run Bytes Received By Job
	8742  -  Total Bytes Sent By Job
	328686816  -  Total Bytes Received By Job
	Partitionable Resources :     Usage  Request Allocated 
	   Cpus                 :      0.00        1         1 
	   Disk (KB)            : 321059     2097152   2338794 
	   IoHeavy              :                            0 
	   Memory (MB)          :    341        2048      2048 

	Job terminated of its own accord at 2022-11-22T12:24:11Z.
...
