000 (5550950.337.000) 2022-11-22 05:47:27 Job submitted from host: <144.92.180.28:9618?addrs=144.92.180.28-9618+[2607-f388-101c-1000--370]-9618&alias=login04.hep.wisc.edu&noUDP&sock=schedd_3631_2478>
...
040 (5550950.337.000) 2022-11-22 06:24:55 Started transferring input files
	Transferring to host: <128.105.244.171:9618?addrs=128.105.244.171-9618&alias=e3001.chtc.wisc.edu&noUDP&sock=slot1_12_2559_cc01_39462>
...
040 (5550950.337.000) 2022-11-22 06:25:27 Finished transferring input files
...
001 (5550950.337.000) 2022-11-22 06:25:28 Job executing on host: <128.105.244.171:9618?addrs=128.105.244.171-9618&alias=e3001.chtc.wisc.edu&noUDP&sock=startd_6633_43c7>
...
006 (5550950.337.000) 2022-11-22 06:25:36 Image size of job updated: 844820
	360  -  MemoryUsage of job (MB)
	368432  -  ResidentSetSize of job (KB)
...
006 (5550950.337.000) 2022-11-22 06:25:47 Image size of job updated: 1490816
	360  -  MemoryUsage of job (MB)
	368432  -  ResidentSetSize of job (KB)
...
040 (5550950.337.000) 2022-11-22 06:25:47 Started transferring output files
...
040 (5550950.337.000) 2022-11-22 06:25:47 Finished transferring output files
...
005 (5550950.337.000) 2022-11-22 06:25:47 Job terminated.
	(1) Normal termination (return value 0)
		Usr 0 00:00:10, Sys 0 00:00:01  -  Run Remote Usage
		Usr 0 00:00:00, Sys 0 00:00:00  -  Run Local Usage
		Usr 0 00:00:10, Sys 0 00:00:01  -  Total Remote Usage
		Usr 0 00:00:00, Sys 0 00:00:00  -  Total Local Usage
	10781  -  Run Bytes Sent By Job
	328686816  -  Run Bytes Received By Job
	10781  -  Total Bytes Sent By Job
	328686816  -  Total Bytes Received By Job
	Partitionable Resources :    Usage  Request Allocated 
	   Cpus                 :                 1         1 
	   Disk (KB)            :   321051  2097152  14714712 
	   IoHeavy              :                           0 
	   Memory (MB)          :      360     2048      2048 

	Job terminated of its own accord at 2022-11-22T12:25:47Z.
...
