000 (5550950.425.000) 2022-11-22 05:47:28 Job submitted from host: <144.92.180.28:9618?addrs=144.92.180.28-9618+[2607-f388-101c-1000--370]-9618&alias=login04.hep.wisc.edu&noUDP&sock=schedd_3631_2478>
...
040 (5550950.425.000) 2022-11-22 06:28:39 Started transferring input files
	Transferring to host: <128.105.68.224:9618?addrs=128.105.68.224-9618+[2607-f388-2200-100-1e6a-7aff-fe26-33e3]-9618&alias=e311.chtc.wisc.edu&noUDP&sock=slot1_8_3182_c1ba_36377>
...
040 (5550950.425.000) 2022-11-22 06:29:34 Finished transferring input files
...
001 (5550950.425.000) 2022-11-22 06:29:35 Job executing on host: <128.105.68.224:9618?addrs=128.105.68.224-9618+[2607-f388-2200-100-1e6a-7aff-fe26-33e3]-9618&alias=e311.chtc.wisc.edu&noUDP&sock=startd_7224_a440>
...
006 (5550950.425.000) 2022-11-22 06:29:43 Image size of job updated: 785188
	366  -  MemoryUsage of job (MB)
	374364  -  ResidentSetSize of job (KB)
...
006 (5550950.425.000) 2022-11-22 06:30:22 Image size of job updated: 1384756
	366  -  MemoryUsage of job (MB)
	374548  -  ResidentSetSize of job (KB)
...
040 (5550950.425.000) 2022-11-22 06:30:22 Started transferring output files
...
040 (5550950.425.000) 2022-11-22 06:30:23 Finished transferring output files
...
005 (5550950.425.000) 2022-11-22 06:30:23 Job terminated.
	(1) Normal termination (return value 0)
		Usr 0 00:00:13, Sys 0 00:00:05  -  Run Remote Usage
		Usr 0 00:00:00, Sys 0 00:00:00  -  Run Local Usage
		Usr 0 00:00:13, Sys 0 00:00:05  -  Total Remote Usage
		Usr 0 00:00:00, Sys 0 00:00:00  -  Total Local Usage
	152885  -  Run Bytes Sent By Job
	328686816  -  Run Bytes Received By Job
	152885  -  Total Bytes Sent By Job
	328686816  -  Total Bytes Received By Job
	Partitionable Resources :    Usage  Request Allocated 
	   Cpus                 :                 1         1 
	   Disk (KB)            :   321191  2097152   2350597 
	   IoHeavy              :                           0 
	   Memory (MB)          :      366     2048      2048 

	Job terminated of its own accord at 2022-11-22T12:30:22Z.
...
