000 (5550951.101.000) 2022-11-22 05:48:07 Job submitted from host: <144.92.180.28:9618?addrs=144.92.180.28-9618+[2607-f388-101c-1000--370]-9618&alias=login04.hep.wisc.edu&noUDP&sock=schedd_3631_2478>
...
040 (5550951.101.000) 2022-11-22 06:33:50 Started transferring input files
	Transferring to host: <128.105.68.208:9618?addrs=128.105.68.208-9618+[2607-f388-2200-100-1e6a-7aff-fe26-bb7d]-9618&alias=e2295.chtc.wisc.edu&noUDP&sock=slot1_6_30754_b99c_37607>
...
040 (5550951.101.000) 2022-11-22 06:39:56 Finished transferring input files
...
001 (5550951.101.000) 2022-11-22 06:39:57 Job executing on host: <128.105.68.208:9618?addrs=128.105.68.208-9618+[2607-f388-2200-100-1e6a-7aff-fe26-bb7d]-9618&alias=e2295.chtc.wisc.edu&noUDP&sock=startd_7476_7e1e>
...
006 (5550951.101.000) 2022-11-22 06:40:05 Image size of job updated: 120356
	70  -  MemoryUsage of job (MB)
	71552  -  ResidentSetSize of job (KB)
...
006 (5550951.101.000) 2022-11-22 06:41:27 Image size of job updated: 1352888
	71  -  MemoryUsage of job (MB)
	72024  -  ResidentSetSize of job (KB)
...
040 (5550951.101.000) 2022-11-22 06:41:27 Started transferring output files
...
040 (5550951.101.000) 2022-11-22 06:41:27 Finished transferring output files
...
005 (5550951.101.000) 2022-11-22 06:41:27 Job terminated.
	(1) Normal termination (return value 0)
		Usr 0 00:00:18, Sys 0 00:00:01  -  Run Remote Usage
		Usr 0 00:00:00, Sys 0 00:00:00  -  Run Local Usage
		Usr 0 00:00:18, Sys 0 00:00:01  -  Total Remote Usage
		Usr 0 00:00:00, Sys 0 00:00:00  -  Total Local Usage
	584393  -  Run Bytes Sent By Job
	328686816  -  Run Bytes Received By Job
	584393  -  Total Bytes Sent By Job
	328686816  -  Total Bytes Received By Job
	Partitionable Resources :     Usage  Request Allocated 
	   Cpus                 :      0.06        1         1 
	   Disk (KB)            : 321622     2097152   2426061 
	   IoHeavy              :                            0 
	   Memory (MB)          :     71        2048      2048 

	Job terminated of its own accord at 2022-11-22T12:41:27Z.
...
