000 (5550950.171.000) 2022-11-22 05:47:26 Job submitted from host: <144.92.180.28:9618?addrs=144.92.180.28-9618+[2607-f388-101c-1000--370]-9618&alias=login04.hep.wisc.edu&noUDP&sock=schedd_3631_2478>
...
040 (5550950.171.000) 2022-11-22 06:05:19 Started transferring input files
	Transferring to host: <128.105.69.30:9618?addrs=128.105.69.30-9618+[2607-f388-2200-100-1e6a-7aff-fe26-c7d3]-9618&alias=e2352.chtc.wisc.edu&noUDP&sock=slot1_34_434_8acb_39254>
...
040 (5550950.171.000) 2022-11-22 06:05:33 Finished transferring input files
...
001 (5550950.171.000) 2022-11-22 06:05:34 Job executing on host: <128.105.69.30:9618?addrs=128.105.69.30-9618+[2607-f388-2200-100-1e6a-7aff-fe26-c7d3]-9618&alias=e2352.chtc.wisc.edu&noUDP&sock=startd_7230_c1d2>
...
006 (5550950.171.000) 2022-11-22 06:05:43 Image size of job updated: 1013844
	372  -  MemoryUsage of job (MB)
	380648  -  ResidentSetSize of job (KB)
...
006 (5550950.171.000) 2022-11-22 06:06:44 Image size of job updated: 1400432
	372  -  MemoryUsage of job (MB)
	380648  -  ResidentSetSize of job (KB)
...
040 (5550950.171.000) 2022-11-22 06:06:44 Started transferring output files
...
040 (5550950.171.000) 2022-11-22 06:06:44 Finished transferring output files
...
005 (5550950.171.000) 2022-11-22 06:06:44 Job terminated.
	(1) Normal termination (return value 0)
		Usr 0 00:00:16, Sys 0 00:00:06  -  Run Remote Usage
		Usr 0 00:00:00, Sys 0 00:00:00  -  Run Local Usage
		Usr 0 00:00:16, Sys 0 00:00:06  -  Total Remote Usage
		Usr 0 00:00:00, Sys 0 00:00:00  -  Total Local Usage
	84850  -  Run Bytes Sent By Job
	328686816  -  Run Bytes Received By Job
	84850  -  Total Bytes Sent By Job
	328686816  -  Total Bytes Received By Job
	Partitionable Resources :    Usage  Request Allocated 
	   Cpus                 :                 1         1 
	   Disk (KB)            :   321124  2097152   2322346 
	   IoHeavy              :                           0 
	   Memory (MB)          :      372     2048      2048 

	Job terminated of its own accord at 2022-11-22T12:06:44Z.
...
