000 (5550950.101.000) 2022-11-22 05:47:26 Job submitted from host: <144.92.180.28:9618?addrs=144.92.180.28-9618+[2607-f388-101c-1000--370]-9618&alias=login04.hep.wisc.edu&noUDP&sock=schedd_3631_2478>
...
040 (5550950.101.000) 2022-11-22 06:01:35 Started transferring input files
	Transferring to host: <128.105.68.215:9618?addrs=128.105.68.215-9618+[2607-f388-2200-100-1e6a-7aff-fe26-7335]-9618&alias=e302.chtc.wisc.edu&noUDP&sock=slot1_6_13892_ebae_27418>
...
040 (5550950.101.000) 2022-11-22 06:01:47 Finished transferring input files
...
001 (5550950.101.000) 2022-11-22 06:01:48 Job executing on host: <128.105.68.215:9618?addrs=128.105.68.215-9618+[2607-f388-2200-100-1e6a-7aff-fe26-7335]-9618&alias=e302.chtc.wisc.edu&noUDP&sock=startd_6915_b17c>
...
006 (5550950.101.000) 2022-11-22 06:01:57 Image size of job updated: 138112
	76  -  MemoryUsage of job (MB)
	77352  -  ResidentSetSize of job (KB)
...
006 (5550950.101.000) 2022-11-22 06:05:00 Image size of job updated: 1457284
	76  -  MemoryUsage of job (MB)
	77564  -  ResidentSetSize of job (KB)
...
040 (5550950.101.000) 2022-11-22 06:05:00 Started transferring output files
...
040 (5550950.101.000) 2022-11-22 06:05:00 Finished transferring output files
...
005 (5550950.101.000) 2022-11-22 06:05:01 Job terminated.
	(1) Normal termination (return value 0)
		Usr 0 00:00:11, Sys 0 00:00:02  -  Run Remote Usage
		Usr 0 00:00:00, Sys 0 00:00:00  -  Run Local Usage
		Usr 0 00:00:11, Sys 0 00:00:02  -  Total Remote Usage
		Usr 0 00:00:00, Sys 0 00:00:00  -  Total Local Usage
	813337  -  Run Bytes Sent By Job
	328686816  -  Run Bytes Received By Job
	813337  -  Total Bytes Sent By Job
	328686816  -  Total Bytes Received By Job
	Partitionable Resources :     Usage  Request Allocated 
	   Cpus                 :      0.07        1         1 
	   Disk (KB)            : 321845     2097152   2323926 
	   IoHeavy              :                            0 
	   Memory (MB)          :     76        2048      2048 

	Job terminated of its own accord at 2022-11-22T12:05:00Z.
...
