000 (5550951.588.000) 2022-11-22 05:48:10 Job submitted from host: <144.92.180.28:9618?addrs=144.92.180.28-9618+[2607-f388-101c-1000--370]-9618&alias=login04.hep.wisc.edu&noUDP&sock=schedd_3631_2478>
...
040 (5550951.588.000) 2022-11-22 07:53:41 Started transferring input files
	Transferring to host: <128.104.101.137:9618?addrs=128.104.101.137-9618+[2607-f388-107c-501-206-f6ff-fe30-aa79]-9618&alias=e0137.chtc.wisc.edu&noUDP&sock=slot1_25_31275_d111_51694>
...
040 (5550951.588.000) 2022-11-22 07:53:51 Finished transferring input files
...
001 (5550951.588.000) 2022-11-22 07:53:52 Job executing on host: <128.104.101.137:9618?addrs=128.104.101.137-9618+[2607-f388-107c-501-206-f6ff-fe30-aa79]-9618&alias=e0137.chtc.wisc.edu&noUDP&sock=startd_7090_ba8f>
...
006 (5550951.588.000) 2022-11-22 07:54:00 Image size of job updated: 1040096
	372  -  MemoryUsage of job (MB)
	380404  -  ResidentSetSize of job (KB)
...
006 (5550951.588.000) 2022-11-22 07:59:00 Image size of job updated: 1468048
	572  -  MemoryUsage of job (MB)
	585152  -  ResidentSetSize of job (KB)
...
006 (5550951.588.000) 2022-11-22 08:04:01 Image size of job updated: 1468048
	574  -  MemoryUsage of job (MB)
	587080  -  ResidentSetSize of job (KB)
...
006 (5550951.588.000) 2022-11-22 08:09:02 Image size of job updated: 1471004
	574  -  MemoryUsage of job (MB)
	587080  -  ResidentSetSize of job (KB)
...
040 (5550951.588.000) 2022-11-22 08:13:44 Started transferring output files
...
040 (5550951.588.000) 2022-11-22 08:13:44 Finished transferring output files
...
005 (5550951.588.000) 2022-11-22 08:13:44 Job terminated.
	(1) Normal termination (return value 0)
		Usr 0 00:07:28, Sys 0 00:01:25  -  Run Remote Usage
		Usr 0 00:00:00, Sys 0 00:00:00  -  Run Local Usage
		Usr 0 00:07:28, Sys 0 00:01:25  -  Total Remote Usage
		Usr 0 00:00:00, Sys 0 00:00:00  -  Total Local Usage
	1645125  -  Run Bytes Sent By Job
	328686816  -  Run Bytes Received By Job
	1645125  -  Total Bytes Sent By Job
	328686816  -  Total Bytes Received By Job
	Partitionable Resources :     Usage  Request Allocated 
	   Cpus                 :      0.60        1         1 
	   Disk (KB)            : 322657     2097152   3319818 
	   IoHeavy              :                            0 
	   Memory (MB)          :    574        2048      2048 

	Job terminated of its own accord at 2022-11-22T14:13:44Z.
...
