000 (5550950.140.000) 2022-11-22 05:47:26 Job submitted from host: <144.92.180.28:9618?addrs=144.92.180.28-9618+[2607-f388-101c-1000--370]-9618&alias=login04.hep.wisc.edu&noUDP&sock=schedd_3631_2478>
...
040 (5550950.140.000) 2022-11-22 06:03:44 Started transferring input files
	Transferring to host: <128.105.68.228:9618?addrs=128.105.68.228-9618+[2607-f388-2200-100-1e6a-7aff-fe26-728b]-9618&alias=e2315.chtc.wisc.edu&noUDP&sock=slot1_19_31836_1788_39903>
...
040 (5550950.140.000) 2022-11-22 06:04:24 Finished transferring input files
...
001 (5550950.140.000) 2022-11-22 06:04:25 Job executing on host: <128.105.68.228:9618?addrs=128.105.68.228-9618+[2607-f388-2200-100-1e6a-7aff-fe26-728b]-9618&alias=e2315.chtc.wisc.edu&noUDP&sock=startd_7598_2cac>
...
006 (5550950.140.000) 2022-11-22 06:04:34 Image size of job updated: 844824
	376  -  MemoryUsage of job (MB)
	384164  -  ResidentSetSize of job (KB)
...
006 (5550950.140.000) 2022-11-22 06:05:02 Image size of job updated: 1406148
	376  -  MemoryUsage of job (MB)
	384164  -  ResidentSetSize of job (KB)
...
040 (5550950.140.000) 2022-11-22 06:05:02 Started transferring output files
...
040 (5550950.140.000) 2022-11-22 06:05:02 Finished transferring output files
...
005 (5550950.140.000) 2022-11-22 06:05:02 Job terminated.
	(1) Normal termination (return value 0)
		Usr 0 00:00:15, Sys 0 00:00:06  -  Run Remote Usage
		Usr 0 00:00:00, Sys 0 00:00:00  -  Run Local Usage
		Usr 0 00:00:15, Sys 0 00:00:06  -  Total Remote Usage
		Usr 0 00:00:00, Sys 0 00:00:00  -  Total Local Usage
	780911  -  Run Bytes Sent By Job
	328686816  -  Run Bytes Received By Job
	780911  -  Total Bytes Sent By Job
	328686816  -  Total Bytes Received By Job
	Partitionable Resources :    Usage  Request Allocated 
	   Cpus                 :                 1         1 
	   Disk (KB)            :   321804  2097152   2397451 
	   IoHeavy              :                           0 
	   Memory (MB)          :      376     2048      2048 

	Job terminated of its own accord at 2022-11-22T12:05:02Z.
...
