000 (5550951.424.000) 2022-11-22 05:48:09 Job submitted from host: <144.92.180.28:9618?addrs=144.92.180.28-9618+[2607-f388-101c-1000--370]-9618&alias=login04.hep.wisc.edu&noUDP&sock=schedd_3631_2478>
...
040 (5550951.424.000) 2022-11-22 07:35:28 Started transferring input files
	Transferring to host: <128.105.68.199:9618?addrs=128.105.68.199-9618+[2607-f388-2200-100-1e6a-7aff-fe21-a33b]-9618&alias=e2286.chtc.wisc.edu&noUDP&sock=slot1_5_6070_9d30_35478>
...
040 (5550951.424.000) 2022-11-22 07:35:40 Finished transferring input files
...
001 (5550951.424.000) 2022-11-22 07:35:41 Job executing on host: <128.105.68.199:9618?addrs=128.105.68.199-9618+[2607-f388-2200-100-1e6a-7aff-fe21-a33b]-9618&alias=e2286.chtc.wisc.edu&noUDP&sock=startd_7737_8456>
...
006 (5550951.424.000) 2022-11-22 07:35:49 Image size of job updated: 37744
	14  -  MemoryUsage of job (MB)
	13660  -  ResidentSetSize of job (KB)
...
006 (5550951.424.000) 2022-11-22 07:36:38 Image size of job updated: 4121224
	14  -  MemoryUsage of job (MB)
	13660  -  ResidentSetSize of job (KB)
...
040 (5550951.424.000) 2022-11-22 07:36:38 Started transferring output files
...
040 (5550951.424.000) 2022-11-22 07:36:38 Finished transferring output files
...
005 (5550951.424.000) 2022-11-22 07:36:38 Job terminated.
	(1) Normal termination (return value 0)
		Usr 0 00:00:10, Sys 0 00:00:01  -  Run Remote Usage
		Usr 0 00:00:00, Sys 0 00:00:00  -  Run Local Usage
		Usr 0 00:00:10, Sys 0 00:00:01  -  Total Remote Usage
		Usr 0 00:00:00, Sys 0 00:00:00  -  Total Local Usage
	8266  -  Run Bytes Sent By Job
	328686816  -  Run Bytes Received By Job
	8266  -  Total Bytes Sent By Job
	328686816  -  Total Bytes Received By Job
	Partitionable Resources :    Usage  Request Allocated 
	   Cpus                 :                 1         1 
	   Disk (KB)            :   321049  2097152   2333779 
	   IoHeavy              :                           0 
	   Memory (MB)          :       14     2048      2048 

	Job terminated of its own accord at 2022-11-22T13:36:38Z.
...
