000 (5550951.456.000) 2022-11-22 05:48:09 Job submitted from host: <144.92.180.28:9618?addrs=144.92.180.28-9618+[2607-f388-101c-1000--370]-9618&alias=login04.hep.wisc.edu&noUDP&sock=schedd_3631_2478>
...
040 (5550951.456.000) 2022-11-22 07:40:16 Started transferring input files
	Transferring to host: <128.104.101.134:9618?addrs=128.104.101.134-9618+[2607-f388-107c-501-206-f6ff-fe30-b713]-9618&alias=e134.chtc.wisc.edu&noUDP&sock=slot1_5_19868_8da1_61445>
...
040 (5550951.456.000) 2022-11-22 07:40:26 Finished transferring input files
...
001 (5550951.456.000) 2022-11-22 07:40:27 Job executing on host: <128.104.101.134:9618?addrs=128.104.101.134-9618+[2607-f388-107c-501-206-f6ff-fe30-b713]-9618&alias=e134.chtc.wisc.edu&noUDP&sock=startd_6803_dee1>
...
006 (5550951.456.000) 2022-11-22 07:40:35 Image size of job updated: 427508
	322  -  MemoryUsage of job (MB)
	329492  -  ResidentSetSize of job (KB)
...
006 (5550951.456.000) 2022-11-22 07:45:35 Image size of job updated: 1480104
	559  -  MemoryUsage of job (MB)
	572196  -  ResidentSetSize of job (KB)
...
006 (5550951.456.000) 2022-11-22 07:50:36 Image size of job updated: 1480436
	559  -  MemoryUsage of job (MB)
	572196  -  ResidentSetSize of job (KB)
...
040 (5550951.456.000) 2022-11-22 07:54:48 Started transferring output files
...
040 (5550951.456.000) 2022-11-22 07:54:48 Finished transferring output files
...
005 (5550951.456.000) 2022-11-22 07:54:48 Job terminated.
	(1) Normal termination (return value 0)
		Usr 0 00:05:25, Sys 0 00:00:36  -  Run Remote Usage
		Usr 0 00:00:00, Sys 0 00:00:00  -  Run Local Usage
		Usr 0 00:05:25, Sys 0 00:00:36  -  Total Remote Usage
		Usr 0 00:00:00, Sys 0 00:00:00  -  Total Local Usage
	1610739  -  Run Bytes Sent By Job
	328686816  -  Run Bytes Received By Job
	1610739  -  Total Bytes Sent By Job
	328686816  -  Total Bytes Received By Job
	Partitionable Resources :     Usage  Request Allocated 
	   Cpus                 :      0.34        1         1 
	   Disk (KB)            : 322624     2097152   3401543 
	   IoHeavy              :                            0 
	   Memory (MB)          :    559        2048      2048 

	Job terminated of its own accord at 2022-11-22T13:54:48Z.
...
