000 (5550951.225.000) 2022-11-22 05:48:08 Job submitted from host: <144.92.180.28:9618?addrs=144.92.180.28-9618+[2607-f388-101c-1000--370]-9618&alias=login04.hep.wisc.edu&noUDP&sock=schedd_3631_2478>
...
040 (5550951.225.000) 2022-11-22 06:40:27 Started transferring input files
	Transferring to host: <128.104.101.137:9618?addrs=128.104.101.137-9618+[2607-f388-107c-501-206-f6ff-fe30-aa79]-9618&alias=e0137.chtc.wisc.edu&noUDP&sock=slot1_21_31275_d111_49631>
...
040 (5550951.225.000) 2022-11-22 06:41:06 Finished transferring input files
...
001 (5550951.225.000) 2022-11-22 06:41:07 Job executing on host: <128.104.101.137:9618?addrs=128.104.101.137-9618+[2607-f388-107c-501-206-f6ff-fe30-aa79]-9618&alias=e0137.chtc.wisc.edu&noUDP&sock=startd_7090_ba8f>
...
006 (5550951.225.000) 2022-11-22 06:41:16 Image size of job updated: 1205628
	419  -  MemoryUsage of job (MB)
	428796  -  ResidentSetSize of job (KB)
...
006 (5550951.225.000) 2022-11-22 06:46:16 Image size of job updated: 1464908
	571  -  MemoryUsage of job (MB)
	583844  -  ResidentSetSize of job (KB)
...
006 (5550951.225.000) 2022-11-22 06:51:16 Image size of job updated: 1464908
	574  -  MemoryUsage of job (MB)
	587396  -  ResidentSetSize of job (KB)
...
006 (5550951.225.000) 2022-11-22 06:56:17 Image size of job updated: 1465896
	576  -  MemoryUsage of job (MB)
	588976  -  ResidentSetSize of job (KB)
...
006 (5550951.225.000) 2022-11-22 07:01:17 Image size of job updated: 1475560
	576  -  MemoryUsage of job (MB)
	588976  -  ResidentSetSize of job (KB)
...
040 (5550951.225.000) 2022-11-22 07:02:44 Started transferring output files
...
040 (5550951.225.000) 2022-11-22 07:02:44 Finished transferring output files
...
005 (5550951.225.000) 2022-11-22 07:02:44 Job terminated.
	(1) Normal termination (return value 0)
		Usr 0 00:10:07, Sys 0 00:01:58  -  Run Remote Usage
		Usr 0 00:00:00, Sys 0 00:00:00  -  Run Local Usage
		Usr 0 00:10:07, Sys 0 00:01:58  -  Total Remote Usage
		Usr 0 00:00:00, Sys 0 00:00:00  -  Total Local Usage
	1651436  -  Run Bytes Sent By Job
	328686816  -  Run Bytes Received By Job
	1651436  -  Total Bytes Sent By Job
	328686816  -  Total Bytes Received By Job
	Partitionable Resources :     Usage  Request Allocated 
	   Cpus                 :      0.43        1         1 
	   Disk (KB)            : 322663     2097152   3319818 
	   IoHeavy              :                            0 
	   Memory (MB)          :    576        2048      2048 

	Job terminated of its own accord at 2022-11-22T13:02:44Z.
...
