000 (5550951.698.000) 2022-11-22 05:48:11 Job submitted from host: <144.92.180.28:9618?addrs=144.92.180.28-9618+[2607-f388-101c-1000--370]-9618&alias=login04.hep.wisc.edu&noUDP&sock=schedd_3631_2478>
...
040 (5550951.698.000) 2022-11-22 08:01:38 Started transferring input files
	Transferring to host: <128.105.69.49:9618?addrs=128.105.69.49-9618+[2607-f388-2200-100-1e6a-7aff-fe26-36c3]-9618&alias=e2373.chtc.wisc.edu&noUDP&sock=slot1_9_28947_87b2_38157>
...
040 (5550951.698.000) 2022-11-22 08:01:48 Finished transferring input files
...
001 (5550951.698.000) 2022-11-22 08:01:50 Job executing on host: <128.105.69.49:9618?addrs=128.105.69.49-9618+[2607-f388-2200-100-1e6a-7aff-fe26-36c3]-9618&alias=e2373.chtc.wisc.edu&noUDP&sock=startd_7000_ff09>
...
006 (5550951.698.000) 2022-11-22 08:01:58 Image size of job updated: 135316
	79  -  MemoryUsage of job (MB)
	80156  -  ResidentSetSize of job (KB)
...
006 (5550951.698.000) 2022-11-22 08:06:58 Image size of job updated: 1468412
	573  -  MemoryUsage of job (MB)
	585776  -  ResidentSetSize of job (KB)
...
006 (5550951.698.000) 2022-11-22 08:11:59 Image size of job updated: 1473660
	573  -  MemoryUsage of job (MB)
	585776  -  ResidentSetSize of job (KB)
...
006 (5550951.698.000) 2022-11-22 08:17:00 Image size of job updated: 1479268
	573  -  MemoryUsage of job (MB)
	585776  -  ResidentSetSize of job (KB)
...
006 (5550951.698.000) 2022-11-22 08:32:02 Image size of job updated: 1480572
	573  -  MemoryUsage of job (MB)
	585776  -  ResidentSetSize of job (KB)
...
040 (5550951.698.000) 2022-11-22 08:41:13 Started transferring output files
...
040 (5550951.698.000) 2022-11-22 08:41:13 Finished transferring output files
...
005 (5550951.698.000) 2022-11-22 08:41:13 Job terminated.
	(1) Normal termination (return value 0)
		Usr 0 00:12:27, Sys 0 00:00:41  -  Run Remote Usage
		Usr 0 00:00:00, Sys 0 00:00:00  -  Run Local Usage
		Usr 0 00:12:27, Sys 0 00:00:41  -  Total Remote Usage
		Usr 0 00:00:00, Sys 0 00:00:00  -  Total Local Usage
	1671951  -  Run Bytes Sent By Job
	328686816  -  Run Bytes Received By Job
	1671951  -  Total Bytes Sent By Job
	328686816  -  Total Bytes Received By Job
	Partitionable Resources :     Usage  Request Allocated 
	   Cpus                 :      0.24        1         1 
	   Disk (KB)            : 322684     2097152   2329527 
	   IoHeavy              :                            0 
	   Memory (MB)          :    573        2048      2048 

	Job terminated of its own accord at 2022-11-22T14:41:13Z.
...
