000 (5550950.236.000) 2022-11-22 05:47:27 Job submitted from host: <144.92.180.28:9618?addrs=144.92.180.28-9618+[2607-f388-101c-1000--370]-9618&alias=login04.hep.wisc.edu&noUDP&sock=schedd_3631_2478>
...
040 (5550950.236.000) 2022-11-22 06:09:32 Started transferring input files
	Transferring to host: <128.105.68.147:9618?addrs=128.105.68.147-9618+[2607-f388-2200-100-1e6a-7aff-fe26-c519]-9618&alias=e2412.chtc.wisc.edu&noUDP&sock=slot1_10_34963_58a7_36789>
...
040 (5550950.236.000) 2022-11-22 06:09:42 Finished transferring input files
...
001 (5550950.236.000) 2022-11-22 06:09:43 Job executing on host: <128.105.68.147:9618?addrs=128.105.68.147-9618+[2607-f388-2200-100-1e6a-7aff-fe26-c519]-9618&alias=e2412.chtc.wisc.edu&noUDP&sock=startd_7723_ea02>
...
006 (5550950.236.000) 2022-11-22 06:09:52 Image size of job updated: 189040
	11  -  MemoryUsage of job (MB)
	11100  -  ResidentSetSize of job (KB)
...
006 (5550950.236.000) 2022-11-22 06:14:54 Image size of job updated: 1372004
	484  -  MemoryUsage of job (MB)
	494724  -  ResidentSetSize of job (KB)
...
006 (5550950.236.000) 2022-11-22 06:19:54 Image size of job updated: 1374624
	491  -  MemoryUsage of job (MB)
	501968  -  ResidentSetSize of job (KB)
...
006 (5550950.236.000) 2022-11-22 06:24:54 Image size of job updated: 1375444
	494  -  MemoryUsage of job (MB)
	505756  -  ResidentSetSize of job (KB)
...
006 (5550950.236.000) 2022-11-22 06:28:37 Image size of job updated: 1377296
	494  -  MemoryUsage of job (MB)
	505756  -  ResidentSetSize of job (KB)
...
040 (5550950.236.000) 2022-11-22 06:28:37 Started transferring output files
...
040 (5550950.236.000) 2022-11-22 06:28:38 Finished transferring output files
...
005 (5550950.236.000) 2022-11-22 06:28:38 Job terminated.
	(1) Normal termination (return value 0)
		Usr 0 00:02:24, Sys 0 00:00:11  -  Run Remote Usage
		Usr 0 00:00:00, Sys 0 00:00:00  -  Run Local Usage
		Usr 0 00:02:24, Sys 0 00:00:11  -  Total Remote Usage
		Usr 0 00:00:00, Sys 0 00:00:00  -  Total Local Usage
	614256  -  Run Bytes Sent By Job
	328686816  -  Run Bytes Received By Job
	614256  -  Total Bytes Sent By Job
	328686816  -  Total Bytes Received By Job
	Partitionable Resources :     Usage  Request Allocated 
	   Cpus                 :      0.23        1         1 
	   Disk (KB)            : 321651     2097152   2331760 
	   IoHeavy              :                            0 
	   Memory (MB)          :    494        2048      2048 

	Job terminated of its own accord at 2022-11-22T12:28:37Z.
...
