analyze_etau ZJetsToNuNu_HT-400To600_00_01 MC
argc = 8
sp = 0
Systematics : V  Response NJet0 = 0.017
Systematics : V  Response NJet1 = 0.022
Systematics : V  Response NJetGe2 = 0.026
Systematics : V  Resolution NJet0 = 0.024
Systematics : V  Resolution NJet1 = 0.03
Systematics : V  Resolution NJetGe2 = 0.034
Systematics : EWK  Response NJet0 = 0.015
Systematics : EWK  Response NJet1 = 0.02
Systematics : EWK  Response NJetGe2 = 0.025
Systematics : EWK  Resolution NJet0 = 0.021
Systematics : EWK  Resolution NJet1 = 0.027
Systematics : EWK  Resolution NJetGe2 = 0.032
Systematics : TOP  Response NJet0 = 0.015
Systematics : TOP  Response NJet1 = 0.02
Systematics : TOP  Response NJetGe2 = 0.025
Systematics : TOP  Resolution NJet0 = 0.021
Systematics : TOP  Resolution NJet1 = 0.027
Systematics : TOP  Resolution NJetGe2 = 0.032
V_NJet0
V_NJet1
V_NJetGe2
EWK_NJet0
EWK_NJet1
EWK_NJetGe2
TOP_NJet0
TOP_NJet1
TOP_NJetGe2
All files added.
Initializing chain.
from Init MC
sample ==========ZJetsToNuNu_HT-400To600_00_01
.... MC file ..... 
Coming in: 
nentries:51409
Running over 51409 events.
Finished entry 0/51408
Finished entry 2000/51408
Finished entry 4000/51408
Finished entry 6000/51408
Finished entry 8000/51408
Finished entry 10000/51408
Finished entry 12000/51408
Finished entry 14000/51408
Finished entry 16000/51408
Finished entry 18000/51408
Finished entry 20000/51408
Finished entry 22000/51408
Finished entry 24000/51408
Finished entry 26000/51408
Finished entry 28000/51408
Finished entry 30000/51408
Finished entry 32000/51408
Finished entry 34000/51408
Finished entry 36000/51408
Finished entry 38000/51408
Finished entry 40000/51408
Finished entry 42000/51408
Finished entry 44000/51408
Finished entry 46000/51408
Finished entry 48000/51408
Finished entry 50000/51408
Finished entry 51408/51408
All events checked.
*******************************************
******************Jithin's original*************************
    Initial entries 51409.000000
   Passing smikking 0.000000
     GoodMuonPassed 0.000000   % change= 100.000000
      GoodTauPassed 0.000000   % change= -nan
         opp charge 0.000000   % change= -nan
 PassedThirdLepVeto 19.000000   % change= -inf
     PassedBjetVeto 19.000000   % change= 0.000000
       DeltaRPassed 19.000000   % change= 0.000000
      Total change :99.963041
*******************************************
*******************************************
Number of events inspected: 51409
Number of events inspected (minus negative gen. weights): 51241.000000
 Outpt written to ZJetsToNuNu_HT-400To600_00_01.root
Real time 0:02:51, CP time 32.150
1669119845 - 1669119649
