000 (5550951.449.000) 2022-11-22 05:48:09 Job submitted from host: <144.92.180.28:9618?addrs=144.92.180.28-9618+[2607-f388-101c-1000--370]-9618&alias=login04.hep.wisc.edu&noUDP&sock=schedd_3631_2478>
...
040 (5550951.449.000) 2022-11-22 07:39:12 Started transferring input files
	Transferring to host: <128.105.69.37:9618?addrs=128.105.69.37-9618+[2607-f388-2200-100-1e6a-7aff-fe26-c0d3]-9618&alias=e359.chtc.wisc.edu&noUDP&sock=slot1_13_39667_bd66_28186>
...
040 (5550951.449.000) 2022-11-22 07:39:23 Finished transferring input files
...
001 (5550951.449.000) 2022-11-22 07:39:24 Job executing on host: <128.105.69.37:9618?addrs=128.105.69.37-9618+[2607-f388-2200-100-1e6a-7aff-fe26-c0d3]-9618&alias=e359.chtc.wisc.edu&noUDP&sock=startd_7463_9363>
...
006 (5550951.449.000) 2022-11-22 07:39:32 Image size of job updated: 778392
	362  -  MemoryUsage of job (MB)
	369788  -  ResidentSetSize of job (KB)
...
006 (5550951.449.000) 2022-11-22 07:44:32 Image size of job updated: 1467568
	543  -  MemoryUsage of job (MB)
	555316  -  ResidentSetSize of job (KB)
...
040 (5550951.449.000) 2022-11-22 07:46:21 Started transferring output files
...
040 (5550951.449.000) 2022-11-22 07:46:22 Finished transferring output files
...
005 (5550951.449.000) 2022-11-22 07:46:22 Job terminated.
	(1) Normal termination (return value 0)
		Usr 0 00:02:01, Sys 0 00:00:07  -  Run Remote Usage
		Usr 0 00:00:00, Sys 0 00:00:00  -  Run Local Usage
		Usr 0 00:02:01, Sys 0 00:00:07  -  Total Remote Usage
		Usr 0 00:00:00, Sys 0 00:00:00  -  Total Local Usage
	1541808  -  Run Bytes Sent By Job
	328686816  -  Run Bytes Received By Job
	1541808  -  Total Bytes Sent By Job
	328686816  -  Total Bytes Received By Job
	Partitionable Resources :     Usage  Request Allocated 
	   Cpus                 :      0.37        1         1 
	   Disk (KB)            : 322557     2097152   2338794 
	   IoHeavy              :                            0 
	   Memory (MB)          :    543        2048      2048 

	Job terminated of its own accord at 2022-11-22T13:46:21Z.
...
