000 (5550951.454.000) 2022-11-22 05:48:09 Job submitted from host: <144.92.180.28:9618?addrs=144.92.180.28-9618+[2607-f388-101c-1000--370]-9618&alias=login04.hep.wisc.edu&noUDP&sock=schedd_3631_2478>
...
040 (5550951.454.000) 2022-11-22 07:40:11 Started transferring input files
	Transferring to host: <128.105.68.208:9618?addrs=128.105.68.208-9618+[2607-f388-2200-100-1e6a-7aff-fe26-bb7d]-9618&alias=e2295.chtc.wisc.edu&noUDP&sock=slot1_8_30754_b99c_37747>
...
040 (5550951.454.000) 2022-11-22 07:40:21 Finished transferring input files
...
001 (5550951.454.000) 2022-11-22 07:40:22 Job executing on host: <128.105.68.208:9618?addrs=128.105.68.208-9618+[2607-f388-2200-100-1e6a-7aff-fe26-bb7d]-9618&alias=e2295.chtc.wisc.edu&noUDP&sock=startd_7476_7e1e>
...
006 (5550951.454.000) 2022-11-22 07:40:30 Image size of job updated: 59484
	11  -  MemoryUsage of job (MB)
	10400  -  ResidentSetSize of job (KB)
...
006 (5550951.454.000) 2022-11-22 07:45:30 Image size of job updated: 1469496
	539  -  MemoryUsage of job (MB)
	551688  -  ResidentSetSize of job (KB)
...
006 (5550951.454.000) 2022-11-22 07:50:31 Image size of job updated: 1471928
	539  -  MemoryUsage of job (MB)
	551688  -  ResidentSetSize of job (KB)
...
006 (5550951.454.000) 2022-11-22 07:55:32 Image size of job updated: 1471928
	550  -  MemoryUsage of job (MB)
	563168  -  ResidentSetSize of job (KB)
...
040 (5550951.454.000) 2022-11-22 07:57:11 Started transferring output files
...
040 (5550951.454.000) 2022-11-22 07:57:11 Finished transferring output files
...
005 (5550951.454.000) 2022-11-22 07:57:11 Job terminated.
	(1) Normal termination (return value 0)
		Usr 0 00:05:06, Sys 0 00:00:20  -  Run Remote Usage
		Usr 0 00:00:00, Sys 0 00:00:00  -  Run Local Usage
		Usr 0 00:05:06, Sys 0 00:00:20  -  Total Remote Usage
		Usr 0 00:00:00, Sys 0 00:00:00  -  Total Local Usage
	1610732  -  Run Bytes Sent By Job
	328686816  -  Run Bytes Received By Job
	1610732  -  Total Bytes Sent By Job
	328686816  -  Total Bytes Received By Job
	Partitionable Resources :     Usage  Request Allocated 
	   Cpus                 :      0.43        1         1 
	   Disk (KB)            : 322624     2097152   2426061 
	   IoHeavy              :                            0 
	   Memory (MB)          :    550        2048      2048 

	Job terminated of its own accord at 2022-11-22T13:57:11Z.
...
