000 (5550950.381.000) 2022-11-22 05:47:28 Job submitted from host: <144.92.180.28:9618?addrs=144.92.180.28-9618+[2607-f388-101c-1000--370]-9618&alias=login04.hep.wisc.edu&noUDP&sock=schedd_3631_2478>
...
040 (5550950.381.000) 2022-11-22 06:26:33 Started transferring input files
	Transferring to host: <128.105.68.135:9618?addrs=128.105.68.135-9618+[2607-f388-2200-100-1e6a-7aff-fe26-3203]-9618&alias=e2433.chtc.wisc.edu&noUDP&sock=slot1_24_37889_fa5e_40317>
...
040 (5550950.381.000) 2022-11-22 06:27:48 Finished transferring input files
...
001 (5550950.381.000) 2022-11-22 06:27:49 Job executing on host: <128.105.68.135:9618?addrs=128.105.68.135-9618+[2607-f388-2200-100-1e6a-7aff-fe26-3203]-9618&alias=e2433.chtc.wisc.edu&noUDP&sock=startd_7128_cb29>
...
006 (5550950.381.000) 2022-11-22 06:27:58 Image size of job updated: 1032256
	360  -  MemoryUsage of job (MB)
	368560  -  ResidentSetSize of job (KB)
...
006 (5550950.381.000) 2022-11-22 06:28:32 Image size of job updated: 1395684
	361  -  MemoryUsage of job (MB)
	368684  -  ResidentSetSize of job (KB)
...
040 (5550950.381.000) 2022-11-22 06:28:32 Started transferring output files
...
040 (5550950.381.000) 2022-11-22 06:28:32 Finished transferring output files
...
005 (5550950.381.000) 2022-11-22 06:28:32 Job terminated.
	(1) Normal termination (return value 0)
		Usr 0 00:00:13, Sys 0 00:00:06  -  Run Remote Usage
		Usr 0 00:00:00, Sys 0 00:00:00  -  Run Local Usage
		Usr 0 00:00:13, Sys 0 00:00:06  -  Total Remote Usage
		Usr 0 00:00:00, Sys 0 00:00:00  -  Total Local Usage
	9020  -  Run Bytes Sent By Job
	328686816  -  Run Bytes Received By Job
	9020  -  Total Bytes Sent By Job
	328686816  -  Total Bytes Received By Job
	Partitionable Resources :     Usage  Request Allocated 
	   Cpus                 :      0.40        1         1 
	   Disk (KB)            : 321060     2097152   2329022 
	   IoHeavy              :                            0 
	   Memory (MB)          :    361        2048      2048 

	Job terminated of its own accord at 2022-11-22T12:28:32Z.
...
