000 (5550951.038.000) 2022-11-22 05:48:06 Job submitted from host: <144.92.180.28:9618?addrs=144.92.180.28-9618+[2607-f388-101c-1000--370]-9618&alias=login04.hep.wisc.edu&noUDP&sock=schedd_3631_2478>
...
040 (5550951.038.000) 2022-11-22 06:31:28 Started transferring input files
	Transferring to host: <128.105.69.46:9618?addrs=128.105.69.46-9618+[2607-f388-2200-100-1e6a-7aff-fe21-b2bb]-9618&alias=e2370.chtc.wisc.edu&noUDP&sock=slot1_34_36130_9a76_32108>
...
040 (5550951.038.000) 2022-11-22 06:32:01 Finished transferring input files
...
001 (5550951.038.000) 2022-11-22 06:32:02 Job executing on host: <128.105.69.46:9618?addrs=128.105.69.46-9618+[2607-f388-2200-100-1e6a-7aff-fe21-b2bb]-9618&alias=e2370.chtc.wisc.edu&noUDP&sock=startd_7624_0222>
...
006 (5550951.038.000) 2022-11-22 06:32:11 Image size of job updated: 463168
	357  -  MemoryUsage of job (MB)
	365236  -  ResidentSetSize of job (KB)
...
006 (5550951.038.000) 2022-11-22 06:32:30 Image size of job updated: 1340588
	357  -  MemoryUsage of job (MB)
	365236  -  ResidentSetSize of job (KB)
...
040 (5550951.038.000) 2022-11-22 06:32:30 Started transferring output files
...
040 (5550951.038.000) 2022-11-22 06:32:30 Finished transferring output files
...
005 (5550951.038.000) 2022-11-22 06:32:31 Job terminated.
	(1) Normal termination (return value 0)
		Usr 0 00:00:11, Sys 0 00:00:02  -  Run Remote Usage
		Usr 0 00:00:00, Sys 0 00:00:00  -  Run Local Usage
		Usr 0 00:00:11, Sys 0 00:00:02  -  Total Remote Usage
		Usr 0 00:00:00, Sys 0 00:00:00  -  Total Local Usage
	9029  -  Run Bytes Sent By Job
	328686816  -  Run Bytes Received By Job
	9029  -  Total Bytes Sent By Job
	328686816  -  Total Bytes Received By Job
	Partitionable Resources :     Usage  Request Allocated 
	   Cpus                 :      0.29        1         1 
	   Disk (KB)            : 321060     2097152   2338885 
	   IoHeavy              :                            0 
	   Memory (MB)          :    357        2048      2048 

	Job terminated of its own accord at 2022-11-22T12:32:30Z.
...
