000 (5550951.457.000) 2022-11-22 05:48:09 Job submitted from host: <144.92.180.28:9618?addrs=144.92.180.28-9618+[2607-f388-101c-1000--370]-9618&alias=login04.hep.wisc.edu&noUDP&sock=schedd_3631_2478>
...
040 (5550951.457.000) 2022-11-22 07:40:21 Started transferring input files
	Transferring to host: <128.105.68.146:9618?addrs=128.105.68.146-9618+[2607-f388-2200-100-1e6a-7aff-fe21-aea5]-9618&alias=e2413.chtc.wisc.edu&noUDP&sock=slot1_11_32220_a797_29395>
...
040 (5550951.457.000) 2022-11-22 07:40:31 Finished transferring input files
...
001 (5550951.457.000) 2022-11-22 07:40:32 Job executing on host: <128.105.68.146:9618?addrs=128.105.68.146-9618+[2607-f388-2200-100-1e6a-7aff-fe21-aea5]-9618&alias=e2413.chtc.wisc.edu&noUDP&sock=startd_7152_416e>
...
006 (5550951.457.000) 2022-11-22 07:40:40 Image size of job updated: 189612
	13  -  MemoryUsage of job (MB)
	12632  -  ResidentSetSize of job (KB)
...
006 (5550951.457.000) 2022-11-22 07:45:40 Image size of job updated: 1479032
	542  -  MemoryUsage of job (MB)
	554140  -  ResidentSetSize of job (KB)
...
006 (5550951.457.000) 2022-11-22 07:55:41 Image size of job updated: 1479364
	552  -  MemoryUsage of job (MB)
	565004  -  ResidentSetSize of job (KB)
...
040 (5550951.457.000) 2022-11-22 07:59:07 Started transferring output files
...
040 (5550951.457.000) 2022-11-22 07:59:07 Finished transferring output files
...
005 (5550951.457.000) 2022-11-22 07:59:08 Job terminated.
	(1) Normal termination (return value 0)
		Usr 0 00:05:00, Sys 0 00:00:13  -  Run Remote Usage
		Usr 0 00:00:00, Sys 0 00:00:00  -  Run Local Usage
		Usr 0 00:05:00, Sys 0 00:00:13  -  Total Remote Usage
		Usr 0 00:00:00, Sys 0 00:00:00  -  Total Local Usage
	1610739  -  Run Bytes Sent By Job
	328686816  -  Run Bytes Received By Job
	1610739  -  Total Bytes Sent By Job
	328686816  -  Total Bytes Received By Job
	Partitionable Resources :     Usage  Request Allocated 
	   Cpus                 :      0.32        1         1 
	   Disk (KB)            : 322624     2097152   2344454 
	   IoHeavy              :                            0 
	   Memory (MB)          :    552        2048      2048 

	Job terminated of its own accord at 2022-11-22T13:59:07Z.
...
