analyze_etau Signal_2HDMa_bb_sinp_0p35_tanb_1p0_mXd_10_MH3_1600_MH4_150 MC
argc = 8
sp = 0
Systematics : V  Response NJet0 = 0.017
Systematics : V  Response NJet1 = 0.022
Systematics : V  Response NJetGe2 = 0.026
Systematics : V  Resolution NJet0 = 0.024
Systematics : V  Resolution NJet1 = 0.03
Systematics : V  Resolution NJetGe2 = 0.034
Systematics : EWK  Response NJet0 = 0.015
Systematics : EWK  Response NJet1 = 0.02
Systematics : EWK  Response NJetGe2 = 0.025
Systematics : EWK  Resolution NJet0 = 0.021
Systematics : EWK  Resolution NJet1 = 0.027
Systematics : EWK  Resolution NJetGe2 = 0.032
Systematics : TOP  Response NJet0 = 0.015
Systematics : TOP  Response NJet1 = 0.02
Systematics : TOP  Response NJetGe2 = 0.025
Systematics : TOP  Resolution NJet0 = 0.021
Systematics : TOP  Resolution NJet1 = 0.027
Systematics : TOP  Resolution NJetGe2 = 0.032
V_NJet0
V_NJet1
V_NJetGe2
EWK_NJet0
EWK_NJet1
EWK_NJetGe2
TOP_NJet0
TOP_NJet1
TOP_NJetGe2
All files added.
Initializing chain.
from Init MC
sample ==========Signal_2HDMa_bb_sinp_0p35_tanb_1p0_mXd_10_MH3_1600_MH4_150
.... MC file ..... 
Coming in: 
nentries:33619
Running over 33619 events.
Finished entry 0/33618
Finished entry 1000/33618
Finished entry 2000/33618
Finished entry 3000/33618
Finished entry 4000/33618
Finished entry 5000/33618
Finished entry 6000/33618
Finished entry 7000/33618
Finished entry 8000/33618
Finished entry 9000/33618
Finished entry 10000/33618
Finished entry 11000/33618
Finished entry 12000/33618
Finished entry 13000/33618
Finished entry 14000/33618
Finished entry 15000/33618
Finished entry 16000/33618
Finished entry 17000/33618
Finished entry 18000/33618
Finished entry 19000/33618
Finished entry 20000/33618
Finished entry 21000/33618
Finished entry 22000/33618
Finished entry 23000/33618
Finished entry 24000/33618
Finished entry 25000/33618
Finished entry 26000/33618
Finished entry 27000/33618
Finished entry 28000/33618
Finished entry 29000/33618
Finished entry 30000/33618
Finished entry 31000/33618
Finished entry 32000/33618
Finished entry 33000/33618
Finished entry 33618/33618
All events checked.
*******************************************
******************Jithin's original*************************
    Initial entries 33619.000000
   Passing smikking 0.000000
     GoodMuonPassed 0.000000   % change= 100.000000
      GoodTauPassed 0.000000   % change= -nan
         opp charge 0.000000   % change= -nan
 PassedThirdLepVeto 171.000000   % change= -inf
     PassedBjetVeto 171.000000   % change= 0.000000
       DeltaRPassed 171.000000   % change= 0.000000
      Total change :99.491359
*******************************************
*******************************************
Number of events inspected: 33619
Number of events inspected (minus negative gen. weights): 33617.000000
 Outpt written to Signal_2HDMa_bb_sinp_0p35_tanb_1p0_mXd_10_MH3_1600_MH4_150.root
Real time 0:01:14, CP time 24.660
1669120387 - 1669120309
