analyze_etau Signal_2HDMa_gg_sinp_0p35_tanb_1p0_mXd_10_MH3_1200_MH4_150 MC
argc = 8
sp = 0
Systematics : V  Response NJet0 = 0.017
Systematics : V  Response NJet1 = 0.022
Systematics : V  Response NJetGe2 = 0.026
Systematics : V  Resolution NJet0 = 0.024
Systematics : V  Resolution NJet1 = 0.03
Systematics : V  Resolution NJetGe2 = 0.034
Systematics : EWK  Response NJet0 = 0.015
Systematics : EWK  Response NJet1 = 0.02
Systematics : EWK  Response NJetGe2 = 0.025
Systematics : EWK  Resolution NJet0 = 0.021
Systematics : EWK  Resolution NJet1 = 0.027
Systematics : EWK  Resolution NJetGe2 = 0.032
Systematics : TOP  Response NJet0 = 0.015
Systematics : TOP  Response NJet1 = 0.02
Systematics : TOP  Response NJetGe2 = 0.025
Systematics : TOP  Resolution NJet0 = 0.021
Systematics : TOP  Resolution NJet1 = 0.027
Systematics : TOP  Resolution NJetGe2 = 0.032
V_NJet0
V_NJet1
V_NJetGe2
EWK_NJet0
EWK_NJet1
EWK_NJetGe2
TOP_NJet0
TOP_NJet1
TOP_NJetGe2
All files added.
Initializing chain.
from Init MC
sample ==========Signal_2HDMa_gg_sinp_0p35_tanb_1p0_mXd_10_MH3_1200_MH4_150
.... MC file ..... 
Coming in: 
nentries:73852
Running over 73852 events.
Finished entry 0/73851
Finished entry 3000/73851
Finished entry 6000/73851
Finished entry 9000/73851
Finished entry 12000/73851
Finished entry 15000/73851
Finished entry 18000/73851
Finished entry 21000/73851
Finished entry 24000/73851
Finished entry 27000/73851
Finished entry 30000/73851
Finished entry 33000/73851
Finished entry 36000/73851
Finished entry 39000/73851
Finished entry 42000/73851
Finished entry 45000/73851
Finished entry 48000/73851
Finished entry 51000/73851
Finished entry 54000/73851
Finished entry 57000/73851
Finished entry 60000/73851
Finished entry 63000/73851
Finished entry 66000/73851
Finished entry 69000/73851
Finished entry 72000/73851
Finished entry 73851/73851
All events checked.
*******************************************
******************Jithin's original*************************
    Initial entries 73852.000000
   Passing smikking 0.000000
     GoodMuonPassed 0.000000   % change= 100.000000
      GoodTauPassed 0.000000   % change= -nan
         opp charge 0.000000   % change= -nan
 PassedThirdLepVeto 20501.000000   % change= -inf
     PassedBjetVeto 20501.000000   % change= 0.000000
       DeltaRPassed 20501.000000   % change= 0.000000
      Total change :72.240427
*******************************************
*******************************************
Number of events inspected: 73852
Number of events inspected (minus negative gen. weights): 73836.000000
 Outpt written to Signal_2HDMa_gg_sinp_0p35_tanb_1p0_mXd_10_MH3_1200_MH4_150.root
Real time 0:01:31, CP time 46.810
1669120625 - 1669120530
