analyze_etau Signal_2HDMa_bb_sinp_0p35_tanb_1p0_mXd_10_MH3_1200_MH4_500 MC
argc = 8
sp = 0
Systematics : V  Response NJet0 = 0.017
Systematics : V  Response NJet1 = 0.022
Systematics : V  Response NJetGe2 = 0.026
Systematics : V  Resolution NJet0 = 0.024
Systematics : V  Resolution NJet1 = 0.03
Systematics : V  Resolution NJetGe2 = 0.034
Systematics : EWK  Response NJet0 = 0.015
Systematics : EWK  Response NJet1 = 0.02
Systematics : EWK  Response NJetGe2 = 0.025
Systematics : EWK  Resolution NJet0 = 0.021
Systematics : EWK  Resolution NJet1 = 0.027
Systematics : EWK  Resolution NJetGe2 = 0.032
Systematics : TOP  Response NJet0 = 0.015
Systematics : TOP  Response NJet1 = 0.02
Systematics : TOP  Response NJetGe2 = 0.025
Systematics : TOP  Resolution NJet0 = 0.021
Systematics : TOP  Resolution NJet1 = 0.027
Systematics : TOP  Resolution NJetGe2 = 0.032
V_NJet0
V_NJet1
V_NJetGe2
EWK_NJet0
EWK_NJet1
EWK_NJetGe2
TOP_NJet0
TOP_NJet1
TOP_NJetGe2
All files added.
Initializing chain.
from Init MC
sample ==========Signal_2HDMa_bb_sinp_0p35_tanb_1p0_mXd_10_MH3_1200_MH4_500
.... MC file ..... 
Coming in: 
nentries:24897
Running over 24897 events.
Finished entry 0/24896
Finished entry 1000/24896
Finished entry 2000/24896
Finished entry 3000/24896
Finished entry 4000/24896
Finished entry 5000/24896
Finished entry 6000/24896
Finished entry 7000/24896
Finished entry 8000/24896
Finished entry 9000/24896
Finished entry 10000/24896
Finished entry 11000/24896
Finished entry 12000/24896
Finished entry 13000/24896
Finished entry 14000/24896
Finished entry 15000/24896
Finished entry 16000/24896
Finished entry 17000/24896
Finished entry 18000/24896
Finished entry 19000/24896
Finished entry 20000/24896
Finished entry 21000/24896
Finished entry 22000/24896
Finished entry 23000/24896
Finished entry 24000/24896
Finished entry 24896/24896
All events checked.
*******************************************
******************Jithin's original*************************
    Initial entries 24897.000000
   Passing smikking 0.000000
     GoodMuonPassed 0.000000   % change= 100.000000
      GoodTauPassed 0.000000   % change= -nan
         opp charge 0.000000   % change= -nan
 PassedThirdLepVeto 228.000000   % change= -inf
     PassedBjetVeto 228.000000   % change= 0.000000
       DeltaRPassed 228.000000   % change= 0.000000
      Total change :99.084227
*******************************************
*******************************************
Number of events inspected: 24897
Number of events inspected (minus negative gen. weights): 24881.000000
 Outpt written to Signal_2HDMa_bb_sinp_0p35_tanb_1p0_mXd_10_MH3_1200_MH4_500.root
Real time 0:00:59, CP time 20.390
1669120346 - 1669120285
