000 (5550950.414.000) 2022-11-22 05:47:28 Job submitted from host: <144.92.180.28:9618?addrs=144.92.180.28-9618+[2607-f388-101c-1000--370]-9618&alias=login04.hep.wisc.edu&noUDP&sock=schedd_3631_2478>
...
040 (5550950.414.000) 2022-11-22 06:28:14 Started transferring input files
	Transferring to host: <144.92.180.201:9618?addrs=144.92.180.201-9618+[2607-f388-101c-1000--271]-9618&alias=g24n09.hep.wisc.edu&noUDP&sock=slot1_7_3134_efb9_63174>
...
040 (5550950.414.000) 2022-11-22 06:28:39 Finished transferring input files
...
001 (5550950.414.000) 2022-11-22 06:28:40 Job executing on host: <144.92.180.201:9618?addrs=144.92.180.201-9618+[2607-f388-101c-1000--271]-9618&alias=g24n09.hep.wisc.edu&noUDP&sock=startd_2581_ee07>
...
006 (5550950.414.000) 2022-11-22 06:28:49 Image size of job updated: 570176
	371  -  MemoryUsage of job (MB)
	379568  -  ResidentSetSize of job (KB)
...
006 (5550950.414.000) 2022-11-22 06:29:16 Image size of job updated: 1409096
	371  -  MemoryUsage of job (MB)
	379568  -  ResidentSetSize of job (KB)
...
040 (5550950.414.000) 2022-11-22 06:29:16 Started transferring output files
...
040 (5550950.414.000) 2022-11-22 06:29:17 Finished transferring output files
...
005 (5550950.414.000) 2022-11-22 06:29:17 Job terminated.
	(1) Normal termination (return value 0)
		Usr 0 00:00:13, Sys 0 00:00:04  -  Run Remote Usage
		Usr 0 00:00:00, Sys 0 00:00:00  -  Run Local Usage
		Usr 0 00:00:13, Sys 0 00:00:04  -  Total Remote Usage
		Usr 0 00:00:00, Sys 0 00:00:00  -  Total Local Usage
	636255  -  Run Bytes Sent By Job
	328686816  -  Run Bytes Received By Job
	636255  -  Total Bytes Sent By Job
	328686816  -  Total Bytes Received By Job
	Partitionable Resources :    Usage  Request Allocated 
	   Cpus                 :                 1         1 
	   Disk (KB)            :   321662  2097152  18508433 
	   Memory (MB)          :      371     2048      2500 

	Job terminated of its own accord at 2022-11-22T12:29:16Z.
...
