argc = 8
sp = 0
Systematics : V  Response NJet0 = 0.017
Systematics : V  Response NJet1 = 0.022
Systematics : V  Response NJetGe2 = 0.026
Systematics : V  Resolution NJet0 = 0.024
Systematics : V  Resolution NJet1 = 0.03
Systematics : V  Resolution NJetGe2 = 0.034
Systematics : EWK  Response NJet0 = 0.015
Systematics : EWK  Response NJet1 = 0.02
Systematics : EWK  Response NJetGe2 = 0.025
Systematics : EWK  Resolution NJet0 = 0.021
Systematics : EWK  Resolution NJet1 = 0.027
Systematics : EWK  Resolution NJetGe2 = 0.032
Systematics : TOP  Response NJet0 = 0.015
Systematics : TOP  Response NJet1 = 0.02
Systematics : TOP  Response NJetGe2 = 0.025
Systematics : TOP  Resolution NJet0 = 0.021
Systematics : TOP  Resolution NJet1 = 0.027
Systematics : TOP  Resolution NJetGe2 = 0.032
V_NJet0
V_NJet1
V_NJetGe2
EWK_NJet0
EWK_NJet1
EWK_NJetGe2
TOP_NJet0
TOP_NJet1
TOP_NJetGe2
All files added.
Initializing chain.
from Init MC
sample ==========2HDMa_bb_sinp_0p35_tanb_0p5_mXd_10_MH3_600_MH4_250
.... MC file ..... 
Coming in: 
nentries:100000
Running over 100000 events.
Finished entry 0/99999
Finished entry 5000/99999
Finished entry 10000/99999
Finished entry 15000/99999
Finished entry 20000/99999
Finished entry 25000/99999
Finished entry 30000/99999
Finished entry 35000/99999
Finished entry 40000/99999
Finished entry 45000/99999
Finished entry 50000/99999
Finished entry 55000/99999
Finished entry 60000/99999
Finished entry 65000/99999
Finished entry 70000/99999
Finished entry 75000/99999
Finished entry 80000/99999
Finished entry 85000/99999
Finished entry 90000/99999
Finished entry 95000/99999
Finished entry 99999/99999
All events checked.
*******************************************
******************Jithin's original*************************
    Initial entries 100000.000000
   Passing smikking 0.000000
     GoodMuonPassed 212210.006246   % change= -2568.588969
      GoodTauPassed 34375.133523   % change= 83.801361
         opp charge 33327.229979   % change= 3.048435
 PassedThirdLepVeto 15176.172439   % change= 54.463145
     PassedBjetVeto 10895.389806   % change= 28.207261
       DeltaRPassed 10892.225558   % change= 0.029042
      Total change :89.107774
*******************************************
*******************************************
Number of events inspected: 100000
Number of events inspected (minus negative gen. weights): 99944.000000
 Outpt written to 2HDMa_bb_sinp_0p35_tanb_0p5_mXd_10_MH3_600_MH4_250.root
Real time 0:02:42, CP time 111.770
