000 (1283857.000.000) 2023-03-31 12:33:22 Job submitted from host: <144.92.180.99:9618?addrs=144.92.180.99-9618+[2607-f388-101c-1000--367]-9618&alias=login01.hep.wisc.edu&noUDP&sock=schedd_2816_1ec8>
...
040 (1283857.000.000) 2023-03-31 12:33:58 Started transferring input files
	Transferring to host: <144.92.180.82:9618?addrs=144.92.180.82-9618+[2607-f388-101c-1000--248]-9618&alias=g23n02.hep.wisc.edu&noUDP&sock=slot1_12_15091_b97f_30559>
...
040 (1283857.000.000) 2023-03-31 12:34:26 Finished transferring input files
...
001 (1283857.000.000) 2023-03-31 12:34:27 Job executing on host: <144.92.180.82:9618?addrs=144.92.180.82-9618+[2607-f388-101c-1000--248]-9618&alias=g23n02.hep.wisc.edu&noUDP&sock=startd_2268_3ce2>
...
006 (1283857.000.000) 2023-03-31 12:34:35 Image size of job updated: 844908
	364  -  MemoryUsage of job (MB)
	371872  -  ResidentSetSize of job (KB)
...
006 (1283857.000.000) 2023-03-31 12:37:49 Image size of job updated: 1375828
	364  -  MemoryUsage of job (MB)
	372004  -  ResidentSetSize of job (KB)
...
040 (1283857.000.000) 2023-03-31 12:37:50 Started transferring output files
...
040 (1283857.000.000) 2023-03-31 12:37:52 Finished transferring output files
...
005 (1283857.000.000) 2023-03-31 12:37:56 Job terminated.
	(1) Normal termination (return value 0)
		Usr 0 00:02:38, Sys 0 00:00:08  -  Run Remote Usage
		Usr 0 00:00:00, Sys 0 00:00:00  -  Run Local Usage
		Usr 0 00:02:38, Sys 0 00:00:08  -  Total Remote Usage
		Usr 0 00:00:00, Sys 0 00:00:00  -  Total Local Usage
	14831225  -  Run Bytes Sent By Job
	315801312  -  Run Bytes Received By Job
	14831225  -  Total Bytes Sent By Job
	315801312  -  Total Bytes Received By Job
	Partitionable Resources :     Usage  Request Allocated 
	   Cpus                 :      0.86        1         1 
	   Disk (KB)            : 322949     2097152  18517639 
	   Memory (MB)          :    364        2048      2500 

	Job terminated of its own accord at 2023-03-31T17:37:49Z.
...
