000 (1283884.000.000) 2023-03-31 12:34:57 Job submitted from host: <144.92.180.99:9618?addrs=144.92.180.99-9618+[2607-f388-101c-1000--367]-9618&alias=login01.hep.wisc.edu&noUDP&sock=schedd_2816_1ec8>
...
040 (1283884.000.000) 2023-03-31 12:35:43 Started transferring input files
	Transferring to host: <128.105.69.20:9618?addrs=128.105.69.20-9618+[2607-f388-2200-100-1e6a-7aff-fe26-c057]-9618&alias=e342.chtc.wisc.edu&noUDP&sock=slot1_25_15128_cb60_30208>
...
040 (1283884.000.000) 2023-03-31 12:39:38 Finished transferring input files
...
001 (1283884.000.000) 2023-03-31 12:39:39 Job executing on host: <128.105.69.20:9618?addrs=128.105.69.20-9618+[2607-f388-2200-100-1e6a-7aff-fe26-c057]-9618&alias=e342.chtc.wisc.edu&noUDP&sock=startd_7490_1871>
...
006 (1283884.000.000) 2023-03-31 12:39:48 Image size of job updated: 527684
	65  -  MemoryUsage of job (MB)
	66184  -  ResidentSetSize of job (KB)
...
006 (1283884.000.000) 2023-03-31 12:44:15 Image size of job updated: 1389620
	65  -  MemoryUsage of job (MB)
	66460  -  ResidentSetSize of job (KB)
...
040 (1283884.000.000) 2023-03-31 12:44:15 Started transferring output files
...
040 (1283884.000.000) 2023-03-31 12:44:16 Finished transferring output files
...
005 (1283884.000.000) 2023-03-31 12:44:16 Job terminated.
	(1) Normal termination (return value 0)
		Usr 0 00:03:11, Sys 0 00:00:03  -  Run Remote Usage
		Usr 0 00:00:00, Sys 0 00:00:00  -  Run Local Usage
		Usr 0 00:03:11, Sys 0 00:00:03  -  Total Remote Usage
		Usr 0 00:00:00, Sys 0 00:00:00  -  Total Local Usage
	13525285  -  Run Bytes Sent By Job
	315801312  -  Run Bytes Received By Job
	13525285  -  Total Bytes Sent By Job
	315801312  -  Total Bytes Received By Job
	Partitionable Resources :     Usage  Request Allocated 
	   Cpus                 :      0.73        1         1 
	   Disk (KB)            : 321675     2097152   2350308 
	   IoHeavy              :                            0 
	   Memory (MB)          :     65        2048      2048 

	Job terminated of its own accord at 2023-03-31T17:44:15Z.
...
