argc = 8
sp = 0
Systematics : V  Response NJet0 = 0.017
Systematics : V  Response NJet1 = 0.022
Systematics : V  Response NJetGe2 = 0.026
Systematics : V  Resolution NJet0 = 0.024
Systematics : V  Resolution NJet1 = 0.03
Systematics : V  Resolution NJetGe2 = 0.034
Systematics : EWK  Response NJet0 = 0.015
Systematics : EWK  Response NJet1 = 0.02
Systematics : EWK  Response NJetGe2 = 0.025
Systematics : EWK  Resolution NJet0 = 0.021
Systematics : EWK  Resolution NJet1 = 0.027
Systematics : EWK  Resolution NJetGe2 = 0.032
Systematics : TOP  Response NJet0 = 0.015
Systematics : TOP  Response NJet1 = 0.02
Systematics : TOP  Response NJetGe2 = 0.025
Systematics : TOP  Resolution NJet0 = 0.021
Systematics : TOP  Resolution NJet1 = 0.027
Systematics : TOP  Resolution NJetGe2 = 0.032
V_NJet0
V_NJet1
V_NJetGe2
EWK_NJet0
EWK_NJet1
EWK_NJetGe2
TOP_NJet0
TOP_NJet1
TOP_NJetGe2
All files added.
Initializing chain.
from Init MC
sample ==========2HDMa_gg_sinp_0p1_tanb_1p0_mXd_10_MH3_600_MH4_200
.... MC file ..... 
Coming in: 
nentries:100000
Running over 100000 events.
Finished entry 0/99999
Finished entry 5000/99999
Finished entry 10000/99999
Finished entry 15000/99999
Finished entry 20000/99999
Finished entry 25000/99999
Finished entry 30000/99999
Finished entry 35000/99999
Finished entry 40000/99999
Finished entry 45000/99999
Finished entry 50000/99999
Finished entry 55000/99999
Finished entry 60000/99999
Finished entry 65000/99999
Finished entry 70000/99999
Finished entry 75000/99999
Finished entry 80000/99999
Finished entry 85000/99999
Finished entry 90000/99999
Finished entry 95000/99999
Finished entry 99999/99999
All events checked.
*******************************************
******************Jithin's original*************************
    Initial entries 100000.000000
   Passing smikking 0.000000
     GoodMuonPassed 297942.151157   % change= -2615.639649
      GoodTauPassed 56251.556191   % change= 81.119974
         opp charge 55319.088800   % change= 1.657674
 PassedThirdLepVeto 26041.081267   % change= 52.925687
     PassedBjetVeto 25012.639857   % change= 3.949304
       DeltaRPassed 24927.474652   % change= 0.340489
      Total change :75.072525
*******************************************
*******************************************
Number of events inspected: 100000
Number of events inspected (minus negative gen. weights): 99966.000000
 Outpt written to 2HDMa_gg_sinp_0p1_tanb_1p0_mXd_10_MH3_600_MH4_200.root
Real time 0:04:40, CP time 226.480
