000 (1283876.000.000) 2023-03-31 12:34:22 Job submitted from host: <144.92.180.99:9618?addrs=144.92.180.99-9618+[2607-f388-101c-1000--367]-9618&alias=login01.hep.wisc.edu&noUDP&sock=schedd_2816_1ec8>
...
040 (1283876.000.000) 2023-03-31 12:35:01 Started transferring input files
	Transferring to host: <128.105.69.23:9618?addrs=128.105.69.23-9618+[2607-f388-2200-100-fac2-88ff-feda-7e0d]-9618&alias=e345.chtc.wisc.edu&noUDP&sock=slot1_23_10673_d80b_32907>
...
040 (1283876.000.000) 2023-03-31 12:39:43 Finished transferring input files
...
001 (1283876.000.000) 2023-03-31 12:39:44 Job executing on host: <128.105.69.23:9618?addrs=128.105.69.23-9618+[2607-f388-2200-100-fac2-88ff-feda-7e0d]-9618&alias=e345.chtc.wisc.edu&noUDP&sock=startd_29018_834a>
...
006 (1283876.000.000) 2023-03-31 12:39:52 Image size of job updated: 198492
	23  -  MemoryUsage of job (MB)
	22624  -  ResidentSetSize of job (KB)
...
006 (1283876.000.000) 2023-03-31 12:42:53 Image size of job updated: 1375836
	24  -  MemoryUsage of job (MB)
	23580  -  ResidentSetSize of job (KB)
...
040 (1283876.000.000) 2023-03-31 12:42:54 Started transferring output files
...
040 (1283876.000.000) 2023-03-31 12:42:54 Finished transferring output files
...
005 (1283876.000.000) 2023-03-31 12:42:54 Job terminated.
	(1) Normal termination (return value 0)
		Usr 0 00:01:40, Sys 0 00:00:03  -  Run Remote Usage
		Usr 0 00:00:00, Sys 0 00:00:00  -  Run Local Usage
		Usr 0 00:01:40, Sys 0 00:00:03  -  Total Remote Usage
		Usr 0 00:00:00, Sys 0 00:00:00  -  Total Local Usage
	13173290  -  Run Bytes Sent By Job
	315801312  -  Run Bytes Received By Job
	13173290  -  Total Bytes Sent By Job
	315801312  -  Total Bytes Received By Job
	Partitionable Resources :     Usage  Request Allocated 
	   Cpus                 :      0.68        1         1 
	   Disk (KB)            : 321332     2097152   2317714 
	   IoHeavy              :                            0 
	   Memory (MB)          :     24        2048      2048 

	Job terminated of its own accord at 2023-03-31T17:42:53Z.
...
