000 (4070987.000.000) 07/13 21:35:26 Job submitted from host: <144.92.180.28:9618?addrs=144.92.180.28-9618+[2607-f388-101c-1000--370]-9618&noUDP&sock=2276_b9a4_3>
...
001 (4070987.000.000) 07/13 21:37:45 Job executing on host: <144.92.180.201:9618?addrs=144.92.180.201-9618+[2607-f388-101c-1000--629]-9618&noUDP&sock=2030_fd58_3>
...
006 (4070987.000.000) 07/13 21:37:54 Image size of job updated: 619724
	486  -  MemoryUsage of job (MB)
	497096  -  ResidentSetSize of job (KB)
...
006 (4070987.000.000) 07/13 21:38:08 Image size of job updated: 840540
	486  -  MemoryUsage of job (MB)
	497096  -  ResidentSetSize of job (KB)
...
005 (4070987.000.000) 07/13 21:38:10 Job terminated.
	(1) Normal termination (return value 0)
		Usr 0 00:00:15, Sys 0 00:00:02  -  Run Remote Usage
		Usr 0 00:00:00, Sys 0 00:00:00  -  Run Local Usage
		Usr 0 00:00:15, Sys 0 00:00:02  -  Total Remote Usage
		Usr 0 00:00:00, Sys 0 00:00:00  -  Total Local Usage
	127386  -  Run Bytes Sent By Job
	315495840  -  Run Bytes Received By Job
	127386  -  Total Bytes Sent By Job
	315495840  -  Total Bytes Received By Job
	Partitionable Resources :      Usage  Request Allocated 
	   Cpus                 :       0.02        1         1 
	   Disk (KB)            : 1000000     2048000  18508433 
	   Memory (MB)          :     486        1992      2048 
...
