000 (4070919.000.000) 07/13 21:31:59 Job submitted from host: <144.92.180.28:9618?addrs=144.92.180.28-9618+[2607-f388-101c-1000--370]-9618&noUDP&sock=2276_b9a4_3>
...
001 (4070919.000.000) 07/13 21:33:31 Job executing on host: <144.92.180.193:9618?addrs=144.92.180.193-9618+[2607-f388-101c-1000--629]-9618&noUDP&sock=2008_e642_3>
...
006 (4070919.000.000) 07/13 21:33:39 Image size of job updated: 621732
	494  -  MemoryUsage of job (MB)
	505440  -  ResidentSetSize of job (KB)
...
006 (4070919.000.000) 07/13 21:34:13 Image size of job updated: 864712
	494  -  MemoryUsage of job (MB)
	505440  -  ResidentSetSize of job (KB)
...
005 (4070919.000.000) 07/13 21:34:20 Job terminated.
	(1) Normal termination (return value 0)
		Usr 0 00:00:38, Sys 0 00:00:02  -  Run Remote Usage
		Usr 0 00:00:00, Sys 0 00:00:00  -  Run Local Usage
		Usr 0 00:00:38, Sys 0 00:00:02  -  Total Remote Usage
		Usr 0 00:00:00, Sys 0 00:00:00  -  Total Local Usage
	150696  -  Run Bytes Sent By Job
	315495840  -  Run Bytes Received By Job
	150696  -  Total Bytes Sent By Job
	315495840  -  Total Bytes Received By Job
	Partitionable Resources :      Usage  Request Allocated 
	   Cpus                 :       0.77        1         1 
	   Disk (KB)            : 1000000     2048000  18506826 
	   Memory (MB)          :     494        1992      2048 
...
