000 (4070975.000.000) 07/13 21:34:26 Job submitted from host: <144.92.180.28:9618?addrs=144.92.180.28-9618+[2607-f388-101c-1000--370]-9618&noUDP&sock=2276_b9a4_3>
...
001 (4070975.000.000) 07/13 21:35:55 Job executing on host: <144.92.180.60:9618?addrs=144.92.180.60-9618+[2607-f388-101c-1000--629]-9618&noUDP&sock=14549_fb7a_3>
...
006 (4070975.000.000) 07/13 21:36:04 Image size of job updated: 699620
	484  -  MemoryUsage of job (MB)
	494824  -  ResidentSetSize of job (KB)
...
006 (4070975.000.000) 07/13 21:36:13 Image size of job updated: 838800
	484  -  MemoryUsage of job (MB)
	494824  -  ResidentSetSize of job (KB)
...
005 (4070975.000.000) 07/13 21:36:17 Job terminated.
	(1) Normal termination (return value 0)
		Usr 0 00:00:12, Sys 0 00:00:01  -  Run Remote Usage
		Usr 0 00:00:00, Sys 0 00:00:00  -  Run Local Usage
		Usr 0 00:00:12, Sys 0 00:00:01  -  Total Remote Usage
		Usr 0 00:00:00, Sys 0 00:00:00  -  Total Local Usage
	105775  -  Run Bytes Sent By Job
	315495840  -  Run Bytes Received By Job
	105775  -  Total Bytes Sent By Job
	315495840  -  Total Bytes Received By Job
	Partitionable Resources :      Usage  Request Allocated 
	   Cpus                 :       0.91        1         1 
	   Disk (KB)            : 1000000     2048000  18514477 
	   Memory (MB)          :     484        1992      2048 
...
