000 (4070994.000.000) 07/13 21:35:55 Job submitted from host: <144.92.180.28:9618?addrs=144.92.180.28-9618+[2607-f388-101c-1000--370]-9618&noUDP&sock=2276_b9a4_3>
...
001 (4070994.000.000) 07/13 21:37:24 Job executing on host: <144.92.180.198:9618?addrs=144.92.180.198-9618+[2607-f388-101c-1000--629]-9618&noUDP&sock=2232_8b79_3>
...
006 (4070994.000.000) 07/13 21:37:33 Image size of job updated: 620044
	486  -  MemoryUsage of job (MB)
	497548  -  ResidentSetSize of job (KB)
...
006 (4070994.000.000) 07/13 21:40:06 Image size of job updated: 844904
	486  -  MemoryUsage of job (MB)
	497548  -  ResidentSetSize of job (KB)
...
005 (4070994.000.000) 07/13 21:40:06 Job terminated.
	(1) Normal termination (return value 0)
		Usr 0 00:02:32, Sys 0 00:00:02  -  Run Remote Usage
		Usr 0 00:00:00, Sys 0 00:00:00  -  Run Local Usage
		Usr 0 00:02:32, Sys 0 00:00:02  -  Total Remote Usage
		Usr 0 00:00:00, Sys 0 00:00:00  -  Total Local Usage
	161056  -  Run Bytes Sent By Job
	315495872  -  Run Bytes Received By Job
	161056  -  Total Bytes Sent By Job
	315495872  -  Total Bytes Received By Job
	Partitionable Resources :      Usage  Request Allocated 
	   Cpus                 :       0.97        1         1 
	   Disk (KB)            : 1000000     2048000  18502965 
	   Memory (MB)          :     486        1992      2048 
...
