000 (4070898.000.000) 07/13 21:31:42 Job submitted from host: <144.92.180.28:9618?addrs=144.92.180.28-9618+[2607-f388-101c-1000--370]-9618&noUDP&sock=2276_b9a4_3>
...
001 (4070898.000.000) 07/13 21:32:54 Job executing on host: <144.92.180.193:9618?addrs=144.92.180.193-9618+[2607-f388-101c-1000--629]-9618&noUDP&sock=2008_e642_3>
...
006 (4070898.000.000) 07/13 21:33:03 Image size of job updated: 860656
	484  -  MemoryUsage of job (MB)
	495400  -  ResidentSetSize of job (KB)
...
005 (4070898.000.000) 07/13 21:50:17 Job terminated.
	(1) Normal termination (return value 0)
		Usr 0 00:16:37, Sys 0 00:00:09  -  Run Remote Usage
		Usr 0 00:00:00, Sys 0 00:00:00  -  Run Local Usage
		Usr 0 00:16:37, Sys 0 00:00:09  -  Total Remote Usage
		Usr 0 00:00:00, Sys 0 00:00:00  -  Total Local Usage
	168199  -  Run Bytes Sent By Job
	315495840  -  Run Bytes Received By Job
	168199  -  Total Bytes Sent By Job
	315495840  -  Total Bytes Received By Job
	Partitionable Resources :      Usage  Request Allocated 
	   Cpus                 :       0.87        1         1 
	   Disk (KB)            : 1000000     2048000  18506826 
	   Memory (MB)          :     484        1992      2048 
...
