000 (4070920.000.000) 07/13 21:31:59 Job submitted from host: <144.92.180.28:9618?addrs=144.92.180.28-9618+[2607-f388-101c-1000--370]-9618&noUDP&sock=2276_b9a4_3>
...
001 (4070920.000.000) 07/13 21:33:24 Job executing on host: <144.92.180.60:9618?addrs=144.92.180.60-9618+[2607-f388-101c-1000--629]-9618&noUDP&sock=14549_fb7a_3>
...
006 (4070920.000.000) 07/13 21:33:32 Image size of job updated: 593280
	466  -  MemoryUsage of job (MB)
	476592  -  ResidentSetSize of job (KB)
...
006 (4070920.000.000) 07/13 21:33:37 Image size of job updated: 622056
	468  -  MemoryUsage of job (MB)
	479232  -  ResidentSetSize of job (KB)
...
005 (4070920.000.000) 07/13 21:33:42 Job terminated.
	(1) Normal termination (return value 0)
		Usr 0 00:00:08, Sys 0 00:00:02  -  Run Remote Usage
		Usr 0 00:00:00, Sys 0 00:00:00  -  Run Local Usage
		Usr 0 00:00:08, Sys 0 00:00:02  -  Total Remote Usage
		Usr 0 00:00:00, Sys 0 00:00:00  -  Total Local Usage
	132591  -  Run Bytes Sent By Job
	315495840  -  Run Bytes Received By Job
	132591  -  Total Bytes Sent By Job
	315495840  -  Total Bytes Received By Job
	Partitionable Resources :      Usage  Request Allocated 
	   Cpus                 :       0.02        1         1 
	   Disk (KB)            : 1000000     2048000  18514477 
	   Memory (MB)          :     468        1992      2048 
...
