000 (4070962.000.000) 07/13 21:33:26 Job submitted from host: <144.92.180.28:9618?addrs=144.92.180.28-9618+[2607-f388-101c-1000--370]-9618&noUDP&sock=2276_b9a4_3>
...
001 (4070962.000.000) 07/13 21:35:31 Job executing on host: <144.92.180.102:9618?addrs=144.92.180.102-9618+[2607-f388-101c-1000--629]-9618&noUDP&sock=14479_f7d9_3>
...
006 (4070962.000.000) 07/13 21:35:40 Image size of job updated: 651452
	484  -  MemoryUsage of job (MB)
	494892  -  ResidentSetSize of job (KB)
...
005 (4070962.000.000) 07/13 21:35:53 Job terminated.
	(1) Normal termination (return value 0)
		Usr 0 00:00:13, Sys 0 00:00:02  -  Run Remote Usage
		Usr 0 00:00:00, Sys 0 00:00:00  -  Run Local Usage
		Usr 0 00:00:13, Sys 0 00:00:02  -  Total Remote Usage
		Usr 0 00:00:00, Sys 0 00:00:00  -  Total Local Usage
	83388  -  Run Bytes Sent By Job
	315495840  -  Run Bytes Received By Job
	83388  -  Total Bytes Sent By Job
	315495840  -  Total Bytes Received By Job
	Partitionable Resources :    Usage  Request Allocated 
	   Cpus                 :        0        1         1 
	   Disk (KB)            :  1000000  2048000  18515518 
	   Memory (MB)          :      484     1992      2048 
...
