000 (4070978.000.000) 07/13 21:34:41 Job submitted from host: <144.92.180.28:9618?addrs=144.92.180.28-9618+[2607-f388-101c-1000--370]-9618&noUDP&sock=2276_b9a4_3>
...
001 (4070978.000.000) 07/13 21:36:35 Job executing on host: <144.92.180.132:9618?addrs=144.92.180.132-9618+[2607-f388-101c-1000--629]-9618&noUDP&sock=2911_4848_3>
...
006 (4070978.000.000) 07/13 21:36:44 Image size of job updated: 617008
	483  -  MemoryUsage of job (MB)
	494512  -  ResidentSetSize of job (KB)
...
006 (4070978.000.000) 07/13 21:37:55 Image size of job updated: 839472
	483  -  MemoryUsage of job (MB)
	494512  -  ResidentSetSize of job (KB)
...
005 (4070978.000.000) 07/13 21:37:57 Job terminated.
	(1) Normal termination (return value 0)
		Usr 0 00:01:06, Sys 0 00:00:03  -  Run Remote Usage
		Usr 0 00:00:00, Sys 0 00:00:00  -  Run Local Usage
		Usr 0 00:01:06, Sys 0 00:00:03  -  Total Remote Usage
		Usr 0 00:00:00, Sys 0 00:00:00  -  Total Local Usage
	143409  -  Run Bytes Sent By Job
	315495840  -  Run Bytes Received By Job
	143409  -  Total Bytes Sent By Job
	315495840  -  Total Bytes Received By Job
	Partitionable Resources :      Usage  Request Allocated 
	   Cpus                 :       0.92        1         1 
	   Disk (KB)            : 1000000     2048000  18359188 
	   Memory (MB)          :     483        1992      2048 
...
