000 (4071027.000.000) 07/13 21:37:45 Job submitted from host: <144.92.180.28:9618?addrs=144.92.180.28-9618+[2607-f388-101c-1000--370]-9618&noUDP&sock=2276_b9a4_3>
...
001 (4071027.000.000) 07/13 21:39:29 Job executing on host: <144.92.180.117:9618?addrs=144.92.180.117-9618+[2607-f388-101c-1000--629]-9618&noUDP&sock=2459_3f79_3>
...
006 (4071027.000.000) 07/13 21:39:37 Image size of job updated: 820308
	418  -  MemoryUsage of job (MB)
	427136  -  ResidentSetSize of job (KB)
...
005 (4071027.000.000) 07/13 21:39:38 Job terminated.
	(1) Normal termination (return value 0)
		Usr 0 00:00:06, Sys 0 00:00:01  -  Run Remote Usage
		Usr 0 00:00:00, Sys 0 00:00:00  -  Run Local Usage
		Usr 0 00:00:06, Sys 0 00:00:01  -  Total Remote Usage
		Usr 0 00:00:00, Sys 0 00:00:00  -  Total Local Usage
	143289  -  Run Bytes Sent By Job
	315495840  -  Run Bytes Received By Job
	143289  -  Total Bytes Sent By Job
	315495840  -  Total Bytes Received By Job
	Partitionable Resources :      Usage  Request Allocated 
	   Cpus                 :       0.99        1         1 
	   Disk (KB)            : 1000000     2048000  18354223 
	   Memory (MB)          :     418        1992      2048 
...
