000 (4071069.000.000) 07/13 21:39:35 Job submitted from host: <144.92.180.28:9618?addrs=144.92.180.28-9618+[2607-f388-101c-1000--370]-9618&noUDP&sock=2276_b9a4_3>
...
001 (4071069.000.000) 07/13 21:40:36 Job executing on host: <144.92.180.113:9618?addrs=144.92.180.113-9618+[2607-f388-101c-1000--629]-9618&noUDP&sock=2455_8118_3>
...
006 (4071069.000.000) 07/13 21:40:44 Image size of job updated: 651452
	499  -  MemoryUsage of job (MB)
	510756  -  ResidentSetSize of job (KB)
...
006 (4071069.000.000) 07/13 21:43:49 Image size of job updated: 874256
	499  -  MemoryUsage of job (MB)
	510756  -  ResidentSetSize of job (KB)
...
005 (4071069.000.000) 07/13 21:43:49 Job terminated.
	(1) Normal termination (return value 0)
		Usr 0 00:02:40, Sys 0 00:00:05  -  Run Remote Usage
		Usr 0 00:00:00, Sys 0 00:00:00  -  Run Local Usage
		Usr 0 00:02:40, Sys 0 00:00:05  -  Total Remote Usage
		Usr 0 00:00:00, Sys 0 00:00:00  -  Total Local Usage
	140410  -  Run Bytes Sent By Job
	315495840  -  Run Bytes Received By Job
	140410  -  Total Bytes Sent By Job
	315495840  -  Total Bytes Received By Job
	Partitionable Resources :      Usage  Request Allocated 
	   Cpus                 :       0.82        1         1 
	   Disk (KB)            : 1000000     2048000  18351582 
	   Memory (MB)          :     499        1992      2048 
...
