000 (4071055.000.000) 07/13 21:38:57 Job submitted from host: <144.92.180.28:9618?addrs=144.92.180.28-9618+[2607-f388-101c-1000--370]-9618&noUDP&sock=2276_b9a4_3>
...
001 (4071055.000.000) 07/13 21:39:55 Job executing on host: <144.92.180.115:9618?addrs=144.92.180.115-9618+[2607-f388-101c-1000--629]-9618&noUDP&sock=2386_2d0f_3>
...
006 (4071055.000.000) 07/13 21:40:04 Image size of job updated: 663976
	439  -  MemoryUsage of job (MB)
	448608  -  ResidentSetSize of job (KB)
...
006 (4071055.000.000) 07/13 21:40:07 Image size of job updated: 812892
	439  -  MemoryUsage of job (MB)
	448608  -  ResidentSetSize of job (KB)
...
005 (4071055.000.000) 07/13 21:40:08 Job terminated.
	(1) Normal termination (return value 0)
		Usr 0 00:00:09, Sys 0 00:00:01  -  Run Remote Usage
		Usr 0 00:00:00, Sys 0 00:00:00  -  Run Local Usage
		Usr 0 00:00:09, Sys 0 00:00:01  -  Total Remote Usage
		Usr 0 00:00:00, Sys 0 00:00:00  -  Total Local Usage
	157259  -  Run Bytes Sent By Job
	315495808  -  Run Bytes Received By Job
	157259  -  Total Bytes Sent By Job
	315495808  -  Total Bytes Received By Job
	Partitionable Resources :      Usage  Request Allocated 
	   Cpus                 :       0.92        1         1 
	   Disk (KB)            : 1000000     2048000  18352029 
	   Memory (MB)          :     439        1992      2048 
...
