000 (4071042.000.000) 07/13 21:38:30 Job submitted from host: <144.92.180.28:9618?addrs=144.92.180.28-9618+[2607-f388-101c-1000--370]-9618&noUDP&sock=2276_b9a4_3>
...
001 (4071042.000.000) 07/13 21:40:19 Job executing on host: <144.92.180.196:9618?addrs=144.92.180.196-9618+[2607-f388-101c-1000--629]-9618&noUDP&sock=2137_61fa_3>
...
006 (4071042.000.000) 07/13 21:40:26 Image size of job updated: 223392
	0  -  MemoryUsage of job (MB)
	0  -  ResidentSetSize of job (KB)
...
005 (4071042.000.000) 07/13 21:40:26 Job terminated.
	(1) Normal termination (return value 0)
		Usr 0 00:00:04, Sys 0 00:00:01  -  Run Remote Usage
		Usr 0 00:00:00, Sys 0 00:00:00  -  Run Local Usage
		Usr 0 00:00:04, Sys 0 00:00:01  -  Total Remote Usage
		Usr 0 00:00:00, Sys 0 00:00:00  -  Total Local Usage
	115874  -  Run Bytes Sent By Job
	315495840  -  Run Bytes Received By Job
	115874  -  Total Bytes Sent By Job
	315495840  -  Total Bytes Received By Job
	Partitionable Resources :      Usage  Request Allocated 
	   Cpus                 :       0.03        1         1 
	   Disk (KB)            : 1000000     2048000  18504621 
	   Memory (MB)          :       0        1992      2048 
...
