000 (4071001.000.000) 07/13 21:36:24 Job submitted from host: <144.92.180.28:9618?addrs=144.92.180.28-9618+[2607-f388-101c-1000--370]-9618&noUDP&sock=2276_b9a4_3>
...
001 (4071001.000.000) 07/13 21:38:38 Job executing on host: <144.92.180.129:9618?addrs=144.92.180.129-9618+[2607-f388-101c-1000--629]-9618&noUDP&sock=2208_1533_3>
...
006 (4071001.000.000) 07/13 21:38:47 Image size of job updated: 663980
	486  -  MemoryUsage of job (MB)
	497160  -  ResidentSetSize of job (KB)
...
006 (4071001.000.000) 07/13 21:40:48 Image size of job updated: 843676
	486  -  MemoryUsage of job (MB)
	497160  -  ResidentSetSize of job (KB)
...
005 (4071001.000.000) 07/13 21:40:48 Job terminated.
	(1) Normal termination (return value 0)
		Usr 0 00:01:58, Sys 0 00:00:03  -  Run Remote Usage
		Usr 0 00:00:00, Sys 0 00:00:00  -  Run Local Usage
		Usr 0 00:01:58, Sys 0 00:00:03  -  Total Remote Usage
		Usr 0 00:00:00, Sys 0 00:00:00  -  Total Local Usage
	160821  -  Run Bytes Sent By Job
	315495872  -  Run Bytes Received By Job
	160821  -  Total Bytes Sent By Job
	315495872  -  Total Bytes Received By Job
	Partitionable Resources :      Usage  Request Allocated 
	   Cpus                 :       0.82        1         1 
	   Disk (KB)            : 1000000     2048000  18350050 
	   Memory (MB)          :     486        1992      2048 
...
