000 (4071041.000.000) 07/13 21:38:28 Job submitted from host: <144.92.180.28:9618?addrs=144.92.180.28-9618+[2607-f388-101c-1000--370]-9618&noUDP&sock=2276_b9a4_3>
...
001 (4071041.000.000) 07/13 21:38:47 Job executing on host: <144.92.180.62:9618?addrs=144.92.180.62-9618+[2607-f388-101c-1000--629]-9618&noUDP&sock=10166_9be1_3>
...
006 (4071041.000.000) 07/13 21:38:55 Image size of job updated: 651452
	425  -  MemoryUsage of job (MB)
	434216  -  ResidentSetSize of job (KB)
...
005 (4071041.000.000) 07/13 21:38:58 Job terminated.
	(1) Normal termination (return value 0)
		Usr 0 00:00:05, Sys 0 00:00:01  -  Run Remote Usage
		Usr 0 00:00:00, Sys 0 00:00:00  -  Run Local Usage
		Usr 0 00:00:05, Sys 0 00:00:01  -  Total Remote Usage
		Usr 0 00:00:00, Sys 0 00:00:00  -  Total Local Usage
	128283  -  Run Bytes Sent By Job
	315495840  -  Run Bytes Received By Job
	128283  -  Total Bytes Sent By Job
	315495840  -  Total Bytes Received By Job
	Partitionable Resources :    Usage  Request Allocated 
	   Cpus                 :        0        1         1 
	   Disk (KB)            :  1000000  2048000  18509120 
	   Memory (MB)          :      425     1992      2048 
...
