000 (4071032.000.000) 07/13 21:37:59 Job submitted from host: <144.92.180.28:9618?addrs=144.92.180.28-9618+[2607-f388-101c-1000--370]-9618&noUDP&sock=2276_b9a4_3>
...
001 (4071032.000.000) 07/13 21:38:23 Job executing on host: <144.92.180.117:9618?addrs=144.92.180.117-9618+[2607-f388-101c-1000--629]-9618&noUDP&sock=2459_3f79_3>
...
006 (4071032.000.000) 07/13 21:38:32 Image size of job updated: 776916
	436  -  MemoryUsage of job (MB)
	445472  -  ResidentSetSize of job (KB)
...
006 (4071032.000.000) 07/13 21:38:35 Image size of job updated: 818780
	436  -  MemoryUsage of job (MB)
	445472  -  ResidentSetSize of job (KB)
...
005 (4071032.000.000) 07/13 21:38:36 Job terminated.
	(1) Normal termination (return value 0)
		Usr 0 00:00:08, Sys 0 00:00:01  -  Run Remote Usage
		Usr 0 00:00:00, Sys 0 00:00:00  -  Run Local Usage
		Usr 0 00:00:08, Sys 0 00:00:01  -  Total Remote Usage
		Usr 0 00:00:00, Sys 0 00:00:00  -  Total Local Usage
	154199  -  Run Bytes Sent By Job
	315495808  -  Run Bytes Received By Job
	154199  -  Total Bytes Sent By Job
	315495808  -  Total Bytes Received By Job
	Partitionable Resources :    Usage  Request Allocated 
	   Cpus                 :                 1         1 
	   Disk (KB)            :  1000000  2048000  18354223 
	   Memory (MB)          :      436     1992      2048 
...
