000 (3175367.000.000) 2022-01-04 20:04:35 Job submitted from host: <144.92.180.5:9618?addrs=144.92.180.5-9618+[2607-f388-101c-1000--368]-9618&alias=login02.hep.wisc.edu&noUDP&sock=schedd_2326_0560>
...
040 (3175367.000.000) 2022-01-04 20:05:00 Entered queue to transfer input files
	Transferring to host: <128.105.245.201:9618?addrs=128.105.245.201-9618&alias=e2401.chtc.wisc.edu&noUDP&sock=slot1_3_6620_2386_16233>
...
040 (3175367.000.000) 2022-01-04 20:07:26 Started transferring input files
	Seconds spent in queue: 146
...
040 (3175367.000.000) 2022-01-04 20:09:07 Finished transferring input files
...
001 (3175367.000.000) 2022-01-04 20:09:08 Job executing on host: <128.105.245.201:9618?addrs=128.105.245.201-9618&alias=e2401.chtc.wisc.edu&noUDP&sock=startd_2821_8cc2>
...
006 (3175367.000.000) 2022-01-04 20:09:18 Image size of job updated: 542160
	396  -  MemoryUsage of job (MB)
	404880  -  ResidentSetSize of job (KB)
...
006 (3175367.000.000) 2022-01-04 20:14:18 Image size of job updated: 1189324
	492  -  MemoryUsage of job (MB)
	503260  -  ResidentSetSize of job (KB)
...
040 (3175367.000.000) 2022-01-04 20:16:45 Started transferring output files
	Seconds spent in queue: 705
...
040 (3175367.000.000) 2022-01-04 20:16:46 Finished transferring output files
...
005 (3175367.000.000) 2022-01-04 20:16:46 Job terminated.
	(1) Normal termination (return value 0)
		Usr 0 00:02:22, Sys 0 00:00:25  -  Run Remote Usage
		Usr 0 00:00:00, Sys 0 00:00:00  -  Run Local Usage
		Usr 0 00:02:22, Sys 0 00:00:25  -  Total Remote Usage
		Usr 0 00:00:00, Sys 0 00:00:00  -  Total Local Usage
	140247  -  Run Bytes Sent By Job
	315491776  -  Run Bytes Received By Job
	140247  -  Total Bytes Sent By Job
	315491776  -  Total Bytes Received By Job
	Partitionable Resources :     Usage  Request Allocated 
	   Cpus                 :      0.68        1         1 
	   Disk (KB)            : 308295     2048000   2352059 
	   IoHeavy              :                            0 
	   Memory (MB)          :    492        1992      2048 

	Job terminated of its own accord at 2022-01-05T02:16:45Z.
...
