000 (3175261.000.000) 2022-01-04 20:00:13 Job submitted from host: <144.92.180.5:9618?addrs=144.92.180.5-9618+[2607-f388-101c-1000--368]-9618&alias=login02.hep.wisc.edu&noUDP&sock=schedd_2326_0560>
...
040 (3175261.000.000) 2022-01-04 20:01:17 Entered queue to transfer input files
	Transferring to host: <128.105.245.192:9618?addrs=128.105.245.192-9618&alias=e2392.chtc.wisc.edu&noUDP&sock=slot1_22_11368_88c7_16676>
...
040 (3175261.000.000) 2022-01-04 20:02:08 Started transferring input files
	Seconds spent in queue: 51
...
040 (3175261.000.000) 2022-01-04 20:03:48 Finished transferring input files
...
001 (3175261.000.000) 2022-01-04 20:03:49 Job executing on host: <128.105.245.192:9618?addrs=128.105.245.192-9618&alias=e2392.chtc.wisc.edu&noUDP&sock=startd_2988_1912>
...
006 (3175261.000.000) 2022-01-04 20:03:58 Image size of job updated: 72536
	24  -  MemoryUsage of job (MB)
	24356  -  ResidentSetSize of job (KB)
...
006 (3175261.000.000) 2022-01-04 20:05:04 Image size of job updated: 1172396
	24  -  MemoryUsage of job (MB)
	24356  -  ResidentSetSize of job (KB)
...
040 (3175261.000.000) 2022-01-04 20:05:04 Started transferring output files
	Seconds spent in queue: 227
...
040 (3175261.000.000) 2022-01-04 20:05:04 Finished transferring output files
...
005 (3175261.000.000) 2022-01-04 20:05:04 Job terminated.
	(1) Normal termination (return value 0)
		Usr 0 00:00:40, Sys 0 00:00:02  -  Run Remote Usage
		Usr 0 00:00:00, Sys 0 00:00:00  -  Run Local Usage
		Usr 0 00:00:40, Sys 0 00:00:02  -  Total Remote Usage
		Usr 0 00:00:00, Sys 0 00:00:00  -  Total Local Usage
	138082  -  Run Bytes Sent By Job
	315491808  -  Run Bytes Received By Job
	138082  -  Total Bytes Sent By Job
	315491808  -  Total Bytes Received By Job
	Partitionable Resources :     Usage  Request Allocated 
	   Cpus                 :      0.54        1         1 
	   Disk (KB)            : 308293     2048000   2351072 
	   IoHeavy              :                            0 
	   Memory (MB)          :     24        1992      2048 

	Job terminated of its own accord at 2022-01-05T02:05:04Z.
...
