000 (3175250.000.000) 2022-01-04 19:59:56 Job submitted from host: <144.92.180.5:9618?addrs=144.92.180.5-9618+[2607-f388-101c-1000--368]-9618&alias=login02.hep.wisc.edu&noUDP&sock=schedd_2326_0560>
...
040 (3175250.000.000) 2022-01-04 20:02:07 Entered queue to transfer input files
	Transferring to host: <128.105.245.79:9618?addrs=128.105.245.79-9618&alias=e279.chtc.wisc.edu&noUDP&sock=slot1_9_15160_5762_16600>
...
040 (3175250.000.000) 2022-01-04 20:02:38 Started transferring input files
	Seconds spent in queue: 31
...
040 (3175250.000.000) 2022-01-04 20:03:32 Finished transferring input files
...
001 (3175250.000.000) 2022-01-04 20:03:33 Job executing on host: <128.105.245.79:9618?addrs=128.105.245.79-9618&alias=e279.chtc.wisc.edu&noUDP&sock=startd_2399_17ca>
...
006 (3175250.000.000) 2022-01-04 20:03:42 Image size of job updated: 540760
	396  -  MemoryUsage of job (MB)
	405120  -  ResidentSetSize of job (KB)
...
006 (3175250.000.000) 2022-01-04 20:04:46 Image size of job updated: 1173560
	396  -  MemoryUsage of job (MB)
	405120  -  ResidentSetSize of job (KB)
...
040 (3175250.000.000) 2022-01-04 20:04:49 Started transferring output files
	Seconds spent in queue: 162
...
040 (3175250.000.000) 2022-01-04 20:04:49 Finished transferring output files
...
005 (3175250.000.000) 2022-01-04 20:04:49 Job terminated.
	(1) Normal termination (return value 0)
		Usr 0 00:00:42, Sys 0 00:00:05  -  Run Remote Usage
		Usr 0 00:00:00, Sys 0 00:00:00  -  Run Local Usage
		Usr 0 00:00:42, Sys 0 00:00:05  -  Total Remote Usage
		Usr 0 00:00:00, Sys 0 00:00:00  -  Total Local Usage
	160526  -  Run Bytes Sent By Job
	315491776  -  Run Bytes Received By Job
	160526  -  Total Bytes Sent By Job
	315491776  -  Total Bytes Received By Job
	Partitionable Resources :     Usage  Request Allocated 
	   Cpus                 :      0.67        1         1 
	   Disk (KB)            : 308314     2048000   2346317 
	   IoHeavy              :                            0 
	   Memory (MB)          :    396        1992      2048 

	Job terminated of its own accord at 2022-01-05T02:04:46Z.
...
