000 (3175316.000.000) 2022-01-04 20:02:44 Job submitted from host: <144.92.180.5:9618?addrs=144.92.180.5-9618+[2607-f388-101c-1000--368]-9618&alias=login02.hep.wisc.edu&noUDP&sock=schedd_2326_0560>
...
040 (3175316.000.000) 2022-01-04 20:03:07 Entered queue to transfer input files
	Transferring to host: <128.105.245.210:9618?addrs=128.105.245.210-9618&alias=e2410.chtc.wisc.edu&noUDP&sock=slot1_16_11294_6504_16431>
...
040 (3175316.000.000) 2022-01-04 20:04:21 Started transferring input files
	Seconds spent in queue: 74
...
040 (3175316.000.000) 2022-01-04 20:05:07 Finished transferring input files
...
001 (3175316.000.000) 2022-01-04 20:05:08 Job executing on host: <128.105.245.210:9618?addrs=128.105.245.210-9618&alias=e2410.chtc.wisc.edu&noUDP&sock=startd_13121_7e3c>
...
006 (3175316.000.000) 2022-01-04 20:05:16 Image size of job updated: 584716
	439  -  MemoryUsage of job (MB)
	448756  -  ResidentSetSize of job (KB)
...
006 (3175316.000.000) 2022-01-04 20:05:37 Image size of job updated: 1174600
	440  -  MemoryUsage of job (MB)
	449548  -  ResidentSetSize of job (KB)
...
040 (3175316.000.000) 2022-01-04 20:05:42 Entered queue to transfer output files
...
040 (3175316.000.000) 2022-01-04 20:05:47 Started transferring output files
	Seconds spent in queue: 160
...
040 (3175316.000.000) 2022-01-04 20:05:48 Finished transferring output files
...
005 (3175316.000.000) 2022-01-04 20:05:48 Job terminated.
	(1) Normal termination (return value 0)
		Usr 0 00:00:18, Sys 0 00:00:02  -  Run Remote Usage
		Usr 0 00:00:00, Sys 0 00:00:00  -  Run Local Usage
		Usr 0 00:00:18, Sys 0 00:00:02  -  Total Remote Usage
		Usr 0 00:00:00, Sys 0 00:00:00  -  Total Local Usage
	161798  -  Run Bytes Sent By Job
	315491776  -  Run Bytes Received By Job
	161798  -  Total Bytes Sent By Job
	315491776  -  Total Bytes Received By Job
	Partitionable Resources :     Usage  Request Allocated 
	   Cpus                 :      0.09        1         1 
	   Disk (KB)            : 308316     2048000   2349355 
	   IoHeavy              :                            0 
	   Memory (MB)          :    440        1992      2048 

	Job terminated of its own accord at 2022-01-05T02:05:37Z.
...
