000 (3175319.000.000) 2022-01-04 20:02:49 Job submitted from host: <144.92.180.5:9618?addrs=144.92.180.5-9618+[2607-f388-101c-1000--368]-9618&alias=login02.hep.wisc.edu&noUDP&sock=schedd_2326_0560>
...
040 (3175319.000.000) 2022-01-04 20:03:01 Entered queue to transfer input files
	Transferring to host: <128.105.245.112:9618?addrs=128.105.245.112-9618&alias=e312.chtc.wisc.edu&noUDP&sock=slot1_7_30357_00ac_16307>
...
040 (3175319.000.000) 2022-01-04 20:03:44 Started transferring input files
	Seconds spent in queue: 43
...
040 (3175319.000.000) 2022-01-04 20:06:08 Finished transferring input files
...
001 (3175319.000.000) 2022-01-04 20:06:09 Job executing on host: <128.105.245.112:9618?addrs=128.105.245.112-9618&alias=e312.chtc.wisc.edu&noUDP&sock=startd_2430_5b3a>
...
006 (3175319.000.000) 2022-01-04 20:06:18 Image size of job updated: 655452
	396  -  MemoryUsage of job (MB)
	404676  -  ResidentSetSize of job (KB)
...
006 (3175319.000.000) 2022-01-04 20:06:31 Image size of job updated: 655452
	396  -  MemoryUsage of job (MB)
	404940  -  ResidentSetSize of job (KB)
...
040 (3175319.000.000) 2022-01-04 20:06:33 Started transferring output files
	Seconds spent in queue: 212
...
040 (3175319.000.000) 2022-01-04 20:06:33 Finished transferring output files
...
005 (3175319.000.000) 2022-01-04 20:06:34 Job terminated.
	(1) Normal termination (return value 0)
		Usr 0 00:00:04, Sys 0 00:00:01  -  Run Remote Usage
		Usr 0 00:00:00, Sys 0 00:00:00  -  Run Local Usage
		Usr 0 00:00:04, Sys 0 00:00:01  -  Total Remote Usage
		Usr 0 00:00:00, Sys 0 00:00:00  -  Total Local Usage
	116220  -  Run Bytes Sent By Job
	315491776  -  Run Bytes Received By Job
	116220  -  Total Bytes Sent By Job
	315491776  -  Total Bytes Received By Job
	Partitionable Resources :     Usage  Request Allocated 
	   Cpus                 :      0.05        1         1 
	   Disk (KB)            : 308272     2048000   2319533 
	   IoHeavy              :                            0 
	   Memory (MB)          :    396        1992      2048 

	Job terminated of its own accord at 2022-01-05T02:06:30Z.
...
