000 (3175189.000.000) 2022-01-04 19:59:19 Job submitted from host: <144.92.180.5:9618?addrs=144.92.180.5-9618+[2607-f388-101c-1000--368]-9618&alias=login02.hep.wisc.edu&noUDP&sock=schedd_2326_0560>
...
040 (3175189.000.000) 2022-01-04 19:59:51 Started transferring input files
	Transferring to host: <128.105.245.136:9618?addrs=128.105.245.136-9618&alias=e2336.chtc.wisc.edu&noUDP&sock=slot1_5_39689_3da7_16341>
...
040 (3175189.000.000) 2022-01-04 20:01:03 Finished transferring input files
...
001 (3175189.000.000) 2022-01-04 20:01:04 Job executing on host: <128.105.245.136:9618?addrs=128.105.245.136-9618&alias=e2336.chtc.wisc.edu&noUDP&sock=startd_2598_9723>
...
006 (3175189.000.000) 2022-01-04 20:01:13 Image size of job updated: 867572
	397  -  MemoryUsage of job (MB)
	406104  -  ResidentSetSize of job (KB)
...
006 (3175189.000.000) 2022-01-04 20:01:27 Image size of job updated: 1183220
	397  -  MemoryUsage of job (MB)
	406104  -  ResidentSetSize of job (KB)
...
040 (3175189.000.000) 2022-01-04 20:01:28 Started transferring output files
...
040 (3175189.000.000) 2022-01-04 20:01:28 Finished transferring output files
...
005 (3175189.000.000) 2022-01-04 20:01:31 Job terminated.
	(1) Normal termination (return value 0)
		Usr 0 00:00:10, Sys 0 00:00:01  -  Run Remote Usage
		Usr 0 00:00:00, Sys 0 00:00:00  -  Run Local Usage
		Usr 0 00:00:10, Sys 0 00:00:01  -  Total Remote Usage
		Usr 0 00:00:00, Sys 0 00:00:00  -  Total Local Usage
	159906  -  Run Bytes Sent By Job
	315491776  -  Run Bytes Received By Job
	159906  -  Total Bytes Sent By Job
	315491776  -  Total Bytes Received By Job
	Partitionable Resources :    Usage  Request Allocated 
	   Cpus                 :                 1         1 
	   Disk (KB)            :   308305  2048000   2334474 
	   IoHeavy              :                           0 
	   Memory (MB)          :      397     1992      2048 

	Job terminated of its own accord at 2022-01-05T02:01:27Z.
...
