000 (3175323.000.000) 2022-01-04 20:02:59 Job submitted from host: <144.92.180.5:9618?addrs=144.92.180.5-9618+[2607-f388-101c-1000--368]-9618&alias=login02.hep.wisc.edu&noUDP&sock=schedd_2326_0560>
...
040 (3175323.000.000) 2022-01-04 20:03:09 Entered queue to transfer input files
	Transferring to host: <128.105.245.95:9618?addrs=128.105.245.95-9618&alias=e2295.chtc.wisc.edu&noUDP&sock=slot1_3_37258_61a4_16706>
...
040 (3175323.000.000) 2022-01-04 20:04:33 Started transferring input files
	Seconds spent in queue: 84
...
040 (3175323.000.000) 2022-01-04 20:05:26 Finished transferring input files
...
001 (3175323.000.000) 2022-01-04 20:05:27 Job executing on host: <128.105.245.95:9618?addrs=128.105.245.95-9618&alias=e2295.chtc.wisc.edu&noUDP&sock=startd_2580_3e6e>
...
006 (3175323.000.000) 2022-01-04 20:05:35 Image size of job updated: 543484
	397  -  MemoryUsage of job (MB)
	406336  -  ResidentSetSize of job (KB)
...
006 (3175323.000.000) 2022-01-04 20:05:37 Image size of job updated: 568564
	398  -  MemoryUsage of job (MB)
	406600  -  ResidentSetSize of job (KB)
...
040 (3175323.000.000) 2022-01-04 20:05:42 Entered queue to transfer output files
...
040 (3175323.000.000) 2022-01-04 20:05:48 Started transferring output files
	Seconds spent in queue: 159
...
040 (3175323.000.000) 2022-01-04 20:05:48 Finished transferring output files
...
005 (3175323.000.000) 2022-01-04 20:05:48 Job terminated.
	(1) Normal termination (return value 0)
		Usr 0 00:00:05, Sys 0 00:00:01  -  Run Remote Usage
		Usr 0 00:00:00, Sys 0 00:00:00  -  Run Local Usage
		Usr 0 00:00:05, Sys 0 00:00:01  -  Total Remote Usage
		Usr 0 00:00:00, Sys 0 00:00:00  -  Total Local Usage
	142346  -  Run Bytes Sent By Job
	315491776  -  Run Bytes Received By Job
	142346  -  Total Bytes Sent By Job
	315491776  -  Total Bytes Received By Job
	Partitionable Resources :     Usage  Request Allocated 
	   Cpus                 :      0.01        1         1 
	   Disk (KB)            : 308297     2048000   2414852 
	   IoHeavy              :                            0 
	   Memory (MB)          :    398        1992      2048 

	Job terminated of its own accord at 2022-01-05T02:05:37Z.
...
