000 (3175330.000.000) 2022-01-04 20:03:14 Job submitted from host: <144.92.180.5:9618?addrs=144.92.180.5-9618+[2607-f388-101c-1000--368]-9618&alias=login02.hep.wisc.edu&noUDP&sock=schedd_2326_0560>
...
040 (3175330.000.000) 2022-01-04 20:03:28 Entered queue to transfer input files
	Transferring to host: <128.105.245.58:9618?addrs=128.105.245.58-9618&alias=e3258.chtc.wisc.edu&noUDP&sock=slot1_7_11830_0e1a_16478>
...
040 (3175330.000.000) 2022-01-04 20:05:07 Started transferring input files
	Seconds spent in queue: 99
...
040 (3175330.000.000) 2022-01-04 20:07:19 Finished transferring input files
...
001 (3175330.000.000) 2022-01-04 20:07:20 Job executing on host: <128.105.245.58:9618?addrs=128.105.245.58-9618&alias=e3258.chtc.wisc.edu&noUDP&sock=startd_3016_4db9>
...
006 (3175330.000.000) 2022-01-04 20:07:29 Image size of job updated: 505660
	426  -  MemoryUsage of job (MB)
	435828  -  ResidentSetSize of job (KB)
...
006 (3175330.000.000) 2022-01-04 20:07:44 Image size of job updated: 658840
	428  -  MemoryUsage of job (MB)
	437632  -  ResidentSetSize of job (KB)
...
040 (3175330.000.000) 2022-01-04 20:07:45 Started transferring output files
	Seconds spent in queue: 257
...
040 (3175330.000.000) 2022-01-04 20:07:45 Finished transferring output files
...
005 (3175330.000.000) 2022-01-04 20:07:45 Job terminated.
	(1) Normal termination (return value 0)
		Usr 0 00:00:07, Sys 0 00:00:01  -  Run Remote Usage
		Usr 0 00:00:00, Sys 0 00:00:00  -  Run Local Usage
		Usr 0 00:00:07, Sys 0 00:00:01  -  Total Remote Usage
		Usr 0 00:00:00, Sys 0 00:00:00  -  Total Local Usage
	167456  -  Run Bytes Sent By Job
	315491744  -  Run Bytes Received By Job
	167456  -  Total Bytes Sent By Job
	315491744  -  Total Bytes Received By Job
	Partitionable Resources :    Usage  Request Allocated 
	   Cpus                 :        0        1         1 
	   Disk (KB)            :   308321  2048000   2370866 
	   IoHeavy              :                           0 
	   Memory (MB)          :      428     1992      2048 

	Job terminated of its own accord at 2022-01-05T02:07:44Z.
...
