000 (3175315.000.000) 2022-01-04 20:02:42 Job submitted from host: <144.92.180.5:9618?addrs=144.92.180.5-9618+[2607-f388-101c-1000--368]-9618&alias=login02.hep.wisc.edu&noUDP&sock=schedd_2326_0560>
...
040 (3175315.000.000) 2022-01-04 20:04:00 Entered queue to transfer input files
	Transferring to host: <128.105.245.205:9618?addrs=128.105.245.205-9618&alias=e2405.chtc.wisc.edu&noUDP&sock=slot1_8_12492_7e75_16679>
...
040 (3175315.000.000) 2022-01-04 20:05:50 Started transferring input files
	Seconds spent in queue: 110
...
040 (3175315.000.000) 2022-01-04 20:06:12 Finished transferring input files
...
001 (3175315.000.000) 2022-01-04 20:06:13 Job executing on host: <128.105.245.205:9618?addrs=128.105.245.205-9618&alias=e2405.chtc.wisc.edu&noUDP&sock=startd_22676_6da9>
...
006 (3175315.000.000) 2022-01-04 20:06:22 Image size of job updated: 541236
	396  -  MemoryUsage of job (MB)
	405408  -  ResidentSetSize of job (KB)
...
006 (3175315.000.000) 2022-01-04 20:06:41 Image size of job updated: 1157956
	396  -  MemoryUsage of job (MB)
	405408  -  ResidentSetSize of job (KB)
...
040 (3175315.000.000) 2022-01-04 20:06:44 Started transferring output files
	Seconds spent in queue: 164
...
040 (3175315.000.000) 2022-01-04 20:06:45 Finished transferring output files
...
005 (3175315.000.000) 2022-01-04 20:06:45 Job terminated.
	(1) Normal termination (return value 0)
		Usr 0 00:00:07, Sys 0 00:00:01  -  Run Remote Usage
		Usr 0 00:00:00, Sys 0 00:00:00  -  Run Local Usage
		Usr 0 00:00:07, Sys 0 00:00:01  -  Total Remote Usage
		Usr 0 00:00:00, Sys 0 00:00:00  -  Total Local Usage
	150812  -  Run Bytes Sent By Job
	315491776  -  Run Bytes Received By Job
	150812  -  Total Bytes Sent By Job
	315491776  -  Total Bytes Received By Job
	Partitionable Resources :    Usage  Request Allocated 
	   Cpus                 :        0        1         1 
	   Disk (KB)            :   308306  2048000   2353436 
	   IoHeavy              :                           0 
	   Memory (MB)          :      396     1992      2048 

	Job terminated of its own accord at 2022-01-05T02:06:41Z.
...
