000 (3175201.000.000) 2022-01-04 19:59:25 Job submitted from host: <144.92.180.5:9618?addrs=144.92.180.5-9618+[2607-f388-101c-1000--368]-9618&alias=login02.hep.wisc.edu&noUDP&sock=schedd_2326_0560>
...
040 (3175201.000.000) 2022-01-04 19:59:53 Started transferring input files
	Transferring to host: <128.105.244.78:9618?addrs=128.105.244.78-9618&alias=e3197.chtc.wisc.edu&noUDP&sock=slot1_2_6723_b62a_15704>
...
040 (3175201.000.000) 2022-01-04 20:05:56 Finished transferring input files
...
001 (3175201.000.000) 2022-01-04 20:05:57 Job executing on host: <128.105.244.78:9618?addrs=128.105.244.78-9618&alias=e3197.chtc.wisc.edu&noUDP&sock=startd_1424_52f3>
...
006 (3175201.000.000) 2022-01-04 20:06:06 Image size of job updated: 543264
	398  -  MemoryUsage of job (MB)
	406568  -  ResidentSetSize of job (KB)
...
006 (3175201.000.000) 2022-01-04 20:06:56 Image size of job updated: 1183236
	398  -  MemoryUsage of job (MB)
	406568  -  ResidentSetSize of job (KB)
...
040 (3175201.000.000) 2022-01-04 20:07:01 Entered queue to transfer output files
...
040 (3175201.000.000) 2022-01-04 20:07:02 Started transferring output files
...
040 (3175201.000.000) 2022-01-04 20:07:02 Finished transferring output files
...
005 (3175201.000.000) 2022-01-04 20:07:02 Job terminated.
	(1) Normal termination (return value 0)
		Usr 0 00:00:27, Sys 0 00:00:03  -  Run Remote Usage
		Usr 0 00:00:00, Sys 0 00:00:00  -  Run Local Usage
		Usr 0 00:00:27, Sys 0 00:00:03  -  Total Remote Usage
		Usr 0 00:00:00, Sys 0 00:00:00  -  Total Local Usage
	155192  -  Run Bytes Sent By Job
	315491808  -  Run Bytes Received By Job
	155192  -  Total Bytes Sent By Job
	315491808  -  Total Bytes Received By Job
	Partitionable Resources :     Usage  Request Allocated 
	   Cpus                 :      0.09        1         1 
	   Disk (KB)            : 308309     2048000   2717192 
	   IoHeavy              :                            0 
	   Memory (MB)          :    398        1992      2048 

	Job terminated of its own accord at 2022-01-05T02:06:56Z.
...
