000 (3175196.000.000) 2022-01-04 19:59:22 Job submitted from host: <144.92.180.5:9618?addrs=144.92.180.5-9618+[2607-f388-101c-1000--368]-9618&alias=login02.hep.wisc.edu&noUDP&sock=schedd_2326_0560>
...
040 (3175196.000.000) 2022-01-04 19:59:51 Started transferring input files
	Transferring to host: <128.105.245.92:9618?addrs=128.105.245.92-9618&alias=e2292.chtc.wisc.edu&noUDP&sock=slot1_11_36658_a08c_17060>
...
040 (3175196.000.000) 2022-01-04 20:01:34 Finished transferring input files
...
001 (3175196.000.000) 2022-01-04 20:01:35 Job executing on host: <128.105.245.92:9618?addrs=128.105.245.92-9618&alias=e2292.chtc.wisc.edu&noUDP&sock=startd_2775_ff66>
...
006 (3175196.000.000) 2022-01-04 20:01:44 Image size of job updated: 75864
	24  -  MemoryUsage of job (MB)
	23964  -  ResidentSetSize of job (KB)
...
006 (3175196.000.000) 2022-01-04 20:05:47 Image size of job updated: 1195768
	24  -  MemoryUsage of job (MB)
	23964  -  ResidentSetSize of job (KB)
...
040 (3175196.000.000) 2022-01-04 20:05:49 Started transferring output files
...
040 (3175196.000.000) 2022-01-04 20:05:49 Finished transferring output files
...
005 (3175196.000.000) 2022-01-04 20:05:49 Job terminated.
	(1) Normal termination (return value 0)
		Usr 0 00:03:25, Sys 0 00:00:05  -  Run Remote Usage
		Usr 0 00:00:00, Sys 0 00:00:00  -  Run Local Usage
		Usr 0 00:03:25, Sys 0 00:00:05  -  Total Remote Usage
		Usr 0 00:00:00, Sys 0 00:00:00  -  Total Local Usage
	166876  -  Run Bytes Sent By Job
	315491776  -  Run Bytes Received By Job
	166876  -  Total Bytes Sent By Job
	315491776  -  Total Bytes Received By Job
	Partitionable Resources :     Usage  Request Allocated 
	   Cpus                 :      0.82        1         1 
	   Disk (KB)            : 308321     2048000   2400683 
	   IoHeavy              :                            0 
	   Memory (MB)          :     24        1992      2048 

	Job terminated of its own accord at 2022-01-05T02:05:47Z.
...
