000 (3175194.000.000) 2022-01-04 19:59:21 Job submitted from host: <144.92.180.5:9618?addrs=144.92.180.5-9618+[2607-f388-101c-1000--368]-9618&alias=login02.hep.wisc.edu&noUDP&sock=schedd_2326_0560>
...
040 (3175194.000.000) 2022-01-04 19:59:57 Started transferring input files
	Transferring to host: <128.105.245.157:9618?addrs=128.105.245.157-9618&alias=e2357.chtc.wisc.edu&noUDP&sock=slot1_12_39547_3061_16895>
...
040 (3175194.000.000) 2022-01-04 20:01:27 Finished transferring input files
...
001 (3175194.000.000) 2022-01-04 20:01:28 Job executing on host: <128.105.245.157:9618?addrs=128.105.245.157-9618&alias=e2357.chtc.wisc.edu&noUDP&sock=startd_2933_5f5d>
...
006 (3175194.000.000) 2022-01-04 20:01:37 Image size of job updated: 49096
	7  -  MemoryUsage of job (MB)
	6972  -  ResidentSetSize of job (KB)
...
006 (3175194.000.000) 2022-01-04 20:02:00 Image size of job updated: 1152036
	7  -  MemoryUsage of job (MB)
	6972  -  ResidentSetSize of job (KB)
...
040 (3175194.000.000) 2022-01-04 20:02:05 Entered queue to transfer output files
...
040 (3175194.000.000) 2022-01-04 20:02:08 Started transferring output files
...
040 (3175194.000.000) 2022-01-04 20:02:09 Finished transferring output files
...
005 (3175194.000.000) 2022-01-04 20:02:12 Job terminated.
	(1) Normal termination (return value 0)
		Usr 0 00:00:03, Sys 0 00:00:01  -  Run Remote Usage
		Usr 0 00:00:00, Sys 0 00:00:00  -  Run Local Usage
		Usr 0 00:00:03, Sys 0 00:00:01  -  Total Remote Usage
		Usr 0 00:00:00, Sys 0 00:00:00  -  Total Local Usage
	58815  -  Run Bytes Sent By Job
	315491776  -  Run Bytes Received By Job
	58815  -  Total Bytes Sent By Job
	315491776  -  Total Bytes Received By Job
	Partitionable Resources :     Usage  Request Allocated 
	   Cpus                 :      0.01        1         1 
	   Disk (KB)            : 308215     2048000   2348393 
	   IoHeavy              :                            0 
	   Memory (MB)          :      7        1992      2048 

	Job terminated of its own accord at 2022-01-05T02:02:00Z.
...
