000 (3175334.000.000) 2022-01-04 20:03:23 Job submitted from host: <144.92.180.5:9618?addrs=144.92.180.5-9618+[2607-f388-101c-1000--368]-9618&alias=login02.hep.wisc.edu&noUDP&sock=schedd_2326_0560>
...
040 (3175334.000.000) 2022-01-04 20:03:37 Entered queue to transfer input files
	Transferring to host: <128.104.101.115:9618?addrs=128.104.101.115-9618+[2607-f388-107c-501-22a-6aff-fedf-c721]-9618&alias=e0455.chtc.wisc.edu&noUDP&sock=slot1_6_3313_0ee0_13060>
...
040 (3175334.000.000) 2022-01-04 20:05:17 Started transferring input files
	Seconds spent in queue: 100
...
040 (3175334.000.000) 2022-01-04 20:05:51 Finished transferring input files
...
001 (3175334.000.000) 2022-01-04 20:05:52 Job executing on host: <128.104.101.115:9618?addrs=128.104.101.115-9618+[2607-f388-107c-501-22a-6aff-fedf-c721]-9618&alias=e0455.chtc.wisc.edu&noUDP&sock=startd_3158_b42c>
...
006 (3175334.000.000) 2022-01-04 20:06:01 Image size of job updated: 525796
	393  -  MemoryUsage of job (MB)
	401452  -  ResidentSetSize of job (KB)
...
006 (3175334.000.000) 2022-01-04 20:11:02 Image size of job updated: 1176512
	482  -  MemoryUsage of job (MB)
	493324  -  ResidentSetSize of job (KB)
...
040 (3175334.000.000) 2022-01-04 20:18:13 Started transferring output files
	Seconds spent in queue: 876
...
040 (3175334.000.000) 2022-01-04 20:18:13 Finished transferring output files
...
005 (3175334.000.000) 2022-01-04 20:18:13 Job terminated.
	(1) Normal termination (return value 0)
		Usr 0 00:09:39, Sys 0 00:00:18  -  Run Remote Usage
		Usr 0 00:00:00, Sys 0 00:00:00  -  Run Local Usage
		Usr 0 00:09:39, Sys 0 00:00:18  -  Total Remote Usage
		Usr 0 00:00:00, Sys 0 00:00:00  -  Total Local Usage
	168352  -  Run Bytes Sent By Job
	315491776  -  Run Bytes Received By Job
	168352  -  Total Bytes Sent By Job
	315491776  -  Total Bytes Received By Job
	Partitionable Resources :     Usage  Request Allocated 
	   Cpus                 :      0.80        1         1 
	   Disk (KB)            : 308323     2048000   2334759 
	   IoHeavy              :                            0 
	   Memory (MB)          :    482        1992      2048 

	Job terminated of its own accord at 2022-01-05T02:18:13Z.
...
