000 (3175354.000.000) 2022-01-04 20:04:12 Job submitted from host: <144.92.180.5:9618?addrs=144.92.180.5-9618+[2607-f388-101c-1000--368]-9618&alias=login02.hep.wisc.edu&noUDP&sock=schedd_2326_0560>
...
040 (3175354.000.000) 2022-01-04 20:04:23 Entered queue to transfer input files
	Transferring to host: <128.105.245.117:9618?addrs=128.105.245.117-9618&alias=e317.chtc.wisc.edu&noUDP&sock=slot1_6_40003_7b74_17294>
...
040 (3175354.000.000) 2022-01-04 20:06:33 Started transferring input files
	Seconds spent in queue: 130
...
040 (3175354.000.000) 2022-01-04 20:09:04 Finished transferring input files
...
001 (3175354.000.000) 2022-01-04 20:09:05 Job executing on host: <128.105.245.117:9618?addrs=128.105.245.117-9618&alias=e317.chtc.wisc.edu&noUDP&sock=startd_2117_aa15>
...
006 (3175354.000.000) 2022-01-04 20:09:14 Image size of job updated: 578868
	431  -  MemoryUsage of job (MB)
	441324  -  ResidentSetSize of job (KB)
...
006 (3175354.000.000) 2022-01-04 20:14:16 Image size of job updated: 1188956
	492  -  MemoryUsage of job (MB)
	503628  -  ResidentSetSize of job (KB)
...
040 (3175354.000.000) 2022-01-04 20:14:48 Started transferring output files
	Seconds spent in queue: 625
...
040 (3175354.000.000) 2022-01-04 20:14:48 Finished transferring output files
...
005 (3175354.000.000) 2022-01-04 20:14:49 Job terminated.
	(1) Normal termination (return value 0)
		Usr 0 00:01:50, Sys 0 00:00:14  -  Run Remote Usage
		Usr 0 00:00:00, Sys 0 00:00:00  -  Run Local Usage
		Usr 0 00:01:50, Sys 0 00:00:14  -  Total Remote Usage
		Usr 0 00:00:00, Sys 0 00:00:00  -  Total Local Usage
	140892  -  Run Bytes Sent By Job
	315491744  -  Run Bytes Received By Job
	140892  -  Total Bytes Sent By Job
	315491744  -  Total Bytes Received By Job
	Partitionable Resources :     Usage  Request Allocated 
	   Cpus                 :      0.25        1         1 
	   Disk (KB)            : 308296     2048000   2325464 
	   IoHeavy              :                            0 
	   Memory (MB)          :    492        1992      2048 

	Job terminated of its own accord at 2022-01-05T02:14:48Z.
...
