000 (3175257.000.000) 2022-01-04 20:00:08 Job submitted from host: <144.92.180.5:9618?addrs=144.92.180.5-9618+[2607-f388-101c-1000--368]-9618&alias=login02.hep.wisc.edu&noUDP&sock=schedd_2326_0560>
...
040 (3175257.000.000) 2022-01-04 20:01:17 Entered queue to transfer input files
	Transferring to host: <128.105.245.115:9618?addrs=128.105.245.115-9618&alias=e2315.chtc.wisc.edu&noUDP&sock=slot1_7_3342_7dc1_2786>
...
040 (3175257.000.000) 2022-01-04 20:02:08 Started transferring input files
	Seconds spent in queue: 51
...
040 (3175257.000.000) 2022-01-04 20:05:00 Finished transferring input files
...
001 (3175257.000.000) 2022-01-04 20:05:01 Job executing on host: <128.105.245.115:9618?addrs=128.105.245.115-9618&alias=e2315.chtc.wisc.edu&noUDP&sock=startd_3119_f3fb>
...
006 (3175257.000.000) 2022-01-04 20:05:09 Image size of job updated: 867568
	398  -  MemoryUsage of job (MB)
	407108  -  ResidentSetSize of job (KB)
...
006 (3175257.000.000) 2022-01-04 20:05:56 Image size of job updated: 1172116
	398  -  MemoryUsage of job (MB)
	407108  -  ResidentSetSize of job (KB)
...
040 (3175257.000.000) 2022-01-04 20:06:01 Started transferring output files
	Seconds spent in queue: 284
...
040 (3175257.000.000) 2022-01-04 20:06:01 Finished transferring output files
...
005 (3175257.000.000) 2022-01-04 20:06:02 Job terminated.
	(1) Normal termination (return value 0)
		Usr 0 00:00:44, Sys 0 00:00:02  -  Run Remote Usage
		Usr 0 00:00:00, Sys 0 00:00:00  -  Run Local Usage
		Usr 0 00:00:44, Sys 0 00:00:02  -  Total Remote Usage
		Usr 0 00:00:00, Sys 0 00:00:00  -  Total Local Usage
	133826  -  Run Bytes Sent By Job
	315491808  -  Run Bytes Received By Job
	133826  -  Total Bytes Sent By Job
	315491808  -  Total Bytes Received By Job
	Partitionable Resources :     Usage  Request Allocated 
	   Cpus                 :      0.04        1         1 
	   Disk (KB)            : 308288     2048000   2426223 
	   IoHeavy              :                            0 
	   Memory (MB)          :    398        1992      2048 

	Job terminated of its own accord at 2022-01-05T02:05:56Z.
...
