000 (3175219.000.000) 2022-01-04 19:59:34 Job submitted from host: <144.92.180.5:9618?addrs=144.92.180.5-9618+[2607-f388-101c-1000--368]-9618&alias=login02.hep.wisc.edu&noUDP&sock=schedd_2326_0560>
...
040 (3175219.000.000) 2022-01-04 19:59:57 Started transferring input files
	Transferring to host: <128.104.101.11:9618?addrs=128.104.101.11-9618+[2607-f388-107c-501-a6ba-dbff-fe38-fcc5]-9618&alias=e0057.chtc.wisc.edu&noUDP&sock=slot1_3_5762_99a3_12734>
...
040 (3175219.000.000) 2022-01-04 20:02:37 Finished transferring input files
...
001 (3175219.000.000) 2022-01-04 20:02:38 Job executing on host: <128.104.101.11:9618?addrs=128.104.101.11-9618+[2607-f388-107c-501-a6ba-dbff-fe38-fcc5]-9618&alias=e0057.chtc.wisc.edu&noUDP&sock=startd_4807_c7d8>
...
006 (3175219.000.000) 2022-01-04 20:02:47 Image size of job updated: 475932
	438  -  MemoryUsage of job (MB)
	448344  -  ResidentSetSize of job (KB)
...
006 (3175219.000.000) 2022-01-04 20:03:04 Image size of job updated: 1198644
	444  -  MemoryUsage of job (MB)
	454020  -  ResidentSetSize of job (KB)
...
040 (3175219.000.000) 2022-01-04 20:03:05 Started transferring output files
...
040 (3175219.000.000) 2022-01-04 20:03:06 Finished transferring output files
...
005 (3175219.000.000) 2022-01-04 20:03:07 Job terminated.
	(1) Normal termination (return value 0)
		Usr 0 00:00:14, Sys 0 00:00:01  -  Run Remote Usage
		Usr 0 00:00:00, Sys 0 00:00:00  -  Run Local Usage
		Usr 0 00:00:14, Sys 0 00:00:01  -  Total Remote Usage
		Usr 0 00:00:00, Sys 0 00:00:00  -  Total Local Usage
	146720  -  Run Bytes Sent By Job
	315491776  -  Run Bytes Received By Job
	146720  -  Total Bytes Sent By Job
	315491776  -  Total Bytes Received By Job
	Partitionable Resources :    Usage  Request Allocated 
	   Cpus                 :        0        1         1 
	   Disk (KB)            :   308301  2048000   3039404 
	   IoHeavy              :                           0 
	   Memory (MB)          :      444     1992      2048 

	Job terminated of its own accord at 2022-01-05T02:03:04Z.
...
