000 (3175347.000.000) 2022-01-04 20:03:50 Job submitted from host: <144.92.180.5:9618?addrs=144.92.180.5-9618+[2607-f388-101c-1000--368]-9618&alias=login02.hep.wisc.edu&noUDP&sock=schedd_2326_0560>
...
040 (3175347.000.000) 2022-01-04 20:04:05 Entered queue to transfer input files
	Transferring to host: <128.105.245.87:9618?addrs=128.105.245.87-9618&alias=e287.chtc.wisc.edu&noUDP&sock=slot1_12_14434_cf04_16659>
...
040 (3175347.000.000) 2022-01-04 20:06:07 Started transferring input files
	Seconds spent in queue: 122
...
040 (3175347.000.000) 2022-01-04 20:08:59 Finished transferring input files
...
001 (3175347.000.000) 2022-01-04 20:09:05 Job executing on host: <128.105.245.87:9618?addrs=128.105.245.87-9618&alias=e287.chtc.wisc.edu&noUDP&sock=startd_10999_fa45>
...
006 (3175347.000.000) 2022-01-04 20:09:14 Image size of job updated: 704844
	621  -  MemoryUsage of job (MB)
	634944  -  ResidentSetSize of job (KB)
...
006 (3175347.000.000) 2022-01-04 20:09:33 Image size of job updated: 1125384
	622  -  MemoryUsage of job (MB)
	635916  -  ResidentSetSize of job (KB)
...
040 (3175347.000.000) 2022-01-04 20:09:33 Started transferring output files
	Seconds spent in queue: 328
...
040 (3175347.000.000) 2022-01-04 20:09:36 Finished transferring output files
...
005 (3175347.000.000) 2022-01-04 20:09:36 Job terminated.
	(1) Normal termination (return value 0)
		Usr 0 00:00:07, Sys 0 00:00:01  -  Run Remote Usage
		Usr 0 00:00:00, Sys 0 00:00:00  -  Run Local Usage
		Usr 0 00:00:07, Sys 0 00:00:01  -  Total Remote Usage
		Usr 0 00:00:00, Sys 0 00:00:00  -  Total Local Usage
	115752  -  Run Bytes Sent By Job
	315491808  -  Run Bytes Received By Job
	115752  -  Total Bytes Sent By Job
	315491808  -  Total Bytes Received By Job
	Partitionable Resources :    Usage  Request Allocated 
	   Cpus                 :        0        1         1 
	   Disk (KB)            :   308271  2048000   2320518 
	   IoHeavy              :                           0 
	   Memory (MB)          :      622     1992      2048 

	Job terminated of its own accord at 2022-01-05T02:09:33Z.
...
