000 (3175313.000.000) 2022-01-04 20:02:38 Job submitted from host: <144.92.180.5:9618?addrs=144.92.180.5-9618+[2607-f388-101c-1000--368]-9618&alias=login02.hep.wisc.edu&noUDP&sock=schedd_2326_0560>
...
040 (3175313.000.000) 2022-01-04 20:03:53 Entered queue to transfer input files
	Transferring to host: <128.105.245.118:9618?addrs=128.105.245.118-9618&alias=e2318.chtc.wisc.edu&noUDP&sock=slot1_12_32835_fa50_16838>
...
040 (3175313.000.000) 2022-01-04 20:05:35 Started transferring input files
	Seconds spent in queue: 102
...
040 (3175313.000.000) 2022-01-04 20:09:08 Finished transferring input files
...
001 (3175313.000.000) 2022-01-04 20:09:09 Job executing on host: <128.105.245.118:9618?addrs=128.105.245.118-9618&alias=e2318.chtc.wisc.edu&noUDP&sock=startd_2334_8222>
...
006 (3175313.000.000) 2022-01-04 20:09:18 Image size of job updated: 543956
	397  -  MemoryUsage of job (MB)
	406148  -  ResidentSetSize of job (KB)
...
006 (3175313.000.000) 2022-01-04 20:09:29 Image size of job updated: 1151356
	397  -  MemoryUsage of job (MB)
	406148  -  ResidentSetSize of job (KB)
...
040 (3175313.000.000) 2022-01-04 20:09:29 Started transferring output files
	Seconds spent in queue: 336
...
040 (3175313.000.000) 2022-01-04 20:09:29 Finished transferring output files
...
005 (3175313.000.000) 2022-01-04 20:09:29 Job terminated.
	(1) Normal termination (return value 0)
		Usr 0 00:00:05, Sys 0 00:00:01  -  Run Remote Usage
		Usr 0 00:00:00, Sys 0 00:00:00  -  Run Local Usage
		Usr 0 00:00:05, Sys 0 00:00:01  -  Total Remote Usage
		Usr 0 00:00:00, Sys 0 00:00:00  -  Total Local Usage
	140104  -  Run Bytes Sent By Job
	315491776  -  Run Bytes Received By Job
	140104  -  Total Bytes Sent By Job
	315491776  -  Total Bytes Received By Job
	Partitionable Resources :     Usage  Request Allocated 
	   Cpus                 :      0.01        1         1 
	   Disk (KB)            : 308295     2048000   2338385 
	   IoHeavy              :                            0 
	   Memory (MB)          :    397        1992      2048 

	Job terminated of its own accord at 2022-01-05T02:09:29Z.
...
