000 (3175268.000.000) 2022-01-04 20:00:29 Job submitted from host: <144.92.180.5:9618?addrs=144.92.180.5-9618+[2607-f388-101c-1000--368]-9618&alias=login02.hep.wisc.edu&noUDP&sock=schedd_2326_0560>
...
040 (3175268.000.000) 2022-01-04 20:01:40 Entered queue to transfer input files
	Transferring to host: <128.105.245.136:9618?addrs=128.105.245.136-9618&alias=e2336.chtc.wisc.edu&noUDP&sock=slot1_5_39689_3da7_16342>
...
040 (3175268.000.000) 2022-01-04 20:02:21 Started transferring input files
	Seconds spent in queue: 41
...
040 (3175268.000.000) 2022-01-04 20:04:05 Finished transferring input files
...
001 (3175268.000.000) 2022-01-04 20:04:06 Job executing on host: <128.105.245.136:9618?addrs=128.105.245.136-9618&alias=e2336.chtc.wisc.edu&noUDP&sock=startd_2598_9723>
...
006 (3175268.000.000) 2022-01-04 20:04:15 Image size of job updated: 551736
	404  -  MemoryUsage of job (MB)
	413400  -  ResidentSetSize of job (KB)
...
006 (3175268.000.000) 2022-01-04 20:04:30 Image size of job updated: 1172984
	405  -  MemoryUsage of job (MB)
	414588  -  ResidentSetSize of job (KB)
...
040 (3175268.000.000) 2022-01-04 20:04:31 Started transferring output files
	Seconds spent in queue: 171
...
040 (3175268.000.000) 2022-01-04 20:04:31 Finished transferring output files
...
005 (3175268.000.000) 2022-01-04 20:04:32 Job terminated.
	(1) Normal termination (return value 0)
		Usr 0 00:00:07, Sys 0 00:00:02  -  Run Remote Usage
		Usr 0 00:00:00, Sys 0 00:00:00  -  Run Local Usage
		Usr 0 00:00:07, Sys 0 00:00:02  -  Total Remote Usage
		Usr 0 00:00:00, Sys 0 00:00:00  -  Total Local Usage
	103875  -  Run Bytes Sent By Job
	315491808  -  Run Bytes Received By Job
	103875  -  Total Bytes Sent By Job
	315491808  -  Total Bytes Received By Job
	Partitionable Resources :     Usage  Request Allocated 
	   Cpus                 :      0.06        1         1 
	   Disk (KB)            : 308259     2048000   2334474 
	   IoHeavy              :                            0 
	   Memory (MB)          :    405        1992      2048 

	Job terminated of its own accord at 2022-01-05T02:04:30Z.
...
