000 (5380446.000.000) 2022-10-28 12:12:45 Job submitted from host: <144.92.180.28:9618?addrs=144.92.180.28-9618+[2607-f388-101c-1000--370]-9618&alias=login04.hep.wisc.edu&noUDP&sock=schedd_3631_2478>
...
040 (5380446.000.000) 2022-10-28 13:11:16 Started transferring input files
	Transferring to host: <144.92.180.119:9618?addrs=144.92.180.119-9618+[2607-f388-101c-1000--291]-9618&alias=g26n17.hep.wisc.edu&noUDP&sock=slot1_8_3766_3cd2_15561>
...
040 (5380446.000.000) 2022-10-28 13:11:16 Finished transferring input files
...
001 (5380446.000.000) 2022-10-28 13:11:17 Job executing on host: <144.92.180.119:9618?addrs=144.92.180.119-9618+[2607-f388-101c-1000--291]-9618&alias=g26n17.hep.wisc.edu&noUDP&sock=startd_3073_669f>
...
006 (5380446.000.000) 2022-10-28 13:11:26 Image size of job updated: 86928
	12  -  MemoryUsage of job (MB)
	11624  -  ResidentSetSize of job (KB)
...
006 (5380446.000.000) 2022-10-28 13:20:09 Image size of job updated: 525868
	12  -  MemoryUsage of job (MB)
	11756  -  ResidentSetSize of job (KB)
...
040 (5380446.000.000) 2022-10-28 13:20:09 Started transferring output files
...
040 (5380446.000.000) 2022-10-28 13:20:10 Finished transferring output files
...
005 (5380446.000.000) 2022-10-28 13:20:10 Job terminated.
	(1) Normal termination (return value 0)
		Usr 0 00:00:05, Sys 0 00:00:59  -  Run Remote Usage
		Usr 0 00:00:00, Sys 0 00:00:00  -  Run Local Usage
		Usr 0 00:00:05, Sys 0 00:00:59  -  Total Remote Usage
		Usr 0 00:00:00, Sys 0 00:00:00  -  Total Local Usage
	16241  -  Run Bytes Sent By Job
	26295  -  Run Bytes Received By Job
	16241  -  Total Bytes Sent By Job
	26295  -  Total Bytes Received By Job
	Partitionable Resources :    Usage  Request Allocated 
	   Cpus                 :     0.10        1         1 
	   Disk (KB)            :   107     8388608  18360017 
	   Memory (MB)          :    12       25600     26000 

	Job terminated of its own accord at 2022-10-28T18:20:09Z.
...
