000 (5380968.000.000) 2022-10-28 12:19:23 Job submitted from host: <144.92.180.28:9618?addrs=144.92.180.28-9618+[2607-f388-101c-1000--370]-9618&alias=login04.hep.wisc.edu&noUDP&sock=schedd_3631_2478>
...
040 (5380968.000.000) 2022-10-28 14:44:22 Started transferring input files
	Transferring to host: <144.92.180.122:9618?addrs=144.92.180.122-9618+[2607-f388-101c-1000--294]-9618&alias=g26n20.hep.wisc.edu&noUDP&sock=slot1_3_3561_cbea_16716>
...
040 (5380968.000.000) 2022-10-28 14:44:22 Finished transferring input files
...
001 (5380968.000.000) 2022-10-28 14:44:23 Job executing on host: <144.92.180.122:9618?addrs=144.92.180.122-9618+[2607-f388-101c-1000--294]-9618&alias=g26n20.hep.wisc.edu&noUDP&sock=startd_3035_5606>
...
006 (5380968.000.000) 2022-10-28 14:44:32 Image size of job updated: 183524
	89  -  MemoryUsage of job (MB)
	91124  -  ResidentSetSize of job (KB)
...
006 (5380968.000.000) 2022-10-28 14:46:25 Image size of job updated: 518580
	89  -  MemoryUsage of job (MB)
	91124  -  ResidentSetSize of job (KB)
...
040 (5380968.000.000) 2022-10-28 14:46:25 Started transferring output files
...
040 (5380968.000.000) 2022-10-28 14:46:25 Finished transferring output files
...
005 (5380968.000.000) 2022-10-28 14:46:26 Job terminated.
	(1) Normal termination (return value 0)
		Usr 0 00:00:02, Sys 0 00:00:12  -  Run Remote Usage
		Usr 0 00:00:00, Sys 0 00:00:00  -  Run Local Usage
		Usr 0 00:00:02, Sys 0 00:00:12  -  Total Remote Usage
		Usr 0 00:00:00, Sys 0 00:00:00  -  Total Local Usage
	10944  -  Run Bytes Sent By Job
	21607  -  Run Bytes Received By Job
	10944  -  Total Bytes Sent By Job
	21607  -  Total Bytes Received By Job
	Partitionable Resources :    Usage  Request Allocated 
	   Cpus                 :                 1         1 
	   Disk (KB)            :   104611  8388608  18347456 
	   Memory (MB)          :       89    25600     26000 

	Job terminated of its own accord at 2022-10-28T19:46:25Z.
...
