000 (5380475.000.000) 2022-10-28 12:13:35 Job submitted from host: <144.92.180.28:9618?addrs=144.92.180.28-9618+[2607-f388-101c-1000--370]-9618&alias=login04.hep.wisc.edu&noUDP&sock=schedd_3631_2478>
...
040 (5380475.000.000) 2022-10-28 13:39:42 Started transferring input files
	Transferring to host: <144.92.180.117:9618?addrs=144.92.180.117-9618+[2607-f388-101c-1000--289]-9618&alias=g26n15.hep.wisc.edu&noUDP&sock=slot1_4_3521_9ce8_15262>
...
040 (5380475.000.000) 2022-10-28 13:39:42 Finished transferring input files
...
001 (5380475.000.000) 2022-10-28 13:39:43 Job executing on host: <144.92.180.117:9618?addrs=144.92.180.117-9618+[2607-f388-101c-1000--289]-9618&alias=g26n15.hep.wisc.edu&noUDP&sock=startd_3103_fa77>
...
006 (5380475.000.000) 2022-10-28 13:39:52 Image size of job updated: 516552
	89  -  MemoryUsage of job (MB)
	90820  -  ResidentSetSize of job (KB)
...
006 (5380475.000.000) 2022-10-28 13:44:33 Image size of job updated: 529272
	89  -  MemoryUsage of job (MB)
	90820  -  ResidentSetSize of job (KB)
...
040 (5380475.000.000) 2022-10-28 13:44:33 Started transferring output files
...
040 (5380475.000.000) 2022-10-28 13:44:35 Finished transferring output files
...
005 (5380475.000.000) 2022-10-28 13:44:40 Job terminated.
	(1) Normal termination (return value 0)
		Usr 0 00:00:03, Sys 0 00:00:29  -  Run Remote Usage
		Usr 0 00:00:00, Sys 0 00:00:00  -  Run Local Usage
		Usr 0 00:00:03, Sys 0 00:00:29  -  Total Remote Usage
		Usr 0 00:00:00, Sys 0 00:00:00  -  Total Local Usage
	9103  -  Run Bytes Sent By Job
	20102  -  Run Bytes Received By Job
	9103  -  Total Bytes Sent By Job
	20102  -  Total Bytes Received By Job
	Partitionable Resources :     Usage  Request Allocated 
	   Cpus                 :      0.07        1         1 
	   Disk (KB)            : 142787     8388608  18354222 
	   Memory (MB)          :     89       25600     26000 

	Job terminated of its own accord at 2022-10-28T18:44:33Z.
...
