000 (5380451.000.000) 2022-10-28 12:12:48 Job submitted from host: <144.92.180.28:9618?addrs=144.92.180.28-9618+[2607-f388-101c-1000--370]-9618&alias=login04.hep.wisc.edu&noUDP&sock=schedd_3631_2478>
...
040 (5380451.000.000) 2022-10-28 13:23:52 Started transferring input files
	Transferring to host: <144.92.180.114:9618?addrs=144.92.180.114-9618+[2607-f388-101c-1000--286]-9618&alias=g26n12.hep.wisc.edu&noUDP&sock=slot1_18_3606_80cc_13814>
...
040 (5380451.000.000) 2022-10-28 13:23:52 Finished transferring input files
...
001 (5380451.000.000) 2022-10-28 13:23:53 Job executing on host: <144.92.180.114:9618?addrs=144.92.180.114-9618+[2607-f388-101c-1000--286]-9618&alias=g26n12.hep.wisc.edu&noUDP&sock=startd_3080_33c9>
...
006 (5380451.000.000) 2022-10-28 13:24:01 Image size of job updated: 147368
	8  -  MemoryUsage of job (MB)
	7592  -  ResidentSetSize of job (KB)
...
006 (5380451.000.000) 2022-10-28 13:24:30 Image size of job updated: 477396
	8  -  MemoryUsage of job (MB)
	7592  -  ResidentSetSize of job (KB)
...
040 (5380451.000.000) 2022-10-28 13:24:30 Started transferring output files
...
040 (5380451.000.000) 2022-10-28 13:24:30 Finished transferring output files
...
005 (5380451.000.000) 2022-10-28 13:24:30 Job terminated.
	(1) Normal termination (return value 0)
		Usr 0 00:00:01, Sys 0 00:00:00  -  Run Remote Usage
		Usr 0 00:00:00, Sys 0 00:00:00  -  Run Local Usage
		Usr 0 00:00:01, Sys 0 00:00:00  -  Total Remote Usage
		Usr 0 00:00:00, Sys 0 00:00:00  -  Total Local Usage
	17346  -  Run Bytes Sent By Job
	27072  -  Run Bytes Received By Job
	17346  -  Total Bytes Sent By Job
	27072  -  Total Bytes Received By Job
	Partitionable Resources :    Usage  Request Allocated 
	   Cpus                 :                 1         1 
	   Disk (KB)            :      100  8388608  18349864 
	   Memory (MB)          :        8    25600     26000 

	Job terminated of its own accord at 2022-10-28T18:24:30Z.
...
