000 (5380621.000.000) 2022-10-28 12:15:42 Job submitted from host: <144.92.180.28:9618?addrs=144.92.180.28-9618+[2607-f388-101c-1000--370]-9618&alias=login04.hep.wisc.edu&noUDP&sock=schedd_3631_2478>
...
040 (5380621.000.000) 2022-10-28 13:57:37 Started transferring input files
	Transferring to host: <144.92.180.119:9618?addrs=144.92.180.119-9618+[2607-f388-101c-1000--291]-9618&alias=g26n17.hep.wisc.edu&noUDP&sock=slot1_8_3766_3cd2_15665>
...
040 (5380621.000.000) 2022-10-28 13:57:38 Finished transferring input files
...
001 (5380621.000.000) 2022-10-28 13:57:38 Job executing on host: <144.92.180.119:9618?addrs=144.92.180.119-9618+[2607-f388-101c-1000--291]-9618&alias=g26n17.hep.wisc.edu&noUDP&sock=startd_3073_669f>
...
006 (5380621.000.000) 2022-10-28 13:57:47 Image size of job updated: 256204
	88  -  MemoryUsage of job (MB)
	90016  -  ResidentSetSize of job (KB)
...
040 (5380621.000.000) 2022-10-28 13:57:48 Started transferring output files
...
040 (5380621.000.000) 2022-10-28 13:57:49 Finished transferring output files
...
005 (5380621.000.000) 2022-10-28 13:57:49 Job terminated.
	(1) Normal termination (return value 0)
		Usr 0 00:00:02, Sys 0 00:00:01  -  Run Remote Usage
		Usr 0 00:00:00, Sys 0 00:00:00  -  Run Local Usage
		Usr 0 00:00:02, Sys 0 00:00:01  -  Total Remote Usage
		Usr 0 00:00:00, Sys 0 00:00:00  -  Total Local Usage
	14559  -  Run Bytes Sent By Job
	24613  -  Run Bytes Received By Job
	14559  -  Total Bytes Sent By Job
	24613  -  Total Bytes Received By Job
	Partitionable Resources :    Usage  Request Allocated 
	   Cpus                 :                 1         1 
	   Disk (KB)            :    74437  8388608  18360017 
	   Memory (MB)          :       88    25600     26000 

	Job terminated of its own accord at 2022-10-28T18:57:48Z.
...
