000 (5380995.000.000) 2022-10-28 12:19:29 Job submitted from host: <144.92.180.28:9618?addrs=144.92.180.28-9618+[2607-f388-101c-1000--370]-9618&alias=login04.hep.wisc.edu&noUDP&sock=schedd_3631_2478>
...
040 (5380995.000.000) 2022-10-28 15:24:34 Started transferring input files
	Transferring to host: <144.92.180.114:9618?addrs=144.92.180.114-9618+[2607-f388-101c-1000--286]-9618&alias=g26n12.hep.wisc.edu&noUDP&sock=slot1_3_3606_80cc_14149>
...
040 (5380995.000.000) 2022-10-28 15:24:34 Finished transferring input files
...
001 (5380995.000.000) 2022-10-28 15:24:35 Job executing on host: <144.92.180.114:9618?addrs=144.92.180.114-9618+[2607-f388-101c-1000--286]-9618&alias=g26n12.hep.wisc.edu&noUDP&sock=startd_3080_33c9>
...
006 (5380995.000.000) 2022-10-28 15:24:43 Image size of job updated: 207280
	54  -  MemoryUsage of job (MB)
	55024  -  ResidentSetSize of job (KB)
...
006 (5380995.000.000) 2022-10-28 15:30:02 Image size of job updated: 524944
	55  -  MemoryUsage of job (MB)
	55420  -  ResidentSetSize of job (KB)
...
040 (5380995.000.000) 2022-10-28 15:30:05 Started transferring output files
...
040 (5380995.000.000) 2022-10-28 15:30:06 Finished transferring output files
...
005 (5380995.000.000) 2022-10-28 15:30:06 Job terminated.
	(1) Normal termination (return value 0)
		Usr 0 00:00:03, Sys 0 00:00:21  -  Run Remote Usage
		Usr 0 00:00:00, Sys 0 00:00:00  -  Run Local Usage
		Usr 0 00:00:03, Sys 0 00:00:21  -  Total Remote Usage
		Usr 0 00:00:00, Sys 0 00:00:00  -  Total Local Usage
	15270  -  Run Bytes Sent By Job
	25324  -  Run Bytes Received By Job
	15270  -  Total Bytes Sent By Job
	25324  -  Total Bytes Received By Job
	Partitionable Resources :    Usage  Request Allocated 
	   Cpus                 :     0.02        1         1 
	   Disk (KB)            :   106     8388608  18349864 
	   Memory (MB)          :    55       25600     26000 

	Job terminated of its own accord at 2022-10-28T20:30:02Z.
...
