000 (5380939.000.000) 2022-10-28 12:19:18 Job submitted from host: <144.92.180.28:9618?addrs=144.92.180.28-9618+[2607-f388-101c-1000--370]-9618&alias=login04.hep.wisc.edu&noUDP&sock=schedd_3631_2478>
...
040 (5380939.000.000) 2022-10-28 14:16:24 Started transferring input files
	Transferring to host: <144.92.180.122:9618?addrs=144.92.180.122-9618+[2607-f388-101c-1000--294]-9618&alias=g26n20.hep.wisc.edu&noUDP&sock=slot1_3_3561_cbea_16653>
...
040 (5380939.000.000) 2022-10-28 14:16:24 Finished transferring input files
...
001 (5380939.000.000) 2022-10-28 14:16:25 Job executing on host: <144.92.180.122:9618?addrs=144.92.180.122-9618+[2607-f388-101c-1000--294]-9618&alias=g26n20.hep.wisc.edu&noUDP&sock=startd_3035_5606>
...
006 (5380939.000.000) 2022-10-28 14:16:33 Image size of job updated: 242384
	88  -  MemoryUsage of job (MB)
	89924  -  ResidentSetSize of job (KB)
...
040 (5380939.000.000) 2022-10-28 14:16:37 Started transferring output files
...
040 (5380939.000.000) 2022-10-28 14:16:38 Finished transferring output files
...
005 (5380939.000.000) 2022-10-28 14:16:38 Job terminated.
	(1) Normal termination (return value 0)
		Usr 0 00:00:02, Sys 0 00:00:01  -  Run Remote Usage
		Usr 0 00:00:00, Sys 0 00:00:00  -  Run Local Usage
		Usr 0 00:00:02, Sys 0 00:00:01  -  Total Remote Usage
		Usr 0 00:00:00, Sys 0 00:00:00  -  Total Local Usage
	14669  -  Run Bytes Sent By Job
	24723  -  Run Bytes Received By Job
	14669  -  Total Bytes Sent By Job
	24723  -  Total Bytes Received By Job
	Partitionable Resources :    Usage  Request Allocated 
	   Cpus                 :                 1         1 
	   Disk (KB)            :   119062  8388608  18347456 
	   Memory (MB)          :       88    25600     26000 

	Job terminated of its own accord at 2022-10-28T19:16:37Z.
...
