000 (5380979.000.000) 2022-10-28 12:19:27 Job submitted from host: <144.92.180.28:9618?addrs=144.92.180.28-9618+[2607-f388-101c-1000--370]-9618&alias=login04.hep.wisc.edu&noUDP&sock=schedd_3631_2478>
...
040 (5380979.000.000) 2022-10-28 15:10:06 Started transferring input files
	Transferring to host: <144.92.180.84:9618?addrs=144.92.180.84-9618+[2607-f388-101c-1000--250]-9618&alias=g23n04.hep.wisc.edu&noUDP&sock=slot1_9_2898_a72f_20398>
...
040 (5380979.000.000) 2022-10-28 15:10:06 Finished transferring input files
...
001 (5380979.000.000) 2022-10-28 15:10:07 Job executing on host: <144.92.180.84:9618?addrs=144.92.180.84-9618+[2607-f388-101c-1000--250]-9618&alias=g23n04.hep.wisc.edu&noUDP&sock=startd_2260_c020>
...
006 (5380979.000.000) 2022-10-28 15:10:16 Image size of job updated: 186632
	61  -  MemoryUsage of job (MB)
	61760  -  ResidentSetSize of job (KB)
...
006 (5380979.000.000) 2022-10-28 15:20:32 Image size of job updated: 527332
	66  -  MemoryUsage of job (MB)
	66692  -  ResidentSetSize of job (KB)
...
040 (5380979.000.000) 2022-10-28 15:20:33 Started transferring output files
...
040 (5380979.000.000) 2022-10-28 15:20:33 Finished transferring output files
...
005 (5380979.000.000) 2022-10-28 15:20:33 Job terminated.
	(1) Normal termination (return value 0)
		Usr 0 00:00:09, Sys 0 00:02:13  -  Run Remote Usage
		Usr 0 00:00:00, Sys 0 00:00:00  -  Run Local Usage
		Usr 0 00:00:09, Sys 0 00:02:13  -  Total Remote Usage
		Usr 0 00:00:00, Sys 0 00:00:00  -  Total Local Usage
	16270  -  Run Bytes Sent By Job
	26324  -  Run Bytes Received By Job
	16270  -  Total Bytes Sent By Job
	26324  -  Total Bytes Received By Job
	Partitionable Resources :    Usage  Request Allocated 
	   Cpus                 :     0.20        1         1 
	   Disk (KB)            :   108     8388608  18533593 
	   Memory (MB)          :    66       25600     26000 

	Job terminated of its own accord at 2022-10-28T20:20:32Z.
...
