000 (5380761.000.000) 2022-10-28 12:17:44 Job submitted from host: <144.92.180.28:9618?addrs=144.92.180.28-9618+[2607-f388-101c-1000--370]-9618&alias=login04.hep.wisc.edu&noUDP&sock=schedd_3631_2478>
...
040 (5380761.000.000) 2022-10-28 14:07:59 Started transferring input files
	Transferring to host: <144.92.180.114:9618?addrs=144.92.180.114-9618+[2607-f388-101c-1000--286]-9618&alias=g26n12.hep.wisc.edu&noUDP&sock=slot1_3_3606_80cc_13935>
...
040 (5380761.000.000) 2022-10-28 14:07:59 Finished transferring input files
...
001 (5380761.000.000) 2022-10-28 14:08:00 Job executing on host: <144.92.180.114:9618?addrs=144.92.180.114-9618+[2607-f388-101c-1000--286]-9618&alias=g26n12.hep.wisc.edu&noUDP&sock=startd_3080_33c9>
...
006 (5380761.000.000) 2022-10-28 14:08:09 Image size of job updated: 517692
	1  -  MemoryUsage of job (MB)
	36  -  ResidentSetSize of job (KB)
...
040 (5380761.000.000) 2022-10-28 14:08:10 Started transferring output files
...
040 (5380761.000.000) 2022-10-28 14:08:12 Finished transferring output files
...
005 (5380761.000.000) 2022-10-28 14:08:12 Job terminated.
	(1) Normal termination (return value 0)
		Usr 0 00:00:02, Sys 0 00:00:01  -  Run Remote Usage
		Usr 0 00:00:00, Sys 0 00:00:00  -  Run Local Usage
		Usr 0 00:00:02, Sys 0 00:00:01  -  Total Remote Usage
		Usr 0 00:00:00, Sys 0 00:00:00  -  Total Local Usage
	14669  -  Run Bytes Sent By Job
	24723  -  Run Bytes Received By Job
	14669  -  Total Bytes Sent By Job
	24723  -  Total Bytes Received By Job
	Partitionable Resources :    Usage  Request Allocated 
	   Cpus                 :                 1         1 
	   Disk (KB)            :    81211  8388608  18349864 
	   Memory (MB)          :        1    25600     26000 

	Job terminated of its own accord at 2022-10-28T19:08:10Z.
...
