000 (5381032.000.000) 2022-10-28 12:19:40 Job submitted from host: <144.92.180.28:9618?addrs=144.92.180.28-9618+[2607-f388-101c-1000--370]-9618&alias=login04.hep.wisc.edu&noUDP&sock=schedd_3631_2478>
...
040 (5381032.000.000) 2022-10-28 15:51:10 Started transferring input files
	Transferring to host: <144.92.180.84:9618?addrs=144.92.180.84-9618+[2607-f388-101c-1000--250]-9618&alias=g23n04.hep.wisc.edu&noUDP&sock=slot1_9_2898_a72f_20485>
...
040 (5381032.000.000) 2022-10-28 15:51:10 Finished transferring input files
...
001 (5381032.000.000) 2022-10-28 15:51:11 Job executing on host: <144.92.180.84:9618?addrs=144.92.180.84-9618+[2607-f388-101c-1000--250]-9618&alias=g23n04.hep.wisc.edu&noUDP&sock=startd_2260_c020>
...
006 (5381032.000.000) 2022-10-28 15:51:20 Image size of job updated: 477248
	89  -  MemoryUsage of job (MB)
	91028  -  ResidentSetSize of job (KB)
...
006 (5381032.000.000) 2022-10-28 15:55:49 Image size of job updated: 520824
	89  -  MemoryUsage of job (MB)
	91028  -  ResidentSetSize of job (KB)
...
040 (5381032.000.000) 2022-10-28 15:55:49 Started transferring output files
...
040 (5381032.000.000) 2022-10-28 15:55:50 Finished transferring output files
...
005 (5381032.000.000) 2022-10-28 15:55:50 Job terminated.
	(1) Normal termination (return value 0)
		Usr 0 00:00:05, Sys 0 00:01:04  -  Run Remote Usage
		Usr 0 00:00:00, Sys 0 00:00:00  -  Run Local Usage
		Usr 0 00:00:05, Sys 0 00:01:04  -  Total Remote Usage
		Usr 0 00:00:00, Sys 0 00:00:00  -  Total Local Usage
	8405  -  Run Bytes Sent By Job
	19257  -  Run Bytes Received By Job
	8405  -  Total Bytes Sent By Job
	19257  -  Total Bytes Received By Job
	Partitionable Resources :     Usage  Request Allocated 
	   Cpus                 :      0.23        1         1 
	   Disk (KB)            : 111387     8388608  18533593 
	   Memory (MB)          :     89       25600     26000 

	Job terminated of its own accord at 2022-10-28T20:55:49Z.
...
