Error in <TBasket::TBasket::Streamer>: The value of fNevBufSize (-1379663432) or fIOBits (179) is incorrect ; setting the buffer to a zombie.
Error in <TBasket::Streamer>: The value of fKeylen is incorrect (-15104) ; trying to recover by setting it to zero
Error in <TBasket::Streamer>: The value of fNbytes is incorrect (-457324640) ; trying to recover by setting it to zero
Error in <TBasket::Streamer>: The value of fIOBits (00000000000000000000000000001000) contains unknown flags (supported flags are 00000000000000000000000000000001), indicating this was written with a newer version of ROOT utilizing critical IO features this version of ROOT does not support.  Refusing to deserialize.
Error in <TBasket::Streamer>: The value of fObjlen is incorrect (-627131149) ; trying to recover by setting it to zero
Error in <TBasket::TBasket::Streamer>: The value of fNevBufSize (-1530412040) or fIOBits (237) is incorrect ; setting the buffer to a zombie.
Error in <TBasket::Streamer>: The value of fObjlen is incorrect (-335544305) ; trying to recover by setting it to zero
Error in <TBasket::Streamer>: The value of fKeylen is incorrect (-13660) ; trying to recover by setting it to zero
Error in <TBasket::Streamer>: The value of fObjlen is incorrect (-1348226377) ; trying to recover by setting it to zero
Error in <TBasket::Streamer>: The value of fIOBits (00000000000000000000000001000110) contains unknown flags (supported flags are 00000000000000000000000000000001), indicating this was written with a newer version of ROOT utilizing critical IO features this version of ROOT does not support.  Refusing to deserialize.
Error in <TBasket::Streamer>: The value of fObjlen is incorrect (-207245111) ; trying to recover by setting it to zero
Error in <TBasket::Streamer>: The value of fNbytes is incorrect (-147139402) ; trying to recover by setting it to zero
Error in <TBasket::TBasket::Streamer>: The value of fNevBufSize (-172505860) or fIOBits (136) is incorrect ; setting the buffer to a zombie.
Error in <TBasket::Streamer>: The value of fObjlen is incorrect (-1430262735) ; trying to recover by setting it to zero
Error in <TBasket::Streamer>: The value of fNbytes is incorrect (-1101436984) ; trying to recover by setting it to zero
Error in <TBasket::TBasket::Streamer>: The value of fNevBufSize (-2074313321) or fIOBits (200) is incorrect ; setting the buffer to a zombie.
Error in <TBasket::Streamer>: The value of fKeylen is incorrect (-23435) ; trying to recover by setting it to zero
Error in <TBasket::Streamer>: The value of fObjlen is incorrect (-1466443946) ; trying to recover by setting it to zero
Error in <TBasket::Streamer>: The value of fNbytes is incorrect (-1254737192) ; trying to recover by setting it to zero
Error in <TBasket::Streamer>: The value of fIOBits (00000000000000000000000000000111) contains unknown flags (supported flags are 00000000000000000000000000000001), indicating this was written with a newer version of ROOT utilizing critical IO features this version of ROOT does not support.  Refusing to deserialize.
Error in <TBasket::Streamer>: The value of fObjlen is incorrect (-1219240983) ; trying to recover by setting it to zero
Error in <TBasket::Streamer>: The value of fKeylen is incorrect (-8449) ; trying to recover by setting it to zero
Error in <TBasket::Streamer>: The value of fNbytes is incorrect (-275817266) ; trying to recover by setting it to zero
Error in <TBasket::Streamer>: The value of fKeylen is incorrect (-10452) ; trying to recover by setting it to zero
Error in <TBasket::Streamer>: The value of fObjlen is incorrect (-651564248) ; trying to recover by setting it to zero
Error in <TBasket::Streamer>: The value of fNbytes is incorrect (-282113308) ; trying to recover by setting it to zero
Error in <TBasket::Streamer>: The value of fKeylen is incorrect (-15286) ; trying to recover by setting it to zero
Error in <TBasket::Streamer>: The value of fObjlen is incorrect (-1628912674) ; trying to recover by setting it to zero
Error in <TBasket::Streamer>: The value of fKeylen is incorrect (-13129) ; trying to recover by setting it to zero
Error in <TBasket::Streamer>: The value of fObjlen is incorrect (-1093763949) ; trying to recover by setting it to zero
Error in <TBasket::Streamer>: The value of fNbytes is incorrect (-1751601360) ; trying to recover by setting it to zero
Error in <TBasket::Streamer>: The value of fKeylen is incorrect (-12202) ; trying to recover by setting it to zero
Error in <TBasket::Streamer>: The value of fNbytes is incorrect (-696425461) ; trying to recover by setting it to zero
Error in <TBasket::TBasket::Streamer>: The value of fNevBufSize (-244206644) or fIOBits (206) is incorrect ; setting the buffer to a zombie.
*** Error in `hadd': malloc(): memory corruption: 0x000000000527ca10 ***
======= Backtrace: =========
/lib64/libc.so.6(+0x82b36)[0x14c39b96db36]
/lib64/libc.so.6(__libc_malloc+0x4c)[0x14c39b97078c]
/cvmfs/cms.cern.ch/slc7_amd64_gcc10/external/gcc/10.3.0-84898dea653199466402e67d73657f10/lib64/libstdc++.so.6(_Znwm+0x15)[0x14c39c061125]
/cvmfs/cms.cern.ch/slc7_amd64_gcc10/cms/cmssw/CMSSW_12_3_5/external/slc7_amd64_gcc10/lib/libCore.so(ErrorHandler+0x1e2)[0x14c39c624b82]
/cvmfs/cms.cern.ch/slc7_amd64_gcc10/cms/cmssw/CMSSW_12_3_5/external/slc7_amd64_gcc10/lib/libCore.so(_Z5BreakPKcS0_z+0x98)[0x14c39c625358]
/cvmfs/cms.cern.ch/slc7_amd64_gcc10/cms/cmssw/CMSSW_12_3_5/external/slc7_amd64_gcc10/lib/libCore.so(_ZN11TUnixSystem15DispatchSignalsE8ESignals+0x1b8)[0x14c39c697d18]
/lib64/libpthread.so.0(+0xf630)[0x14c39c198630]
/cvmfs/cms.cern.ch/slc7_amd64_gcc10/cms/cmssw/CMSSW_12_3_5/external/slc7_amd64_gcc10/lib/libRIO.so(_ZN11TBufferFile9ReadArrayERPi+0x80)[0x14c39c97de50]
/cvmfs/cms.cern.ch/slc7_amd64_gcc10/cms/cmssw/CMSSW_12_3_5/external/slc7_amd64_gcc10/lib/libTree.so(_ZN7TBasket8StreamerER7TBuffer+0x1a2)[0x14c39d7459d2]
/cvmfs/cms.cern.ch/slc7_amd64_gcc10/cms/cmssw/CMSSW_12_3_5/external/slc7_amd64_gcc10/lib/libTree.so(_ZN7TBasket17LoadBasketBuffersExiP5TFileP5TTree+0x250)[0x14c39d743db0]
/cvmfs/cms.cern.ch/slc7_amd64_gcc10/cms/cmssw/CMSSW_12_3_5/external/slc7_amd64_gcc10/lib/libTree.so(_ZN11TTreeCloner12WriteBasketsEv+0xa1)[0x14c39d7b63b1]
/cvmfs/cms.cern.ch/slc7_amd64_gcc10/cms/cmssw/CMSSW_12_3_5/external/slc7_amd64_gcc10/lib/libTree.so(_ZN11TTreeCloner4ExecEv+0x60)[0x14c39d7b7d80]
/cvmfs/cms.cern.ch/slc7_amd64_gcc10/cms/cmssw/CMSSW_12_3_5/external/slc7_amd64_gcc10/lib/libTree.so(_ZN5TTree11CopyEntriesEPS_xPKcb+0x2d6)[0x14c39d7cb726]
/cvmfs/cms.cern.ch/slc7_amd64_gcc10/cms/cmssw/CMSSW_12_3_5/external/slc7_amd64_gcc10/lib/libTree.so(_ZN5TTree5MergeEP11TCollectionP14TFileMergeInfo+0xc7)[0x14c39d7cb0f7]
/cvmfs/cms.cern.ch/slc7_amd64_gcc10/cms/cmssw/CMSSW_12_3_5/external/slc7_amd64_gcc10/lib/libRIO.so(_ZN11TFileMerger8MergeOneEP10TDirectoryP5TListiR14TFileMergeInfoR7TStringR9THashListRbSA_RKS6_S1_P5TFileP4TKeyP7TObjectR5TIter+0x1606)[0x14c39c9dfd46]
/cvmfs/cms.cern.ch/slc7_amd64_gcc10/cms/cmssw/CMSSW_12_3_5/external/slc7_amd64_gcc10/lib/libRIO.so(_ZN11TFileMerger14MergeRecursiveEP10TDirectoryP5TListi+0x552)[0x14c39c9e2012]
/cvmfs/cms.cern.ch/slc7_amd64_gcc10/cms/cmssw/CMSSW_12_3_5/external/slc7_amd64_gcc10/lib/libRIO.so(_ZN11TFileMerger12PartialMergeEi+0xc9)[0x14c39c9e13d9]
hadd(main+0x703)[0x405193]
/lib64/libc.so.6(__libc_start_main+0xf5)[0x14c39b90d555]
hadd[0x406f80]
======= Memory map: ========
00400000-00404000 r--p 00000000 00:35 203811724                          /cvmfs/cms.cern.ch/slc7_amd64_gcc10/lcg/root/6.24.07-6b24df5a7040a677b8f0d27957c7cb74/bin/hadd
00404000-0040b000 r-xp 00004000 00:35 203811724                          /cvmfs/cms.cern.ch/slc7_amd64_gcc10/lcg/root/6.24.07-6b24df5a7040a677b8f0d27957c7cb74/bin/hadd
0040b000-0040e000 r--p 0000b000 00:35 203811724                          /cvmfs/cms.cern.ch/slc7_amd64_gcc10/lcg/root/6.24.07-6b24df5a7040a677b8f0d27957c7cb74/bin/hadd
0040e000-0040f000 r--p 0000d000 00:35 203811724                          /cvmfs/cms.cern.ch/slc7_amd64_gcc10/lcg/root/6.24.07-6b24df5a7040a677b8f0d27957c7cb74/bin/hadd
0040f000-00410000 rw-p 0000e000 00:35 203811724                          /cvmfs/cms.cern.ch/slc7_amd64_gcc10/lcg/root/6.24.07-6b24df5a7040a677b8f0d27957c7cb74/bin/hadd
01db6000-05429000 rw-p 00000000 00:00 0                                  [heap]
14bf12a42000-14bf8957c000 rw-p 00000000 00:00 0 
14c084000000-14c084021000 rw-p 00000000 00:00 0 
14c084021000-14c088000000 ---p 00000000 00:00 0 
14c08bf87000-14c3822ad000 rw-p 00000000 00:00 0 
14c3822ad000-14c3822af000 r-xp 00000000 fd:00 657605                     /usr/lib64/libfreebl3.so
14c3822af000-14c3824ae000 ---p 00002000 fd:00 657605                     /usr/lib64/libfreebl3.so
14c3824ae000-14c3824af000 r--p 00001000 fd:00 657605                     /usr/lib64/libfreebl3.so
14c3824af000-14c3824b0000 rw-p 00002000 fd:00 657605                     /usr/lib64/libfreebl3.so
14c3824b0000-14c3824b8000 r-xp 00000000 fd:00 665597                     /usr/lib64/libcrypt-2.17.so
14c3824b8000-14c3826b7000 ---p 00008000 fd:00 665597                     /usr/lib64/libcrypt-2.17.so
14c3826b7000-14c3826b8000 r--p 00007000 fd:00 665597                     /usr/lib64/libcrypt-2.17.so
14c3826b8000-14c3826b9000 rw-p 00008000 fd:00 665597                     /usr/lib64/libcrypt-2.17.so
14c3826b9000-14c3826e7000 rw-p 00000000 00:00 0 
14c3826e7000-14c38270c000 r--p 00000000 00:35 204225590                  /cvmfs/cms.cern.ch/slc7_amd64_gcc10/cms/cmssw/CMSSW_12_3_5/lib/slc7_amd64_gcc10/libDataFormatsStdDictionaries.so
14c38270c000-14c38274f000 r-xp 00025000 00:35 204225590                  /cvmfs/cms.cern.ch/slc7_amd64_gcc10/cms/cmssw/CMSSW_12_3_5/lib/slc7_amd64_gcc10/libDataFormatsStdDictionaries.so
14c38274f000-14c382783000 r--p 00068000 00:35 204225590                  /cvmfs/cms.cern.ch/slc7_amd64_gcc10/cms/cmssw/CMSSW_12_3_5/lib/slc7_amd64_gcc10/libDataFormatsStdDictionaries.so
14c382783000-14c382784000 ---p 0009c000 00:35 204225590                  /cvmfs/cms.cern.ch/slc7_amd64_gcc10/cms/cmssw/CMSSW_12_3_5/lib/slc7_amd64_gcc10/libDataFormatsStdDictionaries.so
14c382784000-14c382789000 r--p 0009c000 00:35 204225590                  /cvmfs/cms.cern.ch/slc7_amd64_gcc10/cms/cmssw/CMSSW_12_3_5/lib/slc7_amd64_gcc10/libDataFormatsStdDictionaries.so
14c382789000-14c38278a000 rw-p 000a1000 00:35 204225590                  /cvmfs/cms.cern.ch/slc7_amd64_gcc10/cms/cmssw/CMSSW_12_3_5/lib/slc7_amd64_gcc10/libDataFormatsStdDictionaries.so
14c38278a000-14c382798000 rw-p 00000000 00:00 0 
14c382798000-14c382806000 r--p 00000000 00:35 203815074                  /cvmfs/cms.cern.ch/slc7_amd64_gcc10/lcg/root/6.24.07-6b24df5a7040a677b8f0d27957c7cb74/lib/libTreePlayer.so
14c382806000-14c3828dc000 r-xp 0006e000 00:35 203815074                  /cvmfs/cms.cern.ch/slc7_amd64_gcc10/lcg/root/6.24.07-6b24df5a7040a677b8f0d27957c7cb74/lib/libTreePlayer.so
14c3828dc000-14c38291e000 r--p 00144000 00:35 203815074                  /cvmfs/cms.cern.ch/slc7_amd64_gcc10/lcg/root/6.24.07-6b24df5a7040a677b8f0d27957c7cb74/lib/libTreePlayer.so
14c38291e000-14c38291f000 ---p 00186000 00:35 203815074                  /cvmfs/cms.cern.ch/slc7_amd64_gcc10/lcg/root/6.24.07-6b24df5a7040a677b8f0d27957c7cb74/lib/libTreePlayer.so
14c38291f000-14c38292a000 r--p 00186000 00:35 203815074                  /cvmfs/cms.cern.ch/slc7_amd64_gcc10/lcg/root/6.24.07-6b24df5a7040a677b8f0d27957c7cb74/lib/libTreePlayer.so
14c38292a000-14c38292d000 rw-p 00191000 00:35 203815074                  /cvmfs/cms.cern.ch/slc7_amd64_gcc10/lcg/root/6.24.07-6b24df5a7040a677b8f0d27957c7cb74/lib/libTreePlayer.so
14c38292d000-14c382933000 rw-p 00000000 00:00 0 
14c382933000-14c382955000 r-xp 00000000 fd:00 658392                     /usr/lib64/ld-2.17.so
14c382955000-14c382b54000 ---p 00022000 fd:00 658392                     /usr/lib64/ld-2.17.so
14c382b54000-14c382b55000 r--p 00021000 fd:00 658392                     /usr/lib64/ld-2.17.so
14c382b55000-14c382b56000 rw-p 00022000 fd:00 658392                     /usr/lib64/ld-2.17.so
14c382b56000-14c382b57000 rw-p 00000000 00:00 0 
14c382b57000-14c382c06000 r--p 00000000 00:35 203814316                  /cvmfs/cms.cern.ch/slc7_amd64_gcc10/lcg/root/6.24.07-6b24df5a7040a677b8f0d27957c7cb74/lib/SessionViewer.pcm
14c382c06000-14c382d1f000 r--p 00000000 00:35 203814341                  /cvmfs/cms.cern.ch/slc7_amd64_gcc10/lcg/root/6.24.07-6b24df5a7040a677b8f0d27957c7cb74/lib/ROOTFitPanelv7.pcm
14c382d1f000-14c382e31000 r--p 00000000 00:35 203814276                  /cvmfs/cms.cern.ch/slc7_amd64_gcc10/lcg/root/6.24.07-6b24df5a7040a677b8f0d27957c7cb74/lib/ROOTGraphicsPrimitives.pcm
14c382e31000-14c382ea3000 r--p 00000000 00:35 203816459                  /cvmfs/cms.cern.ch/slc7_amd64_gcc10/lcg/root/6.24.07-6b24df5a7040a677b8f0d27957c7cb74/lib/ROOTTPython.pcm
14c382ea3000-14c3830fd000 r--p 00000000 00:35 203812745                  /cvmfs/cms.cern.ch/slc7_amd64_gcc10/lcg/root/6.24.07-6b24df5a7040a677b8f0d27957c7cb74/lib/WebGui6.pcm
14c3830fd000-14c383186000 r--p 00000000 00:35 203812738                  /cvmfs/cms.cern.ch/slc7_amd64_gcc10/lcg/root/6.24.07-6b24df5a7040a677b8f0d27957c7cb74/lib/Gviz3d.pcm
14c383186000-14c38321f000 r--p 00000000 00:35 203814284                  /cvmfs/cms.cern.ch/slc7_amd64_gcc10/lcg/root/6.24.07-6b24df5a7040a677b8f0d27957c7cb74/lib/ProofBench.pcm
14c38321f000-14c38335c000 r--p 00000000 00:35 203812012                  /cvmfs/cms.cern.ch/slc7_amd64_gcc10/lcg/root/6.24.07-6b24df5a7040a677b8f0d27957c7cb74/lib/Gdml.pcm
14c38335c000-14c3833d1000 r--p 00000000 00:35 203810494                  /cvmfs/cms.cern.ch/slc7_amd64_gcc10/lcg/root/6.24.07-6b24df5a7040a677b8f0d27957c7cb74/lib/ASImageGui.pcm
14c3833d1000-14c383450000 r--p 00000000 00:35 203814710                  /cvmfs/cms.cern.ch/slc7_amd64_gcc10/lcg/root/6.24.07-6b24df5a7040a677b8f0d27957c7cb74/lib/RootAuth.pcm
14c383450000-14c3834dd000 r--p 00000000 00:35 203818051                  /cvmfs/cms.cern.ch/slc7_amd64_gcc10/lcg/root/6.24.07-6b24df5a7040a677b8f0d27957c7cb74/lib/NetxNG.pcm
14c3834dd000-14c3837ad000 r--p 00000000 00:35 203817089                  /cvmfs/cms.cern.ch/slc7_amd64_gcc10/lcg/root/6.24.07-6b24df5a7040a677b8f0d27957c7cb74/lib/GenVector.pcm
14c3837ad000-14c383bad000 r--p 00000000 00:35 203814628                  /cvmfs/cms.cern.ch/slc7_amd64_gcc10/lcg/root/6.24.07-6b24df5a7040a677b8f0d27957c7cb74/lib/Minuit2.pcm
14c383bad000-14c383c26000 r--p 00000000 00:35 203816436                  /cvmfs/cms.cern.ch/slc7_amd64_gcc10/lcg/root/6.24.07-6b24df5a7040a677b8f0d27957c7cb74/lib/SpectrumPainter.pcm
14c383c26000-14c384068000 r--p 00000000 00:35 203818061                  /cvmfs/cms.cern.ch/slc7_amd64_gcc10/lcg/root/6.24.07-6b24df5a7040a677b8f0d27957c7cb74/lib/ROOTHist.pcm
14c384068000-14c3844d7000 r--p 00000000 00:35 203815293                  /cvmfs/cms.cern.ch/slc7_amd64_gcc10/lcg/root/6.24.07-6b24df5a7040a677b8f0d27957c7cb74/lib/ROOTHistDraw.pcm
14c3844d7000-14c384ca6000 r--p 00000000 00:35 203818066                  /cvmfs/cms.cern.ch/slc7_amd64_gcc10/lcg/root/6.24.07-6b24df5a7040a677b8f0d27957c7cb74/lib/ROOTGpadv7.pcm
14c384ca6000-14c385a64000 r--p 00000000 00:35 203818060                  /cvmfs/cms.cern.ch/slc7_amd64_gcc10/lcg/root/6.24.07-6b24df5a7040a677b8f0d27957c7cb74/lib/ROOTEve.pcm
14c385a64000-14c387777000 rw-p 00000000 00:00 0 
14c387777000-14c387b25000 r--p 00000000 00:35 203815958                  /cvmfs/cms.cern.ch/slc7_amd64_gcc10/lcg/root/6.24.07-6b24df5a7040a677b8f0d27957c7cb74/lib/RooStats.pcm
14c387b25000-14c387e08000 r--p 00000000 00:35 203817009                  /cvmfs/cms.cern.ch/slc7_amd64_gcc10/lcg/root/6.24.07-6b24df5a7040a677b8f0d27957c7cb74/lib/Smatrix.pcm
14c387e08000-14c3890cb000 r--p 00000000 00:35 203818057                  /cvmfs/cms.cern.ch/slc7_amd64_gcc10/lcg/root/6.24.07-6b24df5a7040a677b8f0d27957c7cb74/lib/RooFitCore.pcm
14c3890cb000-14c38a0e5000 r--p 00000000 00:35 203818050                  /cvmfs/cms.cern.ch/slc7_amd64_gcc10/lcg/root/6.24.07-6b24df5a7040a677b8f0d27957c7cb74/lib/RooFit.pcm
14c38a0e5000-14c38a473000 r--p 00000000 00:35 203813021                  /cvmfs/cms.cern.ch/slc7_amd64_gcc10/lcg/root/6.24.07-6b24df5a7040a677b8f0d27957c7cb74/lib/HistFactory.pcm
14c38a473000-14c38a9ba000 rw-p 00000000 00:00 0 
14c38a9ba000-14c38af26000 r--p 00000000 00:35 203814310                  /cvmfs/cms.cern.ch/slc7_amd64_gcc10/lcg/root/6.24.07-6b24df5a7040a677b8f0d27957c7cb74/lib/RGL.pcm
14c38af26000-14c38b28a000 r--p 00000000 00:35 203814315                  /cvmfs/cms.cern.ch/slc7_amd64_gcc10/lcg/root/6.24.07-6b24df5a7040a677b8f0d27957c7cb74/lib/Geom.pcm
14c38b28a000-14c38b384000 r--p 00000000 00:35 203812709                  /cvmfs/cms.cern.ch/slc7_amd64_gcc10/lcg/root/6.24.07-6b24df5a7040a677b8f0d27957c7cb74/lib/Ged.pcm
14c38b384000-14c38b443000 r--p 00000000 00:35 203812760                  /cvmfs/cms.cern.ch/slc7_amd64_gcc10/lcg/root/6.24.07-6b24df5a7040a677b8f0d27957c7cb74/lib/Physics.pcm
14c38b443000-14c38b4dc000 r--p 00000000 00:35 203814289                  /cvmfs/cms.cern.ch/slc7_amd64_gcc10/lcg/root/6.24.07-6b24df5a7040a677b8f0d27957c7cb74/lib/EG.pcm
14c38b4dc000-14c38ba49000 r--p 00000000 00:35 203812703                  /cvmfs/cms.cern.ch/slc7_amd64_gcc10/lcg/root/6.24.07-6b24df5a7040a677b8f0d27957c7cb74/lib/Eve.pcm
14c38ba49000-14c38bac2000 r--p 00000000 00:35 203812717                  /cvmfs/cms.cern.ch/slc7_amd64_gcc10/lcg/root/6.24.07-6b24df5a7040a677b8f0d27957c7cb74/lib/Genetic.pcm
14c38baeb000-14c38bb6a000 r--p 00000000 00:35 203814252                  /cvmfs/cms.cern.ch/slc7_amd64_gcc10/lcg/root/6.24.07-6b24df5a7040a677b8f0d27957c7cb74/lib/ASImage.pcm
14c38bb6a000-14c38bbe7000 r--p 00000000 00:35 203814266                  /cvmfs/cms.cern.ch/slc7_amd64_gcc10/lcg/root/6.24.07-6b24df5a7040a677b8f0d27957c7cb74/lib/GX11.pcm
14c38bbe7000-14c38bc59000 r--p 00000000 00:35 203817353                  /cvmfs/cms.cern.ch/slc7_amd64_gcc10/lcg/root/6.24.07-6b24df5a7040a677b8f0d27957c7cb74/lib/GX11TTF.pcm
14c38bc59000-14c38bd01000 r--p 00000000 00:35 203814271                  /cvmfs/cms.cern.ch/slc7_amd64_gcc10/lcg/root/6.24.07-6b24df5a7040a677b8f0d27957c7cb74/lib/SQLIO.pcm
14c38bd01000-14c38bd93000 r--p 00000000 00:35 203814343                  /cvmfs/cms.cern.ch/slc7_amd64_gcc10/lcg/root/6.24.07-6b24df5a7040a677b8f0d27957c7cb74/lib/GuiBld.pcm
14c38bd93000-14c38be0e000 r--p 00000000 00:35 203814237                  /cvmfs/cms.cern.ch/slc7_amd64_gcc10/lcg/root/6.24.07-6b24df5a7040a677b8f0d27957c7cb74/lib/FFTW.pcm
14c38be0e000-14c38bea0000 r--p 00000000 00:35 203813012                  /cvmfs/cms.cern.ch/slc7_amd64_gcc10/lcg/root/6.24.07-6b24df5a7040a677b8f0d27957c7cb74/lib/Recorder.pcm
14c38bea0000-14c38bf84000 r--p 00000000 00:35 203814312                  /cvmfs/cms.cern.ch/slc7_amd64_gcc10/lcg/root/6.24.07-6b24df5a7040a677b8f0d27957c7cb74/lib/GeomBuilder.pcm
14c38bf84000-14c38bff9000 r--p 00000000 00:35 203818059                  /cvmfs/cms.cern.ch/slc7_amd64_gcc10/lcg/root/6.24.07-6b24df5a7040a677b8f0d27957c7cb74/lib/SPlot.pcm
14c38bff9000-14c38c06f000 r--p 00000000 00:35 203811785                  /cvmfs/cms.cern.ch/slc7_amd64_gcc10/lcg/root/6.24.07-6b24df5a7040a677b8f0d27957c7cb74/lib/X3d.pcm
14c38c06f000-14c38c1b5000 r--p 00000000 00:35 203811555                  /cvmfs/cms.cern.ch/slc7_amd64_gcc10/lcg/root/6.24.07-6b24df5a7040a677b8f0d27957c7cb74/lib/MathMore.pcm
14c38c1b5000-14c38c23b000 r--p 00000000 00:35 203814314                  /cvmfs/cms.cern.ch/slc7_amd64_gcc10/lcg/root/6.24.07-6b24df5a7040a677b8f0d27957c7cb74/lib/RooFitMore.pcm
14c38c23b000-14c38c2b4000 r--p 00000000 00:35 203812725                  /cvmfs/cms.cern.ch/slc7_amd64_gcc10/lcg/root/6.24.07-6b24df5a7040a677b8f0d27957c7cb74/lib/Fumili.pcm
14c38c2b4000-14c38c3ec000 r--p 00000000 00:35 203817188                  /cvmfs/cms.cern.ch/slc7_amd64_gcc10/lcg/root/6.24.07-6b24df5a7040a677b8f0d27957c7cb74/lib/ROOTBrowserv7.pcm
14c38c3ec000-14c38c5b4000 r--p 00000000 00:35 203817196                  /cvmfs/cms.cern.ch/slc7_amd64_gcc10/lcg/root/6.24.07-6b24df5a7040a677b8f0d27957c7cb74/lib/ROOTWebDisplay.pcm
14c38c5b4000-14c38c649000 r--p 00000000 00:35 203818052                  /cvmfs/cms.cern.ch/slc7_amd64_gcc10/lcg/root/6.24.07-6b24df5a7040a677b8f0d27957c7cb74/lib/Postscript.pcm
14c38c649000-14c38c6e4000 r--p 00000000 00:35 203810497                  /cvmfs/cms.cern.ch/slc7_amd64_gcc10/lcg/root/6.24.07-6b24df5a7040a677b8f0d27957c7cb74/lib/TMVAGui.pcm
14c38c6e4000-14c38c782000 r--p 00000000 00:35 203818033                  /cvmfs/cms.cern.ch/slc7_amd64_gcc10/lcg/root/6.24.07-6b24df5a7040a677b8f0d27957c7cb74/lib/GuiHtml.pcm
14c38c782000-14c38c7fa000 r--p 00000000 00:35 203816446                  /cvmfs/cms.cern.ch/slc7_amd64_gcc10/lcg/root/6.24.07-6b24df5a7040a677b8f0d27957c7cb74/lib/DCache.pcm
14c38c7fa000-14c38c98a000 r--p 00000000 00:35 203818045                  /cvmfs/cms.cern.ch/slc7_amd64_gcc10/lcg/root/6.24.07-6b24df5a7040a677b8f0d27957c7cb74/lib/Html.pcm
14c38c98a000-14c38d6cb000 r--p 00000000 00:35 203818063                  /cvmfs/cms.cern.ch/slc7_amd64_gcc10/lcg/root/6.24.07-6b24df5a7040a677b8f0d27957c7cb74/lib/ROOTNTuple.pcm
14c38d6cb000-14c38d978000 r--p 00000000 00:35 203814295                  /cvmfs/cms.cern.ch/slc7_amd64_gcc10/lcg/root/6.24.07-6b24df5a7040a677b8f0d27957c7cb74/lib/ROOTVecOps.pcm
14c38d978000-14c38e53e000 r--p 00000000 00:35 203814342                  /cvmfs/cms.cern.ch/slc7_amd64_gcc10/lcg/root/6.24.07-6b24df5a7040a677b8f0d27957c7cb74/lib/ROOTDataFrame.pcm
14c38e53e000-14c38e5c1000 r--p 00000000 00:35 203813659                  /cvmfs/cms.cern.ch/slc7_amd64_gcc10/lcg/root/6.24.07-6b24df5a7040a677b8f0d27957c7cb74/lib/MLP.pcm
14c38e5c1000-14c38e653000 r--p 00000000 00:35 203815180                  /cvmfs/cms.cern.ch/slc7_amd64_gcc10/lcg/root/6.24.07-6b24df5a7040a677b8f0d27957c7cb74/lib/Minuit.pcm
14c38e653000-14c38e72e000 r--p 00000000 00:35 203817501                  /cvmfs/cms.cern.ch/slc7_amd64_gcc10/lcg/root/6.24.07-6b24df5a7040a677b8f0d27957c7cb74/lib/Graf3d.pcm
14c38e72e000-14c38ebe8000 r--p 00000000 00:35 203817244                  /cvmfs/cms.cern.ch/slc7_amd64_gcc10/lcg/root/6.24.07-6b24df5a7040a677b8f0d27957c7cb74/lib/TreePlayer.pcm
14c38ebe8000-14c38fd70000 r--p 00000000 00:35 203818072                  /cvmfs/cms.cern.ch/slc7_amd64_gcc10/lcg/root/6.24.07-6b24df5a7040a677b8f0d27957c7cb74/lib/TMVA.pcm
14c38fd70000-14c38fe07000 r--p 00000000 00:35 203812762                  /cvmfs/cms.cern.ch/slc7_amd64_gcc10/lcg/root/6.24.07-6b24df5a7040a677b8f0d27957c7cb74/lib/PyMVA.pcm
14c38fe07000-14c38ff1e000 r--p 00000000 00:35 203812704                  /cvmfs/cms.cern.ch/slc7_amd64_gcc10/lcg/root/6.24.07-6b24df5a7040a677b8f0d27957c7cb74/lib/XMLIO.pcm
14c38ff1e000-14c390193000 r--p 00000000 00:35 203812694                  /cvmfs/cms.cern.ch/slc7_amd64_gcc10/lcg/root/6.24.07-6b24df5a7040a677b8f0d27957c7cb74/lib/Tree.pcm
14c390193000-14c390326000 r--p 00000000 00:35 203816411                  /cvmfs/cms.cern.ch/slc7_amd64_gcc10/lcg/root/6.24.07-6b24df5a7040a677b8f0d27957c7cb74/lib/RHTTP.pcm
14c390326000-14c39042d000 r--p 00000000 00:35 203814319                  /cvmfs/cms.cern.ch/slc7_amd64_gcc10/lcg/root/6.24.07-6b24df5a7040a677b8f0d27957c7cb74/lib/Graf.pcm
14c39042d000-14c39050b000 r--p 00000000 00:35 203812749                  /cvmfs/cms.cern.ch/slc7_amd64_gcc10/lcg/root/6.24.07-6b24df5a7040a677b8f0d27957c7cb74/lib/Gpad.pcm
14c39050b000-14c390ab0000 r--p 00000000 00:35 203818018                  /cvmfs/cms.cern.ch/slc7_amd64_gcc10/lcg/root/6.24.07-6b24df5a7040a677b8f0d27957c7cb74/lib/Hist.pcm
14c390ab7000-14c390b24000 r--p 00000000 00:35 203818058                  /cvmfs/cms.cern.ch/slc7_amd64_gcc10/lcg/root/6.24.07-6b24df5a7040a677b8f0d27957c7cb74/lib/RCsg.pcm
14c390b24000-14c390bc2000 r--p 00000000 00:35 203814309                  /cvmfs/cms.cern.ch/slc7_amd64_gcc10/lcg/root/6.24.07-6b24df5a7040a677b8f0d27957c7cb74/lib/Quadp.pcm
14c390bc2000-14c390d53000 r--p 00000000 00:35 203812761                  /cvmfs/cms.cern.ch/slc7_amd64_gcc10/lcg/root/6.24.07-6b24df5a7040a677b8f0d27957c7cb74/lib/Proof.pcm
14c390d53000-14c390e16000 r--p 00000000 00:35 203818053                  /cvmfs/cms.cern.ch/slc7_amd64_gcc10/lcg/root/6.24.07-6b24df5a7040a677b8f0d27957c7cb74/lib/ProofPlayer.pcm
14c390e16000-14c390efd000 r--p 00000000 00:35 203818056                  /cvmfs/cms.cern.ch/slc7_amd64_gcc10/lcg/root/6.24.07-6b24df5a7040a677b8f0d27957c7cb74/lib/ProofDraw.pcm
14c390efd000-14c39126e000 r--p 00000000 00:35 203818031                  /cvmfs/cms.cern.ch/slc7_amd64_gcc10/lcg/root/6.24.07-6b24df5a7040a677b8f0d27957c7cb74/lib/Gui.pcm
14c39126e000-14c39131b000 r--p 00000000 00:35 203814302                  /cvmfs/cms.cern.ch/slc7_amd64_gcc10/lcg/root/6.24.07-6b24df5a7040a677b8f0d27957c7cb74/lib/FitPanel.pcm
14c39131b000-14c391436000 r--p 00000000 00:35 203818049                  /cvmfs/cms.cern.ch/slc7_amd64_gcc10/lcg/root/6.24.07-6b24df5a7040a677b8f0d27957c7cb74/lib/Net.pcm
14c391436000-14c391607000 r--p 00000000 00:35 203811230                  /cvmfs/cms.cern.ch/slc7_amd64_gcc10/lcg/root/6.24.07-6b24df5a7040a677b8f0d27957c7cb74/lib/Imt.pcm
14c391607000-14c391f1a000 r--p 00000000 00:35 203818048                  /cvmfs/cms.cern.ch/slc7_amd64_gcc10/lcg/root/6.24.07-6b24df5a7040a677b8f0d27957c7cb74/lib/MathCore.pcm
14c391f1a000-14c3920a9000 r--p 00000000 00:35 203814291                  /cvmfs/cms.cern.ch/slc7_amd64_gcc10/lcg/root/6.24.07-6b24df5a7040a677b8f0d27957c7cb74/lib/Thread.pcm
14c3920a9000-14c3923f2000 r--p 00000000 00:35 203812214                  /cvmfs/cms.cern.ch/slc7_amd64_gcc10/lcg/root/6.24.07-6b24df5a7040a677b8f0d27957c7cb74/lib/RIO.pcm
14c392436000-14c3924cf000 r--p 00000000 00:35 203818064                  /cvmfs/cms.cern.ch/slc7_amd64_gcc10/lcg/root/6.24.07-6b24df5a7040a677b8f0d27957c7cb74/lib/Spectrum.pcm
14c3924cf000-14c392557000 r--p 00000000 00:35 203810500                  /cvmfs/cms.cern.ch/slc7_amd64_gcc10/lcg/root/6.24.07-6b24df5a7040a677b8f0d27957c7cb74/lib/Foam.pcm
14c392557000-14c39260d000 r--p 00000000 00:35 203816450                  /cvmfs/cms.cern.ch/slc7_amd64_gcc10/lcg/root/6.24.07-6b24df5a7040a677b8f0d27957c7cb74/lib/TreeViewer.pcm
14c39260d000-14c392696000 r--p 00000000 00:35 203810514                  /cvmfs/cms.cern.ch/slc7_amd64_gcc10/lcg/root/6.24.07-6b24df5a7040a677b8f0d27957c7cb74/lib/GeomPainter.pcm
14c392696000-14c3930d5000 r--p 00000000 00:35 203814238                  /cvmfs/cms.cern.ch/slc7_amd64_gcc10/lcg/root/6.24.07-6b24df5a7040a677b8f0d27957c7cb74/lib/Core.pcm
14c3930d5000-14c3934db000 r--p 00000000 00:35 203814313                  /cvmfs/cms.cern.ch/slc7_amd64_gcc10/lcg/root/6.24.07-6b24df5a7040a677b8f0d27957c7cb74/lib/_Builtin_intrinsics.pcm
14c393527000-14c3935ac000 r--p 00000000 00:35 203818028                  /cvmfs/cms.cern.ch/slc7_amd64_gcc10/lcg/root/6.24.07-6b24df5a7040a677b8f0d27957c7cb74/lib/HistPainter.pcm
14c3935ac000-14c393620000 r--p 00000000 00:35 203814884                  /cvmfs/cms.cern.ch/slc7_amd64_gcc10/lcg/root/6.24.07-6b24df5a7040a677b8f0d27957c7cb74/lib/RHTTPSniff.pcm
14c393620000-14c393699000 r--p 00000000 00:35 203810513                  /cvmfs/cms.cern.ch/slc7_amd64_gcc10/lcg/root/6.24.07-6b24df5a7040a677b8f0d27957c7cb74/lib/XMLParser.pcm
14c393699000-14c3937db000 r--p 00000000 00:35 203811707                  /cvmfs/cms.cern.ch/slc7_amd64_gcc10/lcg/root/6.24.07-6b24df5a7040a677b8f0d27957c7cb74/lib/ROOTBrowsable.pcm
14c3937db000-14c393967000 r--p 00000000 00:35 203814272                  /cvmfs/cms.cern.ch/slc7_amd64_gcc10/lcg/root/6.24.07-6b24df5a7040a677b8f0d27957c7cb74/lib/Matrix.pcm
14c393967000-14c393aa0000 r--p 00000000 00:35 203814207                  /cvmfs/cms.cern.ch/slc7_amd64_gcc10/lcg/root/6.24.07-6b24df5a7040a677b8f0d27957c7cb74/lib/MultiProc.pcm
14c393aa3000-14c393b48000 r--p 00000000 00:35 203818054                  /cvmfs/cms.cern.ch/slc7_amd64_gcc10/lcg/root/6.24.07-6b24df5a7040a677b8f0d27957c7cb74/lib/RDAVIX.pcm
14c393b48000-14c393bd9000 r--p 00000000 00:35 203817572                  /cvmfs/cms.cern.ch/slc7_amd64_gcc10/lcg/root/6.24.07-6b24df5a7040a677b8f0d27957c7cb74/lib/Unfold.pcm
14c393bd9000-14c393c46000 r--p 00000000 00:35 203818046                  /cvmfs/cms.cern.ch/slc7_amd64_gcc10/lcg/root/6.24.07-6b24df5a7040a677b8f0d27957c7cb74/lib/Rint.pcm
14c393c46000-14c393d1c000 r--p 00000000 00:35 203812743                  /cvmfs/cms.cern.ch/slc7_amd64_gcc10/lcg/root/6.24.07-6b24df5a7040a677b8f0d27957c7cb74/lib/ROOT_Foundation_Stage1_NoRTTI.pcm
14c393d1c000-14c393d3e000 r--p 00000000 00:35 203817361                  /cvmfs/cms.cern.ch/slc7_amd64_gcc10/lcg/root/6.24.07-6b24df5a7040a677b8f0d27957c7cb74/lib/ROOT_Config.pcm
14c393d3e000-14c393d66000 r--p 00000000 00:35 203815067                  /cvmfs/cms.cern.ch/slc7_amd64_gcc10/lcg/root/6.24.07-6b24df5a7040a677b8f0d27957c7cb74/lib/ROOT_Rtypes.pcm
14c393d66000-14c393dbd000 r--p 00000000 00:35 203813486                  /cvmfs/cms.cern.ch/slc7_amd64_gcc10/lcg/root/6.24.07-6b24df5a7040a677b8f0d27957c7cb74/lib/ROOT_Foundation_C.pcm
14c393dbd000-14c393ddd000 r--p 00000000 00:35 203817172                  /cvmfs/cms.cern.ch/slc7_amd64_gcc10/lcg/root/6.24.07-6b24df5a7040a677b8f0d27957c7cb74/lib/Cling_Runtime_Extra.pcm
14c393ddd000-14c393dfe000 r--p 00000000 00:35 203812431                  /cvmfs/cms.cern.ch/slc7_amd64_gcc10/lcg/root/6.24.07-6b24df5a7040a677b8f0d27957c7cb74/lib/Cling_Runtime.pcm
14c393dfe000-14c393e49000 r--p 00000000 00:35 203816447                  /cvmfs/cms.cern.ch/slc7_amd64_gcc10/lcg/root/6.24.07-6b24df5a7040a677b8f0d27957c7cb74/lib/modules.idx
14c393e49000-14c393e59000 r--p 00000000 00:35 203817198                  /cvmfs/cms.cern.ch/slc7_amd64_gcc10/lcg/root/6.24.07-6b24df5a7040a677b8f0d27957c7cb74/lib/_Builtin_stddef_max_align_t.pcm
14c393e59000-14c393f9f000 r--p 00000000 00:35 203817630                  /cvmfs/cms.cern.ch/slc7_amd64_gcc10/lcg/root/6.24.07-6b24df5a7040a677b8f0d27957c7cb74/lib/libc.pcm
14c393f9f000-14c3955b2000 r--p 00000000 00:35 203818773                  /cvmfs/cms.cern.ch/slc7_amd64_gcc10/lcg/root/6.24.07-6b24df5a7040a677b8f0d27957c7cb74/lib/std.pcm
14c3955b2000-14c3955de000 rw-p 00000000 00:00 0 
14c3955e7000-14c3955e8000 rw-p 00000000 00:00 0 
14c3955e8000-14c3955ea000 r--p 00000000 00:35 204333209                  /cvmfs/cms.cern.ch/slc7_amd64_gcc10/external/bz2lib/1.0.6-86270889250d9cb8193d1963706a39cb/lib/libbz2.so.1.0.6
14c3955ea000-14c3955f7000 r-xp 00002000 00:35 204333209                  /cvmfs/cms.cern.ch/slc7_amd64_gcc10/external/bz2lib/1.0.6-86270889250d9cb8193d1963706a39cb/lib/libbz2.so.1.0.6
14c3955f7000-14c3955f9000 r--p 0000f000 00:35 204333209                  /cvmfs/cms.cern.ch/slc7_amd64_gcc10/external/bz2lib/1.0.6-86270889250d9cb8193d1963706a39cb/lib/libbz2.so.1.0.6
14c3955f9000-14c3955fa000 r--p 00010000 00:35 204333209                  /cvmfs/cms.cern.ch/slc7_amd64_gcc10/external/bz2lib/1.0.6-86270889250d9cb8193d1963706a39cb/lib/libbz2.so.1.0.6
14c3955fa000-14c3955fb000 rw-p 00011000 00:35 204333209                  /cvmfs/cms.cern.ch/slc7_amd64_gcc10/external/bz2lib/1.0.6-86270889250d9cb8193d1963706a39cb/lib/libbz2.so.1.0.6
14c3955fb000-14c39560f000 r-xp 00000000 00:00 0 
14c39560f000-14c395634000 r-xp 00000000 fd:00 658990                     /usr/lib64/libtinfo.so.5.9
14c395634000-14c395834000 ---p 00025000 fd:00 658990                     /usr/lib64/libtinfo.so.5.9
14c395834000-14c395838000 r--p 00025000 fd:00 658990                     /usr/lib64/libtinfo.so.5.9
14c395838000-14c395839000 rw-p 00029000 fd:00 658990                     /usr/lib64/libtinfo.so.5.9
14c395839000-14c395840000 r-xp 00000000 fd:00 673612                     /usr/lib64/librt-2.17.so
14c395840000-14c395a3f000 ---p 00007000 fd:00 673612                     /usr/lib64/librt-2.17.so
14c395a3f000-14c395a40000 r--p 00006000 fd:00 673612                     /usr/lib64/librt-2.17.so
14c395a40000-14c395a41000 rw-p 00007000 fd:00 673612                     /usr/lib64/librt-2.17.so
14c395a41000-14c395ecc000 r--p 00000000 00:35 203818015                  /cvmfs/cms.cern.ch/slc7_amd64_gcc10/lcg/root/6.24.07-6b24df5a7040a677b8f0d27957c7cb74/lib/libCling.so
14c395ecc000-14c398c28000 r-xp 0048b000 00:35 203818015                  /cvmfs/cms.cern.ch/slc7_amd64_gcc10/lcg/root/6.24.07-6b24df5a7040a677b8f0d27957c7cb74/lib/libCling.so
14c398c28000-14c399668000 r--p 031e7000 00:35 203818015                  /cvmfs/cms.cern.ch/slc7_amd64_gcc10/lcg/root/6.24.07-6b24df5a7040a677b8f0d27957c7cb74/lib/libCling.so
14c399668000-14c399669000 ---p 03c27000 00:35 203818015                  /cvmfs/cms.cern.ch/slc7_amd64_gcc10/lcg/root/6.24.07-6b24df5a7040a677b8f0d27957c7cb74/lib/libCling.so
14c399669000-14c39996b000 r--p 03c27000 00:35 203818015                  /cvmfs/cms.cern.ch/slc7_amd64_gcc10/lcg/root/6.24.07-6b24df5a7040a677b8f0d27957c7cb74/lib/libCling.so
14c39996b000-14c399979000 rw-p 03f29000 00:35 203818015                  /cvmfs/cms.cern.ch/slc7_amd64_gcc10/lcg/root/6.24.07-6b24df5a7040a677b8f0d27957c7cb74/lib/libCling.so
14c399979000-14c3999b4000 rw-p 00000000 00:00 0 
14c3999b4000-14c3999c0000 r-xp 00000000 fd:00 672886                     /usr/lib64/libnss_files-2.17.so
14c3999c0000-14c399bbf000 ---p 0000c000 fd:00 672886                     /usr/lib64/libnss_files-2.17.so
14c399bbf000-14c399bc0000 r--p 0000b000 fd:00 672886                     /usr/lib64/libnss_files-2.17.so
14c399bc0000-14c399bc1000 rw-p 0000c000 fd:00 672886                     /usr/lib64/libnss_files-2.17.so
14c399bc1000-14c399be6000 rw-p 00000000 00:00 0 
14c399be6000-14c399c0a000 r-xp 00000000 fd:00 659062                     /usr/lib64/libselinux.so.1
14c399c0a000-14c399e09000 ---p 00024000 fd:00 659062                     /usr/lib64/libselinux.so.1
14c399e09000-14c399e0a000 r--p 00023000 fd:00 659062                     /usr/lib64/libselinux.so.1
14c399e0a000-14c399e0b000 rw-p 00024000 fd:00 659062                     /usr/lib64/libselinux.so.1
14c399e0b000-14c399e0d000 rw-p 00000000 00:00 0 
14c399e0d000-14c399e23000 r-xp 00000000 fd:00 673553                     /usr/lib64/libresolv-2.17.so
14c399e23000-14c39a023000 ---p 00016000 fd:00 673553                     /usr/lib64/libresolv-2.17.so
14c39a023000-14c39a024000 r--p 00016000 fd:00 673553                     /usr/lib64/libresolv-2.17.so
14c39a024000-14c39a025000 rw-p 00017000 fd:00 673553                     /usr/lib64/libresolv-2.17.so
14c39a025000-14c39a027000 rw-p 00000000 00:00 0 
14c39a027000-14c39a02a000 r-xp 00000000 fd:00 659317                     /usr/lib64/libkeyutils.so.1.5
14c39a02a000-14c39a229000 ---p 00003000 fd:00 659317                     /usr/lib64/libkeyutils.so.1.5
14c39a229000-14c39a22a000 r--p 00002000 fd:00 659317                     /usr/lib64/libkeyutils.so.1.5
14c39a22a000-14c39a22b000 rw-p 00003000 fd:00 659317                     /usr/lib64/libkeyutils.so.1.5
14c39a22b000-14c39a239000 r-xp 00000000 fd:00 688103                     /usr/lib64/libkrb5support.so.0.1
14c39a239000-14c39a439000 ---p 0000e000 fd:00 688103                     /usr/lib64/libkrb5support.so.0.1
14c39a439000-14c39a43a000 r--p 0000e000 fd:00 688103                     /usr/lib64/libkrb5support.so.0.1
14c39a43a000-14c39a43b000 rw-p 0000f000 fd:00 688103                     /usr/lib64/libkrb5support.so.0.1
14c39a43b000-14c39a46c000 r-xp 00000000 fd:00 686149                     /usr/lib64/libk5crypto.so.3.1
14c39a46c000-14c39a66b000 ---p 00031000 fd:00 686149                     /usr/lib64/libk5crypto.so.3.1
14c39a66b000-14c39a66d000 r--p 00030000 fd:00 686149                     /usr/lib64/libk5crypto.so.3.1
14c39a66d000-14c39a66e000 rw-p 00032000 fd:00 686149                     /usr/lib64/libk5crypto.so.3.1
14c39a66e000-14c39a671000 r-xp 00000000 fd:00 659058                     /usr/lib64/libcom_err.so.2.1
14c39a671000-14c39a870000 ---p 00003000 fd:00 659058                     /usr/lib64/libcom_err.so.2.1
14c39a870000-14c39a871000 r--p 00002000 fd:00 659058                     /usr/lib64/libcom_err.so.2.1
14c39a871000-14c39a872000 rw-p 00003000 fd:00 659058                     /usr/lib64/libcom_err.so.2.1
14c39a872000-14c39a94b000 r-xp 00000000 fd:00 686019                     /usr/lib64/libkrb5.so.3.3
14c39a94b000-14c39ab4a000 ---p 000d9000 fd:00 686019                     /usr/lib64/libkrb5.so.3.3
14c39ab4a000-14c39ab58000 r--p 000d8000 fd:00 686019                     /usr/lib64/libkrb5.so.3.3
14c39ab58000-14c39ab5b000 rw-p 000e6000 fd:00 686019                     /usr/lib64/libkrb5.so.3.3
14c39ab5b000-14c39aba5000 r-xp 00000000 fd:00 659191                     /usr/lib64/libgssapi_krb5.so.2.2
14c39aba5000-14c39ada5000 ---p 0004a000 fd:00 659191                     /usr/lib64/libgssapi_krb5.so.2.2
14c39ada5000-14c39ada6000 r--p 0004a000 fd:00 659191                     /usr/lib64/libgssapi_krb5.so.2.2
14c39ada6000-14c39ada8000 rw-p 0004b000 fd:00 659191                     /usr/lib64/libgssapi_krb5.so.2.2
14c39ada8000-14c39adb1000 r--p 00000000 00:35 204312321                  /cvmfs/cms.cern.ch/slc7_amd64_gcc10/external/zstd/1.4.5-ec760e16a89e932fdc84f1fd3192f206/lib/libzstd.so.1.4.5
14c39adb1000-14c39ae48000 r-xp 00009000 00:35 204312321                  /cvmfs/cms.cern.ch/slc7_amd64_gcc10/external/zstd/1.4.5-ec760e16a89e932fdc84f1fd3192f206/lib/libzstd.so.1.4.5
14c39ae48000-14c39ae56000 r--p 000a0000 00:35 204312321                  /cvmfs/cms.cern.ch/slc7_amd64_gcc10/external/zstd/1.4.5-ec760e16a89e932fdc84f1fd3192f206/lib/libzstd.so.1.4.5
14c39ae56000-14c39ae57000 r--p 000ad000 00:35 204312321                  /cvmfs/cms.cern.ch/slc7_amd64_gcc10/external/zstd/1.4.5-ec760e16a89e932fdc84f1fd3192f206/lib/libzstd.so.1.4.5
14c39ae57000-14c39ae58000 rw-p 000ae000 00:35 204312321                  /cvmfs/cms.cern.ch/slc7_amd64_gcc10/external/zstd/1.4.5-ec760e16a89e932fdc84f1fd3192f206/lib/libzstd.so.1.4.5
14c39ae58000-14c39ae5a000 r--p 00000000 00:35 204312042                  /cvmfs/cms.cern.ch/slc7_amd64_gcc10/external/lz4/1.9.2-373b1f6c80ba13e93f436c77aa63c026/lib/liblz4.so.1.9.2
14c39ae5a000-14c39ae84000 r-xp 00002000 00:35 204312042                  /cvmfs/cms.cern.ch/slc7_amd64_gcc10/external/lz4/1.9.2-373b1f6c80ba13e93f436c77aa63c026/lib/liblz4.so.1.9.2
14c39ae84000-14c39ae87000 r--p 0002c000 00:35 204312042                  /cvmfs/cms.cern.ch/slc7_amd64_gcc10/external/lz4/1.9.2-373b1f6c80ba13e93f436c77aa63c026/lib/liblz4.so.1.9.2
14c39ae87000-14c39ae88000 r--p 0002e000 00:35 204312042                  /cvmfs/cms.cern.ch/slc7_amd64_gcc10/external/lz4/1.9.2-373b1f6c80ba13e93f436c77aa63c026/lib/liblz4.so.1.9.2
14c39ae88000-14c39ae89000 rw-p 0002f000 00:35 204312042                  /cvmfs/cms.cern.ch/slc7_amd64_gcc10/external/lz4/1.9.2-373b1f6c80ba13e93f436c77aa63c026/lib/liblz4.so.1.9.2
14c39ae89000-14c39ae8c000 r--p 00000000 00:35 204312001                  /cvmfs/cms.cern.ch/slc7_amd64_gcc10/external/xz/5.2.5-d6fed2038c4e8d6e04531d1adba59f37/lib/liblzma.so.5.2.5
14c39ae8c000-14c39aea6000 r-xp 00003000 00:35 204312001                  /cvmfs/cms.cern.ch/slc7_amd64_gcc10/external/xz/5.2.5-d6fed2038c4e8d6e04531d1adba59f37/lib/liblzma.so.5.2.5
14c39aea6000-14c39aeb1000 r--p 0001d000 00:35 204312001                  /cvmfs/cms.cern.ch/slc7_amd64_gcc10/external/xz/5.2.5-d6fed2038c4e8d6e04531d1adba59f37/lib/liblzma.so.5.2.5
14c39aeb1000-14c39aeb2000 ---p 00028000 00:35 204312001                  /cvmfs/cms.cern.ch/slc7_amd64_gcc10/external/xz/5.2.5-d6fed2038c4e8d6e04531d1adba59f37/lib/liblzma.so.5.2.5
14c39aeb2000-14c39aeb3000 r--p 00028000 00:35 204312001                  /cvmfs/cms.cern.ch/slc7_amd64_gcc10/external/xz/5.2.5-d6fed2038c4e8d6e04531d1adba59f37/lib/liblzma.so.5.2.5
14c39aeb3000-14c39aeb4000 rw-p 00029000 00:35 204312001                  /cvmfs/cms.cern.ch/slc7_amd64_gcc10/external/xz/5.2.5-d6fed2038c4e8d6e04531d1adba59f37/lib/liblzma.so.5.2.5
14c39aeb4000-14c39aeb6000 r--p 00000000 00:35 191313835                  /cvmfs/cms.cern.ch/slc7_amd64_gcc10/external/pcre/8.43-28d54724578a9006cf0dca75629374e3/lib/libpcre.so.1.2.11
14c39aeb6000-14c39aede000 r-xp 00002000 00:35 191313835                  /cvmfs/cms.cern.ch/slc7_amd64_gcc10/external/pcre/8.43-28d54724578a9006cf0dca75629374e3/lib/libpcre.so.1.2.11
14c39aede000-14c39aef7000 r--p 0002a000 00:35 191313835                  /cvmfs/cms.cern.ch/slc7_amd64_gcc10/external/pcre/8.43-28d54724578a9006cf0dca75629374e3/lib/libpcre.so.1.2.11
14c39aef7000-14c39aef8000 r--p 00042000 00:35 191313835                  /cvmfs/cms.cern.ch/slc7_amd64_gcc10/external/pcre/8.43-28d54724578a9006cf0dca75629374e3/lib/libpcre.so.1.2.11
14c39aef8000-14c39aef9000 rw-p 00043000 00:35 191313835                  /cvmfs/cms.cern.ch/slc7_amd64_gcc10/external/pcre/8.43-28d54724578a9006cf0dca75629374e3/lib/libpcre.so.1.2.11
14c39aef9000-14c39b130000 r-xp 00000000 fd:00 659636                     /usr/lib64/libcrypto.so.1.0.2k
14c39b130000-14c39b32f000 ---p 00237000 fd:00 659636                     /usr/lib64/libcrypto.so.1.0.2k
14c39b32f000-14c39b34b000 r--p 00236000 fd:00 659636                     /usr/lib64/libcrypto.so.1.0.2k
14c39b34b000-14c39b358000 rw-p 00252000 fd:00 659636                     /usr/lib64/libcrypto.so.1.0.2k
14c39b358000-14c39b35c000 rw-p 00000000 00:00 0 
14c39b35c000-14c39b3c3000 r-xp 00000000 fd:00 664709                     /usr/lib64/libssl.so.1.0.2k
14c39b3c3000-14c39b5c3000 ---p 00067000 fd:00 664709                     /usr/lib64/libssl.so.1.0.2k
14c39b5c3000-14c39b5c7000 r--p 00067000 fd:00 664709                     /usr/lib64/libssl.so.1.0.2k
14c39b5c7000-14c39b5ce000 rw-p 0006b000 fd:00 664709                     /usr/lib64/libssl.so.1.0.2k
14c39b5ce000-14c39b5d0000 r-xp 00000000 fd:00 666396                     /usr/lib64/libdl-2.17.so
14c39b5d0000-14c39b7d0000 ---p 00002000 fd:00 666396                     /usr/lib64/libdl-2.17.so
14c39b7d0000-14c39b7d1000 r--p 00002000 fd:00 666396                     /usr/lib64/libdl-2.17.so
14c39b7d1000-14c39b7d2000 rw-p 00003000 fd:00 666396                     /usr/lib64/libdl-2.17.so
14c39b7d2000-14c39b7dd000 r--p 00000000 00:35 204312267                  /cvmfs/cms.cern.ch/slc7_amd64_gcc10/external/tbb/v2021.4.0-d3ee2fc4dbf589032bbf635c7b35f820/lib/libtbb.so.12.4
14c39b7dd000-14c39b7fb000 r-xp 0000b000 00:35 204312267                  /cvmfs/cms.cern.ch/slc7_amd64_gcc10/external/tbb/v2021.4.0-d3ee2fc4dbf589032bbf635c7b35f820/lib/libtbb.so.12.4
14c39b7fb000-14c39b805000 r--p 00029000 00:35 204312267                  /cvmfs/cms.cern.ch/slc7_amd64_gcc10/external/tbb/v2021.4.0-d3ee2fc4dbf589032bbf635c7b35f820/lib/libtbb.so.12.4
14c39b805000-14c39b806000 ---p 00033000 00:35 204312267                  /cvmfs/cms.cern.ch/slc7_amd64_gcc10/external/tbb/v2021.4.0-d3ee2fc4dbf589032bbf635c7b35f820/lib/libtbb.so.12.4
14c39b806000-14c39b807000 r--p 00033000 00:35 204312267                  /cvmfs/cms.cern.ch/slc7_amd64_gcc10/external/tbb/v2021.4.0-d3ee2fc4dbf589032bbf635c7b35f820/lib/libtbb.so.12.4
14c39b807000-14c39b80a000 rw-p 00034000 00:35 204312267                  /cvmfs/cms.cern.ch/slc7_amd64_gcc10/external/tbb/v2021.4.0-d3ee2fc4dbf589032bbf635c7b35f820/lib/libtbb.so.12.4
14c39b80a000-14c39b820000 rw-p 00000000 00:00 0 
14c39b820000-14c39b823000 r--p 00000000 00:35 204312124                  /cvmfs/cms.cern.ch/slc7_amd64_gcc10/external/zlib/1.2.11-71514f01d2850dfd0bcd391557259a58/lib/libz.so.1.2.8
14c39b823000-14c39b834000 r-xp 00003000 00:35 204312124                  /cvmfs/cms.cern.ch/slc7_amd64_gcc10/external/zlib/1.2.11-71514f01d2850dfd0bcd391557259a58/lib/libz.so.1.2.8
14c39b834000-14c39b83a000 r--p 00014000 00:35 204312124                  /cvmfs/cms.cern.ch/slc7_amd64_gcc10/external/zlib/1.2.11-71514f01d2850dfd0bcd391557259a58/lib/libz.so.1.2.8
14c39b83a000-14c39b83b000 ---p 0001a000 00:35 204312124                  /cvmfs/cms.cern.ch/slc7_amd64_gcc10/external/zlib/1.2.11-71514f01d2850dfd0bcd391557259a58/lib/libz.so.1.2.8
14c39b83b000-14c39b83c000 r--p 0001a000 00:35 204312124                  /cvmfs/cms.cern.ch/slc7_amd64_gcc10/external/zlib/1.2.11-71514f01d2850dfd0bcd391557259a58/lib/libz.so.1.2.8
14c39b83c000-14c39b83d000 rw-p 0001b000 00:35 204312124                  /cvmfs/cms.cern.ch/slc7_amd64_gcc10/external/zlib/1.2.11-71514f01d2850dfd0bcd391557259a58/lib/libz.so.1.2.8
14c39b83d000-14c39b849000 r--p 00000000 00:35 204312116                  /cvmfs/cms.cern.ch/slc7_amd64_gcc10/external/freetype/2.10.0-79bd022b5b599e6f3ec3b3b8bb0b7d1a/lib/libfreetype.so.6.17.0
14c39b849000-14c39b8b9000 r-xp 0000c000 00:35 204312116                  /cvmfs/cms.cern.ch/slc7_amd64_gcc10/external/freetype/2.10.0-79bd022b5b599e6f3ec3b3b8bb0b7d1a/lib/libfreetype.so.6.17.0
14c39b8b9000-14c39b8e2000 r--p 0007c000 00:35 204312116                  /cvmfs/cms.cern.ch/slc7_amd64_gcc10/external/freetype/2.10.0-79bd022b5b599e6f3ec3b3b8bb0b7d1a/lib/libfreetype.so.6.17.0
14c39b8e2000-14c39b8e3000 ---p 000a5000 00:35 204312116                  /cvmfs/cms.cern.ch/slc7_amd64_gcc10/external/freetype/2.10.0-79bd022b5b599e6f3ec3b3b8bb0b7d1a/lib/libfreetype.so.6.17.0
14c39b8e3000-14c39b8ea000 r--p 000a5000 00:35 204312116                  /cvmfs/cms.cern.ch/slc7_amd64_gcc10/external/freetype/2.10.0-79bd022b5b599e6f3ec3b3b8bb0b7d1a/lib/libfreetype.so.6.17.0
14c39b8ea000-14c39b8eb000 rw-p 000ac000 00:35 204312116                  /cvmfs/cms.cern.ch/slc7_amd64_gcc10/external/freetype/2.10.0-79bd022b5b599e6f3ec3b3b8bb0b7d1a/lib/libfreetype.so.6.17.0
14c39b8eb000-14c39baaf000 r-xp 00000000 fd:00 658912                     /usr/lib64/libc-2.17.so
14c39baaf000-14c39bcae000 ---p 001c4000 fd:00 658912                     /usr/lib64/libc-2.17.so
14c39bcae000-14c39bcb2000 r--p 001c3000 fd:00 658912                     /usr/lib64/libc-2.17.so
14c39bcb2000-14c39bcb4000 rw-p 001c7000 fd:00 658912                     /usr/lib64/libc-2.17.so
14c39bcb4000-14c39bcb9000 rw-p 00000000 00:00 0 
14c39bcb9000-14c39bdba000 r-xp 00000000 fd:00 667709                     /usr/lib64/libm-2.17.so
14c39bdba000-14c39bfb9000 ---p 00101000 fd:00 667709                     /usr/lib64/libm-2.17.so
14c39bfb9000-14c39bfba000 r--p 00100000 fd:00 667709                     /usr/lib64/libm-2.17.so
14c39bfba000-14c39bfbb000 rw-p 00101000 fd:00 667709                     /usr/lib64/libm-2.17.so
14c39bfbb000-14c39c051000 r--p 00000000 00:35 204309962                  /cvmfs/cms.cern.ch/slc7_amd64_gcc10/external/gcc/10.3.0-84898dea653199466402e67d73657f10/lib64/libstdc++.so.6.0.28
14c39c051000-14c39c12e000 r-xp 00096000 00:35 204309962                  /cvmfs/cms.cern.ch/slc7_amd64_gcc10/external/gcc/10.3.0-84898dea653199466402e67d73657f10/lib64/libstdc++.so.6.0.28
14c39c12e000-14c39c178000 r--p 00173000 00:35 204309962                  /cvmfs/cms.cern.ch/slc7_amd64_gcc10/external/gcc/10.3.0-84898dea653199466402e67d73657f10/lib64/libstdc++.so.6.0.28
14c39c178000-14c39c183000 r--p 001bc000 00:35 204309962                  /cvmfs/cms.cern.ch/slc7_amd64_gcc10/external/gcc/10.3.0-84898dea653199466402e67d73657f10/lib64/libstdc++.so.6.0.28
14c39c183000-14c39c186000 rw-p 001c7000 00:35 204309962                  /cvmfs/cms.cern.ch/slc7_amd64_gcc10/external/gcc/10.3.0-84898dea653199466402e67d73657f10/lib64/libstdc++.so.6.0.28
14c39c186000-14c39c189000 rw-p 00000000 00:00 0 
14c39c189000-14c39c1a0000 r-xp 00000000 fd:00 673550                     /usr/lib64/libpthread-2.17.so
14c39c1a0000-14c39c39f000 ---p 00017000 fd:00 673550                     /usr/lib64/libpthread-2.17.so
14c39c39f000-14c39c3a0000 r--p 00016000 fd:00 673550                     /usr/lib64/libpthread-2.17.so
14c39c3a0000-14c39c3a1000 rw-p 00017000 fd:00 673550                     /usr/lib64/libpthread-2.17.so
14c39c3a1000-14c39c3a5000 rw-p 00000000 00:00 0 
14c39c3a5000-14c39c515000 r--p 00000000 00:35 203817242                  /cvmfs/cms.cern.ch/slc7_amd64_gcc10/lcg/root/6.24.07-6b24df5a7040a677b8f0d27957c7cb74/lib/libCore.so
14c39c515000-14c39c707000 r-xp 00170000 00:35 203817242                  /cvmfs/cms.cern.ch/slc7_amd64_gcc10/lcg/root/6.24.07-6b24df5a7040a677b8f0d27957c7cb74/lib/libCore.so
14c39c707000-14c39c7d2000 r--p 00362000 00:35 203817242                  /cvmfs/cms.cern.ch/slc7_amd64_gcc10/lcg/root/6.24.07-6b24df5a7040a677b8f0d27957c7cb74/lib/libCore.so
14c39c7d2000-14c39c7d3000 ---p 0042d000 00:35 203817242                  /cvmfs/cms.cern.ch/slc7_amd64_gcc10/lcg/root/6.24.07-6b24df5a7040a677b8f0d27957c7cb74/lib/libCore.so
14c39c7d3000-14c39c7fd000 r--p 0042d000 00:35 203817242                  /cvmfs/cms.cern.ch/slc7_amd64_gcc10/lcg/root/6.24.07-6b24df5a7040a677b8f0d27957c7cb74/lib/libCore.so
14c39c7fd000-14c39c803000 rw-p 00457000 00:35 203817242                  /cvmfs/cms.cern.ch/slc7_amd64_gcc10/lcg/root/6.24.07-6b24df5a7040a677b8f0d27957c7cb74/lib/libCore.so
14c39c803000-14c39c837000 rw-p 00000000 00:00 0 
14c39c837000-14c39c866000 r--p 00000000 00:35 203812756                  /cvmfs/cms.cern.ch/slc7_amd64_gcc10/lcg/root/6.24.07-6b24df5a7040a677b8f0d27957c7cb74/lib/libThread.so
14c39c866000-14c39c88a000 r-xp 0002f000 00:35 203812756                  /cvmfs/cms.cern.ch/slc7_amd64_gcc10/lcg/root/6.24.07-6b24df5a7040a677b8f0d27957c7cb74/lib/libThread.so
14c39c88a000-14c39c899000 r--p 00053000 00:35 203812756                  /cvmfs/cms.cern.ch/slc7_amd64_gcc10/lcg/root/6.24.07-6b24df5a7040a677b8f0d27957c7cb74/lib/libThread.so
14c39c899000-14c39c89a000 ---p 00062000 00:35 203812756                  /cvmfs/cms.cern.ch/slc7_amd64_gcc10/lcg/root/6.24.07-6b24df5a7040a677b8f0d27957c7cb74/lib/libThread.so
14c39c89a000-14c39c89e000 r--p 00062000 00:35 203812756                  /cvmfs/cms.cern.ch/slc7_amd64_gcc10/lcg/root/6.24.07-6b24df5a7040a677b8f0d27957c7cb74/lib/libThread.so
14c39c89e000-14c39c89f000 rw-p 00066000 00:35 203812756                  /cvmfs/cms.cern.ch/slc7_amd64_gcc10/lcg/root/6.24.07-6b24df5a7040a677b8f0d27957c7cb74/lib/libThread.so
14c39c89f000-14c39c8a1000 rw-p 00000000 00:00 0 
14c39c8a1000-14c39c95b000 r--p 00000000 00:35 203817233                  /cvmfs/cms.cern.ch/slc7_amd64_gcc10/lcg/root/6.24.07-6b24df5a7040a677b8f0d27957c7cb74/lib/libRIO.so
14c39c95b000-14c39cbed000 r-xp 000ba000 00:35 203817233                  /cvmfs/cms.cern.ch/slc7_amd64_gcc10/lcg/root/6.24.07-6b24df5a7040a677b8f0d27957c7cb74/lib/libRIO.so
14c39cbed000-14c39cc5c000 r--p 0034c000 00:35 203817233                  /cvmfs/cms.cern.ch/slc7_amd64_gcc10/lcg/root/6.24.07-6b24df5a7040a677b8f0d27957c7cb74/lib/libRIO.so
14c39cc5c000-14c39cc5d000 ---p 003bb000 00:35 203817233                  /cvmfs/cms.cern.ch/slc7_amd64_gcc10/lcg/root/6.24.07-6b24df5a7040a677b8f0d27957c7cb74/lib/libRIO.so
14c39cc5d000-14c39cc6b000 r--p 003bb000 00:35 203817233                  /cvmfs/cms.cern.ch/slc7_amd64_gcc10/lcg/root/6.24.07-6b24df5a7040a677b8f0d27957c7cb74/lib/libRIO.so
14c39cc6b000-14c39cc6e000 rw-p 003c9000 00:35 203817233                  /cvmfs/cms.cern.ch/slc7_amd64_gcc10/lcg/root/6.24.07-6b24df5a7040a677b8f0d27957c7cb74/lib/libRIO.so
14c39cc6e000-14c39cc71000 rw-p 00000000 00:00 0 
14c39cc71000-14c39ccc9000 r--p 00000000 00:35 203814888                  /cvmfs/cms.cern.ch/slc7_amd64_gcc10/lcg/root/6.24.07-6b24df5a7040a677b8f0d27957c7cb74/lib/libNet.so
14c39ccc9000-14c39cd1a000 r-xp 00058000 00:35 203814888                  /cvmfs/cms.cern.ch/slc7_amd64_gcc10/lcg/root/6.24.07-6b24df5a7040a677b8f0d27957c7cb74/lib/libNet.so
14c39cd1a000-14c39cd3c000 r--p 000a9000 00:35 203814888                  /cvmfs/cms.cern.ch/slc7_amd64_gcc10/lcg/root/6.24.07-6b24df5a7040a677b8f0d27957c7cb74/lib/libNet.so
14c39cd3c000-14c39cd48000 r--p 000ca000 00:35 203814888                  /cvmfs/cms.cern.ch/slc7_amd64_gcc10/lcg/root/6.24.07-6b24df5a7040a677b8f0d27957c7cb74/lib/libNet.so
14c39cd48000-14c39cd4a000 rw-p 000d6000 00:35 203814888                  /cvmfs/cms.cern.ch/slc7_amd64_gcc10/lcg/root/6.24.07-6b24df5a7040a677b8f0d27957c7cb74/lib/libNet.so
14c39cd4a000-14c39cd51000 rw-p 00000000 00:00 0 
14c39cd51000-14c39cdc5000 r--p 00000000 00:35 203816028                  /cvmfs/cms.cern.ch/slc7_amd64_gcc10/lcg/root/6.24.07-6b24df5a7040a677b8f0d27957c7cb74/lib/libMathCore.so
14c39cdc5000-14c39cea7000 r-xp 00074000 00:35 203816028                  /cvmfs/cms.cern.ch/slc7_amd64_gcc10/lcg/root/6.24.07-6b24df5a7040a677b8f0d27957c7cb74/lib/libMathCore.so
14c39cea7000-14c39cf6d000 r--p 00156000 00:35 203816028                  /cvmfs/cms.cern.ch/slc7_amd64_gcc10/lcg/root/6.24.07-6b24df5a7040a677b8f0d27957c7cb74/lib/libMathCore.so
14c39cf6d000-14c39cf6e000 ---p 0021c000 00:35 203816028                  /cvmfs/cms.cern.ch/slc7_amd64_gcc10/lcg/root/6.24.07-6b24df5a7040a677b8f0d27957c7cb74/lib/libMathCore.so
14c39cf6e000-14c39cf78000 r--p 0021c000 00:35 203816028                  /cvmfs/cms.cern.ch/slc7_amd64_gcc10/lcg/root/6.24.07-6b24df5a7040a677b8f0d27957c7cb74/lib/libMathCore.so
14c39cf78000-14c39cf7a000 rw-p 00226000 00:35 203816028                  /cvmfs/cms.cern.ch/slc7_amd64_gcc10/lcg/root/6.24.07-6b24df5a7040a677b8f0d27957c7cb74/lib/libMathCore.so
14c39cf7a000-14c39cf84000 rw-p 00000000 00:00 0 
14c39cf84000-14c39cfe8000 r--p 00000000 00:35 203814885                  /cvmfs/cms.cern.ch/slc7_amd64_gcc10/lcg/root/6.24.07-6b24df5a7040a677b8f0d27957c7cb74/lib/libMatrix.so
14c39cfe8000-14c39d0be000 r-xp 00064000 00:35 203814885                  /cvmfs/cms.cern.ch/slc7_amd64_gcc10/lcg/root/6.24.07-6b24df5a7040a677b8f0d27957c7cb74/lib/libMatrix.so
14c39d0be000-14c39d0f4000 r--p 0013a000 00:35 203814885                  /cvmfs/cms.cern.ch/slc7_amd64_gcc10/lcg/root/6.24.07-6b24df5a7040a677b8f0d27957c7cb74/lib/libMatrix.so
14c39d0f4000-14c39d0fc000 r--p 0016f000 00:35 203814885                  /cvmfs/cms.cern.ch/slc7_amd64_gcc10/lcg/root/6.24.07-6b24df5a7040a677b8f0d27957c7cb74/lib/libMatrix.so
14c39d0fc000-14c39d0fe000 rw-p 00177000 00:35 203814885                  /cvmfs/cms.cern.ch/slc7_amd64_gcc10/lcg/root/6.24.07-6b24df5a7040a677b8f0d27957c7cb74/lib/libMatrix.so
14c39d0fe000-14c39d102000 rw-p 00000000 00:00 0 
14c39d102000-14c39d240000 r--p 00000000 00:35 203818069                  /cvmfs/cms.cern.ch/slc7_amd64_gcc10/lcg/root/6.24.07-6b24df5a7040a677b8f0d27957c7cb74/lib/libHist.so
14c39d240000-14c39d45d000 r-xp 0013e000 00:35 203818069                  /cvmfs/cms.cern.ch/slc7_amd64_gcc10/lcg/root/6.24.07-6b24df5a7040a677b8f0d27957c7cb74/lib/libHist.so
14c39d45d000-14c39d4f2000 r--p 0035b000 00:35 203818069                  /cvmfs/cms.cern.ch/slc7_amd64_gcc10/lcg/root/6.24.07-6b24df5a7040a677b8f0d27957c7cb74/lib/libHist.so
14c39d4f2000-14c39d4f3000 ---p 003f0000 00:35 203818069                  /cvmfs/cms.cern.ch/slc7_amd64_gcc10/lcg/root/6.24.07-6b24df5a7040a677b8f0d27957c7cb74/lib/libHist.so
14c39d4f3000-14c39d51d000 r--p 003f0000 00:35 203818069                  /cvmfs/cms.cern.ch/slc7_amd64_gcc10/lcg/root/6.24.07-6b24df5a7040a677b8f0d27957c7cb74/lib/libHist.so
14c39d51d000-14c39d521000 rw-p 0041a000 00:35 203818069                  /cvmfs/cms.cern.ch/slc7_amd64_gcc10/lcg/root/6.24.07-6b24df5a7040a677b8f0d27957c7cb74/lib/libHist.so
14c39d521000-14c39d52c000 rw-p 00000000 00:00 0 
14c39d52c000-14c39d598000 r--p 00000000 00:35 203811784                  /cvmfs/cms.cern.ch/slc7_amd64_gcc10/lcg/root/6.24.07-6b24df5a7040a677b8f0d27957c7cb74/lib/libGraf.so
14c39d598000-14c39d64a000 r-xp 0006c000 00:35 203811784                  /cvmfs/cms.cern.ch/slc7_amd64_gcc10/lcg/root/6.24.07-6b24df5a7040a677b8f0d27957c7cb74/lib/libGraf.so
14c39d64a000-14c39d67a000 r--p 0011e000 00:35 203811784                  /cvmfs/cms.cern.ch/slc7_amd64_gcc10/lcg/root/6.24.07-6b24df5a7040a677b8f0d27957c7cb74/lib/libGraf.so
14c39d67a000-14c39d688000 r--p 0014d000 00:35 203811784                  /cvmfs/cms.cern.ch/slc7_amd64_gcc10/lcg/root/6.24.07-6b24df5a7040a677b8f0d27957c7cb74/lib/libGraf.so
14c39d688000-14c39d68c000 rw-p 0015b000 00:35 203811784                  /cvmfs/cms.cern.ch/slc7_amd64_gcc10/lcg/root/6.24.07-6b24df5a7040a677b8f0d27957c7cb74/lib/libGraf.so
14c39d68c000-14c39d69a000 rw-p 00000000 00:00 0 
14c39d69a000-14c39d721000 r--p 00000000 00:35 203815068                  /cvmfs/cms.cern.ch/slc7_amd64_gcc10/lcg/root/6.24.07-6b24df5a7040a677b8f0d27957c7cb74/lib/libTree.so
14c39d721000-14c39d7da000 r-xp 00087000 00:35 203815068                  /cvmfs/cms.cern.ch/slc7_amd64_gcc10/lcg/root/6.24.07-6b24df5a7040a677b8f0d27957c7cb74/lib/libTree.so
14c39d7da000-14c39d81a000 r--p 00140000 00:35 203815068                  /cvmfs/cms.cern.ch/slc7_amd64_gcc10/lcg/root/6.24.07-6b24df5a7040a677b8f0d27957c7cb74/lib/libTree.so
14c39d81a000-14c39d82a000 r--p 0017f000 00:35 203815068                  /cvmfs/cms.cern.ch/slc7_amd64_gcc10/lcg/root/6.24.07-6b24df5a7040a677b8f0d27957c7cb74/lib/libTree.so
14c39d82a000-14c39d82d000 rw-p 0018f000 00:35 203815068                  /cvmfs/cms.cern.ch/slc7_amd64_gcc10/lcg/root/6.24.07-6b24df5a7040a677b8f0d27957c7cb74/lib/libTree.so
14c39d82d000-14c39d831000 rw-p 00000000 00:00 0 
14c39d831000-14c39d853000 r-xp 00000000 fd:00 658392                     /usr/lib64/ld-2.17.so
14c39d853000-14c39d867000 rw-p 00000000 00:00 0 
14c39d867000-14c39d86a000 r--p 00000000 00:35 204308829                  /cvmfs/cms.cern.ch/slc7_amd64_gcc10/external/gcc/10.3.0-84898dea653199466402e67d73657f10/lib64/libgcc_s.so.1
14c39d86a000-14c39d87b000 r-xp 00003000 00:35 204308829                  /cvmfs/cms.cern.ch/slc7_amd64_gcc10/external/gcc/10.3.0-84898dea653199466402e67d73657f10/lib64/libgcc_s.so.1
14c39d87b000-14c39d87f000 r--p 00014000 00:35 204308829                  /cvmfs/cms.cern.ch/slc7_amd64_gcc10/external/gcc/10.3.0-84898dea653199466402e67d73657f10/lib64/libgcc_s.so.1
14c39d87f000-14c39d880000 r--p 00017000 00:35 204308829                  /cvmfs/cms.cern.ch/slc7_amd64_gcc10/external/gcc/10.3.0-84898dea653199466402e67d73657f10/lib64/libgcc_s.so.1
14c39d880000-14c39d881000 rw-p 00018000 00:35 204308829                  /cvmfs/cms.cern.ch/slc7_amd64_gcc10/external/gcc/10.3.0-84898dea653199466402e67d73657f10/lib64/libgcc_s.so.1
14c39d881000-14c39d882000 rw-p 00000000 00:00 0 
14c39d882000-14c39d883000 r-xp 00000000 00:00 0 
14c39d883000-14c39d884000 r-xp 00000000 00:00 0 
14c39d884000-14c39d886000 rw-p 00000000 00:00 0 
14c39d886000-14c39d888000 r-xp 00000000 00:00 0 
14c39d888000-14c39d899000 r--p 00000000 00:35 203816844                  /cvmfs/cms.cern.ch/slc7_amd64_gcc10/lcg/root/6.24.07-6b24df5a7040a677b8f0d27957c7cb74/lib/xlocale.h.pcm
14c39d899000-14c39d89a000 rw-p 00000000 00:00 0 
14c39d89a000-14c39d89e000 r--p 00000000 00:35 203812752                  /cvmfs/cms.cern.ch/slc7_amd64_gcc10/lcg/root/6.24.07-6b24df5a7040a677b8f0d27957c7cb74/lib/libMultiProc.so
14c39d89e000-14c39d8a4000 r-xp 00004000 00:35 203812752                  /cvmfs/cms.cern.ch/slc7_amd64_gcc10/lcg/root/6.24.07-6b24df5a7040a677b8f0d27957c7cb74/lib/libMultiProc.so
14c39d8a4000-14c39d8a6000 r--p 0000a000 00:35 203812752                  /cvmfs/cms.cern.ch/slc7_amd64_gcc10/lcg/root/6.24.07-6b24df5a7040a677b8f0d27957c7cb74/lib/libMultiProc.so
14c39d8a6000-14c39d8a7000 ---p 0000c000 00:35 203812752                  /cvmfs/cms.cern.ch/slc7_amd64_gcc10/lcg/root/6.24.07-6b24df5a7040a677b8f0d27957c7cb74/lib/libMultiProc.so
14c39d8a7000-14c39d8a8000 r--p 0000c000 00:35 203812752                  /cvmfs/cms.cern.ch/slc7_amd64_gcc10/lcg/root/6.24.07-6b24df5a7040a677b8f0d27957c7cb74/lib/libMultiProc.so
14c39d8a8000-14c39d8a9000 rw-p 0000d000 00:35 203812752                  /cvmfs/cms.cern.ch/slc7_amd64_gcc10/lcg/root/6.24.07-6b24df5a7040a677b8f0d27957c7cb74/lib/libMultiProc.so
14c39d8a9000-14c39d8aa000 rw-p 00000000 00:00 0 
14c39d8aa000-14c39d8b1000 r--p 00000000 00:35 203815955                  /cvmfs/cms.cern.ch/slc7_amd64_gcc10/lcg/root/6.24.07-6b24df5a7040a677b8f0d27957c7cb74/lib/libImt.so
14c39d8b1000-14c39d8b7000 r-xp 00007000 00:35 203815955                  /cvmfs/cms.cern.ch/slc7_amd64_gcc10/lcg/root/6.24.07-6b24df5a7040a677b8f0d27957c7cb74/lib/libImt.so
14c39d8b7000-14c39d8ba000 r--p 0000d000 00:35 203815955                  /cvmfs/cms.cern.ch/slc7_amd64_gcc10/lcg/root/6.24.07-6b24df5a7040a677b8f0d27957c7cb74/lib/libImt.so
14c39d8ba000-14c39d8bb000 ---p 00010000 00:35 203815955                  /cvmfs/cms.cern.ch/slc7_amd64_gcc10/lcg/root/6.24.07-6b24df5a7040a677b8f0d27957c7cb74/lib/libImt.so
14c39d8bb000-14c39d8bc000 r--p 00010000 00:35 203815955                  /cvmfs/cms.cern.ch/slc7_amd64_gcc10/lcg/root/6.24.07-6b24df5a7040a677b8f0d27957c7cb74/lib/libImt.so
14c39d8bc000-14c39d8bd000 rw-p 00011000 00:35 203815955                  /cvmfs/cms.cern.ch/slc7_amd64_gcc10/lcg/root/6.24.07-6b24df5a7040a677b8f0d27957c7cb74/lib/libImt.so
14c39d8bd000-14c39d8bf000 rw-p 00000000 00:00 0 
14c39d8bf000-14c39d906000 r--p 00000000 00:35 203814320                  /cvmfs/cms.cern.ch/slc7_amd64_gcc10/lcg/root/6.24.07-6b24df5a7040a677b8f0d27957c7cb74/lib/libGpad.so
14c39d906000-14c39d973000 r-xp 00047000 00:35 203814320                  /cvmfs/cms.cern.ch/slc7_amd64_gcc10/lcg/root/6.24.07-6b24df5a7040a677b8f0d27957c7cb74/lib/libGpad.so
14c39d973000-14c39d98f000 r--p 000b4000 00:35 203814320                  /cvmfs/cms.cern.ch/slc7_amd64_gcc10/lcg/root/6.24.07-6b24df5a7040a677b8f0d27957c7cb74/lib/libGpad.so
14c39d98f000-14c39d999000 r--p 000cf000 00:35 203814320                  /cvmfs/cms.cern.ch/slc7_amd64_gcc10/lcg/root/6.24.07-6b24df5a7040a677b8f0d27957c7cb74/lib/libGpad.so
14c39d999000-14c39d99b000 rw-p 000d9000 00:35 203814320                  /cvmfs/cms.cern.ch/slc7_amd64_gcc10/lcg/root/6.24.07-6b24df5a7040a677b8f0d27957c7cb74/lib/libGpad.so
14c39d99b000-14c39d99c000 rw-p 00000000 00:00 0 
14c39d99c000-14c39d9e0000 r--p 00000000 00:35 203816433                  /cvmfs/cms.cern.ch/slc7_amd64_gcc10/lcg/root/6.24.07-6b24df5a7040a677b8f0d27957c7cb74/lib/libGraf3d.so
14c39d9e0000-14c39da25000 r-xp 00044000 00:35 203816433                  /cvmfs/cms.cern.ch/slc7_amd64_gcc10/lcg/root/6.24.07-6b24df5a7040a677b8f0d27957c7cb74/lib/libGraf3d.so
14c39da25000-14c39da41000 r--p 00089000 00:35 203816433                  /cvmfs/cms.cern.ch/slc7_amd64_gcc10/lcg/root/6.24.07-6b24df5a7040a677b8f0d27957c7cb74/lib/libGraf3d.so
14c39da41000-14c39da4b000 r--p 000a4000 00:35 203816433                  /cvmfs/cms.cern.ch/slc7_amd64_gcc10/lcg/root/6.24.07-6b24df5a7040a677b8f0d27957c7cb74/lib/libGraf3d.so
14c39da4b000-14c39da4c000 rw-p 000ae000 00:35 203816433                  /cvmfs/cms.cern.ch/slc7_amd64_gcc10/lcg/root/6.24.07-6b24df5a7040a677b8f0d27957c7cb74/lib/libGraf3d.so
14c39da4c000-14c39da52000 rw-p 00000000 00:00 0 
14c39da52000-14c39da53000 r--p 00021000 fd:00 658392                     /usr/lib64/ld-2.17.so
14c39da53000-14c39da54000 rw-p 00022000 fd:00 658392                     /usr/lib64/ld-2.17.so
14c39da54000-14c39da55000 rw-p 00000000 00:00 0 
7fffbfce4000-7fffbfd03000 rwxp 00000000 00:00 0                          [stack]
7fffbfd03000-7fffbfd12000 rw-p 00000000 00:00 0 
7fffbfdd4000-7fffbfdd7000 r--p 00000000 00:00 0                          [vvar]
7fffbfdd7000-7fffbfdd8000 r-xp 00000000 00:00 0                          [vdso]
ffffffffff600000-ffffffffff601000 r-xp 00000000 00:00 0                  [vsyscall]
/var/condor/.execute-links/slot01/dir_48656/condor_exec.exe: line 9: 48702 Aborted                 (core dumped) hadd DYJetsToLL_M-10to50_TuneCP5_00_03.root /hdfs/store/user/jmadhusu/with_boostedtau/2017_skimmed/with_boostedtaus/etau/DYJetsToLL_M-10to50_TuneCP5_00/DYJetsToLL_M-10to50_TuneCP5_00_368.root /hdfs/store/user/jmadhusu/with_boostedtau/2017_skimmed/with_boostedtaus/etau/DYJetsToLL_M-10to50_TuneCP5_00/DYJetsToLL_M-10to50_TuneCP5_00_369.root /hdfs/store/user/jmadhusu/with_boostedtau/2017_skimmed/with_boostedtaus/etau/DYJetsToLL_M-10to50_TuneCP5_00/DYJetsToLL_M-10to50_TuneCP5_00_37.root /hdfs/store/user/jmadhusu/with_boostedtau/2017_skimmed/with_boostedtaus/etau/DYJetsToLL_M-10to50_TuneCP5_00/DYJetsToLL_M-10to50_TuneCP5_00_370.root /hdfs/store/user/jmadhusu/with_boostedtau/2017_skimmed/with_boostedtaus/etau/DYJetsToLL_M-10to50_TuneCP5_00/DYJetsToLL_M-10to50_TuneCP5_00_371.root /hdfs/store/user/jmadhusu/with_boostedtau/2017_skimmed/with_boostedtaus/etau/DYJetsToLL_M-10to50_TuneCP5_00/DYJetsToLL_M-10to50_TuneCP5_00_372.root /hdfs/store/user/jmadhusu/with_boostedtau/2017_skimmed/with_boostedtaus/etau/DYJetsToLL_M-10to50_TuneCP5_00/DYJetsToLL_M-10to50_TuneCP5_00_373.root /hdfs/store/user/jmadhusu/with_boostedtau/2017_skimmed/with_boostedtaus/etau/DYJetsToLL_M-10to50_TuneCP5_00/DYJetsToLL_M-10to50_TuneCP5_00_374.root /hdfs/store/user/jmadhusu/with_boostedtau/2017_skimmed/with_boostedtaus/etau/DYJetsToLL_M-10to50_TuneCP5_00/DYJetsToLL_M-10to50_TuneCP5_00_375.root /hdfs/store/user/jmadhusu/with_boostedtau/2017_skimmed/with_boostedtaus/etau/DYJetsToLL_M-10to50_TuneCP5_00/DYJetsToLL_M-10to50_TuneCP5_00_376.root /hdfs/store/user/jmadhusu/with_boostedtau/2017_skimmed/with_boostedtaus/etau/DYJetsToLL_M-10to50_TuneCP5_00/DYJetsToLL_M-10to50_TuneCP5_00_377.root /hdfs/store/user/jmadhusu/with_boostedtau/2017_skimmed/with_boostedtaus/etau/DYJetsToLL_M-10to50_TuneCP5_00/DYJetsToLL_M-10to50_TuneCP5_00_378.root /hdfs/store/user/jmadhusu/with_boostedtau/2017_skimmed/with_boostedtaus/etau/DYJetsToLL_M-10to50_TuneCP5_00/DYJetsToLL_M-10to50_TuneCP5_00_379.root /hdfs/store/user/jmadhusu/with_boostedtau/2017_skimmed/with_boostedtaus/etau/DYJetsToLL_M-10to50_TuneCP5_00/DYJetsToLL_M-10to50_TuneCP5_00_38.root /hdfs/store/user/jmadhusu/with_boostedtau/2017_skimmed/with_boostedtaus/etau/DYJetsToLL_M-10to50_TuneCP5_00/DYJetsToLL_M-10to50_TuneCP5_00_380.root /hdfs/store/user/jmadhusu/with_boostedtau/2017_skimmed/with_boostedtaus/etau/DYJetsToLL_M-10to50_TuneCP5_00/DYJetsToLL_M-10to50_TuneCP5_00_381.root /hdfs/store/user/jmadhusu/with_boostedtau/2017_skimmed/with_boostedtaus/etau/DYJetsToLL_M-10to50_TuneCP5_00/DYJetsToLL_M-10to50_TuneCP5_00_382.root /hdfs/store/user/jmadhusu/with_boostedtau/2017_skimmed/with_boostedtaus/etau/DYJetsToLL_M-10to50_TuneCP5_00/DYJetsToLL_M-10to50_TuneCP5_00_383.root /hdfs/store/user/jmadhusu/with_boostedtau/2017_skimmed/with_boostedtaus/etau/DYJetsToLL_M-10to50_TuneCP5_00/DYJetsToLL_M-10to50_TuneCP5_00_384.root /hdfs/store/user/jmadhusu/with_boostedtau/2017_skimmed/with_boostedtaus/etau/DYJetsToLL_M-10to50_TuneCP5_00/DYJetsToLL_M-10to50_TuneCP5_00_385.root /hdfs/store/user/jmadhusu/with_boostedtau/2017_skimmed/with_boostedtaus/etau/DYJetsToLL_M-10to50_TuneCP5_00/DYJetsToLL_M-10to50_TuneCP5_00_386.root /hdfs/store/user/jmadhusu/with_boostedtau/2017_skimmed/with_boostedtaus/etau/DYJetsToLL_M-10to50_TuneCP5_00/DYJetsToLL_M-10to50_TuneCP5_00_387.root /hdfs/store/user/jmadhusu/with_boostedtau/2017_skimmed/with_boostedtaus/etau/DYJetsToLL_M-10to50_TuneCP5_00/DYJetsToLL_M-10to50_TuneCP5_00_388.root /hdfs/store/user/jmadhusu/with_boostedtau/2017_skimmed/with_boostedtaus/etau/DYJetsToLL_M-10to50_TuneCP5_00/DYJetsToLL_M-10to50_TuneCP5_00_389.root /hdfs/store/user/jmadhusu/with_boostedtau/2017_skimmed/with_boostedtaus/etau/DYJetsToLL_M-10to50_TuneCP5_00/DYJetsToLL_M-10to50_TuneCP5_00_39.root /hdfs/store/user/jmadhusu/with_boostedtau/2017_skimmed/with_boostedtaus/etau/DYJetsToLL_M-10to50_TuneCP5_00/DYJetsToLL_M-10to50_TuneCP5_00_390.root /hdfs/store/user/jmadhusu/with_boostedtau/2017_skimmed/with_boostedtaus/etau/DYJetsToLL_M-10to50_TuneCP5_00/DYJetsToLL_M-10to50_TuneCP5_00_391.root /hdfs/store/user/jmadhusu/with_boostedtau/2017_skimmed/with_boostedtaus/etau/DYJetsToLL_M-10to50_TuneCP5_00/DYJetsToLL_M-10to50_TuneCP5_00_392.root /hdfs/store/user/jmadhusu/with_boostedtau/2017_skimmed/with_boostedtaus/etau/DYJetsToLL_M-10to50_TuneCP5_00/DYJetsToLL_M-10to50_TuneCP5_00_393.root /hdfs/store/user/jmadhusu/with_boostedtau/2017_skimmed/with_boostedtaus/etau/DYJetsToLL_M-10to50_TuneCP5_00/DYJetsToLL_M-10to50_TuneCP5_00_394.root /hdfs/store/user/jmadhusu/with_boostedtau/2017_skimmed/with_boostedtaus/etau/DYJetsToLL_M-10to50_TuneCP5_00/DYJetsToLL_M-10to50_TuneCP5_00_395.root /hdfs/store/user/jmadhusu/with_boostedtau/2017_skimmed/with_boostedtaus/etau/DYJetsToLL_M-10to50_TuneCP5_00/DYJetsToLL_M-10to50_TuneCP5_00_396.root /hdfs/store/user/jmadhusu/with_boostedtau/2017_skimmed/with_boostedtaus/etau/DYJetsToLL_M-10to50_TuneCP5_00/DYJetsToLL_M-10to50_TuneCP5_00_397.root /hdfs/store/user/jmadhusu/with_boostedtau/2017_skimmed/with_boostedtaus/etau/DYJetsToLL_M-10to50_TuneCP5_00/DYJetsToLL_M-10to50_TuneCP5_00_398.root /hdfs/store/user/jmadhusu/with_boostedtau/2017_skimmed/with_boostedtaus/etau/DYJetsToLL_M-10to50_TuneCP5_00/DYJetsToLL_M-10to50_TuneCP5_00_399.root /hdfs/store/user/jmadhusu/with_boostedtau/2017_skimmed/with_boostedtaus/etau/DYJetsToLL_M-10to50_TuneCP5_00/DYJetsToLL_M-10to50_TuneCP5_00_4.root /hdfs/store/user/jmadhusu/with_boostedtau/2017_skimmed/with_boostedtaus/etau/DYJetsToLL_M-10to50_TuneCP5_00/DYJetsToLL_M-10to50_TuneCP5_00_40.root /hdfs/store/user/jmadhusu/with_boostedtau/2017_skimmed/with_boostedtaus/etau/DYJetsToLL_M-10to50_TuneCP5_00/DYJetsToLL_M-10to50_TuneCP5_00_400.root /hdfs/store/user/jmadhusu/with_boostedtau/2017_skimmed/with_boostedtaus/etau/DYJetsToLL_M-10to50_TuneCP5_00/DYJetsToLL_M-10to50_TuneCP5_00_401.root /hdfs/store/user/jmadhusu/with_boostedtau/2017_skimmed/with_boostedtaus/etau/DYJetsToLL_M-10to50_TuneCP5_00/DYJetsToLL_M-10to50_TuneCP5_00_402.root /hdfs/store/user/jmadhusu/with_boostedtau/2017_skimmed/with_boostedtaus/etau/DYJetsToLL_M-10to50_TuneCP5_00/DYJetsToLL_M-10to50_TuneCP5_00_403.root /hdfs/store/user/jmadhusu/with_boostedtau/2017_skimmed/with_boostedtaus/etau/DYJetsToLL_M-10to50_TuneCP5_00/DYJetsToLL_M-10to50_TuneCP5_00_404.root /hdfs/store/user/jmadhusu/with_boostedtau/2017_skimmed/with_boostedtaus/etau/DYJetsToLL_M-10to50_TuneCP5_00/DYJetsToLL_M-10to50_TuneCP5_00_405.root /hdfs/store/user/jmadhusu/with_boostedtau/2017_skimmed/with_boostedtaus/etau/DYJetsToLL_M-10to50_TuneCP5_00/DYJetsToLL_M-10to50_TuneCP5_00_406.root /hdfs/store/user/jmadhusu/with_boostedtau/2017_skimmed/with_boostedtaus/etau/DYJetsToLL_M-10to50_TuneCP5_00/DYJetsToLL_M-10to50_TuneCP5_00_407.root /hdfs/store/user/jmadhusu/with_boostedtau/2017_skimmed/with_boostedtaus/etau/DYJetsToLL_M-10to50_TuneCP5_00/DYJetsToLL_M-10to50_TuneCP5_00_408.root /hdfs/store/user/jmadhusu/with_boostedtau/2017_skimmed/with_boostedtaus/etau/DYJetsToLL_M-10to50_TuneCP5_00/DYJetsToLL_M-10to50_TuneCP5_00_409.root /hdfs/store/user/jmadhusu/with_boostedtau/2017_skimmed/with_boostedtaus/etau/DYJetsToLL_M-10to50_TuneCP5_00/DYJetsToLL_M-10to50_TuneCP5_00_41.root /hdfs/store/user/jmadhusu/with_boostedtau/2017_skimmed/with_boostedtaus/etau/DYJetsToLL_M-10to50_TuneCP5_00/DYJetsToLL_M-10to50_TuneCP5_00_410.root /hdfs/store/user/jmadhusu/with_boostedtau/2017_skimmed/with_boostedtaus/etau/DYJetsToLL_M-10to50_TuneCP5_00/DYJetsToLL_M-10to50_TuneCP5_00_411.root /hdfs/store/user/jmadhusu/with_boostedtau/2017_skimmed/with_boostedtaus/etau/DYJetsToLL_M-10to50_TuneCP5_00/DYJetsToLL_M-10to50_TuneCP5_00_412.root /hdfs/store/user/jmadhusu/with_boostedtau/2017_skimmed/with_boostedtaus/etau/DYJetsToLL_M-10to50_TuneCP5_00/DYJetsToLL_M-10to50_TuneCP5_00_413.root /hdfs/store/user/jmadhusu/with_boostedtau/2017_skimmed/with_boostedtaus/etau/DYJetsToLL_M-10to50_TuneCP5_00/DYJetsToLL_M-10to50_TuneCP5_00_414.root /hdfs/store/user/jmadhusu/with_boostedtau/2017_skimmed/with_boostedtaus/etau/DYJetsToLL_M-10to50_TuneCP5_00/DYJetsToLL_M-10to50_TuneCP5_00_415.root /hdfs/store/user/jmadhusu/with_boostedtau/2017_skimmed/with_boostedtaus/etau/DYJetsToLL_M-10to50_TuneCP5_00/DYJetsToLL_M-10to50_TuneCP5_00_416.root /hdfs/store/user/jmadhusu/with_boostedtau/2017_skimmed/with_boostedtaus/etau/DYJetsToLL_M-10to50_TuneCP5_00/DYJetsToLL_M-10to50_TuneCP5_00_417.root /hdfs/store/user/jmadhusu/with_boostedtau/2017_skimmed/with_boostedtaus/etau/DYJetsToLL_M-10to50_TuneCP5_00/DYJetsToLL_M-10to50_TuneCP5_00_418.root /hdfs/store/user/jmadhusu/with_boostedtau/2017_skimmed/with_boostedtaus/etau/DYJetsToLL_M-10to50_TuneCP5_00/DYJetsToLL_M-10to50_TuneCP5_00_419.root /hdfs/store/user/jmadhusu/with_boostedtau/2017_skimmed/with_boostedtaus/etau/DYJetsToLL_M-10to50_TuneCP5_00/DYJetsToLL_M-10to50_TuneCP5_00_42.root /hdfs/store/user/jmadhusu/with_boostedtau/2017_skimmed/with_boostedtaus/etau/DYJetsToLL_M-10to50_TuneCP5_00/DYJetsToLL_M-10to50_TuneCP5_00_420.root /hdfs/store/user/jmadhusu/with_boostedtau/2017_skimmed/with_boostedtaus/etau/DYJetsToLL_M-10to50_TuneCP5_00/DYJetsToLL_M-10to50_TuneCP5_00_421.root /hdfs/store/user/jmadhusu/with_boostedtau/2017_skimmed/with_boostedtaus/etau/DYJetsToLL_M-10to50_TuneCP5_00/DYJetsToLL_M-10to50_TuneCP5_00_422.root /hdfs/store/user/jmadhusu/with_boostedtau/2017_skimmed/with_boostedtaus/etau/DYJetsToLL_M-10to50_TuneCP5_00/DYJetsToLL_M-10to50_TuneCP5_00_423.root /hdfs/store/user/jmadhusu/with_boostedtau/2017_skimmed/with_boostedtaus/etau/DYJetsToLL_M-10to50_TuneCP5_00/DYJetsToLL_M-10to50_TuneCP5_00_424.root /hdfs/store/user/jmadhusu/with_boostedtau/2017_skimmed/with_boostedtaus/etau/DYJetsToLL_M-10to50_TuneCP5_00/DYJetsToLL_M-10to50_TuneCP5_00_425.root /hdfs/store/user/jmadhusu/with_boostedtau/2017_skimmed/with_boostedtaus/etau/DYJetsToLL_M-10to50_TuneCP5_00/DYJetsToLL_M-10to50_TuneCP5_00_426.root /hdfs/store/user/jmadhusu/with_boostedtau/2017_skimmed/with_boostedtaus/etau/DYJetsToLL_M-10to50_TuneCP5_00/DYJetsToLL_M-10to50_TuneCP5_00_427.root /hdfs/store/user/jmadhusu/with_boostedtau/2017_skimmed/with_boostedtaus/etau/DYJetsToLL_M-10to50_TuneCP5_00/DYJetsToLL_M-10to50_TuneCP5_00_428.root /hdfs/store/user/jmadhusu/with_boostedtau/2017_skimmed/with_boostedtaus/etau/DYJetsToLL_M-10to50_TuneCP5_00/DYJetsToLL_M-10to50_TuneCP5_00_429.root /hdfs/store/user/jmadhusu/with_boostedtau/2017_skimmed/with_boostedtaus/etau/DYJetsToLL_M-10to50_TuneCP5_00/DYJetsToLL_M-10to50_TuneCP5_00_43.root /hdfs/store/user/jmadhusu/with_boostedtau/2017_skimmed/with_boostedtaus/etau/DYJetsToLL_M-10to50_TuneCP5_00/DYJetsToLL_M-10to50_TuneCP5_00_430.root /hdfs/store/user/jmadhusu/with_boostedtau/2017_skimmed/with_boostedtaus/etau/DYJetsToLL_M-10to50_TuneCP5_00/DYJetsToLL_M-10to50_TuneCP5_00_431.root /hdfs/store/user/jmadhusu/with_boostedtau/2017_skimmed/with_boostedtaus/etau/DYJetsToLL_M-10to50_TuneCP5_00/DYJetsToLL_M-10to50_TuneCP5_00_432.root /hdfs/store/user/jmadhusu/with_boostedtau/2017_skimmed/with_boostedtaus/etau/DYJetsToLL_M-10to50_TuneCP5_00/DYJetsToLL_M-10to50_TuneCP5_00_433.root /hdfs/store/user/jmadhusu/with_boostedtau/2017_skimmed/with_boostedtaus/etau/DYJetsToLL_M-10to50_TuneCP5_00/DYJetsToLL_M-10to50_TuneCP5_00_434.root /hdfs/store/user/jmadhusu/with_boostedtau/2017_skimmed/with_boostedtaus/etau/DYJetsToLL_M-10to50_TuneCP5_00/DYJetsToLL_M-10to50_TuneCP5_00_435.root /hdfs/store/user/jmadhusu/with_boostedtau/2017_skimmed/with_boostedtaus/etau/DYJetsToLL_M-10to50_TuneCP5_00/DYJetsToLL_M-10to50_TuneCP5_00_436.root /hdfs/store/user/jmadhusu/with_boostedtau/2017_skimmed/with_boostedtaus/etau/DYJetsToLL_M-10to50_TuneCP5_00/DYJetsToLL_M-10to50_TuneCP5_00_437.root /hdfs/store/user/jmadhusu/with_boostedtau/2017_skimmed/with_boostedtaus/etau/DYJetsToLL_M-10to50_TuneCP5_00/DYJetsToLL_M-10to50_TuneCP5_00_438.root /hdfs/store/user/jmadhusu/with_boostedtau/2017_skimmed/with_boostedtaus/etau/DYJetsToLL_M-10to50_TuneCP5_00/DYJetsToLL_M-10to50_TuneCP5_00_439.root /hdfs/store/user/jmadhusu/with_boostedtau/2017_skimmed/with_boostedtaus/etau/DYJetsToLL_M-10to50_TuneCP5_00/DYJetsToLL_M-10to50_TuneCP5_00_44.root /hdfs/store/user/jmadhusu/with_boostedtau/2017_skimmed/with_boostedtaus/etau/DYJetsToLL_M-10to50_TuneCP5_00/DYJetsToLL_M-10to50_TuneCP5_00_440.root /hdfs/store/user/jmadhusu/with_boostedtau/2017_skimmed/with_boostedtaus/etau/DYJetsToLL_M-10to50_TuneCP5_00/DYJetsToLL_M-10to50_TuneCP5_00_441.root /hdfs/store/user/jmadhusu/with_boostedtau/2017_skimmed/with_boostedtaus/etau/DYJetsToLL_M-10to50_TuneCP5_00/DYJetsToLL_M-10to50_TuneCP5_00_442.root /hdfs/store/user/jmadhusu/with_boostedtau/2017_skimmed/with_boostedtaus/etau/DYJetsToLL_M-10to50_TuneCP5_00/DYJetsToLL_M-10to50_TuneCP5_00_443.root /hdfs/store/user/jmadhusu/with_boostedtau/2017_skimmed/with_boostedtaus/etau/DYJetsToLL_M-10to50_TuneCP5_00/DYJetsToLL_M-10to50_TuneCP5_00_444.root /hdfs/store/user/jmadhusu/with_boostedtau/2017_skimmed/with_boostedtaus/etau/DYJetsToLL_M-10to50_TuneCP5_00/DYJetsToLL_M-10to50_TuneCP5_00_445.root /hdfs/store/user/jmadhusu/with_boostedtau/2017_skimmed/with_boostedtaus/etau/DYJetsToLL_M-10to50_TuneCP5_00/DYJetsToLL_M-10to50_TuneCP5_00_446.root /hdfs/store/user/jmadhusu/with_boostedtau/2017_skimmed/with_boostedtaus/etau/DYJetsToLL_M-10to50_TuneCP5_00/DYJetsToLL_M-10to50_TuneCP5_00_447.root /hdfs/store/user/jmadhusu/with_boostedtau/2017_skimmed/with_boostedtaus/etau/DYJetsToLL_M-10to50_TuneCP5_00/DYJetsToLL_M-10to50_TuneCP5_00_448.root /hdfs/store/user/jmadhusu/with_boostedtau/2017_skimmed/with_boostedtaus/etau/DYJetsToLL_M-10to50_TuneCP5_00/DYJetsToLL_M-10to50_TuneCP5_00_449.root /hdfs/store/user/jmadhusu/with_boostedtau/2017_skimmed/with_boostedtaus/etau/DYJetsToLL_M-10to50_TuneCP5_00/DYJetsToLL_M-10to50_TuneCP5_00_45.root /hdfs/store/user/jmadhusu/with_boostedtau/2017_skimmed/with_boostedtaus/etau/DYJetsToLL_M-10to50_TuneCP5_00/DYJetsToLL_M-10to50_TuneCP5_00_450.root /hdfs/store/user/jmadhusu/with_boostedtau/2017_skimmed/with_boostedtaus/etau/DYJetsToLL_M-10to50_TuneCP5_00/DYJetsToLL_M-10to50_TuneCP5_00_451.root /hdfs/store/user/jmadhusu/with_boostedtau/2017_skimmed/with_boostedtaus/etau/DYJetsToLL_M-10to50_TuneCP5_00/DYJetsToLL_M-10to50_TuneCP5_00_452.root /hdfs/store/user/jmadhusu/with_boostedtau/2017_skimmed/with_boostedtaus/etau/DYJetsToLL_M-10to50_TuneCP5_00/DYJetsToLL_M-10to50_TuneCP5_00_453.root /hdfs/store/user/jmadhusu/with_boostedtau/2017_skimmed/with_boostedtaus/etau/DYJetsToLL_M-10to50_TuneCP5_00/DYJetsToLL_M-10to50_TuneCP5_00_454.root /hdfs/store/user/jmadhusu/with_boostedtau/2017_skimmed/with_boostedtaus/etau/DYJetsToLL_M-10to50_TuneCP5_00/DYJetsToLL_M-10to50_TuneCP5_00_455.root /hdfs/store/user/jmadhusu/with_boostedtau/2017_skimmed/with_boostedtaus/etau/DYJetsToLL_M-10to50_TuneCP5_00/DYJetsToLL_M-10to50_TuneCP5_00_456.root
