000 (3174839.000.000) 2022-01-04 15:25:29 Job submitted from host: <144.92.180.5:9618?addrs=144.92.180.5-9618+[2607-f388-101c-1000--368]-9618&alias=login02.hep.wisc.edu&noUDP&sock=schedd_2326_0560>
...
040 (3174839.000.000) 2022-01-04 15:25:52 Started transferring input files
	Transferring to host: <128.105.245.90:9618?addrs=128.105.245.90-9618&alias=e290.chtc.wisc.edu&noUDP&sock=slot1_4_37203_a102_16034>
...
040 (3174839.000.000) 2022-01-04 15:27:21 Finished transferring input files
...
001 (3174839.000.000) 2022-01-04 15:27:22 Job executing on host: <128.105.245.90:9618?addrs=128.105.245.90-9618&alias=e290.chtc.wisc.edu&noUDP&sock=startd_2412_0285>
...
006 (3174839.000.000) 2022-01-04 15:27:32 Image size of job updated: 40004
	1  -  MemoryUsage of job (MB)
	592  -  ResidentSetSize of job (KB)
...
006 (3174839.000.000) 2022-01-04 15:28:36 Image size of job updated: 1172124
	1  -  MemoryUsage of job (MB)
	592  -  ResidentSetSize of job (KB)
...
040 (3174839.000.000) 2022-01-04 15:28:38 Started transferring output files
...
040 (3174839.000.000) 2022-01-04 15:28:38 Finished transferring output files
...
005 (3174839.000.000) 2022-01-04 15:28:38 Job terminated.
	(1) Normal termination (return value 0)
		Usr 0 00:00:09, Sys 0 00:00:02  -  Run Remote Usage
		Usr 0 00:00:00, Sys 0 00:00:00  -  Run Local Usage
		Usr 0 00:00:09, Sys 0 00:00:02  -  Total Remote Usage
		Usr 0 00:00:00, Sys 0 00:00:00  -  Total Local Usage
	115199  -  Run Bytes Sent By Job
	315491808  -  Run Bytes Received By Job
	115199  -  Total Bytes Sent By Job
	315491808  -  Total Bytes Received By Job
	Partitionable Resources :     Usage  Request Allocated 
	   Cpus                 :      0.02        1         1 
	   Disk (KB)            : 308270     2048000   2318828 
	   IoHeavy              :                            0 
	   Memory (MB)          :      1        1992      2048 

	Job terminated of its own accord at 2022-01-04T21:28:36Z.
...
