000 (3174831.000.000) 2022-01-04 15:25:15 Job submitted from host: <144.92.180.5:9618?addrs=144.92.180.5-9618+[2607-f388-101c-1000--368]-9618&alias=login02.hep.wisc.edu&noUDP&sock=schedd_2326_0560>
...
040 (3174831.000.000) 2022-01-04 15:25:46 Started transferring input files
	Transferring to host: <128.105.245.205:9618?addrs=128.105.245.205-9618&alias=e2405.chtc.wisc.edu&noUDP&sock=slot1_6_12492_7e75_16280>
...
040 (3174831.000.000) 2022-01-04 15:27:45 Finished transferring input files
...
001 (3174831.000.000) 2022-01-04 15:27:46 Job executing on host: <128.105.245.205:9618?addrs=128.105.245.205-9618&alias=e2405.chtc.wisc.edu&noUDP&sock=startd_22676_6da9>
...
006 (3174831.000.000) 2022-01-04 15:27:54 Image size of job updated: 129508
	31  -  MemoryUsage of job (MB)
	31044  -  ResidentSetSize of job (KB)
...
006 (3174831.000.000) 2022-01-04 15:28:42 Image size of job updated: 1175420
	31  -  MemoryUsage of job (MB)
	31044  -  ResidentSetSize of job (KB)
...
040 (3174831.000.000) 2022-01-04 15:28:44 Started transferring output files
...
040 (3174831.000.000) 2022-01-04 15:28:44 Finished transferring output files
...
005 (3174831.000.000) 2022-01-04 15:28:44 Job terminated.
	(1) Normal termination (return value 0)
		Usr 0 00:00:33, Sys 0 00:00:04  -  Run Remote Usage
		Usr 0 00:00:00, Sys 0 00:00:00  -  Run Local Usage
		Usr 0 00:00:33, Sys 0 00:00:04  -  Total Remote Usage
		Usr 0 00:00:00, Sys 0 00:00:00  -  Total Local Usage
	156585  -  Run Bytes Sent By Job
	315491776  -  Run Bytes Received By Job
	156585  -  Total Bytes Sent By Job
	315491776  -  Total Bytes Received By Job
	Partitionable Resources :     Usage  Request Allocated 
	   Cpus                 :      0.79        1         1 
	   Disk (KB)            : 308311     2048000   2353436 
	   IoHeavy              :                            0 
	   Memory (MB)          :     31        1992      2048 

	Job terminated of its own accord at 2022-01-04T21:28:42Z.
...
