000 (3174863.000.000) 2022-01-04 15:26:26 Job submitted from host: <144.92.180.5:9618?addrs=144.92.180.5-9618+[2607-f388-101c-1000--368]-9618&alias=login02.hep.wisc.edu&noUDP&sock=schedd_2326_0560>
...
040 (3174863.000.000) 2022-01-04 15:26:48 Entered queue to transfer input files
	Transferring to host: <128.104.101.146:9618?addrs=128.104.101.146-9618+[2607-f388-107c-501-4603-a7ff-fe29-a50b]-9618&alias=e0146.chtc.wisc.edu&noUDP&sock=slot1_5_3001_39d3_12505>
...
040 (3174863.000.000) 2022-01-04 15:27:06 Started transferring input files
	Seconds spent in queue: 18
...
040 (3174863.000.000) 2022-01-04 15:30:48 Finished transferring input files
...
001 (3174863.000.000) 2022-01-04 15:30:49 Job executing on host: <128.104.101.146:9618?addrs=128.104.101.146-9618+[2607-f388-107c-501-4603-a7ff-fe29-a50b]-9618&alias=e0146.chtc.wisc.edu&noUDP&sock=startd_2010_4573>
...
006 (3174863.000.000) 2022-01-04 15:30:57 Image size of job updated: 602772
	455  -  MemoryUsage of job (MB)
	465888  -  ResidentSetSize of job (KB)
...
006 (3174863.000.000) 2022-01-04 15:31:56 Image size of job updated: 1172484
	459  -  MemoryUsage of job (MB)
	469848  -  ResidentSetSize of job (KB)
...
040 (3174863.000.000) 2022-01-04 15:31:56 Started transferring output files
	Seconds spent in queue: 308
...
040 (3174863.000.000) 2022-01-04 15:31:57 Finished transferring output files
...
005 (3174863.000.000) 2022-01-04 15:31:57 Job terminated.
	(1) Normal termination (return value 0)
		Usr 0 00:00:55, Sys 0 00:00:02  -  Run Remote Usage
		Usr 0 00:00:00, Sys 0 00:00:00  -  Run Local Usage
		Usr 0 00:00:55, Sys 0 00:00:02  -  Total Remote Usage
		Usr 0 00:00:00, Sys 0 00:00:00  -  Total Local Usage
	133959  -  Run Bytes Sent By Job
	315491808  -  Run Bytes Received By Job
	133959  -  Total Bytes Sent By Job
	315491808  -  Total Bytes Received By Job
	Partitionable Resources :     Usage  Request Allocated 
	   Cpus                 :      0.03        1         1 
	   Disk (KB)            : 308289     2048000   3321251 
	   IoHeavy              :                            0 
	   Memory (MB)          :    459        1992      2048 

	Job terminated of its own accord at 2022-01-04T21:31:56Z.
...
