000 (3174814.000.000) 2022-01-04 15:24:33 Job submitted from host: <144.92.180.5:9618?addrs=144.92.180.5-9618+[2607-f388-101c-1000--368]-9618&alias=login02.hep.wisc.edu&noUDP&sock=schedd_2326_0560>
...
040 (3174814.000.000) 2022-01-04 15:24:53 Started transferring input files
	Transferring to host: <128.105.245.166:9618?addrs=128.105.245.166-9618&alias=e2366.chtc.wisc.edu&noUDP&sock=slot1_8_10731_b5cd_15883>
...
040 (3174814.000.000) 2022-01-04 15:27:20 Finished transferring input files
...
001 (3174814.000.000) 2022-01-04 15:27:21 Job executing on host: <128.105.245.166:9618?addrs=128.105.245.166-9618&alias=e2366.chtc.wisc.edu&noUDP&sock=startd_2344_5e15>
...
006 (3174814.000.000) 2022-01-04 15:27:31 Image size of job updated: 28148
	6  -  MemoryUsage of job (MB)
	5312  -  ResidentSetSize of job (KB)
...
006 (3174814.000.000) 2022-01-04 15:29:23 Image size of job updated: 1198428
	6  -  MemoryUsage of job (MB)
	5312  -  ResidentSetSize of job (KB)
...
040 (3174814.000.000) 2022-01-04 15:29:25 Started transferring output files
...
040 (3174814.000.000) 2022-01-04 15:29:26 Finished transferring output files
...
005 (3174814.000.000) 2022-01-04 15:29:26 Job terminated.
	(1) Normal termination (return value 0)
		Usr 0 00:00:17, Sys 0 00:00:01  -  Run Remote Usage
		Usr 0 00:00:00, Sys 0 00:00:00  -  Run Local Usage
		Usr 0 00:00:17, Sys 0 00:00:01  -  Total Remote Usage
		Usr 0 00:00:00, Sys 0 00:00:00  -  Total Local Usage
	142053  -  Run Bytes Sent By Job
	315491776  -  Run Bytes Received By Job
	142053  -  Total Bytes Sent By Job
	315491776  -  Total Bytes Received By Job
	Partitionable Resources :     Usage  Request Allocated 
	   Cpus                 :      0.00        1         1 
	   Disk (KB)            : 308297     2048000   2344486 
	   IoHeavy              :                            0 
	   Memory (MB)          :      6        1992      2048 

	Job terminated of its own accord at 2022-01-04T21:29:23Z.
...
