000 (3174787.000.000) 2022-01-04 15:23:41 Job submitted from host: <144.92.180.5:9618?addrs=144.92.180.5-9618+[2607-f388-101c-1000--368]-9618&alias=login02.hep.wisc.edu&noUDP&sock=schedd_2326_0560>
...
040 (3174787.000.000) 2022-01-04 15:24:42 Started transferring input files
	Transferring to host: <128.104.58.109:9618?addrs=128.104.58.109-9618+[2607-f388-1086-0-62eb-69ff-feed-f730]-9618&alias=e1469.chtc.wisc.edu&noUDP&sock=slot1_6_13246_c154_14771>
...
040 (3174787.000.000) 2022-01-04 15:26:47 Finished transferring input files
...
001 (3174787.000.000) 2022-01-04 15:26:48 Job executing on host: <128.104.58.109:9618?addrs=128.104.58.109-9618+[2607-f388-1086-0-62eb-69ff-feed-f730]-9618&alias=e1469.chtc.wisc.edu&noUDP&sock=startd_3855_c9af>
...
006 (3174787.000.000) 2022-01-04 15:26:56 Image size of job updated: 2
	0  -  MemoryUsage of job (MB)
	0  -  ResidentSetSize of job (KB)
...
006 (3174787.000.000) 2022-01-04 15:28:05 Image size of job updated: 1183304
	0  -  MemoryUsage of job (MB)
	0  -  ResidentSetSize of job (KB)
...
040 (3174787.000.000) 2022-01-04 15:28:08 Started transferring output files
...
040 (3174787.000.000) 2022-01-04 15:28:08 Finished transferring output files
...
005 (3174787.000.000) 2022-01-04 15:28:10 Job terminated.
	(1) Normal termination (return value 0)
		Usr 0 00:00:25, Sys 0 00:00:02  -  Run Remote Usage
		Usr 0 00:00:00, Sys 0 00:00:00  -  Run Local Usage
		Usr 0 00:00:25, Sys 0 00:00:02  -  Total Remote Usage
		Usr 0 00:00:00, Sys 0 00:00:00  -  Total Local Usage
	149292  -  Run Bytes Sent By Job
	315491808  -  Run Bytes Received By Job
	149292  -  Total Bytes Sent By Job
	315491808  -  Total Bytes Received By Job
	Partitionable Resources :     Usage  Request Allocated 
	   Cpus                 :      0.00        1         1 
	   Disk (KB)            : 308304     2048000   9194943 
	   IoHeavy              :                            0 
	   Memory (MB)          :      0        1992      2048 

	Job terminated of its own accord at 2022-01-04T21:28:05Z.
...
