All files added.
Initializing chain.
from Init MC
****************** ttbar sample found
.... MC file ..... 
Coming in: 
nentries:21608
Running over 21608 events.
Finished entry 0/21607
Finished entry 1000/21607
Finished entry 2000/21607
Finished entry 3000/21607
Finished entry 4000/21607
Finished entry 5000/21607
Finished entry 6000/21607
Finished entry 7000/21607
Finished entry 8000/21607
Finished entry 9000/21607
Finished entry 10000/21607
Finished entry 11000/21607
Finished entry 12000/21607
Finished entry 13000/21607
Finished entry 14000/21607
Finished entry 15000/21607
Finished entry 16000/21607
Finished entry 17000/21607
Finished entry 18000/21607
Finished entry 19000/21607
Finished entry 20000/21607
Finished entry 21000/21607
Finished entry 21607/21607
All events checked.
*******************************************
******************Jithin's original*************************
    Initial entries 21608.000000
   Passing smikking 0.000000
Inspected genWeightd 21408.000000   % change= 0.925583
   METFiltersPassed 20853.274493   % change= 2.591207
    SingleTrgPassed 6126.892854   % change= 70.619037
     GoodMuonPassed 4927.314124   % change= 19.578908
      GoodTauPassed 1908.042756   % change= 61.276210
         opp charge 1908.042756   % change= 0.000000
 PassedThirdLepVeto 1659.042734   % change= 13.050023
     PassedBjetVeto 361.591310   % change= 78.204822
       DeltaRPassed 361.591310   % change= 0.000000
      Total change :98.326586
*******************************************
*******************************************
Number of events inspected: 21608
Number of events inspected (minus negative gen. weights): 21408.000000
 Outpt written to TTTo2L2Nu_powheg_60.root
Real time 0:00:49, CP time 38.100
