000 (3174875.000.000) 2022-01-04 15:26:49 Job submitted from host: <144.92.180.5:9618?addrs=144.92.180.5-9618+[2607-f388-101c-1000--368]-9618&alias=login02.hep.wisc.edu&noUDP&sock=schedd_2326_0560>
...
040 (3174875.000.000) 2022-01-04 15:26:59 Entered queue to transfer input files
	Transferring to host: <128.105.245.109:9618?addrs=128.105.245.109-9618&alias=e309.chtc.wisc.edu&noUDP&sock=slot1_5_5915_670a_16018>
...
040 (3174875.000.000) 2022-01-04 15:27:48 Started transferring input files
	Seconds spent in queue: 49
...
040 (3174875.000.000) 2022-01-04 15:32:14 Finished transferring input files
...
001 (3174875.000.000) 2022-01-04 15:32:15 Job executing on host: <128.105.245.109:9618?addrs=128.105.245.109-9618&alias=e309.chtc.wisc.edu&noUDP&sock=startd_2851_2099>
...
006 (3174875.000.000) 2022-01-04 15:32:23 Image size of job updated: 541728
	396  -  MemoryUsage of job (MB)
	405504  -  ResidentSetSize of job (KB)
...
006 (3174875.000.000) 2022-01-04 15:33:18 Image size of job updated: 1177136
	396  -  MemoryUsage of job (MB)
	405504  -  ResidentSetSize of job (KB)
...
040 (3174875.000.000) 2022-01-04 15:33:18 Started transferring output files
	Seconds spent in queue: 379
...
040 (3174875.000.000) 2022-01-04 15:33:18 Finished transferring output files
...
005 (3174875.000.000) 2022-01-04 15:33:19 Job terminated.
	(1) Normal termination (return value 0)
		Usr 0 00:00:29, Sys 0 00:00:04  -  Run Remote Usage
		Usr 0 00:00:00, Sys 0 00:00:00  -  Run Local Usage
		Usr 0 00:00:29, Sys 0 00:00:04  -  Total Remote Usage
		Usr 0 00:00:00, Sys 0 00:00:00  -  Total Local Usage
	151235  -  Run Bytes Sent By Job
	315491808  -  Run Bytes Received By Job
	151235  -  Total Bytes Sent By Job
	315491808  -  Total Bytes Received By Job
	Partitionable Resources :     Usage  Request Allocated 
	   Cpus                 :      0.05        1         1 
	   Disk (KB)            : 308306     2048000   2339920 
	   IoHeavy              :                            0 
	   Memory (MB)          :    396        1992      2048 

	Job terminated of its own accord at 2022-01-04T21:33:18Z.
...
