000 (3174864.000.000) 2022-01-04 15:26:28 Job submitted from host: <144.92.180.5:9618?addrs=144.92.180.5-9618+[2607-f388-101c-1000--368]-9618&alias=login02.hep.wisc.edu&noUDP&sock=schedd_2326_0560>
...
040 (3174864.000.000) 2022-01-04 15:26:48 Entered queue to transfer input files
	Transferring to host: <128.105.245.158:9618?addrs=128.105.245.158-9618&alias=e2358.chtc.wisc.edu&noUDP&sock=slot1_4_11493_9bac_16144>
...
040 (3174864.000.000) 2022-01-04 15:27:14 Started transferring input files
	Seconds spent in queue: 26
...
040 (3174864.000.000) 2022-01-04 15:28:18 Finished transferring input files
...
001 (3174864.000.000) 2022-01-04 15:28:19 Job executing on host: <128.105.245.158:9618?addrs=128.105.245.158-9618&alias=e2358.chtc.wisc.edu&noUDP&sock=startd_2758_564a>
...
006 (3174864.000.000) 2022-01-04 15:28:29 Image size of job updated: 606864
	395  -  MemoryUsage of job (MB)
	404428  -  ResidentSetSize of job (KB)
...
006 (3174864.000.000) 2022-01-04 15:29:59 Image size of job updated: 1174008
	395  -  MemoryUsage of job (MB)
	404428  -  ResidentSetSize of job (KB)
...
040 (3174864.000.000) 2022-01-04 15:29:59 Started transferring output files
	Seconds spent in queue: 191
...
040 (3174864.000.000) 2022-01-04 15:29:59 Finished transferring output files
...
005 (3174864.000.000) 2022-01-04 15:30:00 Job terminated.
	(1) Normal termination (return value 0)
		Usr 0 00:01:02, Sys 0 00:00:04  -  Run Remote Usage
		Usr 0 00:00:00, Sys 0 00:00:00  -  Run Local Usage
		Usr 0 00:01:02, Sys 0 00:00:04  -  Total Remote Usage
		Usr 0 00:00:00, Sys 0 00:00:00  -  Total Local Usage
	137399  -  Run Bytes Sent By Job
	315491808  -  Run Bytes Received By Job
	137399  -  Total Bytes Sent By Job
	315491808  -  Total Bytes Received By Job
	Partitionable Resources :     Usage  Request Allocated 
	   Cpus                 :      0.91        1         1 
	   Disk (KB)            : 308292     2048000   2319559 
	   IoHeavy              :                            0 
	   Memory (MB)          :    395        1992      2048 

	Job terminated of its own accord at 2022-01-04T21:29:59Z.
...
