000 (3174869.000.000) 2022-01-04 15:26:37 Job submitted from host: <144.92.180.5:9618?addrs=144.92.180.5-9618+[2607-f388-101c-1000--368]-9618&alias=login02.hep.wisc.edu&noUDP&sock=schedd_2326_0560>
...
040 (3174869.000.000) 2022-01-04 15:26:52 Entered queue to transfer input files
	Transferring to host: <128.105.245.126:9618?addrs=128.105.245.126-9618&alias=e2326.chtc.wisc.edu&noUDP&sock=slot1_4_17223_e955_16445>
...
040 (3174869.000.000) 2022-01-04 15:27:28 Started transferring input files
	Seconds spent in queue: 36
...
040 (3174869.000.000) 2022-01-04 15:28:07 Finished transferring input files
...
001 (3174869.000.000) 2022-01-04 15:28:08 Job executing on host: <128.105.245.126:9618?addrs=128.105.245.126-9618&alias=e2326.chtc.wisc.edu&noUDP&sock=startd_2387_dca7>
...
006 (3174869.000.000) 2022-01-04 15:28:17 Image size of job updated: 1284
	0  -  MemoryUsage of job (MB)
	0  -  ResidentSetSize of job (KB)
...
006 (3174869.000.000) 2022-01-04 15:29:52 Image size of job updated: 1176744
	0  -  MemoryUsage of job (MB)
	0  -  ResidentSetSize of job (KB)
...
040 (3174869.000.000) 2022-01-04 15:29:52 Started transferring output files
	Seconds spent in queue: 180
...
040 (3174869.000.000) 2022-01-04 15:29:52 Finished transferring output files
...
005 (3174869.000.000) 2022-01-04 15:29:52 Job terminated.
	(1) Normal termination (return value 0)
		Usr 0 00:00:22, Sys 0 00:00:03  -  Run Remote Usage
		Usr 0 00:00:00, Sys 0 00:00:00  -  Run Local Usage
		Usr 0 00:00:22, Sys 0 00:00:03  -  Total Remote Usage
		Usr 0 00:00:00, Sys 0 00:00:00  -  Total Local Usage
	148283  -  Run Bytes Sent By Job
	315491808  -  Run Bytes Received By Job
	148283  -  Total Bytes Sent By Job
	315491808  -  Total Bytes Received By Job
	Partitionable Resources :     Usage  Request Allocated 
	   Cpus                 :      0.00        1         1 
	   Disk (KB)            : 308303     2048000   2335366 
	   IoHeavy              :                            0 
	   Memory (MB)          :      0        1992      2048 

	Job terminated of its own accord at 2022-01-04T21:29:52Z.
...
