000 (3174860.000.000) 2022-01-04 15:26:19 Job submitted from host: <144.92.180.5:9618?addrs=144.92.180.5-9618+[2607-f388-101c-1000--368]-9618&alias=login02.hep.wisc.edu&noUDP&sock=schedd_2326_0560>
...
040 (3174860.000.000) 2022-01-04 15:26:33 Entered queue to transfer input files
	Transferring to host: <128.105.68.109:9618?addrs=128.105.68.109-9618&alias=e2425.chtc.wisc.edu&noUDP&sock=slot1_8_3408_fe84_16222>
...
040 (3174860.000.000) 2022-01-04 15:26:58 Started transferring input files
	Seconds spent in queue: 25
...
040 (3174860.000.000) 2022-01-04 15:28:01 Finished transferring input files
...
001 (3174860.000.000) 2022-01-04 15:28:02 Job executing on host: <128.105.68.109:9618?addrs=128.105.68.109-9618&alias=e2425.chtc.wisc.edu&noUDP&sock=startd_2996_95d4>
...
006 (3174860.000.000) 2022-01-04 15:28:11 Image size of job updated: 554124
	411  -  MemoryUsage of job (MB)
	420276  -  ResidentSetSize of job (KB)
...
006 (3174860.000.000) 2022-01-04 15:29:20 Image size of job updated: 1172192
	412  -  MemoryUsage of job (MB)
	421728  -  ResidentSetSize of job (KB)
...
040 (3174860.000.000) 2022-01-04 15:29:21 Started transferring output files
	Seconds spent in queue: 168
...
040 (3174860.000.000) 2022-01-04 15:29:22 Finished transferring output files
...
005 (3174860.000.000) 2022-01-04 15:29:23 Job terminated.
	(1) Normal termination (return value 0)
		Usr 0 00:01:01, Sys 0 00:00:03  -  Run Remote Usage
		Usr 0 00:00:00, Sys 0 00:00:00  -  Run Local Usage
		Usr 0 00:01:01, Sys 0 00:00:03  -  Total Remote Usage
		Usr 0 00:00:00, Sys 0 00:00:00  -  Total Local Usage
	135876  -  Run Bytes Sent By Job
	315491808  -  Run Bytes Received By Job
	135876  -  Total Bytes Sent By Job
	315491808  -  Total Bytes Received By Job
	Partitionable Resources :     Usage  Request Allocated 
	   Cpus                 :      0.84        1         1 
	   Disk (KB)            : 308291     2048000   2362639 
	   IoHeavy              :                            0 
	   Memory (MB)          :    412        1992      2048 

	Job terminated of its own accord at 2022-01-04T21:29:20Z.
...
