000 (3174846.000.000) 2022-01-04 15:25:42 Job submitted from host: <144.92.180.5:9618?addrs=144.92.180.5-9618+[2607-f388-101c-1000--368]-9618&alias=login02.hep.wisc.edu&noUDP&sock=schedd_2326_0560>
...
040 (3174846.000.000) 2022-01-04 15:26:00 Entered queue to transfer input files
	Transferring to host: <128.104.58.193:9618?addrs=128.104.58.193-9618+[2607-f388-1086-0-16fe-b5ff-fec6-7060]-9618&alias=e1051.chtc.wisc.edu&noUDP&sock=slot1_20_16979_fdcc_15347>
...
040 (3174846.000.000) 2022-01-04 15:26:30 Started transferring input files
	Seconds spent in queue: 30
...
040 (3174846.000.000) 2022-01-04 15:27:27 Finished transferring input files
...
001 (3174846.000.000) 2022-01-04 15:27:28 Job executing on host: <128.104.58.193:9618?addrs=128.104.58.193-9618+[2607-f388-1086-0-16fe-b5ff-fec6-7060]-9618&alias=e1051.chtc.wisc.edu&noUDP&sock=startd_4959_0a3d>
...
006 (3174846.000.000) 2022-01-04 15:27:37 Image size of job updated: 58740
	7  -  MemoryUsage of job (MB)
	7168  -  ResidentSetSize of job (KB)
...
006 (3174846.000.000) 2022-01-04 15:28:48 Image size of job updated: 1172856
	7  -  MemoryUsage of job (MB)
	7168  -  ResidentSetSize of job (KB)
...
040 (3174846.000.000) 2022-01-04 15:28:49 Started transferring output files
	Seconds spent in queue: 169
...
040 (3174846.000.000) 2022-01-04 15:28:50 Finished transferring output files
...
005 (3174846.000.000) 2022-01-04 15:28:51 Job terminated.
	(1) Normal termination (return value 0)
		Usr 0 00:00:26, Sys 0 00:00:04  -  Run Remote Usage
		Usr 0 00:00:00, Sys 0 00:00:00  -  Run Local Usage
		Usr 0 00:00:26, Sys 0 00:00:04  -  Total Remote Usage
		Usr 0 00:00:00, Sys 0 00:00:00  -  Total Local Usage
	111240  -  Run Bytes Sent By Job
	315491808  -  Run Bytes Received By Job
	111240  -  Total Bytes Sent By Job
	315491808  -  Total Bytes Received By Job
	Partitionable Resources :     Usage  Request Allocated 
	   Cpus                 :      0.21        1         1 
	   Disk (KB)            : 308267     2048000   2312144 
	   IoHeavy              :                            0 
	   Memory (MB)          :      7        1992      2048 

	Job terminated of its own accord at 2022-01-04T21:28:47Z.
...
