000 (3174816.000.000) 2022-01-04 15:24:38 Job submitted from host: <144.92.180.5:9618?addrs=144.92.180.5-9618+[2607-f388-101c-1000--368]-9618&alias=login02.hep.wisc.edu&noUDP&sock=schedd_2326_0560>
...
040 (3174816.000.000) 2022-01-04 15:24:50 Started transferring input files
	Transferring to host: <128.104.101.144:9618?addrs=128.104.101.144-9618+[2607-f388-107c-501-4603-a7ff-fe29-710d]-9618&alias=e144.chtc.wisc.edu&noUDP&sock=slot1_7_3060_cbf6_12413>
...
040 (3174816.000.000) 2022-01-04 15:27:28 Finished transferring input files
...
001 (3174816.000.000) 2022-01-04 15:27:29 Job executing on host: <128.104.101.144:9618?addrs=128.104.101.144-9618+[2607-f388-107c-501-4603-a7ff-fe29-710d]-9618&alias=e144.chtc.wisc.edu&noUDP&sock=startd_1813_254b>
...
006 (3174816.000.000) 2022-01-04 15:27:38 Image size of job updated: 116344
	47  -  MemoryUsage of job (MB)
	47116  -  ResidentSetSize of job (KB)
...
006 (3174816.000.000) 2022-01-04 15:28:02 Image size of job updated: 1195972
	47  -  MemoryUsage of job (MB)
	47476  -  ResidentSetSize of job (KB)
...
040 (3174816.000.000) 2022-01-04 15:28:06 Started transferring output files
...
040 (3174816.000.000) 2022-01-04 15:28:06 Finished transferring output files
...
005 (3174816.000.000) 2022-01-04 15:28:06 Job terminated.
	(1) Normal termination (return value 0)
		Usr 0 00:00:17, Sys 0 00:00:02  -  Run Remote Usage
		Usr 0 00:00:00, Sys 0 00:00:00  -  Run Local Usage
		Usr 0 00:00:17, Sys 0 00:00:02  -  Total Remote Usage
		Usr 0 00:00:00, Sys 0 00:00:00  -  Total Local Usage
	142460  -  Run Bytes Sent By Job
	315491776  -  Run Bytes Received By Job
	142460  -  Total Bytes Sent By Job
	315491776  -  Total Bytes Received By Job
	Partitionable Resources :     Usage  Request Allocated 
	   Cpus                 :      0.04        1         1 
	   Disk (KB)            : 308297     2048000   3398942 
	   IoHeavy              :                            0 
	   Memory (MB)          :     47        1992      2048 

	Job terminated of its own accord at 2022-01-04T21:28:02Z.
...
