000 (3174760.000.000) 2022-01-04 15:23:23 Job submitted from host: <144.92.180.5:9618?addrs=144.92.180.5-9618+[2607-f388-101c-1000--368]-9618&alias=login02.hep.wisc.edu&noUDP&sock=schedd_2326_0560>
...
040 (3174760.000.000) 2022-01-04 15:23:38 Started transferring input files
	Transferring to host: <128.105.245.144:9618?addrs=128.105.245.144-9618&alias=e344.chtc.wisc.edu&noUDP&sock=slot1_6_30888_23e1_15758>
...
040 (3174760.000.000) 2022-01-04 15:24:57 Finished transferring input files
...
001 (3174760.000.000) 2022-01-04 15:24:58 Job executing on host: <128.105.245.144:9618?addrs=128.105.245.144-9618&alias=e344.chtc.wisc.edu&noUDP&sock=startd_26653_51cf>
...
006 (3174760.000.000) 2022-01-04 15:25:07 Image size of job updated: 494648
	390  -  MemoryUsage of job (MB)
	398736  -  ResidentSetSize of job (KB)
...
006 (3174760.000.000) 2022-01-04 15:26:04 Image size of job updated: 1172772
	390  -  MemoryUsage of job (MB)
	398736  -  ResidentSetSize of job (KB)
...
040 (3174760.000.000) 2022-01-04 15:26:09 Started transferring output files
...
040 (3174760.000.000) 2022-01-04 15:26:09 Finished transferring output files
...
005 (3174760.000.000) 2022-01-04 15:26:11 Job terminated.
	(1) Normal termination (return value 0)
		Usr 0 00:00:38, Sys 0 00:00:03  -  Run Remote Usage
		Usr 0 00:00:00, Sys 0 00:00:00  -  Run Local Usage
		Usr 0 00:00:38, Sys 0 00:00:03  -  Total Remote Usage
		Usr 0 00:00:00, Sys 0 00:00:00  -  Total Local Usage
	161180  -  Run Bytes Sent By Job
	315491776  -  Run Bytes Received By Job
	161180  -  Total Bytes Sent By Job
	315491776  -  Total Bytes Received By Job
	Partitionable Resources :    Usage  Request Allocated 
	   Cpus                 :                 1         1 
	   Disk (KB)            :   308306  2048000   2338649 
	   IoHeavy              :                           0 
	   Memory (MB)          :      390     1992      2048 

	Job terminated of its own accord at 2022-01-04T21:26:03Z.
...
