000 (3174854.000.000) 2022-01-04 15:26:04 Job submitted from host: <144.92.180.5:9618?addrs=144.92.180.5-9618+[2607-f388-101c-1000--368]-9618&alias=login02.hep.wisc.edu&noUDP&sock=schedd_2326_0560>
...
040 (3174854.000.000) 2022-01-04 15:26:19 Entered queue to transfer input files
	Transferring to host: <128.105.245.144:9618?addrs=128.105.245.144-9618&alias=e344.chtc.wisc.edu&noUDP&sock=slot1_6_30888_23e1_15759>
...
040 (3174854.000.000) 2022-01-04 15:26:54 Started transferring input files
	Seconds spent in queue: 35
...
040 (3174854.000.000) 2022-01-04 15:27:45 Finished transferring input files
...
001 (3174854.000.000) 2022-01-04 15:27:46 Job executing on host: <128.105.245.144:9618?addrs=128.105.245.144-9618&alias=e344.chtc.wisc.edu&noUDP&sock=startd_26653_51cf>
...
006 (3174854.000.000) 2022-01-04 15:27:57 Image size of job updated: 797392
	452  -  MemoryUsage of job (MB)
	462644  -  ResidentSetSize of job (KB)
...
006 (3174854.000.000) 2022-01-04 15:28:44 Image size of job updated: 1172696
	454  -  MemoryUsage of job (MB)
	464624  -  ResidentSetSize of job (KB)
...
040 (3174854.000.000) 2022-01-04 15:28:44 Started transferring output files
	Seconds spent in queue: 145
...
040 (3174854.000.000) 2022-01-04 15:28:45 Finished transferring output files
...
005 (3174854.000.000) 2022-01-04 15:28:47 Job terminated.
	(1) Normal termination (return value 0)
		Usr 0 00:00:42, Sys 0 00:00:03  -  Run Remote Usage
		Usr 0 00:00:00, Sys 0 00:00:00  -  Run Local Usage
		Usr 0 00:00:42, Sys 0 00:00:03  -  Total Remote Usage
		Usr 0 00:00:00, Sys 0 00:00:00  -  Total Local Usage
	133203  -  Run Bytes Sent By Job
	315491808  -  Run Bytes Received By Job
	133203  -  Total Bytes Sent By Job
	315491808  -  Total Bytes Received By Job
	Partitionable Resources :     Usage  Request Allocated 
	   Cpus                 :      0.06        1         1 
	   Disk (KB)            : 308288     2048000   2338649 
	   IoHeavy              :                            0 
	   Memory (MB)          :    454        1992      2048 

	Job terminated of its own accord at 2022-01-04T21:28:44Z.
...
