000 (3174865.000.000) 2022-01-04 15:26:30 Job submitted from host: <144.92.180.5:9618?addrs=144.92.180.5-9618+[2607-f388-101c-1000--368]-9618&alias=login02.hep.wisc.edu&noUDP&sock=schedd_2326_0560>
...
040 (3174865.000.000) 2022-01-04 15:26:50 Entered queue to transfer input files
	Transferring to host: <128.105.245.118:9618?addrs=128.105.245.118-9618&alias=e2318.chtc.wisc.edu&noUDP&sock=slot1_9_32835_fa50_16353>
...
040 (3174865.000.000) 2022-01-04 15:27:22 Started transferring input files
	Seconds spent in queue: 32
...
040 (3174865.000.000) 2022-01-04 15:32:34 Finished transferring input files
...
001 (3174865.000.000) 2022-01-04 15:32:35 Job executing on host: <128.105.245.118:9618?addrs=128.105.245.118-9618&alias=e2318.chtc.wisc.edu&noUDP&sock=startd_2334_8222>
...
006 (3174865.000.000) 2022-01-04 15:32:44 Image size of job updated: 999056
	397  -  MemoryUsage of job (MB)
	406284  -  ResidentSetSize of job (KB)
...
006 (3174865.000.000) 2022-01-04 15:34:02 Image size of job updated: 1172792
	397  -  MemoryUsage of job (MB)
	406284  -  ResidentSetSize of job (KB)
...
040 (3174865.000.000) 2022-01-04 15:34:02 Started transferring output files
	Seconds spent in queue: 432
...
040 (3174865.000.000) 2022-01-04 15:34:02 Finished transferring output files
...
005 (3174865.000.000) 2022-01-04 15:34:02 Job terminated.
	(1) Normal termination (return value 0)
		Usr 0 00:00:54, Sys 0 00:00:03  -  Run Remote Usage
		Usr 0 00:00:00, Sys 0 00:00:00  -  Run Local Usage
		Usr 0 00:00:54, Sys 0 00:00:03  -  Total Remote Usage
		Usr 0 00:00:00, Sys 0 00:00:00  -  Total Local Usage
	137930  -  Run Bytes Sent By Job
	315491808  -  Run Bytes Received By Job
	137930  -  Total Bytes Sent By Job
	315491808  -  Total Bytes Received By Job
	Partitionable Resources :     Usage  Request Allocated 
	   Cpus                 :      0.89        1         1 
	   Disk (KB)            : 308293     2048000   2338385 
	   IoHeavy              :                            0 
	   Memory (MB)          :    397        1992      2048 

	Job terminated of its own accord at 2022-01-04T21:34:02Z.
...
