000 (3174815.000.000) 2022-01-04 15:24:36 Job submitted from host: <144.92.180.5:9618?addrs=144.92.180.5-9618+[2607-f388-101c-1000--368]-9618&alias=login02.hep.wisc.edu&noUDP&sock=schedd_2326_0560>
...
040 (3174815.000.000) 2022-01-04 15:24:56 Started transferring input files
	Transferring to host: <128.105.245.152:9618?addrs=128.105.245.152-9618&alias=e2352.chtc.wisc.edu&noUDP&sock=slot1_8_25690_adce_16443>
...
040 (3174815.000.000) 2022-01-04 15:26:33 Finished transferring input files
...
001 (3174815.000.000) 2022-01-04 15:26:34 Job executing on host: <128.105.245.152:9618?addrs=128.105.245.152-9618&alias=e2352.chtc.wisc.edu&noUDP&sock=startd_2975_2e57>
...
006 (3174815.000.000) 2022-01-04 15:26:43 Image size of job updated: 36240
	7  -  MemoryUsage of job (MB)
	6804  -  ResidentSetSize of job (KB)
...
006 (3174815.000.000) 2022-01-04 15:27:40 Image size of job updated: 1197456
	8  -  MemoryUsage of job (MB)
	7464  -  ResidentSetSize of job (KB)
...
040 (3174815.000.000) 2022-01-04 15:27:45 Started transferring output files
...
040 (3174815.000.000) 2022-01-04 15:27:46 Finished transferring output files
...
005 (3174815.000.000) 2022-01-04 15:27:48 Job terminated.
	(1) Normal termination (return value 0)
		Usr 0 00:00:17, Sys 0 00:00:01  -  Run Remote Usage
		Usr 0 00:00:00, Sys 0 00:00:00  -  Run Local Usage
		Usr 0 00:00:17, Sys 0 00:00:01  -  Total Remote Usage
		Usr 0 00:00:00, Sys 0 00:00:00  -  Total Local Usage
	140377  -  Run Bytes Sent By Job
	315491776  -  Run Bytes Received By Job
	140377  -  Total Bytes Sent By Job
	315491776  -  Total Bytes Received By Job
	Partitionable Resources :     Usage  Request Allocated 
	   Cpus                 :      0.80        1         1 
	   Disk (KB)            : 308295     2048000   2341645 
	   IoHeavy              :                            0 
	   Memory (MB)          :      8        1992      2048 

	Job terminated of its own accord at 2022-01-04T21:27:40Z.
...
