000 (3174752.000.000) 2022-01-04 15:23:19 Job submitted from host: <144.92.180.5:9618?addrs=144.92.180.5-9618+[2607-f388-101c-1000--368]-9618&alias=login02.hep.wisc.edu&noUDP&sock=schedd_2326_0560>
...
040 (3174752.000.000) 2022-01-04 15:23:35 Started transferring input files
	Transferring to host: <128.105.244.20:9618?addrs=128.105.244.20-9618&alias=e3151.chtc.wisc.edu&noUDP&sock=slot1_5_10404_4f20_15941>
...
040 (3174752.000.000) 2022-01-04 15:28:33 Finished transferring input files
...
001 (3174752.000.000) 2022-01-04 15:28:34 Job executing on host: <128.105.244.20:9618?addrs=128.105.244.20-9618&alias=e3151.chtc.wisc.edu&noUDP&sock=startd_1463_1325>
...
006 (3174752.000.000) 2022-01-04 15:28:42 Image size of job updated: 167820
	46  -  MemoryUsage of job (MB)
	46512  -  ResidentSetSize of job (KB)
...
006 (3174752.000.000) 2022-01-04 15:29:18 Image size of job updated: 1176172
	46  -  MemoryUsage of job (MB)
	46512  -  ResidentSetSize of job (KB)
...
040 (3174752.000.000) 2022-01-04 15:29:21 Started transferring output files
...
040 (3174752.000.000) 2022-01-04 15:29:21 Finished transferring output files
...
005 (3174752.000.000) 2022-01-04 15:29:21 Job terminated.
	(1) Normal termination (return value 0)
		Usr 0 00:00:24, Sys 0 00:00:02  -  Run Remote Usage
		Usr 0 00:00:00, Sys 0 00:00:00  -  Run Local Usage
		Usr 0 00:00:24, Sys 0 00:00:02  -  Total Remote Usage
		Usr 0 00:00:00, Sys 0 00:00:00  -  Total Local Usage
	172881  -  Run Bytes Sent By Job
	315491776  -  Run Bytes Received By Job
	172881  -  Total Bytes Sent By Job
	315491776  -  Total Bytes Received By Job
	Partitionable Resources :     Usage  Request Allocated 
	   Cpus                 :      0.03        1         1 
	   Disk (KB)            : 308326     2048000   3184171 
	   IoHeavy              :                            0 
	   Memory (MB)          :     46        1992      2048 

	Job terminated of its own accord at 2022-01-04T21:29:18Z.
...
