000 (3174824.000.000) 2022-01-04 15:25:02 Job submitted from host: <144.92.180.5:9618?addrs=144.92.180.5-9618+[2607-f388-101c-1000--368]-9618&alias=login02.hep.wisc.edu&noUDP&sock=schedd_2326_0560>
...
040 (3174824.000.000) 2022-01-04 15:25:43 Started transferring input files
	Transferring to host: <128.105.245.87:9618?addrs=128.105.245.87-9618&alias=e287.chtc.wisc.edu&noUDP&sock=slot1_6_14434_cf04_16250>
...
040 (3174824.000.000) 2022-01-04 15:29:36 Finished transferring input files
...
001 (3174824.000.000) 2022-01-04 15:29:37 Job executing on host: <128.105.245.87:9618?addrs=128.105.245.87-9618&alias=e287.chtc.wisc.edu&noUDP&sock=startd_10999_fa45>
...
006 (3174824.000.000) 2022-01-04 15:29:46 Image size of job updated: 1124
	1  -  MemoryUsage of job (MB)
	688  -  ResidentSetSize of job (KB)
...
006 (3174824.000.000) 2022-01-04 15:31:06 Image size of job updated: 1175032
	1  -  MemoryUsage of job (MB)
	688  -  ResidentSetSize of job (KB)
...
040 (3174824.000.000) 2022-01-04 15:31:11 Started transferring output files
...
040 (3174824.000.000) 2022-01-04 15:31:11 Finished transferring output files
...
005 (3174824.000.000) 2022-01-04 15:31:12 Job terminated.
	(1) Normal termination (return value 0)
		Usr 0 00:00:55, Sys 0 00:00:04  -  Run Remote Usage
		Usr 0 00:00:00, Sys 0 00:00:00  -  Run Local Usage
		Usr 0 00:00:55, Sys 0 00:00:04  -  Total Remote Usage
		Usr 0 00:00:00, Sys 0 00:00:00  -  Total Local Usage
	159424  -  Run Bytes Sent By Job
	315491776  -  Run Bytes Received By Job
	159424  -  Total Bytes Sent By Job
	315491776  -  Total Bytes Received By Job
	Partitionable Resources :     Usage  Request Allocated 
	   Cpus                 :      0.79        1         1 
	   Disk (KB)            : 308314     2048000   2320518 
	   IoHeavy              :                            0 
	   Memory (MB)          :      1        1992      2048 

	Job terminated of its own accord at 2022-01-04T21:31:06Z.
...
