000 (3174883.000.000) 2022-01-04 15:27:06 Job submitted from host: <144.92.180.5:9618?addrs=144.92.180.5-9618+[2607-f388-101c-1000--368]-9618&alias=login02.hep.wisc.edu&noUDP&sock=schedd_2326_0560>
...
040 (3174883.000.000) 2022-01-04 15:27:26 Entered queue to transfer input files
	Transferring to host: <128.105.68.135:9618?addrs=128.105.68.135-9618&alias=e2433.chtc.wisc.edu&noUDP&sock=slot1_5_17713_2929_15771>
...
040 (3174883.000.000) 2022-01-04 15:28:08 Started transferring input files
	Seconds spent in queue: 42
...
040 (3174883.000.000) 2022-01-04 15:30:55 Finished transferring input files
...
001 (3174883.000.000) 2022-01-04 15:30:56 Job executing on host: <128.105.68.135:9618?addrs=128.105.68.135-9618&alias=e2433.chtc.wisc.edu&noUDP&sock=startd_2483_b5bf>
...
006 (3174883.000.000) 2022-01-04 15:31:05 Image size of job updated: 540772
	396  -  MemoryUsage of job (MB)
	405208  -  ResidentSetSize of job (KB)
...
006 (3174883.000.000) 2022-01-04 15:35:32 Image size of job updated: 1176512
	396  -  MemoryUsage of job (MB)
	405208  -  ResidentSetSize of job (KB)
...
040 (3174883.000.000) 2022-01-04 15:35:32 Started transferring output files
	Seconds spent in queue: 486
...
040 (3174883.000.000) 2022-01-04 15:35:32 Finished transferring output files
...
005 (3174883.000.000) 2022-01-04 15:35:33 Job terminated.
	(1) Normal termination (return value 0)
		Usr 0 00:03:41, Sys 0 00:00:10  -  Run Remote Usage
		Usr 0 00:00:00, Sys 0 00:00:00  -  Run Local Usage
		Usr 0 00:03:41, Sys 0 00:00:10  -  Total Remote Usage
		Usr 0 00:00:00, Sys 0 00:00:00  -  Total Local Usage
	166260  -  Run Bytes Sent By Job
	315491776  -  Run Bytes Received By Job
	166260  -  Total Bytes Sent By Job
	315491776  -  Total Bytes Received By Job
	Partitionable Resources :     Usage  Request Allocated 
	   Cpus                 :      0.87        1         1 
	   Disk (KB)            : 308320     2048000   2341253 
	   IoHeavy              :                            0 
	   Memory (MB)          :    396        1992      2048 

	Job terminated of its own accord at 2022-01-04T21:35:32Z.
...
