000 (3174902.000.000) 2022-01-04 15:27:48 Job submitted from host: <144.92.180.5:9618?addrs=144.92.180.5-9618+[2607-f388-101c-1000--368]-9618&alias=login02.hep.wisc.edu&noUDP&sock=schedd_2326_0560>
...
040 (3174902.000.000) 2022-01-04 15:28:00 Entered queue to transfer input files
	Transferring to host: <128.105.245.197:9618?addrs=128.105.245.197-9618&alias=e2397.chtc.wisc.edu&noUDP&sock=slot1_6_13350_0858_16330>
...
040 (3174902.000.000) 2022-01-04 15:28:56 Started transferring input files
	Seconds spent in queue: 56
...
040 (3174902.000.000) 2022-01-04 15:32:51 Finished transferring input files
...
001 (3174902.000.000) 2022-01-04 15:32:52 Job executing on host: <128.105.245.197:9618?addrs=128.105.245.197-9618&alias=e2397.chtc.wisc.edu&noUDP&sock=startd_3053_aeba>
...
006 (3174902.000.000) 2022-01-04 15:33:01 Image size of job updated: 867572
	402  -  MemoryUsage of job (MB)
	411616  -  ResidentSetSize of job (KB)
...
006 (3174902.000.000) 2022-01-04 15:33:03 Image size of job updated: 867572
	404  -  MemoryUsage of job (MB)
	412804  -  ResidentSetSize of job (KB)
...
040 (3174902.000.000) 2022-01-04 15:33:03 Started transferring output files
	Seconds spent in queue: 303
...
040 (3174902.000.000) 2022-01-04 15:33:03 Finished transferring output files
...
005 (3174902.000.000) 2022-01-04 15:33:03 Job terminated.
	(1) Normal termination (return value 0)
		Usr 0 00:00:04, Sys 0 00:00:01  -  Run Remote Usage
		Usr 0 00:00:00, Sys 0 00:00:00  -  Run Local Usage
		Usr 0 00:00:04, Sys 0 00:00:01  -  Total Remote Usage
		Usr 0 00:00:00, Sys 0 00:00:00  -  Total Local Usage
	126330  -  Run Bytes Sent By Job
	315491776  -  Run Bytes Received By Job
	126330  -  Total Bytes Sent By Job
	315491776  -  Total Bytes Received By Job
	Partitionable Resources :    Usage  Request Allocated 
	   Cpus                 :        0        1         1 
	   Disk (KB)            :   308281  2048000   2351943 
	   IoHeavy              :                           0 
	   Memory (MB)          :      404     1992      2048 

	Job terminated of its own accord at 2022-01-04T21:33:03Z.
...
