000 (3174900.000.000) 2022-01-04 15:27:42 Job submitted from host: <144.92.180.5:9618?addrs=144.92.180.5-9618+[2607-f388-101c-1000--368]-9618&alias=login02.hep.wisc.edu&noUDP&sock=schedd_2326_0560>
...
040 (3174900.000.000) 2022-01-04 15:27:56 Entered queue to transfer input files
	Transferring to host: <128.105.245.145:9618?addrs=128.105.245.145-9618&alias=e345.chtc.wisc.edu&noUDP&sock=slot1_9_4436_502d_16735>
...
040 (3174900.000.000) 2022-01-04 15:28:29 Started transferring input files
	Seconds spent in queue: 33
...
040 (3174900.000.000) 2022-01-04 15:32:56 Finished transferring input files
...
001 (3174900.000.000) 2022-01-04 15:32:57 Job executing on host: <128.105.245.145:9618?addrs=128.105.245.145-9618&alias=e345.chtc.wisc.edu&noUDP&sock=startd_2415_114e>
...
006 (3174900.000.000) 2022-01-04 15:33:05 Image size of job updated: 714268
	397  -  MemoryUsage of job (MB)
	405988  -  ResidentSetSize of job (KB)
...
006 (3174900.000.000) 2022-01-04 15:33:12 Image size of job updated: 999056
	397  -  MemoryUsage of job (MB)
	405988  -  ResidentSetSize of job (KB)
...
040 (3174900.000.000) 2022-01-04 15:33:12 Started transferring output files
	Seconds spent in queue: 316
...
040 (3174900.000.000) 2022-01-04 15:33:13 Finished transferring output files
...
005 (3174900.000.000) 2022-01-04 15:33:13 Job terminated.
	(1) Normal termination (return value 0)
		Usr 0 00:00:04, Sys 0 00:00:01  -  Run Remote Usage
		Usr 0 00:00:00, Sys 0 00:00:00  -  Run Local Usage
		Usr 0 00:00:04, Sys 0 00:00:01  -  Total Remote Usage
		Usr 0 00:00:00, Sys 0 00:00:00  -  Total Local Usage
	125286  -  Run Bytes Sent By Job
	315491776  -  Run Bytes Received By Job
	125286  -  Total Bytes Sent By Job
	315491776  -  Total Bytes Received By Job
	Partitionable Resources :     Usage  Request Allocated 
	   Cpus                 :      0.04        1         1 
	   Disk (KB)            : 308280     2048000   2322283 
	   IoHeavy              :                            0 
	   Memory (MB)          :    397        1992      2048 

	Job terminated of its own accord at 2022-01-04T21:33:12Z.
...
