000 (3174887.000.000) 2022-01-04 15:27:14 Job submitted from host: <144.92.180.5:9618?addrs=144.92.180.5-9618+[2607-f388-101c-1000--368]-9618&alias=login02.hep.wisc.edu&noUDP&sock=schedd_2326_0560>
...
040 (3174887.000.000) 2022-01-04 15:27:53 Entered queue to transfer input files
	Transferring to host: <128.104.58.126:9618?addrs=128.104.58.126-9618+[2607-f388-1086-0-ea9a-8fff-fe91-c3ac]-9618&alias=e543.chtc.wisc.edu&noUDP&sock=slot1_8_11567_bf6f_15827>
...
040 (3174887.000.000) 2022-01-04 15:28:23 Started transferring input files
	Seconds spent in queue: 30
...
040 (3174887.000.000) 2022-01-04 15:30:13 Finished transferring input files
...
001 (3174887.000.000) 2022-01-04 15:30:14 Job executing on host: <128.104.58.126:9618?addrs=128.104.58.126-9618+[2607-f388-1086-0-ea9a-8fff-fe91-c3ac]-9618&alias=e543.chtc.wisc.edu&noUDP&sock=startd_1864_209f>
...
006 (3174887.000.000) 2022-01-04 15:30:22 Image size of job updated: 440
	1  -  MemoryUsage of job (MB)
	440  -  ResidentSetSize of job (KB)
...
006 (3174887.000.000) 2022-01-04 15:30:49 Image size of job updated: 642396
	1  -  MemoryUsage of job (MB)
	440  -  ResidentSetSize of job (KB)
...
040 (3174887.000.000) 2022-01-04 15:30:49 Started transferring output files
	Seconds spent in queue: 176
...
040 (3174887.000.000) 2022-01-04 15:30:50 Finished transferring output files
...
005 (3174887.000.000) 2022-01-04 15:30:50 Job terminated.
	(1) Normal termination (return value 0)
		Usr 0 00:00:06, Sys 0 00:00:01  -  Run Remote Usage
		Usr 0 00:00:00, Sys 0 00:00:00  -  Run Local Usage
		Usr 0 00:00:06, Sys 0 00:00:01  -  Total Remote Usage
		Usr 0 00:00:00, Sys 0 00:00:00  -  Total Local Usage
	121614  -  Run Bytes Sent By Job
	315491776  -  Run Bytes Received By Job
	121614  -  Total Bytes Sent By Job
	315491776  -  Total Bytes Received By Job
	Partitionable Resources :     Usage  Request Allocated 
	   Cpus                 :      0.03        1         1 
	   Disk (KB)            : 308277     2048000   2181144 
	   IoHeavy              :                            0 
	   Memory (MB)          :      1        1992      2048 

	Job terminated of its own accord at 2022-01-04T21:30:49Z.
...
