000 (3174885.000.000) 2022-01-04 15:27:10 Job submitted from host: <144.92.180.5:9618?addrs=144.92.180.5-9618+[2607-f388-101c-1000--368]-9618&alias=login02.hep.wisc.edu&noUDP&sock=schedd_2326_0560>
...
040 (3174885.000.000) 2022-01-04 15:27:52 Entered queue to transfer input files
	Transferring to host: <128.105.245.94:9618?addrs=128.105.245.94-9618&alias=e2294.chtc.wisc.edu&noUDP&sock=slot1_3_30860_6960_16375>
...
040 (3174885.000.000) 2022-01-04 15:28:15 Started transferring input files
	Seconds spent in queue: 23
...
040 (3174885.000.000) 2022-01-04 15:32:51 Finished transferring input files
...
001 (3174885.000.000) 2022-01-04 15:32:52 Job executing on host: <128.105.245.94:9618?addrs=128.105.245.94-9618&alias=e2294.chtc.wisc.edu&noUDP&sock=startd_2082_a845>
...
006 (3174885.000.000) 2022-01-04 15:33:01 Image size of job updated: 1000200
	441  -  MemoryUsage of job (MB)
	450692  -  ResidentSetSize of job (KB)
...
006 (3174885.000.000) 2022-01-04 15:33:43 Image size of job updated: 1193872
	441  -  MemoryUsage of job (MB)
	451088  -  ResidentSetSize of job (KB)
...
040 (3174885.000.000) 2022-01-04 15:33:43 Started transferring output files
	Seconds spent in queue: 351
...
040 (3174885.000.000) 2022-01-04 15:33:44 Finished transferring output files
...
005 (3174885.000.000) 2022-01-04 15:33:44 Job terminated.
	(1) Normal termination (return value 0)
		Usr 0 00:00:39, Sys 0 00:00:02  -  Run Remote Usage
		Usr 0 00:00:00, Sys 0 00:00:00  -  Run Local Usage
		Usr 0 00:00:39, Sys 0 00:00:02  -  Total Remote Usage
		Usr 0 00:00:00, Sys 0 00:00:00  -  Total Local Usage
	164915  -  Run Bytes Sent By Job
	315491776  -  Run Bytes Received By Job
	164915  -  Total Bytes Sent By Job
	315491776  -  Total Bytes Received By Job
	Partitionable Resources :     Usage  Request Allocated 
	   Cpus                 :      0.83        1         1 
	   Disk (KB)            : 308319     2048000   2428226 
	   IoHeavy              :                            0 
	   Memory (MB)          :    441        1992      2048 

	Job terminated of its own accord at 2022-01-04T21:33:43Z.
...
