000 (3174889.000.000) 2022-01-04 15:27:18 Job submitted from host: <144.92.180.5:9618?addrs=144.92.180.5-9618+[2607-f388-101c-1000--368]-9618&alias=login02.hep.wisc.edu&noUDP&sock=schedd_2326_0560>
...
040 (3174889.000.000) 2022-01-04 15:28:00 Entered queue to transfer input files
	Transferring to host: <128.105.245.134:9618?addrs=128.105.245.134-9618&alias=e2334.chtc.wisc.edu&noUDP&sock=slot1_5_9786_df47_16209>
...
040 (3174889.000.000) 2022-01-04 15:28:57 Started transferring input files
	Seconds spent in queue: 57
...
040 (3174889.000.000) 2022-01-04 15:32:21 Finished transferring input files
...
001 (3174889.000.000) 2022-01-04 15:32:22 Job executing on host: <128.105.245.134:9618?addrs=128.105.245.134-9618&alias=e2334.chtc.wisc.edu&noUDP&sock=startd_2464_ad72>
...
006 (3174889.000.000) 2022-01-04 15:32:30 Image size of job updated: 999064
	397  -  MemoryUsage of job (MB)
	406484  -  ResidentSetSize of job (KB)
...
040 (3174889.000.000) 2022-01-04 15:32:33 Started transferring output files
	Seconds spent in queue: 273
...
040 (3174889.000.000) 2022-01-04 15:32:33 Finished transferring output files
...
005 (3174889.000.000) 2022-01-04 15:32:33 Job terminated.
	(1) Normal termination (return value 0)
		Usr 0 00:00:05, Sys 0 00:00:01  -  Run Remote Usage
		Usr 0 00:00:00, Sys 0 00:00:00  -  Run Local Usage
		Usr 0 00:00:05, Sys 0 00:00:01  -  Total Remote Usage
		Usr 0 00:00:00, Sys 0 00:00:00  -  Total Local Usage
	111767  -  Run Bytes Sent By Job
	315491776  -  Run Bytes Received By Job
	111767  -  Total Bytes Sent By Job
	315491776  -  Total Bytes Received By Job
	Partitionable Resources :     Usage  Request Allocated 
	   Cpus                 :      0.03        1         1 
	   Disk (KB)            : 308267     2048000   2345258 
	   IoHeavy              :                            0 
	   Memory (MB)          :    397        1992      2048 

	Job terminated of its own accord at 2022-01-04T21:32:33Z.
...
