000 (3174933.000.000) 2022-01-04 15:28:57 Job submitted from host: <144.92.180.5:9618?addrs=144.92.180.5-9618+[2607-f388-101c-1000--368]-9618&alias=login02.hep.wisc.edu&noUDP&sock=schedd_2326_0560>
...
040 (3174933.000.000) 2022-01-04 15:29:07 Entered queue to transfer input files
	Transferring to host: <128.104.58.153:9618?addrs=128.104.58.153-9618+[2607-f388-1086-0-16fe-b5ff-fec6-7d11]-9618&alias=e1005.chtc.wisc.edu&noUDP&sock=slot1_7_22213_d160_15494>
...
040 (3174933.000.000) 2022-01-04 15:30:15 Started transferring input files
	Seconds spent in queue: 68
...
040 (3174933.000.000) 2022-01-04 15:32:47 Finished transferring input files
...
001 (3174933.000.000) 2022-01-04 15:32:48 Job executing on host: <128.104.58.153:9618?addrs=128.104.58.153-9618+[2607-f388-1086-0-16fe-b5ff-fec6-7d11]-9618&alias=e1005.chtc.wisc.edu&noUDP&sock=startd_3057_6d1b>
...
006 (3174933.000.000) 2022-01-04 15:32:57 Image size of job updated: 539760
	417  -  MemoryUsage of job (MB)
	426360  -  ResidentSetSize of job (KB)
...
006 (3174933.000.000) 2022-01-04 15:34:27 Image size of job updated: 1159360
	417  -  MemoryUsage of job (MB)
	426360  -  ResidentSetSize of job (KB)
...
040 (3174933.000.000) 2022-01-04 15:34:27 Started transferring output files
	Seconds spent in queue: 320
...
040 (3174933.000.000) 2022-01-04 15:34:27 Finished transferring output files
...
005 (3174933.000.000) 2022-01-04 15:34:27 Job terminated.
	(1) Normal termination (return value 0)
		Usr 0 00:01:21, Sys 0 00:00:04  -  Run Remote Usage
		Usr 0 00:00:00, Sys 0 00:00:00  -  Run Local Usage
		Usr 0 00:01:21, Sys 0 00:00:04  -  Total Remote Usage
		Usr 0 00:00:00, Sys 0 00:00:00  -  Total Local Usage
	182460  -  Run Bytes Sent By Job
	315491744  -  Run Bytes Received By Job
	182460  -  Total Bytes Sent By Job
	315491744  -  Total Bytes Received By Job
	Partitionable Resources :     Usage  Request Allocated 
	   Cpus                 :      0.14        1         1 
	   Disk (KB)            : 308337     2048000   2387426 
	   IoHeavy              :                            0 
	   Memory (MB)          :    417        1992      2048 

	Job terminated of its own accord at 2022-01-04T21:34:27Z.
...
