000 (3174780.000.000) 2022-01-04 15:23:33 Job submitted from host: <144.92.180.5:9618?addrs=144.92.180.5-9618+[2607-f388-101c-1000--368]-9618&alias=login02.hep.wisc.edu&noUDP&sock=schedd_2326_0560>
...
040 (3174780.000.000) 2022-01-04 15:23:41 Started transferring input files
	Transferring to host: <128.104.101.121:9618?addrs=128.104.101.121-9618+[2607-f388-107c-501-206-f6ff-fe30-a923]-9618&alias=e121.chtc.wisc.edu&noUDP&sock=slot1_7_2726_76a8_12714>
...
040 (3174780.000.000) 2022-01-04 15:25:24 Finished transferring input files
...
001 (3174780.000.000) 2022-01-04 15:25:25 Job executing on host: <128.104.101.121:9618?addrs=128.104.101.121-9618+[2607-f388-107c-501-206-f6ff-fe30-a923]-9618&alias=e121.chtc.wisc.edu&noUDP&sock=startd_1731_e687>
...
006 (3174780.000.000) 2022-01-04 15:25:34 Image size of job updated: 50072
	25  -  MemoryUsage of job (MB)
	24932  -  ResidentSetSize of job (KB)
...
006 (3174780.000.000) 2022-01-04 15:25:50 Image size of job updated: 1146992
	25  -  MemoryUsage of job (MB)
	24932  -  ResidentSetSize of job (KB)
...
040 (3174780.000.000) 2022-01-04 15:25:52 Started transferring output files
...
040 (3174780.000.000) 2022-01-04 15:25:52 Finished transferring output files
...
005 (3174780.000.000) 2022-01-04 15:25:55 Job terminated.
	(1) Normal termination (return value 0)
		Usr 0 00:00:11, Sys 0 00:00:01  -  Run Remote Usage
		Usr 0 00:00:00, Sys 0 00:00:00  -  Run Local Usage
		Usr 0 00:00:11, Sys 0 00:00:01  -  Total Remote Usage
		Usr 0 00:00:00, Sys 0 00:00:00  -  Total Local Usage
	153878  -  Run Bytes Sent By Job
	315491776  -  Run Bytes Received By Job
	153878  -  Total Bytes Sent By Job
	315491776  -  Total Bytes Received By Job
	Partitionable Resources :     Usage  Request Allocated 
	   Cpus                 :      0.04        1         1 
	   Disk (KB)            : 308309     2048000   3405128 
	   IoHeavy              :                            0 
	   Memory (MB)          :     25        1992      2048 

	Job terminated of its own accord at 2022-01-04T21:25:50Z.
...
