All files added.
Initializing chain.
from Init MC
****************** ttbar sample found
.... MC file ..... 
Coming in: 
nentries:5835
Running over 5835 events.
Finished entry 0/5834
Finished entry 200/5834
Finished entry 400/5834
Finished entry 600/5834
Finished entry 800/5834
Finished entry 1000/5834
Finished entry 1200/5834
Finished entry 1400/5834
Finished entry 1600/5834
Finished entry 1800/5834
Finished entry 2000/5834
Finished entry 2200/5834
Finished entry 2400/5834
Finished entry 2600/5834
Finished entry 2800/5834
Finished entry 3000/5834
Finished entry 3200/5834
Finished entry 3400/5834
Finished entry 3600/5834
Finished entry 3800/5834
Finished entry 4000/5834
Finished entry 4200/5834
Finished entry 4400/5834
Finished entry 4600/5834
Finished entry 4800/5834
Finished entry 5000/5834
Finished entry 5200/5834
Finished entry 5400/5834
Finished entry 5600/5834
Finished entry 5800/5834
Finished entry 5834/5834
All events checked.
*******************************************
******************Jithin's original*************************
    Initial entries 5835.000000
   Passing smikking 0.000000
Inspected genWeightd 5773.000000   % change= 1.062554
   METFiltersPassed 5522.268157   % change= 4.343181
    SingleTrgPassed 2037.894043   % change= 63.096793
     GoodMuonPassed 1637.913783   % change= 19.627137
      GoodTauPassed 612.520984   % change= 62.603588
         opp charge 589.207024   % change= 3.806230
 PassedThirdLepVeto 407.110202   % change= 30.905406
     PassedBjetVeto 407.110202   % change= 0.000000
       DeltaRPassed 405.559102   % change= 0.381003
      Total change :93.049544
*******************************************
*******************************************
Number of events inspected: 5835
Number of events inspected (minus negative gen. weights): 5773.000000
 Outpt written to TTTo2L2Nu_TuneCP5_02.root
Real time 0:00:13, CP time 10.740
