000 (6735707.000.000) 2021-10-11 12:39:29 Job submitted from host: <144.92.180.29:9618?addrs=144.92.180.29-9618+[2607-f388-101c-1000--369]-9618&alias=login03.hep.wisc.edu&noUDP&sock=schedd_2495_f0e2>
...
040 (6735707.000.000) 2021-10-11 12:46:03 Started transferring input files
	Transferring to host: <144.92.180.210:9618?addrs=144.92.180.210-9618+[2607-f388-101c-1000--629]-9618&alias=g25n01.hep.wisc.edu&noUDP&sock=slot1_4_3116_40f8_115793>
...
040 (6735707.000.000) 2021-10-11 12:46:27 Finished transferring input files
...
001 (6735707.000.000) 2021-10-11 12:46:28 Job executing on host: <144.92.180.210:9618?addrs=144.92.180.210-9618+[2607-f388-101c-1000--629]-9618&alias=g25n01.hep.wisc.edu&noUDP&sock=startd_2446_54be>
...
006 (6735707.000.000) 2021-10-11 12:46:36 Image size of job updated: 550388
	412  -  MemoryUsage of job (MB)
	421292  -  ResidentSetSize of job (KB)
...
006 (6735707.000.000) 2021-10-11 12:46:38 Image size of job updated: 550520
	412  -  MemoryUsage of job (MB)
	421424  -  ResidentSetSize of job (KB)
...
040 (6735707.000.000) 2021-10-11 12:46:38 Started transferring output files
...
040 (6735707.000.000) 2021-10-11 12:46:38 Finished transferring output files
...
005 (6735707.000.000) 2021-10-11 12:46:38 Job terminated.
	(1) Normal termination (return value 0)
		Usr 0 00:00:04, Sys 0 00:00:01  -  Run Remote Usage
		Usr 0 00:00:00, Sys 0 00:00:00  -  Run Local Usage
		Usr 0 00:00:04, Sys 0 00:00:01  -  Total Remote Usage
		Usr 0 00:00:00, Sys 0 00:00:00  -  Total Local Usage
	241633  -  Run Bytes Sent By Job
	315513728  -  Run Bytes Received By Job
	241633  -  Total Bytes Sent By Job
	315513728  -  Total Bytes Received By Job
	Partitionable Resources :    Usage  Request Allocated 
	   Cpus                 :                 1         1 
	   Disk (KB)            :   308407  2048000  18533593 
	   Memory (MB)          :      412     1992      2048 

	Job terminated of its own accord at 2021-10-11T17:46:38Z.
...
