All files added.
Initializing chain.
from Init MC
****************** ttbar sample found
.... MC file ..... 
Coming in: 
nentries:21939
Running over 21939 events.
Finished entry 0/21938
Finished entry 1000/21938
Finished entry 2000/21938
Finished entry 3000/21938
Finished entry 4000/21938
Finished entry 5000/21938
Finished entry 6000/21938
Finished entry 7000/21938
Finished entry 8000/21938
Finished entry 9000/21938
Finished entry 10000/21938
Finished entry 11000/21938
Finished entry 12000/21938
Finished entry 13000/21938
Finished entry 14000/21938
Finished entry 15000/21938
Finished entry 16000/21938
Finished entry 17000/21938
Finished entry 18000/21938
Finished entry 19000/21938
Finished entry 20000/21938
Finished entry 21000/21938
Finished entry 21938/21938
All events checked.
*******************************************
******************Jithin's original*************************
    Initial entries 21939.000000
   Passing smikking 0.000000
Inspected genWeightd 21939.000000   % change= 0.000000
   METFiltersPassed 20630.693754   % change= 5.963381
    SingleTrgPassed 2817.553371   % change= 86.342905
     GoodMuonPassed 636.331986   % change= 77.415442
      GoodTauPassed 40.781296   % change= 93.591192
         opp charge 29.349528   % change= 28.031891
 PassedThirdLepVeto 19.310357   % change= 34.205561
     PassedBjetVeto 19.310357   % change= 0.000000
       DeltaRPassed 19.310357   % change= 0.000000
      Total change :99.911982
*******************************************
*******************************************
Number of events inspected: 21939
Number of events inspected (minus negative gen. weights): 21939.000000
 Outpt written to TTToHadronic_TuneCP5_01.root
Real time 0:00:30, CP time 13.890
