000 (6735649.000.000) 2021-10-11 12:38:58 Job submitted from host: <144.92.180.29:9618?addrs=144.92.180.29-9618+[2607-f388-101c-1000--369]-9618&alias=login03.hep.wisc.edu&noUDP&sock=schedd_2495_f0e2>
...
040 (6735649.000.000) 2021-10-11 12:40:59 Started transferring input files
	Transferring to host: <144.92.180.126:9618?addrs=144.92.180.126-9618+[2607-f388-101c-1000--629]-9618&alias=g26n24.hep.wisc.edu&noUDP&sock=slot1_9_3321_b1e0_114707>
...
040 (6735649.000.000) 2021-10-11 12:41:30 Finished transferring input files
...
001 (6735649.000.000) 2021-10-11 12:41:31 Job executing on host: <144.92.180.126:9618?addrs=144.92.180.126-9618+[2607-f388-101c-1000--629]-9618&alias=g26n24.hep.wisc.edu&noUDP&sock=startd_2876_4677>
...
006 (6735649.000.000) 2021-10-11 12:41:40 Image size of job updated: 889852
	467  -  MemoryUsage of job (MB)
	477520  -  ResidentSetSize of job (KB)
...
040 (6735649.000.000) 2021-10-11 12:41:45 Started transferring output files
...
040 (6735649.000.000) 2021-10-11 12:41:45 Finished transferring output files
...
005 (6735649.000.000) 2021-10-11 12:41:45 Job terminated.
	(1) Normal termination (return value 0)
		Usr 0 00:00:10, Sys 0 00:00:01  -  Run Remote Usage
		Usr 0 00:00:00, Sys 0 00:00:00  -  Run Local Usage
		Usr 0 00:00:10, Sys 0 00:00:01  -  Total Remote Usage
		Usr 0 00:00:00, Sys 0 00:00:00  -  Total Local Usage
	268717  -  Run Bytes Sent By Job
	315513728  -  Run Bytes Received By Job
	268717  -  Total Bytes Sent By Job
	315513728  -  Total Bytes Received By Job
	Partitionable Resources :    Usage  Request Allocated 
	   Cpus                 :                 1         1 
	   Disk (KB)            :   308434  2048000  18352912 
	   Memory (MB)          :      467     1992      2048 

	Job terminated of its own accord at 2021-10-11T17:41:45Z.
...
