000 (6735665.000.000) 2021-10-11 12:39:06 Job submitted from host: <144.92.180.29:9618?addrs=144.92.180.29-9618+[2607-f388-101c-1000--369]-9618&alias=login03.hep.wisc.edu&noUDP&sock=schedd_2495_f0e2>
...
040 (6735665.000.000) 2021-10-11 12:42:59 Started transferring input files
	Transferring to host: <144.92.180.210:9618?addrs=144.92.180.210-9618+[2607-f388-101c-1000--629]-9618&alias=g25n01.hep.wisc.edu&noUDP&sock=slot1_4_3116_40f8_115772>
...
040 (6735665.000.000) 2021-10-11 12:43:08 Finished transferring input files
...
001 (6735665.000.000) 2021-10-11 12:43:09 Job executing on host: <144.92.180.210:9618?addrs=144.92.180.210-9618+[2607-f388-101c-1000--629]-9618&alias=g25n01.hep.wisc.edu&noUDP&sock=startd_2446_54be>
...
006 (6735665.000.000) 2021-10-11 12:43:18 Image size of job updated: 809704
	435  -  MemoryUsage of job (MB)
	445384  -  ResidentSetSize of job (KB)
...
040 (6735665.000.000) 2021-10-11 12:43:21 Started transferring output files
...
040 (6735665.000.000) 2021-10-11 12:43:22 Finished transferring output files
...
005 (6735665.000.000) 2021-10-11 12:43:22 Job terminated.
	(1) Normal termination (return value 0)
		Usr 0 00:00:07, Sys 0 00:00:01  -  Run Remote Usage
		Usr 0 00:00:00, Sys 0 00:00:00  -  Run Local Usage
		Usr 0 00:00:07, Sys 0 00:00:01  -  Total Remote Usage
		Usr 0 00:00:00, Sys 0 00:00:00  -  Total Local Usage
	267041  -  Run Bytes Sent By Job
	315513760  -  Run Bytes Received By Job
	267041  -  Total Bytes Sent By Job
	315513760  -  Total Bytes Received By Job
	Partitionable Resources :    Usage  Request Allocated 
	   Cpus                 :                 1         1 
	   Disk (KB)            :   308432  2048000  18533593 
	   Memory (MB)          :      435     1992      2048 

	Job terminated of its own accord at 2021-10-11T17:43:21Z.
...
