000 (6735769.000.000) 2021-10-11 12:40:10 Job submitted from host: <144.92.180.29:9618?addrs=144.92.180.29-9618+[2607-f388-101c-1000--369]-9618&alias=login03.hep.wisc.edu&noUDP&sock=schedd_2495_f0e2>
...
040 (6735769.000.000) 2021-10-11 12:53:44 Started transferring input files
	Transferring to host: <144.92.180.126:9618?addrs=144.92.180.126-9618+[2607-f388-101c-1000--629]-9618&alias=g26n24.hep.wisc.edu&noUDP&sock=slot1_7_3321_b1e0_114771>
...
040 (6735769.000.000) 2021-10-11 12:54:03 Finished transferring input files
...
001 (6735769.000.000) 2021-10-11 12:54:04 Job executing on host: <144.92.180.126:9618?addrs=144.92.180.126-9618+[2607-f388-101c-1000--629]-9618&alias=g26n24.hep.wisc.edu&noUDP&sock=startd_2876_4677>
...
006 (6735769.000.000) 2021-10-11 12:54:13 Image size of job updated: 554668
	487  -  MemoryUsage of job (MB)
	497908  -  ResidentSetSize of job (KB)
...
006 (6735769.000.000) 2021-10-11 12:54:53 Image size of job updated: 860488
	487  -  MemoryUsage of job (MB)
	497908  -  ResidentSetSize of job (KB)
...
040 (6735769.000.000) 2021-10-11 12:54:53 Started transferring output files
...
040 (6735769.000.000) 2021-10-11 12:54:53 Finished transferring output files
...
005 (6735769.000.000) 2021-10-11 12:54:54 Job terminated.
	(1) Normal termination (return value 0)
		Usr 0 00:00:34, Sys 0 00:00:02  -  Run Remote Usage
		Usr 0 00:00:00, Sys 0 00:00:00  -  Run Local Usage
		Usr 0 00:00:34, Sys 0 00:00:02  -  Total Remote Usage
		Usr 0 00:00:00, Sys 0 00:00:00  -  Total Local Usage
	244292  -  Run Bytes Sent By Job
	315513664  -  Run Bytes Received By Job
	244292  -  Total Bytes Sent By Job
	315513664  -  Total Bytes Received By Job
	Partitionable Resources :    Usage  Request Allocated 
	   Cpus                 :                 1         1 
	   Disk (KB)            :   308410  2048000  18352912 
	   Memory (MB)          :      487     1992      2048 

	Job terminated of its own accord at 2021-10-11T17:54:53Z.
...
