000 (6735695.000.000) 2021-10-11 12:39:22 Job submitted from host: <144.92.180.29:9618?addrs=144.92.180.29-9618+[2607-f388-101c-1000--369]-9618&alias=login03.hep.wisc.edu&noUDP&sock=schedd_2495_f0e2>
...
040 (6735695.000.000) 2021-10-11 12:45:25 Started transferring input files
	Transferring to host: <144.92.180.210:9618?addrs=144.92.180.210-9618+[2607-f388-101c-1000--629]-9618&alias=g25n01.hep.wisc.edu&noUDP&sock=slot1_4_3116_40f8_115787>
...
040 (6735695.000.000) 2021-10-11 12:45:41 Finished transferring input files
...
001 (6735695.000.000) 2021-10-11 12:45:42 Job executing on host: <144.92.180.210:9618?addrs=144.92.180.210-9618+[2607-f388-101c-1000--629]-9618&alias=g25n01.hep.wisc.edu&noUDP&sock=startd_2446_54be>
...
006 (6735695.000.000) 2021-10-11 12:45:50 Image size of job updated: 831968
	465  -  MemoryUsage of job (MB)
	475592  -  ResidentSetSize of job (KB)
...
006 (6735695.000.000) 2021-10-11 12:46:02 Image size of job updated: 831968
	468  -  MemoryUsage of job (MB)
	478892  -  ResidentSetSize of job (KB)
...
040 (6735695.000.000) 2021-10-11 12:46:02 Started transferring output files
...
040 (6735695.000.000) 2021-10-11 12:46:03 Finished transferring output files
...
005 (6735695.000.000) 2021-10-11 12:46:03 Job terminated.
	(1) Normal termination (return value 0)
		Usr 0 00:00:10, Sys 0 00:00:01  -  Run Remote Usage
		Usr 0 00:00:00, Sys 0 00:00:00  -  Run Local Usage
		Usr 0 00:00:10, Sys 0 00:00:01  -  Total Remote Usage
		Usr 0 00:00:00, Sys 0 00:00:00  -  Total Local Usage
	225862  -  Run Bytes Sent By Job
	315513728  -  Run Bytes Received By Job
	225862  -  Total Bytes Sent By Job
	315513728  -  Total Bytes Received By Job
	Partitionable Resources :    Usage  Request Allocated 
	   Cpus                 :                 1         1 
	   Disk (KB)            :   308392  2048000  18533593 
	   Memory (MB)          :      468     1992      2048 

	Job terminated of its own accord at 2021-10-11T17:46:02Z.
...
