000 (6735673.000.000) 2021-10-11 12:39:11 Job submitted from host: <144.92.180.29:9618?addrs=144.92.180.29-9618+[2607-f388-101c-1000--369]-9618&alias=login03.hep.wisc.edu&noUDP&sock=schedd_2495_f0e2>
...
040 (6735673.000.000) 2021-10-11 12:43:51 Started transferring input files
	Transferring to host: <144.92.180.126:9618?addrs=144.92.180.126-9618+[2607-f388-101c-1000--629]-9618&alias=g26n24.hep.wisc.edu&noUDP&sock=slot1_5_3321_b1e0_114718>
...
040 (6735673.000.000) 2021-10-11 12:44:01 Finished transferring input files
...
001 (6735673.000.000) 2021-10-11 12:44:02 Job executing on host: <144.92.180.126:9618?addrs=144.92.180.126-9618+[2607-f388-101c-1000--629]-9618&alias=g26n24.hep.wisc.edu&noUDP&sock=startd_2876_4677>
...
006 (6735673.000.000) 2021-10-11 12:44:10 Image size of job updated: 830580
	470  -  MemoryUsage of job (MB)
	480424  -  ResidentSetSize of job (KB)
...
040 (6735673.000.000) 2021-10-11 12:44:16 Started transferring output files
...
040 (6735673.000.000) 2021-10-11 12:44:16 Finished transferring output files
...
005 (6735673.000.000) 2021-10-11 12:44:16 Job terminated.
	(1) Normal termination (return value 0)
		Usr 0 00:00:08, Sys 0 00:00:01  -  Run Remote Usage
		Usr 0 00:00:00, Sys 0 00:00:00  -  Run Local Usage
		Usr 0 00:00:08, Sys 0 00:00:01  -  Total Remote Usage
		Usr 0 00:00:00, Sys 0 00:00:00  -  Total Local Usage
	272907  -  Run Bytes Sent By Job
	315513760  -  Run Bytes Received By Job
	272907  -  Total Bytes Sent By Job
	315513760  -  Total Bytes Received By Job
	Partitionable Resources :    Usage  Request Allocated 
	   Cpus                 :                 1         1 
	   Disk (KB)            :   308438  2048000  18352912 
	   Memory (MB)          :      470     1992      2048 

	Job terminated of its own accord at 2021-10-11T17:44:16Z.
...
