000 (6735764.000.000) 2021-10-11 12:40:07 Job submitted from host: <144.92.180.29:9618?addrs=144.92.180.29-9618+[2607-f388-101c-1000--369]-9618&alias=login03.hep.wisc.edu&noUDP&sock=schedd_2495_f0e2>
...
040 (6735764.000.000) 2021-10-11 12:52:18 Started transferring input files
	Transferring to host: <144.92.180.210:9618?addrs=144.92.180.210-9618+[2607-f388-101c-1000--629]-9618&alias=g25n01.hep.wisc.edu&noUDP&sock=slot1_1_3116_40f8_115839>
...
040 (6735764.000.000) 2021-10-11 12:52:36 Finished transferring input files
...
001 (6735764.000.000) 2021-10-11 12:52:37 Job executing on host: <144.92.180.210:9618?addrs=144.92.180.210-9618+[2607-f388-101c-1000--629]-9618&alias=g25n01.hep.wisc.edu&noUDP&sock=startd_2446_54be>
...
006 (6735764.000.000) 2021-10-11 12:52:46 Image size of job updated: 484284
	406  -  MemoryUsage of job (MB)
	414984  -  ResidentSetSize of job (KB)
...
006 (6735764.000.000) 2021-10-11 12:54:12 Image size of job updated: 865368
	406  -  MemoryUsage of job (MB)
	414984  -  ResidentSetSize of job (KB)
...
040 (6735764.000.000) 2021-10-11 12:54:12 Started transferring output files
...
040 (6735764.000.000) 2021-10-11 12:54:12 Finished transferring output files
...
005 (6735764.000.000) 2021-10-11 12:54:12 Job terminated.
	(1) Normal termination (return value 0)
		Usr 0 00:01:09, Sys 0 00:00:03  -  Run Remote Usage
		Usr 0 00:00:00, Sys 0 00:00:00  -  Run Local Usage
		Usr 0 00:01:09, Sys 0 00:00:03  -  Total Remote Usage
		Usr 0 00:00:00, Sys 0 00:00:00  -  Total Local Usage
	247821  -  Run Bytes Sent By Job
	315513664  -  Run Bytes Received By Job
	247821  -  Total Bytes Sent By Job
	315513664  -  Total Bytes Received By Job
	Partitionable Resources :    Usage  Request Allocated 
	   Cpus                 :        0        1         1 
	   Disk (KB)            :   308422  2048000  18533593 
	   Memory (MB)          :      406     1992      2048 

	Job terminated of its own accord at 2021-10-11T17:54:12Z.
...
