000 (6735692.000.000) 2021-10-11 12:39:21 Job submitted from host: <144.92.180.29:9618?addrs=144.92.180.29-9618+[2607-f388-101c-1000--369]-9618&alias=login03.hep.wisc.edu&noUDP&sock=schedd_2495_f0e2>
...
040 (6735692.000.000) 2021-10-11 12:45:10 Started transferring input files
	Transferring to host: <144.92.180.126:9618?addrs=144.92.180.126-9618+[2607-f388-101c-1000--629]-9618&alias=g26n24.hep.wisc.edu&noUDP&sock=slot1_6_3321_b1e0_114728>
...
040 (6735692.000.000) 2021-10-11 12:45:33 Finished transferring input files
...
001 (6735692.000.000) 2021-10-11 12:45:34 Job executing on host: <144.92.180.126:9618?addrs=144.92.180.126-9618+[2607-f388-101c-1000--629]-9618&alias=g26n24.hep.wisc.edu&noUDP&sock=startd_2876_4677>
...
006 (6735692.000.000) 2021-10-11 12:45:42 Image size of job updated: 797972
	475  -  MemoryUsage of job (MB)
	485420  -  ResidentSetSize of job (KB)
...
006 (6735692.000.000) 2021-10-11 12:45:50 Image size of job updated: 828928
	475  -  MemoryUsage of job (MB)
	485420  -  ResidentSetSize of job (KB)
...
040 (6735692.000.000) 2021-10-11 12:45:50 Started transferring output files
...
040 (6735692.000.000) 2021-10-11 12:45:50 Finished transferring output files
...
005 (6735692.000.000) 2021-10-11 12:45:50 Job terminated.
	(1) Normal termination (return value 0)
		Usr 0 00:00:08, Sys 0 00:00:01  -  Run Remote Usage
		Usr 0 00:00:00, Sys 0 00:00:00  -  Run Local Usage
		Usr 0 00:00:08, Sys 0 00:00:01  -  Total Remote Usage
		Usr 0 00:00:00, Sys 0 00:00:00  -  Total Local Usage
	216546  -  Run Bytes Sent By Job
	315513728  -  Run Bytes Received By Job
	216546  -  Total Bytes Sent By Job
	315513728  -  Total Bytes Received By Job
	Partitionable Resources :    Usage  Request Allocated 
	   Cpus                 :                 1         1 
	   Disk (KB)            :   308383  2048000  18352912 
	   Memory (MB)          :      475     1992      2048 

	Job terminated of its own accord at 2021-10-11T17:45:50Z.
...
