000 (6735766.000.000) 2021-10-11 12:40:08 Job submitted from host: <144.92.180.29:9618?addrs=144.92.180.29-9618+[2607-f388-101c-1000--369]-9618&alias=login03.hep.wisc.edu&noUDP&sock=schedd_2495_f0e2>
...
040 (6735766.000.000) 2021-10-11 12:52:52 Started transferring input files
	Transferring to host: <144.92.180.126:9618?addrs=144.92.180.126-9618+[2607-f388-101c-1000--629]-9618&alias=g26n24.hep.wisc.edu&noUDP&sock=slot1_3_3321_b1e0_114768>
...
040 (6735766.000.000) 2021-10-11 12:53:01 Finished transferring input files
...
001 (6735766.000.000) 2021-10-11 12:53:02 Job executing on host: <144.92.180.126:9618?addrs=144.92.180.126-9618+[2607-f388-101c-1000--629]-9618&alias=g26n24.hep.wisc.edu&noUDP&sock=startd_2876_4677>
...
006 (6735766.000.000) 2021-10-11 12:53:10 Image size of job updated: 800268
	483  -  MemoryUsage of job (MB)
	494000  -  ResidentSetSize of job (KB)
...
006 (6735766.000.000) 2021-10-11 12:55:19 Image size of job updated: 849436
	483  -  MemoryUsage of job (MB)
	494000  -  ResidentSetSize of job (KB)
...
040 (6735766.000.000) 2021-10-11 12:55:19 Started transferring output files
...
040 (6735766.000.000) 2021-10-11 12:55:19 Finished transferring output files
...
005 (6735766.000.000) 2021-10-11 12:55:19 Job terminated.
	(1) Normal termination (return value 0)
		Usr 0 00:01:41, Sys 0 00:00:04  -  Run Remote Usage
		Usr 0 00:00:00, Sys 0 00:00:00  -  Run Local Usage
		Usr 0 00:01:41, Sys 0 00:00:04  -  Total Remote Usage
		Usr 0 00:00:00, Sys 0 00:00:00  -  Total Local Usage
	249561  -  Run Bytes Sent By Job
	315513664  -  Run Bytes Received By Job
	249561  -  Total Bytes Sent By Job
	315513664  -  Total Bytes Received By Job
	Partitionable Resources :    Usage  Request Allocated 
	   Cpus                 :        0        1         1 
	   Disk (KB)            :   308423  2048000  18352912 
	   Memory (MB)          :      483     1992      2048 

	Job terminated of its own accord at 2021-10-11T17:55:19Z.
...
