000 (6735711.000.000) 2021-10-11 12:39:31 Job submitted from host: <144.92.180.29:9618?addrs=144.92.180.29-9618+[2607-f388-101c-1000--369]-9618&alias=login03.hep.wisc.edu&noUDP&sock=schedd_2495_f0e2>
...
040 (6735711.000.000) 2021-10-11 12:46:38 Started transferring input files
	Transferring to host: <144.92.180.126:9618?addrs=144.92.180.126-9618+[2607-f388-101c-1000--629]-9618&alias=g26n24.hep.wisc.edu&noUDP&sock=slot1_7_3321_b1e0_114738>
...
040 (6735711.000.000) 2021-10-11 12:47:35 Finished transferring input files
...
001 (6735711.000.000) 2021-10-11 12:47:36 Job executing on host: <144.92.180.126:9618?addrs=144.92.180.126-9618+[2607-f388-101c-1000--629]-9618&alias=g26n24.hep.wisc.edu&noUDP&sock=startd_2876_4677>
...
006 (6735711.000.000) 2021-10-11 12:47:45 Image size of job updated: 525212
	0  -  MemoryUsage of job (MB)
	0  -  ResidentSetSize of job (KB)
...
040 (6735711.000.000) 2021-10-11 12:47:45 Started transferring output files
...
040 (6735711.000.000) 2021-10-11 12:47:45 Finished transferring output files
...
005 (6735711.000.000) 2021-10-11 12:47:45 Job terminated.
	(1) Normal termination (return value 0)
		Usr 0 00:00:04, Sys 0 00:00:01  -  Run Remote Usage
		Usr 0 00:00:00, Sys 0 00:00:00  -  Run Local Usage
		Usr 0 00:00:04, Sys 0 00:00:01  -  Total Remote Usage
		Usr 0 00:00:00, Sys 0 00:00:00  -  Total Local Usage
	215050  -  Run Bytes Sent By Job
	315513696  -  Run Bytes Received By Job
	215050  -  Total Bytes Sent By Job
	315513696  -  Total Bytes Received By Job
	Partitionable Resources :    Usage  Request Allocated 
	   Cpus                 :                 1         1 
	   Disk (KB)            :   308381  2048000  18352912 
	   Memory (MB)          :        0     1992      2048 

	Job terminated of its own accord at 2021-10-11T17:47:45Z.
...
