All files added.
Initializing chain.
from Init MC
****************** ttbar sample found
.... MC file ..... 
Coming in: 
nentries:18120
Running over 18120 events.
Finished entry 0/18119
Finished entry 900/18119
Finished entry 1800/18119
Finished entry 2700/18119
Finished entry 3600/18119
Finished entry 4500/18119
Finished entry 5400/18119
Finished entry 6300/18119
Finished entry 7200/18119
Finished entry 8100/18119
Finished entry 9000/18119
Finished entry 9900/18119
Finished entry 10800/18119
Finished entry 11700/18119
Finished entry 12600/18119
Finished entry 13500/18119
Finished entry 14400/18119
Finished entry 15300/18119
Finished entry 16200/18119
Finished entry 17100/18119
Finished entry 18000/18119
Finished entry 18119/18119
All events checked.
*******************************************
******************Jithin's original*************************
    Initial entries 18120.000000
   Passing smikking 0.000000
Inspected genWeightd 17944.000000   % change= 0.971302
   METFiltersPassed 17135.958548   % change= 4.503129
    SingleTrgPassed 3772.106706   % change= 77.987186
     GoodMuonPassed 2179.355613   % change= 42.224444
      GoodTauPassed 240.678475   % change= 88.956439
         opp charge 180.816135   % change= 24.872328
 PassedThirdLepVeto 120.545297   % change= 33.332666
     PassedBjetVeto 120.545297   % change= 0.000000
       DeltaRPassed 117.577149   % change= 2.462268
      Total change :99.351119
*******************************************
*******************************************
Number of events inspected: 18120
Number of events inspected (minus negative gen. weights): 17944.000000
 Outpt written to TTToSemiLeptonic_TuneCP5_05.root
Real time 0:00:23, CP time 17.000
