000 (6735758.000.000) 2021-10-11 12:40:04 Job submitted from host: <144.92.180.29:9618?addrs=144.92.180.29-9618+[2607-f388-101c-1000--369]-9618&alias=login03.hep.wisc.edu&noUDP&sock=schedd_2495_f0e2>
...
040 (6735758.000.000) 2021-10-11 12:51:22 Started transferring input files
	Transferring to host: <144.92.180.126:9618?addrs=144.92.180.126-9618+[2607-f388-101c-1000--629]-9618&alias=g26n24.hep.wisc.edu&noUDP&sock=slot1_5_3321_b1e0_114765>
...
040 (6735758.000.000) 2021-10-11 12:51:35 Finished transferring input files
...
001 (6735758.000.000) 2021-10-11 12:51:36 Job executing on host: <144.92.180.126:9618?addrs=144.92.180.126-9618+[2607-f388-101c-1000--629]-9618&alias=g26n24.hep.wisc.edu&noUDP&sock=startd_2876_4677>
...
006 (6735758.000.000) 2021-10-11 12:51:44 Image size of job updated: 648240
	484  -  MemoryUsage of job (MB)
	494988  -  ResidentSetSize of job (KB)
...
006 (6735758.000.000) 2021-10-11 12:53:45 Image size of job updated: 850216
	484  -  MemoryUsage of job (MB)
	494988  -  ResidentSetSize of job (KB)
...
040 (6735758.000.000) 2021-10-11 12:53:45 Started transferring output files
...
040 (6735758.000.000) 2021-10-11 12:53:45 Finished transferring output files
...
005 (6735758.000.000) 2021-10-11 12:53:45 Job terminated.
	(1) Normal termination (return value 0)
		Usr 0 00:01:33, Sys 0 00:00:03  -  Run Remote Usage
		Usr 0 00:00:00, Sys 0 00:00:00  -  Run Local Usage
		Usr 0 00:01:33, Sys 0 00:00:03  -  Total Remote Usage
		Usr 0 00:00:00, Sys 0 00:00:00  -  Total Local Usage
	248815  -  Run Bytes Sent By Job
	315513664  -  Run Bytes Received By Job
	248815  -  Total Bytes Sent By Job
	315513664  -  Total Bytes Received By Job
	Partitionable Resources :     Usage  Request Allocated 
	   Cpus                 :      0.80        1         1 
	   Disk (KB)            : 308423     2048000  18352912 
	   Memory (MB)          :    484        1992      2048 

	Job terminated of its own accord at 2021-10-11T17:53:45Z.
...
