000 (6735725.000.000) 2021-10-11 12:39:39 Job submitted from host: <144.92.180.29:9618?addrs=144.92.180.29-9618+[2607-f388-101c-1000--369]-9618&alias=login03.hep.wisc.edu&noUDP&sock=schedd_2495_f0e2>
...
040 (6735725.000.000) 2021-10-11 12:47:49 Started transferring input files
	Transferring to host: <144.92.180.210:9618?addrs=144.92.180.210-9618+[2607-f388-101c-1000--629]-9618&alias=g25n01.hep.wisc.edu&noUDP&sock=slot1_4_3116_40f8_115811>
...
040 (6735725.000.000) 2021-10-11 12:48:26 Finished transferring input files
...
001 (6735725.000.000) 2021-10-11 12:48:27 Job executing on host: <144.92.180.210:9618?addrs=144.92.180.210-9618+[2607-f388-101c-1000--629]-9618&alias=g25n01.hep.wisc.edu&noUDP&sock=startd_2446_54be>
...
006 (6735725.000.000) 2021-10-11 12:48:35 Image size of job updated: 523524
	0  -  MemoryUsage of job (MB)
	0  -  ResidentSetSize of job (KB)
...
040 (6735725.000.000) 2021-10-11 12:48:35 Started transferring output files
...
040 (6735725.000.000) 2021-10-11 12:48:35 Finished transferring output files
...
005 (6735725.000.000) 2021-10-11 12:48:35 Job terminated.
	(1) Normal termination (return value 0)
		Usr 0 00:00:04, Sys 0 00:00:01  -  Run Remote Usage
		Usr 0 00:00:00, Sys 0 00:00:00  -  Run Local Usage
		Usr 0 00:00:04, Sys 0 00:00:01  -  Total Remote Usage
		Usr 0 00:00:00, Sys 0 00:00:00  -  Total Local Usage
	199600  -  Run Bytes Sent By Job
	315513696  -  Run Bytes Received By Job
	199600  -  Total Bytes Sent By Job
	315513696  -  Total Bytes Received By Job
	Partitionable Resources :    Usage  Request Allocated 
	   Cpus                 :                 1         1 
	   Disk (KB)            :   308366  2048000  18533593 
	   Memory (MB)          :        0     1992      2048 

	Job terminated of its own accord at 2021-10-11T17:48:35Z.
...
