All files added.
Initializing chain.
from Init MC
****************** ttbar sample found
.... MC file ..... 
Coming in: 
nentries:11933
Running over 11933 events.
Finished entry 0/11932
Finished entry 500/11932
Finished entry 1000/11932
Finished entry 1500/11932
Finished entry 2000/11932
Finished entry 2500/11932
Finished entry 3000/11932
Finished entry 3500/11932
Finished entry 4000/11932
Finished entry 4500/11932
Finished entry 5000/11932
Finished entry 5500/11932
Finished entry 6000/11932
Finished entry 6500/11932
Finished entry 7000/11932
Finished entry 7500/11932
Finished entry 8000/11932
Finished entry 8500/11932
Finished entry 9000/11932
Finished entry 9500/11932
Finished entry 10000/11932
Finished entry 10500/11932
Finished entry 11000/11932
Finished entry 11500/11932
Finished entry 11932/11932
All events checked.
*******************************************
******************Jithin's original*************************
    Initial entries 11933.000000
   Passing smikking 0.000000
Inspected genWeightd 11933.000000   % change= 0.000000
   METFiltersPassed 11261.510049   % change= 5.627168
    SingleTrgPassed 1494.196085   % change= 86.731832
     GoodMuonPassed 313.105805   % change= 79.045200
      GoodTauPassed 29.330592   % change= 90.632370
         opp charge 15.378558   % change= 47.568199
 PassedThirdLepVeto 9.822761   % change= 36.126900
     PassedBjetVeto 9.822761   % change= 0.000000
       DeltaRPassed 8.918047   % change= 9.210385
      Total change :99.925266
*******************************************
*******************************************
Number of events inspected: 11933
Number of events inspected (minus negative gen. weights): 11933.000000
 Outpt written to TTToHadronic_TuneCP5_04.root
Real time 0:00:13, CP time 9.000
