000 (6735698.000.000) 2021-10-11 12:39:24 Job submitted from host: <144.92.180.29:9618?addrs=144.92.180.29-9618+[2607-f388-101c-1000--369]-9618&alias=login03.hep.wisc.edu&noUDP&sock=schedd_2495_f0e2>
...
040 (6735698.000.000) 2021-10-11 12:45:31 Started transferring input files
	Transferring to host: <144.92.180.210:9618?addrs=144.92.180.210-9618+[2607-f388-101c-1000--629]-9618&alias=g25n01.hep.wisc.edu&noUDP&sock=slot1_10_3116_40f8_115788>
...
040 (6735698.000.000) 2021-10-11 12:45:51 Finished transferring input files
...
001 (6735698.000.000) 2021-10-11 12:45:52 Job executing on host: <144.92.180.210:9618?addrs=144.92.180.210-9618+[2607-f388-101c-1000--629]-9618&alias=g25n01.hep.wisc.edu&noUDP&sock=startd_2446_54be>
...
006 (6735698.000.000) 2021-10-11 12:46:01 Image size of job updated: 662248
	481  -  MemoryUsage of job (MB)
	491700  -  ResidentSetSize of job (KB)
...
006 (6735698.000.000) 2021-10-11 12:46:25 Image size of job updated: 838084
	481  -  MemoryUsage of job (MB)
	491700  -  ResidentSetSize of job (KB)
...
040 (6735698.000.000) 2021-10-11 12:46:25 Started transferring output files
...
040 (6735698.000.000) 2021-10-11 12:46:25 Finished transferring output files
...
005 (6735698.000.000) 2021-10-11 12:46:25 Job terminated.
	(1) Normal termination (return value 0)
		Usr 0 00:00:21, Sys 0 00:00:01  -  Run Remote Usage
		Usr 0 00:00:00, Sys 0 00:00:00  -  Run Local Usage
		Usr 0 00:00:21, Sys 0 00:00:01  -  Total Remote Usage
		Usr 0 00:00:00, Sys 0 00:00:00  -  Total Local Usage
	289757  -  Run Bytes Sent By Job
	315513728  -  Run Bytes Received By Job
	289757  -  Total Bytes Sent By Job
	315513728  -  Total Bytes Received By Job
	Partitionable Resources :    Usage  Request Allocated 
	   Cpus                 :                 1         1 
	   Disk (KB)            :   308454  2048000  18533593 
	   Memory (MB)          :      481     1992      2048 

	Job terminated of its own accord at 2021-10-11T17:46:25Z.
...
