000 (6735757.000.000) 2021-10-11 12:40:03 Job submitted from host: <144.92.180.29:9618?addrs=144.92.180.29-9618+[2607-f388-101c-1000--369]-9618&alias=login03.hep.wisc.edu&noUDP&sock=schedd_2495_f0e2>
...
040 (6735757.000.000) 2021-10-11 12:50:34 Started transferring input files
	Transferring to host: <144.92.180.126:9618?addrs=144.92.180.126-9618+[2607-f388-101c-1000--629]-9618&alias=g26n24.hep.wisc.edu&noUDP&sock=slot1_6_3321_b1e0_114764>
...
040 (6735757.000.000) 2021-10-11 12:51:13 Finished transferring input files
...
001 (6735757.000.000) 2021-10-11 12:51:14 Job executing on host: <144.92.180.126:9618?addrs=144.92.180.126-9618+[2607-f388-101c-1000--629]-9618&alias=g26n24.hep.wisc.edu&noUDP&sock=startd_2876_4677>
...
006 (6735757.000.000) 2021-10-11 12:51:24 Image size of job updated: 854756
	486  -  MemoryUsage of job (MB)
	497172  -  ResidentSetSize of job (KB)
...
040 (6735757.000.000) 2021-10-11 12:53:39 Started transferring output files
...
040 (6735757.000.000) 2021-10-11 12:53:39 Finished transferring output files
...
005 (6735757.000.000) 2021-10-11 12:53:39 Job terminated.
	(1) Normal termination (return value 0)
		Usr 0 00:01:48, Sys 0 00:00:04  -  Run Remote Usage
		Usr 0 00:00:00, Sys 0 00:00:00  -  Run Local Usage
		Usr 0 00:01:48, Sys 0 00:00:04  -  Total Remote Usage
		Usr 0 00:00:00, Sys 0 00:00:00  -  Total Local Usage
	248440  -  Run Bytes Sent By Job
	315513664  -  Run Bytes Received By Job
	248440  -  Total Bytes Sent By Job
	315513664  -  Total Bytes Received By Job
	Partitionable Resources :     Usage  Request Allocated 
	   Cpus                 :      0.88        1         1 
	   Disk (KB)            : 308422     2048000  18352912 
	   Memory (MB)          :    486        1992      2048 

	Job terminated of its own accord at 2021-10-11T17:53:38Z.
...
