********** for MC *********
All files added.
Initializing chain.
from Init DATA
Coming in: 
nentries:14982781
Running over 14982781 events.
Finished entry 0/14982780
Finished entry 700000/14982780
Finished entry 1400000/14982780
Finished entry 2100000/14982780
Finished entry 2800000/14982780
Finished entry 3500000/14982780
Finished entry 4200000/14982780
Finished entry 4900000/14982780
Finished entry 5600000/14982780
Finished entry 6300000/14982780
Finished entry 7000000/14982780
Finished entry 7700000/14982780
Finished entry 8400000/14982780
Finished entry 9100000/14982780
Finished entry 9800000/14982780
Finished entry 10500000/14982780
Finished entry 11200000/14982780
Finished entry 11900000/14982780
Finished entry 12600000/14982780
Finished entry 13300000/14982780
Finished entry 14000000/14982780
Finished entry 14700000/14982780
nPassedSkimmed = 119458
Real time 3:52:10, CP time 3838.810
