000 (3431142.000.000) 2023-06-23 00:52:36 Job submitted from host: <144.92.180.5:9618?addrs=144.92.180.5-9618+[2607-f388-101c-1000--368]-9618&alias=login02.hep.wisc.edu&noUDP&sock=schedd_2712_c8ef>
...
040 (3431142.000.000) 2023-06-23 04:16:05 Started transferring input files
	Transferring to host: <144.92.181.197:9618?addrs=144.92.181.197-9618+[2607-f388-101c-1000--456]-9618&alias=neil01.hep.wisc.edu&noUDP&sock=slot1_1_3930_ca59_84139>
...
040 (3431142.000.000) 2023-06-23 04:16:05 Finished transferring input files
...
001 (3431142.000.000) 2023-06-23 04:16:07 Job executing on host: <144.92.181.197:9618?addrs=144.92.181.197-9618+[2607-f388-101c-1000--456]-9618&alias=neil01.hep.wisc.edu&noUDP&sock=startd_3374_dca1>
...
006 (3431142.000.000) 2023-06-23 04:16:16 Image size of job updated: 93060
	1  -  MemoryUsage of job (MB)
	964  -  ResidentSetSize of job (KB)
...
006 (3431142.000.000) 2023-06-23 04:36:17 Image size of job updated: 937496
	330  -  MemoryUsage of job (MB)
	337336  -  ResidentSetSize of job (KB)
...
006 (3431142.000.000) 2023-06-23 04:56:18 Image size of job updated: 950648
	426  -  MemoryUsage of job (MB)
	436220  -  ResidentSetSize of job (KB)
...
006 (3431142.000.000) 2023-06-23 05:16:20 Image size of job updated: 952572
	429  -  MemoryUsage of job (MB)
	439124  -  ResidentSetSize of job (KB)
...
040 (3431142.000.000) 2023-06-23 08:00:27 Started transferring output files
...
040 (3431142.000.000) 2023-06-23 08:00:27 Finished transferring output files
...
005 (3431142.000.000) 2023-06-23 08:00:27 Job terminated.
	(1) Normal termination (return value 0)
		Usr 0 00:53:28, Sys 0 00:06:03  -  Run Remote Usage
		Usr 0 00:00:00, Sys 0 00:00:00  -  Run Local Usage
		Usr 0 00:53:28, Sys 0 00:06:03  -  Total Remote Usage
		Usr 0 00:00:00, Sys 0 00:00:00  -  Total Local Usage
	101376  -  Run Bytes Sent By Job
	207464  -  Run Bytes Received By Job
	101376  -  Total Bytes Sent By Job
	207464  -  Total Bytes Received By Job
	Partitionable Resources :     Usage  Request Allocated 
	   Cpus                 :      0.32        1         1 
	   Disk (KB)            : 415561     2097152  18506101 
	   Memory (MB)          :    429        2048      2500 

	Job terminated of its own accord at 2023-06-23T13:00:27Z.
...
