********** for MC *********
All files added.
Initializing chain.
from Init MC
.... MC file ..... 
Coming in: 
nentries:338948
Running over 338948 events.
Finished entry 0/338947
Finished entry 10000/338947
Finished entry 20000/338947
Finished entry 30000/338947
Finished entry 40000/338947
Finished entry 50000/338947
Finished entry 60000/338947
Finished entry 70000/338947
Finished entry 80000/338947
Finished entry 90000/338947
Finished entry 100000/338947
Finished entry 110000/338947
Finished entry 120000/338947
Finished entry 130000/338947
Finished entry 140000/338947
Finished entry 150000/338947
Finished entry 160000/338947
Finished entry 170000/338947
Finished entry 180000/338947
Finished entry 190000/338947
Finished entry 200000/338947
Finished entry 210000/338947
Finished entry 220000/338947
Finished entry 230000/338947
Finished entry 240000/338947
Finished entry 250000/338947
Finished entry 260000/338947
Finished entry 270000/338947
Finished entry 280000/338947
Finished entry 290000/338947
Finished entry 300000/338947
Finished entry 310000/338947
Finished entry 320000/338947
Finished entry 330000/338947
nPassedSkimmed = 138
Real time 0:11:02, CP time 110.810
