000 (6066643.000.000) 06/28 19:06:24 Job submitted from host: <144.92.181.244:9618?addrs=144.92.181.244-9618+[2607-f388-101c-1000--371]-9618&noUDP&sock=2237_f972_3>
...
001 (6066643.000.000) 06/28 20:54:04 Job executing on host: <144.92.180.67:9618?addrs=144.92.180.67-9618+[2607-f388-101c-1000--629]-9618&noUDP&sock=7405_cae4_3>
...
006 (6066643.000.000) 06/28 20:54:14 Image size of job updated: 123352
	30  -  MemoryUsage of job (MB)
	30160  -  ResidentSetSize of job (KB)
...
006 (6066643.000.000) 06/28 21:14:14 Image size of job updated: 663700
	318  -  MemoryUsage of job (MB)
	325184  -  ResidentSetSize of job (KB)
...
006 (6066643.000.000) 06/28 21:34:14 Image size of job updated: 694904
	387  -  MemoryUsage of job (MB)
	395408  -  ResidentSetSize of job (KB)
...
006 (6066643.000.000) 06/28 22:14:15 Image size of job updated: 694904
	387  -  MemoryUsage of job (MB)
	395540  -  ResidentSetSize of job (KB)
...
006 (6066643.000.000) 06/28 22:34:16 Image size of job updated: 694904
	387  -  MemoryUsage of job (MB)
	396068  -  ResidentSetSize of job (KB)
...
005 (6066643.000.000) 06/28 23:07:16 Job terminated.
	(1) Normal termination (return value 0)
		Usr 0 00:39:11, Sys 0 00:03:13  -  Run Remote Usage
		Usr 0 00:00:00, Sys 0 00:00:00  -  Run Local Usage
		Usr 0 00:39:11, Sys 0 00:03:13  -  Total Remote Usage
		Usr 0 00:00:00, Sys 0 00:00:00  -  Total Local Usage
	231534064  -  Run Bytes Sent By Job
	218261  -  Run Bytes Received By Job
	231534064  -  Total Bytes Sent By Job
	218261  -  Total Bytes Received By Job
	Partitionable Resources :      Usage  Request Allocated 
	   Cpus                 :       0.38        1         1 
	   Disk (KB)            : 1000000     2048000  18515814 
	   Memory (MB)          :     387        1992      2048 
...
