********** for MC *********
All files added.
Initializing chain.
from Init MC
.... MC file ..... 
Coming in: 
nentries:250000
Running over 250000 events.
Finished entry 0/249999
Finished entry 10000/249999
Finished entry 20000/249999
Finished entry 30000/249999
Finished entry 40000/249999
Finished entry 50000/249999
Finished entry 60000/249999
Finished entry 70000/249999
Finished entry 80000/249999
Finished entry 90000/249999
Finished entry 100000/249999
Finished entry 110000/249999
Finished entry 120000/249999
Finished entry 130000/249999
Finished entry 140000/249999
Finished entry 150000/249999
Finished entry 160000/249999
Finished entry 170000/249999
Finished entry 180000/249999
Finished entry 190000/249999
Finished entry 200000/249999
Finished entry 210000/249999
Finished entry 220000/249999
Finished entry 230000/249999
Finished entry 240000/249999
nPassedSkimmed = 1871
Real time 0:05:11, CP time 73.390
