000 (6066623.000.000) 06/28 19:06:16 Job submitted from host: <144.92.181.244:9618?addrs=144.92.181.244-9618+[2607-f388-101c-1000--371]-9618&noUDP&sock=2237_f972_3>
...
001 (6066623.000.000) 06/28 20:25:37 Job executing on host: <144.92.180.67:9618?addrs=144.92.180.67-9618+[2607-f388-101c-1000--629]-9618&noUDP&sock=7405_cae4_3>
...
006 (6066623.000.000) 06/28 20:25:46 Image size of job updated: 265804
	25  -  MemoryUsage of job (MB)
	24820  -  ResidentSetSize of job (KB)
...
006 (6066623.000.000) 06/28 20:45:47 Image size of job updated: 663720
	272  -  MemoryUsage of job (MB)
	277640  -  ResidentSetSize of job (KB)
...
006 (6066623.000.000) 06/28 20:54:02 Image size of job updated: 663800
	272  -  MemoryUsage of job (MB)
	277640  -  ResidentSetSize of job (KB)
...
005 (6066623.000.000) 06/28 20:54:03 Job terminated.
	(1) Normal termination (return value 0)
		Usr 0 00:08:23, Sys 0 00:00:39  -  Run Remote Usage
		Usr 0 00:00:00, Sys 0 00:00:00  -  Run Local Usage
		Usr 0 00:08:23, Sys 0 00:00:39  -  Total Remote Usage
		Usr 0 00:00:00, Sys 0 00:00:00  -  Total Local Usage
	15516974  -  Run Bytes Sent By Job
	218287  -  Run Bytes Received By Job
	15516974  -  Total Bytes Sent By Job
	218287  -  Total Bytes Received By Job
	Partitionable Resources :      Usage  Request Allocated 
	   Cpus                 :       0.09        1         1 
	   Disk (KB)            : 1000000     2048000  18515814 
	   Memory (MB)          :     272        1992      2048 
...
