000 (6066665.000.000) 06/28 19:06:34 Job submitted from host: <144.92.181.244:9618?addrs=144.92.181.244-9618+[2607-f388-101c-1000--371]-9618&noUDP&sock=2237_f972_3>
...
001 (6066665.000.000) 06/28 22:33:55 Job executing on host: <144.92.180.193:9618?addrs=144.92.180.193-9618+[2607-f388-101c-1000--629]-9618&noUDP&sock=2008_e642_3>
...
006 (6066665.000.000) 06/28 22:34:04 Image size of job updated: 92624
	22  -  MemoryUsage of job (MB)
	22188  -  ResidentSetSize of job (KB)
...
006 (6066665.000.000) 06/28 22:54:05 Image size of job updated: 686500
	268  -  MemoryUsage of job (MB)
	273740  -  ResidentSetSize of job (KB)
...
006 (6066665.000.000) 06/28 23:14:06 Image size of job updated: 686500
	272  -  MemoryUsage of job (MB)
	277952  -  ResidentSetSize of job (KB)
...
006 (6066665.000.000) 06/28 23:34:06 Image size of job updated: 686500
	276  -  MemoryUsage of job (MB)
	281980  -  ResidentSetSize of job (KB)
...
006 (6066665.000.000) 06/28 23:54:06 Image size of job updated: 686500
	277  -  MemoryUsage of job (MB)
	283252  -  ResidentSetSize of job (KB)
...
006 (6066665.000.000) 06/29 00:14:07 Image size of job updated: 686500
	280  -  MemoryUsage of job (MB)
	285812  -  ResidentSetSize of job (KB)
...
006 (6066665.000.000) 06/29 00:34:08 Image size of job updated: 686500
	284  -  MemoryUsage of job (MB)
	290456  -  ResidentSetSize of job (KB)
...
006 (6066665.000.000) 06/29 01:14:08 Image size of job updated: 686500
	285  -  MemoryUsage of job (MB)
	291332  -  ResidentSetSize of job (KB)
...
006 (6066665.000.000) 06/29 01:34:08 Image size of job updated: 686500
	287  -  MemoryUsage of job (MB)
	293176  -  ResidentSetSize of job (KB)
...
006 (6066665.000.000) 06/29 01:54:09 Image size of job updated: 686500
	288  -  MemoryUsage of job (MB)
	294664  -  ResidentSetSize of job (KB)
...
006 (6066665.000.000) 06/29 02:05:52 Image size of job updated: 686536
	288  -  MemoryUsage of job (MB)
	294664  -  ResidentSetSize of job (KB)
...
005 (6066665.000.000) 06/29 02:05:53 Job terminated.
	(1) Normal termination (return value 0)
		Usr 0 00:33:46, Sys 0 00:03:03  -  Run Remote Usage
		Usr 0 00:00:00, Sys 0 00:00:00  -  Run Local Usage
		Usr 0 00:33:46, Sys 0 00:03:03  -  Total Remote Usage
		Usr 0 00:00:00, Sys 0 00:00:00  -  Total Local Usage
	15779958  -  Run Bytes Sent By Job
	218262  -  Run Bytes Received By Job
	15779958  -  Total Bytes Sent By Job
	218262  -  Total Bytes Received By Job
	Partitionable Resources :      Usage  Request Allocated 
	   Cpus                 :       0.24        1         1 
	   Disk (KB)            : 1000000     2048000  18506826 
	   Memory (MB)          :     288        1992      2048 
...
