********** for MC *********
All files added.
Initializing chain.
from Init MC
.... MC file ..... 
Coming in: 
nentries:1075804
Running over 1075804 events.
Finished entry 0/1075803
Finished entry 50000/1075803
Finished entry 100000/1075803
Finished entry 150000/1075803
Finished entry 200000/1075803
Finished entry 250000/1075803
Finished entry 300000/1075803
Finished entry 350000/1075803
Finished entry 400000/1075803
Finished entry 450000/1075803
Finished entry 500000/1075803
Finished entry 550000/1075803
Finished entry 600000/1075803
Finished entry 650000/1075803
Finished entry 700000/1075803
Finished entry 750000/1075803
Finished entry 800000/1075803
Finished entry 850000/1075803
Finished entry 900000/1075803
Finished entry 950000/1075803
Finished entry 1000000/1075803
Finished entry 1050000/1075803
nPassedSkimmed = 5650
Real time 0:23:47, CP time 343.000
