000 (6066708.000.000) 06/28 19:06:54 Job submitted from host: <144.92.181.244:9618?addrs=144.92.181.244-9618+[2607-f388-101c-1000--371]-9618&noUDP&sock=2237_f972_3>
...
001 (6066708.000.000) 06/28 23:19:59 Job executing on host: <144.92.180.108:9618?addrs=144.92.180.108-9618+[2607-f388-101c-1000--629]-9618&noUDP&sock=2492_e219_3>
...
006 (6066708.000.000) 06/28 23:20:08 Image size of job updated: 77672
	23  -  MemoryUsage of job (MB)
	23288  -  ResidentSetSize of job (KB)
...
006 (6066708.000.000) 06/28 23:40:09 Image size of job updated: 748684
	316  -  MemoryUsage of job (MB)
	322784  -  ResidentSetSize of job (KB)
...
005 (6066708.000.000) 06/28 23:50:06 Job terminated.
	(1) Normal termination (return value 0)
		Usr 0 00:06:24, Sys 0 00:00:28  -  Run Remote Usage
		Usr 0 00:00:00, Sys 0 00:00:00  -  Run Local Usage
		Usr 0 00:06:24, Sys 0 00:00:28  -  Total Remote Usage
		Usr 0 00:00:00, Sys 0 00:00:00  -  Total Local Usage
	20063496  -  Run Bytes Sent By Job
	218214  -  Run Bytes Received By Job
	20063496  -  Total Bytes Sent By Job
	218214  -  Total Bytes Received By Job
	Partitionable Resources :      Usage  Request Allocated 
	   Cpus                 :       0.31        1         1 
	   Disk (KB)            : 1000000     2048000  18353864 
	   Memory (MB)          :     316        1992      2048 
...
