000 (6066635.000.000) 06/28 19:06:21 Job submitted from host: <144.92.181.244:9618?addrs=144.92.181.244-9618+[2607-f388-101c-1000--371]-9618&noUDP&sock=2237_f972_3>
...
001 (6066635.000.000) 06/28 20:51:43 Job executing on host: <144.92.180.108:9618?addrs=144.92.180.108-9618+[2607-f388-101c-1000--629]-9618&noUDP&sock=2492_e219_3>
...
006 (6066635.000.000) 06/28 20:51:51 Image size of job updated: 223832
	48  -  MemoryUsage of job (MB)
	48352  -  ResidentSetSize of job (KB)
...
006 (6066635.000.000) 06/28 21:11:51 Image size of job updated: 706924
	397  -  MemoryUsage of job (MB)
	405516  -  ResidentSetSize of job (KB)
...
005 (6066635.000.000) 06/28 21:16:22 Job terminated.
	(1) Normal termination (return value 0)
		Usr 0 00:05:18, Sys 0 00:00:25  -  Run Remote Usage
		Usr 0 00:00:00, Sys 0 00:00:00  -  Run Local Usage
		Usr 0 00:05:18, Sys 0 00:00:25  -  Total Remote Usage
		Usr 0 00:00:00, Sys 0 00:00:00  -  Total Local Usage
	62495420  -  Run Bytes Sent By Job
	218249  -  Run Bytes Received By Job
	62495420  -  Total Bytes Sent By Job
	218249  -  Total Bytes Received By Job
	Partitionable Resources :      Usage  Request Allocated 
	   Cpus                 :       0.33        1         1 
	   Disk (KB)            : 1000000     2048000  18353864 
	   Memory (MB)          :     397        1992      2048 
...
