000 (6066619.000.000) 06/28 19:06:14 Job submitted from host: <144.92.181.244:9618?addrs=144.92.181.244-9618+[2607-f388-101c-1000--371]-9618&noUDP&sock=2237_f972_3>
...
001 (6066619.000.000) 06/28 20:02:02 Job executing on host: <144.92.180.89:9618?addrs=144.92.180.89-9618+[2607-f388-101c-1000--629]-9618&noUDP&sock=4193_a0b2_3>
...
006 (6066619.000.000) 06/28 20:02:11 Image size of job updated: 58768
	7  -  MemoryUsage of job (MB)
	6304  -  ResidentSetSize of job (KB)
...
006 (6066619.000.000) 06/28 20:22:12 Image size of job updated: 664204
	268  -  MemoryUsage of job (MB)
	273604  -  ResidentSetSize of job (KB)
...
006 (6066619.000.000) 06/28 20:42:13 Image size of job updated: 667400
	292  -  MemoryUsage of job (MB)
	298252  -  ResidentSetSize of job (KB)
...
006 (6066619.000.000) 06/28 21:02:13 Image size of job updated: 669212
	307  -  MemoryUsage of job (MB)
	313960  -  ResidentSetSize of job (KB)
...
006 (6066619.000.000) 06/28 21:22:13 Image size of job updated: 719084
	406  -  MemoryUsage of job (MB)
	415284  -  ResidentSetSize of job (KB)
...
006 (6066619.000.000) 06/28 21:42:13 Image size of job updated: 719084
	407  -  MemoryUsage of job (MB)
	415944  -  ResidentSetSize of job (KB)
...
006 (6066619.000.000) 06/28 22:02:14 Image size of job updated: 719084
	407  -  MemoryUsage of job (MB)
	416340  -  ResidentSetSize of job (KB)
...
006 (6066619.000.000) 06/28 22:42:15 Image size of job updated: 719084
	408  -  MemoryUsage of job (MB)
	417792  -  ResidentSetSize of job (KB)
...
005 (6066619.000.000) 06/28 23:20:14 Job terminated.
	(1) Normal termination (return value 0)
		Usr 0 00:53:45, Sys 0 00:04:22  -  Run Remote Usage
		Usr 0 00:00:00, Sys 0 00:00:00  -  Run Local Usage
		Usr 0 00:53:45, Sys 0 00:04:22  -  Total Remote Usage
		Usr 0 00:00:00, Sys 0 00:00:00  -  Total Local Usage
	103925280  -  Run Bytes Sent By Job
	218287  -  Run Bytes Received By Job
	103925280  -  Total Bytes Sent By Job
	218287  -  Total Bytes Received By Job
	Partitionable Resources :      Usage  Request Allocated 
	   Cpus                 :       0.35        1         1 
	   Disk (KB)            : 1000000     2048000  18513763 
	   Memory (MB)          :     408        1992      2048 
...
