********** for MC *********
All files added.
Initializing chain.
from Init MC
.... MC file ..... 
Coming in: 
nentries:1679973
Running over 1679973 events.
Finished entry 0/1679972
Finished entry 80000/1679972
Finished entry 160000/1679972
Finished entry 240000/1679972
Finished entry 320000/1679972
Finished entry 400000/1679972
Finished entry 480000/1679972
Finished entry 560000/1679972
Finished entry 640000/1679972
Finished entry 720000/1679972
Finished entry 800000/1679972
Finished entry 880000/1679972
Finished entry 960000/1679972
Finished entry 1040000/1679972
Finished entry 1120000/1679972
Finished entry 1200000/1679972
Finished entry 1280000/1679972
Finished entry 1360000/1679972
Finished entry 1440000/1679972
Finished entry 1520000/1679972
Finished entry 1600000/1679972
nPassedSkimmed = 6928
Real time 0:34:01, CP time 439.610
