000 (6066603.000.000) 06/28 19:06:07 Job submitted from host: <144.92.181.244:9618?addrs=144.92.181.244-9618+[2607-f388-101c-1000--371]-9618&noUDP&sock=2237_f972_3>
...
001 (6066603.000.000) 06/28 19:58:44 Job executing on host: <144.92.180.194:9618?addrs=144.92.180.194-9618+[2607-f388-101c-1000--629]-9618&noUDP&sock=2326_0560_3>
...
006 (6066603.000.000) 06/28 19:58:53 Image size of job updated: 250664
	7  -  MemoryUsage of job (MB)
	6232  -  ResidentSetSize of job (KB)
...
006 (6066603.000.000) 06/28 20:14:27 Image size of job updated: 658500
	7  -  MemoryUsage of job (MB)
	6232  -  ResidentSetSize of job (KB)
...
005 (6066603.000.000) 06/28 20:14:28 Job terminated.
	(1) Normal termination (return value 0)
		Usr 0 00:02:59, Sys 0 00:00:17  -  Run Remote Usage
		Usr 0 00:00:00, Sys 0 00:00:00  -  Run Local Usage
		Usr 0 00:02:59, Sys 0 00:00:17  -  Total Remote Usage
		Usr 0 00:00:00, Sys 0 00:00:00  -  Total Local Usage
	17406912  -  Run Bytes Sent By Job
	218282  -  Run Bytes Received By Job
	17406912  -  Total Bytes Sent By Job
	218282  -  Total Bytes Received By Job
	Partitionable Resources :      Usage  Request Allocated 
	   Cpus                 :       0.15        1         1 
	   Disk (KB)            : 1000000     2048000  18508968 
	   Memory (MB)          :       7        1992      2048 
...
