000 (6066633.000.000) 06/28 19:06:20 Job submitted from host: <144.92.181.244:9618?addrs=144.92.181.244-9618+[2607-f388-101c-1000--371]-9618&noUDP&sock=2237_f972_3>
...
001 (6066633.000.000) 06/28 20:44:25 Job executing on host: <144.92.180.67:9618?addrs=144.92.180.67-9618+[2607-f388-101c-1000--629]-9618&noUDP&sock=7405_cae4_3>
...
006 (6066633.000.000) 06/28 20:44:34 Image size of job updated: 297248
	59  -  MemoryUsage of job (MB)
	59548  -  ResidentSetSize of job (KB)
...
006 (6066633.000.000) 06/28 21:04:35 Image size of job updated: 673252
	308  -  MemoryUsage of job (MB)
	315372  -  ResidentSetSize of job (KB)
...
006 (6066633.000.000) 06/28 21:24:35 Image size of job updated: 709620
	400  -  MemoryUsage of job (MB)
	409464  -  ResidentSetSize of job (KB)
...
006 (6066633.000.000) 06/28 21:44:35 Image size of job updated: 709620
	401  -  MemoryUsage of job (MB)
	409728  -  ResidentSetSize of job (KB)
...
006 (6066633.000.000) 06/28 22:04:36 Image size of job updated: 709620
	401  -  MemoryUsage of job (MB)
	410256  -  ResidentSetSize of job (KB)
...
006 (6066633.000.000) 06/28 22:24:37 Image size of job updated: 709620
	401  -  MemoryUsage of job (MB)
	410520  -  ResidentSetSize of job (KB)
...
006 (6066633.000.000) 06/28 23:04:38 Image size of job updated: 709620
	402  -  MemoryUsage of job (MB)
	410652  -  ResidentSetSize of job (KB)
...
006 (6066633.000.000) 06/28 23:24:38 Image size of job updated: 709620
	402  -  MemoryUsage of job (MB)
	410916  -  ResidentSetSize of job (KB)
...
005 (6066633.000.000) 06/29 00:04:16 Job terminated.
	(1) Normal termination (return value 0)
		Usr 0 00:58:49, Sys 0 00:04:38  -  Run Remote Usage
		Usr 0 00:00:00, Sys 0 00:00:00  -  Run Local Usage
		Usr 0 00:58:49, Sys 0 00:04:38  -  Total Remote Usage
		Usr 0 00:00:00, Sys 0 00:00:00  -  Total Local Usage
	311304736  -  Run Bytes Sent By Job
	218325  -  Run Bytes Received By Job
	311304736  -  Total Bytes Sent By Job
	218325  -  Total Bytes Received By Job
	Partitionable Resources :      Usage  Request Allocated 
	   Cpus                 :       0.22        1         1 
	   Disk (KB)            : 1000000     2048000  18515814 
	   Memory (MB)          :     402        1992      2048 
...
