000 (7096162.071.000) 2023-04-02 03:10:54 Job submitted from host: <144.92.180.29:9618?addrs=144.92.180.29-9618+[2607-f388-101c-1000--369]-9618&alias=login03.hep.wisc.edu&noUDP&sock=schedd_3083_4292>
...
040 (7096162.071.000) 2023-04-02 15:01:57 Started transferring input files
	Transferring to host: <144.92.180.122:9618?addrs=144.92.180.122-9618+[2607-f388-101c-1000--294]-9618&alias=g26n20.hep.wisc.edu&noUDP&sock=slot1_6_3561_cbea_547000>
...
040 (7096162.071.000) 2023-04-02 15:01:57 Finished transferring input files
...
001 (7096162.071.000) 2023-04-02 15:01:58 Job executing on host: <144.92.180.122:9618?addrs=144.92.180.122-9618+[2607-f388-101c-1000--294]-9618&alias=g26n20.hep.wisc.edu&noUDP&sock=startd_3035_5606>
...
006 (7096162.071.000) 2023-04-02 15:02:07 Image size of job updated: 618868
	199  -  MemoryUsage of job (MB)
	203356  -  ResidentSetSize of job (KB)
...
006 (7096162.071.000) 2023-04-02 15:02:25 Image size of job updated: 932368
	199  -  MemoryUsage of job (MB)
	203488  -  ResidentSetSize of job (KB)
...
040 (7096162.071.000) 2023-04-02 15:02:26 Started transferring output files
...
040 (7096162.071.000) 2023-04-02 15:02:26 Finished transferring output files
...
005 (7096162.071.000) 2023-04-02 15:02:26 Job terminated.
	(1) Normal termination (return value 0)
		Usr 0 00:00:13, Sys 0 00:00:02  -  Run Remote Usage
		Usr 0 00:00:00, Sys 0 00:00:00  -  Run Local Usage
		Usr 0 00:00:13, Sys 0 00:00:02  -  Total Remote Usage
		Usr 0 00:00:00, Sys 0 00:00:00  -  Total Local Usage
	1231311  -  Run Bytes Sent By Job
	320530  -  Run Bytes Received By Job
	1231311  -  Total Bytes Sent By Job
	320530  -  Total Bytes Received By Job
	Partitionable Resources :    Usage  Request Allocated 
	   Cpus                 :                 1         1 
	   Disk (KB)            :     1573  3145728  18347456 
	   Memory (MB)          :      199     2048      2500 

	Job terminated of its own accord at 2023-04-02T20:02:25Z.
...
