000 (7096161.389.000) 2023-04-02 03:10:51 Job submitted from host: <144.92.180.29:9618?addrs=144.92.180.29-9618+[2607-f388-101c-1000--369]-9618&alias=login03.hep.wisc.edu&noUDP&sock=schedd_3083_4292>
...
040 (7096161.389.000) 2023-04-02 14:59:55 Started transferring input files
	Transferring to host: <144.92.180.123:9618?addrs=144.92.180.123-9618+[2607-f388-101c-1000--295]-9618&alias=g26n21.hep.wisc.edu&noUDP&sock=slot1_5_3566_51ca_524971>
...
040 (7096161.389.000) 2023-04-02 14:59:55 Finished transferring input files
...
001 (7096161.389.000) 2023-04-02 14:59:56 Job executing on host: <144.92.180.123:9618?addrs=144.92.180.123-9618+[2607-f388-101c-1000--295]-9618&alias=g26n21.hep.wisc.edu&noUDP&sock=startd_3150_376a>
...
006 (7096161.389.000) 2023-04-02 15:00:05 Image size of job updated: 734924
	122  -  MemoryUsage of job (MB)
	124448  -  ResidentSetSize of job (KB)
...
006 (7096161.389.000) 2023-04-02 15:00:39 Image size of job updated: 746568
	122  -  MemoryUsage of job (MB)
	124448  -  ResidentSetSize of job (KB)
...
040 (7096161.389.000) 2023-04-02 15:00:39 Started transferring output files
...
040 (7096161.389.000) 2023-04-02 15:00:39 Finished transferring output files
...
005 (7096161.389.000) 2023-04-02 15:00:39 Job terminated.
	(1) Normal termination (return value 0)
		Usr 0 00:00:14, Sys 0 00:00:01  -  Run Remote Usage
		Usr 0 00:00:00, Sys 0 00:00:00  -  Run Local Usage
		Usr 0 00:00:14, Sys 0 00:00:01  -  Total Remote Usage
		Usr 0 00:00:00, Sys 0 00:00:00  -  Total Local Usage
	1367282  -  Run Bytes Sent By Job
	320530  -  Run Bytes Received By Job
	1367282  -  Total Bytes Sent By Job
	320530  -  Total Bytes Received By Job
	Partitionable Resources :    Usage  Request Allocated 
	   Cpus                 :                 1         1 
	   Disk (KB)            :     1706  3145728  18349713 
	   Memory (MB)          :      122     2048      2500 

	Job terminated of its own accord at 2023-04-02T20:00:39Z.
...
