000 (7096162.034.000) 2023-04-02 03:10:53 Job submitted from host: <144.92.180.29:9618?addrs=144.92.180.29-9618+[2607-f388-101c-1000--369]-9618&alias=login03.hep.wisc.edu&noUDP&sock=schedd_3083_4292>
...
040 (7096162.034.000) 2023-04-02 15:01:05 Started transferring input files
	Transferring to host: <144.92.180.122:9618?addrs=144.92.180.122-9618+[2607-f388-101c-1000--294]-9618&alias=g26n20.hep.wisc.edu&noUDP&sock=slot1_7_3561_cbea_546989>
...
040 (7096162.034.000) 2023-04-02 15:01:05 Finished transferring input files
...
001 (7096162.034.000) 2023-04-02 15:01:06 Job executing on host: <144.92.180.122:9618?addrs=144.92.180.122-9618+[2607-f388-101c-1000--294]-9618&alias=g26n20.hep.wisc.edu&noUDP&sock=startd_3035_5606>
...
006 (7096162.034.000) 2023-04-02 15:01:15 Image size of job updated: 535540
	127  -  MemoryUsage of job (MB)
	129628  -  ResidentSetSize of job (KB)
...
006 (7096162.034.000) 2023-04-02 15:01:57 Image size of job updated: 932344
	127  -  MemoryUsage of job (MB)
	129628  -  ResidentSetSize of job (KB)
...
040 (7096162.034.000) 2023-04-02 15:01:57 Started transferring output files
...
040 (7096162.034.000) 2023-04-02 15:01:57 Finished transferring output files
...
005 (7096162.034.000) 2023-04-02 15:01:59 Job terminated.
	(1) Normal termination (return value 0)
		Usr 0 00:00:21, Sys 0 00:00:02  -  Run Remote Usage
		Usr 0 00:00:00, Sys 0 00:00:00  -  Run Local Usage
		Usr 0 00:00:21, Sys 0 00:00:02  -  Total Remote Usage
		Usr 0 00:00:00, Sys 0 00:00:00  -  Total Local Usage
	2044286  -  Run Bytes Sent By Job
	320530  -  Run Bytes Received By Job
	2044286  -  Total Bytes Sent By Job
	320530  -  Total Bytes Received By Job
	Partitionable Resources :    Usage  Request Allocated 
	   Cpus                 :     0.75        1         1 
	   Disk (KB)            :  2376     3145728  18347456 
	   Memory (MB)          :   127        2048      2500 

	Job terminated of its own accord at 2023-04-02T20:01:57Z.
...
