000 (7096162.172.000) 2023-04-02 03:10:54 Job submitted from host: <144.92.180.29:9618?addrs=144.92.180.29-9618+[2607-f388-101c-1000--369]-9618&alias=login03.hep.wisc.edu&noUDP&sock=schedd_3083_4292>
...
040 (7096162.172.000) 2023-04-02 15:04:09 Started transferring input files
	Transferring to host: <144.92.180.108:9618?addrs=144.92.180.108-9618+[2607-f388-101c-1000--280]-9618&alias=g26n06.hep.wisc.edu&noUDP&sock=slot1_3_3359_7822_533868>
...
040 (7096162.172.000) 2023-04-02 15:04:09 Finished transferring input files
...
001 (7096162.172.000) 2023-04-02 15:04:10 Job executing on host: <144.92.180.108:9618?addrs=144.92.180.108-9618+[2607-f388-101c-1000--280]-9618&alias=g26n06.hep.wisc.edu&noUDP&sock=startd_2753_e851>
...
006 (7096162.172.000) 2023-04-02 15:04:19 Image size of job updated: 735468
	132  -  MemoryUsage of job (MB)
	134620  -  ResidentSetSize of job (KB)
...
006 (7096162.172.000) 2023-04-02 15:04:41 Image size of job updated: 941908
	132  -  MemoryUsage of job (MB)
	134884  -  ResidentSetSize of job (KB)
...
040 (7096162.172.000) 2023-04-02 15:04:41 Started transferring output files
...
040 (7096162.172.000) 2023-04-02 15:04:42 Finished transferring output files
...
005 (7096162.172.000) 2023-04-02 15:04:42 Job terminated.
	(1) Normal termination (return value 0)
		Usr 0 00:00:13, Sys 0 00:00:02  -  Run Remote Usage
		Usr 0 00:00:00, Sys 0 00:00:00  -  Run Local Usage
		Usr 0 00:00:13, Sys 0 00:00:02  -  Total Remote Usage
		Usr 0 00:00:00, Sys 0 00:00:00  -  Total Local Usage
	1282285  -  Run Bytes Sent By Job
	320530  -  Run Bytes Received By Job
	1282285  -  Total Bytes Sent By Job
	320530  -  Total Bytes Received By Job
	Partitionable Resources :    Usage  Request Allocated 
	   Cpus                 :                 1         1 
	   Disk (KB)            :     1623  3145728  18353864 
	   Memory (MB)          :      132     2048      2500 

	Job terminated of its own accord at 2023-04-02T20:04:41Z.
...
