000 (7096161.075.000) 2023-04-02 03:10:49 Job submitted from host: <144.92.180.29:9618?addrs=144.92.180.29-9618+[2607-f388-101c-1000--369]-9618&alias=login03.hep.wisc.edu&noUDP&sock=schedd_3083_4292>
...
040 (7096161.075.000) 2023-04-02 14:50:04 Started transferring input files
	Transferring to host: <144.92.180.108:9618?addrs=144.92.180.108-9618+[2607-f388-101c-1000--280]-9618&alias=g26n06.hep.wisc.edu&noUDP&sock=slot1_6_3359_7822_533633>
...
040 (7096161.075.000) 2023-04-02 14:50:04 Finished transferring input files
...
001 (7096161.075.000) 2023-04-02 14:50:05 Job executing on host: <144.92.180.108:9618?addrs=144.92.180.108-9618+[2607-f388-101c-1000--280]-9618&alias=g26n06.hep.wisc.edu&noUDP&sock=startd_2753_e851>
...
006 (7096161.075.000) 2023-04-02 14:50:13 Image size of job updated: 735100
	141  -  MemoryUsage of job (MB)
	144344  -  ResidentSetSize of job (KB)
...
006 (7096161.075.000) 2023-04-02 14:50:48 Image size of job updated: 939500
	141  -  MemoryUsage of job (MB)
	144344  -  ResidentSetSize of job (KB)
...
040 (7096161.075.000) 2023-04-02 14:50:48 Started transferring output files
...
040 (7096161.075.000) 2023-04-02 14:50:48 Finished transferring output files
...
005 (7096161.075.000) 2023-04-02 14:50:48 Job terminated.
	(1) Normal termination (return value 0)
		Usr 0 00:00:20, Sys 0 00:00:02  -  Run Remote Usage
		Usr 0 00:00:00, Sys 0 00:00:00  -  Run Local Usage
		Usr 0 00:00:20, Sys 0 00:00:02  -  Total Remote Usage
		Usr 0 00:00:00, Sys 0 00:00:00  -  Total Local Usage
	1875312  -  Run Bytes Sent By Job
	320530  -  Run Bytes Received By Job
	1875312  -  Total Bytes Sent By Job
	320530  -  Total Bytes Received By Job
	Partitionable Resources :    Usage  Request Allocated 
	   Cpus                 :                 1         1 
	   Disk (KB)            :     2202  3145728  18353864 
	   Memory (MB)          :      141     2048      2500 

	Job terminated of its own accord at 2023-04-02T19:50:48Z.
...
