000 (7096162.209.000) 2023-04-02 03:10:54 Job submitted from host: <144.92.180.29:9618?addrs=144.92.180.29-9618+[2607-f388-101c-1000--369]-9618&alias=login03.hep.wisc.edu&noUDP&sock=schedd_3083_4292>
...
040 (7096162.209.000) 2023-04-02 15:05:04 Started transferring input files
	Transferring to host: <144.92.180.123:9618?addrs=144.92.180.123-9618+[2607-f388-101c-1000--295]-9618&alias=g26n21.hep.wisc.edu&noUDP&sock=slot1_7_3566_51ca_525047>
...
040 (7096162.209.000) 2023-04-02 15:05:04 Finished transferring input files
...
001 (7096162.209.000) 2023-04-02 15:05:05 Job executing on host: <144.92.180.123:9618?addrs=144.92.180.123-9618+[2607-f388-101c-1000--295]-9618&alias=g26n21.hep.wisc.edu&noUDP&sock=startd_3150_376a>
...
006 (7096162.209.000) 2023-04-02 15:05:14 Image size of job updated: 942348
	242  -  MemoryUsage of job (MB)
	246940  -  ResidentSetSize of job (KB)
...
006 (7096162.209.000) 2023-04-02 15:05:56 Image size of job updated: 942780
	242  -  MemoryUsage of job (MB)
	246940  -  ResidentSetSize of job (KB)
...
040 (7096162.209.000) 2023-04-02 15:05:56 Started transferring output files
...
040 (7096162.209.000) 2023-04-02 15:05:56 Finished transferring output files
...
005 (7096162.209.000) 2023-04-02 15:05:56 Job terminated.
	(1) Normal termination (return value 0)
		Usr 0 00:00:24, Sys 0 00:00:02  -  Run Remote Usage
		Usr 0 00:00:00, Sys 0 00:00:00  -  Run Local Usage
		Usr 0 00:00:24, Sys 0 00:00:02  -  Total Remote Usage
		Usr 0 00:00:00, Sys 0 00:00:00  -  Total Local Usage
	2286341  -  Run Bytes Sent By Job
	320530  -  Run Bytes Received By Job
	2286341  -  Total Bytes Sent By Job
	320530  -  Total Bytes Received By Job
	Partitionable Resources :    Usage  Request Allocated 
	   Cpus                 :                 1         1 
	   Disk (KB)            :     2604  3145728  18349713 
	   Memory (MB)          :      242     2048      2500 

	Job terminated of its own accord at 2023-04-02T20:05:56Z.
...
