000 (7096161.301.000) 2023-04-02 03:10:51 Job submitted from host: <144.92.180.29:9618?addrs=144.92.180.29-9618+[2607-f388-101c-1000--369]-9618&alias=login03.hep.wisc.edu&noUDP&sock=schedd_3083_4292>
...
040 (7096161.301.000) 2023-04-02 14:57:41 Started transferring input files
	Transferring to host: <144.92.180.123:9618?addrs=144.92.180.123-9618+[2607-f388-101c-1000--295]-9618&alias=g26n21.hep.wisc.edu&noUDP&sock=slot1_8_3566_51ca_524941>
...
040 (7096161.301.000) 2023-04-02 14:57:41 Finished transferring input files
...
001 (7096161.301.000) 2023-04-02 14:57:42 Job executing on host: <144.92.180.123:9618?addrs=144.92.180.123-9618+[2607-f388-101c-1000--295]-9618&alias=g26n21.hep.wisc.edu&noUDP&sock=startd_3150_376a>
...
006 (7096161.301.000) 2023-04-02 14:57:51 Image size of job updated: 730548
	132  -  MemoryUsage of job (MB)
	135112  -  ResidentSetSize of job (KB)
...
006 (7096161.301.000) 2023-04-02 14:58:12 Image size of job updated: 741920
	133  -  MemoryUsage of job (MB)
	135376  -  ResidentSetSize of job (KB)
...
040 (7096161.301.000) 2023-04-02 14:58:12 Started transferring output files
...
040 (7096161.301.000) 2023-04-02 14:58:13 Finished transferring output files
...
005 (7096161.301.000) 2023-04-02 14:58:13 Job terminated.
	(1) Normal termination (return value 0)
		Usr 0 00:00:10, Sys 0 00:00:01  -  Run Remote Usage
		Usr 0 00:00:00, Sys 0 00:00:00  -  Run Local Usage
		Usr 0 00:00:10, Sys 0 00:00:01  -  Total Remote Usage
		Usr 0 00:00:00, Sys 0 00:00:00  -  Total Local Usage
	962282  -  Run Bytes Sent By Job
	320530  -  Run Bytes Received By Job
	962282  -  Total Bytes Sent By Job
	320530  -  Total Bytes Received By Job
	Partitionable Resources :    Usage  Request Allocated 
	   Cpus                 :                 1         1 
	   Disk (KB)            :     1311  3145728  18349713 
	   Memory (MB)          :      133     2048      2500 

	Job terminated of its own accord at 2023-04-02T19:58:12Z.
...
