000 (7096161.032.000) 2023-04-02 03:10:49 Job submitted from host: <144.92.180.29:9618?addrs=144.92.180.29-9618+[2607-f388-101c-1000--369]-9618&alias=login03.hep.wisc.edu&noUDP&sock=schedd_3083_4292>
...
040 (7096161.032.000) 2023-04-02 14:47:55 Started transferring input files
	Transferring to host: <144.92.180.108:9618?addrs=144.92.180.108-9618+[2607-f388-101c-1000--280]-9618&alias=g26n06.hep.wisc.edu&noUDP&sock=slot1_10_3359_7822_533608>
...
040 (7096161.032.000) 2023-04-02 14:47:55 Finished transferring input files
...
001 (7096161.032.000) 2023-04-02 14:47:56 Job executing on host: <144.92.180.108:9618?addrs=144.92.180.108-9618+[2607-f388-101c-1000--280]-9618&alias=g26n06.hep.wisc.edu&noUDP&sock=startd_2753_e851>
...
006 (7096161.032.000) 2023-04-02 14:48:05 Image size of job updated: 736116
	128  -  MemoryUsage of job (MB)
	130124  -  ResidentSetSize of job (KB)
...
006 (7096161.032.000) 2023-04-02 14:48:37 Image size of job updated: 941468
	128  -  MemoryUsage of job (MB)
	130124  -  ResidentSetSize of job (KB)
...
040 (7096161.032.000) 2023-04-02 14:48:37 Started transferring output files
...
040 (7096161.032.000) 2023-04-02 14:48:37 Finished transferring output files
...
005 (7096161.032.000) 2023-04-02 14:48:37 Job terminated.
	(1) Normal termination (return value 0)
		Usr 0 00:00:17, Sys 0 00:00:02  -  Run Remote Usage
		Usr 0 00:00:00, Sys 0 00:00:00  -  Run Local Usage
		Usr 0 00:00:17, Sys 0 00:00:02  -  Total Remote Usage
		Usr 0 00:00:00, Sys 0 00:00:00  -  Total Local Usage
	1555313  -  Run Bytes Sent By Job
	320530  -  Run Bytes Received By Job
	1555313  -  Total Bytes Sent By Job
	320530  -  Total Bytes Received By Job
	Partitionable Resources :    Usage  Request Allocated 
	   Cpus                 :     0.83        1         1 
	   Disk (KB)            :  1899     3145728  18353864 
	   Memory (MB)          :   128        2048      2500 

	Job terminated of its own accord at 2023-04-02T19:48:37Z.
...
