000 (7096162.280.000) 2023-04-02 03:10:55 Job submitted from host: <144.92.180.29:9618?addrs=144.92.180.29-9618+[2607-f388-101c-1000--369]-9618&alias=login03.hep.wisc.edu&noUDP&sock=schedd_3083_4292>
...
040 (7096162.280.000) 2023-04-02 15:06:33 Started transferring input files
	Transferring to host: <144.92.180.122:9618?addrs=144.92.180.122-9618+[2607-f388-101c-1000--294]-9618&alias=g26n20.hep.wisc.edu&noUDP&sock=slot1_4_3561_cbea_547083>
...
040 (7096162.280.000) 2023-04-02 15:06:33 Finished transferring input files
...
001 (7096162.280.000) 2023-04-02 15:06:34 Job executing on host: <144.92.180.122:9618?addrs=144.92.180.122-9618+[2607-f388-101c-1000--294]-9618&alias=g26n20.hep.wisc.edu&noUDP&sock=startd_3035_5606>
...
006 (7096162.280.000) 2023-04-02 15:06:42 Image size of job updated: 735124
	122  -  MemoryUsage of job (MB)
	124736  -  ResidentSetSize of job (KB)
...
006 (7096162.280.000) 2023-04-02 15:06:52 Image size of job updated: 742444
	122  -  MemoryUsage of job (MB)
	124736  -  ResidentSetSize of job (KB)
...
040 (7096162.280.000) 2023-04-02 15:06:52 Started transferring output files
...
040 (7096162.280.000) 2023-04-02 15:06:52 Finished transferring output files
...
005 (7096162.280.000) 2023-04-02 15:06:52 Job terminated.
	(1) Normal termination (return value 0)
		Usr 0 00:00:06, Sys 0 00:00:01  -  Run Remote Usage
		Usr 0 00:00:00, Sys 0 00:00:00  -  Run Local Usage
		Usr 0 00:00:06, Sys 0 00:00:01  -  Total Remote Usage
		Usr 0 00:00:00, Sys 0 00:00:00  -  Total Local Usage
	549281  -  Run Bytes Sent By Job
	320530  -  Run Bytes Received By Job
	549281  -  Total Bytes Sent By Job
	320530  -  Total Bytes Received By Job
	Partitionable Resources :    Usage  Request Allocated 
	   Cpus                 :     0.32        1         1 
	   Disk (KB)            :   916     3145728  18347456 
	   Memory (MB)          :   122        2048      2500 

	Job terminated of its own accord at 2023-04-02T20:06:52Z.
...
