000 (7096162.348.000) 2023-04-02 03:10:55 Job submitted from host: <144.92.180.29:9618?addrs=144.92.180.29-9618+[2607-f388-101c-1000--369]-9618&alias=login03.hep.wisc.edu&noUDP&sock=schedd_3083_4292>
...
040 (7096162.348.000) 2023-04-02 15:08:05 Started transferring input files
	Transferring to host: <144.92.180.122:9618?addrs=144.92.180.122-9618+[2607-f388-101c-1000--294]-9618&alias=g26n20.hep.wisc.edu&noUDP&sock=slot1_6_3561_cbea_547105>
...
040 (7096162.348.000) 2023-04-02 15:08:05 Finished transferring input files
...
001 (7096162.348.000) 2023-04-02 15:08:06 Job executing on host: <144.92.180.122:9618?addrs=144.92.180.122-9618+[2607-f388-101c-1000--294]-9618&alias=g26n20.hep.wisc.edu&noUDP&sock=startd_3035_5606>
...
006 (7096162.348.000) 2023-04-02 15:08:15 Image size of job updated: 856048
	226  -  MemoryUsage of job (MB)
	231368  -  ResidentSetSize of job (KB)
...
040 (7096162.348.000) 2023-04-02 15:08:17 Started transferring output files
...
040 (7096162.348.000) 2023-04-02 15:08:17 Finished transferring output files
...
005 (7096162.348.000) 2023-04-02 15:08:18 Job terminated.
	(1) Normal termination (return value 0)
		Usr 0 00:00:04, Sys 0 00:00:01  -  Run Remote Usage
		Usr 0 00:00:00, Sys 0 00:00:00  -  Run Local Usage
		Usr 0 00:00:04, Sys 0 00:00:01  -  Total Remote Usage
		Usr 0 00:00:00, Sys 0 00:00:00  -  Total Local Usage
	277312  -  Run Bytes Sent By Job
	320530  -  Run Bytes Received By Job
	277312  -  Total Bytes Sent By Job
	320530  -  Total Bytes Received By Job
	Partitionable Resources :    Usage  Request Allocated 
	   Cpus                 :                 1         1 
	   Disk (KB)            :      642  3145728  18347456 
	   Memory (MB)          :      226     2048      2500 

	Job terminated of its own accord at 2023-04-02T20:08:17Z.
...
