000 (7096162.363.000) 2023-04-02 03:10:55 Job submitted from host: <144.92.180.29:9618?addrs=144.92.180.29-9618+[2607-f388-101c-1000--369]-9618&alias=login03.hep.wisc.edu&noUDP&sock=schedd_3083_4292>
...
040 (7096162.363.000) 2023-04-02 15:08:20 Started transferring input files
	Transferring to host: <144.92.180.123:9618?addrs=144.92.180.123-9618+[2607-f388-101c-1000--295]-9618&alias=g26n21.hep.wisc.edu&noUDP&sock=slot1_5_3566_51ca_525106>
...
040 (7096162.363.000) 2023-04-02 15:08:20 Finished transferring input files
...
001 (7096162.363.000) 2023-04-02 15:08:21 Job executing on host: <144.92.180.123:9618?addrs=144.92.180.123-9618+[2607-f388-101c-1000--295]-9618&alias=g26n21.hep.wisc.edu&noUDP&sock=startd_3150_376a>
...
006 (7096162.363.000) 2023-04-02 15:08:30 Image size of job updated: 742980
	211  -  MemoryUsage of job (MB)
	216064  -  ResidentSetSize of job (KB)
...
006 (7096162.363.000) 2023-04-02 15:09:04 Image size of job updated: 931640
	211  -  MemoryUsage of job (MB)
	216064  -  ResidentSetSize of job (KB)
...
040 (7096162.363.000) 2023-04-02 15:09:04 Started transferring output files
...
040 (7096162.363.000) 2023-04-02 15:09:04 Finished transferring output files
...
005 (7096162.363.000) 2023-04-02 15:09:04 Job terminated.
	(1) Normal termination (return value 0)
		Usr 0 00:00:19, Sys 0 00:00:02  -  Run Remote Usage
		Usr 0 00:00:00, Sys 0 00:00:00  -  Run Local Usage
		Usr 0 00:00:19, Sys 0 00:00:02  -  Total Remote Usage
		Usr 0 00:00:00, Sys 0 00:00:00  -  Total Local Usage
	1917312  -  Run Bytes Sent By Job
	320530  -  Run Bytes Received By Job
	1917312  -  Total Bytes Sent By Job
	320530  -  Total Bytes Received By Job
	Partitionable Resources :    Usage  Request Allocated 
	   Cpus                 :                 1         1 
	   Disk (KB)            :     2243  3145728  18349713 
	   Memory (MB)          :      211     2048      2500 

	Job terminated of its own accord at 2023-04-02T20:09:04Z.
...
