000 (7096161.076.000) 2023-04-02 03:10:49 Job submitted from host: <144.92.180.29:9618?addrs=144.92.180.29-9618+[2607-f388-101c-1000--369]-9618&alias=login03.hep.wisc.edu&noUDP&sock=schedd_3083_4292>
...
040 (7096161.076.000) 2023-04-02 14:50:04 Started transferring input files
	Transferring to host: <144.92.180.122:9618?addrs=144.92.180.122-9618+[2607-f388-101c-1000--294]-9618&alias=g26n20.hep.wisc.edu&noUDP&sock=slot1_2_3561_cbea_546819>
...
040 (7096161.076.000) 2023-04-02 14:50:05 Finished transferring input files
...
001 (7096161.076.000) 2023-04-02 14:50:06 Job executing on host: <144.92.180.122:9618?addrs=144.92.180.122-9618+[2607-f388-101c-1000--294]-9618&alias=g26n20.hep.wisc.edu&noUDP&sock=startd_3035_5606>
...
006 (7096161.076.000) 2023-04-02 14:50:14 Image size of job updated: 289892
	126  -  MemoryUsage of job (MB)
	128192  -  ResidentSetSize of job (KB)
...
006 (7096161.076.000) 2023-04-02 14:50:44 Image size of job updated: 956408
	126  -  MemoryUsage of job (MB)
	128192  -  ResidentSetSize of job (KB)
...
040 (7096161.076.000) 2023-04-02 14:50:44 Started transferring output files
...
040 (7096161.076.000) 2023-04-02 14:50:44 Finished transferring output files
...
005 (7096161.076.000) 2023-04-02 14:50:44 Job terminated.
	(1) Normal termination (return value 0)
		Usr 0 00:00:12, Sys 0 00:00:01  -  Run Remote Usage
		Usr 0 00:00:00, Sys 0 00:00:00  -  Run Local Usage
		Usr 0 00:00:12, Sys 0 00:00:01  -  Total Remote Usage
		Usr 0 00:00:00, Sys 0 00:00:00  -  Total Local Usage
	1093286  -  Run Bytes Sent By Job
	320530  -  Run Bytes Received By Job
	1093286  -  Total Bytes Sent By Job
	320530  -  Total Bytes Received By Job
	Partitionable Resources :    Usage  Request Allocated 
	   Cpus                 :                 1         1 
	   Disk (KB)            :     1439  3145728  18347456 
	   Memory (MB)          :      126     2048      2500 

	Job terminated of its own accord at 2023-04-02T19:50:44Z.
...
