000 (7096161.302.000) 2023-04-02 03:10:51 Job submitted from host: <144.92.180.29:9618?addrs=144.92.180.29-9618+[2607-f388-101c-1000--369]-9618&alias=login03.hep.wisc.edu&noUDP&sock=schedd_3083_4292>
...
040 (7096161.302.000) 2023-04-02 14:57:44 Started transferring input files
	Transferring to host: <144.92.180.108:9618?addrs=144.92.180.108-9618+[2607-f388-101c-1000--280]-9618&alias=g26n06.hep.wisc.edu&noUDP&sock=slot1_11_3359_7822_533765>
...
040 (7096161.302.000) 2023-04-02 14:57:44 Finished transferring input files
...
001 (7096161.302.000) 2023-04-02 14:57:45 Job executing on host: <144.92.180.108:9618?addrs=144.92.180.108-9618+[2607-f388-101c-1000--280]-9618&alias=g26n06.hep.wisc.edu&noUDP&sock=startd_2753_e851>
...
006 (7096161.302.000) 2023-04-02 14:57:54 Image size of job updated: 729036
	123  -  MemoryUsage of job (MB)
	125640  -  ResidentSetSize of job (KB)
...
006 (7096161.302.000) 2023-04-02 14:58:39 Image size of job updated: 946420
	123  -  MemoryUsage of job (MB)
	125640  -  ResidentSetSize of job (KB)
...
040 (7096161.302.000) 2023-04-02 14:58:39 Started transferring output files
...
040 (7096161.302.000) 2023-04-02 14:58:39 Finished transferring output files
...
005 (7096161.302.000) 2023-04-02 14:58:39 Job terminated.
	(1) Normal termination (return value 0)
		Usr 0 00:00:21, Sys 0 00:00:02  -  Run Remote Usage
		Usr 0 00:00:00, Sys 0 00:00:00  -  Run Local Usage
		Usr 0 00:00:21, Sys 0 00:00:02  -  Total Remote Usage
		Usr 0 00:00:00, Sys 0 00:00:00  -  Total Local Usage
	1918339  -  Run Bytes Sent By Job
	320530  -  Run Bytes Received By Job
	1918339  -  Total Bytes Sent By Job
	320530  -  Total Bytes Received By Job
	Partitionable Resources :    Usage  Request Allocated 
	   Cpus                 :     0.39        1         1 
	   Disk (KB)            :  2253     3145728  18353864 
	   Memory (MB)          :   123        2048      2500 

	Job terminated of its own accord at 2023-04-02T19:58:39Z.
...
