000 (7096161.044.000) 2023-04-02 03:10:49 Job submitted from host: <144.92.180.29:9618?addrs=144.92.180.29-9618+[2607-f388-101c-1000--369]-9618&alias=login03.hep.wisc.edu&noUDP&sock=schedd_3083_4292>
...
040 (7096161.044.000) 2023-04-02 14:48:31 Started transferring input files
	Transferring to host: <144.92.180.122:9618?addrs=144.92.180.122-9618+[2607-f388-101c-1000--294]-9618&alias=g26n20.hep.wisc.edu&noUDP&sock=slot1_9_3561_cbea_546804>
...
040 (7096161.044.000) 2023-04-02 14:48:31 Finished transferring input files
...
001 (7096161.044.000) 2023-04-02 14:48:32 Job executing on host: <144.92.180.122:9618?addrs=144.92.180.122-9618+[2607-f388-101c-1000--294]-9618&alias=g26n20.hep.wisc.edu&noUDP&sock=startd_3035_5606>
...
006 (7096161.044.000) 2023-04-02 14:48:40 Image size of job updated: 36636
	28  -  MemoryUsage of job (MB)
	28188  -  ResidentSetSize of job (KB)
...
006 (7096161.044.000) 2023-04-02 14:49:23 Image size of job updated: 747116
	28  -  MemoryUsage of job (MB)
	28188  -  ResidentSetSize of job (KB)
...
040 (7096161.044.000) 2023-04-02 14:49:23 Started transferring output files
...
040 (7096161.044.000) 2023-04-02 14:49:23 Finished transferring output files
...
005 (7096161.044.000) 2023-04-02 14:49:23 Job terminated.
	(1) Normal termination (return value 0)
		Usr 0 00:00:10, Sys 0 00:00:01  -  Run Remote Usage
		Usr 0 00:00:00, Sys 0 00:00:00  -  Run Local Usage
		Usr 0 00:00:10, Sys 0 00:00:01  -  Total Remote Usage
		Usr 0 00:00:00, Sys 0 00:00:00  -  Total Local Usage
	958285  -  Run Bytes Sent By Job
	320530  -  Run Bytes Received By Job
	958285  -  Total Bytes Sent By Job
	320530  -  Total Bytes Received By Job
	Partitionable Resources :    Usage  Request Allocated 
	   Cpus                 :                 1         1 
	   Disk (KB)            :     1306  3145728  18347456 
	   Memory (MB)          :       28     2048      2500 

	Job terminated of its own accord at 2023-04-02T19:49:23Z.
...
