000 (7096161.221.000) 2023-04-02 03:10:50 Job submitted from host: <144.92.180.29:9618?addrs=144.92.180.29-9618+[2607-f388-101c-1000--369]-9618&alias=login03.hep.wisc.edu&noUDP&sock=schedd_3083_4292>
...
040 (7096161.221.000) 2023-04-02 14:55:28 Started transferring input files
	Transferring to host: <144.92.180.108:9618?addrs=144.92.180.108-9618+[2607-f388-101c-1000--280]-9618&alias=g26n06.hep.wisc.edu&noUDP&sock=slot1_5_3359_7822_533731>
...
040 (7096161.221.000) 2023-04-02 14:55:28 Finished transferring input files
...
001 (7096161.221.000) 2023-04-02 14:55:29 Job executing on host: <144.92.180.108:9618?addrs=144.92.180.108-9618+[2607-f388-101c-1000--280]-9618&alias=g26n06.hep.wisc.edu&noUDP&sock=startd_2753_e851>
...
006 (7096161.221.000) 2023-04-02 14:55:38 Image size of job updated: 735228
	144  -  MemoryUsage of job (MB)
	146792  -  ResidentSetSize of job (KB)
...
006 (7096161.221.000) 2023-04-02 14:55:52 Image size of job updated: 742600
	144  -  MemoryUsage of job (MB)
	146924  -  ResidentSetSize of job (KB)
...
040 (7096161.221.000) 2023-04-02 14:55:52 Started transferring output files
...
040 (7096161.221.000) 2023-04-02 14:55:53 Finished transferring output files
...
005 (7096161.221.000) 2023-04-02 14:55:53 Job terminated.
	(1) Normal termination (return value 0)
		Usr 0 00:00:09, Sys 0 00:00:01  -  Run Remote Usage
		Usr 0 00:00:00, Sys 0 00:00:00  -  Run Local Usage
		Usr 0 00:00:09, Sys 0 00:00:01  -  Total Remote Usage
		Usr 0 00:00:00, Sys 0 00:00:00  -  Total Local Usage
	868283  -  Run Bytes Sent By Job
	320530  -  Run Bytes Received By Job
	868283  -  Total Bytes Sent By Job
	320530  -  Total Bytes Received By Job
	Partitionable Resources :    Usage  Request Allocated 
	   Cpus                 :                 1         1 
	   Disk (KB)            :     1219  3145728  18353864 
	   Memory (MB)          :      144     2048      2500 

	Job terminated of its own accord at 2023-04-02T19:55:52Z.
...
