000 (7096161.098.000) 2023-04-02 03:10:50 Job submitted from host: <144.92.180.29:9618?addrs=144.92.180.29-9618+[2607-f388-101c-1000--369]-9618&alias=login03.hep.wisc.edu&noUDP&sock=schedd_3083_4292>
...
040 (7096161.098.000) 2023-04-02 14:50:59 Started transferring input files
	Transferring to host: <144.92.180.108:9618?addrs=144.92.180.108-9618+[2607-f388-101c-1000--280]-9618&alias=g26n06.hep.wisc.edu&noUDP&sock=slot1_9_3359_7822_533648>
...
040 (7096161.098.000) 2023-04-02 14:50:59 Finished transferring input files
...
001 (7096161.098.000) 2023-04-02 14:51:00 Job executing on host: <144.92.180.108:9618?addrs=144.92.180.108-9618+[2607-f388-101c-1000--280]-9618&alias=g26n06.hep.wisc.edu&noUDP&sock=startd_2753_e851>
...
006 (7096161.098.000) 2023-04-02 14:51:09 Image size of job updated: 735288
	145  -  MemoryUsage of job (MB)
	147684  -  ResidentSetSize of job (KB)
...
006 (7096161.098.000) 2023-04-02 14:51:38 Image size of job updated: 742632
	145  -  MemoryUsage of job (MB)
	147816  -  ResidentSetSize of job (KB)
...
040 (7096161.098.000) 2023-04-02 14:51:38 Started transferring output files
...
040 (7096161.098.000) 2023-04-02 14:51:38 Finished transferring output files
...
005 (7096161.098.000) 2023-04-02 14:51:38 Job terminated.
	(1) Normal termination (return value 0)
		Usr 0 00:00:15, Sys 0 00:00:02  -  Run Remote Usage
		Usr 0 00:00:00, Sys 0 00:00:00  -  Run Local Usage
		Usr 0 00:00:15, Sys 0 00:00:02  -  Total Remote Usage
		Usr 0 00:00:00, Sys 0 00:00:00  -  Total Local Usage
	1601283  -  Run Bytes Sent By Job
	320530  -  Run Bytes Received By Job
	1601283  -  Total Bytes Sent By Job
	320530  -  Total Bytes Received By Job
	Partitionable Resources :    Usage  Request Allocated 
	   Cpus                 :                 1         1 
	   Disk (KB)            :     1935  3145728  18353864 
	   Memory (MB)          :      145     2048      2500 

	Job terminated of its own accord at 2023-04-02T19:51:38Z.
...
