000 (7096162.382.000) 2023-04-02 03:10:55 Job submitted from host: <144.92.180.29:9618?addrs=144.92.180.29-9618+[2607-f388-101c-1000--369]-9618&alias=login03.hep.wisc.edu&noUDP&sock=schedd_3083_4292>
...
040 (7096162.382.000) 2023-04-02 15:08:49 Started transferring input files
	Transferring to host: <144.92.180.108:9618?addrs=144.92.180.108-9618+[2607-f388-101c-1000--280]-9618&alias=g26n06.hep.wisc.edu&noUDP&sock=slot1_5_3359_7822_533942>
...
040 (7096162.382.000) 2023-04-02 15:08:49 Finished transferring input files
...
001 (7096162.382.000) 2023-04-02 15:08:50 Job executing on host: <144.92.180.108:9618?addrs=144.92.180.108-9618+[2607-f388-101c-1000--280]-9618&alias=g26n06.hep.wisc.edu&noUDP&sock=startd_2753_e851>
...
006 (7096162.382.000) 2023-04-02 15:08:59 Image size of job updated: 745828
	166  -  MemoryUsage of job (MB)
	169096  -  ResidentSetSize of job (KB)
...
006 (7096162.382.000) 2023-04-02 15:09:14 Image size of job updated: 760740
	166  -  MemoryUsage of job (MB)
	169228  -  ResidentSetSize of job (KB)
...
040 (7096162.382.000) 2023-04-02 15:09:14 Started transferring output files
...
040 (7096162.382.000) 2023-04-02 15:09:14 Finished transferring output files
...
005 (7096162.382.000) 2023-04-02 15:09:15 Job terminated.
	(1) Normal termination (return value 0)
		Usr 0 00:00:11, Sys 0 00:00:01  -  Run Remote Usage
		Usr 0 00:00:00, Sys 0 00:00:00  -  Run Local Usage
		Usr 0 00:00:11, Sys 0 00:00:01  -  Total Remote Usage
		Usr 0 00:00:00, Sys 0 00:00:00  -  Total Local Usage
	1046283  -  Run Bytes Sent By Job
	320530  -  Run Bytes Received By Job
	1046283  -  Total Bytes Sent By Job
	320530  -  Total Bytes Received By Job
	Partitionable Resources :    Usage  Request Allocated 
	   Cpus                 :                 1         1 
	   Disk (KB)            :     1393  3145728  18353864 
	   Memory (MB)          :      166     2048      2500 

	Job terminated of its own accord at 2023-04-02T20:09:14Z.
...
