000 (7096162.021.000) 2023-04-02 03:10:53 Job submitted from host: <144.92.180.29:9618?addrs=144.92.180.29-9618+[2607-f388-101c-1000--369]-9618&alias=login03.hep.wisc.edu&noUDP&sock=schedd_3083_4292>
...
040 (7096162.021.000) 2023-04-02 15:00:44 Started transferring input files
	Transferring to host: <144.92.180.122:9618?addrs=144.92.180.122-9618+[2607-f388-101c-1000--294]-9618&alias=g26n20.hep.wisc.edu&noUDP&sock=slot1_2_3561_cbea_546982>
...
040 (7096162.021.000) 2023-04-02 15:00:44 Finished transferring input files
...
001 (7096162.021.000) 2023-04-02 15:00:45 Job executing on host: <144.92.180.122:9618?addrs=144.92.180.122-9618+[2607-f388-101c-1000--294]-9618&alias=g26n20.hep.wisc.edu&noUDP&sock=startd_3035_5606>
...
006 (7096162.021.000) 2023-04-02 15:00:54 Image size of job updated: 729648
	126  -  MemoryUsage of job (MB)
	128484  -  ResidentSetSize of job (KB)
...
006 (7096162.021.000) 2023-04-02 15:01:38 Image size of job updated: 938908
	126  -  MemoryUsage of job (MB)
	128484  -  ResidentSetSize of job (KB)
...
040 (7096162.021.000) 2023-04-02 15:01:38 Started transferring output files
...
040 (7096162.021.000) 2023-04-02 15:01:38 Finished transferring output files
...
005 (7096162.021.000) 2023-04-02 15:01:38 Job terminated.
	(1) Normal termination (return value 0)
		Usr 0 00:00:20, Sys 0 00:00:02  -  Run Remote Usage
		Usr 0 00:00:00, Sys 0 00:00:00  -  Run Local Usage
		Usr 0 00:00:20, Sys 0 00:00:02  -  Total Remote Usage
		Usr 0 00:00:00, Sys 0 00:00:00  -  Total Local Usage
	1920285  -  Run Bytes Sent By Job
	320530  -  Run Bytes Received By Job
	1920285  -  Total Bytes Sent By Job
	320530  -  Total Bytes Received By Job
	Partitionable Resources :    Usage  Request Allocated 
	   Cpus                 :                 1         1 
	   Disk (KB)            :     2246  3145728  18347456 
	   Memory (MB)          :      126     2048      2500 

	Job terminated of its own accord at 2023-04-02T20:01:38Z.
...
