000 (7096162.036.000) 2023-04-02 03:10:53 Job submitted from host: <144.92.180.29:9618?addrs=144.92.180.29-9618+[2607-f388-101c-1000--369]-9618&alias=login03.hep.wisc.edu&noUDP&sock=schedd_3083_4292>
...
040 (7096162.036.000) 2023-04-02 15:01:07 Started transferring input files
	Transferring to host: <144.92.180.108:9618?addrs=144.92.180.108-9618+[2607-f388-101c-1000--280]-9618&alias=g26n06.hep.wisc.edu&noUDP&sock=slot1_7_3359_7822_533811>
...
040 (7096162.036.000) 2023-04-02 15:01:07 Finished transferring input files
...
001 (7096162.036.000) 2023-04-02 15:01:08 Job executing on host: <144.92.180.108:9618?addrs=144.92.180.108-9618+[2607-f388-101c-1000--280]-9618&alias=g26n06.hep.wisc.edu&noUDP&sock=startd_2753_e851>
...
006 (7096162.036.000) 2023-04-02 15:01:17 Image size of job updated: 742116
	207  -  MemoryUsage of job (MB)
	211288  -  ResidentSetSize of job (KB)
...
006 (7096162.036.000) 2023-04-02 15:01:42 Image size of job updated: 941456
	207  -  MemoryUsage of job (MB)
	211288  -  ResidentSetSize of job (KB)
...
040 (7096162.036.000) 2023-04-02 15:01:43 Started transferring output files
...
040 (7096162.036.000) 2023-04-02 15:01:43 Finished transferring output files
...
005 (7096162.036.000) 2023-04-02 15:01:43 Job terminated.
	(1) Normal termination (return value 0)
		Usr 0 00:00:15, Sys 0 00:00:02  -  Run Remote Usage
		Usr 0 00:00:00, Sys 0 00:00:00  -  Run Local Usage
		Usr 0 00:00:15, Sys 0 00:00:02  -  Total Remote Usage
		Usr 0 00:00:00, Sys 0 00:00:00  -  Total Local Usage
	1415312  -  Run Bytes Sent By Job
	320530  -  Run Bytes Received By Job
	1415312  -  Total Bytes Sent By Job
	320530  -  Total Bytes Received By Job
	Partitionable Resources :    Usage  Request Allocated 
	   Cpus                 :                 1         1 
	   Disk (KB)            :     1753  3145728  18353864 
	   Memory (MB)          :      207     2048      2500 

	Job terminated of its own accord at 2023-04-02T20:01:42Z.
...
