000 (7096162.055.000) 2023-04-02 03:10:53 Job submitted from host: <144.92.180.29:9618?addrs=144.92.180.29-9618+[2607-f388-101c-1000--369]-9618&alias=login03.hep.wisc.edu&noUDP&sock=schedd_3083_4292>
...
040 (7096162.055.000) 2023-04-02 15:01:30 Started transferring input files
	Transferring to host: <144.92.180.123:9618?addrs=144.92.180.123-9618+[2607-f388-101c-1000--295]-9618&alias=g26n21.hep.wisc.edu&noUDP&sock=slot1_7_3566_51ca_524994>
...
040 (7096162.055.000) 2023-04-02 15:01:30 Finished transferring input files
...
001 (7096162.055.000) 2023-04-02 15:01:31 Job executing on host: <144.92.180.123:9618?addrs=144.92.180.123-9618+[2607-f388-101c-1000--295]-9618&alias=g26n21.hep.wisc.edu&noUDP&sock=startd_3150_376a>
...
006 (7096162.055.000) 2023-04-02 15:01:40 Image size of job updated: 271356
	119  -  MemoryUsage of job (MB)
	121008  -  ResidentSetSize of job (KB)
...
006 (7096162.055.000) 2023-04-02 15:02:25 Image size of job updated: 936256
	119  -  MemoryUsage of job (MB)
	121008  -  ResidentSetSize of job (KB)
...
040 (7096162.055.000) 2023-04-02 15:02:25 Started transferring output files
...
040 (7096162.055.000) 2023-04-02 15:02:25 Finished transferring output files
...
005 (7096162.055.000) 2023-04-02 15:02:26 Job terminated.
	(1) Normal termination (return value 0)
		Usr 0 00:00:22, Sys 0 00:00:02  -  Run Remote Usage
		Usr 0 00:00:00, Sys 0 00:00:00  -  Run Local Usage
		Usr 0 00:00:22, Sys 0 00:00:02  -  Total Remote Usage
		Usr 0 00:00:00, Sys 0 00:00:00  -  Total Local Usage
	2148286  -  Run Bytes Sent By Job
	320530  -  Run Bytes Received By Job
	2148286  -  Total Bytes Sent By Job
	320530  -  Total Bytes Received By Job
	Partitionable Resources :    Usage  Request Allocated 
	   Cpus                 :                 1         1 
	   Disk (KB)            :     2469  3145728  18349713 
	   Memory (MB)          :      119     2048      2500 

	Job terminated of its own accord at 2023-04-02T20:02:25Z.
...
