000 (7096161.391.000) 2023-04-02 03:10:51 Job submitted from host: <144.92.180.29:9618?addrs=144.92.180.29-9618+[2607-f388-101c-1000--369]-9618&alias=login03.hep.wisc.edu&noUDP&sock=schedd_3083_4292>
...
040 (7096161.391.000) 2023-04-02 14:59:57 Started transferring input files
	Transferring to host: <144.92.180.108:9618?addrs=144.92.180.108-9618+[2607-f388-101c-1000--280]-9618&alias=g26n06.hep.wisc.edu&noUDP&sock=slot1_9_3359_7822_533796>
...
040 (7096161.391.000) 2023-04-02 14:59:57 Finished transferring input files
...
001 (7096161.391.000) 2023-04-02 14:59:58 Job executing on host: <144.92.180.108:9618?addrs=144.92.180.108-9618+[2607-f388-101c-1000--280]-9618&alias=g26n06.hep.wisc.edu&noUDP&sock=startd_2753_e851>
...
006 (7096161.391.000) 2023-04-02 15:00:07 Image size of job updated: 729680
	141  -  MemoryUsage of job (MB)
	143548  -  ResidentSetSize of job (KB)
...
006 (7096161.391.000) 2023-04-02 15:00:38 Image size of job updated: 935436
	141  -  MemoryUsage of job (MB)
	143680  -  ResidentSetSize of job (KB)
...
040 (7096161.391.000) 2023-04-02 15:00:38 Started transferring output files
...
040 (7096161.391.000) 2023-04-02 15:00:39 Finished transferring output files
...
005 (7096161.391.000) 2023-04-02 15:00:39 Job terminated.
	(1) Normal termination (return value 0)
		Usr 0 00:00:14, Sys 0 00:00:02  -  Run Remote Usage
		Usr 0 00:00:00, Sys 0 00:00:00  -  Run Local Usage
		Usr 0 00:00:14, Sys 0 00:00:02  -  Total Remote Usage
		Usr 0 00:00:00, Sys 0 00:00:00  -  Total Local Usage
	1229339  -  Run Bytes Sent By Job
	320530  -  Run Bytes Received By Job
	1229339  -  Total Bytes Sent By Job
	320530  -  Total Bytes Received By Job
	Partitionable Resources :    Usage  Request Allocated 
	   Cpus                 :                 1         1 
	   Disk (KB)            :     1571  3145728  18353864 
	   Memory (MB)          :      141     2048      2500 

	Job terminated of its own accord at 2023-04-02T20:00:38Z.
...
