000 (7096162.226.000) 2023-04-02 03:10:54 Job submitted from host: <144.92.180.29:9618?addrs=144.92.180.29-9618+[2607-f388-101c-1000--369]-9618&alias=login03.hep.wisc.edu&noUDP&sock=schedd_3083_4292>
...
040 (7096162.226.000) 2023-04-02 15:05:22 Started transferring input files
	Transferring to host: <144.92.180.108:9618?addrs=144.92.180.108-9618+[2607-f388-101c-1000--280]-9618&alias=g26n06.hep.wisc.edu&noUDP&sock=slot1_5_3359_7822_533889>
...
040 (7096162.226.000) 2023-04-02 15:05:22 Finished transferring input files
...
001 (7096162.226.000) 2023-04-02 15:05:23 Job executing on host: <144.92.180.108:9618?addrs=144.92.180.108-9618+[2607-f388-101c-1000--280]-9618&alias=g26n06.hep.wisc.edu&noUDP&sock=startd_2753_e851>
...
006 (7096162.226.000) 2023-04-02 15:05:32 Image size of job updated: 742504
	169  -  MemoryUsage of job (MB)
	172156  -  ResidentSetSize of job (KB)
...
006 (7096162.226.000) 2023-04-02 15:05:50 Image size of job updated: 935552
	169  -  MemoryUsage of job (MB)
	172288  -  ResidentSetSize of job (KB)
...
040 (7096162.226.000) 2023-04-02 15:05:50 Started transferring output files
...
040 (7096162.226.000) 2023-04-02 15:05:50 Finished transferring output files
...
005 (7096162.226.000) 2023-04-02 15:05:50 Job terminated.
	(1) Normal termination (return value 0)
		Usr 0 00:00:13, Sys 0 00:00:02  -  Run Remote Usage
		Usr 0 00:00:00, Sys 0 00:00:00  -  Run Local Usage
		Usr 0 00:00:13, Sys 0 00:00:02  -  Total Remote Usage
		Usr 0 00:00:00, Sys 0 00:00:00  -  Total Local Usage
	1093339  -  Run Bytes Sent By Job
	320530  -  Run Bytes Received By Job
	1093339  -  Total Bytes Sent By Job
	320530  -  Total Bytes Received By Job
	Partitionable Resources :    Usage  Request Allocated 
	   Cpus                 :                 1         1 
	   Disk (KB)            :     1439  3145728  18353864 
	   Memory (MB)          :      169     2048      2500 

	Job terminated of its own accord at 2023-04-02T20:05:50Z.
...
