000 (7096162.129.000) 2023-04-02 03:10:54 Job submitted from host: <144.92.180.29:9618?addrs=144.92.180.29-9618+[2607-f388-101c-1000--369]-9618&alias=login03.hep.wisc.edu&noUDP&sock=schedd_3083_4292>
...
040 (7096162.129.000) 2023-04-02 15:03:18 Started transferring input files
	Transferring to host: <144.92.180.108:9618?addrs=144.92.180.108-9618+[2607-f388-101c-1000--280]-9618&alias=g26n06.hep.wisc.edu&noUDP&sock=slot1_11_3359_7822_533855>
...
040 (7096162.129.000) 2023-04-02 15:03:18 Finished transferring input files
...
001 (7096162.129.000) 2023-04-02 15:03:19 Job executing on host: <144.92.180.108:9618?addrs=144.92.180.108-9618+[2607-f388-101c-1000--280]-9618&alias=g26n06.hep.wisc.edu&noUDP&sock=startd_2753_e851>
...
006 (7096162.129.000) 2023-04-02 15:03:28 Image size of job updated: 735428
	169  -  MemoryUsage of job (MB)
	172552  -  ResidentSetSize of job (KB)
...
006 (7096162.129.000) 2023-04-02 15:04:00 Image size of job updated: 936692
	169  -  MemoryUsage of job (MB)
	172816  -  ResidentSetSize of job (KB)
...
040 (7096162.129.000) 2023-04-02 15:04:00 Started transferring output files
...
040 (7096162.129.000) 2023-04-02 15:04:00 Finished transferring output files
...
005 (7096162.129.000) 2023-04-02 15:04:00 Job terminated.
	(1) Normal termination (return value 0)
		Usr 0 00:00:21, Sys 0 00:00:02  -  Run Remote Usage
		Usr 0 00:00:00, Sys 0 00:00:00  -  Run Local Usage
		Usr 0 00:00:21, Sys 0 00:00:02  -  Total Remote Usage
		Usr 0 00:00:00, Sys 0 00:00:00  -  Total Local Usage
	2051339  -  Run Bytes Sent By Job
	320530  -  Run Bytes Received By Job
	2051339  -  Total Bytes Sent By Job
	320530  -  Total Bytes Received By Job
	Partitionable Resources :    Usage  Request Allocated 
	   Cpus                 :     0.72        1         1 
	   Disk (KB)            :  2383     3145728  18353864 
	   Memory (MB)          :   169        2048      2500 

	Job terminated of its own accord at 2023-04-02T20:04:00Z.
...
