000 (7096161.117.000) 2023-04-02 03:10:50 Job submitted from host: <144.92.180.29:9618?addrs=144.92.180.29-9618+[2607-f388-101c-1000--369]-9618&alias=login03.hep.wisc.edu&noUDP&sock=schedd_3083_4292>
...
040 (7096161.117.000) 2023-04-02 14:51:49 Started transferring input files
	Transferring to host: <144.92.180.122:9618?addrs=144.92.180.122-9618+[2607-f388-101c-1000--294]-9618&alias=g26n20.hep.wisc.edu&noUDP&sock=slot1_2_3561_cbea_546842>
...
040 (7096161.117.000) 2023-04-02 14:51:49 Finished transferring input files
...
001 (7096161.117.000) 2023-04-02 14:51:50 Job executing on host: <144.92.180.122:9618?addrs=144.92.180.122-9618+[2607-f388-101c-1000--294]-9618&alias=g26n20.hep.wisc.edu&noUDP&sock=startd_3035_5606>
...
006 (7096161.117.000) 2023-04-02 14:51:59 Image size of job updated: 253836
	125  -  MemoryUsage of job (MB)
	127204  -  ResidentSetSize of job (KB)
...
006 (7096161.117.000) 2023-04-02 14:52:11 Image size of job updated: 747400
	125  -  MemoryUsage of job (MB)
	127204  -  ResidentSetSize of job (KB)
...
040 (7096161.117.000) 2023-04-02 14:52:11 Started transferring output files
...
040 (7096161.117.000) 2023-04-02 14:52:11 Finished transferring output files
...
005 (7096161.117.000) 2023-04-02 14:52:12 Job terminated.
	(1) Normal termination (return value 0)
		Usr 0 00:00:04, Sys 0 00:00:01  -  Run Remote Usage
		Usr 0 00:00:00, Sys 0 00:00:00  -  Run Local Usage
		Usr 0 00:00:04, Sys 0 00:00:01  -  Total Remote Usage
		Usr 0 00:00:00, Sys 0 00:00:00  -  Total Local Usage
	367282  -  Run Bytes Sent By Job
	320530  -  Run Bytes Received By Job
	367282  -  Total Bytes Sent By Job
	320530  -  Total Bytes Received By Job
	Partitionable Resources :    Usage  Request Allocated 
	   Cpus                 :     0.15        1         1 
	   Disk (KB)            :   739     3145728  18347456 
	   Memory (MB)          :   125        2048      2500 

	Job terminated of its own accord at 2023-04-02T19:52:11Z.
...
