000 (7096162.230.000) 2023-04-02 03:10:54 Job submitted from host: <144.92.180.29:9618?addrs=144.92.180.29-9618+[2607-f388-101c-1000--369]-9618&alias=login03.hep.wisc.edu&noUDP&sock=schedd_3083_4292>
...
040 (7096162.230.000) 2023-04-02 15:05:27 Started transferring input files
	Transferring to host: <144.92.180.122:9618?addrs=144.92.180.122-9618+[2607-f388-101c-1000--294]-9618&alias=g26n20.hep.wisc.edu&noUDP&sock=slot1_10_3561_cbea_547065>
...
040 (7096162.230.000) 2023-04-02 15:05:27 Finished transferring input files
...
001 (7096162.230.000) 2023-04-02 15:05:28 Job executing on host: <144.92.180.122:9618?addrs=144.92.180.122-9618+[2607-f388-101c-1000--294]-9618&alias=g26n20.hep.wisc.edu&noUDP&sock=startd_3035_5606>
...
006 (7096162.230.000) 2023-04-02 15:05:36 Image size of job updated: 743412
	210  -  MemoryUsage of job (MB)
	214872  -  ResidentSetSize of job (KB)
...
006 (7096162.230.000) 2023-04-02 15:06:10 Image size of job updated: 757704
	210  -  MemoryUsage of job (MB)
	214872  -  ResidentSetSize of job (KB)
...
040 (7096162.230.000) 2023-04-02 15:06:11 Started transferring output files
...
040 (7096162.230.000) 2023-04-02 15:06:11 Finished transferring output files
...
005 (7096162.230.000) 2023-04-02 15:06:11 Job terminated.
	(1) Normal termination (return value 0)
		Usr 0 00:00:17, Sys 0 00:00:02  -  Run Remote Usage
		Usr 0 00:00:00, Sys 0 00:00:00  -  Run Local Usage
		Usr 0 00:00:17, Sys 0 00:00:02  -  Total Remote Usage
		Usr 0 00:00:00, Sys 0 00:00:00  -  Total Local Usage
	1911283  -  Run Bytes Sent By Job
	320530  -  Run Bytes Received By Job
	1911283  -  Total Bytes Sent By Job
	320530  -  Total Bytes Received By Job
	Partitionable Resources :    Usage  Request Allocated 
	   Cpus                 :                 1         1 
	   Disk (KB)            :     2237  3145728  18347456 
	   Memory (MB)          :      210     2048      2500 

	Job terminated of its own accord at 2023-04-02T20:06:10Z.
...
