000 (3173817.000.000) 2022-01-03 19:34:09 Job submitted from host: <144.92.180.5:9618?addrs=144.92.180.5-9618+[2607-f388-101c-1000--368]-9618&alias=login02.hep.wisc.edu&noUDP&sock=schedd_2326_0560>
...
040 (3173817.000.000) 2022-01-03 19:34:55 Entered queue to transfer input files
	Transferring to host: <128.105.245.114:9618?addrs=128.105.245.114-9618&alias=e314.chtc.wisc.edu&noUDP&sock=slot1_8_33928_185d_14426>
...
040 (3173817.000.000) 2022-01-03 19:39:04 Started transferring input files
	Seconds spent in queue: 249
...
040 (3173817.000.000) 2022-01-03 19:40:37 Finished transferring input files
...
001 (3173817.000.000) 2022-01-03 19:40:38 Job executing on host: <128.105.245.114:9618?addrs=128.105.245.114-9618&alias=e314.chtc.wisc.edu&noUDP&sock=startd_2784_2bc0>
...
006 (3173817.000.000) 2022-01-03 19:40:46 Image size of job updated: 1284
	0  -  MemoryUsage of job (MB)
	0  -  ResidentSetSize of job (KB)
...
006 (3173817.000.000) 2022-01-03 19:43:39 Image size of job updated: 1173996
	0  -  MemoryUsage of job (MB)
	0  -  ResidentSetSize of job (KB)
...
040 (3173817.000.000) 2022-01-03 19:43:39 Started transferring output files
	Seconds spent in queue: 524
...
040 (3173817.000.000) 2022-01-03 19:43:39 Finished transferring output files
...
005 (3173817.000.000) 2022-01-03 19:43:39 Job terminated.
	(1) Normal termination (return value 0)
		Usr 0 00:00:44, Sys 0 00:00:03  -  Run Remote Usage
		Usr 0 00:00:00, Sys 0 00:00:00  -  Run Local Usage
		Usr 0 00:00:44, Sys 0 00:00:03  -  Total Remote Usage
		Usr 0 00:00:00, Sys 0 00:00:00  -  Total Local Usage
	140692  -  Run Bytes Sent By Job
	315491808  -  Run Bytes Received By Job
	140692  -  Total Bytes Sent By Job
	315491808  -  Total Bytes Received By Job
	Partitionable Resources :     Usage  Request Allocated 
	   Cpus                 :      0.08        1         1 
	   Disk (KB)            : 308295     2048000   2346990 
	   IoHeavy              :                            0 
	   Memory (MB)          :      0        1992      2048 

	Job terminated of its own accord at 2022-01-04T01:43:39Z.
...
