000 (3173826.000.000) 2022-01-03 19:34:23 Job submitted from host: <144.92.180.5:9618?addrs=144.92.180.5-9618+[2607-f388-101c-1000--368]-9618&alias=login02.hep.wisc.edu&noUDP&sock=schedd_2326_0560>
...
040 (3173826.000.000) 2022-01-03 19:34:51 Entered queue to transfer input files
	Transferring to host: <128.105.68.12:9618?addrs=128.105.68.12-9618&alias=e2005.chtc.wisc.edu&noUDP&sock=slot1_12_8083_f462_15082>
...
040 (3173826.000.000) 2022-01-03 19:38:11 Started transferring input files
	Seconds spent in queue: 200
...
040 (3173826.000.000) 2022-01-03 19:39:06 Finished transferring input files
...
001 (3173826.000.000) 2022-01-03 19:39:07 Job executing on host: <128.105.68.12:9618?addrs=128.105.68.12-9618&alias=e2005.chtc.wisc.edu&noUDP&sock=startd_6877_a0e3>
...
006 (3173826.000.000) 2022-01-03 19:39:15 Image size of job updated: 567500
	444  -  MemoryUsage of job (MB)
	453716  -  ResidentSetSize of job (KB)
...
006 (3173826.000.000) 2022-01-03 19:40:30 Image size of job updated: 1178664
	449  -  MemoryUsage of job (MB)
	459128  -  ResidentSetSize of job (KB)
...
040 (3173826.000.000) 2022-01-03 19:40:30 Started transferring output files
	Seconds spent in queue: 339
...
040 (3173826.000.000) 2022-01-03 19:40:31 Finished transferring output files
...
005 (3173826.000.000) 2022-01-03 19:40:31 Job terminated.
	(1) Normal termination (return value 0)
		Usr 0 00:00:42, Sys 0 00:00:04  -  Run Remote Usage
		Usr 0 00:00:00, Sys 0 00:00:00  -  Run Local Usage
		Usr 0 00:00:42, Sys 0 00:00:04  -  Total Remote Usage
		Usr 0 00:00:00, Sys 0 00:00:00  -  Total Local Usage
	152874  -  Run Bytes Sent By Job
	315491808  -  Run Bytes Received By Job
	152874  -  Total Bytes Sent By Job
	315491808  -  Total Bytes Received By Job
	Partitionable Resources :    Usage  Request Allocated 
	   Cpus                 :        0        1         1 
	   Disk (KB)            :   308307  2048000   2899212 
	   IoHeavy              :                           0 
	   Memory (MB)          :      449     1992      2048 

	Job terminated of its own accord at 2022-01-04T01:40:30Z.
...
