000 (3173876.000.000) 2022-01-03 19:35:41 Job submitted from host: <144.92.180.5:9618?addrs=144.92.180.5-9618+[2607-f388-101c-1000--368]-9618&alias=login02.hep.wisc.edu&noUDP&sock=schedd_2326_0560>
...
040 (3173876.000.000) 2022-01-03 19:35:48 Entered queue to transfer input files
	Transferring to host: <128.105.245.63:9618?addrs=128.105.245.63-9618&alias=e263.chtc.wisc.edu&noUDP&sock=slot1_6_6362_5abc_14284>
...
040 (3173876.000.000) 2022-01-03 19:40:03 Started transferring input files
	Seconds spent in queue: 255
...
040 (3173876.000.000) 2022-01-03 19:40:19 Finished transferring input files
...
001 (3173876.000.000) 2022-01-03 19:40:20 Job executing on host: <128.105.245.63:9618?addrs=128.105.245.63-9618&alias=e263.chtc.wisc.edu&noUDP&sock=startd_2607_c37d>
...
006 (3173876.000.000) 2022-01-03 19:40:30 Image size of job updated: 642396
	396  -  MemoryUsage of job (MB)
	405372  -  ResidentSetSize of job (KB)
...
040 (3173876.000.000) 2022-01-03 19:40:36 Started transferring output files
	Seconds spent in queue: 288
...
040 (3173876.000.000) 2022-01-03 19:40:36 Finished transferring output files
...
005 (3173876.000.000) 2022-01-03 19:40:37 Job terminated.
	(1) Normal termination (return value 0)
		Usr 0 00:00:05, Sys 0 00:00:01  -  Run Remote Usage
		Usr 0 00:00:00, Sys 0 00:00:00  -  Run Local Usage
		Usr 0 00:00:05, Sys 0 00:00:01  -  Total Remote Usage
		Usr 0 00:00:00, Sys 0 00:00:00  -  Total Local Usage
	93432  -  Run Bytes Sent By Job
	315491808  -  Run Bytes Received By Job
	93432  -  Total Bytes Sent By Job
	315491808  -  Total Bytes Received By Job
	Partitionable Resources :    Usage  Request Allocated 
	   Cpus                 :        0        1         1 
	   Disk (KB)            :   308249  2048000   2315314 
	   IoHeavy              :                           0 
	   Memory (MB)          :      396     1992      2048 

	Job terminated of its own accord at 2022-01-04T01:40:35Z.
...
