000 (3173880.000.000) 2022-01-03 19:35:49 Job submitted from host: <144.92.180.5:9618?addrs=144.92.180.5-9618+[2607-f388-101c-1000--368]-9618&alias=login02.hep.wisc.edu&noUDP&sock=schedd_2326_0560>
...
040 (3173880.000.000) 2022-01-03 19:36:03 Entered queue to transfer input files
	Transferring to host: <128.105.245.86:9618?addrs=128.105.245.86-9618&alias=e286.chtc.wisc.edu&noUDP&sock=slot1_19_33177_f29e_13425>
...
040 (3173880.000.000) 2022-01-03 19:41:16 Started transferring input files
	Seconds spent in queue: 313
...
040 (3173880.000.000) 2022-01-03 19:41:51 Finished transferring input files
...
001 (3173880.000.000) 2022-01-03 19:41:52 Job executing on host: <128.105.245.86:9618?addrs=128.105.245.86-9618&alias=e286.chtc.wisc.edu&noUDP&sock=startd_14914_578c>
...
006 (3173880.000.000) 2022-01-03 19:42:01 Image size of job updated: 671056
	399  -  MemoryUsage of job (MB)
	407628  -  ResidentSetSize of job (KB)
...
006 (3173880.000.000) 2022-01-03 19:42:14 Image size of job updated: 1014536
	399  -  MemoryUsage of job (MB)
	407628  -  ResidentSetSize of job (KB)
...
040 (3173880.000.000) 2022-01-03 19:42:19 Entered queue to transfer output files
...
040 (3173880.000.000) 2022-01-03 19:42:22 Started transferring output files
	Seconds spent in queue: 379
...
040 (3173880.000.000) 2022-01-03 19:42:22 Finished transferring output files
...
005 (3173880.000.000) 2022-01-03 19:42:22 Job terminated.
	(1) Normal termination (return value 0)
		Usr 0 00:00:06, Sys 0 00:00:02  -  Run Remote Usage
		Usr 0 00:00:00, Sys 0 00:00:00  -  Run Local Usage
		Usr 0 00:00:06, Sys 0 00:00:02  -  Total Remote Usage
		Usr 0 00:00:00, Sys 0 00:00:00  -  Total Local Usage
	96110  -  Run Bytes Sent By Job
	315491808  -  Run Bytes Received By Job
	96110  -  Total Bytes Sent By Job
	315491808  -  Total Bytes Received By Job
	Partitionable Resources :    Usage  Request Allocated 
	   Cpus                 :        0        1         1 
	   Disk (KB)            :   308252  2048000   2318522 
	   IoHeavy              :                           0 
	   Memory (MB)          :      399     1992      2048 

	Job terminated of its own accord at 2022-01-04T01:42:14Z.
...
