000 (3173724.000.000) 2022-01-03 19:32:59 Job submitted from host: <144.92.180.5:9618?addrs=144.92.180.5-9618+[2607-f388-101c-1000--368]-9618&alias=login02.hep.wisc.edu&noUDP&sock=schedd_2326_0560>
...
040 (3173724.000.000) 2022-01-03 19:33:38 Started transferring input files
	Transferring to host: <128.104.101.127:9618?addrs=128.104.101.127-9618+[2607-f388-107c-501-4603-a7ff-fe29-9f83]-9618&alias=e127.chtc.wisc.edu&noUDP&sock=slot1_9_2999_d113_10686>
...
040 (3173724.000.000) 2022-01-03 19:34:22 Finished transferring input files
...
001 (3173724.000.000) 2022-01-03 19:34:23 Job executing on host: <128.104.101.127:9618?addrs=128.104.101.127-9618+[2607-f388-107c-501-4603-a7ff-fe29-9f83]-9618&alias=e127.chtc.wisc.edu&noUDP&sock=startd_1959_4a1e>
...
006 (3173724.000.000) 2022-01-03 19:34:31 Image size of job updated: 281668
	60  -  MemoryUsage of job (MB)
	61244  -  ResidentSetSize of job (KB)
...
006 (3173724.000.000) 2022-01-03 19:34:52 Image size of job updated: 1183080
	61  -  MemoryUsage of job (MB)
	61640  -  ResidentSetSize of job (KB)
...
040 (3173724.000.000) 2022-01-03 19:34:58 Entered queue to transfer output files
...
040 (3173724.000.000) 2022-01-03 19:35:00 Started transferring output files
...
040 (3173724.000.000) 2022-01-03 19:35:00 Finished transferring output files
...
005 (3173724.000.000) 2022-01-03 19:35:00 Job terminated.
	(1) Normal termination (return value 0)
		Usr 0 00:00:15, Sys 0 00:00:02  -  Run Remote Usage
		Usr 0 00:00:00, Sys 0 00:00:00  -  Run Local Usage
		Usr 0 00:00:15, Sys 0 00:00:02  -  Total Remote Usage
		Usr 0 00:00:00, Sys 0 00:00:00  -  Total Local Usage
	159767  -  Run Bytes Sent By Job
	315491776  -  Run Bytes Received By Job
	159767  -  Total Bytes Sent By Job
	315491776  -  Total Bytes Received By Job
	Partitionable Resources :    Usage  Request Allocated 
	   Cpus                 :                 1         1 
	   Disk (KB)            :   308305  2048000   3402417 
	   IoHeavy              :                           0 
	   Memory (MB)          :       61     1992      2048 

	Job terminated of its own accord at 2022-01-04T01:34:52Z.
...
