000 (3173740.000.000) 2022-01-03 19:33:08 Job submitted from host: <144.92.180.5:9618?addrs=144.92.180.5-9618+[2607-f388-101c-1000--368]-9618&alias=login02.hep.wisc.edu&noUDP&sock=schedd_2326_0560>
...
040 (3173740.000.000) 2022-01-03 19:33:59 Entered queue to transfer input files
	Transferring to host: <128.105.245.150:9618?addrs=128.105.245.150-9618&alias=e2350.chtc.wisc.edu&noUDP&sock=slot1_8_14079_add6_14427>
...
040 (3173740.000.000) 2022-01-03 19:37:27 Started transferring input files
	Seconds spent in queue: 208
...
040 (3173740.000.000) 2022-01-03 19:37:47 Finished transferring input files
...
001 (3173740.000.000) 2022-01-03 19:37:48 Job executing on host: <128.105.245.150:9618?addrs=128.105.245.150-9618&alias=e2350.chtc.wisc.edu&noUDP&sock=startd_2249_3495>
...
006 (3173740.000.000) 2022-01-03 19:37:57 Image size of job updated: 146204
	6  -  MemoryUsage of job (MB)
	5908  -  ResidentSetSize of job (KB)
...
006 (3173740.000.000) 2022-01-03 19:38:42 Image size of job updated: 1183296
	6  -  MemoryUsage of job (MB)
	5908  -  ResidentSetSize of job (KB)
...
040 (3173740.000.000) 2022-01-03 19:38:44 Started transferring output files
	Seconds spent in queue: 285
...
040 (3173740.000.000) 2022-01-03 19:38:44 Finished transferring output files
...
005 (3173740.000.000) 2022-01-03 19:38:44 Job terminated.
	(1) Normal termination (return value 0)
		Usr 0 00:00:08, Sys 0 00:00:02  -  Run Remote Usage
		Usr 0 00:00:00, Sys 0 00:00:00  -  Run Local Usage
		Usr 0 00:00:08, Sys 0 00:00:02  -  Total Remote Usage
		Usr 0 00:00:00, Sys 0 00:00:00  -  Total Local Usage
	134995  -  Run Bytes Sent By Job
	315491808  -  Run Bytes Received By Job
	134995  -  Total Bytes Sent By Job
	315491808  -  Total Bytes Received By Job
	Partitionable Resources :    Usage  Request Allocated 
	   Cpus                 :        0        1         1 
	   Disk (KB)            :   308289  2048000   2332831 
	   IoHeavy              :                           0 
	   Memory (MB)          :        6     1992      2048 

	Job terminated of its own accord at 2022-01-04T01:38:42Z.
...
