000 (3173882.000.000) 2022-01-03 19:35:51 Job submitted from host: <144.92.180.5:9618?addrs=144.92.180.5-9618+[2607-f388-101c-1000--368]-9618&alias=login02.hep.wisc.edu&noUDP&sock=schedd_2326_0560>
...
040 (3173882.000.000) 2022-01-03 19:36:10 Entered queue to transfer input files
	Transferring to host: <128.104.100.109:9618?addrs=128.104.100.109-9618+[2607-f388-107c-501-f24d-a2ff-fe75-e04a]-9618&alias=e0030.chtc.wisc.edu&noUDP&sock=slot1_3_6125_5dd2_10988>
...
040 (3173882.000.000) 2022-01-03 19:41:17 Started transferring input files
	Seconds spent in queue: 307
...
040 (3173882.000.000) 2022-01-03 19:41:39 Finished transferring input files
...
001 (3173882.000.000) 2022-01-03 19:41:40 Job executing on host: <128.104.100.109:9618?addrs=128.104.100.109-9618+[2607-f388-107c-501-f24d-a2ff-fe75-e04a]-9618&alias=e0030.chtc.wisc.edu&noUDP&sock=startd_5914_172f>
...
006 (3173882.000.000) 2022-01-03 19:41:46 Image size of job updated: 654884
	0  -  MemoryUsage of job (MB)
	0  -  ResidentSetSize of job (KB)
...
040 (3173882.000.000) 2022-01-03 19:41:49 Started transferring output files
	Seconds spent in queue: 339
...
040 (3173882.000.000) 2022-01-03 19:41:49 Finished transferring output files
...
005 (3173882.000.000) 2022-01-03 19:41:49 Job terminated.
	(1) Normal termination (return value 0)
		Usr 0 00:00:03, Sys 0 00:00:01  -  Run Remote Usage
		Usr 0 00:00:00, Sys 0 00:00:00  -  Run Local Usage
		Usr 0 00:00:03, Sys 0 00:00:01  -  Total Remote Usage
		Usr 0 00:00:00, Sys 0 00:00:00  -  Total Local Usage
	61302  -  Run Bytes Sent By Job
	315491808  -  Run Bytes Received By Job
	61302  -  Total Bytes Sent By Job
	315491808  -  Total Bytes Received By Job
	Partitionable Resources :    Usage  Request Allocated 
	   Cpus                 :        0        1         1 
	   Disk (KB)            :   308218  2048000   2705422 
	   IoHeavy              :                           0 
	   Memory (MB)          :        0     1992      2048 

	Job terminated of its own accord at 2022-01-04T01:41:46Z.
...
