000 (3173710.000.000) 2022-01-03 19:32:52 Job submitted from host: <144.92.180.5:9618?addrs=144.92.180.5-9618+[2607-f388-101c-1000--368]-9618&alias=login02.hep.wisc.edu&noUDP&sock=schedd_2326_0560>
...
040 (3173710.000.000) 2022-01-03 19:33:37 Started transferring input files
	Transferring to host: <128.104.58.109:9618?addrs=128.104.58.109-9618+[2607-f388-1086-0-62eb-69ff-feed-f730]-9618&alias=e1469.chtc.wisc.edu&noUDP&sock=slot1_4_13246_c154_13022>
...
040 (3173710.000.000) 2022-01-03 19:34:22 Finished transferring input files
...
001 (3173710.000.000) 2022-01-03 19:34:23 Job executing on host: <128.104.58.109:9618?addrs=128.104.58.109-9618+[2607-f388-1086-0-62eb-69ff-feed-f730]-9618&alias=e1469.chtc.wisc.edu&noUDP&sock=startd_3855_c9af>
...
006 (3173710.000.000) 2022-01-03 19:34:31 Image size of job updated: 93060
	26  -  MemoryUsage of job (MB)
	25652  -  ResidentSetSize of job (KB)
...
006 (3173710.000.000) 2022-01-03 19:35:03 Image size of job updated: 1174152
	26  -  MemoryUsage of job (MB)
	25652  -  ResidentSetSize of job (KB)
...
040 (3173710.000.000) 2022-01-03 19:35:04 Started transferring output files
...
040 (3173710.000.000) 2022-01-03 19:35:04 Finished transferring output files
...
005 (3173710.000.000) 2022-01-03 19:35:04 Job terminated.
	(1) Normal termination (return value 0)
		Usr 0 00:00:21, Sys 0 00:00:03  -  Run Remote Usage
		Usr 0 00:00:00, Sys 0 00:00:00  -  Run Local Usage
		Usr 0 00:00:21, Sys 0 00:00:03  -  Total Remote Usage
		Usr 0 00:00:00, Sys 0 00:00:00  -  Total Local Usage
	164987  -  Run Bytes Sent By Job
	315491776  -  Run Bytes Received By Job
	164987  -  Total Bytes Sent By Job
	315491776  -  Total Bytes Received By Job
	Partitionable Resources :    Usage  Request Allocated 
	   Cpus                 :                 1         1 
	   Disk (KB)            :   308310  2048000   9194943 
	   IoHeavy              :                           0 
	   Memory (MB)          :       26     1992      2048 

	Job terminated of its own accord at 2022-01-04T01:35:03Z.
...
