000 (3173767.000.000) 2022-01-03 19:33:21 Job submitted from host: <144.92.180.5:9618?addrs=144.92.180.5-9618+[2607-f388-101c-1000--368]-9618&alias=login02.hep.wisc.edu&noUDP&sock=schedd_2326_0560>
...
040 (3173767.000.000) 2022-01-03 19:33:49 Entered queue to transfer input files
	Transferring to host: <128.105.245.179:9618?addrs=128.105.245.179-9618&alias=e379.chtc.wisc.edu&noUDP&sock=slot1_15_9383_ec17_14643>
...
040 (3173767.000.000) 2022-01-03 19:35:25 Started transferring input files
	Seconds spent in queue: 96
...
040 (3173767.000.000) 2022-01-03 19:35:55 Finished transferring input files
...
001 (3173767.000.000) 2022-01-03 19:35:56 Job executing on host: <128.105.245.179:9618?addrs=128.105.245.179-9618&alias=e379.chtc.wisc.edu&noUDP&sock=startd_2664_dc63>
...
006 (3173767.000.000) 2022-01-03 19:36:04 Image size of job updated: 228180
	7  -  MemoryUsage of job (MB)
	6932  -  ResidentSetSize of job (KB)
...
006 (3173767.000.000) 2022-01-03 19:37:53 Image size of job updated: 1198420
	7  -  MemoryUsage of job (MB)
	6932  -  ResidentSetSize of job (KB)
...
040 (3173767.000.000) 2022-01-03 19:37:58 Entered queue to transfer output files
...
040 (3173767.000.000) 2022-01-03 19:38:02 Started transferring output files
	Seconds spent in queue: 253
...
040 (3173767.000.000) 2022-01-03 19:38:02 Finished transferring output files
...
005 (3173767.000.000) 2022-01-03 19:38:02 Job terminated.
	(1) Normal termination (return value 0)
		Usr 0 00:00:07, Sys 0 00:00:02  -  Run Remote Usage
		Usr 0 00:00:00, Sys 0 00:00:00  -  Run Local Usage
		Usr 0 00:00:07, Sys 0 00:00:02  -  Total Remote Usage
		Usr 0 00:00:00, Sys 0 00:00:00  -  Total Local Usage
	131159  -  Run Bytes Sent By Job
	315491776  -  Run Bytes Received By Job
	131159  -  Total Bytes Sent By Job
	315491776  -  Total Bytes Received By Job
	Partitionable Resources :     Usage  Request Allocated 
	   Cpus                 :      0.01        1         1 
	   Disk (KB)            : 308286     2048000   2338563 
	   IoHeavy              :                            0 
	   Memory (MB)          :      7        1992      2048 

	Job terminated of its own accord at 2022-01-04T01:37:53Z.
...
