All files added.
Initializing chain.
from Init MC
.... MC file ..... 
Coming in: 
nentries:4183
Running over 4183 events.
Finished entry 0/4182
Finished entry 200/4182
Finished entry 400/4182
Finished entry 600/4182
Finished entry 800/4182
Finished entry 1000/4182
Finished entry 1200/4182
Finished entry 1400/4182
Finished entry 1600/4182
Finished entry 1800/4182
Finished entry 2000/4182
Finished entry 2200/4182
Finished entry 2400/4182
Finished entry 2600/4182
Finished entry 2800/4182
Finished entry 3000/4182
Finished entry 3200/4182
Finished entry 3400/4182
Finished entry 3600/4182
Finished entry 3800/4182
Finished entry 4000/4182
Finished entry 4182/4182
All events checked.
*******************************************
******************Jithin's original*************************
    Initial entries 4183.000000
   Passing smikking 0.000000
Inspected genWeightd 4183.000000   % change= 0.000000
   METFiltersPassed 3992.485503   % change= 4.554494
    SingleTrgPassed 3992.485503   % change= 0.000000
     GoodMuonPassed 477.294615   % change= 88.045176
      GoodTauPassed 12.363408   % change= 97.409690
         opp charge 12.363408   % change= 0.000000
 PassedThirdLepVeto 13.258561   % change= -7.240340
     PassedBjetVeto 13.258561   % change= 0.000000
       DeltaRPassed 13.258561   % change= 0.000000
      Total change :99.683037
*******************************************
*******************************************
Number of events inspected: 4183
Number of events inspected (minus negative gen. weights): 4183.000000
 Outpt written to ZJetsToNuNu_HT200-400_01.root
Real time 0:00:22, CP time 10.740
