000 (3173753.000.000) 2022-01-03 19:33:14 Job submitted from host: <144.92.180.5:9618?addrs=144.92.180.5-9618+[2607-f388-101c-1000--368]-9618&alias=login02.hep.wisc.edu&noUDP&sock=schedd_2326_0560>
...
040 (3173753.000.000) 2022-01-03 19:33:48 Entered queue to transfer input files
	Transferring to host: <128.104.58.167:9618?addrs=128.104.58.167-9618+[2607-f388-1086-0-16fe-b5ff-fec6-7516]-9618&alias=e1020.chtc.wisc.edu&noUDP&sock=slot1_25_22716_3a15_12625>
...
040 (3173753.000.000) 2022-01-03 19:35:15 Started transferring input files
	Seconds spent in queue: 87
...
040 (3173753.000.000) 2022-01-03 19:35:49 Finished transferring input files
...
001 (3173753.000.000) 2022-01-03 19:35:50 Job executing on host: <128.104.58.167:9618?addrs=128.104.58.167-9618+[2607-f388-1086-0-16fe-b5ff-fec6-7516]-9618&alias=e1020.chtc.wisc.edu&noUDP&sock=startd_4717_0c52>
...
006 (3173753.000.000) 2022-01-03 19:35:59 Image size of job updated: 146160
	8  -  MemoryUsage of job (MB)
	7240  -  ResidentSetSize of job (KB)
...
006 (3173753.000.000) 2022-01-03 19:37:00 Image size of job updated: 1197180
	8  -  MemoryUsage of job (MB)
	7240  -  ResidentSetSize of job (KB)
...
040 (3173753.000.000) 2022-01-03 19:37:02 Started transferring output files
	Seconds spent in queue: 194
...
040 (3173753.000.000) 2022-01-03 19:37:02 Finished transferring output files
...
005 (3173753.000.000) 2022-01-03 19:37:02 Job terminated.
	(1) Normal termination (return value 0)
		Usr 0 00:00:28, Sys 0 00:00:02  -  Run Remote Usage
		Usr 0 00:00:00, Sys 0 00:00:00  -  Run Local Usage
		Usr 0 00:00:28, Sys 0 00:00:02  -  Total Remote Usage
		Usr 0 00:00:00, Sys 0 00:00:00  -  Total Local Usage
	152654  -  Run Bytes Sent By Job
	315491776  -  Run Bytes Received By Job
	152654  -  Total Bytes Sent By Job
	315491776  -  Total Bytes Received By Job
	Partitionable Resources :     Usage  Request Allocated 
	   Cpus                 :      0.02        1         1 
	   Disk (KB)            : 308307     2048000   2308111 
	   IoHeavy              :                            0 
	   Memory (MB)          :      8        1992      2048 

	Job terminated of its own accord at 2022-01-04T01:37:00Z.
...
