000 (3173784.000.000) 2022-01-03 19:33:30 Job submitted from host: <144.92.180.5:9618?addrs=144.92.180.5-9618+[2607-f388-101c-1000--368]-9618&alias=login02.hep.wisc.edu&noUDP&sock=schedd_2326_0560>
...
040 (3173784.000.000) 2022-01-03 19:33:51 Entered queue to transfer input files
	Transferring to host: <128.105.245.41:9618?addrs=128.105.245.41-9618&alias=e3241.chtc.wisc.edu&noUDP&sock=slot1_3_28502_fcc0_14328>
...
040 (3173784.000.000) 2022-01-03 19:35:58 Started transferring input files
	Seconds spent in queue: 127
...
040 (3173784.000.000) 2022-01-03 19:36:59 Finished transferring input files
...
001 (3173784.000.000) 2022-01-03 19:37:00 Job executing on host: <128.105.245.41:9618?addrs=128.105.245.41-9618&alias=e3241.chtc.wisc.edu&noUDP&sock=startd_1631_4f0e>
...
006 (3173784.000.000) 2022-01-03 19:37:08 Image size of job updated: 3452
	2  -  MemoryUsage of job (MB)
	1208  -  ResidentSetSize of job (KB)
...
006 (3173784.000.000) 2022-01-03 19:38:29 Image size of job updated: 1175424
	2  -  MemoryUsage of job (MB)
	1208  -  ResidentSetSize of job (KB)
...
040 (3173784.000.000) 2022-01-03 19:38:32 Started transferring output files
	Seconds spent in queue: 281
...
040 (3173784.000.000) 2022-01-03 19:38:33 Finished transferring output files
...
005 (3173784.000.000) 2022-01-03 19:38:33 Job terminated.
	(1) Normal termination (return value 0)
		Usr 0 00:00:57, Sys 0 00:00:01  -  Run Remote Usage
		Usr 0 00:00:00, Sys 0 00:00:00  -  Run Local Usage
		Usr 0 00:00:57, Sys 0 00:00:01  -  Total Remote Usage
		Usr 0 00:00:00, Sys 0 00:00:00  -  Total Local Usage
	163182  -  Run Bytes Sent By Job
	315491776  -  Run Bytes Received By Job
	163182  -  Total Bytes Sent By Job
	315491776  -  Total Bytes Received By Job
	Partitionable Resources :    Usage  Request Allocated 
	   Cpus                 :        0        1         1 
	   Disk (KB)            :   308317  2048000   2708311 
	   IoHeavy              :                           0 
	   Memory (MB)          :        2     1992      2048 

	Job terminated of its own accord at 2022-01-04T01:38:29Z.
...
