000 (3173831.000.000) 2022-01-03 19:34:30 Job submitted from host: <144.92.180.5:9618?addrs=144.92.180.5-9618+[2607-f388-101c-1000--368]-9618&alias=login02.hep.wisc.edu&noUDP&sock=schedd_2326_0560>
...
040 (3173831.000.000) 2022-01-03 19:34:52 Entered queue to transfer input files
	Transferring to host: <128.105.245.177:9618?addrs=128.105.245.177-9618&alias=e2377.chtc.wisc.edu&noUDP&sock=slot1_13_40135_7cf9_14195>
...
040 (3173831.000.000) 2022-01-03 19:38:36 Started transferring input files
	Seconds spent in queue: 224
...
040 (3173831.000.000) 2022-01-03 19:39:31 Finished transferring input files
...
001 (3173831.000.000) 2022-01-03 19:39:32 Job executing on host: <128.105.245.177:9618?addrs=128.105.245.177-9618&alias=e2377.chtc.wisc.edu&noUDP&sock=startd_2888_819a>
...
006 (3173831.000.000) 2022-01-03 19:39:41 Image size of job updated: 800484
	396  -  MemoryUsage of job (MB)
	405168  -  ResidentSetSize of job (KB)
...
006 (3173831.000.000) 2022-01-03 19:40:10 Image size of job updated: 1176744
	396  -  MemoryUsage of job (MB)
	405168  -  ResidentSetSize of job (KB)
...
040 (3173831.000.000) 2022-01-03 19:40:14 Started transferring output files
	Seconds spent in queue: 322
...
040 (3173831.000.000) 2022-01-03 19:40:14 Finished transferring output files
...
005 (3173831.000.000) 2022-01-03 19:40:14 Job terminated.
	(1) Normal termination (return value 0)
		Usr 0 00:00:23, Sys 0 00:00:02  -  Run Remote Usage
		Usr 0 00:00:00, Sys 0 00:00:00  -  Run Local Usage
		Usr 0 00:00:23, Sys 0 00:00:02  -  Total Remote Usage
		Usr 0 00:00:00, Sys 0 00:00:00  -  Total Local Usage
	147292  -  Run Bytes Sent By Job
	315491808  -  Run Bytes Received By Job
	147292  -  Total Bytes Sent By Job
	315491808  -  Total Bytes Received By Job
	Partitionable Resources :    Usage  Request Allocated 
	   Cpus                 :        0        1         1 
	   Disk (KB)            :   308302  2048000   2352663 
	   IoHeavy              :                           0 
	   Memory (MB)          :      396     1992      2048 

	Job terminated of its own accord at 2022-01-04T01:40:10Z.
...
