000 (3173905.000.000) 2022-01-03 19:36:23 Job submitted from host: <144.92.180.5:9618?addrs=144.92.180.5-9618+[2607-f388-101c-1000--368]-9618&alias=login02.hep.wisc.edu&noUDP&sock=schedd_2326_0560>
...
040 (3173905.000.000) 2022-01-03 19:36:49 Entered queue to transfer input files
	Transferring to host: <128.104.58.210:9618?addrs=128.104.58.210-9618+[2607-f388-1086-0-226-9eff-fe2b-bede]-9618&alias=e1078.chtc.wisc.edu&noUDP&sock=slot1_2_24164_7950_13152>
...
040 (3173905.000.000) 2022-01-03 19:42:14 Started transferring input files
	Seconds spent in queue: 325
...
040 (3173905.000.000) 2022-01-03 19:42:57 Finished transferring input files
...
001 (3173905.000.000) 2022-01-03 19:42:58 Job executing on host: <128.104.58.210:9618?addrs=128.104.58.210-9618+[2607-f388-1086-0-226-9eff-fe2b-bede]-9618&alias=e1078.chtc.wisc.edu&noUDP&sock=startd_1742_7211>
...
006 (3173905.000.000) 2022-01-03 19:43:06 Image size of job updated: 487668
	398  -  MemoryUsage of job (MB)
	406576  -  ResidentSetSize of job (KB)
...
006 (3173905.000.000) 2022-01-03 19:48:06 Image size of job updated: 1203524
	503  -  MemoryUsage of job (MB)
	514800  -  ResidentSetSize of job (KB)
...
040 (3173905.000.000) 2022-01-03 19:48:40 Started transferring output files
	Seconds spent in queue: 711
...
040 (3173905.000.000) 2022-01-03 19:48:40 Finished transferring output files
...
005 (3173905.000.000) 2022-01-03 19:48:40 Job terminated.
	(1) Normal termination (return value 0)
		Usr 0 00:03:33, Sys 0 00:00:16  -  Run Remote Usage
		Usr 0 00:00:00, Sys 0 00:00:00  -  Run Local Usage
		Usr 0 00:03:33, Sys 0 00:00:16  -  Total Remote Usage
		Usr 0 00:00:00, Sys 0 00:00:00  -  Total Local Usage
	158858  -  Run Bytes Sent By Job
	315491776  -  Run Bytes Received By Job
	158858  -  Total Bytes Sent By Job
	315491776  -  Total Bytes Received By Job
	Partitionable Resources :     Usage  Request Allocated 
	   Cpus                 :      0.64        1         1 
	   Disk (KB)            : 308313     2048000   9194538 
	   IoHeavy              :                            0 
	   Memory (MB)          :    503        1992      2048 

	Job terminated of its own accord at 2022-01-04T01:48:40Z.
...
