000 (3173814.000.000) 2022-01-03 19:34:04 Job submitted from host: <144.92.180.5:9618?addrs=144.92.180.5-9618+[2607-f388-101c-1000--368]-9618&alias=login02.hep.wisc.edu&noUDP&sock=schedd_2326_0560>
...
040 (3173814.000.000) 2022-01-03 19:34:55 Entered queue to transfer input files
	Transferring to host: <128.105.245.150:9618?addrs=128.105.245.150-9618&alias=e2350.chtc.wisc.edu&noUDP&sock=slot1_20_14079_add6_14428>
...
040 (3173814.000.000) 2022-01-03 19:39:02 Started transferring input files
	Seconds spent in queue: 247
...
040 (3173814.000.000) 2022-01-03 19:40:02 Finished transferring input files
...
001 (3173814.000.000) 2022-01-03 19:40:03 Job executing on host: <128.105.245.150:9618?addrs=128.105.245.150-9618&alias=e2350.chtc.wisc.edu&noUDP&sock=startd_2249_3495>
...
006 (3173814.000.000) 2022-01-03 19:40:12 Image size of job updated: 543868
	396  -  MemoryUsage of job (MB)
	405108  -  ResidentSetSize of job (KB)
...
006 (3173814.000.000) 2022-01-03 19:40:41 Image size of job updated: 1172724
	396  -  MemoryUsage of job (MB)
	405108  -  ResidentSetSize of job (KB)
...
040 (3173814.000.000) 2022-01-03 19:40:43 Started transferring output files
	Seconds spent in queue: 348
...
040 (3173814.000.000) 2022-01-03 19:40:43 Finished transferring output files
...
005 (3173814.000.000) 2022-01-03 19:40:43 Job terminated.
	(1) Normal termination (return value 0)
		Usr 0 00:00:13, Sys 0 00:00:02  -  Run Remote Usage
		Usr 0 00:00:00, Sys 0 00:00:00  -  Run Local Usage
		Usr 0 00:00:13, Sys 0 00:00:02  -  Total Remote Usage
		Usr 0 00:00:00, Sys 0 00:00:00  -  Total Local Usage
	122986  -  Run Bytes Sent By Job
	315491808  -  Run Bytes Received By Job
	122986  -  Total Bytes Sent By Job
	315491808  -  Total Bytes Received By Job
	Partitionable Resources :    Usage  Request Allocated 
	   Cpus                 :        0        1         1 
	   Disk (KB)            :   308278  2048000   2332831 
	   IoHeavy              :                           0 
	   Memory (MB)          :      396     1992      2048 

	Job terminated of its own accord at 2022-01-04T01:40:41Z.
...
