000 (3173766.000.000) 2022-01-03 19:33:21 Job submitted from host: <144.92.180.5:9618?addrs=144.92.180.5-9618+[2607-f388-101c-1000--368]-9618&alias=login02.hep.wisc.edu&noUDP&sock=schedd_2326_0560>
...
040 (3173766.000.000) 2022-01-03 19:33:49 Entered queue to transfer input files
	Transferring to host: <128.105.245.99:9618?addrs=128.105.245.99-9618&alias=e2299.chtc.wisc.edu&noUDP&sock=slot1_6_35781_b388_13934>
...
040 (3173766.000.000) 2022-01-03 19:35:23 Started transferring input files
	Seconds spent in queue: 94
...
040 (3173766.000.000) 2022-01-03 19:36:04 Finished transferring input files
...
001 (3173766.000.000) 2022-01-03 19:36:05 Job executing on host: <128.105.245.99:9618?addrs=128.105.245.99-9618&alias=e2299.chtc.wisc.edu&noUDP&sock=startd_2533_017b>
...
006 (3173766.000.000) 2022-01-03 19:36:13 Image size of job updated: 802036
	397  -  MemoryUsage of job (MB)
	405900  -  ResidentSetSize of job (KB)
...
040 (3173766.000.000) 2022-01-03 19:36:26 Entered queue to transfer output files
...
040 (3173766.000.000) 2022-01-03 19:36:28 Started transferring output files
	Seconds spent in queue: 159
...
040 (3173766.000.000) 2022-01-03 19:36:28 Finished transferring output files
...
005 (3173766.000.000) 2022-01-03 19:36:28 Job terminated.
	(1) Normal termination (return value 0)
		Usr 0 00:00:06, Sys 0 00:00:01  -  Run Remote Usage
		Usr 0 00:00:00, Sys 0 00:00:00  -  Run Local Usage
		Usr 0 00:00:06, Sys 0 00:00:01  -  Total Remote Usage
		Usr 0 00:00:00, Sys 0 00:00:00  -  Total Local Usage
	130321  -  Run Bytes Sent By Job
	315491776  -  Run Bytes Received By Job
	130321  -  Total Bytes Sent By Job
	315491776  -  Total Bytes Received By Job
	Partitionable Resources :    Usage  Request Allocated 
	   Cpus                 :                 1         1 
	   Disk (KB)            :   308276  2048000   2335668 
	   IoHeavy              :                           0 
	   Memory (MB)          :      397     1992      2048 

	Job terminated of its own accord at 2022-01-04T01:36:21Z.
...
