000 (3173895.000.000) 2022-01-03 19:36:11 Job submitted from host: <144.92.180.5:9618?addrs=144.92.180.5-9618+[2607-f388-101c-1000--368]-9618&alias=login02.hep.wisc.edu&noUDP&sock=schedd_2326_0560>
...
040 (3173895.000.000) 2022-01-03 19:36:46 Entered queue to transfer input files
	Transferring to host: <128.105.245.197:9618?addrs=128.105.245.197-9618&alias=e2397.chtc.wisc.edu&noUDP&sock=slot1_5_13350_0858_14238>
...
040 (3173895.000.000) 2022-01-03 19:41:52 Started transferring input files
	Seconds spent in queue: 306
...
040 (3173895.000.000) 2022-01-03 19:42:14 Finished transferring input files
...
001 (3173895.000.000) 2022-01-03 19:42:15 Job executing on host: <128.105.245.197:9618?addrs=128.105.245.197-9618&alias=e2397.chtc.wisc.edu&noUDP&sock=startd_3053_aeba>
...
006 (3173895.000.000) 2022-01-03 19:42:25 Image size of job updated: 642400
	397  -  MemoryUsage of job (MB)
	405796  -  ResidentSetSize of job (KB)
...
006 (3173895.000.000) 2022-01-03 19:44:17 Image size of job updated: 1200808
	397  -  MemoryUsage of job (MB)
	405796  -  ResidentSetSize of job (KB)
...
040 (3173895.000.000) 2022-01-03 19:44:17 Started transferring output files
	Seconds spent in queue: 451
...
040 (3173895.000.000) 2022-01-03 19:44:18 Finished transferring output files
...
005 (3173895.000.000) 2022-01-03 19:44:18 Job terminated.
	(1) Normal termination (return value 0)
		Usr 0 00:00:22, Sys 0 00:00:04  -  Run Remote Usage
		Usr 0 00:00:00, Sys 0 00:00:00  -  Run Local Usage
		Usr 0 00:00:22, Sys 0 00:00:04  -  Total Remote Usage
		Usr 0 00:00:00, Sys 0 00:00:00  -  Total Local Usage
	137514  -  Run Bytes Sent By Job
	315491744  -  Run Bytes Received By Job
	137514  -  Total Bytes Sent By Job
	315491744  -  Total Bytes Received By Job
	Partitionable Resources :     Usage  Request Allocated 
	   Cpus                 :      0.15        1         1 
	   Disk (KB)            : 308292     2048000   2351943 
	   IoHeavy              :                            0 
	   Memory (MB)          :    397        1992      2048 

	Job terminated of its own accord at 2022-01-04T01:44:16Z.
...
