000 (3173838.000.000) 2022-01-03 19:34:42 Job submitted from host: <144.92.180.5:9618?addrs=144.92.180.5-9618+[2607-f388-101c-1000--368]-9618&alias=login02.hep.wisc.edu&noUDP&sock=schedd_2326_0560>
...
040 (3173838.000.000) 2022-01-03 19:34:56 Entered queue to transfer input files
	Transferring to host: <128.104.58.195:9618?addrs=128.104.58.195-9618+[2607-f388-1086-0-16fe-b5ff-fec6-6e3b]-9618&alias=e1054.chtc.wisc.edu&noUDP&sock=slot1_18_48251_f1c3_12972>
...
040 (3173838.000.000) 2022-01-03 19:39:15 Started transferring input files
	Seconds spent in queue: 259
...
040 (3173838.000.000) 2022-01-03 19:39:35 Finished transferring input files
...
001 (3173838.000.000) 2022-01-03 19:39:36 Job executing on host: <128.104.58.195:9618?addrs=128.104.58.195-9618+[2607-f388-1086-0-16fe-b5ff-fec6-6e3b]-9618&alias=e1054.chtc.wisc.edu&noUDP&sock=startd_4883_e90b>
...
006 (3173838.000.000) 2022-01-03 19:39:44 Image size of job updated: 478332
	397  -  MemoryUsage of job (MB)
	406528  -  ResidentSetSize of job (KB)
...
006 (3173838.000.000) 2022-01-03 19:41:12 Image size of job updated: 1193856
	397  -  MemoryUsage of job (MB)
	406528  -  ResidentSetSize of job (KB)
...
040 (3173838.000.000) 2022-01-03 19:41:13 Started transferring output files
	Seconds spent in queue: 377
...
040 (3173838.000.000) 2022-01-03 19:41:14 Finished transferring output files
...
005 (3173838.000.000) 2022-01-03 19:41:14 Job terminated.
	(1) Normal termination (return value 0)
		Usr 0 00:01:20, Sys 0 00:00:04  -  Run Remote Usage
		Usr 0 00:00:00, Sys 0 00:00:00  -  Run Local Usage
		Usr 0 00:01:20, Sys 0 00:00:04  -  Total Remote Usage
		Usr 0 00:00:00, Sys 0 00:00:00  -  Total Local Usage
	168293  -  Run Bytes Sent By Job
	315491776  -  Run Bytes Received By Job
	168293  -  Total Bytes Sent By Job
	315491776  -  Total Bytes Received By Job
	Partitionable Resources :     Usage  Request Allocated 
	   Cpus                 :      0.90        1         1 
	   Disk (KB)            : 308322     2048000   2306824 
	   IoHeavy              :                            0 
	   Memory (MB)          :    397        1992      2048 

	Job terminated of its own accord at 2022-01-04T01:41:12Z.
...
