000 (3173780.000.000) 2022-01-03 19:33:28 Job submitted from host: <144.92.180.5:9618?addrs=144.92.180.5-9618+[2607-f388-101c-1000--368]-9618&alias=login02.hep.wisc.edu&noUDP&sock=schedd_2326_0560>
...
040 (3173780.000.000) 2022-01-03 19:33:50 Entered queue to transfer input files
	Transferring to host: <128.105.245.140:9618?addrs=128.105.245.140-9618&alias=e340.chtc.wisc.edu&noUDP&sock=slot1_17_17663_ee67_14053>
...
040 (3173780.000.000) 2022-01-03 19:35:54 Started transferring input files
	Seconds spent in queue: 124
...
040 (3173780.000.000) 2022-01-03 19:36:40 Finished transferring input files
...
001 (3173780.000.000) 2022-01-03 19:36:41 Job executing on host: <128.105.245.140:9618?addrs=128.105.245.140-9618&alias=e340.chtc.wisc.edu&noUDP&sock=startd_2903_cb86>
...
006 (3173780.000.000) 2022-01-03 19:36:50 Image size of job updated: 143856
	8  -  MemoryUsage of job (MB)
	7580  -  ResidentSetSize of job (KB)
...
006 (3173780.000.000) 2022-01-03 19:39:06 Image size of job updated: 1175996
	8  -  MemoryUsage of job (MB)
	7580  -  ResidentSetSize of job (KB)
...
040 (3173780.000.000) 2022-01-03 19:39:10 Started transferring output files
	Seconds spent in queue: 320
...
040 (3173780.000.000) 2022-01-03 19:39:10 Finished transferring output files
...
005 (3173780.000.000) 2022-01-03 19:39:10 Job terminated.
	(1) Normal termination (return value 0)
		Usr 0 00:01:33, Sys 0 00:00:03  -  Run Remote Usage
		Usr 0 00:00:00, Sys 0 00:00:00  -  Run Local Usage
		Usr 0 00:01:33, Sys 0 00:00:03  -  Total Remote Usage
		Usr 0 00:00:00, Sys 0 00:00:00  -  Total Local Usage
	164464  -  Run Bytes Sent By Job
	315491776  -  Run Bytes Received By Job
	164464  -  Total Bytes Sent By Job
	315491776  -  Total Bytes Received By Job
	Partitionable Resources :     Usage  Request Allocated 
	   Cpus                 :      0.31        1         1 
	   Disk (KB)            : 308318     2048000   2347907 
	   IoHeavy              :                            0 
	   Memory (MB)          :      8        1992      2048 

	Job terminated of its own accord at 2022-01-04T01:39:06Z.
...
