000 (3173719.000.000) 2022-01-03 19:32:57 Job submitted from host: <144.92.180.5:9618?addrs=144.92.180.5-9618+[2607-f388-101c-1000--368]-9618&alias=login02.hep.wisc.edu&noUDP&sock=schedd_2326_0560>
...
040 (3173719.000.000) 2022-01-03 19:33:44 Entered queue to transfer input files
	Transferring to host: <128.105.245.61:9618?addrs=128.105.245.61-9618&alias=e261.chtc.wisc.edu&noUDP&sock=slot1_22_23677_569c_14165>
...
040 (3173719.000.000) 2022-01-03 19:34:22 Started transferring input files
	Seconds spent in queue: 38
...
040 (3173719.000.000) 2022-01-03 19:35:10 Finished transferring input files
...
001 (3173719.000.000) 2022-01-03 19:35:11 Job executing on host: <128.105.245.61:9618?addrs=128.105.245.61-9618&alias=e261.chtc.wisc.edu&noUDP&sock=startd_2621_5dd1>
...
006 (3173719.000.000) 2022-01-03 19:35:21 Image size of job updated: 52524
	1  -  MemoryUsage of job (MB)
	616  -  ResidentSetSize of job (KB)
...
006 (3173719.000.000) 2022-01-03 19:37:16 Image size of job updated: 1183388
	1  -  MemoryUsage of job (MB)
	616  -  ResidentSetSize of job (KB)
...
040 (3173719.000.000) 2022-01-03 19:37:17 Started transferring output files
	Seconds spent in queue: 213
...
040 (3173719.000.000) 2022-01-03 19:37:17 Finished transferring output files
...
005 (3173719.000.000) 2022-01-03 19:37:17 Job terminated.
	(1) Normal termination (return value 0)
		Usr 0 00:00:17, Sys 0 00:00:02  -  Run Remote Usage
		Usr 0 00:00:00, Sys 0 00:00:00  -  Run Local Usage
		Usr 0 00:00:17, Sys 0 00:00:02  -  Total Remote Usage
		Usr 0 00:00:00, Sys 0 00:00:00  -  Total Local Usage
	159515  -  Run Bytes Sent By Job
	315491776  -  Run Bytes Received By Job
	159515  -  Total Bytes Sent By Job
	315491776  -  Total Bytes Received By Job
	Partitionable Resources :     Usage  Request Allocated 
	   Cpus                 :      0.00        1         1 
	   Disk (KB)            : 308313     2048000   2314028 
	   IoHeavy              :                            0 
	   Memory (MB)          :      1        1992      2048 

	Job terminated of its own accord at 2022-01-04T01:37:16Z.
...
