000 (3173810.000.000) 2022-01-03 19:33:57 Job submitted from host: <144.92.180.5:9618?addrs=144.92.180.5-9618+[2607-f388-101c-1000--368]-9618&alias=login02.hep.wisc.edu&noUDP&sock=schedd_2326_0560>
...
040 (3173810.000.000) 2022-01-03 19:34:49 Entered queue to transfer input files
	Transferring to host: <128.104.58.162:9618?addrs=128.104.58.162-9618+[2607-f388-1086-0-f24d-a2ff-fe40-bda3]-9618&alias=e1014.chtc.wisc.edu&noUDP&sock=slot1_4_36518_fc06_13363>
...
040 (3173810.000.000) 2022-01-03 19:37:49 Started transferring input files
	Seconds spent in queue: 180
...
040 (3173810.000.000) 2022-01-03 19:38:06 Finished transferring input files
...
001 (3173810.000.000) 2022-01-03 19:38:07 Job executing on host: <128.104.58.162:9618?addrs=128.104.58.162-9618+[2607-f388-1086-0-f24d-a2ff-fe40-bda3]-9618&alias=e1014.chtc.wisc.edu&noUDP&sock=startd_4978_128a>
...
006 (3173810.000.000) 2022-01-03 19:38:16 Image size of job updated: 111292
	43  -  MemoryUsage of job (MB)
	43896  -  ResidentSetSize of job (KB)
...
006 (3173810.000.000) 2022-01-03 19:40:00 Image size of job updated: 1173208
	43  -  MemoryUsage of job (MB)
	43972  -  ResidentSetSize of job (KB)
...
040 (3173810.000.000) 2022-01-03 19:40:02 Started transferring output files
	Seconds spent in queue: 313
...
040 (3173810.000.000) 2022-01-03 19:40:02 Finished transferring output files
...
005 (3173810.000.000) 2022-01-03 19:40:02 Job terminated.
	(1) Normal termination (return value 0)
		Usr 0 00:01:29, Sys 0 00:00:04  -  Run Remote Usage
		Usr 0 00:00:00, Sys 0 00:00:00  -  Run Local Usage
		Usr 0 00:01:29, Sys 0 00:00:04  -  Total Remote Usage
		Usr 0 00:00:00, Sys 0 00:00:00  -  Total Local Usage
	148290  -  Run Bytes Sent By Job
	315491808  -  Run Bytes Received By Job
	148290  -  Total Bytes Sent By Job
	315491808  -  Total Bytes Received By Job
	Partitionable Resources :     Usage  Request Allocated 
	   Cpus                 :      0.19        1         1 
	   Disk (KB)            : 308303     2048000   2401205 
	   IoHeavy              :                            0 
	   Memory (MB)          :     43        1992      2048 

	Job terminated of its own accord at 2022-01-04T01:40:00Z.
...
