000 (3173873.000.000) 2022-01-03 19:35:36 Job submitted from host: <144.92.180.5:9618?addrs=144.92.180.5-9618+[2607-f388-101c-1000--368]-9618&alias=login02.hep.wisc.edu&noUDP&sock=schedd_2326_0560>
...
040 (3173873.000.000) 2022-01-03 19:35:51 Entered queue to transfer input files
	Transferring to host: <128.105.245.176:9618?addrs=128.105.245.176-9618&alias=e376.chtc.wisc.edu&noUDP&sock=slot1_9_17535_be62_14557>
...
040 (3173873.000.000) 2022-01-03 19:40:36 Started transferring input files
	Seconds spent in queue: 285
...
040 (3173873.000.000) 2022-01-03 19:41:08 Finished transferring input files
...
001 (3173873.000.000) 2022-01-03 19:41:09 Job executing on host: <128.105.245.176:9618?addrs=128.105.245.176-9618&alias=e376.chtc.wisc.edu&noUDP&sock=startd_38349_cd80>
...
006 (3173873.000.000) 2022-01-03 19:41:18 Image size of job updated: 760160
	412  -  MemoryUsage of job (MB)
	421188  -  ResidentSetSize of job (KB)
...
006 (3173873.000.000) 2022-01-03 19:41:19 Image size of job updated: 760160
	412  -  MemoryUsage of job (MB)
	421452  -  ResidentSetSize of job (KB)
...
040 (3173873.000.000) 2022-01-03 19:41:24 Entered queue to transfer output files
...
040 (3173873.000.000) 2022-01-03 19:41:25 Started transferring output files
	Seconds spent in queue: 334
...
040 (3173873.000.000) 2022-01-03 19:41:25 Finished transferring output files
...
005 (3173873.000.000) 2022-01-03 19:41:25 Job terminated.
	(1) Normal termination (return value 0)
		Usr 0 00:00:04, Sys 0 00:00:01  -  Run Remote Usage
		Usr 0 00:00:00, Sys 0 00:00:00  -  Run Local Usage
		Usr 0 00:00:04, Sys 0 00:00:01  -  Total Remote Usage
		Usr 0 00:00:00, Sys 0 00:00:00  -  Total Local Usage
	67550  -  Run Bytes Sent By Job
	315491808  -  Run Bytes Received By Job
	67550  -  Total Bytes Sent By Job
	315491808  -  Total Bytes Received By Job
	Partitionable Resources :    Usage  Request Allocated 
	   Cpus                 :        0        1         1 
	   Disk (KB)            :   308223  2048000   2342260 
	   IoHeavy              :                           0 
	   Memory (MB)          :      412     1992      2048 

	Job terminated of its own accord at 2022-01-04T01:41:19Z.
...
