000 (3173815.000.000) 2022-01-03 19:34:06 Job submitted from host: <144.92.180.5:9618?addrs=144.92.180.5-9618+[2607-f388-101c-1000--368]-9618&alias=login02.hep.wisc.edu&noUDP&sock=schedd_2326_0560>
...
040 (3173815.000.000) 2022-01-03 19:34:55 Entered queue to transfer input files
	Transferring to host: <128.105.245.104:9618?addrs=128.105.245.104-9618&alias=e2304.chtc.wisc.edu&noUDP&sock=slot1_7_33276_b3c2_14467>
...
040 (3173815.000.000) 2022-01-03 19:38:57 Started transferring input files
	Seconds spent in queue: 242
...
040 (3173815.000.000) 2022-01-03 19:40:14 Finished transferring input files
...
001 (3173815.000.000) 2022-01-03 19:40:15 Job executing on host: <128.105.245.104:9618?addrs=128.105.245.104-9618&alias=e2304.chtc.wisc.edu&noUDP&sock=startd_11878_e604>
...
006 (3173815.000.000) 2022-01-03 19:40:25 Image size of job updated: 542040
	396  -  MemoryUsage of job (MB)
	405024  -  ResidentSetSize of job (KB)
...
006 (3173815.000.000) 2022-01-03 19:41:48 Image size of job updated: 1171944
	396  -  MemoryUsage of job (MB)
	405024  -  ResidentSetSize of job (KB)
...
040 (3173815.000.000) 2022-01-03 19:41:49 Started transferring output files
	Seconds spent in queue: 414
...
040 (3173815.000.000) 2022-01-03 19:41:49 Finished transferring output files
...
005 (3173815.000.000) 2022-01-03 19:41:50 Job terminated.
	(1) Normal termination (return value 0)
		Usr 0 00:00:59, Sys 0 00:00:02  -  Run Remote Usage
		Usr 0 00:00:00, Sys 0 00:00:00  -  Run Local Usage
		Usr 0 00:00:59, Sys 0 00:00:02  -  Total Remote Usage
		Usr 0 00:00:00, Sys 0 00:00:00  -  Total Local Usage
	136948  -  Run Bytes Sent By Job
	315491808  -  Run Bytes Received By Job
	136948  -  Total Bytes Sent By Job
	315491808  -  Total Bytes Received By Job
	Partitionable Resources :     Usage  Request Allocated 
	   Cpus                 :      0.01        1         1 
	   Disk (KB)            : 308291     2048000   2351269 
	   IoHeavy              :                            0 
	   Memory (MB)          :    396        1992      2048 

	Job terminated of its own accord at 2022-01-04T01:41:48Z.
...
