000 (3173801.000.000) 2022-01-03 19:33:44 Job submitted from host: <144.92.180.5:9618?addrs=144.92.180.5-9618+[2607-f388-101c-1000--368]-9618&alias=login02.hep.wisc.edu&noUDP&sock=schedd_2326_0560>
...
040 (3173801.000.000) 2022-01-03 19:34:01 Entered queue to transfer input files
	Transferring to host: <128.105.245.158:9618?addrs=128.105.245.158-9618&alias=e2358.chtc.wisc.edu&noUDP&sock=slot1_30_11493_9bac_14023>
...
040 (3173801.000.000) 2022-01-03 19:37:47 Started transferring input files
	Seconds spent in queue: 226
...
040 (3173801.000.000) 2022-01-03 19:38:50 Finished transferring input files
...
001 (3173801.000.000) 2022-01-03 19:38:51 Job executing on host: <128.105.245.158:9618?addrs=128.105.245.158-9618&alias=e2358.chtc.wisc.edu&noUDP&sock=startd_2758_564a>
...
006 (3173801.000.000) 2022-01-03 19:39:00 Image size of job updated: 143856
	5  -  MemoryUsage of job (MB)
	5076  -  ResidentSetSize of job (KB)
...
006 (3173801.000.000) 2022-01-03 19:39:54 Image size of job updated: 1175140
	5  -  MemoryUsage of job (MB)
	5076  -  ResidentSetSize of job (KB)
...
040 (3173801.000.000) 2022-01-03 19:39:56 Started transferring output files
	Seconds spent in queue: 355
...
040 (3173801.000.000) 2022-01-03 19:39:57 Finished transferring output files
...
005 (3173801.000.000) 2022-01-03 19:39:57 Job terminated.
	(1) Normal termination (return value 0)
		Usr 0 00:00:10, Sys 0 00:00:02  -  Run Remote Usage
		Usr 0 00:00:00, Sys 0 00:00:00  -  Run Local Usage
		Usr 0 00:00:10, Sys 0 00:00:02  -  Total Remote Usage
		Usr 0 00:00:00, Sys 0 00:00:00  -  Total Local Usage
	106572  -  Run Bytes Sent By Job
	315491808  -  Run Bytes Received By Job
	106572  -  Total Bytes Sent By Job
	315491808  -  Total Bytes Received By Job
	Partitionable Resources :     Usage  Request Allocated 
	   Cpus                 :      0.07        1         1 
	   Disk (KB)            : 308262     2048000   2319559 
	   IoHeavy              :                            0 
	   Memory (MB)          :      5        1992      2048 

	Job terminated of its own accord at 2022-01-04T01:39:54Z.
...
