000 (7152902.000.000) 2023-06-21 02:06:42 Job submitted from host: <144.92.180.29:9618?addrs=144.92.180.29-9618+[2607-f388-101c-1000--369]-9618&alias=login03.hep.wisc.edu&noUDP&sock=schedd_3083_4292>
...
040 (7152902.000.000) 2023-06-21 02:19:04 Started transferring input files
	Transferring to host: <144.92.180.121:9618?addrs=144.92.180.121-9618+[2607-f388-101c-1000--293]-9618&alias=g26n19.hep.wisc.edu&noUDP&sock=slot1_11_3725_5971_63222>
...
040 (7152902.000.000) 2023-06-21 02:19:04 Finished transferring input files
...
001 (7152902.000.000) 2023-06-21 02:19:05 Job executing on host: <144.92.180.121:9618?addrs=144.92.180.121-9618+[2607-f388-101c-1000--293]-9618&alias=g26n19.hep.wisc.edu&noUDP&sock=startd_3075_c5d0>
...
006 (7152902.000.000) 2023-06-21 02:19:14 Image size of job updated: 89996
	84  -  MemoryUsage of job (MB)
	85904  -  ResidentSetSize of job (KB)
...
006 (7152902.000.000) 2023-06-21 02:39:15 Image size of job updated: 973760
	446  -  MemoryUsage of job (MB)
	456004  -  ResidentSetSize of job (KB)
...
006 (7152902.000.000) 2023-06-21 02:59:16 Image size of job updated: 978536
	451  -  MemoryUsage of job (MB)
	461416  -  ResidentSetSize of job (KB)
...
006 (7152902.000.000) 2023-06-21 03:19:16 Image size of job updated: 978536
	451  -  MemoryUsage of job (MB)
	461548  -  ResidentSetSize of job (KB)
...
040 (7152902.000.000) 2023-06-21 05:40:58 Started transferring output files
...
040 (7152902.000.000) 2023-06-21 05:40:58 Finished transferring output files
...
005 (7152902.000.000) 2023-06-21 05:40:58 Job terminated.
	(1) Normal termination (return value 0)
		Usr 0 00:35:16, Sys 0 00:02:56  -  Run Remote Usage
		Usr 0 00:00:00, Sys 0 00:00:00  -  Run Local Usage
		Usr 0 00:35:16, Sys 0 00:02:56  -  Total Remote Usage
		Usr 0 00:00:00, Sys 0 00:00:00  -  Total Local Usage
	99627  -  Run Bytes Sent By Job
	206712  -  Run Bytes Received By Job
	99627  -  Total Bytes Sent By Job
	206712  -  Total Bytes Received By Job
	Partitionable Resources :     Usage  Request Allocated 
	   Cpus                 :      0.29        1         1 
	   Disk (KB)            : 418208     2097152  18352276 
	   Memory (MB)          :    451        2048      2500 

	Job terminated of its own accord at 2023-06-21T10:40:57Z.
...
