********** for MC *********
All files added.
Initializing chain.
from Init DATA
Coming in: 
nentries:5416393
Running over 5416393 events.
Finished entry 0/5416392
Finished entry 200000/5416392
Finished entry 400000/5416392
Finished entry 600000/5416392
Finished entry 800000/5416392
Finished entry 1000000/5416392
Finished entry 1200000/5416392
Finished entry 1400000/5416392
Finished entry 1600000/5416392
Finished entry 1800000/5416392
Finished entry 2000000/5416392
Finished entry 2200000/5416392
Finished entry 2400000/5416392
Finished entry 2600000/5416392
Finished entry 2800000/5416392
Finished entry 3000000/5416392
Finished entry 3200000/5416392
Finished entry 3400000/5416392
Finished entry 3600000/5416392
Finished entry 3800000/5416392
Finished entry 4000000/5416392
Finished entry 4200000/5416392
Finished entry 4400000/5416392
Finished entry 4600000/5416392
Finished entry 4800000/5416392
Finished entry 5000000/5416392
Finished entry 5200000/5416392
Finished entry 5400000/5416392
nPassedSkimmed = 40792
Real time 3:13:30, CP time 625.900
