argc = 8
sp = 0
Systematics : V  Response NJet0 = 0.017
Systematics : V  Response NJet1 = 0.022
Systematics : V  Response NJetGe2 = 0.026
Systematics : V  Resolution NJet0 = 0.024
Systematics : V  Resolution NJet1 = 0.03
Systematics : V  Resolution NJetGe2 = 0.034
Systematics : EWK  Response NJet0 = 0.015
Systematics : EWK  Response NJet1 = 0.02
Systematics : EWK  Response NJetGe2 = 0.025
Systematics : EWK  Resolution NJet0 = 0.021
Systematics : EWK  Resolution NJet1 = 0.027
Systematics : EWK  Resolution NJetGe2 = 0.032
Systematics : TOP  Response NJet0 = 0.015
Systematics : TOP  Response NJet1 = 0.02
Systematics : TOP  Response NJetGe2 = 0.025
Systematics : TOP  Resolution NJet0 = 0.021
Systematics : TOP  Resolution NJet1 = 0.027
Systematics : TOP  Resolution NJetGe2 = 0.032
V_NJet0
V_NJet1
V_NJetGe2
EWK_NJet0
EWK_NJet1
EWK_NJetGe2
TOP_NJet0
TOP_NJet1
TOP_NJetGe2
All files added.
Initializing chain.
from Init MC
sample ==========WZTo3LNu_TuneCP5_01
.... MC file ..... 
Coming in: 
nentries:113711
Running over 113711 events.
Finished entry 0/113710
Finished entry 5000/113710
Finished entry 10000/113710
Finished entry 15000/113710
Finished entry 20000/113710
Finished entry 25000/113710
Finished entry 30000/113710
Finished entry 35000/113710
Finished entry 40000/113710
Finished entry 45000/113710
Finished entry 50000/113710
Finished entry 55000/113710
Finished entry 60000/113710
Finished entry 65000/113710
Finished entry 70000/113710
Finished entry 75000/113710
Finished entry 80000/113710
Finished entry 85000/113710
Finished entry 90000/113710
Finished entry 95000/113710
Finished entry 100000/113710
Finished entry 105000/113710
Finished entry 110000/113710
Finished entry 113710/113710
All events checked.
*******************************************
******************Jithin's original*************************
    Initial entries 113711.000000
   Passing smikking 0.000000
     GoodMuonPassed 1088468.882131   % change= -2657.634504
      GoodTauPassed 193986.698188   % change= 82.178021
         opp charge 102528.904663   % change= 47.146425
 PassedThirdLepVeto 52874.270855   % change= 48.429888
     PassedBjetVeto 50194.736602   % change= 5.067747
       DeltaRPassed 50016.917607   % change= 0.354258
      Total change :56.014003
*******************************************
*******************************************
Number of events inspected: 113711
Number of events inspected (minus negative gen. weights): 60987.000000
 Outpt written to WZTo3LNu_TuneCP5_01.root
Real time 0:10:34, CP time 553.430
