argc = 8
sp = 0
Systematics : V  Response NJet0 = 0.017
Systematics : V  Response NJet1 = 0.022
Systematics : V  Response NJetGe2 = 0.026
Systematics : V  Resolution NJet0 = 0.024
Systematics : V  Resolution NJet1 = 0.03
Systematics : V  Resolution NJetGe2 = 0.034
Systematics : EWK  Response NJet0 = 0.015
Systematics : EWK  Response NJet1 = 0.02
Systematics : EWK  Response NJetGe2 = 0.025
Systematics : EWK  Resolution NJet0 = 0.021
Systematics : EWK  Resolution NJet1 = 0.027
Systematics : EWK  Resolution NJetGe2 = 0.032
Systematics : TOP  Response NJet0 = 0.015
Systematics : TOP  Response NJet1 = 0.02
Systematics : TOP  Response NJetGe2 = 0.025
Systematics : TOP  Resolution NJet0 = 0.021
Systematics : TOP  Resolution NJet1 = 0.027
Systematics : TOP  Resolution NJetGe2 = 0.032
V_NJet0
V_NJet1
V_NJetGe2
EWK_NJet0
EWK_NJet1
EWK_NJetGe2
TOP_NJet0
TOP_NJet1
TOP_NJetGe2
All files added.
Initializing chain.
from Init MC
****************** dyjet sample found
sample ==========DYJetsToLL_M-50_TuneCP5_v1_02
.... MC file ..... 
Coming in: 
nentries:383391
Running over 383391 events.
Finished entry 0/383390
Finished entry 10000/383390
Finished entry 20000/383390
Finished entry 30000/383390
Finished entry 40000/383390
Finished entry 50000/383390
Finished entry 60000/383390
Finished entry 70000/383390
Finished entry 80000/383390
Finished entry 90000/383390
Finished entry 100000/383390
Finished entry 110000/383390
Finished entry 120000/383390
Finished entry 130000/383390
Finished entry 140000/383390
Finished entry 150000/383390
Finished entry 160000/383390
Finished entry 170000/383390
Finished entry 180000/383390
Finished entry 190000/383390
Finished entry 200000/383390
Finished entry 210000/383390
Finished entry 220000/383390
Finished entry 230000/383390
Finished entry 240000/383390
Finished entry 250000/383390
Finished entry 260000/383390
Finished entry 270000/383390
Finished entry 280000/383390
Finished entry 290000/383390
Finished entry 300000/383390
Finished entry 310000/383390
Finished entry 320000/383390
Finished entry 330000/383390
Finished entry 340000/383390
Finished entry 350000/383390
Finished entry 360000/383390
Finished entry 370000/383390
Finished entry 380000/383390
Finished entry 383390/383390
All events checked.
*******************************************
******************Jithin's original*************************
    Initial entries 383391.000000
   Passing smikking 0.000000
     GoodMuonPassed 6676433.319608   % change= -2667.450418
      GoodTauPassed 157577.294758   % change= 97.639798
         opp charge 117088.259368   % change= 25.694714
 PassedThirdLepVeto 41976.362318   % change= 64.149811
     PassedBjetVeto 40677.844252   % change= 3.093451
       DeltaRPassed 40558.771566   % change= 0.292721
      Total change :89.421042
*******************************************
*******************************************
Number of events inspected: 383391
Number of events inspected (minus negative gen. weights): 383369.000000
 Outpt written to DYJetsToLL_M-50_TuneCP5_v1_02.root
Real time 0:18:30, CP time 956.480
