000 (1283644.000.000) 2023-03-31 12:20:10 Job submitted from host: <144.92.180.99:9618?addrs=144.92.180.99-9618+[2607-f388-101c-1000--367]-9618&alias=login01.hep.wisc.edu&noUDP&sock=schedd_2816_1ec8>
...
040 (1283644.000.000) 2023-03-31 12:21:58 Started transferring input files
	Transferring to host: <144.92.180.121:9618?addrs=144.92.180.121-9618+[2607-f388-101c-1000--293]-9618&alias=g26n19.hep.wisc.edu&noUDP&sock=slot1_6_3474_7f46_517026>
...
040 (1283644.000.000) 2023-03-31 12:22:07 Finished transferring input files
...
001 (1283644.000.000) 2023-03-31 12:22:08 Job executing on host: <144.92.180.121:9618?addrs=144.92.180.121-9618+[2607-f388-101c-1000--293]-9618&alias=g26n19.hep.wisc.edu&noUDP&sock=startd_3020_0c1a>
...
006 (1283644.000.000) 2023-03-31 12:22:17 Image size of job updated: 188572
	40  -  MemoryUsage of job (MB)
	40788  -  ResidentSetSize of job (KB)
...
006 (1283644.000.000) 2023-03-31 12:42:18 Image size of job updated: 1394944
	498  -  MemoryUsage of job (MB)
	509688  -  ResidentSetSize of job (KB)
...
040 (1283644.000.000) 2023-03-31 12:45:29 Started transferring output files
...
040 (1283644.000.000) 2023-03-31 12:45:30 Finished transferring output files
...
005 (1283644.000.000) 2023-03-31 12:45:30 Job terminated.
	(1) Normal termination (return value 0)
		Usr 0 00:19:18, Sys 0 00:00:25  -  Run Remote Usage
		Usr 0 00:00:00, Sys 0 00:00:00  -  Run Local Usage
		Usr 0 00:19:18, Sys 0 00:00:25  -  Total Remote Usage
		Usr 0 00:00:00, Sys 0 00:00:00  -  Total Local Usage
	11412098  -  Run Bytes Sent By Job
	315801248  -  Run Bytes Received By Job
	11412098  -  Total Bytes Sent By Job
	315801248  -  Total Bytes Received By Job
	Partitionable Resources :     Usage  Request Allocated 
	   Cpus                 :      0.89        1         1 
	   Disk (KB)            : 319610     2097152  18352276 
	   Memory (MB)          :    498        2048      2500 

	Job terminated of its own accord at 2023-03-31T17:45:29Z.
...
