000 (1283755.000.000) 2023-03-31 12:25:29 Job submitted from host: <144.92.180.99:9618?addrs=144.92.180.99-9618+[2607-f388-101c-1000--367]-9618&alias=login01.hep.wisc.edu&noUDP&sock=schedd_2816_1ec8>
...
040 (1283755.000.000) 2023-03-31 12:26:13 Started transferring input files
	Transferring to host: <128.104.58.183:9618?addrs=128.104.58.183-9618+[2607-f388-1086-0-16fe-b5ff-fec6-7543]-9618&alias=e1039.chtc.wisc.edu&noUDP&sock=slot1_8_30295_5169_29988>
...
040 (1283755.000.000) 2023-03-31 12:30:55 Finished transferring input files
...
001 (1283755.000.000) 2023-03-31 12:30:59 Job executing on host: <128.104.58.183:9618?addrs=128.104.58.183-9618+[2607-f388-1086-0-16fe-b5ff-fec6-7543]-9618&alias=e1039.chtc.wisc.edu&noUDP&sock=startd_10162_dd80>
...
006 (1283755.000.000) 2023-03-31 12:31:08 Image size of job updated: 196440
	10  -  MemoryUsage of job (MB)
	9720  -  ResidentSetSize of job (KB)
...
006 (1283755.000.000) 2023-03-31 12:32:23 Image size of job updated: 4871108
	10  -  MemoryUsage of job (MB)
	9740  -  ResidentSetSize of job (KB)
...
040 (1283755.000.000) 2023-03-31 12:32:23 Started transferring output files
...
040 (1283755.000.000) 2023-03-31 12:32:23 Finished transferring output files
...
004 (1283755.000.000) 2023-03-31 12:32:23 Job was evicted.
	(0) Job terminated and was requeued
		Usr 0 00:00:17, Sys 0 00:00:03  -  Run Remote Usage
		Usr 0 00:00:00, Sys 0 00:00:00  -  Run Local Usage
	9097  -  Run Bytes Sent By Job
	315801248  -  Run Bytes Received By Job
	(1) Normal termination (return value 139)
	The job attribute OnExitRemove expression '(ExitBySignal == false && (ExitCode == 0 || ExitCode == 42 || NumJobStarts > 3))' evaluated to FALSE
...
040 (1283755.000.000) 2023-03-31 12:32:28 Started transferring input files
	Transferring to host: <144.92.180.112:9618?addrs=144.92.180.112-9618+[2607-f388-101c-1000--284]-9618&alias=g26n10.hep.wisc.edu&noUDP&sock=slot1_4_3972_621b_513477>
...
040 (1283755.000.000) 2023-03-31 12:33:11 Finished transferring input files
...
001 (1283755.000.000) 2023-03-31 12:33:12 Job executing on host: <144.92.180.112:9618?addrs=144.92.180.112-9618+[2607-f388-101c-1000--284]-9618&alias=g26n10.hep.wisc.edu&noUDP&sock=startd_2953_1742>
...
006 (1283755.000.000) 2023-03-31 12:33:21 Image size of job updated: 5000000
	74  -  MemoryUsage of job (MB)
	75696  -  ResidentSetSize of job (KB)
...
006 (1283755.000.000) 2023-03-31 12:34:35 Image size of job updated: 5000000
	75  -  MemoryUsage of job (MB)
	76488  -  ResidentSetSize of job (KB)
...
040 (1283755.000.000) 2023-03-31 12:34:36 Started transferring output files
...
040 (1283755.000.000) 2023-03-31 12:34:38 Finished transferring output files
...
005 (1283755.000.000) 2023-03-31 12:34:38 Job terminated.
	(1) Normal termination (return value 0)
		Usr 0 00:00:57, Sys 0 00:00:03  -  Run Remote Usage
		Usr 0 00:00:00, Sys 0 00:00:00  -  Run Local Usage
		Usr 0 00:01:14, Sys 0 00:00:06  -  Total Remote Usage
		Usr 0 00:00:00, Sys 0 00:00:00  -  Total Local Usage
	3182670  -  Run Bytes Sent By Job
	315801248  -  Run Bytes Received By Job
	3191767  -  Total Bytes Sent By Job
	631602496  -  Total Bytes Received By Job
	Partitionable Resources :     Usage  Request Allocated 
	   Cpus                 :      0.31        1         1 
	   Disk (KB)            : 311567     2097152  18346437 
	   Memory (MB)          :     75        2048      2500 

	Job terminated of its own accord at 2023-03-31T17:34:35Z.
...
