000 (1283763.000.000) 2023-03-31 12:25:50 Job submitted from host: <144.92.180.99:9618?addrs=144.92.180.99-9618+[2607-f388-101c-1000--367]-9618&alias=login01.hep.wisc.edu&noUDP&sock=schedd_2816_1ec8>
...
040 (1283763.000.000) 2023-03-31 12:26:14 Started transferring input files
	Transferring to host: <128.104.58.183:9618?addrs=128.104.58.183-9618+[2607-f388-1086-0-16fe-b5ff-fec6-7543]-9618&alias=e1039.chtc.wisc.edu&noUDP&sock=slot1_17_30295_5169_29989>
...
040 (1283763.000.000) 2023-03-31 12:34:02 Finished transferring input files
...
001 (1283763.000.000) 2023-03-31 12:34:03 Job executing on host: <128.104.58.183:9618?addrs=128.104.58.183-9618+[2607-f388-1086-0-16fe-b5ff-fec6-7543]-9618&alias=e1039.chtc.wisc.edu&noUDP&sock=startd_10162_dd80>
...
006 (1283763.000.000) 2023-03-31 12:34:12 Image size of job updated: 537716
	79  -  MemoryUsage of job (MB)
	80336  -  ResidentSetSize of job (KB)
...
006 (1283763.000.000) 2023-03-31 12:34:55 Image size of job updated: 4852948
	79  -  MemoryUsage of job (MB)
	80408  -  ResidentSetSize of job (KB)
...
040 (1283763.000.000) 2023-03-31 12:34:55 Started transferring output files
...
040 (1283763.000.000) 2023-03-31 12:34:56 Finished transferring output files
...
004 (1283763.000.000) 2023-03-31 12:34:56 Job was evicted.
	(0) Job terminated and was requeued
		Usr 0 00:00:18, Sys 0 00:00:03  -  Run Remote Usage
		Usr 0 00:00:00, Sys 0 00:00:00  -  Run Local Usage
	9096  -  Run Bytes Sent By Job
	315801248  -  Run Bytes Received By Job
	(1) Normal termination (return value 139)
	The job attribute OnExitRemove expression '(ExitBySignal == false && (ExitCode == 0 || ExitCode == 42 || NumJobStarts > 3))' evaluated to FALSE
...
040 (1283763.000.000) 2023-03-31 12:34:59 Started transferring input files
	Transferring to host: <144.92.181.231:9618?addrs=144.92.181.231-9618+[2607-f388-101c-1000--186]-9618&alias=g18n32.hep.wisc.edu&noUDP&sock=slot1_5_20558_b87d_31450>
...
040 (1283763.000.000) 2023-03-31 12:35:57 Finished transferring input files
...
001 (1283763.000.000) 2023-03-31 12:35:58 Job executing on host: <144.92.181.231:9618?addrs=144.92.181.231-9618+[2607-f388-101c-1000--186]-9618&alias=g18n32.hep.wisc.edu&noUDP&sock=startd_2167_f5d1>
...
006 (1283763.000.000) 2023-03-31 12:36:07 Image size of job updated: 5000000
	357  -  MemoryUsage of job (MB)
	364548  -  ResidentSetSize of job (KB)
...
040 (1283763.000.000) 2023-03-31 12:36:22 Started transferring output files
...
040 (1283763.000.000) 2023-03-31 12:36:22 Finished transferring output files
...
004 (1283763.000.000) 2023-03-31 12:36:23 Job was evicted.
	(0) Job terminated and was requeued
		Usr 0 00:00:18, Sys 0 00:00:04  -  Run Remote Usage
		Usr 0 00:00:00, Sys 0 00:00:00  -  Run Local Usage
	9097  -  Run Bytes Sent By Job
	315801248  -  Run Bytes Received By Job
	(1) Normal termination (return value 139)
	The job attribute OnExitRemove expression '(ExitBySignal == false && (ExitCode == 0 || ExitCode == 42 || NumJobStarts > 3))' evaluated to FALSE
...
040 (1283763.000.000) 2023-03-31 12:36:26 Started transferring input files
	Transferring to host: <144.92.180.116:9618?addrs=144.92.180.116-9618+[2607-f388-101c-1000--288]-9618&alias=g26n14.hep.wisc.edu&noUDP&sock=slot1_19_3342_7dc1_516377>
...
040 (1283763.000.000) 2023-03-31 12:36:35 Finished transferring input files
...
001 (1283763.000.000) 2023-03-31 12:36:36 Job executing on host: <144.92.180.116:9618?addrs=144.92.180.116-9618+[2607-f388-101c-1000--288]-9618&alias=g26n14.hep.wisc.edu&noUDP&sock=startd_2923_836b>
...
006 (1283763.000.000) 2023-03-31 12:36:44 Image size of job updated: 5000000
	454  -  MemoryUsage of job (MB)
	464100  -  ResidentSetSize of job (KB)
...
006 (1283763.000.000) 2023-03-31 12:36:48 Image size of job updated: 5000000
	456  -  MemoryUsage of job (MB)
	466080  -  ResidentSetSize of job (KB)
...
040 (1283763.000.000) 2023-03-31 12:36:49 Started transferring output files
...
040 (1283763.000.000) 2023-03-31 12:36:49 Finished transferring output files
...
004 (1283763.000.000) 2023-03-31 12:36:49 Job was evicted.
	(0) Job terminated and was requeued
		Usr 0 00:00:09, Sys 0 00:00:01  -  Run Remote Usage
		Usr 0 00:00:00, Sys 0 00:00:00  -  Run Local Usage
	9097  -  Run Bytes Sent By Job
	315801248  -  Run Bytes Received By Job
	(1) Normal termination (return value 139)
	The job attribute OnExitRemove expression '(ExitBySignal == false && (ExitCode == 0 || ExitCode == 42 || NumJobStarts > 3))' evaluated to FALSE
...
040 (1283763.000.000) 2023-03-31 12:36:50 Started transferring input files
	Transferring to host: <144.92.180.113:9618?addrs=144.92.180.113-9618+[2607-f388-101c-1000--285]-9618&alias=g26n11.hep.wisc.edu&noUDP&sock=slot1_14_3502_39c7_506659>
...
040 (1283763.000.000) 2023-03-31 12:37:25 Finished transferring input files
...
001 (1283763.000.000) 2023-03-31 12:37:26 Job executing on host: <144.92.180.113:9618?addrs=144.92.180.113-9618+[2607-f388-101c-1000--285]-9618&alias=g26n11.hep.wisc.edu&noUDP&sock=startd_2938_cd56>
...
006 (1283763.000.000) 2023-03-31 12:37:35 Image size of job updated: 5000000
	492  -  MemoryUsage of job (MB)
	503668  -  ResidentSetSize of job (KB)
...
040 (1283763.000.000) 2023-03-31 12:38:55 Started transferring output files
...
040 (1283763.000.000) 2023-03-31 12:38:55 Finished transferring output files
...
005 (1283763.000.000) 2023-03-31 12:38:55 Job terminated.
	(1) Normal termination (return value 0)
		Usr 0 00:00:53, Sys 0 00:00:03  -  Run Remote Usage
		Usr 0 00:00:00, Sys 0 00:00:00  -  Run Local Usage
		Usr 0 00:01:38, Sys 0 00:00:11  -  Total Remote Usage
		Usr 0 00:00:00, Sys 0 00:00:00  -  Total Local Usage
	3243627  -  Run Bytes Sent By Job
	315801248  -  Run Bytes Received By Job
	3270917  -  Total Bytes Sent By Job
	1263204992  -  Total Bytes Received By Job
	Partitionable Resources :     Usage  Request Allocated 
	   Cpus                 :      0.03        1         1 
	   Disk (KB)            : 311627     2097152  18351582 
	   Memory (MB)          :    492        2048      2500 

	Job terminated of its own accord at 2023-03-31T17:38:55Z.
...
