argc = 8
sp = 0
Systematics : V  Response NJet0 = 0.017
Systematics : V  Response NJet1 = 0.022
Systematics : V  Response NJetGe2 = 0.026
Systematics : V  Resolution NJet0 = 0.024
Systematics : V  Resolution NJet1 = 0.03
Systematics : V  Resolution NJetGe2 = 0.034
Systematics : EWK  Response NJet0 = 0.015
Systematics : EWK  Response NJet1 = 0.02
Systematics : EWK  Response NJetGe2 = 0.025
Systematics : EWK  Resolution NJet0 = 0.021
Systematics : EWK  Resolution NJet1 = 0.027
Systematics : EWK  Resolution NJetGe2 = 0.032
Systematics : TOP  Response NJet0 = 0.015
Systematics : TOP  Response NJet1 = 0.02
Systematics : TOP  Response NJetGe2 = 0.025
Systematics : TOP  Resolution NJet0 = 0.021
Systematics : TOP  Resolution NJet1 = 0.027
Systematics : TOP  Resolution NJetGe2 = 0.032
V_NJet0
V_NJet1
V_NJetGe2
EWK_NJet0
EWK_NJet1
EWK_NJetGe2
TOP_NJet0
TOP_NJet1
TOP_NJetGe2
All files added.
Initializing chain.
from Init MC
****************** dyjet sample found
sample ==========EWKZ2Jets_ZToLL_M-50_TuneCP5_00
.... MC file ..... 
Coming in: 
nentries:115719
Running over 115719 events.
Finished entry 0/115718
Finished entry 5000/115718
Finished entry 10000/115718
Finished entry 15000/115718
Finished entry 20000/115718
Finished entry 25000/115718
Finished entry 30000/115718
Finished entry 35000/115718
Finished entry 40000/115718
Finished entry 45000/115718
Finished entry 50000/115718
Finished entry 55000/115718
Finished entry 60000/115718
Finished entry 65000/115718
Finished entry 70000/115718
Finished entry 75000/115718
Finished entry 80000/115718
Finished entry 85000/115718
Finished entry 90000/115718
Finished entry 95000/115718
Finished entry 100000/115718
Finished entry 105000/115718
Finished entry 110000/115718
Finished entry 115000/115718
Finished entry 115718/115718
All events checked.
*******************************************
******************Jithin's original*************************
    Initial entries 115719.000000
   Passing smikking 0.000000
     GoodMuonPassed 2130493.558287   % change= -2736.110272
      GoodTauPassed 80264.276242   % change= 96.232597
         opp charge 59539.968114   % change= 25.820090
 PassedThirdLepVeto 31156.770934   % change= 47.670830
     PassedBjetVeto 28144.923457   % change= 9.666751
       DeltaRPassed 27597.211941   % change= 1.946040
      Total change :76.151529
*******************************************
*******************************************
Number of events inspected: 115719
Number of events inspected (minus negative gen. weights): 115607.000000
 Outpt written to EWKZ2Jets_ZToLL_M-50_TuneCP5_00.root
Real time 0:09:08, CP time 457.940
