000 (1283667.000.000) 2023-03-31 12:21:09 Job submitted from host: <144.92.180.99:9618?addrs=144.92.180.99-9618+[2607-f388-101c-1000--367]-9618&alias=login01.hep.wisc.edu&noUDP&sock=schedd_2816_1ec8>
...
040 (1283667.000.000) 2023-03-31 12:24:36 Started transferring input files
	Transferring to host: <144.92.180.122:9618?addrs=144.92.180.122-9618+[2607-f388-101c-1000--294]-9618&alias=g26n20.hep.wisc.edu&noUDP&sock=slot1_22_3561_cbea_540834>
...
040 (1283667.000.000) 2023-03-31 12:24:45 Finished transferring input files
...
001 (1283667.000.000) 2023-03-31 12:24:46 Job executing on host: <144.92.180.122:9618?addrs=144.92.180.122-9618+[2607-f388-101c-1000--294]-9618&alias=g26n20.hep.wisc.edu&noUDP&sock=startd_3035_5606>
...
006 (1283667.000.000) 2023-03-31 12:24:54 Image size of job updated: 628040
	421  -  MemoryUsage of job (MB)
	430964  -  ResidentSetSize of job (KB)
...
006 (1283667.000.000) 2023-03-31 12:37:28 Image size of job updated: 1398176
	422  -  MemoryUsage of job (MB)
	431888  -  ResidentSetSize of job (KB)
...
040 (1283667.000.000) 2023-03-31 12:37:29 Started transferring output files
...
040 (1283667.000.000) 2023-03-31 12:37:29 Finished transferring output files
...
005 (1283667.000.000) 2023-03-31 12:37:30 Job terminated.
	(1) Normal termination (return value 0)
		Usr 0 00:09:59, Sys 0 00:00:13  -  Run Remote Usage
		Usr 0 00:00:00, Sys 0 00:00:00  -  Run Local Usage
		Usr 0 00:09:59, Sys 0 00:00:13  -  Total Remote Usage
		Usr 0 00:00:00, Sys 0 00:00:00  -  Total Local Usage
	12010507  -  Run Bytes Sent By Job
	315801248  -  Run Bytes Received By Job
	12010507  -  Total Bytes Sent By Job
	315801248  -  Total Bytes Received By Job
	Partitionable Resources :     Usage  Request Allocated 
	   Cpus                 :      0.83        1         1 
	   Disk (KB)            : 320195     2097152  18347456 
	   Memory (MB)          :    422        2048      2500 

	Job terminated of its own accord at 2023-03-31T17:37:28Z.
...
