000 (1283770.000.000) 2023-03-31 12:26:21 Job submitted from host: <144.92.180.99:9618?addrs=144.92.180.99-9618+[2607-f388-101c-1000--367]-9618&alias=login01.hep.wisc.edu&noUDP&sock=schedd_2816_1ec8>
...
040 (1283770.000.000) 2023-03-31 12:27:19 Started transferring input files
	Transferring to host: <128.105.68.200:9618?addrs=128.105.68.200-9618+[2607-f388-2200-100-1e6a-7aff-fe26-c7b3]-9618&alias=e2287.chtc.wisc.edu&noUDP&sock=slot1_27_29809_e315_30723>
...
040 (1283770.000.000) 2023-03-31 12:31:40 Finished transferring input files
...
001 (1283770.000.000) 2023-03-31 12:31:41 Job executing on host: <128.105.68.200:9618?addrs=128.105.68.200-9618+[2607-f388-2200-100-1e6a-7aff-fe26-c7b3]-9618&alias=e2287.chtc.wisc.edu&noUDP&sock=startd_7789_2f42>
...
006 (1283770.000.000) 2023-03-31 12:31:50 Image size of job updated: 558724
	266  -  MemoryUsage of job (MB)
	271772  -  ResidentSetSize of job (KB)
...
006 (1283770.000.000) 2023-03-31 12:32:23 Image size of job updated: 4257300
	272  -  MemoryUsage of job (MB)
	278388  -  ResidentSetSize of job (KB)
...
040 (1283770.000.000) 2023-03-31 12:32:24 Started transferring output files
...
040 (1283770.000.000) 2023-03-31 12:32:24 Finished transferring output files
...
004 (1283770.000.000) 2023-03-31 12:32:24 Job was evicted.
	(0) Job terminated and was requeued
		Usr 0 00:00:16, Sys 0 00:00:03  -  Run Remote Usage
		Usr 0 00:00:00, Sys 0 00:00:00  -  Run Local Usage
	9094  -  Run Bytes Sent By Job
	315801248  -  Run Bytes Received By Job
	(1) Normal termination (return value 139)
	The job attribute OnExitRemove expression '(ExitBySignal == false && (ExitCode == 0 || ExitCode == 42 || NumJobStarts > 3))' evaluated to FALSE
...
040 (1283770.000.000) 2023-03-31 12:32:31 Started transferring input files
	Transferring to host: <128.105.69.38:9618?addrs=128.105.69.38-9618+[2607-f388-2200-100-1e6a-7aff-fe21-9e77]-9618&alias=e2360.chtc.wisc.edu&noUDP&sock=slot1_6_39575_eae2_30772>
...
040 (1283770.000.000) 2023-03-31 12:33:38 Finished transferring input files
...
001 (1283770.000.000) 2023-03-31 12:33:39 Job executing on host: <128.105.69.38:9618?addrs=128.105.69.38-9618+[2607-f388-2200-100-1e6a-7aff-fe21-9e77]-9618&alias=e2360.chtc.wisc.edu&noUDP&sock=startd_7371_78ac>
...
006 (1283770.000.000) 2023-03-31 12:33:49 Image size of job updated: 4500000
	371  -  MemoryUsage of job (MB)
	379680  -  ResidentSetSize of job (KB)
...
040 (1283770.000.000) 2023-03-31 12:34:09 Started transferring output files
...
040 (1283770.000.000) 2023-03-31 12:34:10 Finished transferring output files
...
004 (1283770.000.000) 2023-03-31 12:34:10 Job was evicted.
	(0) Job terminated and was requeued
		Usr 0 00:00:14, Sys 0 00:00:03  -  Run Remote Usage
		Usr 0 00:00:00, Sys 0 00:00:00  -  Run Local Usage
	9094  -  Run Bytes Sent By Job
	315801248  -  Run Bytes Received By Job
	(1) Normal termination (return value 139)
	The job attribute OnExitRemove expression '(ExitBySignal == false && (ExitCode == 0 || ExitCode == 42 || NumJobStarts > 3))' evaluated to FALSE
...
040 (1283770.000.000) 2023-03-31 12:34:14 Started transferring input files
	Transferring to host: <128.105.69.38:9618?addrs=128.105.69.38-9618+[2607-f388-2200-100-1e6a-7aff-fe21-9e77]-9618&alias=e2360.chtc.wisc.edu&noUDP&sock=slot1_35_39575_eae2_30777>
...
040 (1283770.000.000) 2023-03-31 12:35:06 Finished transferring input files
...
001 (1283770.000.000) 2023-03-31 12:35:07 Job executing on host: <128.105.69.38:9618?addrs=128.105.69.38-9618+[2607-f388-2200-100-1e6a-7aff-fe21-9e77]-9618&alias=e2360.chtc.wisc.edu&noUDP&sock=startd_7371_78ac>
...
040 (1283770.000.000) 2023-03-31 12:35:32 Started transferring output files
...
040 (1283770.000.000) 2023-03-31 12:35:32 Finished transferring output files
...
004 (1283770.000.000) 2023-03-31 12:35:32 Job was evicted.
	(0) Job terminated and was requeued
		Usr 0 00:00:12, Sys 0 00:00:02  -  Run Remote Usage
		Usr 0 00:00:00, Sys 0 00:00:00  -  Run Local Usage
	9094  -  Run Bytes Sent By Job
	315801248  -  Run Bytes Received By Job
	(1) Normal termination (return value 139)
	The job attribute OnExitRemove expression '(ExitBySignal == false && (ExitCode == 0 || ExitCode == 42 || NumJobStarts > 3))' evaluated to FALSE
...
040 (1283770.000.000) 2023-03-31 12:35:43 Started transferring input files
	Transferring to host: <128.105.244.171:9618?addrs=128.105.244.171-9618&alias=e3001.chtc.wisc.edu&noUDP&sock=slot1_12_13142_7a4f_20986>
...
040 (1283770.000.000) 2023-03-31 12:36:51 Finished transferring input files
...
001 (1283770.000.000) 2023-03-31 12:36:52 Job executing on host: <128.105.244.171:9618?addrs=128.105.244.171-9618&alias=e3001.chtc.wisc.edu&noUDP&sock=startd_6633_43c7>
...
040 (1283770.000.000) 2023-03-31 12:37:11 Started transferring output files
...
040 (1283770.000.000) 2023-03-31 12:37:11 Finished transferring output files
...
005 (1283770.000.000) 2023-03-31 12:37:11 Job terminated.
	(1) Normal termination (return value 139)
		Usr 0 00:00:13, Sys 0 00:00:02  -  Run Remote Usage
		Usr 0 00:00:00, Sys 0 00:00:00  -  Run Local Usage
		Usr 0 00:00:55, Sys 0 00:00:10  -  Total Remote Usage
		Usr 0 00:00:00, Sys 0 00:00:00  -  Total Local Usage
	9094  -  Run Bytes Sent By Job
	315801248  -  Run Bytes Received By Job
	36376  -  Total Bytes Sent By Job
	1263204992  -  Total Bytes Received By Job
	Partitionable Resources :     Usage  Request Allocated 
	   Cpus                 :      0.16        1         1 
	   Disk (KB)            : 308477     2097152  14714438 
	   IoHeavy              :                            0 
	   Memory (MB)          :    391        2048      2048 

	Job terminated of its own accord at 2023-03-31T17:37:11Z.
...
