000 (1283709.000.000) 2023-03-31 12:23:16 Job submitted from host: <144.92.180.99:9618?addrs=144.92.180.99-9618+[2607-f388-101c-1000--367]-9618&alias=login01.hep.wisc.edu&noUDP&sock=schedd_2816_1ec8>
...
040 (1283709.000.000) 2023-03-31 12:26:05 Started transferring input files
	Transferring to host: <128.105.68.246:9618?addrs=128.105.68.246-9618+[2607-f388-2200-100-22a-6aff-fee0-d98b]-9618&alias=e2333.chtc.wisc.edu&noUDP&sock=slot1_20_18026_b296_27077>
...
040 (1283709.000.000) 2023-03-31 12:28:16 Finished transferring input files
...
001 (1283709.000.000) 2023-03-31 12:28:17 Job executing on host: <128.105.68.246:9618?addrs=128.105.68.246-9618+[2607-f388-2200-100-22a-6aff-fee0-d98b]-9618&alias=e2333.chtc.wisc.edu&noUDP&sock=startd_7044_2d34>
...
006 (1283709.000.000) 2023-03-31 12:28:26 Image size of job updated: 534564
	332  -  MemoryUsage of job (MB)
	338992  -  ResidentSetSize of job (KB)
...
006 (1283709.000.000) 2023-03-31 12:29:19 Image size of job updated: 1405196
	342  -  MemoryUsage of job (MB)
	349480  -  ResidentSetSize of job (KB)
...
040 (1283709.000.000) 2023-03-31 12:29:19 Started transferring output files
...
040 (1283709.000.000) 2023-03-31 12:29:21 Finished transferring output files
...
005 (1283709.000.000) 2023-03-31 12:29:21 Job terminated.
	(1) Normal termination (return value 0)
		Usr 0 00:00:39, Sys 0 00:00:02  -  Run Remote Usage
		Usr 0 00:00:00, Sys 0 00:00:00  -  Run Local Usage
		Usr 0 00:00:39, Sys 0 00:00:02  -  Total Remote Usage
		Usr 0 00:00:00, Sys 0 00:00:00  -  Total Local Usage
	5242681  -  Run Bytes Sent By Job
	315801248  -  Run Bytes Received By Job
	5242681  -  Total Bytes Sent By Job
	315801248  -  Total Bytes Received By Job
	Partitionable Resources :     Usage  Request Allocated 
	   Cpus                 :      0.04        1         1 
	   Disk (KB)            : 313586     2097152   2326161 
	   IoHeavy              :                            0 
	   Memory (MB)          :    342        2048      2048 

	Job terminated of its own accord at 2023-03-31T17:29:19Z.
...
