argc = 8
sp = 0
Systematics : V  Response NJet0 = 0.017
Systematics : V  Response NJet1 = 0.022
Systematics : V  Response NJetGe2 = 0.026
Systematics : V  Resolution NJet0 = 0.024
Systematics : V  Resolution NJet1 = 0.03
Systematics : V  Resolution NJetGe2 = 0.034
Systematics : EWK  Response NJet0 = 0.015
Systematics : EWK  Response NJet1 = 0.02
Systematics : EWK  Response NJetGe2 = 0.025
Systematics : EWK  Resolution NJet0 = 0.021
Systematics : EWK  Resolution NJet1 = 0.027
Systematics : EWK  Resolution NJetGe2 = 0.032
Systematics : TOP  Response NJet0 = 0.015
Systematics : TOP  Response NJet1 = 0.02
Systematics : TOP  Response NJetGe2 = 0.025
Systematics : TOP  Resolution NJet0 = 0.021
Systematics : TOP  Resolution NJet1 = 0.027
Systematics : TOP  Resolution NJetGe2 = 0.032
V_NJet0
V_NJet1
V_NJetGe2
EWK_NJet0
EWK_NJet1
EWK_NJetGe2
TOP_NJet0
TOP_NJet1
TOP_NJetGe2
All files added.
Initializing chain.
from Init DATA
sample ==========SingleElectron_EraE_00
.... DATA file ..... 
Coming in: 
nentries:203146
Running over 203146 events.
Finished entry 0/203145
Finished entry 10000/203145
Finished entry 20000/203145
Finished entry 30000/203145
Finished entry 40000/203145
Finished entry 50000/203145
Finished entry 60000/203145
Finished entry 70000/203145
Finished entry 80000/203145
Finished entry 90000/203145
Finished entry 100000/203145
Finished entry 110000/203145
Finished entry 120000/203145
Finished entry 130000/203145
Finished entry 140000/203145
Finished entry 150000/203145
Finished entry 160000/203145
Finished entry 170000/203145
Finished entry 180000/203145
Finished entry 190000/203145
Finished entry 200000/203145
Finished entry 203145/203145
All events checked.
*******************************************
******************Jithin's original*************************
    Initial entries 203146.000000
   Passing smikking 0.000000
     GoodMuonPassed 506811.000000   % change= -163.080277
      GoodTauPassed 11835.000000   % change= 97.664810
         opp charge 9135.000000   % change= 22.813688
 PassedThirdLepVeto 9108.000000   % change= 0.295567
     PassedBjetVeto 7638.000000   % change= 16.139657
       DeltaRPassed 7626.000000   % change= 0.157109
      Total change :96.246050
*******************************************
*******************************************
Number of events inspected: 203146
Number of events inspected (minus negative gen. weights): 203146.000000
 Outpt written to SingleElectron_EraE_00.root
Real time 0:02:06, CP time 100.960
