argc = 8
sp = 0
Systematics : V  Response NJet0 = 0.017
Systematics : V  Response NJet1 = 0.022
Systematics : V  Response NJetGe2 = 0.026
Systematics : V  Resolution NJet0 = 0.024
Systematics : V  Resolution NJet1 = 0.03
Systematics : V  Resolution NJetGe2 = 0.034
Systematics : EWK  Response NJet0 = 0.015
Systematics : EWK  Response NJet1 = 0.02
Systematics : EWK  Response NJetGe2 = 0.025
Systematics : EWK  Resolution NJet0 = 0.021
Systematics : EWK  Resolution NJet1 = 0.027
Systematics : EWK  Resolution NJetGe2 = 0.032
Systematics : TOP  Response NJet0 = 0.015
Systematics : TOP  Response NJet1 = 0.02
Systematics : TOP  Response NJetGe2 = 0.025
Systematics : TOP  Resolution NJet0 = 0.021
Systematics : TOP  Resolution NJet1 = 0.027
Systematics : TOP  Resolution NJetGe2 = 0.032
V_NJet0
V_NJet1
V_NJetGe2
EWK_NJet0
EWK_NJet1
EWK_NJetGe2
TOP_NJet0
TOP_NJet1
TOP_NJetGe2
All files added.
Initializing chain.
from Init MC
****************** wjet sample found
sample ==========WJetsToLNu_TuneCP5_02
.... MC file ..... 
Coming in: 
nentries:59284
Running over 59284 events.
Finished entry 0/59283
Finished entry 2000/59283
Finished entry 4000/59283
Finished entry 6000/59283
Finished entry 8000/59283
Finished entry 10000/59283
Finished entry 12000/59283
Finished entry 14000/59283
Finished entry 16000/59283
Finished entry 18000/59283
Finished entry 20000/59283
Finished entry 22000/59283
Finished entry 24000/59283
Finished entry 26000/59283
Finished entry 28000/59283
Finished entry 30000/59283
Finished entry 32000/59283
Finished entry 34000/59283
Finished entry 36000/59283
Finished entry 38000/59283
Finished entry 40000/59283
Finished entry 42000/59283
Finished entry 44000/59283
Finished entry 46000/59283
Finished entry 48000/59283
Finished entry 50000/59283
Finished entry 52000/59283
Finished entry 54000/59283
Finished entry 56000/59283
Finished entry 58000/59283
Finished entry 59283/59283
All events checked.
*******************************************
******************Jithin's original*************************
    Initial entries 59284.000000
   Passing smikking 0.000000
     GoodMuonPassed 890888.488607   % change= -2550.224669
      GoodTauPassed 12835.312028   % change= 98.559268
         opp charge 9630.321830   % change= 24.970100
 PassedThirdLepVeto 5474.498149   % change= 43.153529
     PassedBjetVeto 5376.779611   % change= 1.784977
       DeltaRPassed 5376.779611   % change= 0.000000
      Total change :90.930471
*******************************************
*******************************************
Number of events inspected: 59284
Number of events inspected (minus negative gen. weights): 59280.000000
 Outpt written to WJetsToLNu_TuneCP5_02.root
Real time 0:02:33, CP time 127.360
