argc = 8
sp = 0
Systematics : V  Response NJet0 = 0.017
Systematics : V  Response NJet1 = 0.022
Systematics : V  Response NJetGe2 = 0.026
Systematics : V  Resolution NJet0 = 0.024
Systematics : V  Resolution NJet1 = 0.03
Systematics : V  Resolution NJetGe2 = 0.034
Systematics : EWK  Response NJet0 = 0.015
Systematics : EWK  Response NJet1 = 0.02
Systematics : EWK  Response NJetGe2 = 0.025
Systematics : EWK  Resolution NJet0 = 0.021
Systematics : EWK  Resolution NJet1 = 0.027
Systematics : EWK  Resolution NJetGe2 = 0.032
Systematics : TOP  Response NJet0 = 0.015
Systematics : TOP  Response NJet1 = 0.02
Systematics : TOP  Response NJetGe2 = 0.025
Systematics : TOP  Resolution NJet0 = 0.021
Systematics : TOP  Resolution NJet1 = 0.027
Systematics : TOP  Resolution NJetGe2 = 0.032
V_NJet0
V_NJet1
V_NJetGe2
EWK_NJet0
EWK_NJet1
EWK_NJetGe2
TOP_NJet0
TOP_NJet1
TOP_NJetGe2
All files added.
Initializing chain.
from Init MC
****************** wjet sample found
sample ==========WJetsToLNu_TuneCP5_00
.... MC file ..... 
Coming in: 
nentries:59180
Running over 59180 events.
Finished entry 0/59179
Finished entry 2000/59179
Finished entry 4000/59179
Finished entry 6000/59179
Finished entry 8000/59179
Finished entry 10000/59179
Finished entry 12000/59179
Finished entry 14000/59179
Finished entry 16000/59179
Finished entry 18000/59179
Finished entry 20000/59179
Finished entry 22000/59179
Finished entry 24000/59179
Finished entry 26000/59179
Finished entry 28000/59179
Finished entry 30000/59179
Finished entry 32000/59179
Finished entry 34000/59179
Finished entry 36000/59179
Finished entry 38000/59179
Finished entry 40000/59179
Finished entry 42000/59179
Finished entry 44000/59179
Finished entry 46000/59179
Finished entry 48000/59179
Finished entry 50000/59179
Finished entry 52000/59179
Finished entry 54000/59179
Finished entry 56000/59179
Finished entry 58000/59179
Finished entry 59179/59179
All events checked.
*******************************************
******************Jithin's original*************************
    Initial entries 59180.000000
   Passing smikking 0.000000
     GoodMuonPassed 884375.842516   % change= -2550.938735
      GoodTauPassed 13821.950866   % change= 98.437095
         opp charge 11360.912521   % change= 17.805289
 PassedThirdLepVeto 6252.290603   % change= 44.966651
     PassedBjetVeto 6129.343369   % change= 1.966435
       DeltaRPassed 6129.343369   % change= 0.000000
      Total change :89.642880
*******************************************
*******************************************
Number of events inspected: 59180
Number of events inspected (minus negative gen. weights): 59170.000000
 Outpt written to WJetsToLNu_TuneCP5_00.root
Real time 0:02:42, CP time 129.580
