argc = 8
sp = 0
Systematics : V  Response NJet0 = 0.017
Systematics : V  Response NJet1 = 0.022
Systematics : V  Response NJetGe2 = 0.026
Systematics : V  Resolution NJet0 = 0.024
Systematics : V  Resolution NJet1 = 0.03
Systematics : V  Resolution NJetGe2 = 0.034
Systematics : EWK  Response NJet0 = 0.015
Systematics : EWK  Response NJet1 = 0.02
Systematics : EWK  Response NJetGe2 = 0.025
Systematics : EWK  Resolution NJet0 = 0.021
Systematics : EWK  Resolution NJet1 = 0.027
Systematics : EWK  Resolution NJetGe2 = 0.032
Systematics : TOP  Response NJet0 = 0.015
Systematics : TOP  Response NJet1 = 0.02
Systematics : TOP  Response NJetGe2 = 0.025
Systematics : TOP  Resolution NJet0 = 0.021
Systematics : TOP  Resolution NJet1 = 0.027
Systematics : TOP  Resolution NJetGe2 = 0.032
V_NJet0
V_NJet1
V_NJetGe2
EWK_NJet0
EWK_NJet1
EWK_NJetGe2
TOP_NJet0
TOP_NJet1
TOP_NJetGe2
All files added.
Initializing chain.
from Init MC
****************** dyjet sample found
sample ==========DYJetsToLL_M-50_TuneCP5_v1_00
.... MC file ..... 
Coming in: 
nentries:382595
Running over 382595 events.
Finished entry 0/382594
Finished entry 10000/382594
Finished entry 20000/382594
Finished entry 30000/382594
Finished entry 40000/382594
Finished entry 50000/382594
Finished entry 60000/382594
Finished entry 70000/382594
Finished entry 80000/382594
Finished entry 90000/382594
Finished entry 100000/382594
Finished entry 110000/382594
Finished entry 120000/382594
Finished entry 130000/382594
Finished entry 140000/382594
Finished entry 150000/382594
Finished entry 160000/382594
Finished entry 170000/382594
Finished entry 180000/382594
Finished entry 190000/382594
Finished entry 200000/382594
Finished entry 210000/382594
Finished entry 220000/382594
Finished entry 230000/382594
Finished entry 240000/382594
Finished entry 250000/382594
Finished entry 260000/382594
Finished entry 270000/382594
Finished entry 280000/382594
Finished entry 290000/382594
Finished entry 300000/382594
Finished entry 310000/382594
Finished entry 330000/382594
Finished entry 340000/382594
Finished entry 350000/382594
Finished entry 360000/382594
Finished entry 370000/382594
Finished entry 380000/382594
Finished entry 382594/382594
All events checked.
*******************************************
******************Jithin's original*************************
    Initial entries 382595.000000
   Passing smikking 0.000000
     GoodMuonPassed 6664244.734648   % change= -2664.717103
      GoodTauPassed 154496.648874   % change= 97.681708
         opp charge 117013.240349   % change= 24.261632
 PassedThirdLepVeto 41086.577998   % change= 64.887240
     PassedBjetVeto 39763.964457   % change= 3.219089
       DeltaRPassed 39652.451975   % change= 0.280436
      Total change :89.635920
*******************************************
*******************************************
Number of events inspected: 382595
Number of events inspected (minus negative gen. weights): 382571.000000
 Outpt written to DYJetsToLL_M-50_TuneCP5_v1_00.root
Real time 0:18:22, CP time 962.530
