argc = 8
sp = 0
Systematics : V  Response NJet0 = 0.017
Systematics : V  Response NJet1 = 0.022
Systematics : V  Response NJetGe2 = 0.026
Systematics : V  Resolution NJet0 = 0.024
Systematics : V  Resolution NJet1 = 0.03
Systematics : V  Resolution NJetGe2 = 0.034
Systematics : EWK  Response NJet0 = 0.015
Systematics : EWK  Response NJet1 = 0.02
Systematics : EWK  Response NJetGe2 = 0.025
Systematics : EWK  Resolution NJet0 = 0.021
Systematics : EWK  Resolution NJet1 = 0.027
Systematics : EWK  Resolution NJetGe2 = 0.032
Systematics : TOP  Response NJet0 = 0.015
Systematics : TOP  Response NJet1 = 0.02
Systematics : TOP  Response NJetGe2 = 0.025
Systematics : TOP  Resolution NJet0 = 0.021
Systematics : TOP  Resolution NJet1 = 0.027
Systematics : TOP  Resolution NJetGe2 = 0.032
V_NJet0
V_NJet1
V_NJetGe2
EWK_NJet0
EWK_NJet1
EWK_NJetGe2
TOP_NJet0
TOP_NJet1
TOP_NJetGe2
All files added.
Initializing chain.
from Init MC
sample ==========EWKWMinus2Jets_WToLNu_M-50_TuneCP5_00
.... MC file ..... 
Coming in: 
nentries:253737
Running over 253737 events.
Finished entry 0/253736
Finished entry 10000/253736
Finished entry 20000/253736
Finished entry 30000/253736
Finished entry 40000/253736
Finished entry 50000/253736
Finished entry 60000/253736
Finished entry 70000/253736
Finished entry 80000/253736
Finished entry 90000/253736
Finished entry 100000/253736
Finished entry 110000/253736
Finished entry 120000/253736
Finished entry 130000/253736
Finished entry 140000/253736
Finished entry 150000/253736
Finished entry 160000/253736
Finished entry 170000/253736
Finished entry 180000/253736
Finished entry 190000/253736
Finished entry 200000/253736
Finished entry 210000/253736
Finished entry 220000/253736
Finished entry 230000/253736
Finished entry 240000/253736
Finished entry 250000/253736
Finished entry 253736/253736
All events checked.
*******************************************
******************Jithin's original*************************
    Initial entries 253737.000000
   Passing smikking 0.000000
     GoodMuonPassed 3863216.893330   % change= -2609.070056
      GoodTauPassed 97524.356993   % change= 97.475566
         opp charge 74899.500680   % change= 23.199185
 PassedThirdLepVeto 41176.244940   % change= 45.024674
     PassedBjetVeto 38332.424841   % change= 6.906458
       DeltaRPassed 38216.295593   % change= 0.302953
      Total change :84.938619
*******************************************
*******************************************
Number of events inspected: 253737
Number of events inspected (minus negative gen. weights): 253393.000000
 Outpt written to EWKWMinus2Jets_WToLNu_M-50_TuneCP5_00.root
Real time 0:20:24, CP time 1123.230
