argc = 8
sp = 0
Systematics : V  Response NJet0 = 0.017
Systematics : V  Response NJet1 = 0.022
Systematics : V  Response NJetGe2 = 0.026
Systematics : V  Resolution NJet0 = 0.024
Systematics : V  Resolution NJet1 = 0.03
Systematics : V  Resolution NJetGe2 = 0.034
Systematics : EWK  Response NJet0 = 0.015
Systematics : EWK  Response NJet1 = 0.02
Systematics : EWK  Response NJetGe2 = 0.025
Systematics : EWK  Resolution NJet0 = 0.021
Systematics : EWK  Resolution NJet1 = 0.027
Systematics : EWK  Resolution NJetGe2 = 0.032
Systematics : TOP  Response NJet0 = 0.015
Systematics : TOP  Response NJet1 = 0.02
Systematics : TOP  Response NJetGe2 = 0.025
Systematics : TOP  Resolution NJet0 = 0.021
Systematics : TOP  Resolution NJet1 = 0.027
Systematics : TOP  Resolution NJetGe2 = 0.032
V_NJet0
V_NJet1
V_NJetGe2
EWK_NJet0
EWK_NJet1
EWK_NJetGe2
TOP_NJet0
TOP_NJet1
TOP_NJetGe2
All files added.
Initializing chain.
from Init DATA
sample ==========SingleElectron_EraF_01
.... DATA file ..... 
Coming in: 
nentries:213325
Running over 213325 events.
Finished entry 0/213324
Finished entry 20000/213324
Finished entry 30000/213324
Finished entry 40000/213324
Finished entry 50000/213324
Finished entry 60000/213324
Finished entry 70000/213324
Finished entry 80000/213324
Finished entry 90000/213324
Finished entry 100000/213324
Finished entry 110000/213324
Finished entry 120000/213324
Finished entry 130000/213324
Finished entry 140000/213324
Finished entry 150000/213324
Finished entry 160000/213324
Finished entry 170000/213324
Finished entry 180000/213324
Finished entry 190000/213324
Finished entry 200000/213324
Finished entry 210000/213324
Finished entry 213324/213324
All events checked.
*******************************************
******************Jithin's original*************************
    Initial entries 213325.000000
   Passing smikking 0.000000
     GoodMuonPassed 529413.000000   % change= -165.861669
      GoodTauPassed 11460.000000   % change= 97.835338
         opp charge 8109.000000   % change= 29.240838
 PassedThirdLepVeto 8061.000000   % change= 0.591935
     PassedBjetVeto 6804.000000   % change= 15.593599
       DeltaRPassed 6783.000000   % change= 0.308642
      Total change :96.820345
*******************************************
*******************************************
Number of events inspected: 213325
Number of events inspected (minus negative gen. weights): 213325.000000
 Outpt written to SingleElectron_EraF_01.root
Real time 0:01:24, CP time 70.130
