000 (1283738.000.000) 2023-03-31 12:24:36 Job submitted from host: <144.92.180.99:9618?addrs=144.92.180.99-9618+[2607-f388-101c-1000--367]-9618&alias=login01.hep.wisc.edu&noUDP&sock=schedd_2816_1ec8>
...
040 (1283738.000.000) 2023-03-31 12:26:10 Started transferring input files
	Transferring to host: <128.105.69.38:9618?addrs=128.105.69.38-9618+[2607-f388-2200-100-1e6a-7aff-fe21-9e77]-9618&alias=e2360.chtc.wisc.edu&noUDP&sock=slot1_37_39575_eae2_30748>
...
040 (1283738.000.000) 2023-03-31 12:33:23 Finished transferring input files
...
001 (1283738.000.000) 2023-03-31 12:33:24 Job executing on host: <128.105.69.38:9618?addrs=128.105.69.38-9618+[2607-f388-2200-100-1e6a-7aff-fe21-9e77]-9618&alias=e2360.chtc.wisc.edu&noUDP&sock=startd_7371_78ac>
...
006 (1283738.000.000) 2023-03-31 12:33:32 Image size of job updated: 831040
	360  -  MemoryUsage of job (MB)
	367964  -  ResidentSetSize of job (KB)
...
006 (1283738.000.000) 2023-03-31 12:33:47 Image size of job updated: 1391996
	360  -  MemoryUsage of job (MB)
	368064  -  ResidentSetSize of job (KB)
...
040 (1283738.000.000) 2023-03-31 12:33:47 Started transferring output files
...
040 (1283738.000.000) 2023-03-31 12:33:47 Finished transferring output files
...
005 (1283738.000.000) 2023-03-31 12:33:47 Job terminated.
	(1) Normal termination (return value 0)
		Usr 0 00:00:11, Sys 0 00:00:02  -  Run Remote Usage
		Usr 0 00:00:00, Sys 0 00:00:00  -  Run Local Usage
		Usr 0 00:00:11, Sys 0 00:00:02  -  Total Remote Usage
		Usr 0 00:00:00, Sys 0 00:00:00  -  Total Local Usage
	639337  -  Run Bytes Sent By Job
	315801248  -  Run Bytes Received By Job
	639337  -  Total Bytes Sent By Job
	315801248  -  Total Bytes Received By Job
	Partitionable Resources :     Usage  Request Allocated 
	   Cpus                 :      0.02        1         1 
	   Disk (KB)            : 309091     2097152   2312523 
	   IoHeavy              :                            0 
	   Memory (MB)          :    360        2048      2048 

	Job terminated of its own accord at 2023-03-31T17:33:47Z.
...
