000 (1283745.000.000) 2023-03-31 12:24:54 Job submitted from host: <144.92.180.99:9618?addrs=144.92.180.99-9618+[2607-f388-101c-1000--367]-9618&alias=login01.hep.wisc.edu&noUDP&sock=schedd_2816_1ec8>
...
040 (1283745.000.000) 2023-03-31 12:26:10 Started transferring input files
	Transferring to host: <128.105.68.159:9618?addrs=128.105.68.159-9618+[2607-f388-2200-100-b226-28ff-fe51-396c]-9618&alias=e2018.chtc.wisc.edu&noUDP&sock=slot1_35_256612_1e3c_34797>
...
040 (1283745.000.000) 2023-03-31 12:35:12 Finished transferring input files
...
001 (1283745.000.000) 2023-03-31 12:35:13 Job executing on host: <128.105.68.159:9618?addrs=128.105.68.159-9618+[2607-f388-2200-100-b226-28ff-fe51-396c]-9618&alias=e2018.chtc.wisc.edu&noUDP&sock=startd_8988_9950>
...
006 (1283745.000.000) 2023-03-31 12:35:21 Image size of job updated: 853480
	308  -  MemoryUsage of job (MB)
	314516  -  ResidentSetSize of job (KB)
...
006 (1283745.000.000) 2023-03-31 12:40:21 Image size of job updated: 1427392
	517  -  MemoryUsage of job (MB)
	528780  -  ResidentSetSize of job (KB)
...
006 (1283745.000.000) 2023-03-31 12:45:22 Image size of job updated: 1427392
	517  -  MemoryUsage of job (MB)
	529056  -  ResidentSetSize of job (KB)
...
006 (1283745.000.000) 2023-03-31 12:50:22 Image size of job updated: 1427392
	517  -  MemoryUsage of job (MB)
	529144  -  ResidentSetSize of job (KB)
...
006 (1283745.000.000) 2023-03-31 12:55:23 Image size of job updated: 1427392
	517  -  MemoryUsage of job (MB)
	529212  -  ResidentSetSize of job (KB)
...
006 (1283745.000.000) 2023-03-31 13:00:24 Image size of job updated: 1427392
	517  -  MemoryUsage of job (MB)
	529236  -  ResidentSetSize of job (KB)
...
006 (1283745.000.000) 2023-03-31 13:05:24 Image size of job updated: 1427392
	517  -  MemoryUsage of job (MB)
	529256  -  ResidentSetSize of job (KB)
...
006 (1283745.000.000) 2023-03-31 13:10:25 Image size of job updated: 1427392
	517  -  MemoryUsage of job (MB)
	529264  -  ResidentSetSize of job (KB)
...
006 (1283745.000.000) 2023-03-31 13:15:26 Image size of job updated: 1427392
	517  -  MemoryUsage of job (MB)
	529268  -  ResidentSetSize of job (KB)
...
006 (1283745.000.000) 2023-03-31 13:20:26 Image size of job updated: 1427392
	517  -  MemoryUsage of job (MB)
	529272  -  ResidentSetSize of job (KB)
...
006 (1283745.000.000) 2023-03-31 13:25:27 Image size of job updated: 1427392
	517  -  MemoryUsage of job (MB)
	529280  -  ResidentSetSize of job (KB)
...
006 (1283745.000.000) 2023-03-31 13:30:27 Image size of job updated: 1427392
	517  -  MemoryUsage of job (MB)
	529356  -  ResidentSetSize of job (KB)
...
040 (1283745.000.000) 2023-03-31 13:32:04 Started transferring output files
...
040 (1283745.000.000) 2023-03-31 13:32:05 Finished transferring output files
...
005 (1283745.000.000) 2023-03-31 13:32:05 Job terminated.
	(1) Normal termination (return value 0)
		Usr 0 00:46:02, Sys 0 00:00:19  -  Run Remote Usage
		Usr 0 00:00:00, Sys 0 00:00:00  -  Run Local Usage
		Usr 0 00:46:02, Sys 0 00:00:19  -  Total Remote Usage
		Usr 0 00:00:00, Sys 0 00:00:00  -  Total Local Usage
	13407484  -  Run Bytes Sent By Job
	315801216  -  Run Bytes Received By Job
	13407484  -  Total Bytes Sent By Job
	315801216  -  Total Bytes Received By Job
	Partitionable Resources :     Usage  Request Allocated 
	   Cpus                 :      0.79        1         1 
	   Disk (KB)            : 321560     2097152   4099179 
	   IoHeavy              :                            0 
	   Memory (MB)          :    517        2048      2048 

	Job terminated of its own accord at 2023-03-31T18:32:04Z.
...
