000 (1283693.000.000) 2023-03-31 12:22:30 Job submitted from host: <144.92.180.99:9618?addrs=144.92.180.99-9618+[2607-f388-101c-1000--367]-9618&alias=login01.hep.wisc.edu&noUDP&sock=schedd_2816_1ec8>
...
040 (1283693.000.000) 2023-03-31 12:26:00 Started transferring input files
	Transferring to host: <128.104.58.160:9618?addrs=128.104.58.160-9618+[2607-f388-1086-0-f24d-a2ff-fe40-bf26]-9618&alias=e1012.chtc.wisc.edu&noUDP&sock=slot1_27_34229_2d49_21086>
...
040 (1283693.000.000) 2023-03-31 12:27:54 Finished transferring input files
...
001 (1283693.000.000) 2023-03-31 12:27:55 Job executing on host: <128.104.58.160:9618?addrs=128.104.58.160-9618+[2607-f388-1086-0-f24d-a2ff-fe40-bf26]-9618&alias=e1012.chtc.wisc.edu&noUDP&sock=startd_10185_a42d>
...
006 (1283693.000.000) 2023-03-31 12:28:04 Image size of job updated: 88540
	43  -  MemoryUsage of job (MB)
	43976  -  ResidentSetSize of job (KB)
...
006 (1283693.000.000) 2023-03-31 12:31:25 Image size of job updated: 1392464
	43  -  MemoryUsage of job (MB)
	43976  -  ResidentSetSize of job (KB)
...
040 (1283693.000.000) 2023-03-31 12:31:25 Started transferring output files
...
040 (1283693.000.000) 2023-03-31 12:31:29 Finished transferring output files
...
005 (1283693.000.000) 2023-03-31 12:31:29 Job terminated.
	(1) Normal termination (return value 0)
		Usr 0 00:02:08, Sys 0 00:00:11  -  Run Remote Usage
		Usr 0 00:00:00, Sys 0 00:00:00  -  Run Local Usage
		Usr 0 00:02:08, Sys 0 00:00:11  -  Total Remote Usage
		Usr 0 00:00:00, Sys 0 00:00:00  -  Total Local Usage
	3059385  -  Run Bytes Sent By Job
	315801248  -  Run Bytes Received By Job
	3059385  -  Total Bytes Sent By Job
	315801248  -  Total Bytes Received By Job
	Partitionable Resources :    Usage  Request Allocated 
	   Cpus                 :        0        1         1 
	   Disk (KB)            :   311454  2097152   2402979 
	   IoHeavy              :                           0 
	   Memory (MB)          :       43     2048      2048 

	Job terminated of its own accord at 2023-03-31T17:31:25Z.
...
