000 (1283736.000.000) 2023-03-31 12:24:31 Job submitted from host: <144.92.180.99:9618?addrs=144.92.180.99-9618+[2607-f388-101c-1000--367]-9618&alias=login01.hep.wisc.edu&noUDP&sock=schedd_2816_1ec8>
...
040 (1283736.000.000) 2023-03-31 12:26:10 Started transferring input files
	Transferring to host: <144.92.180.112:9618?addrs=144.92.180.112-9618+[2607-f388-101c-1000--284]-9618&alias=g26n10.hep.wisc.edu&noUDP&sock=slot1_15_3972_621b_513449>
...
040 (1283736.000.000) 2023-03-31 12:28:48 Finished transferring input files
...
001 (1283736.000.000) 2023-03-31 12:28:49 Job executing on host: <144.92.180.112:9618?addrs=144.92.180.112-9618+[2607-f388-101c-1000--284]-9618&alias=g26n10.hep.wisc.edu&noUDP&sock=startd_2953_1742>
...
006 (1283736.000.000) 2023-03-31 12:28:57 Image size of job updated: 1320
	1  -  MemoryUsage of job (MB)
	924  -  ResidentSetSize of job (KB)
...
006 (1283736.000.000) 2023-03-31 12:31:06 Image size of job updated: 1388532
	1  -  MemoryUsage of job (MB)
	924  -  ResidentSetSize of job (KB)
...
040 (1283736.000.000) 2023-03-31 12:31:06 Started transferring output files
...
040 (1283736.000.000) 2023-03-31 12:31:08 Finished transferring output files
...
005 (1283736.000.000) 2023-03-31 12:31:09 Job terminated.
	(1) Normal termination (return value 0)
		Usr 0 00:00:21, Sys 0 00:00:03  -  Run Remote Usage
		Usr 0 00:00:00, Sys 0 00:00:00  -  Run Local Usage
		Usr 0 00:00:21, Sys 0 00:00:03  -  Total Remote Usage
		Usr 0 00:00:00, Sys 0 00:00:00  -  Total Local Usage
	6358017  -  Run Bytes Sent By Job
	315801248  -  Run Bytes Received By Job
	6358017  -  Total Bytes Sent By Job
	315801248  -  Total Bytes Received By Job
	Partitionable Resources :     Usage  Request Allocated 
	   Cpus                 :      0.02        1         1 
	   Disk (KB)            : 314674     2097152  18346437 
	   Memory (MB)          :      1        2048      2500 

	Job terminated of its own accord at 2023-03-31T17:31:06Z.
...
