argc = 8
sp = 0
Systematics : V  Response NJet0 = 0.017
Systematics : V  Response NJet1 = 0.022
Systematics : V  Response NJetGe2 = 0.026
Systematics : V  Resolution NJet0 = 0.024
Systematics : V  Resolution NJet1 = 0.03
Systematics : V  Resolution NJetGe2 = 0.034
Systematics : EWK  Response NJet0 = 0.015
Systematics : EWK  Response NJet1 = 0.02
Systematics : EWK  Response NJetGe2 = 0.025
Systematics : EWK  Resolution NJet0 = 0.021
Systematics : EWK  Resolution NJet1 = 0.027
Systematics : EWK  Resolution NJetGe2 = 0.032
Systematics : TOP  Response NJet0 = 0.015
Systematics : TOP  Response NJet1 = 0.02
Systematics : TOP  Response NJetGe2 = 0.025
Systematics : TOP  Resolution NJet0 = 0.021
Systematics : TOP  Resolution NJet1 = 0.027
Systematics : TOP  Resolution NJetGe2 = 0.032
V_NJet0
V_NJet1
V_NJetGe2
EWK_NJet0
EWK_NJet1
EWK_NJetGe2
TOP_NJet0
TOP_NJet1
TOP_NJetGe2
All files added.
Initializing chain.
from Init MC
****************** dyjet sample found
sample ==========DY3JetsToLL_M-50_TuneCP5_v1_00
.... MC file ..... 
Coming in: 
nentries:483089
Running over 483089 events.
Finished entry 0/483088
Finished entry 20000/483088
Finished entry 40000/483088
Finished entry 60000/483088
Finished entry 80000/483088
Finished entry 100000/483088
Finished entry 120000/483088
Finished entry 140000/483088
Finished entry 160000/483088
Finished entry 180000/483088
Finished entry 200000/483088
Finished entry 220000/483088
Finished entry 240000/483088
Finished entry 260000/483088
Finished entry 280000/483088
Finished entry 300000/483088
Finished entry 320000/483088
Finished entry 340000/483088
Finished entry 360000/483088
Finished entry 380000/483088
Finished entry 400000/483088
Finished entry 420000/483088
Finished entry 440000/483088
Finished entry 460000/483088
Finished entry 480000/483088
Finished entry 483088/483088
All events checked.
*******************************************
******************Jithin's original*************************
    Initial entries 483089.000000
   Passing smikking 0.000000
     GoodMuonPassed 8561837.289527   % change= -2661.172822
      GoodTauPassed 263607.507225   % change= 96.921134
         opp charge 190751.041083   % change= 27.638236
 PassedThirdLepVeto 98241.540490   % change= 48.497508
     PassedBjetVeto 88841.251908   % change= 9.568548
       DeltaRPassed 87883.964856   % change= 1.077525
      Total change :81.807914
*******************************************
*******************************************
Number of events inspected: 483089
Number of events inspected (minus negative gen. weights): 482949.000000
 Outpt written to DY3JetsToLL_M-50_TuneCP5_v1_00.root
Real time 0:36:04, CP time 2035.310
