000 (1283753.000.000) 2023-03-31 12:25:24 Job submitted from host: <144.92.180.99:9618?addrs=144.92.180.99-9618+[2607-f388-101c-1000--367]-9618&alias=login01.hep.wisc.edu&noUDP&sock=schedd_2816_1ec8>
...
040 (1283753.000.000) 2023-03-31 12:26:13 Started transferring input files
	Transferring to host: <128.104.58.154:9618?addrs=128.104.58.154-9618+[2607-f388-1086-0-16fe-b5ff-fec6-7996]-9618&alias=e1006.chtc.wisc.edu&noUDP&sock=slot1_1_26629_4a14_22317>
...
040 (1283753.000.000) 2023-03-31 12:29:09 Finished transferring input files
...
001 (1283753.000.000) 2023-03-31 12:29:10 Job executing on host: <128.104.58.154:9618?addrs=128.104.58.154-9618+[2607-f388-1086-0-16fe-b5ff-fec6-7996]-9618&alias=e1006.chtc.wisc.edu&noUDP&sock=startd_10208_6adb>
...
006 (1283753.000.000) 2023-03-31 12:29:18 Image size of job updated: 223992
	31  -  MemoryUsage of job (MB)
	31580  -  ResidentSetSize of job (KB)
...
006 (1283753.000.000) 2023-03-31 12:29:50 Image size of job updated: 4848488
	31  -  MemoryUsage of job (MB)
	31624  -  ResidentSetSize of job (KB)
...
040 (1283753.000.000) 2023-03-31 12:29:50 Started transferring output files
...
040 (1283753.000.000) 2023-03-31 12:29:51 Finished transferring output files
...
004 (1283753.000.000) 2023-03-31 12:29:51 Job was evicted.
	(0) Job terminated and was requeued
		Usr 0 00:00:15, Sys 0 00:00:03  -  Run Remote Usage
		Usr 0 00:00:00, Sys 0 00:00:00  -  Run Local Usage
	9097  -  Run Bytes Sent By Job
	315801248  -  Run Bytes Received By Job
	(1) Normal termination (return value 139)
	The job attribute OnExitRemove expression '(ExitBySignal == false && (ExitCode == 0 || ExitCode == 42 || NumJobStarts > 3))' evaluated to FALSE
...
040 (1283753.000.000) 2023-03-31 12:30:24 Started transferring input files
	Transferring to host: <128.105.68.83:9618?addrs=128.105.68.83-9618+[2607-f388-2200-100-1e6a-7aff-fe26-6b8f]-9618&alias=e2409.chtc.wisc.edu&noUDP&sock=slot1_6_1618_c6fb_24685>
...
040 (1283753.000.000) 2023-03-31 12:33:31 Finished transferring input files
...
001 (1283753.000.000) 2023-03-31 12:33:32 Job executing on host: <128.105.68.83:9618?addrs=128.105.68.83-9618+[2607-f388-2200-100-1e6a-7aff-fe26-6b8f]-9618&alias=e2409.chtc.wisc.edu&noUDP&sock=startd_7708_a017>
...
006 (1283753.000.000) 2023-03-31 12:33:40 Image size of job updated: 5000000
	367  -  MemoryUsage of job (MB)
	375060  -  ResidentSetSize of job (KB)
...
006 (1283753.000.000) 2023-03-31 12:35:05 Image size of job updated: 5000000
	367  -  MemoryUsage of job (MB)
	375260  -  ResidentSetSize of job (KB)
...
040 (1283753.000.000) 2023-03-31 12:35:07 Started transferring output files
...
040 (1283753.000.000) 2023-03-31 12:35:07 Finished transferring output files
...
005 (1283753.000.000) 2023-03-31 12:35:07 Job terminated.
	(1) Normal termination (return value 0)
		Usr 0 00:01:02, Sys 0 00:00:04  -  Run Remote Usage
		Usr 0 00:00:00, Sys 0 00:00:00  -  Run Local Usage
		Usr 0 00:01:17, Sys 0 00:00:07  -  Total Remote Usage
		Usr 0 00:00:00, Sys 0 00:00:00  -  Total Local Usage
	3203580  -  Run Bytes Sent By Job
	315801248  -  Run Bytes Received By Job
	3212677  -  Total Bytes Sent By Job
	631602496  -  Total Bytes Received By Job
	Partitionable Resources :     Usage  Request Allocated 
	   Cpus                 :      0.03        1         1 
	   Disk (KB)            : 311597     2097152   2331571 
	   IoHeavy              :                            0 
	   Memory (MB)          :    367        2048      2048 

	Job terminated of its own accord at 2023-03-31T17:35:05Z.
...
