000 (1283645.000.000) 2023-03-31 12:20:12 Job submitted from host: <144.92.180.99:9618?addrs=144.92.180.99-9618+[2607-f388-101c-1000--367]-9618&alias=login01.hep.wisc.edu&noUDP&sock=schedd_2816_1ec8>
...
040 (1283645.000.000) 2023-03-31 12:22:57 Started transferring input files
	Transferring to host: <144.92.180.122:9618?addrs=144.92.180.122-9618+[2607-f388-101c-1000--294]-9618&alias=g26n20.hep.wisc.edu&noUDP&sock=slot1_16_3561_cbea_540830>
...
040 (1283645.000.000) 2023-03-31 12:23:15 Finished transferring input files
...
001 (1283645.000.000) 2023-03-31 12:23:16 Job executing on host: <144.92.180.122:9618?addrs=144.92.180.122-9618+[2607-f388-101c-1000--294]-9618&alias=g26n20.hep.wisc.edu&noUDP&sock=startd_3035_5606>
...
006 (1283645.000.000) 2023-03-31 12:23:25 Image size of job updated: 110832
	62  -  MemoryUsage of job (MB)
	62784  -  ResidentSetSize of job (KB)
...
006 (1283645.000.000) 2023-03-31 12:41:31 Image size of job updated: 1392932
	62  -  MemoryUsage of job (MB)
	62784  -  ResidentSetSize of job (KB)
...
040 (1283645.000.000) 2023-03-31 12:41:31 Started transferring output files
...
040 (1283645.000.000) 2023-03-31 12:41:31 Finished transferring output files
...
005 (1283645.000.000) 2023-03-31 12:41:31 Job terminated.
	(1) Normal termination (return value 0)
		Usr 0 00:14:45, Sys 0 00:00:19  -  Run Remote Usage
		Usr 0 00:00:00, Sys 0 00:00:00  -  Run Local Usage
		Usr 0 00:14:45, Sys 0 00:00:19  -  Total Remote Usage
		Usr 0 00:00:00, Sys 0 00:00:00  -  Total Local Usage
	9968169  -  Run Bytes Sent By Job
	315801248  -  Run Bytes Received By Job
	9968169  -  Total Bytes Sent By Job
	315801248  -  Total Bytes Received By Job
	Partitionable Resources :     Usage  Request Allocated 
	   Cpus                 :      0.85        1         1 
	   Disk (KB)            : 318200     2097152  18347456 
	   Memory (MB)          :     62        2048      2500 

	Job terminated of its own accord at 2023-03-31T17:41:31Z.
...
