000 (1283759.000.000) 2023-03-31 12:25:40 Job submitted from host: <144.92.180.99:9618?addrs=144.92.180.99-9618+[2607-f388-101c-1000--367]-9618&alias=login01.hep.wisc.edu&noUDP&sock=schedd_2816_1ec8>
...
040 (1283759.000.000) 2023-03-31 12:26:14 Started transferring input files
	Transferring to host: <128.105.69.36:9618?addrs=128.105.69.36-9618+[2607-f388-2200-100-1e6a-7aff-fe26-b5c3]-9618&alias=e2358.chtc.wisc.edu&noUDP&sock=slot1_19_8348_abcd_31324>
...
040 (1283759.000.000) 2023-03-31 12:33:50 Finished transferring input files
...
001 (1283759.000.000) 2023-03-31 12:33:51 Job executing on host: <128.105.69.36:9618?addrs=128.105.69.36-9618+[2607-f388-2200-100-1e6a-7aff-fe26-b5c3]-9618&alias=e2358.chtc.wisc.edu&noUDP&sock=startd_7639_4c0e>
...
006 (1283759.000.000) 2023-03-31 12:33:59 Image size of job updated: 541960
	84  -  MemoryUsage of job (MB)
	85872  -  ResidentSetSize of job (KB)
...
006 (1283759.000.000) 2023-03-31 12:34:31 Image size of job updated: 4267316
	85  -  MemoryUsage of job (MB)
	86056  -  ResidentSetSize of job (KB)
...
040 (1283759.000.000) 2023-03-31 12:34:31 Started transferring output files
...
040 (1283759.000.000) 2023-03-31 12:34:32 Finished transferring output files
...
004 (1283759.000.000) 2023-03-31 12:34:32 Job was evicted.
	(0) Job terminated and was requeued
		Usr 0 00:00:13, Sys 0 00:00:02  -  Run Remote Usage
		Usr 0 00:00:00, Sys 0 00:00:00  -  Run Local Usage
	9097  -  Run Bytes Sent By Job
	315801248  -  Run Bytes Received By Job
	(1) Normal termination (return value 139)
	The job attribute OnExitRemove expression '(ExitBySignal == false && (ExitCode == 0 || ExitCode == 42 || NumJobStarts > 3))' evaluated to FALSE
...
040 (1283759.000.000) 2023-03-31 12:34:40 Started transferring input files
	Transferring to host: <128.105.69.65:9618?addrs=128.105.69.65-9618+[2607-f388-2200-100-1e6a-7aff-fe26-d96d]-9618&alias=e2393.chtc.wisc.edu&noUDP&sock=slot1_29_23032_e0a2_22460>
...
040 (1283759.000.000) 2023-03-31 12:35:52 Finished transferring input files
...
001 (1283759.000.000) 2023-03-31 12:35:53 Job executing on host: <128.105.69.65:9618?addrs=128.105.69.65-9618+[2607-f388-2200-100-1e6a-7aff-fe26-d96d]-9618&alias=e2393.chtc.wisc.edu&noUDP&sock=startd_7581_838f>
...
006 (1283759.000.000) 2023-03-31 12:36:02 Image size of job updated: 4500000
	361  -  MemoryUsage of job (MB)
	368704  -  ResidentSetSize of job (KB)
...
006 (1283759.000.000) 2023-03-31 12:37:49 Image size of job updated: 4500000
	361  -  MemoryUsage of job (MB)
	368800  -  ResidentSetSize of job (KB)
...
040 (1283759.000.000) 2023-03-31 12:37:50 Started transferring output files
...
040 (1283759.000.000) 2023-03-31 12:37:52 Finished transferring output files
...
005 (1283759.000.000) 2023-03-31 12:37:52 Job terminated.
	(1) Normal termination (return value 0)
		Usr 0 00:01:18, Sys 0 00:00:05  -  Run Remote Usage
		Usr 0 00:00:00, Sys 0 00:00:00  -  Run Local Usage
		Usr 0 00:01:31, Sys 0 00:00:07  -  Total Remote Usage
		Usr 0 00:00:00, Sys 0 00:00:00  -  Total Local Usage
	3213125  -  Run Bytes Sent By Job
	315801248  -  Run Bytes Received By Job
	3222222  -  Total Bytes Sent By Job
	631602496  -  Total Bytes Received By Job
	Partitionable Resources :     Usage  Request Allocated 
	   Cpus                 :      0.79        1         1 
	   Disk (KB)            : 311607     2097152   2342498 
	   IoHeavy              :                            0 
	   Memory (MB)          :    361        2048      2048 

	Job terminated of its own accord at 2023-03-31T17:37:49Z.
...
