argc = 8
sp = 0
Systematics : V  Response NJet0 = 0.017
Systematics : V  Response NJet1 = 0.022
Systematics : V  Response NJetGe2 = 0.026
Systematics : V  Resolution NJet0 = 0.024
Systematics : V  Resolution NJet1 = 0.03
Systematics : V  Resolution NJetGe2 = 0.034
Systematics : EWK  Response NJet0 = 0.015
Systematics : EWK  Response NJet1 = 0.02
Systematics : EWK  Response NJetGe2 = 0.025
Systematics : EWK  Resolution NJet0 = 0.021
Systematics : EWK  Resolution NJet1 = 0.027
Systematics : EWK  Resolution NJetGe2 = 0.032
Systematics : TOP  Response NJet0 = 0.015
Systematics : TOP  Response NJet1 = 0.02
Systematics : TOP  Response NJetGe2 = 0.025
Systematics : TOP  Resolution NJet0 = 0.021
Systematics : TOP  Resolution NJet1 = 0.027
Systematics : TOP  Resolution NJetGe2 = 0.032
V_NJet0
V_NJet1
V_NJetGe2
EWK_NJet0
EWK_NJet1
EWK_NJetGe2
TOP_NJet0
TOP_NJet1
TOP_NJetGe2
All files added.
Initializing chain.
from Init MC
sample ==========ZJetsToNuNu_HT-200To400_01
.... MC file ..... 
Coming in: 
nentries:40801
Running over 40801 events.
Finished entry 0/40800
Finished entry 2000/40800
Finished entry 4000/40800
Finished entry 6000/40800
Finished entry 8000/40800
Finished entry 10000/40800
Finished entry 12000/40800
Finished entry 14000/40800
Finished entry 16000/40800
Finished entry 18000/40800
Finished entry 20000/40800
Finished entry 22000/40800
Finished entry 24000/40800
Finished entry 26000/40800
Finished entry 28000/40800
Finished entry 30000/40800
Finished entry 32000/40800
Finished entry 34000/40800
Finished entry 36000/40800
Finished entry 38000/40800
Finished entry 40000/40800
Finished entry 40800/40800
All events checked.
*******************************************
******************Jithin's original*************************
    Initial entries 40801.000000
   Passing smikking 0.000000
     GoodMuonPassed 1465.611747   % change= -597.342335
      GoodTauPassed 70.559048   % change= 95.185693
         opp charge 0.000000   % change= 100.000000
 PassedThirdLepVeto 0.000000   % change= -nan
     PassedBjetVeto 0.000000   % change= -nan
       DeltaRPassed 0.000000   % change= -nan
      Total change :100.000000
*******************************************
*******************************************
Number of events inspected: 40801
Number of events inspected (minus negative gen. weights): 40739.000000
 Outpt written to ZJetsToNuNu_HT-200To400_01.root
Real time 0:00:48, CP time 22.170
