argc = 8
sp = 0
Systematics : V  Response NJet0 = 0.017
Systematics : V  Response NJet1 = 0.022
Systematics : V  Response NJetGe2 = 0.026
Systematics : V  Resolution NJet0 = 0.024
Systematics : V  Resolution NJet1 = 0.03
Systematics : V  Resolution NJetGe2 = 0.034
Systematics : EWK  Response NJet0 = 0.015
Systematics : EWK  Response NJet1 = 0.02
Systematics : EWK  Response NJetGe2 = 0.025
Systematics : EWK  Resolution NJet0 = 0.021
Systematics : EWK  Resolution NJet1 = 0.027
Systematics : EWK  Resolution NJetGe2 = 0.032
Systematics : TOP  Response NJet0 = 0.015
Systematics : TOP  Response NJet1 = 0.02
Systematics : TOP  Response NJetGe2 = 0.025
Systematics : TOP  Resolution NJet0 = 0.021
Systematics : TOP  Resolution NJet1 = 0.027
Systematics : TOP  Resolution NJetGe2 = 0.032
V_NJet0
V_NJet1
V_NJetGe2
EWK_NJet0
EWK_NJet1
EWK_NJetGe2
TOP_NJet0
TOP_NJet1
TOP_NJetGe2
All files added.
Initializing chain.
from Init MC
****************** dyjet sample found
sample ==========DYJetsToLL_M-50_TuneCP5_ext1_v1_03
.... MC file ..... 
Coming in: 
nentries:384134
Running over 384134 events.
Finished entry 0/384133
Finished entry 10000/384133
Finished entry 20000/384133
Finished entry 30000/384133
Finished entry 40000/384133
Finished entry 50000/384133
Finished entry 60000/384133
Finished entry 70000/384133
Finished entry 80000/384133
Finished entry 90000/384133
Finished entry 100000/384133
Finished entry 110000/384133
Finished entry 120000/384133
Finished entry 130000/384133
Finished entry 140000/384133
Finished entry 150000/384133
Finished entry 160000/384133
Finished entry 170000/384133
Finished entry 180000/384133
Finished entry 190000/384133
Finished entry 200000/384133
Finished entry 210000/384133
Finished entry 220000/384133
Finished entry 230000/384133
Finished entry 240000/384133
Finished entry 250000/384133
Finished entry 260000/384133
Finished entry 270000/384133
Finished entry 280000/384133
Finished entry 290000/384133
Finished entry 300000/384133
Finished entry 310000/384133
Finished entry 320000/384133
Finished entry 330000/384133
Finished entry 340000/384133
Finished entry 350000/384133
Finished entry 360000/384133
Finished entry 370000/384133
Finished entry 380000/384133
Finished entry 384133/384133
All events checked.
*******************************************
******************Jithin's original*************************
    Initial entries 384134.000000
   Passing smikking 0.000000
     GoodMuonPassed 6694791.650968   % change= -2664.309381
      GoodTauPassed 157348.810437   % change= 97.649683
         opp charge 116449.578319   % change= 25.992718
 PassedThirdLepVeto 41384.978878   % change= 64.461032
     PassedBjetVeto 40106.872121   % change= 3.088335
       DeltaRPassed 39921.652731   % change= 0.461815
      Total change :89.607363
*******************************************
*******************************************
Number of events inspected: 384134
Number of events inspected (minus negative gen. weights): 384106.000000
 Outpt written to DYJetsToLL_M-50_TuneCP5_ext1_v1_03.root
Real time 0:14:44, CP time 794.190
