000 (1283649.000.000) 2023-03-31 12:20:23 Job submitted from host: <144.92.180.99:9618?addrs=144.92.180.99-9618+[2607-f388-101c-1000--367]-9618&alias=login01.hep.wisc.edu&noUDP&sock=schedd_2816_1ec8>
...
040 (1283649.000.000) 2023-03-31 12:22:58 Started transferring input files
	Transferring to host: <144.92.180.122:9618?addrs=144.92.180.122-9618+[2607-f388-101c-1000--294]-9618&alias=g26n20.hep.wisc.edu&noUDP&sock=slot1_24_3561_cbea_540831>
...
040 (1283649.000.000) 2023-03-31 12:23:14 Finished transferring input files
...
001 (1283649.000.000) 2023-03-31 12:23:15 Job executing on host: <144.92.180.122:9618?addrs=144.92.180.122-9618+[2607-f388-101c-1000--294]-9618&alias=g26n20.hep.wisc.edu&noUDP&sock=startd_3035_5606>
...
006 (1283649.000.000) 2023-03-31 12:23:24 Image size of job updated: 128328
	61  -  MemoryUsage of job (MB)
	62064  -  ResidentSetSize of job (KB)
...
006 (1283649.000.000) 2023-03-31 12:25:28 Image size of job updated: 1392488
	61  -  MemoryUsage of job (MB)
	62064  -  ResidentSetSize of job (KB)
...
040 (1283649.000.000) 2023-03-31 12:25:28 Started transferring output files
...
040 (1283649.000.000) 2023-03-31 12:25:29 Finished transferring output files
...
005 (1283649.000.000) 2023-03-31 12:25:29 Job terminated.
	(1) Normal termination (return value 0)
		Usr 0 00:01:49, Sys 0 00:00:02  -  Run Remote Usage
		Usr 0 00:00:00, Sys 0 00:00:00  -  Run Local Usage
		Usr 0 00:01:49, Sys 0 00:00:02  -  Total Remote Usage
		Usr 0 00:00:00, Sys 0 00:00:00  -  Total Local Usage
	9834945  -  Run Bytes Sent By Job
	315801248  -  Run Bytes Received By Job
	9834945  -  Total Bytes Sent By Job
	315801248  -  Total Bytes Received By Job
	Partitionable Resources :     Usage  Request Allocated 
	   Cpus                 :      0.96        1         1 
	   Disk (KB)            : 318070     2097152  18347456 
	   Memory (MB)          :     61        2048      2500 

	Job terminated of its own accord at 2023-03-31T17:25:28Z.
...
