argc = 8
sp = 0
Systematics : V  Response NJet0 = 0.017
Systematics : V  Response NJet1 = 0.022
Systematics : V  Response NJetGe2 = 0.026
Systematics : V  Resolution NJet0 = 0.024
Systematics : V  Resolution NJet1 = 0.03
Systematics : V  Resolution NJetGe2 = 0.034
Systematics : EWK  Response NJet0 = 0.015
Systematics : EWK  Response NJet1 = 0.02
Systematics : EWK  Response NJetGe2 = 0.025
Systematics : EWK  Resolution NJet0 = 0.021
Systematics : EWK  Resolution NJet1 = 0.027
Systematics : EWK  Resolution NJetGe2 = 0.032
Systematics : TOP  Response NJet0 = 0.015
Systematics : TOP  Response NJet1 = 0.02
Systematics : TOP  Response NJetGe2 = 0.025
Systematics : TOP  Resolution NJet0 = 0.021
Systematics : TOP  Resolution NJet1 = 0.027
Systematics : TOP  Resolution NJetGe2 = 0.032
V_NJet0
V_NJet1
V_NJetGe2
EWK_NJet0
EWK_NJet1
EWK_NJetGe2
TOP_NJet0
TOP_NJet1
TOP_NJetGe2
All files added.
Initializing chain.
from Init DATA
sample ==========SingleElectron_EraC_01
.... DATA file ..... 
Coming in: 
nentries:141346
Running over 141346 events.
Finished entry 0/141345
Finished entry 7000/141345
Finished entry 14000/141345
Finished entry 21000/141345
Finished entry 28000/141345
Finished entry 35000/141345
Finished entry 42000/141345
Finished entry 49000/141345
Finished entry 56000/141345
Finished entry 63000/141345
Finished entry 70000/141345
Finished entry 77000/141345
Finished entry 84000/141345
Finished entry 91000/141345
Finished entry 98000/141345
Finished entry 105000/141345
Finished entry 112000/141345
Finished entry 119000/141345
Finished entry 126000/141345
Finished entry 133000/141345
Finished entry 140000/141345
Finished entry 141345/141345
All events checked.
*******************************************
******************Jithin's original*************************
    Initial entries 141346.000000
   Passing smikking 0.000000
     GoodMuonPassed 345591.000000   % change= -155.807636
      GoodTauPassed 8589.000000   % change= 97.514692
         opp charge 6429.000000   % change= 25.148446
 PassedThirdLepVeto 6405.000000   % change= 0.373308
     PassedBjetVeto 5367.000000   % change= 16.206089
       DeltaRPassed 5352.000000   % change= 0.279486
      Total change :96.213547
*******************************************
*******************************************
Number of events inspected: 141346
Number of events inspected (minus negative gen. weights): 141346.000000
 Outpt written to SingleElectron_EraC_01.root
Real time 0:01:45, CP time 80.840
