000 (1283706.000.000) 2023-03-31 12:23:07 Job submitted from host: <144.92.180.99:9618?addrs=144.92.180.99-9618+[2607-f388-101c-1000--367]-9618&alias=login01.hep.wisc.edu&noUDP&sock=schedd_2816_1ec8>
...
040 (1283706.000.000) 2023-03-31 12:26:03 Started transferring input files
	Transferring to host: <128.105.68.246:9618?addrs=128.105.68.246-9618+[2607-f388-2200-100-22a-6aff-fee0-d98b]-9618&alias=e2333.chtc.wisc.edu&noUDP&sock=slot1_19_18026_b296_27076>
...
040 (1283706.000.000) 2023-03-31 12:30:05 Finished transferring input files
...
001 (1283706.000.000) 2023-03-31 12:30:06 Job executing on host: <128.105.68.246:9618?addrs=128.105.68.246-9618+[2607-f388-2200-100-22a-6aff-fee0-d98b]-9618&alias=e2333.chtc.wisc.edu&noUDP&sock=startd_7044_2d34>
...
006 (1283706.000.000) 2023-03-31 12:30:15 Image size of job updated: 541956
	98  -  MemoryUsage of job (MB)
	99736  -  ResidentSetSize of job (KB)
...
006 (1283706.000.000) 2023-03-31 12:35:15 Image size of job updated: 1411296
	499  -  MemoryUsage of job (MB)
	510680  -  ResidentSetSize of job (KB)
...
040 (1283706.000.000) 2023-03-31 12:35:55 Started transferring output files
...
040 (1283706.000.000) 2023-03-31 12:35:57 Finished transferring output files
...
005 (1283706.000.000) 2023-03-31 12:35:57 Job terminated.
	(1) Normal termination (return value 0)
		Usr 0 00:04:26, Sys 0 00:00:09  -  Run Remote Usage
		Usr 0 00:00:00, Sys 0 00:00:00  -  Run Local Usage
		Usr 0 00:04:26, Sys 0 00:00:09  -  Total Remote Usage
		Usr 0 00:00:00, Sys 0 00:00:00  -  Total Local Usage
	11830025  -  Run Bytes Sent By Job
	315801248  -  Run Bytes Received By Job
	11830025  -  Total Bytes Sent By Job
	315801248  -  Total Bytes Received By Job
	Partitionable Resources :     Usage  Request Allocated 
	   Cpus                 :      0.82        1         1 
	   Disk (KB)            : 320020     2097152   2326161 
	   IoHeavy              :                            0 
	   Memory (MB)          :    499        2048      2048 

	Job terminated of its own accord at 2023-03-31T17:35:55Z.
...
