********** for MC *********
All files added.
Initializing chain.
from Init DATA
Coming in: 
nentries:882377
Running over 882377 events.
Finished entry 0/882376
Finished entry 40000/882376
Finished entry 80000/882376
Finished entry 120000/882376
Finished entry 160000/882376
Finished entry 200000/882376
Finished entry 240000/882376
Finished entry 280000/882376
Finished entry 320000/882376
Finished entry 360000/882376
Finished entry 400000/882376
Finished entry 440000/882376
Finished entry 480000/882376
Finished entry 520000/882376
Finished entry 560000/882376
Finished entry 600000/882376
Finished entry 640000/882376
Finished entry 680000/882376
Finished entry 720000/882376
Finished entry 760000/882376
Finished entry 800000/882376
Finished entry 840000/882376
Finished entry 880000/882376
nPassedSkimmed = 36104
Real time 0:13:23, CP time 244.810
