********** for MC *********
All files added.
Initializing chain.
from Init DATA
Coming in: 
nentries:4697038
Running over 4697038 events.
Finished entry 0/4697037
Finished entry 200000/4697037
Finished entry 400000/4697037
Finished entry 600000/4697037
Finished entry 800000/4697037
Finished entry 1000000/4697037
Finished entry 1200000/4697037
Finished entry 1400000/4697037
Finished entry 1600000/4697037
Finished entry 1800000/4697037
Finished entry 2000000/4697037
Finished entry 2200000/4697037
Finished entry 2400000/4697037
Finished entry 2600000/4697037
Finished entry 2800000/4697037
Finished entry 3000000/4697037
Finished entry 3200000/4697037
Finished entry 3400000/4697037
Finished entry 3600000/4697037
Finished entry 3800000/4697037
Finished entry 4000000/4697037
Finished entry 4200000/4697037
Finished entry 4400000/4697037
Finished entry 4600000/4697037
nPassedSkimmed = 175137
Real time 1:14:04, CP time 948.560
