********** for MC *********
All files added.
Initializing chain.
from Init DATA
Coming in: 
nentries:10421799
Running over 10421799 events.
Finished entry 0/10421798
Finished entry 500000/10421798
Finished entry 1000000/10421798
Finished entry 1500000/10421798
Finished entry 2000000/10421798
Finished entry 2500000/10421798
Finished entry 3000000/10421798
Finished entry 3500000/10421798
Finished entry 4000000/10421798
Finished entry 4500000/10421798
Finished entry 5000000/10421798
Finished entry 5500000/10421798
Finished entry 6000000/10421798
Finished entry 6500000/10421798
Finished entry 7000000/10421798
Finished entry 7500000/10421798
Finished entry 8000000/10421798
Finished entry 8500000/10421798
Finished entry 9000000/10421798
Finished entry 9500000/10421798
Finished entry 10000000/10421798
nPassedSkimmed = 399151
Real time 2:06:57, CP time 1911.450
