********** for MC *********
All files added.
Initializing chain.
from Init DATA
Coming in: 
nentries:20816114
Running over 20816114 events.
Finished entry 0/20816113
Finished entry 1000000/20816113
Finished entry 2000000/20816113
Finished entry 3000000/20816113
Finished entry 4000000/20816113
Finished entry 5000000/20816113
Finished entry 6000000/20816113
Finished entry 7000000/20816113
Finished entry 8000000/20816113
Finished entry 9000000/20816113
Finished entry 10000000/20816113
Finished entry 11000000/20816113
Finished entry 12000000/20816113
Finished entry 13000000/20816113
Finished entry 14000000/20816113
Finished entry 15000000/20816113
Finished entry 16000000/20816113
Finished entry 17000000/20816113
Finished entry 18000000/20816113
Finished entry 19000000/20816113
Finished entry 20000000/20816113
nPassedSkimmed = 584554
Real time 3:52:51, CP time 5707.650
