********** for MC *********
All files added.
Initializing chain.
from Init DATA
Coming in: 
nentries:19328337
Running over 19328337 events.
Finished entry 0/19328336
Finished entry 900000/19328336
Finished entry 1800000/19328336
Finished entry 2700000/19328336
Finished entry 3600000/19328336
Finished entry 4500000/19328336
Finished entry 5400000/19328336
Finished entry 6300000/19328336
Finished entry 7200000/19328336
Finished entry 8100000/19328336
Finished entry 9000000/19328336
Finished entry 9900000/19328336
Finished entry 10800000/19328336
Finished entry 11700000/19328336
Finished entry 12600000/19328336
Finished entry 13500000/19328336
Finished entry 14400000/19328336
Finished entry 15300000/19328336
Finished entry 16200000/19328336
Finished entry 17100000/19328336
Finished entry 18000000/19328336
Finished entry 18900000/19328336
nPassedSkimmed = 536097
Real time 3:01:30, CP time 3338.180
