000 (3174127.000.000) 2022-01-03 21:41:09 Job submitted from host: <144.92.180.5:9618?addrs=144.92.180.5-9618+[2607-f388-101c-1000--368]-9618&alias=login02.hep.wisc.edu&noUDP&sock=schedd_2326_0560>
...
040 (3174127.000.000) 2022-01-03 21:41:44 Started transferring input files
	Transferring to host: <128.105.245.162:9618?addrs=128.105.245.162-9618&alias=e2362.chtc.wisc.edu&noUDP&sock=slot1_16_13517_b2ff_14660>
...
040 (3174127.000.000) 2022-01-03 21:42:22 Finished transferring input files
...
001 (3174127.000.000) 2022-01-03 21:42:23 Job executing on host: <128.105.245.162:9618?addrs=128.105.245.162-9618&alias=e2362.chtc.wisc.edu&noUDP&sock=startd_2768_323d>
...
006 (3174127.000.000) 2022-01-03 21:42:31 Image size of job updated: 26912
	5  -  MemoryUsage of job (MB)
	4736  -  ResidentSetSize of job (KB)
...
006 (3174127.000.000) 2022-01-03 21:43:27 Image size of job updated: 1173652
	5  -  MemoryUsage of job (MB)
	4736  -  ResidentSetSize of job (KB)
...
040 (3174127.000.000) 2022-01-03 21:43:27 Started transferring output files
...
040 (3174127.000.000) 2022-01-03 21:43:27 Finished transferring output files
...
005 (3174127.000.000) 2022-01-03 21:43:28 Job terminated.
	(1) Normal termination (return value 0)
		Usr 0 00:00:20, Sys 0 00:00:02  -  Run Remote Usage
		Usr 0 00:00:00, Sys 0 00:00:00  -  Run Local Usage
		Usr 0 00:00:20, Sys 0 00:00:02  -  Total Remote Usage
		Usr 0 00:00:00, Sys 0 00:00:00  -  Total Local Usage
	162398  -  Run Bytes Sent By Job
	315491648  -  Run Bytes Received By Job
	162398  -  Total Bytes Sent By Job
	315491648  -  Total Bytes Received By Job
	Partitionable Resources :    Usage  Request Allocated 
	   Cpus                 :                 1         1 
	   Disk (KB)            :   308307  2048000   2321149 
	   IoHeavy              :                           0 
	   Memory (MB)          :        5     1992      2048 

	Job terminated of its own accord at 2022-01-04T03:43:27Z.
...
