000 (3174251.000.000) 2022-01-03 21:42:40 Job submitted from host: <144.92.180.5:9618?addrs=144.92.180.5-9618+[2607-f388-101c-1000--368]-9618&alias=login02.hep.wisc.edu&noUDP&sock=schedd_2326_0560>
...
040 (3174251.000.000) 2022-01-03 21:43:07 Entered queue to transfer input files
	Transferring to host: <128.105.245.201:9618?addrs=128.105.245.201-9618&alias=e2401.chtc.wisc.edu&noUDP&sock=slot1_3_6620_2386_13934>
...
040 (3174251.000.000) 2022-01-03 21:46:14 Started transferring input files
	Seconds spent in queue: 187
...
040 (3174251.000.000) 2022-01-03 21:50:58 Finished transferring input files
...
001 (3174251.000.000) 2022-01-03 21:50:59 Job executing on host: <128.105.245.201:9618?addrs=128.105.245.201-9618&alias=e2401.chtc.wisc.edu&noUDP&sock=startd_2821_8cc2>
...
006 (3174251.000.000) 2022-01-03 21:51:07 Image size of job updated: 537628
	396  -  MemoryUsage of job (MB)
	405232  -  ResidentSetSize of job (KB)
...
006 (3174251.000.000) 2022-01-03 21:52:25 Image size of job updated: 1177428
	396  -  MemoryUsage of job (MB)
	405232  -  ResidentSetSize of job (KB)
...
040 (3174251.000.000) 2022-01-03 21:52:25 Started transferring output files
	Seconds spent in queue: 558
...
040 (3174251.000.000) 2022-01-03 21:52:25 Finished transferring output files
...
005 (3174251.000.000) 2022-01-03 21:52:25 Job terminated.
	(1) Normal termination (return value 0)
		Usr 0 00:00:30, Sys 0 00:00:03  -  Run Remote Usage
		Usr 0 00:00:00, Sys 0 00:00:00  -  Run Local Usage
		Usr 0 00:00:30, Sys 0 00:00:03  -  Total Remote Usage
		Usr 0 00:00:00, Sys 0 00:00:00  -  Total Local Usage
	152535  -  Run Bytes Sent By Job
	315491680  -  Run Bytes Received By Job
	152535  -  Total Bytes Sent By Job
	315491680  -  Total Bytes Received By Job
	Partitionable Resources :     Usage  Request Allocated 
	   Cpus                 :      0.38        1         1 
	   Disk (KB)            : 308307     2048000   2352059 
	   IoHeavy              :                            0 
	   Memory (MB)          :    396        1992      2048 

	Job terminated of its own accord at 2022-01-04T03:52:25Z.
...
