000 (3174149.000.000) 2022-01-03 21:41:20 Job submitted from host: <144.92.180.5:9618?addrs=144.92.180.5-9618+[2607-f388-101c-1000--368]-9618&alias=login02.hep.wisc.edu&noUDP&sock=schedd_2326_0560>
...
040 (3174149.000.000) 2022-01-03 21:41:45 Started transferring input files
	Transferring to host: <128.105.245.223:9618?addrs=128.105.245.223-9618&alias=e2423.chtc.wisc.edu&noUDP&sock=slot1_18_6918_1b52_14726>
...
040 (3174149.000.000) 2022-01-03 21:44:27 Finished transferring input files
...
001 (3174149.000.000) 2022-01-03 21:44:28 Job executing on host: <128.105.245.223:9618?addrs=128.105.245.223-9618&alias=e2423.chtc.wisc.edu&noUDP&sock=startd_5833_8803>
...
006 (3174149.000.000) 2022-01-03 21:44:36 Image size of job updated: 587828
	439  -  MemoryUsage of job (MB)
	449228  -  ResidentSetSize of job (KB)
...
006 (3174149.000.000) 2022-01-03 21:48:14 Image size of job updated: 1195772
	440  -  MemoryUsage of job (MB)
	450020  -  ResidentSetSize of job (KB)
...
040 (3174149.000.000) 2022-01-03 21:48:17 Started transferring output files
...
040 (3174149.000.000) 2022-01-03 21:48:17 Finished transferring output files
...
005 (3174149.000.000) 2022-01-03 21:48:17 Job terminated.
	(1) Normal termination (return value 0)
		Usr 0 00:03:11, Sys 0 00:00:04  -  Run Remote Usage
		Usr 0 00:00:00, Sys 0 00:00:00  -  Run Local Usage
		Usr 0 00:03:11, Sys 0 00:00:04  -  Total Remote Usage
		Usr 0 00:00:00, Sys 0 00:00:00  -  Total Local Usage
	166910  -  Run Bytes Sent By Job
	315491648  -  Run Bytes Received By Job
	166910  -  Total Bytes Sent By Job
	315491648  -  Total Bytes Received By Job
	Partitionable Resources :     Usage  Request Allocated 
	   Cpus                 :      0.95        1         1 
	   Disk (KB)            : 308321     2048000   2340135 
	   IoHeavy              :                            0 
	   Memory (MB)          :    440        1992      2048 

	Job terminated of its own accord at 2022-01-04T03:48:14Z.
...
