All files added.
Initializing chain.
from Init MC
****************** ttbar sample found
.... MC file ..... 
Coming in: 
nentries:21478
Running over 21478 events.
Finished entry 0/21477
Finished entry 1000/21477
Finished entry 2000/21477
Finished entry 3000/21477
Finished entry 4000/21477
Finished entry 5000/21477
Finished entry 6000/21477
Finished entry 7000/21477
Finished entry 8000/21477
Finished entry 9000/21477
Finished entry 10000/21477
Finished entry 11000/21477
Finished entry 12000/21477
Finished entry 13000/21477
Finished entry 14000/21477
Finished entry 15000/21477
Finished entry 16000/21477
Finished entry 17000/21477
Finished entry 18000/21477
Finished entry 19000/21477
Finished entry 20000/21477
Finished entry 21000/21477
Finished entry 21477/21477
All events checked.
*******************************************
******************Jithin's original*************************
    Initial entries 21478.000000
   Passing smikking 0.000000
Inspected genWeightd 21258.000000   % change= 1.024304
   METFiltersPassed 20703.373291   % change= 2.609026
    SingleTrgPassed 20703.373291   % change= 0.000000
     GoodMuonPassed 13802.981573   % change= 33.329794
      GoodTauPassed 3519.794601   % change= 74.499752
         opp charge 3519.794601   % change= 0.000000
 PassedThirdLepVeto 3057.645526   % change= 13.130001
     PassedBjetVeto 597.351542   % change= 80.463676
       DeltaRPassed 595.488429   % change= 0.311896
      Total change :97.227449
*******************************************
*******************************************
Number of events inspected: 21478
Number of events inspected (minus negative gen. weights): 21258.000000
 Outpt written to TTTo2L2Nu_powheg_30.root
Real time 0:01:30, CP time 71.080
