000 (3174162.000.000) 2022-01-03 21:41:26 Job submitted from host: <144.92.180.5:9618?addrs=144.92.180.5-9618+[2607-f388-101c-1000--368]-9618&alias=login02.hep.wisc.edu&noUDP&sock=schedd_2326_0560>
...
040 (3174162.000.000) 2022-01-03 21:41:51 Entered queue to transfer input files
	Transferring to host: <128.104.101.144:9618?addrs=128.104.101.144-9618+[2607-f388-107c-501-4603-a7ff-fe29-710d]-9618&alias=e144.chtc.wisc.edu&noUDP&sock=slot1_8_3060_cbf6_10827>
...
040 (3174162.000.000) 2022-01-03 21:42:32 Started transferring input files
	Seconds spent in queue: 41
...
040 (3174162.000.000) 2022-01-03 21:43:00 Finished transferring input files
...
001 (3174162.000.000) 2022-01-03 21:43:01 Job executing on host: <128.104.101.144:9618?addrs=128.104.101.144-9618+[2607-f388-107c-501-4603-a7ff-fe29-710d]-9618&alias=e144.chtc.wisc.edu&noUDP&sock=startd_1813_254b>
...
006 (3174162.000.000) 2022-01-03 21:43:09 Image size of job updated: 300604
	140  -  MemoryUsage of job (MB)
	142780  -  ResidentSetSize of job (KB)
...
006 (3174162.000.000) 2022-01-03 21:43:20 Image size of job updated: 576652
	167  -  MemoryUsage of job (MB)
	170288  -  ResidentSetSize of job (KB)
...
040 (3174162.000.000) 2022-01-03 21:43:25 Started transferring output files
	Seconds spent in queue: 94
...
040 (3174162.000.000) 2022-01-03 21:43:25 Finished transferring output files
...
005 (3174162.000.000) 2022-01-03 21:43:25 Job terminated.
	(1) Normal termination (return value 0)
		Usr 0 00:00:10, Sys 0 00:00:01  -  Run Remote Usage
		Usr 0 00:00:00, Sys 0 00:00:00  -  Run Local Usage
		Usr 0 00:00:10, Sys 0 00:00:01  -  Total Remote Usage
		Usr 0 00:00:00, Sys 0 00:00:00  -  Total Local Usage
	137243  -  Run Bytes Sent By Job
	315491648  -  Run Bytes Received By Job
	137243  -  Total Bytes Sent By Job
	315491648  -  Total Bytes Received By Job
	Partitionable Resources :     Usage  Request Allocated 
	   Cpus                 :      0.01        1         1 
	   Disk (KB)            : 308292     2048000   3398942 
	   IoHeavy              :                            0 
	   Memory (MB)          :    167        1992      2048 

	Job terminated of its own accord at 2022-01-04T03:43:20Z.
...
