000 (3174255.000.000) 2022-01-03 21:42:47 Job submitted from host: <144.92.180.5:9618?addrs=144.92.180.5-9618+[2607-f388-101c-1000--368]-9618&alias=login02.hep.wisc.edu&noUDP&sock=schedd_2326_0560>
...
040 (3174255.000.000) 2022-01-03 21:43:09 Entered queue to transfer input files
	Transferring to host: <128.105.245.77:9618?addrs=128.105.245.77-9618&alias=e277.chtc.wisc.edu&noUDP&sock=slot1_14_8978_9026_14617>
...
040 (3174255.000.000) 2022-01-03 21:46:37 Started transferring input files
	Seconds spent in queue: 208
...
040 (3174255.000.000) 2022-01-03 21:49:51 Finished transferring input files
...
001 (3174255.000.000) 2022-01-03 21:49:52 Job executing on host: <128.105.245.77:9618?addrs=128.105.245.77-9618&alias=e277.chtc.wisc.edu&noUDP&sock=startd_2096_4298>
...
006 (3174255.000.000) 2022-01-03 21:50:01 Image size of job updated: 867572
	398  -  MemoryUsage of job (MB)
	407500  -  ResidentSetSize of job (KB)
...
006 (3174255.000.000) 2022-01-03 21:50:07 Image size of job updated: 867572
	399  -  MemoryUsage of job (MB)
	408028  -  ResidentSetSize of job (KB)
...
040 (3174255.000.000) 2022-01-03 21:50:08 Started transferring output files
	Seconds spent in queue: 419
...
040 (3174255.000.000) 2022-01-03 21:50:08 Finished transferring output files
...
005 (3174255.000.000) 2022-01-03 21:50:09 Job terminated.
	(1) Normal termination (return value 0)
		Usr 0 00:00:08, Sys 0 00:00:01  -  Run Remote Usage
		Usr 0 00:00:00, Sys 0 00:00:00  -  Run Local Usage
		Usr 0 00:00:08, Sys 0 00:00:01  -  Total Remote Usage
		Usr 0 00:00:00, Sys 0 00:00:00  -  Total Local Usage
	157008  -  Run Bytes Sent By Job
	315491648  -  Run Bytes Received By Job
	157008  -  Total Bytes Sent By Job
	315491648  -  Total Bytes Received By Job
	Partitionable Resources :     Usage  Request Allocated 
	   Cpus                 :      0.05        1         1 
	   Disk (KB)            : 308311     2048000   2326135 
	   IoHeavy              :                            0 
	   Memory (MB)          :    399        1992      2048 

	Job terminated of its own accord at 2022-01-04T03:50:07Z.
...
