000 (3174260.000.000) 2022-01-03 21:42:58 Job submitted from host: <144.92.180.5:9618?addrs=144.92.180.5-9618+[2607-f388-101c-1000--368]-9618&alias=login02.hep.wisc.edu&noUDP&sock=schedd_2326_0560>
...
040 (3174260.000.000) 2022-01-03 21:43:30 Entered queue to transfer input files
	Transferring to host: <128.105.245.73:9618?addrs=128.105.245.73-9618&alias=e273.chtc.wisc.edu&noUDP&sock=slot1_12_26465_bc8d_96762>
...
040 (3174260.000.000) 2022-01-03 21:46:52 Started transferring input files
	Seconds spent in queue: 202
...
040 (3174260.000.000) 2022-01-03 21:51:09 Finished transferring input files
...
001 (3174260.000.000) 2022-01-03 21:51:10 Job executing on host: <128.105.245.73:9618?addrs=128.105.245.73-9618&alias=e273.chtc.wisc.edu&noUDP&sock=startd_7113_813d>
...
006 (3174260.000.000) 2022-01-03 21:51:19 Image size of job updated: 999056
	396  -  MemoryUsage of job (MB)
	405436  -  ResidentSetSize of job (KB)
...
040 (3174260.000.000) 2022-01-03 21:51:26 Started transferring output files
	Seconds spent in queue: 476
...
040 (3174260.000.000) 2022-01-03 21:51:26 Finished transferring output files
...
005 (3174260.000.000) 2022-01-03 21:51:27 Job terminated.
	(1) Normal termination (return value 0)
		Usr 0 00:00:05, Sys 0 00:00:01  -  Run Remote Usage
		Usr 0 00:00:00, Sys 0 00:00:00  -  Run Local Usage
		Usr 0 00:00:05, Sys 0 00:00:01  -  Total Remote Usage
		Usr 0 00:00:00, Sys 0 00:00:00  -  Total Local Usage
	111856  -  Run Bytes Sent By Job
	315491648  -  Run Bytes Received By Job
	111856  -  Total Bytes Sent By Job
	315491648  -  Total Bytes Received By Job
	Partitionable Resources :     Usage  Request Allocated 
	   Cpus                 :      0.61        1         1 
	   Disk (KB)            : 308267     2048000   2313634 
	   IoHeavy              :                            0 
	   Memory (MB)          :    396        1992      2048 

	Job terminated of its own accord at 2022-01-04T03:51:26Z.
...
