000 (3174183.000.000) 2022-01-03 21:41:37 Job submitted from host: <144.92.180.5:9618?addrs=144.92.180.5-9618+[2607-f388-101c-1000--368]-9618&alias=login02.hep.wisc.edu&noUDP&sock=schedd_2326_0560>
...
040 (3174183.000.000) 2022-01-03 21:41:54 Entered queue to transfer input files
	Transferring to host: <128.104.58.83:9618?addrs=128.104.58.83-9618+[2607-f388-1086-0-a6ba-dbff-fe38-e833]-9618&alias=e1073.chtc.wisc.edu&noUDP&sock=slot1_5_28406_58bc_13075>
...
040 (3174183.000.000) 2022-01-03 21:43:00 Started transferring input files
	Seconds spent in queue: 66
...
040 (3174183.000.000) 2022-01-03 21:43:31 Finished transferring input files
...
001 (3174183.000.000) 2022-01-03 21:43:32 Job executing on host: <128.104.58.83:9618?addrs=128.104.58.83-9618+[2607-f388-1086-0-a6ba-dbff-fe38-e833]-9618&alias=e1073.chtc.wisc.edu&noUDP&sock=startd_2942_8bb7>
...
006 (3174183.000.000) 2022-01-03 21:43:41 Image size of job updated: 646000
	496  -  MemoryUsage of job (MB)
	507268  -  ResidentSetSize of job (KB)
...
006 (3174183.000.000) 2022-01-03 21:43:49 Image size of job updated: 646132
	496  -  MemoryUsage of job (MB)
	507268  -  ResidentSetSize of job (KB)
...
040 (3174183.000.000) 2022-01-03 21:43:49 Started transferring output files
	Seconds spent in queue: 115
...
040 (3174183.000.000) 2022-01-03 21:43:49 Finished transferring output files
...
005 (3174183.000.000) 2022-01-03 21:43:50 Job terminated.
	(1) Normal termination (return value 0)
		Usr 0 00:00:11, Sys 0 00:00:01  -  Run Remote Usage
		Usr 0 00:00:00, Sys 0 00:00:00  -  Run Local Usage
		Usr 0 00:00:11, Sys 0 00:00:01  -  Total Remote Usage
		Usr 0 00:00:00, Sys 0 00:00:00  -  Total Local Usage
	142836  -  Run Bytes Sent By Job
	315491648  -  Run Bytes Received By Job
	142836  -  Total Bytes Sent By Job
	315491648  -  Total Bytes Received By Job
	Partitionable Resources :     Usage  Request Allocated 
	   Cpus                 :      0.17        1         1 
	   Disk (KB)            : 308297     2048000   2431657 
	   IoHeavy              :                            0 
	   Memory (MB)          :    496        1992      2048 

	Job terminated of its own accord at 2022-01-04T03:43:49Z.
...
