000 (3174249.000.000) 2022-01-03 21:42:37 Job submitted from host: <144.92.180.5:9618?addrs=144.92.180.5-9618+[2607-f388-101c-1000--368]-9618&alias=login02.hep.wisc.edu&noUDP&sock=schedd_2326_0560>
...
040 (3174249.000.000) 2022-01-03 21:43:03 Entered queue to transfer input files
	Transferring to host: <128.105.68.135:9618?addrs=128.105.68.135-9618&alias=e2433.chtc.wisc.edu&noUDP&sock=slot1_20_17713_2929_13965>
...
040 (3174249.000.000) 2022-01-03 21:45:30 Started transferring input files
	Seconds spent in queue: 147
...
040 (3174249.000.000) 2022-01-03 21:49:13 Finished transferring input files
...
001 (3174249.000.000) 2022-01-03 21:49:14 Job executing on host: <128.105.68.135:9618?addrs=128.105.68.135-9618&alias=e2433.chtc.wisc.edu&noUDP&sock=startd_2483_b5bf>
...
006 (3174249.000.000) 2022-01-03 21:49:23 Image size of job updated: 867568
	461  -  MemoryUsage of job (MB)
	471676  -  ResidentSetSize of job (KB)
...
006 (3174249.000.000) 2022-01-03 21:49:28 Image size of job updated: 867568
	464  -  MemoryUsage of job (MB)
	474712  -  ResidentSetSize of job (KB)
...
040 (3174249.000.000) 2022-01-03 21:49:29 Started transferring output files
	Seconds spent in queue: 386
...
040 (3174249.000.000) 2022-01-03 21:49:29 Finished transferring output files
...
005 (3174249.000.000) 2022-01-03 21:49:29 Job terminated.
	(1) Normal termination (return value 0)
		Usr 0 00:00:07, Sys 0 00:00:01  -  Run Remote Usage
		Usr 0 00:00:00, Sys 0 00:00:00  -  Run Local Usage
		Usr 0 00:00:07, Sys 0 00:00:01  -  Total Remote Usage
		Usr 0 00:00:00, Sys 0 00:00:00  -  Total Local Usage
	132414  -  Run Bytes Sent By Job
	315491680  -  Run Bytes Received By Job
	132414  -  Total Bytes Sent By Job
	315491680  -  Total Bytes Received By Job
	Partitionable Resources :     Usage  Request Allocated 
	   Cpus                 :      0.04        1         1 
	   Disk (KB)            : 308287     2048000   2341253 
	   IoHeavy              :                            0 
	   Memory (MB)          :    464        1992      2048 

	Job terminated of its own accord at 2022-01-04T03:49:28Z.
...
