000 (3174158.000.000) 2022-01-03 21:41:24 Job submitted from host: <144.92.180.5:9618?addrs=144.92.180.5-9618+[2607-f388-101c-1000--368]-9618&alias=login02.hep.wisc.edu&noUDP&sock=schedd_2326_0560>
...
040 (3174158.000.000) 2022-01-03 21:41:51 Entered queue to transfer input files
	Transferring to host: <128.104.58.217:9618?addrs=128.104.58.217-9618+[2607-f388-1086-0-16fe-b5ff-fec6-7cc9]-9618&alias=e1044.chtc.wisc.edu&noUDP&sock=slot1_1_44763_5535_13547>
...
040 (3174158.000.000) 2022-01-03 21:42:29 Started transferring input files
	Seconds spent in queue: 38
...
040 (3174158.000.000) 2022-01-03 21:44:10 Finished transferring input files
...
001 (3174158.000.000) 2022-01-03 21:44:11 Job executing on host: <128.104.58.217:9618?addrs=128.104.58.217-9618+[2607-f388-1086-0-16fe-b5ff-fec6-7cc9]-9618&alias=e1044.chtc.wisc.edu&noUDP&sock=startd_4992_acdd>
...
006 (3174158.000.000) 2022-01-03 21:44:20 Image size of job updated: 670700
	425  -  MemoryUsage of job (MB)
	434428  -  ResidentSetSize of job (KB)
...
006 (3174158.000.000) 2022-01-03 21:44:48 Image size of job updated: 1183268
	426  -  MemoryUsage of job (MB)
	435968  -  ResidentSetSize of job (KB)
...
040 (3174158.000.000) 2022-01-03 21:44:48 Started transferring output files
	Seconds spent in queue: 177
...
040 (3174158.000.000) 2022-01-03 21:44:48 Finished transferring output files
...
005 (3174158.000.000) 2022-01-03 21:44:48 Job terminated.
	(1) Normal termination (return value 0)
		Usr 0 00:00:28, Sys 0 00:00:03  -  Run Remote Usage
		Usr 0 00:00:00, Sys 0 00:00:00  -  Run Local Usage
		Usr 0 00:00:28, Sys 0 00:00:03  -  Total Remote Usage
		Usr 0 00:00:00, Sys 0 00:00:00  -  Total Local Usage
	152917  -  Run Bytes Sent By Job
	315491648  -  Run Bytes Received By Job
	152917  -  Total Bytes Sent By Job
	315491648  -  Total Bytes Received By Job
	Partitionable Resources :    Usage  Request Allocated 
	   Cpus                 :                 1         1 
	   Disk (KB)            :   308298  2048000   2306780 
	   IoHeavy              :                           0 
	   Memory (MB)          :      426     1992      2048 

	Job terminated of its own accord at 2022-01-04T03:44:48Z.
...
