000 (3174245.000.000) 2022-01-03 21:42:32 Job submitted from host: <144.92.180.5:9618?addrs=144.92.180.5-9618+[2607-f388-101c-1000--368]-9618&alias=login02.hep.wisc.edu&noUDP&sock=schedd_2326_0560>
...
040 (3174245.000.000) 2022-01-03 21:43:38 Entered queue to transfer input files
	Transferring to host: <128.104.101.28:9618?addrs=128.104.101.28-9618+[2607-f388-107c-501-a6ba-dbff-fe38-fcb6]-9618&alias=e0059.chtc.wisc.edu&noUDP&sock=slot1_7_5518_ae19_10873>
...
040 (3174245.000.000) 2022-01-03 21:47:23 Started transferring input files
	Seconds spent in queue: 225
...
040 (3174245.000.000) 2022-01-03 21:50:43 Finished transferring input files
...
001 (3174245.000.000) 2022-01-03 21:50:44 Job executing on host: <128.104.101.28:9618?addrs=128.104.101.28-9618+[2607-f388-107c-501-a6ba-dbff-fe38-fcb6]-9618&alias=e0059.chtc.wisc.edu&noUDP&sock=startd_4651_c712>
...
006 (3174245.000.000) 2022-01-03 21:50:53 Image size of job updated: 639772
	489  -  MemoryUsage of job (MB)
	500512  -  ResidentSetSize of job (KB)
...
006 (3174245.000.000) 2022-01-03 21:51:25 Image size of job updated: 1178388
	489  -  MemoryUsage of job (MB)
	500512  -  ResidentSetSize of job (KB)
...
040 (3174245.000.000) 2022-01-03 21:51:25 Started transferring output files
	Seconds spent in queue: 467
...
040 (3174245.000.000) 2022-01-03 21:51:25 Finished transferring output files
...
005 (3174245.000.000) 2022-01-03 21:51:25 Job terminated.
	(1) Normal termination (return value 0)
		Usr 0 00:00:19, Sys 0 00:00:02  -  Run Remote Usage
		Usr 0 00:00:00, Sys 0 00:00:00  -  Run Local Usage
		Usr 0 00:00:19, Sys 0 00:00:02  -  Total Remote Usage
		Usr 0 00:00:00, Sys 0 00:00:00  -  Total Local Usage
	153565  -  Run Bytes Sent By Job
	315491680  -  Run Bytes Received By Job
	153565  -  Total Bytes Sent By Job
	315491680  -  Total Bytes Received By Job
	Partitionable Resources :     Usage  Request Allocated 
	   Cpus                 :      0.04        1         1 
	   Disk (KB)            : 308308     2048000   2441325 
	   IoHeavy              :                            0 
	   Memory (MB)          :    489        1992      2048 

	Job terminated of its own accord at 2022-01-04T03:51:25Z.
...
