000 (3174292.000.000) 2022-01-03 21:43:21 Job submitted from host: <144.92.180.5:9618?addrs=144.92.180.5-9618+[2607-f388-101c-1000--368]-9618&alias=login02.hep.wisc.edu&noUDP&sock=schedd_2326_0560>
...
040 (3174292.000.000) 2022-01-03 21:43:51 Entered queue to transfer input files
	Transferring to host: <128.104.58.192:9618?addrs=128.104.58.192-9618+[2607-f388-1086-0-16fe-b5ff-fec6-773b]-9618&alias=e1047.chtc.wisc.edu&noUDP&sock=slot1_1_12919_5aa6_12995>
...
040 (3174292.000.000) 2022-01-03 21:48:23 Started transferring input files
	Seconds spent in queue: 272
...
040 (3174292.000.000) 2022-01-03 21:49:54 Finished transferring input files
...
001 (3174292.000.000) 2022-01-03 21:49:55 Job executing on host: <128.104.58.192:9618?addrs=128.104.58.192-9618+[2607-f388-1086-0-16fe-b5ff-fec6-773b]-9618&alias=e1047.chtc.wisc.edu&noUDP&sock=startd_4941_b189>
...
006 (3174292.000.000) 2022-01-03 21:50:04 Image size of job updated: 51056
	25  -  MemoryUsage of job (MB)
	24924  -  ResidentSetSize of job (KB)
...
006 (3174292.000.000) 2022-01-03 21:50:19 Image size of job updated: 894068
	25  -  MemoryUsage of job (MB)
	24924  -  ResidentSetSize of job (KB)
...
040 (3174292.000.000) 2022-01-03 21:50:19 Started transferring output files
	Seconds spent in queue: 388
...
040 (3174292.000.000) 2022-01-03 21:50:19 Finished transferring output files
...
005 (3174292.000.000) 2022-01-03 21:50:19 Job terminated.
	(1) Normal termination (return value 0)
		Usr 0 00:00:05, Sys 0 00:00:02  -  Run Remote Usage
		Usr 0 00:00:00, Sys 0 00:00:00  -  Run Local Usage
		Usr 0 00:00:05, Sys 0 00:00:02  -  Total Remote Usage
		Usr 0 00:00:00, Sys 0 00:00:00  -  Total Local Usage
	130479  -  Run Bytes Sent By Job
	315491680  -  Run Bytes Received By Job
	130479  -  Total Bytes Sent By Job
	315491680  -  Total Bytes Received By Job
	Partitionable Resources :    Usage  Request Allocated 
	   Cpus                 :        0        1         1 
	   Disk (KB)            :   308285  2048000   2310269 
	   IoHeavy              :                           0 
	   Memory (MB)          :       25     1992      2048 

	Job terminated of its own accord at 2022-01-04T03:50:19Z.
...
