000 (3174173.000.000) 2022-01-03 21:41:32 Job submitted from host: <144.92.180.5:9618?addrs=144.92.180.5-9618+[2607-f388-101c-1000--368]-9618&alias=login02.hep.wisc.edu&noUDP&sock=schedd_2326_0560>
...
040 (3174173.000.000) 2022-01-03 21:41:52 Entered queue to transfer input files
	Transferring to host: <128.104.55.10:9618?addrs=128.104.55.10-9618+[2607-f388-1086-0-221-9bff-fe8d-d79e]-9618&alias=e002.chtc.wisc.edu&noUDP&sock=slot1_3_18204_1d5d_12964>
...
040 (3174173.000.000) 2022-01-03 21:42:46 Started transferring input files
	Seconds spent in queue: 54
...
040 (3174173.000.000) 2022-01-03 21:45:35 Finished transferring input files
...
001 (3174173.000.000) 2022-01-03 21:45:36 Job executing on host: <128.104.55.10:9618?addrs=128.104.55.10-9618+[2607-f388-1086-0-221-9bff-fe8d-d79e]-9618&alias=e002.chtc.wisc.edu&noUDP&sock=startd_4751_5e8a>
...
006 (3174173.000.000) 2022-01-03 21:45:44 Image size of job updated: 46200
	8  -  MemoryUsage of job (MB)
	8052  -  ResidentSetSize of job (KB)
...
006 (3174173.000.000) 2022-01-03 21:46:08 Image size of job updated: 1197180
	8  -  MemoryUsage of job (MB)
	8184  -  ResidentSetSize of job (KB)
...
040 (3174173.000.000) 2022-01-03 21:46:13 Entered queue to transfer output files
...
040 (3174173.000.000) 2022-01-03 21:46:13 Started transferring output files
	Seconds spent in queue: 261
...
040 (3174173.000.000) 2022-01-03 21:46:13 Finished transferring output files
...
005 (3174173.000.000) 2022-01-03 21:46:14 Job terminated.
	(1) Normal termination (return value 0)
		Usr 0 00:00:08, Sys 0 00:00:01  -  Run Remote Usage
		Usr 0 00:00:00, Sys 0 00:00:00  -  Run Local Usage
		Usr 0 00:00:08, Sys 0 00:00:01  -  Total Remote Usage
		Usr 0 00:00:00, Sys 0 00:00:00  -  Total Local Usage
	132074  -  Run Bytes Sent By Job
	315491648  -  Run Bytes Received By Job
	132074  -  Total Bytes Sent By Job
	315491648  -  Total Bytes Received By Job
	Partitionable Resources :     Usage  Request Allocated 
	   Cpus                 :      0.04        1         1 
	   Disk (KB)            : 308286     2048000   2080693 
	   IoHeavy              :                            0 
	   Memory (MB)          :      8        1992      2048 

	Job terminated of its own accord at 2022-01-04T03:46:08Z.
...
