000 (3174281.000.000) 2022-01-03 21:43:15 Job submitted from host: <144.92.180.5:9618?addrs=144.92.180.5-9618+[2607-f388-101c-1000--368]-9618&alias=login02.hep.wisc.edu&noUDP&sock=schedd_2326_0560>
...
040 (3174281.000.000) 2022-01-03 21:43:49 Entered queue to transfer input files
	Transferring to host: <128.105.245.110:9618?addrs=128.105.245.110-9618&alias=e310.chtc.wisc.edu&noUDP&sock=slot1_16_29899_4cd9_14186>
...
040 (3174281.000.000) 2022-01-03 21:47:52 Started transferring input files
	Seconds spent in queue: 243
...
040 (3174281.000.000) 2022-01-03 21:49:33 Finished transferring input files
...
001 (3174281.000.000) 2022-01-03 21:49:34 Job executing on host: <128.105.245.110:9618?addrs=128.105.245.110-9618&alias=e310.chtc.wisc.edu&noUDP&sock=startd_2776_aefe>
...
006 (3174281.000.000) 2022-01-03 21:49:42 Image size of job updated: 541392
	396  -  MemoryUsage of job (MB)
	405168  -  ResidentSetSize of job (KB)
...
006 (3174281.000.000) 2022-01-03 21:50:39 Image size of job updated: 1185956
	396  -  MemoryUsage of job (MB)
	405168  -  ResidentSetSize of job (KB)
...
040 (3174281.000.000) 2022-01-03 21:50:39 Started transferring output files
	Seconds spent in queue: 410
...
040 (3174281.000.000) 2022-01-03 21:50:39 Finished transferring output files
...
005 (3174281.000.000) 2022-01-03 21:50:39 Job terminated.
	(1) Normal termination (return value 0)
		Usr 0 00:00:39, Sys 0 00:00:02  -  Run Remote Usage
		Usr 0 00:00:00, Sys 0 00:00:00  -  Run Local Usage
		Usr 0 00:00:39, Sys 0 00:00:02  -  Total Remote Usage
		Usr 0 00:00:00, Sys 0 00:00:00  -  Total Local Usage
	163578  -  Run Bytes Sent By Job
	315491616  -  Run Bytes Received By Job
	163578  -  Total Bytes Sent By Job
	315491616  -  Total Bytes Received By Job
	Partitionable Resources :    Usage  Request Allocated 
	   Cpus                 :        0        1         1 
	   Disk (KB)            :   308317  2048000   2327966 
	   IoHeavy              :                           0 
	   Memory (MB)          :      396     1992      2048 

	Job terminated of its own accord at 2022-01-04T03:50:39Z.
...
