All files added.
Initializing chain.
from Init MC
.... MC file ..... 
Coming in: 
nentries:6080
Running over 6080 events.
Finished entry 0/6079
Finished entry 300/6079
Finished entry 600/6079
Finished entry 900/6079
Finished entry 1200/6079
Finished entry 1500/6079
Finished entry 1800/6079
Finished entry 2100/6079
Finished entry 2400/6079
Finished entry 2700/6079
Finished entry 3000/6079
Finished entry 3300/6079
Finished entry 3600/6079
Finished entry 3900/6079
Finished entry 4200/6079
Finished entry 4500/6079
Finished entry 4800/6079
Finished entry 5100/6079
Finished entry 5400/6079
Finished entry 5700/6079
Finished entry 6000/6079
Finished entry 6079/6079
All events checked.
*******************************************
******************Jithin's original*************************
    Initial entries 6080.000000
   Passing smikking 0.000000
Inspected genWeightd 5494.000000   % change= 9.638158
   METFiltersPassed 5314.600534   % change= 3.265371
    SingleTrgPassed 450.681650   % change= 91.519934
     GoodMuonPassed 176.458406   % change= 60.846330
      GoodTauPassed 8.928207   % change= 94.940333
         opp charge 8.928207   % change= 0.000000
 PassedThirdLepVeto 7.477957   % change= 16.243462
     PassedBjetVeto 1.524023   % change= 79.619795
       DeltaRPassed 1.524023   % change= 0.000000
      Total change :99.974934
*******************************************
*******************************************
Number of events inspected: 6080
Number of events inspected (minus negative gen. weights): 5494.000000
 Outpt written to ST_t-channel_top_10.root
Real time 0:00:10, CP time 5.050
