000 (3174248.000.000) 2022-01-03 21:42:36 Job submitted from host: <144.92.180.5:9618?addrs=144.92.180.5-9618+[2607-f388-101c-1000--368]-9618&alias=login02.hep.wisc.edu&noUDP&sock=schedd_2326_0560>
...
040 (3174248.000.000) 2022-01-03 21:43:53 Entered queue to transfer input files
	Transferring to host: <128.105.245.208:9618?addrs=128.105.245.208-9618&alias=e2408.chtc.wisc.edu&noUDP&sock=slot1_7_15180_6ee2_14146>
...
040 (3174248.000.000) 2022-01-03 21:48:55 Started transferring input files
	Seconds spent in queue: 302
...
040 (3174248.000.000) 2022-01-03 21:51:24 Finished transferring input files
...
001 (3174248.000.000) 2022-01-03 21:51:25 Job executing on host: <128.105.245.208:9618?addrs=128.105.245.208-9618&alias=e2408.chtc.wisc.edu&noUDP&sock=startd_2373_4254>
...
006 (3174248.000.000) 2022-01-03 21:51:34 Image size of job updated: 999060
	397  -  MemoryUsage of job (MB)
	405556  -  ResidentSetSize of job (KB)
...
006 (3174248.000.000) 2022-01-03 21:54:28 Image size of job updated: 1175684
	397  -  MemoryUsage of job (MB)
	405556  -  ResidentSetSize of job (KB)
...
040 (3174248.000.000) 2022-01-03 21:54:28 Started transferring output files
	Seconds spent in queue: 635
...
040 (3174248.000.000) 2022-01-03 21:54:28 Finished transferring output files
...
005 (3174248.000.000) 2022-01-03 21:54:28 Job terminated.
	(1) Normal termination (return value 0)
		Usr 0 00:01:51, Sys 0 00:00:05  -  Run Remote Usage
		Usr 0 00:00:00, Sys 0 00:00:00  -  Run Local Usage
		Usr 0 00:01:51, Sys 0 00:00:05  -  Total Remote Usage
		Usr 0 00:00:00, Sys 0 00:00:00  -  Total Local Usage
	160930  -  Run Bytes Sent By Job
	315491680  -  Run Bytes Received By Job
	160930  -  Total Bytes Sent By Job
	315491680  -  Total Bytes Received By Job
	Partitionable Resources :     Usage  Request Allocated 
	   Cpus                 :      0.83        1         1 
	   Disk (KB)            : 308315     2048000   2361642 
	   IoHeavy              :                            0 
	   Memory (MB)          :    397        1992      2048 

	Job terminated of its own accord at 2022-01-04T03:54:27Z.
...
