000 (3174273.000.000) 2022-01-03 21:43:10 Job submitted from host: <144.92.180.5:9618?addrs=144.92.180.5-9618+[2607-f388-101c-1000--368]-9618&alias=login02.hep.wisc.edu&noUDP&sock=schedd_2326_0560>
...
040 (3174273.000.000) 2022-01-03 21:43:48 Entered queue to transfer input files
	Transferring to host: <128.105.68.127:9618?addrs=128.105.68.127-9618&alias=e2441.chtc.wisc.edu&noUDP&sock=slot1_10_7342_da64_15035>
...
040 (3174273.000.000) 2022-01-03 21:47:31 Started transferring input files
	Seconds spent in queue: 223
...
040 (3174273.000.000) 2022-01-03 21:48:23 Finished transferring input files
...
001 (3174273.000.000) 2022-01-03 21:48:24 Job executing on host: <128.105.68.127:9618?addrs=128.105.68.127-9618&alias=e2441.chtc.wisc.edu&noUDP&sock=startd_2383_1e46>
...
006 (3174273.000.000) 2022-01-03 21:48:34 Image size of job updated: 570592
	424  -  MemoryUsage of job (MB)
	433444  -  ResidentSetSize of job (KB)
...
006 (3174273.000.000) 2022-01-03 21:48:39 Image size of job updated: 570724
	424  -  MemoryUsage of job (MB)
	433576  -  ResidentSetSize of job (KB)
...
040 (3174273.000.000) 2022-01-03 21:48:44 Entered queue to transfer output files
...
040 (3174273.000.000) 2022-01-03 21:48:47 Started transferring output files
	Seconds spent in queue: 299
...
040 (3174273.000.000) 2022-01-03 21:48:47 Finished transferring output files
...
005 (3174273.000.000) 2022-01-03 21:48:47 Job terminated.
	(1) Normal termination (return value 0)
		Usr 0 00:00:05, Sys 0 00:00:01  -  Run Remote Usage
		Usr 0 00:00:00, Sys 0 00:00:00  -  Run Local Usage
		Usr 0 00:00:05, Sys 0 00:00:01  -  Total Remote Usage
		Usr 0 00:00:00, Sys 0 00:00:00  -  Total Local Usage
	128944  -  Run Bytes Sent By Job
	315491648  -  Run Bytes Received By Job
	128944  -  Total Bytes Sent By Job
	315491648  -  Total Bytes Received By Job
	Partitionable Resources :    Usage  Request Allocated 
	   Cpus                 :        0        1         1 
	   Disk (KB)            :   308284  2048000   2354158 
	   IoHeavy              :                           0 
	   Memory (MB)          :      424     1992      2048 

	Job terminated of its own accord at 2022-01-04T03:48:39Z.
...
