000 (3174186.000.000) 2022-01-03 21:41:39 Job submitted from host: <144.92.180.5:9618?addrs=144.92.180.5-9618+[2607-f388-101c-1000--368]-9618&alias=login02.hep.wisc.edu&noUDP&sock=schedd_2326_0560>
...
040 (3174186.000.000) 2022-01-03 21:42:55 Entered queue to transfer input files
	Transferring to host: <128.105.68.132:9618?addrs=128.105.68.132-9618&alias=e2436.chtc.wisc.edu&noUDP&sock=slot1_10_22105_b8dc_15259>
...
040 (3174186.000.000) 2022-01-03 21:44:20 Started transferring input files
	Seconds spent in queue: 85
...
040 (3174186.000.000) 2022-01-03 21:45:27 Finished transferring input files
...
001 (3174186.000.000) 2022-01-03 21:45:28 Job executing on host: <128.105.68.132:9618?addrs=128.105.68.132-9618&alias=e2436.chtc.wisc.edu&noUDP&sock=startd_2948_a949>
...
006 (3174186.000.000) 2022-01-03 21:45:36 Image size of job updated: 546644
	399  -  MemoryUsage of job (MB)
	407780  -  ResidentSetSize of job (KB)
...
006 (3174186.000.000) 2022-01-03 21:45:42 Image size of job updated: 648020
	399  -  MemoryUsage of job (MB)
	407780  -  ResidentSetSize of job (KB)
...
040 (3174186.000.000) 2022-01-03 21:45:47 Entered queue to transfer output files
...
040 (3174186.000.000) 2022-01-03 21:45:51 Started transferring output files
	Seconds spent in queue: 176
...
040 (3174186.000.000) 2022-01-03 21:45:51 Finished transferring output files
...
005 (3174186.000.000) 2022-01-03 21:45:51 Job terminated.
	(1) Normal termination (return value 0)
		Usr 0 00:00:06, Sys 0 00:00:01  -  Run Remote Usage
		Usr 0 00:00:00, Sys 0 00:00:00  -  Run Local Usage
		Usr 0 00:00:06, Sys 0 00:00:01  -  Total Remote Usage
		Usr 0 00:00:00, Sys 0 00:00:00  -  Total Local Usage
	114538  -  Run Bytes Sent By Job
	315491648  -  Run Bytes Received By Job
	114538  -  Total Bytes Sent By Job
	315491648  -  Total Bytes Received By Job
	Partitionable Resources :     Usage  Request Allocated 
	   Cpus                 :      0.10        1         1 
	   Disk (KB)            : 308269     2048000   2353731 
	   IoHeavy              :                            0 
	   Memory (MB)          :    399        1992      2048 

	Job terminated of its own accord at 2022-01-04T03:45:42Z.
...
