000 (3174311.000.000) 2022-01-03 21:43:44 Job submitted from host: <144.92.180.5:9618?addrs=144.92.180.5-9618+[2607-f388-101c-1000--368]-9618&alias=login02.hep.wisc.edu&noUDP&sock=schedd_2326_0560>
...
040 (3174311.000.000) 2022-01-03 21:43:56 Entered queue to transfer input files
	Transferring to host: <128.104.58.107:9618?addrs=128.104.58.107-9618+[2607-f388-1086-0-862b-2bff-fe46-e4bf]-9618&alias=e1465.chtc.wisc.edu&noUDP&sock=slot1_7_23268_292b_14484>
...
040 (3174311.000.000) 2022-01-03 21:49:26 Started transferring input files
	Seconds spent in queue: 330
...
040 (3174311.000.000) 2022-01-03 21:50:45 Finished transferring input files
...
001 (3174311.000.000) 2022-01-03 21:50:46 Job executing on host: <128.104.58.107:9618?addrs=128.104.58.107-9618+[2607-f388-1086-0-862b-2bff-fe46-e4bf]-9618&alias=e1465.chtc.wisc.edu&noUDP&sock=startd_4577_0510>
...
006 (3174311.000.000) 2022-01-03 21:50:54 Image size of job updated: 685152
	397  -  MemoryUsage of job (MB)
	405860  -  ResidentSetSize of job (KB)
...
006 (3174311.000.000) 2022-01-03 21:54:24 Image size of job updated: 1182672
	397  -  MemoryUsage of job (MB)
	405992  -  ResidentSetSize of job (KB)
...
040 (3174311.000.000) 2022-01-03 21:54:24 Started transferring output files
	Seconds spent in queue: 628
...
040 (3174311.000.000) 2022-01-03 21:54:24 Finished transferring output files
...
005 (3174311.000.000) 2022-01-03 21:54:24 Job terminated.
	(1) Normal termination (return value 0)
		Usr 0 00:01:40, Sys 0 00:00:10  -  Run Remote Usage
		Usr 0 00:00:00, Sys 0 00:00:00  -  Run Local Usage
		Usr 0 00:01:40, Sys 0 00:00:10  -  Total Remote Usage
		Usr 0 00:00:00, Sys 0 00:00:00  -  Total Local Usage
	140684  -  Run Bytes Sent By Job
	315491616  -  Run Bytes Received By Job
	140684  -  Total Bytes Sent By Job
	315491616  -  Total Bytes Received By Job
	Partitionable Resources :     Usage  Request Allocated 
	   Cpus                 :      0.53        1         1 
	   Disk (KB)            : 308295     2048000   5512618 
	   IoHeavy              :                            0 
	   Memory (MB)          :    397        1992      2048 

	Job terminated of its own accord at 2022-01-04T03:54:24Z.
...
