000 (3174234.000.000) 2022-01-03 21:42:22 Job submitted from host: <144.92.180.5:9618?addrs=144.92.180.5-9618+[2607-f388-101c-1000--368]-9618&alias=login02.hep.wisc.edu&noUDP&sock=schedd_2326_0560>
...
040 (3174234.000.000) 2022-01-03 21:43:06 Entered queue to transfer input files
	Transferring to host: <128.104.58.172:9618?addrs=128.104.58.172-9618+[2607-f388-1086-0-16fe-b5ff-fec6-7984]-9618&alias=e1026.chtc.wisc.edu&noUDP&sock=slot1_17_11283_a4e4_13195>
...
040 (3174234.000.000) 2022-01-03 21:45:59 Started transferring input files
	Seconds spent in queue: 173
...
040 (3174234.000.000) 2022-01-03 21:46:44 Finished transferring input files
...
001 (3174234.000.000) 2022-01-03 21:46:45 Job executing on host: <128.104.58.172:9618?addrs=128.104.58.172-9618+[2607-f388-1086-0-16fe-b5ff-fec6-7984]-9618&alias=e1026.chtc.wisc.edu&noUDP&sock=startd_4968_3697>
...
006 (3174234.000.000) 2022-01-03 21:46:54 Image size of job updated: 94496
	36  -  MemoryUsage of job (MB)
	36048  -  ResidentSetSize of job (KB)
...
006 (3174234.000.000) 2022-01-03 21:47:29 Image size of job updated: 1172320
	36  -  MemoryUsage of job (MB)
	36192  -  ResidentSetSize of job (KB)
...
040 (3174234.000.000) 2022-01-03 21:47:31 Started transferring output files
	Seconds spent in queue: 265
...
040 (3174234.000.000) 2022-01-03 21:47:31 Finished transferring output files
...
005 (3174234.000.000) 2022-01-03 21:47:31 Job terminated.
	(1) Normal termination (return value 0)
		Usr 0 00:00:18, Sys 0 00:00:03  -  Run Remote Usage
		Usr 0 00:00:00, Sys 0 00:00:00  -  Run Local Usage
		Usr 0 00:00:18, Sys 0 00:00:03  -  Total Remote Usage
		Usr 0 00:00:00, Sys 0 00:00:00  -  Total Local Usage
	90868  -  Run Bytes Sent By Job
	315491648  -  Run Bytes Received By Job
	90868  -  Total Bytes Sent By Job
	315491648  -  Total Bytes Received By Job
	Partitionable Resources :    Usage  Request Allocated 
	   Cpus                 :        0        1         1 
	   Disk (KB)            :   308246  2048000   3038934 
	   IoHeavy              :                           0 
	   Memory (MB)          :       36     1992      2048 

	Job terminated of its own accord at 2022-01-04T03:47:29Z.
...
