000 (3174224.000.000) 2022-01-03 21:42:16 Job submitted from host: <144.92.180.5:9618?addrs=144.92.180.5-9618+[2607-f388-101c-1000--368]-9618&alias=login02.hep.wisc.edu&noUDP&sock=schedd_2326_0560>
...
040 (3174224.000.000) 2022-01-03 21:43:09 Entered queue to transfer input files
	Transferring to host: <128.105.245.158:9618?addrs=128.105.245.158-9618&alias=e2358.chtc.wisc.edu&noUDP&sock=slot1_17_11493_9bac_14272>
...
040 (3174224.000.000) 2022-01-03 21:46:33 Started transferring input files
	Seconds spent in queue: 204
...
040 (3174224.000.000) 2022-01-03 21:47:51 Finished transferring input files
...
001 (3174224.000.000) 2022-01-03 21:47:52 Job executing on host: <128.105.245.158:9618?addrs=128.105.245.158-9618&alias=e2358.chtc.wisc.edu&noUDP&sock=startd_2758_564a>
...
006 (3174224.000.000) 2022-01-03 21:48:00 Image size of job updated: 654908
	393  -  MemoryUsage of job (MB)
	401724  -  ResidentSetSize of job (KB)
...
006 (3174224.000.000) 2022-01-03 21:49:57 Image size of job updated: 1171816
	393  -  MemoryUsage of job (MB)
	401724  -  ResidentSetSize of job (KB)
...
040 (3174224.000.000) 2022-01-03 21:50:00 Started transferring output files
	Seconds spent in queue: 411
...
040 (3174224.000.000) 2022-01-03 21:50:00 Finished transferring output files
...
005 (3174224.000.000) 2022-01-03 21:50:01 Job terminated.
	(1) Normal termination (return value 0)
		Usr 0 00:00:59, Sys 0 00:00:02  -  Run Remote Usage
		Usr 0 00:00:00, Sys 0 00:00:00  -  Run Local Usage
		Usr 0 00:00:59, Sys 0 00:00:02  -  Total Remote Usage
		Usr 0 00:00:00, Sys 0 00:00:00  -  Total Local Usage
	139573  -  Run Bytes Sent By Job
	315491648  -  Run Bytes Received By Job
	139573  -  Total Bytes Sent By Job
	315491648  -  Total Bytes Received By Job
	Partitionable Resources :     Usage  Request Allocated 
	   Cpus                 :      0.66        1         1 
	   Disk (KB)            : 308294     2048000   2319559 
	   IoHeavy              :                            0 
	   Memory (MB)          :    393        1992      2048 

	Job terminated of its own accord at 2022-01-04T03:49:57Z.
...
