000 (3174326.000.000) 2022-01-03 21:43:57 Job submitted from host: <144.92.180.5:9618?addrs=144.92.180.5-9618+[2607-f388-101c-1000--368]-9618&alias=login02.hep.wisc.edu&noUDP&sock=schedd_2326_0560>
...
040 (3174326.000.000) 2022-01-03 21:44:41 Entered queue to transfer input files
	Transferring to host: <128.105.245.179:9618?addrs=128.105.245.179-9618&alias=e379.chtc.wisc.edu&noUDP&sock=slot1_28_9383_ec17_14887>
...
040 (3174326.000.000) 2022-01-03 21:50:04 Started transferring input files
	Seconds spent in queue: 323
...
040 (3174326.000.000) 2022-01-03 21:50:59 Finished transferring input files
...
001 (3174326.000.000) 2022-01-03 21:51:00 Job executing on host: <128.105.245.179:9618?addrs=128.105.245.179-9618&alias=e379.chtc.wisc.edu&noUDP&sock=startd_2664_dc63>
...
006 (3174326.000.000) 2022-01-03 21:51:08 Image size of job updated: 765824
	554  -  MemoryUsage of job (MB)
	566528  -  ResidentSetSize of job (KB)
...
006 (3174326.000.000) 2022-01-03 21:56:08 Image size of job updated: 1215432
	560  -  MemoryUsage of job (MB)
	573392  -  ResidentSetSize of job (KB)
...
040 (3174326.000.000) 2022-01-03 21:57:05 Started transferring output files
	Seconds spent in queue: 744
...
040 (3174326.000.000) 2022-01-03 21:57:05 Finished transferring output files
...
005 (3174326.000.000) 2022-01-03 21:57:05 Job terminated.
	(1) Normal termination (return value 0)
		Usr 0 00:01:30, Sys 0 00:00:07  -  Run Remote Usage
		Usr 0 00:00:00, Sys 0 00:00:00  -  Run Local Usage
		Usr 0 00:01:30, Sys 0 00:00:07  -  Total Remote Usage
		Usr 0 00:00:00, Sys 0 00:00:00  -  Total Local Usage
	139466  -  Run Bytes Sent By Job
	315491648  -  Run Bytes Received By Job
	139466  -  Total Bytes Sent By Job
	315491648  -  Total Bytes Received By Job
	Partitionable Resources :     Usage  Request Allocated 
	   Cpus                 :      0.30        1         1 
	   Disk (KB)            : 308294     2048000   2338563 
	   IoHeavy              :                            0 
	   Memory (MB)          :    560        1992      2048 

	Job terminated of its own accord at 2022-01-04T03:57:05Z.
...
