000 (3174141.000.000) 2022-01-03 21:41:16 Job submitted from host: <144.92.180.5:9618?addrs=144.92.180.5-9618+[2607-f388-101c-1000--368]-9618&alias=login02.hep.wisc.edu&noUDP&sock=schedd_2326_0560>
...
040 (3174141.000.000) 2022-01-03 21:41:44 Started transferring input files
	Transferring to host: <128.105.245.118:9618?addrs=128.105.245.118-9618&alias=e2318.chtc.wisc.edu&noUDP&sock=slot1_4_32835_fa50_14316>
...
040 (3174141.000.000) 2022-01-03 21:42:46 Finished transferring input files
...
001 (3174141.000.000) 2022-01-03 21:42:47 Job executing on host: <128.105.245.118:9618?addrs=128.105.245.118-9618&alias=e2318.chtc.wisc.edu&noUDP&sock=startd_2334_8222>
...
006 (3174141.000.000) 2022-01-03 21:42:56 Image size of job updated: 538916
	396  -  MemoryUsage of job (MB)
	404804  -  ResidentSetSize of job (KB)
...
006 (3174141.000.000) 2022-01-03 21:43:14 Image size of job updated: 1183480
	396  -  MemoryUsage of job (MB)
	404804  -  ResidentSetSize of job (KB)
...
040 (3174141.000.000) 2022-01-03 21:43:19 Entered queue to transfer output files
...
040 (3174141.000.000) 2022-01-03 21:43:25 Started transferring output files
...
040 (3174141.000.000) 2022-01-03 21:43:25 Finished transferring output files
...
005 (3174141.000.000) 2022-01-03 21:43:25 Job terminated.
	(1) Normal termination (return value 0)
		Usr 0 00:00:15, Sys 0 00:00:02  -  Run Remote Usage
		Usr 0 00:00:00, Sys 0 00:00:00  -  Run Local Usage
		Usr 0 00:00:15, Sys 0 00:00:02  -  Total Remote Usage
		Usr 0 00:00:00, Sys 0 00:00:00  -  Total Local Usage
	160972  -  Run Bytes Sent By Job
	315491648  -  Run Bytes Received By Job
	160972  -  Total Bytes Sent By Job
	315491648  -  Total Bytes Received By Job
	Partitionable Resources :     Usage  Request Allocated 
	   Cpus                 :      0.07        1         1 
	   Disk (KB)            : 308315     2048000   2338385 
	   IoHeavy              :                            0 
	   Memory (MB)          :    396        1992      2048 

	Job terminated of its own accord at 2022-01-04T03:43:14Z.
...
