000 (3174263.000.000) 2022-01-03 21:43:04 Job submitted from host: <144.92.180.5:9618?addrs=144.92.180.5-9618+[2607-f388-101c-1000--368]-9618&alias=login02.hep.wisc.edu&noUDP&sock=schedd_2326_0560>
...
040 (3174263.000.000) 2022-01-03 21:43:31 Entered queue to transfer input files
	Transferring to host: <128.104.101.144:9618?addrs=128.104.101.144-9618+[2607-f388-107c-501-4603-a7ff-fe29-710d]-9618&alias=e144.chtc.wisc.edu&noUDP&sock=slot1_8_3060_cbf6_10830>
...
040 (3174263.000.000) 2022-01-03 21:47:00 Started transferring input files
	Seconds spent in queue: 209
...
040 (3174263.000.000) 2022-01-03 21:48:34 Finished transferring input files
...
001 (3174263.000.000) 2022-01-03 21:48:35 Job executing on host: <128.104.101.144:9618?addrs=128.104.101.144-9618+[2607-f388-107c-501-4603-a7ff-fe29-710d]-9618&alias=e144.chtc.wisc.edu&noUDP&sock=startd_1813_254b>
...
006 (3174263.000.000) 2022-01-03 21:48:44 Image size of job updated: 652688
	424  -  MemoryUsage of job (MB)
	434124  -  ResidentSetSize of job (KB)
...
040 (3174263.000.000) 2022-01-03 21:48:47 Started transferring output files
	Seconds spent in queue: 316
...
040 (3174263.000.000) 2022-01-03 21:48:47 Finished transferring output files
...
005 (3174263.000.000) 2022-01-03 21:48:47 Job terminated.
	(1) Normal termination (return value 0)
		Usr 0 00:00:06, Sys 0 00:00:01  -  Run Remote Usage
		Usr 0 00:00:00, Sys 0 00:00:00  -  Run Local Usage
		Usr 0 00:00:06, Sys 0 00:00:01  -  Total Remote Usage
		Usr 0 00:00:00, Sys 0 00:00:00  -  Total Local Usage
	114669  -  Run Bytes Sent By Job
	315491648  -  Run Bytes Received By Job
	114669  -  Total Bytes Sent By Job
	315491648  -  Total Bytes Received By Job
	Partitionable Resources :     Usage  Request Allocated 
	   Cpus                 :      0.06        1         1 
	   Disk (KB)            : 308270     2048000   3398942 
	   IoHeavy              :                            0 
	   Memory (MB)          :    424        1992      2048 

	Job terminated of its own accord at 2022-01-04T03:48:45Z.
...
