000 (3174147.000.000) 2022-01-03 21:41:19 Job submitted from host: <144.92.180.5:9618?addrs=144.92.180.5-9618+[2607-f388-101c-1000--368]-9618&alias=login02.hep.wisc.edu&noUDP&sock=schedd_2326_0560>
...
040 (3174147.000.000) 2022-01-03 21:41:44 Started transferring input files
	Transferring to host: <128.105.245.152:9618?addrs=128.105.245.152-9618&alias=e2352.chtc.wisc.edu&noUDP&sock=slot1_14_25690_adce_14708>
...
040 (3174147.000.000) 2022-01-03 21:44:13 Finished transferring input files
...
001 (3174147.000.000) 2022-01-03 21:44:14 Job executing on host: <128.105.245.152:9618?addrs=128.105.245.152-9618&alias=e2352.chtc.wisc.edu&noUDP&sock=startd_2975_2e57>
...
006 (3174147.000.000) 2022-01-03 21:44:22 Image size of job updated: 557828
	412  -  MemoryUsage of job (MB)
	421472  -  ResidentSetSize of job (KB)
...
006 (3174147.000.000) 2022-01-03 21:44:25 Image size of job updated: 559940
	414  -  MemoryUsage of job (MB)
	423584  -  ResidentSetSize of job (KB)
...
040 (3174147.000.000) 2022-01-03 21:44:25 Started transferring output files
...
040 (3174147.000.000) 2022-01-03 21:44:25 Finished transferring output files
...
005 (3174147.000.000) 2022-01-03 21:44:26 Job terminated.
	(1) Normal termination (return value 0)
		Usr 0 00:00:05, Sys 0 00:00:01  -  Run Remote Usage
		Usr 0 00:00:00, Sys 0 00:00:00  -  Run Local Usage
		Usr 0 00:00:05, Sys 0 00:00:01  -  Total Remote Usage
		Usr 0 00:00:00, Sys 0 00:00:00  -  Total Local Usage
	108191  -  Run Bytes Sent By Job
	315491648  -  Run Bytes Received By Job
	108191  -  Total Bytes Sent By Job
	315491648  -  Total Bytes Received By Job
	Partitionable Resources :    Usage  Request Allocated 
	   Cpus                 :                 1         1 
	   Disk (KB)            :   308254  2048000   2341645 
	   IoHeavy              :                           0 
	   Memory (MB)          :      414     1992      2048 

	Job terminated of its own accord at 2022-01-04T03:44:25Z.
...
