000 (1292645.000.000) 2023-06-21 11:58:40 Job submitted from host: <144.92.180.99:9618?addrs=144.92.180.99-9618+[2607-f388-101c-1000--367]-9618&alias=login01.hep.wisc.edu&noUDP&sock=schedd_3107_b8d8>
...
040 (1292645.000.000) 2023-06-21 16:38:58 Started transferring input files
	Transferring to host: <144.92.180.117:9618?addrs=144.92.180.117-9618+[2607-f388-101c-1000--289]-9618&alias=g26n15.hep.wisc.edu&noUDP&sock=slot1_10_4045_d17e_68697>
...
040 (1292645.000.000) 2023-06-21 16:38:58 Finished transferring input files
...
001 (1292645.000.000) 2023-06-21 16:38:59 Job executing on host: <144.92.180.117:9618?addrs=144.92.180.117-9618+[2607-f388-101c-1000--289]-9618&alias=g26n15.hep.wisc.edu&noUDP&sock=startd_3608_5dca>
...
006 (1292645.000.000) 2023-06-21 16:39:07 Image size of job updated: 93052
	24  -  MemoryUsage of job (MB)
	24500  -  ResidentSetSize of job (KB)
...
006 (1292645.000.000) 2023-06-21 16:59:07 Image size of job updated: 871680
	274  -  MemoryUsage of job (MB)
	280536  -  ResidentSetSize of job (KB)
...
006 (1292645.000.000) 2023-06-21 17:19:08 Image size of job updated: 871680
	278  -  MemoryUsage of job (MB)
	284364  -  ResidentSetSize of job (KB)
...
006 (1292645.000.000) 2023-06-21 17:39:09 Image size of job updated: 871680
	280  -  MemoryUsage of job (MB)
	286476  -  ResidentSetSize of job (KB)
...
006 (1292645.000.000) 2023-06-21 17:59:09 Image size of job updated: 871680
	282  -  MemoryUsage of job (MB)
	288588  -  ResidentSetSize of job (KB)
...
006 (1292645.000.000) 2023-06-21 18:19:09 Image size of job updated: 871680
	285  -  MemoryUsage of job (MB)
	290832  -  ResidentSetSize of job (KB)
...
006 (1292645.000.000) 2023-06-21 18:59:11 Image size of job updated: 871680
	287  -  MemoryUsage of job (MB)
	293348  -  ResidentSetSize of job (KB)
...
006 (1292645.000.000) 2023-06-21 19:19:11 Image size of job updated: 871680
	290  -  MemoryUsage of job (MB)
	296516  -  ResidentSetSize of job (KB)
...
006 (1292645.000.000) 2023-06-21 19:39:11 Image size of job updated: 871680
	293  -  MemoryUsage of job (MB)
	299552  -  ResidentSetSize of job (KB)
...
006 (1292645.000.000) 2023-06-21 19:59:11 Image size of job updated: 871680
	296  -  MemoryUsage of job (MB)
	302456  -  ResidentSetSize of job (KB)
...
006 (1292645.000.000) 2023-06-21 20:19:12 Image size of job updated: 871680
	298  -  MemoryUsage of job (MB)
	305096  -  ResidentSetSize of job (KB)
...
006 (1292645.000.000) 2023-06-21 20:39:13 Image size of job updated: 871680
	302  -  MemoryUsage of job (MB)
	308396  -  ResidentSetSize of job (KB)
...
040 (1292645.000.000) 2023-06-21 20:53:15 Started transferring output files
...
040 (1292645.000.000) 2023-06-21 20:53:15 Finished transferring output files
...
005 (1292645.000.000) 2023-06-21 20:53:15 Job terminated.
	(1) Normal termination (return value 0)
		Usr 0 01:23:15, Sys 0 00:04:05  -  Run Remote Usage
		Usr 0 00:00:00, Sys 0 00:00:00  -  Run Local Usage
		Usr 0 01:23:15, Sys 0 00:04:05  -  Total Remote Usage
		Usr 0 00:00:00, Sys 0 00:00:00  -  Total Local Usage
	29541  -  Run Bytes Sent By Job
	206787  -  Run Bytes Received By Job
	29541  -  Total Bytes Sent By Job
	206787  -  Total Bytes Received By Job
	Partitionable Resources :    Usage  Request Allocated 
	   Cpus                 :     0.42        1         1 
	   Disk (KB)            :  8816     2097152  18354222 
	   Memory (MB)          :   302        2048      2500 

	Job terminated of its own accord at 2023-06-22T01:53:15Z.
...
