000 (1292622.000.000) 2023-06-21 11:58:36 Job submitted from host: <144.92.180.99:9618?addrs=144.92.180.99-9618+[2607-f388-101c-1000--367]-9618&alias=login01.hep.wisc.edu&noUDP&sock=schedd_3107_b8d8>
...
040 (1292622.000.000) 2023-06-21 16:27:45 Started transferring input files
	Transferring to host: <144.92.180.107:9618?addrs=144.92.180.107-9618+[2607-f388-101c-1000--279]-9618&alias=g26n05.hep.wisc.edu&noUDP&sock=slot1_7_4326_cee9_69238>
...
040 (1292622.000.000) 2023-06-21 16:27:45 Finished transferring input files
...
001 (1292622.000.000) 2023-06-21 16:27:46 Job executing on host: <144.92.180.107:9618?addrs=144.92.180.107-9618+[2607-f388-101c-1000--279]-9618&alias=g26n05.hep.wisc.edu&noUDP&sock=startd_3433_54b7>
...
006 (1292622.000.000) 2023-06-21 16:27:55 Image size of job updated: 505960
	75  -  MemoryUsage of job (MB)
	76700  -  ResidentSetSize of job (KB)
...
006 (1292622.000.000) 2023-06-21 16:47:56 Image size of job updated: 850524
	284  -  MemoryUsage of job (MB)
	290804  -  ResidentSetSize of job (KB)
...
006 (1292622.000.000) 2023-06-21 17:07:57 Image size of job updated: 876012
	367  -  MemoryUsage of job (MB)
	375284  -  ResidentSetSize of job (KB)
...
006 (1292622.000.000) 2023-06-21 17:27:58 Image size of job updated: 878412
	369  -  MemoryUsage of job (MB)
	377264  -  ResidentSetSize of job (KB)
...
006 (1292622.000.000) 2023-06-21 17:47:59 Image size of job updated: 878412
	370  -  MemoryUsage of job (MB)
	378320  -  ResidentSetSize of job (KB)
...
006 (1292622.000.000) 2023-06-21 19:08:00 Image size of job updated: 878412
	370  -  MemoryUsage of job (MB)
	378584  -  ResidentSetSize of job (KB)
...
040 (1292622.000.000) 2023-06-21 19:21:39 Started transferring output files
...
040 (1292622.000.000) 2023-06-21 19:21:39 Finished transferring output files
...
005 (1292622.000.000) 2023-06-21 19:21:39 Job terminated.
	(1) Normal termination (return value 0)
		Usr 0 00:42:21, Sys 0 00:02:23  -  Run Remote Usage
		Usr 0 00:00:00, Sys 0 00:00:00  -  Run Local Usage
		Usr 0 00:42:21, Sys 0 00:02:23  -  Total Remote Usage
		Usr 0 00:00:00, Sys 0 00:00:00  -  Total Local Usage
	20366  -  Run Bytes Sent By Job
	206786  -  Run Bytes Received By Job
	20366  -  Total Bytes Sent By Job
	206786  -  Total Bytes Received By Job
	Partitionable Resources :     Usage  Request Allocated 
	   Cpus                 :      0.34        1         1 
	   Disk (KB)            : 166262     2097152  18354744 
	   Memory (MB)          :    370        2048      2500 

	Job terminated of its own accord at 2023-06-22T00:21:38Z.
...
