********** for MC *********
All files added.
Initializing chain.
from Init MC
.... MC file ..... 
Coming in: 
nentries:44627200
Running over 44627200 events.
Finished entry 0/44627199
Finished entry 2000000/44627199
Finished entry 4000000/44627199
Finished entry 6000000/44627199
Finished entry 8000000/44627199
Finished entry 10000000/44627199
Finished entry 12000000/44627199
Finished entry 14000000/44627199
Finished entry 16000000/44627199
Finished entry 18000000/44627199
Finished entry 20000000/44627199
Finished entry 22000000/44627199
Finished entry 24000000/44627199
Finished entry 26000000/44627199
Finished entry 28000000/44627199
Finished entry 30000000/44627199
Finished entry 32000000/44627199
Finished entry 34000000/44627199
Finished entry 36000000/44627199
Finished entry 38000000/44627199
Finished entry 40000000/44627199
Finished entry 42000000/44627199
Finished entry 44000000/44627199
nPassedSkimmed = 4634
Real time 7:03:16, CP time 9286.270
