********** for MC *********
All files added.
Initializing chain.
from Init MC
.... MC file ..... 
Coming in: 
nentries:39521230
Running over 39521230 events.
Finished entry 0/39521229
Finished entry 1000000/39521229
Finished entry 2000000/39521229
Finished entry 3000000/39521229
Finished entry 4000000/39521229
Finished entry 5000000/39521229
Finished entry 6000000/39521229
Finished entry 7000000/39521229
Finished entry 8000000/39521229
Finished entry 9000000/39521229
Finished entry 10000000/39521229
Finished entry 11000000/39521229
Finished entry 12000000/39521229
Finished entry 13000000/39521229
Finished entry 14000000/39521229
Finished entry 15000000/39521229
Finished entry 16000000/39521229
Finished entry 17000000/39521229
Finished entry 18000000/39521229
Finished entry 19000000/39521229
Finished entry 20000000/39521229
Finished entry 21000000/39521229
Finished entry 22000000/39521229
Finished entry 23000000/39521229
Finished entry 24000000/39521229
Finished entry 25000000/39521229
Finished entry 26000000/39521229
Finished entry 27000000/39521229
Finished entry 28000000/39521229
Finished entry 29000000/39521229
Finished entry 30000000/39521229
Finished entry 31000000/39521229
Finished entry 32000000/39521229
Finished entry 33000000/39521229
Finished entry 34000000/39521229
Finished entry 35000000/39521229
Finished entry 36000000/39521229
Finished entry 37000000/39521229
Finished entry 38000000/39521229
Finished entry 39000000/39521229
nPassedSkimmed = 403
Real time 7:21:33, CP time 7691.480
