000 (1292629.000.000) 2023-06-21 11:58:37 Job submitted from host: <144.92.180.99:9618?addrs=144.92.180.99-9618+[2607-f388-101c-1000--367]-9618&alias=login01.hep.wisc.edu&noUDP&sock=schedd_3107_b8d8>
...
040 (1292629.000.000) 2023-06-21 16:38:56 Started transferring input files
	Transferring to host: <144.92.180.109:9618?addrs=144.92.180.109-9618+[2607-f388-101c-1000--281]-9618&alias=g26n07.hep.wisc.edu&noUDP&sock=slot1_8_4405_788c_67347>
...
040 (1292629.000.000) 2023-06-21 16:38:56 Finished transferring input files
...
001 (1292629.000.000) 2023-06-21 16:38:57 Job executing on host: <144.92.180.109:9618?addrs=144.92.180.109-9618+[2607-f388-101c-1000--281]-9618&alias=g26n07.hep.wisc.edu&noUDP&sock=startd_3671_9442>
...
006 (1292629.000.000) 2023-06-21 16:39:05 Image size of job updated: 24820
	1  -  MemoryUsage of job (MB)
	312  -  ResidentSetSize of job (KB)
...
006 (1292629.000.000) 2023-06-21 16:59:05 Image size of job updated: 870316
	266  -  MemoryUsage of job (MB)
	272100  -  ResidentSetSize of job (KB)
...
006 (1292629.000.000) 2023-06-21 17:19:06 Image size of job updated: 870924
	284  -  MemoryUsage of job (MB)
	290612  -  ResidentSetSize of job (KB)
...
006 (1292629.000.000) 2023-06-21 17:39:07 Image size of job updated: 870924
	293  -  MemoryUsage of job (MB)
	299324  -  ResidentSetSize of job (KB)
...
006 (1292629.000.000) 2023-06-21 17:59:07 Image size of job updated: 870924
	303  -  MemoryUsage of job (MB)
	309488  -  ResidentSetSize of job (KB)
...
006 (1292629.000.000) 2023-06-21 18:19:07 Image size of job updated: 897316
	376  -  MemoryUsage of job (MB)
	384728  -  ResidentSetSize of job (KB)
...
006 (1292629.000.000) 2023-06-21 18:39:07 Image size of job updated: 898460
	378  -  MemoryUsage of job (MB)
	386972  -  ResidentSetSize of job (KB)
...
006 (1292629.000.000) 2023-06-21 18:59:08 Image size of job updated: 898460
	379  -  MemoryUsage of job (MB)
	387104  -  ResidentSetSize of job (KB)
...
006 (1292629.000.000) 2023-06-21 19:19:09 Image size of job updated: 899508
	379  -  MemoryUsage of job (MB)
	387896  -  ResidentSetSize of job (KB)
...
006 (1292629.000.000) 2023-06-21 19:39:09 Image size of job updated: 899508
	380  -  MemoryUsage of job (MB)
	388292  -  ResidentSetSize of job (KB)
...
006 (1292629.000.000) 2023-06-21 20:19:09 Image size of job updated: 899508
	380  -  MemoryUsage of job (MB)
	388424  -  ResidentSetSize of job (KB)
...
006 (1292629.000.000) 2023-06-21 20:39:10 Image size of job updated: 899508
	380  -  MemoryUsage of job (MB)
	388688  -  ResidentSetSize of job (KB)
...
006 (1292629.000.000) 2023-06-21 21:39:11 Image size of job updated: 899508
	381  -  MemoryUsage of job (MB)
	389612  -  ResidentSetSize of job (KB)
...
006 (1292629.000.000) 2023-06-21 21:59:12 Image size of job updated: 899508
	381  -  MemoryUsage of job (MB)
	389744  -  ResidentSetSize of job (KB)
...
040 (1292629.000.000) 2023-06-21 22:25:11 Started transferring output files
...
040 (1292629.000.000) 2023-06-21 22:25:11 Finished transferring output files
...
005 (1292629.000.000) 2023-06-21 22:25:11 Job terminated.
	(1) Normal termination (return value 0)
		Usr 0 01:23:14, Sys 0 00:04:38  -  Run Remote Usage
		Usr 0 00:00:00, Sys 0 00:00:00  -  Run Local Usage
		Usr 0 01:23:14, Sys 0 00:04:38  -  Total Remote Usage
		Usr 0 00:00:00, Sys 0 00:00:00  -  Total Local Usage
	41564  -  Run Bytes Sent By Job
	206796  -  Run Bytes Received By Job
	41564  -  Total Bytes Sent By Job
	206796  -  Total Bytes Received By Job
	Partitionable Resources :     Usage  Request Allocated 
	   Cpus                 :      0.48        1         1 
	   Disk (KB)            : 136267     2097152  18357888 
	   Memory (MB)          :    381        2048      2500 

	Job terminated of its own accord at 2023-06-22T03:25:11Z.
...
