000 (1292632.000.000) 2023-06-21 11:58:38 Job submitted from host: <144.92.180.99:9618?addrs=144.92.180.99-9618+[2607-f388-101c-1000--367]-9618&alias=login01.hep.wisc.edu&noUDP&sock=schedd_3107_b8d8>
...
040 (1292632.000.000) 2023-06-21 16:38:56 Started transferring input files
	Transferring to host: <144.92.180.117:9618?addrs=144.92.180.117-9618+[2607-f388-101c-1000--289]-9618&alias=g26n15.hep.wisc.edu&noUDP&sock=slot1_2_4045_d17e_68692>
...
040 (1292632.000.000) 2023-06-21 16:38:56 Finished transferring input files
...
001 (1292632.000.000) 2023-06-21 16:38:57 Job executing on host: <144.92.180.117:9618?addrs=144.92.180.117-9618+[2607-f388-101c-1000--289]-9618&alias=g26n15.hep.wisc.edu&noUDP&sock=startd_3608_5dca>
...
006 (1292632.000.000) 2023-06-21 16:39:06 Image size of job updated: 60376
	21  -  MemoryUsage of job (MB)
	20568  -  ResidentSetSize of job (KB)
...
006 (1292632.000.000) 2023-06-21 16:59:07 Image size of job updated: 885908
	276  -  MemoryUsage of job (MB)
	282456  -  ResidentSetSize of job (KB)
...
006 (1292632.000.000) 2023-06-21 17:19:08 Image size of job updated: 886296
	281  -  MemoryUsage of job (MB)
	287604  -  ResidentSetSize of job (KB)
...
006 (1292632.000.000) 2023-06-21 17:39:08 Image size of job updated: 886296
	286  -  MemoryUsage of job (MB)
	292356  -  ResidentSetSize of job (KB)
...
006 (1292632.000.000) 2023-06-21 17:59:08 Image size of job updated: 886296
	288  -  MemoryUsage of job (MB)
	294864  -  ResidentSetSize of job (KB)
...
006 (1292632.000.000) 2023-06-21 18:19:08 Image size of job updated: 886296
	291  -  MemoryUsage of job (MB)
	297504  -  ResidentSetSize of job (KB)
...
006 (1292632.000.000) 2023-06-21 18:39:09 Image size of job updated: 886296
	293  -  MemoryUsage of job (MB)
	300012  -  ResidentSetSize of job (KB)
...
006 (1292632.000.000) 2023-06-21 18:59:10 Image size of job updated: 886296
	296  -  MemoryUsage of job (MB)
	302388  -  ResidentSetSize of job (KB)
...
006 (1292632.000.000) 2023-06-21 19:19:10 Image size of job updated: 886296
	298  -  MemoryUsage of job (MB)
	304368  -  ResidentSetSize of job (KB)
...
006 (1292632.000.000) 2023-06-21 19:39:10 Image size of job updated: 886296
	300  -  MemoryUsage of job (MB)
	306480  -  ResidentSetSize of job (KB)
...
006 (1292632.000.000) 2023-06-21 19:59:11 Image size of job updated: 886296
	302  -  MemoryUsage of job (MB)
	309120  -  ResidentSetSize of job (KB)
...
006 (1292632.000.000) 2023-06-21 20:19:12 Image size of job updated: 886296
	305  -  MemoryUsage of job (MB)
	311496  -  ResidentSetSize of job (KB)
...
006 (1292632.000.000) 2023-06-21 20:39:13 Image size of job updated: 886296
	307  -  MemoryUsage of job (MB)
	314268  -  ResidentSetSize of job (KB)
...
006 (1292632.000.000) 2023-06-21 20:59:13 Image size of job updated: 886296
	310  -  MemoryUsage of job (MB)
	316908  -  ResidentSetSize of job (KB)
...
006 (1292632.000.000) 2023-06-21 21:19:13 Image size of job updated: 886428
	313  -  MemoryUsage of job (MB)
	319680  -  ResidentSetSize of job (KB)
...
006 (1292632.000.000) 2023-06-21 21:39:14 Image size of job updated: 886428
	331  -  MemoryUsage of job (MB)
	338508  -  ResidentSetSize of job (KB)
...
006 (1292632.000.000) 2023-06-21 21:59:15 Image size of job updated: 886428
	349  -  MemoryUsage of job (MB)
	357312  -  ResidentSetSize of job (KB)
...
006 (1292632.000.000) 2023-06-21 22:19:16 Image size of job updated: 886428
	351  -  MemoryUsage of job (MB)
	358976  -  ResidentSetSize of job (KB)
...
006 (1292632.000.000) 2023-06-21 22:39:16 Image size of job updated: 886428
	354  -  MemoryUsage of job (MB)
	362148  -  ResidentSetSize of job (KB)
...
006 (1292632.000.000) 2023-06-21 22:59:16 Image size of job updated: 886428
	355  -  MemoryUsage of job (MB)
	363468  -  ResidentSetSize of job (KB)
...
006 (1292632.000.000) 2023-06-21 23:19:16 Image size of job updated: 886428
	358  -  MemoryUsage of job (MB)
	365952  -  ResidentSetSize of job (KB)
...
006 (1292632.000.000) 2023-06-21 23:39:17 Image size of job updated: 886428
	359  -  MemoryUsage of job (MB)
	367160  -  ResidentSetSize of job (KB)
...
040 (1292632.000.000) 2023-06-21 23:43:06 Started transferring output files
...
040 (1292632.000.000) 2023-06-21 23:43:06 Finished transferring output files
...
005 (1292632.000.000) 2023-06-21 23:43:06 Job terminated.
	(1) Normal termination (return value 0)
		Usr 0 02:27:34, Sys 0 00:06:34  -  Run Remote Usage
		Usr 0 00:00:00, Sys 0 00:00:00  -  Run Local Usage
		Usr 0 02:27:34, Sys 0 00:06:34  -  Total Remote Usage
		Usr 0 00:00:00, Sys 0 00:00:00  -  Total Local Usage
	73729  -  Run Bytes Sent By Job
	206781  -  Run Bytes Received By Job
	73729  -  Total Bytes Sent By Job
	206781  -  Total Bytes Received By Job
	Partitionable Resources :    Usage  Request Allocated 
	   Cpus                 :     0.40        1         1 
	   Disk (KB)            : 18576     2097152  18354222 
	   Memory (MB)          :   359        2048      2500 

	Job terminated of its own accord at 2023-06-22T04:43:06Z.
...
