********** for MC *********
All files added.
Initializing chain.
from Init MC
.... MC file ..... 
Coming in: 
nentries:1925931
Running over 1925931 events.
Finished entry 0/1925930
Finished entry 90000/1925930
Finished entry 180000/1925930
Finished entry 270000/1925930
Finished entry 360000/1925930
Finished entry 450000/1925930
Finished entry 540000/1925930
Finished entry 630000/1925930
Finished entry 720000/1925930
Finished entry 810000/1925930
Finished entry 900000/1925930
Finished entry 990000/1925930
Finished entry 1080000/1925930
Finished entry 1170000/1925930
Finished entry 1260000/1925930
Finished entry 1350000/1925930
Finished entry 1440000/1925930
Finished entry 1530000/1925930
Finished entry 1620000/1925930
Finished entry 1710000/1925930
Finished entry 1800000/1925930
Finished entry 1890000/1925930
nPassedSkimmed = 3255
Real time 0:21:21, CP time 415.550
