000 (7147199.000.000) 2023-06-19 07:08:46 Job submitted from host: <144.92.180.29:9618?addrs=144.92.180.29-9618+[2607-f388-101c-1000--369]-9618&alias=login03.hep.wisc.edu&noUDP&sock=schedd_3083_4292>
...
040 (7147199.000.000) 2023-06-19 07:10:37 Started transferring input files
	Transferring to host: <128.104.58.203:9618?addrs=128.104.58.203-9618+[2607-f388-1086-0-8af0-31ff-feb3-dc28]-9618&alias=e459.chtc.wisc.edu&noUDP&sock=slot1_3_9745_fbe5_17320>
...
040 (7147199.000.000) 2023-06-19 07:10:37 Finished transferring input files
...
001 (7147199.000.000) 2023-06-19 07:10:38 Job executing on host: <128.104.58.203:9618?addrs=128.104.58.203-9618+[2607-f388-1086-0-8af0-31ff-feb3-dc28]-9618&alias=e459.chtc.wisc.edu&noUDP&sock=startd_6790_f426>
...
006 (7147199.000.000) 2023-06-19 07:10:46 Image size of job updated: 4432
	5  -  MemoryUsage of job (MB)
	4388  -  ResidentSetSize of job (KB)
...
006 (7147199.000.000) 2023-06-19 07:15:46 Image size of job updated: 158380
	154  -  MemoryUsage of job (MB)
	157668  -  ResidentSetSize of job (KB)
...
006 (7147199.000.000) 2023-06-19 07:20:46 Image size of job updated: 158380
	154  -  MemoryUsage of job (MB)
	157688  -  ResidentSetSize of job (KB)
...
006 (7147199.000.000) 2023-06-19 07:25:47 Image size of job updated: 158380
	155  -  MemoryUsage of job (MB)
	157704  -  ResidentSetSize of job (KB)
...
006 (7147199.000.000) 2023-06-19 07:30:47 Image size of job updated: 158380
	155  -  MemoryUsage of job (MB)
	157724  -  ResidentSetSize of job (KB)
...
006 (7147199.000.000) 2023-06-20 01:27:38 Image size of job updated: 205188
	200  -  MemoryUsage of job (MB)
	204344  -  ResidentSetSize of job (KB)
...
006 (7147199.000.000) 2023-06-20 01:32:39 Image size of job updated: 207768
	202  -  MemoryUsage of job (MB)
	206544  -  ResidentSetSize of job (KB)
...
006 (7147199.000.000) 2023-06-20 01:37:39 Image size of job updated: 207976
	202  -  MemoryUsage of job (MB)
	206772  -  ResidentSetSize of job (KB)
...
006 (7147199.000.000) 2023-06-20 01:42:39 Image size of job updated: 207988
	203  -  MemoryUsage of job (MB)
	207492  -  ResidentSetSize of job (KB)
...
006 (7147199.000.000) 2023-06-20 01:47:40 Image size of job updated: 208300
	203  -  MemoryUsage of job (MB)
	207856  -  ResidentSetSize of job (KB)
...
006 (7147199.000.000) 2023-06-20 01:52:41 Image size of job updated: 210820
	205  -  MemoryUsage of job (MB)
	209448  -  ResidentSetSize of job (KB)
...
006 (7147199.000.000) 2023-06-20 01:57:41 Image size of job updated: 211424
	206  -  MemoryUsage of job (MB)
	210156  -  ResidentSetSize of job (KB)
...
004 (7147199.000.000) 2023-06-20 02:00:20 Job was evicted.
	(0) CPU times
		Usr 0 00:00:00, Sys 0 00:00:00  -  Run Remote Usage
		Usr 0 00:00:00, Sys 0 00:00:00  -  Run Local Usage
	0  -  Run Bytes Sent By Job
	205532  -  Run Bytes Received By Job
	Partitionable Resources :    Usage  Request Allocated 
	   Cpus                 :     0.31        1         1 
	   Disk (KB)            :   269     3145728   3334536 
	   IoHeavy              :                           0 
	   Memory (MB)          :   206        2048      2048 
...
009 (7147199.000.000) 2023-06-20 02:00:21 Job was aborted.
	via condor_rm (by user bsahu)
...
