000 (7147207.000.000) 2023-06-19 07:09:27 Job submitted from host: <144.92.180.29:9618?addrs=144.92.180.29-9618+[2607-f388-101c-1000--369]-9618&alias=login03.hep.wisc.edu&noUDP&sock=schedd_3083_4292>
...
040 (7147207.000.000) 2023-06-19 07:10:39 Started transferring input files
	Transferring to host: <128.105.69.69:9618?addrs=128.105.69.69-9618&alias=e2398.chtc.wisc.edu&noUDP&sock=slot1_15_9336_ce75_8042>
...
040 (7147207.000.000) 2023-06-19 07:10:39 Finished transferring input files
...
001 (7147207.000.000) 2023-06-19 07:10:40 Job executing on host: <128.105.69.69:9618?addrs=128.105.69.69-9618&alias=e2398.chtc.wisc.edu&noUDP&sock=startd_8311_3bb2>
...
006 (7147207.000.000) 2023-06-19 07:10:48 Image size of job updated: 58460
	57  -  MemoryUsage of job (MB)
	58340  -  ResidentSetSize of job (KB)
...
006 (7147207.000.000) 2023-06-19 07:15:48 Image size of job updated: 126432
	124  -  MemoryUsage of job (MB)
	126144  -  ResidentSetSize of job (KB)
...
006 (7147207.000.000) 2023-06-19 07:20:49 Image size of job updated: 126432
	124  -  MemoryUsage of job (MB)
	126160  -  ResidentSetSize of job (KB)
...
006 (7147207.000.000) 2023-06-19 07:25:50 Image size of job updated: 126432
	124  -  MemoryUsage of job (MB)
	126180  -  ResidentSetSize of job (KB)
...
006 (7147207.000.000) 2023-06-19 07:30:50 Image size of job updated: 126432
	124  -  MemoryUsage of job (MB)
	126196  -  ResidentSetSize of job (KB)
...
006 (7147207.000.000) 2023-06-20 01:27:44 Image size of job updated: 228380
	223  -  MemoryUsage of job (MB)
	227700  -  ResidentSetSize of job (KB)
...
006 (7147207.000.000) 2023-06-20 01:32:44 Image size of job updated: 228488
	223  -  MemoryUsage of job (MB)
	227700  -  ResidentSetSize of job (KB)
...
006 (7147207.000.000) 2023-06-20 01:52:46 Image size of job updated: 390528
	382  -  MemoryUsage of job (MB)
	390528  -  ResidentSetSize of job (KB)
...
006 (7147207.000.000) 2023-06-20 01:57:47 Image size of job updated: 416664
	407  -  MemoryUsage of job (MB)
	416572  -  ResidentSetSize of job (KB)
...
006 (7147207.000.000) 2023-06-20 02:00:21 Image size of job updated: 422168
	412  -  MemoryUsage of job (MB)
	421776  -  ResidentSetSize of job (KB)
...
004 (7147207.000.000) 2023-06-20 02:00:21 Job was evicted.
	(0) CPU times
		Usr 0 00:00:00, Sys 0 00:00:00  -  Run Remote Usage
		Usr 0 00:00:00, Sys 0 00:00:00  -  Run Local Usage
	0  -  Run Bytes Sent By Job
	205537  -  Run Bytes Received By Job
	Partitionable Resources :    Usage  Request Allocated 
	   Cpus                 :     0.25        1         1 
	   Disk (KB)            :  3241     3145728   3541918 
	   IoHeavy              :                           0 
	   Memory (MB)          :   412        2048      2048 
...
009 (7147207.000.000) 2023-06-20 02:00:22 Job was aborted.
	via condor_rm (by user bsahu)
...
