000 (7147204.000.000) 2023-06-19 07:09:12 Job submitted from host: <144.92.180.29:9618?addrs=144.92.180.29-9618+[2607-f388-101c-1000--369]-9618&alias=login03.hep.wisc.edu&noUDP&sock=schedd_3083_4292>
...
040 (7147204.000.000) 2023-06-19 07:10:38 Started transferring input files
	Transferring to host: <128.105.68.228:9618?addrs=128.105.68.228-9618&alias=e2315.chtc.wisc.edu&noUDP&sock=slot1_14_4549_ee92_25605>
...
040 (7147204.000.000) 2023-06-19 07:10:38 Finished transferring input files
...
001 (7147204.000.000) 2023-06-19 07:10:40 Job executing on host: <128.105.68.228:9618?addrs=128.105.68.228-9618&alias=e2315.chtc.wisc.edu&noUDP&sock=startd_8328_e4ce>
...
006 (7147204.000.000) 2023-06-19 07:10:48 Image size of job updated: 104876
	103  -  MemoryUsage of job (MB)
	104648  -  ResidentSetSize of job (KB)
...
006 (7147204.000.000) 2023-06-19 07:15:48 Image size of job updated: 104876
	103  -  MemoryUsage of job (MB)
	104672  -  ResidentSetSize of job (KB)
...
006 (7147204.000.000) 2023-06-19 07:20:48 Image size of job updated: 104876
	103  -  MemoryUsage of job (MB)
	104692  -  ResidentSetSize of job (KB)
...
006 (7147204.000.000) 2023-06-19 07:25:49 Image size of job updated: 104876
	103  -  MemoryUsage of job (MB)
	104708  -  ResidentSetSize of job (KB)
...
006 (7147204.000.000) 2023-06-19 07:30:49 Image size of job updated: 104876
	103  -  MemoryUsage of job (MB)
	104852  -  ResidentSetSize of job (KB)
...
006 (7147204.000.000) 2023-06-19 07:45:51 Image size of job updated: 316436
	309  -  MemoryUsage of job (MB)
	315936  -  ResidentSetSize of job (KB)
...
006 (7147204.000.000) 2023-06-19 07:50:51 Image size of job updated: 317088
	309  -  MemoryUsage of job (MB)
	316332  -  ResidentSetSize of job (KB)
...
006 (7147204.000.000) 2023-06-19 07:55:51 Image size of job updated: 318972
	311  -  MemoryUsage of job (MB)
	317744  -  ResidentSetSize of job (KB)
...
006 (7147204.000.000) 2023-06-19 08:00:52 Image size of job updated: 319140
	312  -  MemoryUsage of job (MB)
	318604  -  ResidentSetSize of job (KB)
...
006 (7147204.000.000) 2023-06-19 08:05:53 Image size of job updated: 319208
	312  -  MemoryUsage of job (MB)
	318604  -  ResidentSetSize of job (KB)
...
006 (7147204.000.000) 2023-06-19 08:10:53 Image size of job updated: 319220
	312  -  MemoryUsage of job (MB)
	318604  -  ResidentSetSize of job (KB)
...
006 (7147204.000.000) 2023-06-19 08:15:53 Image size of job updated: 319296
	312  -  MemoryUsage of job (MB)
	318604  -  ResidentSetSize of job (KB)
...
006 (7147204.000.000) 2023-06-19 08:20:54 Image size of job updated: 319384
	312  -  MemoryUsage of job (MB)
	318604  -  ResidentSetSize of job (KB)
...
006 (7147204.000.000) 2023-06-19 08:35:55 Image size of job updated: 319452
	312  -  MemoryUsage of job (MB)
	318604  -  ResidentSetSize of job (KB)
...
006 (7147204.000.000) 2023-06-19 08:40:56 Image size of job updated: 323676
	315  -  MemoryUsage of job (MB)
	322424  -  ResidentSetSize of job (KB)
...
006 (7147204.000.000) 2023-06-19 08:45:56 Image size of job updated: 323880
	315  -  MemoryUsage of job (MB)
	322424  -  ResidentSetSize of job (KB)
...
006 (7147204.000.000) 2023-06-19 08:55:58 Image size of job updated: 323880
	315  -  MemoryUsage of job (MB)
	322480  -  ResidentSetSize of job (KB)
...
006 (7147204.000.000) 2023-06-19 09:00:58 Image size of job updated: 323940
	316  -  MemoryUsage of job (MB)
	322916  -  ResidentSetSize of job (KB)
...
006 (7147204.000.000) 2023-06-19 09:05:59 Image size of job updated: 323940
	316  -  MemoryUsage of job (MB)
	323028  -  ResidentSetSize of job (KB)
...
006 (7147204.000.000) 2023-06-19 09:11:00 Image size of job updated: 323940
	316  -  MemoryUsage of job (MB)
	323160  -  ResidentSetSize of job (KB)
...
006 (7147204.000.000) 2023-06-19 09:16:00 Image size of job updated: 323944
	316  -  MemoryUsage of job (MB)
	323160  -  ResidentSetSize of job (KB)
...
006 (7147204.000.000) 2023-06-19 09:21:00 Image size of job updated: 324304
	316  -  MemoryUsage of job (MB)
	323160  -  ResidentSetSize of job (KB)
...
006 (7147204.000.000) 2023-06-19 10:01:04 Image size of job updated: 498288
	487  -  MemoryUsage of job (MB)
	497976  -  ResidentSetSize of job (KB)
...
006 (7147204.000.000) 2023-06-19 10:06:04 Image size of job updated: 583844
	571  -  MemoryUsage of job (MB)
	583804  -  ResidentSetSize of job (KB)
...
006 (7147204.000.000) 2023-06-19 10:11:04 Image size of job updated: 588152
	575  -  MemoryUsage of job (MB)
	588036  -  ResidentSetSize of job (KB)
...
006 (7147204.000.000) 2023-06-19 10:16:05 Image size of job updated: 589600
	576  -  MemoryUsage of job (MB)
	589048  -  ResidentSetSize of job (KB)
...
006 (7147204.000.000) 2023-06-19 10:21:06 Image size of job updated: 591276
	578  -  MemoryUsage of job (MB)
	591040  -  ResidentSetSize of job (KB)
...
006 (7147204.000.000) 2023-06-19 10:26:06 Image size of job updated: 592068
	579  -  MemoryUsage of job (MB)
	591892  -  ResidentSetSize of job (KB)
...
006 (7147204.000.000) 2023-06-19 10:31:06 Image size of job updated: 593116
	579  -  MemoryUsage of job (MB)
	592856  -  ResidentSetSize of job (KB)
...
006 (7147204.000.000) 2023-06-19 10:36:07 Image size of job updated: 594168
	580  -  MemoryUsage of job (MB)
	593908  -  ResidentSetSize of job (KB)
...
006 (7147204.000.000) 2023-06-19 10:41:07 Image size of job updated: 596120
	583  -  MemoryUsage of job (MB)
	596120  -  ResidentSetSize of job (KB)
...
006 (7147204.000.000) 2023-06-19 10:46:07 Image size of job updated: 597056
	583  -  MemoryUsage of job (MB)
	596912  -  ResidentSetSize of job (KB)
...
006 (7147204.000.000) 2023-06-19 10:51:08 Image size of job updated: 600752
	583  -  MemoryUsage of job (MB)
	596912  -  ResidentSetSize of job (KB)
...
006 (7147204.000.000) 2023-06-19 18:21:54 Image size of job updated: 739908
	723  -  MemoryUsage of job (MB)
	739496  -  ResidentSetSize of job (KB)
...
006 (7147204.000.000) 2023-06-19 18:26:55 Image size of job updated: 740800
	724  -  MemoryUsage of job (MB)
	740448  -  ResidentSetSize of job (KB)
...
006 (7147204.000.000) 2023-06-19 18:31:56 Image size of job updated: 740880
	724  -  MemoryUsage of job (MB)
	740504  -  ResidentSetSize of job (KB)
...
006 (7147204.000.000) 2023-06-19 18:36:56 Image size of job updated: 741380
	724  -  MemoryUsage of job (MB)
	741004  -  ResidentSetSize of job (KB)
...
006 (7147204.000.000) 2023-06-19 18:41:57 Image size of job updated: 741380
	724  -  MemoryUsage of job (MB)
	741132  -  ResidentSetSize of job (KB)
...
006 (7147204.000.000) 2023-06-19 18:46:58 Image size of job updated: 741576
	724  -  MemoryUsage of job (MB)
	741136  -  ResidentSetSize of job (KB)
...
004 (7147204.000.000) 2023-06-20 02:00:21 Job was evicted.
	(0) CPU times
		Usr 0 00:00:02, Sys 0 00:00:00  -  Run Remote Usage
		Usr 0 00:00:00, Sys 0 00:00:00  -  Run Local Usage
	0  -  Run Bytes Sent By Job
	205511  -  Run Bytes Received By Job
	Partitionable Resources :    Usage  Request Allocated 
	   Cpus                 :     0.39        1         1 
	   Disk (KB)            : 63913     3145728   3318361 
	   IoHeavy              :                           0 
	   Memory (MB)          :   724        2048      2048 
...
009 (7147204.000.000) 2023-06-20 02:00:21 Job was aborted.
	via condor_rm (by user bsahu)
...
