000 (7147200.000.000) 2023-06-19 07:08:51 Job submitted from host: <144.92.180.29:9618?addrs=144.92.180.29-9618+[2607-f388-101c-1000--369]-9618&alias=login03.hep.wisc.edu&noUDP&sock=schedd_3083_4292>
...
040 (7147200.000.000) 2023-06-19 07:10:37 Started transferring input files
	Transferring to host: <128.104.58.172:9618?addrs=128.104.58.172-9618+[2607-f388-1086-0-16fe-b5ff-fec6-7984]-9618&alias=e1026.chtc.wisc.edu&noUDP&sock=slot1_31_5088_b4c8_10622>
...
040 (7147200.000.000) 2023-06-19 07:10:37 Finished transferring input files
...
001 (7147200.000.000) 2023-06-19 07:10:38 Job executing on host: <128.104.58.172:9618?addrs=128.104.58.172-9618+[2607-f388-1086-0-16fe-b5ff-fec6-7984]-9618&alias=e1026.chtc.wisc.edu&noUDP&sock=startd_10592_cf39>
...
006 (7147200.000.000) 2023-06-19 07:10:47 Image size of job updated: 37360
	37  -  MemoryUsage of job (MB)
	37244  -  ResidentSetSize of job (KB)
...
006 (7147200.000.000) 2023-06-19 07:15:48 Image size of job updated: 207376
	203  -  MemoryUsage of job (MB)
	207212  -  ResidentSetSize of job (KB)
...
006 (7147200.000.000) 2023-06-19 07:20:49 Image size of job updated: 207376
	203  -  MemoryUsage of job (MB)
	207232  -  ResidentSetSize of job (KB)
...
006 (7147200.000.000) 2023-06-20 01:27:46 Image size of job updated: 333476
	326  -  MemoryUsage of job (MB)
	333212  -  ResidentSetSize of job (KB)
...
006 (7147200.000.000) 2023-06-20 01:32:47 Image size of job updated: 333684
	326  -  MemoryUsage of job (MB)
	333212  -  ResidentSetSize of job (KB)
...
004 (7147200.000.000) 2023-06-20 02:00:20 Job was evicted.
	(0) CPU times
		Usr 0 00:00:00, Sys 0 00:00:00  -  Run Remote Usage
		Usr 0 00:00:00, Sys 0 00:00:00  -  Run Local Usage
	0  -  Run Bytes Sent By Job
	205532  -  Run Bytes Received By Job
	Partitionable Resources :    Usage  Request Allocated 
	   Cpus                 :     0.42        1         1 
	   Disk (KB)            :   268     3145728   3779862 
	   IoHeavy              :                           0 
	   Memory (MB)          :   326        2048      2048 
...
009 (7147200.000.000) 2023-06-20 02:00:21 Job was aborted.
	via condor_rm (by user bsahu)
...
