000 (7147147.000.000) 2023-06-19 07:04:05 Job submitted from host: <144.92.180.29:9618?addrs=144.92.180.29-9618+[2607-f388-101c-1000--369]-9618&alias=login03.hep.wisc.edu&noUDP&sock=schedd_3083_4292>
...
040 (7147147.000.000) 2023-06-19 07:08:07 Started transferring input files
	Transferring to host: <128.105.68.200:9618?addrs=128.105.68.200-9618&alias=e2287.chtc.wisc.edu&noUDP&sock=slot1_12_25913_cd77_29352>
...
040 (7147147.000.000) 2023-06-19 07:08:07 Finished transferring input files
...
001 (7147147.000.000) 2023-06-19 07:08:08 Job executing on host: <128.105.68.200:9618?addrs=128.105.68.200-9618&alias=e2287.chtc.wisc.edu&noUDP&sock=startd_8619_7ede>
...
006 (7147147.000.000) 2023-06-19 07:08:17 Image size of job updated: 146620
	144  -  MemoryUsage of job (MB)
	146604  -  ResidentSetSize of job (KB)
...
006 (7147147.000.000) 2023-06-19 07:13:18 Image size of job updated: 303980
	297  -  MemoryUsage of job (MB)
	303556  -  ResidentSetSize of job (KB)
...
006 (7147147.000.000) 2023-06-19 07:18:19 Image size of job updated: 303980
	297  -  MemoryUsage of job (MB)
	303572  -  ResidentSetSize of job (KB)
...
006 (7147147.000.000) 2023-06-19 07:23:19 Image size of job updated: 303980
	297  -  MemoryUsage of job (MB)
	303592  -  ResidentSetSize of job (KB)
...
006 (7147147.000.000) 2023-06-19 07:28:19 Image size of job updated: 303980
	297  -  MemoryUsage of job (MB)
	303608  -  ResidentSetSize of job (KB)
...
006 (7147147.000.000) 2023-06-19 07:33:20 Image size of job updated: 303980
	297  -  MemoryUsage of job (MB)
	303628  -  ResidentSetSize of job (KB)
...
006 (7147147.000.000) 2023-06-20 01:30:12 Image size of job updated: 308264
	297  -  MemoryUsage of job (MB)
	303628  -  ResidentSetSize of job (KB)
...
006 (7147147.000.000) 2023-06-20 01:45:14 Image size of job updated: 402104
	393  -  MemoryUsage of job (MB)
	401804  -  ResidentSetSize of job (KB)
...
006 (7147147.000.000) 2023-06-20 01:50:14 Image size of job updated: 413932
	393  -  MemoryUsage of job (MB)
	401804  -  ResidentSetSize of job (KB)
...
004 (7147147.000.000) 2023-06-20 02:00:14 Job was evicted.
	(0) CPU times
		Usr 0 00:00:00, Sys 0 00:00:00  -  Run Remote Usage
		Usr 0 00:00:00, Sys 0 00:00:00  -  Run Local Usage
	0  -  Run Bytes Sent By Job
	205558  -  Run Bytes Received By Job
	Partitionable Resources :    Usage  Request Allocated 
	   Cpus                 :     0.39        1         1 
	   Disk (KB)            :  6594     3145728   3554818 
	   IoHeavy              :                           0 
	   Memory (MB)          :   393        2048      2048 
...
009 (7147147.000.000) 2023-06-20 02:00:14 Job was aborted.
	via condor_rm (by user bsahu)
...
