000 (7147160.000.000) 2023-06-19 07:05:14 Job submitted from host: <144.92.180.29:9618?addrs=144.92.180.29-9618+[2607-f388-101c-1000--369]-9618&alias=login03.hep.wisc.edu&noUDP&sock=schedd_3083_4292>
...
040 (7147160.000.000) 2023-06-19 07:08:09 Started transferring input files
	Transferring to host: <128.105.69.25:9618?addrs=128.105.69.25-9618&alias=e347.chtc.wisc.edu&noUDP&sock=slot1_23_29301_f481_9880>
...
040 (7147160.000.000) 2023-06-19 07:08:09 Finished transferring input files
...
001 (7147160.000.000) 2023-06-19 07:08:10 Job executing on host: <128.105.69.25:9618?addrs=128.105.69.25-9618&alias=e347.chtc.wisc.edu&noUDP&sock=startd_7833_5d6d>
...
006 (7147160.000.000) 2023-06-19 07:08:21 Image size of job updated: 39004
	39  -  MemoryUsage of job (MB)
	39004  -  ResidentSetSize of job (KB)
...
006 (7147160.000.000) 2023-06-19 07:13:20 Image size of job updated: 147796
	144  -  MemoryUsage of job (MB)
	147380  -  ResidentSetSize of job (KB)
...
006 (7147160.000.000) 2023-06-19 07:18:21 Image size of job updated: 147796
	144  -  MemoryUsage of job (MB)
	147396  -  ResidentSetSize of job (KB)
...
006 (7147160.000.000) 2023-06-19 07:23:22 Image size of job updated: 147796
	145  -  MemoryUsage of job (MB)
	147540  -  ResidentSetSize of job (KB)
...
006 (7147160.000.000) 2023-06-20 01:25:15 Image size of job updated: 207364
	202  -  MemoryUsage of job (MB)
	206260  -  ResidentSetSize of job (KB)
...
006 (7147160.000.000) 2023-06-20 01:30:15 Image size of job updated: 207888
	202  -  MemoryUsage of job (MB)
	206260  -  ResidentSetSize of job (KB)
...
006 (7147160.000.000) 2023-06-20 01:45:17 Image size of job updated: 254388
	241  -  MemoryUsage of job (MB)
	246740  -  ResidentSetSize of job (KB)
...
006 (7147160.000.000) 2023-06-20 01:50:18 Image size of job updated: 335672
	328  -  MemoryUsage of job (MB)
	335376  -  ResidentSetSize of job (KB)
...
006 (7147160.000.000) 2023-06-20 01:55:19 Image size of job updated: 340384
	328  -  MemoryUsage of job (MB)
	335376  -  ResidentSetSize of job (KB)
...
006 (7147160.000.000) 2023-06-20 02:00:16 Image size of job updated: 343520
	336  -  MemoryUsage of job (MB)
	343212  -  ResidentSetSize of job (KB)
...
004 (7147160.000.000) 2023-06-20 02:00:16 Job was evicted.
	(0) CPU times
		Usr 0 00:00:00, Sys 0 00:00:00  -  Run Remote Usage
		Usr 0 00:00:00, Sys 0 00:00:00  -  Run Local Usage
	0  -  Run Bytes Sent By Job
	205543  -  Run Bytes Received By Job
	Partitionable Resources :    Usage  Request Allocated 
	   Cpus                 :     0.30        1         1 
	   Disk (KB)            :  5152     3145728   3634771 
	   IoHeavy              :                           0 
	   Memory (MB)          :   336        2048      2048 
...
009 (7147160.000.000) 2023-06-20 02:00:16 Job was aborted.
	via condor_rm (by user bsahu)
...
