000 (7147150.000.000) 2023-06-19 07:04:21 Job submitted from host: <144.92.180.29:9618?addrs=144.92.180.29-9618+[2607-f388-101c-1000--369]-9618&alias=login03.hep.wisc.edu&noUDP&sock=schedd_3083_4292>
...
040 (7147150.000.000) 2023-06-19 07:08:07 Started transferring input files
	Transferring to host: <128.105.69.25:9618?addrs=128.105.69.25-9618&alias=e347.chtc.wisc.edu&noUDP&sock=slot1_22_29301_f481_9879>
...
040 (7147150.000.000) 2023-06-19 07:08:07 Finished transferring input files
...
001 (7147150.000.000) 2023-06-19 07:08:08 Job executing on host: <128.105.69.25:9618?addrs=128.105.69.25-9618&alias=e347.chtc.wisc.edu&noUDP&sock=startd_7833_5d6d>
...
006 (7147150.000.000) 2023-06-19 07:08:16 Image size of job updated: 37672
	35  -  MemoryUsage of job (MB)
	35224  -  ResidentSetSize of job (KB)
...
006 (7147150.000.000) 2023-06-19 07:13:16 Image size of job updated: 165368
	161  -  MemoryUsage of job (MB)
	164808  -  ResidentSetSize of job (KB)
...
006 (7147150.000.000) 2023-06-19 07:18:17 Image size of job updated: 165368
	161  -  MemoryUsage of job (MB)
	164824  -  ResidentSetSize of job (KB)
...
006 (7147150.000.000) 2023-06-19 07:23:18 Image size of job updated: 165368
	162  -  MemoryUsage of job (MB)
	164968  -  ResidentSetSize of job (KB)
...
006 (7147150.000.000) 2023-06-20 01:25:11 Image size of job updated: 186792
	182  -  MemoryUsage of job (MB)
	185724  -  ResidentSetSize of job (KB)
...
006 (7147150.000.000) 2023-06-20 01:30:11 Image size of job updated: 186888
	182  -  MemoryUsage of job (MB)
	185724  -  ResidentSetSize of job (KB)
...
006 (7147150.000.000) 2023-06-20 01:45:13 Image size of job updated: 361352
	353  -  MemoryUsage of job (MB)
	361024  -  ResidentSetSize of job (KB)
...
006 (7147150.000.000) 2023-06-20 01:50:13 Image size of job updated: 378328
	353  -  MemoryUsage of job (MB)
	361024  -  ResidentSetSize of job (KB)
...
004 (7147150.000.000) 2023-06-20 02:00:14 Job was evicted.
	(0) CPU times
		Usr 0 00:00:00, Sys 0 00:00:00  -  Run Remote Usage
		Usr 0 00:00:00, Sys 0 00:00:00  -  Run Local Usage
	0  -  Run Bytes Sent By Job
	205558  -  Run Bytes Received By Job
	Partitionable Resources :    Usage  Request Allocated 
	   Cpus                 :     0.22        1         1 
	   Disk (KB)            :  5392     3145728   3634771 
	   IoHeavy              :                           0 
	   Memory (MB)          :   353        2048      2048 
...
009 (7147150.000.000) 2023-06-20 02:00:15 Job was aborted.
	via condor_rm (by user bsahu)
...
