000 (7147213.000.000) 2023-06-19 07:09:59 Job submitted from host: <144.92.180.29:9618?addrs=144.92.180.29-9618+[2607-f388-101c-1000--369]-9618&alias=login03.hep.wisc.edu&noUDP&sock=schedd_3083_4292>
...
040 (7147213.000.000) 2023-06-19 07:10:39 Started transferring input files
	Transferring to host: <128.105.69.69:9618?addrs=128.105.69.69-9618&alias=e2398.chtc.wisc.edu&noUDP&sock=slot1_21_9336_ce75_8044>
...
040 (7147213.000.000) 2023-06-19 07:10:39 Finished transferring input files
...
001 (7147213.000.000) 2023-06-19 07:10:40 Job executing on host: <128.105.69.69:9618?addrs=128.105.69.69-9618&alias=e2398.chtc.wisc.edu&noUDP&sock=startd_8311_3bb2>
...
006 (7147213.000.000) 2023-06-19 07:10:49 Image size of job updated: 81328
	76  -  MemoryUsage of job (MB)
	77816  -  ResidentSetSize of job (KB)
...
006 (7147213.000.000) 2023-06-19 07:15:50 Image size of job updated: 128044
	125  -  MemoryUsage of job (MB)
	127824  -  ResidentSetSize of job (KB)
...
006 (7147213.000.000) 2023-06-19 07:20:50 Image size of job updated: 128044
	125  -  MemoryUsage of job (MB)
	127840  -  ResidentSetSize of job (KB)
...
006 (7147213.000.000) 2023-06-19 07:25:50 Image size of job updated: 128044
	125  -  MemoryUsage of job (MB)
	127860  -  ResidentSetSize of job (KB)
...
006 (7147213.000.000) 2023-06-19 07:30:51 Image size of job updated: 128120
	125  -  MemoryUsage of job (MB)
	127876  -  ResidentSetSize of job (KB)
...
006 (7147213.000.000) 2023-06-20 01:27:45 Image size of job updated: 156220
	153  -  MemoryUsage of job (MB)
	155752  -  ResidentSetSize of job (KB)
...
006 (7147213.000.000) 2023-06-20 01:32:46 Image size of job updated: 156540
	153  -  MemoryUsage of job (MB)
	155752  -  ResidentSetSize of job (KB)
...
006 (7147213.000.000) 2023-06-20 01:37:46 Image size of job updated: 371980
	364  -  MemoryUsage of job (MB)
	371940  -  ResidentSetSize of job (KB)
...
006 (7147213.000.000) 2023-06-20 01:42:47 Image size of job updated: 432852
	418  -  MemoryUsage of job (MB)
	427984  -  ResidentSetSize of job (KB)
...
006 (7147213.000.000) 2023-06-20 01:47:48 Image size of job updated: 435792
	418  -  MemoryUsage of job (MB)
	427984  -  ResidentSetSize of job (KB)
...
004 (7147213.000.000) 2023-06-20 02:00:22 Job was evicted.
	(0) CPU times
		Usr 0 00:00:00, Sys 0 00:00:00  -  Run Remote Usage
		Usr 0 00:00:00, Sys 0 00:00:00  -  Run Local Usage
	0  -  Run Bytes Sent By Job
	205470  -  Run Bytes Received By Job
	Partitionable Resources :    Usage  Request Allocated 
	   Cpus                 :     0.39        1         1 
	   Disk (KB)            :   279     3145728   3541918 
	   IoHeavy              :                           0 
	   Memory (MB)          :   418        2048      2048 
...
009 (7147213.000.000) 2023-06-20 02:00:23 Job was aborted.
	via condor_rm (by user bsahu)
...
