000 (7147201.000.000) 2023-06-19 07:08:56 Job submitted from host: <144.92.180.29:9618?addrs=144.92.180.29-9618+[2607-f388-101c-1000--369]-9618&alias=login03.hep.wisc.edu&noUDP&sock=schedd_3083_4292>
...
040 (7147201.000.000) 2023-06-19 07:10:37 Started transferring input files
	Transferring to host: <128.105.68.207:9618?addrs=128.105.68.207-9618&alias=e2294.chtc.wisc.edu&noUDP&sock=slot1_18_24890_01ad_6864>
...
040 (7147201.000.000) 2023-06-19 07:10:37 Finished transferring input files
...
001 (7147201.000.000) 2023-06-19 07:10:38 Job executing on host: <128.105.68.207:9618?addrs=128.105.68.207-9618&alias=e2294.chtc.wisc.edu&noUDP&sock=startd_7758_ebd3>
...
006 (7147201.000.000) 2023-06-19 07:10:47 Image size of job updated: 189008
	185  -  MemoryUsage of job (MB)
	188980  -  ResidentSetSize of job (KB)
...
006 (7147201.000.000) 2023-06-19 07:15:48 Image size of job updated: 194520
	190  -  MemoryUsage of job (MB)
	193960  -  ResidentSetSize of job (KB)
...
006 (7147201.000.000) 2023-06-19 07:20:49 Image size of job updated: 194520
	190  -  MemoryUsage of job (MB)
	193976  -  ResidentSetSize of job (KB)
...
006 (7147201.000.000) 2023-06-19 07:25:49 Image size of job updated: 194520
	190  -  MemoryUsage of job (MB)
	193996  -  ResidentSetSize of job (KB)
...
006 (7147201.000.000) 2023-06-19 07:30:54 Image size of job updated: 194520
	190  -  MemoryUsage of job (MB)
	194016  -  ResidentSetSize of job (KB)
...
006 (7147201.000.000) 2023-06-20 01:27:37 Image size of job updated: 285328
	278  -  MemoryUsage of job (MB)
	284628  -  ResidentSetSize of job (KB)
...
006 (7147201.000.000) 2023-06-20 01:32:37 Image size of job updated: 285616
	278  -  MemoryUsage of job (MB)
	284628  -  ResidentSetSize of job (KB)
...
004 (7147201.000.000) 2023-06-20 02:00:21 Job was evicted.
	(0) CPU times
		Usr 0 00:00:00, Sys 0 00:00:00  -  Run Remote Usage
		Usr 0 00:00:00, Sys 0 00:00:00  -  Run Local Usage
	0  -  Run Bytes Sent By Job
	205528  -  Run Bytes Received By Job
	Partitionable Resources :    Usage  Request Allocated 
	   Cpus                 :     0.34        1         1 
	   Disk (KB)            :   314     3145728   3301019 
	   IoHeavy              :                           0 
	   Memory (MB)          :   278        2048      2048 
...
009 (7147201.000.000) 2023-06-20 02:00:21 Job was aborted.
	via condor_rm (by user bsahu)
...
