000 (3174671.000.000) 2022-01-04 10:05:58 Job submitted from host: <144.92.180.5:9618?addrs=144.92.180.5-9618+[2607-f388-101c-1000--368]-9618&alias=login02.hep.wisc.edu&noUDP&sock=schedd_2326_0560>
...
040 (3174671.000.000) 2022-01-04 10:06:12 Entered queue to transfer input files
	Transferring to host: <128.104.58.150:9618?addrs=128.104.58.150-9618+[2607-f388-1086-0-16fe-b5ff-fec6-7e5e]-9618&alias=e1002.chtc.wisc.edu&noUDP&sock=slot1_9_43518_1e23_15170>
...
040 (3174671.000.000) 2022-01-04 10:09:06 Started transferring input files
	Seconds spent in queue: 174
...
040 (3174671.000.000) 2022-01-04 10:10:03 Finished transferring input files
...
001 (3174671.000.000) 2022-01-04 10:10:04 Job executing on host: <128.104.58.150:9618?addrs=128.104.58.150-9618+[2607-f388-1086-0-16fe-b5ff-fec6-7e5e]-9618&alias=e1002.chtc.wisc.edu&noUDP&sock=startd_4927_1735>
...
006 (3174671.000.000) 2022-01-04 10:10:13 Image size of job updated: 487180
	397  -  MemoryUsage of job (MB)
	406300  -  ResidentSetSize of job (KB)
...
006 (3174671.000.000) 2022-01-04 10:11:14 Image size of job updated: 1177408
	397  -  MemoryUsage of job (MB)
	406520  -  ResidentSetSize of job (KB)
...
040 (3174671.000.000) 2022-01-04 10:11:15 Started transferring output files
	Seconds spent in queue: 303
...
040 (3174671.000.000) 2022-01-04 10:11:15 Finished transferring output files
...
005 (3174671.000.000) 2022-01-04 10:11:15 Job terminated.
	(1) Normal termination (return value 0)
		Usr 0 00:00:42, Sys 0 00:00:04  -  Run Remote Usage
		Usr 0 00:00:00, Sys 0 00:00:00  -  Run Local Usage
		Usr 0 00:00:42, Sys 0 00:00:04  -  Total Remote Usage
		Usr 0 00:00:00, Sys 0 00:00:00  -  Total Local Usage
	157761  -  Run Bytes Sent By Job
	315491808  -  Run Bytes Received By Job
	157761  -  Total Bytes Sent By Job
	315491808  -  Total Bytes Received By Job
	Partitionable Resources :     Usage  Request Allocated 
	   Cpus                 :      0.67        1         1 
	   Disk (KB)            : 308312     2048000   2302252 
	   IoHeavy              :                            0 
	   Memory (MB)          :    397        1992      2048 

	Job terminated of its own accord at 2022-01-04T16:11:14Z.
...
