000 (3174724.000.000) 2022-01-04 10:06:33 Job submitted from host: <144.92.180.5:9618?addrs=144.92.180.5-9618+[2607-f388-101c-1000--368]-9618&alias=login02.hep.wisc.edu&noUDP&sock=schedd_2326_0560>
...
040 (3174724.000.000) 2022-01-04 10:08:06 Entered queue to transfer input files
	Transferring to host: <128.105.245.120:9618?addrs=128.105.245.120-9618&alias=e320.chtc.wisc.edu&noUDP&sock=slot1_5_8334_ce8c_15537>
...
040 (3174724.000.000) 2022-01-04 10:11:40 Started transferring input files
	Seconds spent in queue: 214
...
040 (3174724.000.000) 2022-01-04 10:14:25 Finished transferring input files
...
001 (3174724.000.000) 2022-01-04 10:14:26 Job executing on host: <128.105.245.120:9618?addrs=128.105.245.120-9618&alias=e320.chtc.wisc.edu&noUDP&sock=startd_2848_11d0>
...
006 (3174724.000.000) 2022-01-04 10:14:34 Image size of job updated: 45156
	8  -  MemoryUsage of job (MB)
	7932  -  ResidentSetSize of job (KB)
...
006 (3174724.000.000) 2022-01-04 10:16:42 Image size of job updated: 1159388
	8  -  MemoryUsage of job (MB)
	7932  -  ResidentSetSize of job (KB)
...
040 (3174724.000.000) 2022-01-04 10:16:42 Started transferring output files
	Seconds spent in queue: 516
...
040 (3174724.000.000) 2022-01-04 10:16:42 Finished transferring output files
...
005 (3174724.000.000) 2022-01-04 10:16:42 Job terminated.
	(1) Normal termination (return value 0)
		Usr 0 00:00:34, Sys 0 00:00:03  -  Run Remote Usage
		Usr 0 00:00:00, Sys 0 00:00:00  -  Run Local Usage
		Usr 0 00:00:34, Sys 0 00:00:03  -  Total Remote Usage
		Usr 0 00:00:00, Sys 0 00:00:00  -  Total Local Usage
	165454  -  Run Bytes Sent By Job
	315491744  -  Run Bytes Received By Job
	165454  -  Total Bytes Sent By Job
	315491744  -  Total Bytes Received By Job
	Partitionable Resources :     Usage  Request Allocated 
	   Cpus                 :      0.02        1         1 
	   Disk (KB)            : 308319     2048000   2408222 
	   IoHeavy              :                            0 
	   Memory (MB)          :      8        1992      2048 

	Job terminated of its own accord at 2022-01-04T16:16:42Z.
...
