000 (3174736.000.000) 2022-01-04 10:06:55 Job submitted from host: <144.92.180.5:9618?addrs=144.92.180.5-9618+[2607-f388-101c-1000--368]-9618&alias=login02.hep.wisc.edu&noUDP&sock=schedd_2326_0560>
...
040 (3174736.000.000) 2022-01-04 10:08:54 Entered queue to transfer input files
	Transferring to host: <128.105.244.41:9618?addrs=128.105.244.41-9618&alias=e3172.chtc.wisc.edu&noUDP&sock=slot1_3_20120_1c2b_15281>
...
040 (3174736.000.000) 2022-01-04 10:12:47 Started transferring input files
	Seconds spent in queue: 233
...
040 (3174736.000.000) 2022-01-04 10:13:49 Finished transferring input files
...
001 (3174736.000.000) 2022-01-04 10:13:50 Job executing on host: <128.105.244.41:9618?addrs=128.105.244.41-9618&alias=e3172.chtc.wisc.edu&noUDP&sock=startd_1618_6453>
...
006 (3174736.000.000) 2022-01-04 10:13:59 Image size of job updated: 836700
	491  -  MemoryUsage of job (MB)
	502088  -  ResidentSetSize of job (KB)
...
006 (3174736.000.000) 2022-01-04 10:14:50 Image size of job updated: 1189024
	491  -  MemoryUsage of job (MB)
	502088  -  ResidentSetSize of job (KB)
...
040 (3174736.000.000) 2022-01-04 10:14:50 Started transferring output files
	Seconds spent in queue: 356
...
040 (3174736.000.000) 2022-01-04 10:14:50 Finished transferring output files
...
005 (3174736.000.000) 2022-01-04 10:14:50 Job terminated.
	(1) Normal termination (return value 0)
		Usr 0 00:00:34, Sys 0 00:00:04  -  Run Remote Usage
		Usr 0 00:00:00, Sys 0 00:00:00  -  Run Local Usage
		Usr 0 00:00:34, Sys 0 00:00:04  -  Total Remote Usage
		Usr 0 00:00:00, Sys 0 00:00:00  -  Total Local Usage
	139816  -  Run Bytes Sent By Job
	315491744  -  Run Bytes Received By Job
	139816  -  Total Bytes Sent By Job
	315491744  -  Total Bytes Received By Job
	Partitionable Resources :     Usage  Request Allocated 
	   Cpus                 :      0.00        1         1 
	   Disk (KB)            : 308294     2048000   2723836 
	   IoHeavy              :                            0 
	   Memory (MB)          :    491        1992      2048 

	Job terminated of its own accord at 2022-01-04T16:14:50Z.
...
