000 (3174565.000.000) 2022-01-04 10:04:25 Job submitted from host: <144.92.180.5:9618?addrs=144.92.180.5-9618+[2607-f388-101c-1000--368]-9618&alias=login02.hep.wisc.edu&noUDP&sock=schedd_2326_0560>
...
040 (3174565.000.000) 2022-01-04 10:05:16 Entered queue to transfer input files
	Transferring to host: <128.105.68.126:9618?addrs=128.105.68.126-9618&alias=e2442.chtc.wisc.edu&noUDP&sock=slot1_13_3122_7b38_16019>
...
040 (3174565.000.000) 2022-01-04 10:07:04 Started transferring input files
	Seconds spent in queue: 108
...
040 (3174565.000.000) 2022-01-04 10:09:22 Finished transferring input files
...
001 (3174565.000.000) 2022-01-04 10:09:23 Job executing on host: <128.105.68.126:9618?addrs=128.105.68.126-9618&alias=e2442.chtc.wisc.edu&noUDP&sock=startd_2378_b04d>
...
006 (3174565.000.000) 2022-01-04 10:09:32 Image size of job updated: 36276
	8  -  MemoryUsage of job (MB)
	7764  -  ResidentSetSize of job (KB)
...
006 (3174565.000.000) 2022-01-04 10:10:36 Image size of job updated: 1171380
	8  -  MemoryUsage of job (MB)
	7764  -  ResidentSetSize of job (KB)
...
040 (3174565.000.000) 2022-01-04 10:10:37 Started transferring output files
	Seconds spent in queue: 321
...
040 (3174565.000.000) 2022-01-04 10:10:37 Finished transferring output files
...
005 (3174565.000.000) 2022-01-04 10:10:37 Job terminated.
	(1) Normal termination (return value 0)
		Usr 0 00:00:23, Sys 0 00:00:02  -  Run Remote Usage
		Usr 0 00:00:00, Sys 0 00:00:00  -  Run Local Usage
		Usr 0 00:00:23, Sys 0 00:00:02  -  Total Remote Usage
		Usr 0 00:00:00, Sys 0 00:00:00  -  Total Local Usage
	161202  -  Run Bytes Sent By Job
	315491808  -  Run Bytes Received By Job
	161202  -  Total Bytes Sent By Job
	315491808  -  Total Bytes Received By Job
	Partitionable Resources :     Usage  Request Allocated 
	   Cpus                 :      0.05        1         1 
	   Disk (KB)            : 308315     2048000   2351769 
	   IoHeavy              :                            0 
	   Memory (MB)          :      8        1992      2048 

	Job terminated of its own accord at 2022-01-04T16:10:36Z.
...
