000 (3174568.000.000) 2022-01-04 10:04:26 Job submitted from host: <144.92.180.5:9618?addrs=144.92.180.5-9618+[2607-f388-101c-1000--368]-9618&alias=login02.hep.wisc.edu&noUDP&sock=schedd_2326_0560>
...
040 (3174568.000.000) 2022-01-04 10:05:00 Started transferring input files
	Transferring to host: <128.105.244.41:9618?addrs=128.105.244.41-9618&alias=e3172.chtc.wisc.edu&noUDP&sock=slot1_1_20120_1c2b_15266>
...
040 (3174568.000.000) 2022-01-04 10:07:03 Finished transferring input files
...
001 (3174568.000.000) 2022-01-04 10:07:04 Job executing on host: <128.105.244.41:9618?addrs=128.105.244.41-9618&alias=e3172.chtc.wisc.edu&noUDP&sock=startd_1618_6453>
...
006 (3174568.000.000) 2022-01-04 10:07:13 Image size of job updated: 542500
	397  -  MemoryUsage of job (MB)
	405880  -  ResidentSetSize of job (KB)
...
006 (3174568.000.000) 2022-01-04 10:12:14 Image size of job updated: 1194420
	487  -  MemoryUsage of job (MB)
	498016  -  ResidentSetSize of job (KB)
...
040 (3174568.000.000) 2022-01-04 10:26:49 Started transferring output files
...
040 (3174568.000.000) 2022-01-04 10:26:49 Finished transferring output files
...
005 (3174568.000.000) 2022-01-04 10:26:49 Job terminated.
	(1) Normal termination (return value 0)
		Usr 0 00:18:23, Sys 0 00:00:13  -  Run Remote Usage
		Usr 0 00:00:00, Sys 0 00:00:00  -  Run Local Usage
		Usr 0 00:18:23, Sys 0 00:00:13  -  Total Remote Usage
		Usr 0 00:00:00, Sys 0 00:00:00  -  Total Local Usage
	176147  -  Run Bytes Sent By Job
	315491776  -  Run Bytes Received By Job
	176147  -  Total Bytes Sent By Job
	315491776  -  Total Bytes Received By Job
	Partitionable Resources :     Usage  Request Allocated 
	   Cpus                 :      0.97        1         1 
	   Disk (KB)            : 308329     2048000   2723836 
	   IoHeavy              :                            0 
	   Memory (MB)          :    487        1992      2048 

	Job terminated of its own accord at 2022-01-04T16:26:49Z.
...
