000 (3174695.000.000) 2022-01-04 10:06:16 Job submitted from host: <144.92.180.5:9618?addrs=144.92.180.5-9618+[2607-f388-101c-1000--368]-9618&alias=login02.hep.wisc.edu&noUDP&sock=schedd_2326_0560>
...
040 (3174695.000.000) 2022-01-04 10:07:55 Entered queue to transfer input files
	Transferring to host: <128.105.68.121:9618?addrs=128.105.68.121-9618&alias=e447.chtc.wisc.edu&noUDP&sock=slot1_1_13561_b381_15596>
...
040 (3174695.000.000) 2022-01-04 10:11:16 Started transferring input files
	Seconds spent in queue: 201
...
040 (3174695.000.000) 2022-01-04 10:11:40 Finished transferring input files
...
001 (3174695.000.000) 2022-01-04 10:11:41 Job executing on host: <128.105.68.121:9618?addrs=128.105.68.121-9618&alias=e447.chtc.wisc.edu&noUDP&sock=startd_3005_c22f>
...
006 (3174695.000.000) 2022-01-04 10:11:50 Image size of job updated: 561592
	415  -  MemoryUsage of job (MB)
	424444  -  ResidentSetSize of job (KB)
...
006 (3174695.000.000) 2022-01-04 10:11:55 Image size of job updated: 568588
	416  -  MemoryUsage of job (MB)
	425104  -  ResidentSetSize of job (KB)
...
040 (3174695.000.000) 2022-01-04 10:11:55 Started transferring output files
	Seconds spent in queue: 240
...
040 (3174695.000.000) 2022-01-04 10:11:56 Finished transferring output files
...
005 (3174695.000.000) 2022-01-04 10:11:56 Job terminated.
	(1) Normal termination (return value 0)
		Usr 0 00:00:05, Sys 0 00:00:01  -  Run Remote Usage
		Usr 0 00:00:00, Sys 0 00:00:00  -  Run Local Usage
		Usr 0 00:00:05, Sys 0 00:00:01  -  Total Remote Usage
		Usr 0 00:00:00, Sys 0 00:00:00  -  Total Local Usage
	141104  -  Run Bytes Sent By Job
	315491776  -  Run Bytes Received By Job
	141104  -  Total Bytes Sent By Job
	315491776  -  Total Bytes Received By Job
	Partitionable Resources :    Usage  Request Allocated 
	   Cpus                 :        0        1         1 
	   Disk (KB)            :   308296  2048000   2370882 
	   IoHeavy              :                           0 
	   Memory (MB)          :      416     1992      2048 

	Job terminated of its own accord at 2022-01-04T16:11:55Z.
...
