000 (3174744.000.000) 2022-01-04 10:07:12 Job submitted from host: <144.92.180.5:9618?addrs=144.92.180.5-9618+[2607-f388-101c-1000--368]-9618&alias=login02.hep.wisc.edu&noUDP&sock=schedd_2326_0560>
...
040 (3174744.000.000) 2022-01-04 10:08:09 Entered queue to transfer input files
	Transferring to host: <128.105.245.212:9618?addrs=128.105.245.212-9618&alias=e2412.chtc.wisc.edu&noUDP&sock=slot1_5_23527_a656_15438>
...
040 (3174744.000.000) 2022-01-04 10:12:44 Started transferring input files
	Seconds spent in queue: 275
...
040 (3174744.000.000) 2022-01-04 10:14:17 Finished transferring input files
...
001 (3174744.000.000) 2022-01-04 10:14:18 Job executing on host: <128.105.245.212:9618?addrs=128.105.245.212-9618&alias=e2412.chtc.wisc.edu&noUDP&sock=startd_2688_52a9>
...
006 (3174744.000.000) 2022-01-04 10:14:27 Image size of job updated: 536532
	397  -  MemoryUsage of job (MB)
	405676  -  ResidentSetSize of job (KB)
...
006 (3174744.000.000) 2022-01-04 10:19:28 Image size of job updated: 1188428
	493  -  MemoryUsage of job (MB)
	504544  -  ResidentSetSize of job (KB)
...
040 (3174744.000.000) 2022-01-04 10:28:23 Started transferring output files
	Seconds spent in queue: 1214
...
040 (3174744.000.000) 2022-01-04 10:28:23 Finished transferring output files
...
005 (3174744.000.000) 2022-01-04 10:28:24 Job terminated.
	(1) Normal termination (return value 0)
		Usr 0 00:02:39, Sys 0 00:00:28  -  Run Remote Usage
		Usr 0 00:00:00, Sys 0 00:00:00  -  Run Local Usage
		Usr 0 00:02:39, Sys 0 00:00:28  -  Total Remote Usage
		Usr 0 00:00:00, Sys 0 00:00:00  -  Total Local Usage
	140269  -  Run Bytes Sent By Job
	315491776  -  Run Bytes Received By Job
	140269  -  Total Bytes Sent By Job
	315491776  -  Total Bytes Received By Job
	Partitionable Resources :     Usage  Request Allocated 
	   Cpus                 :      0.08        1         1 
	   Disk (KB)            : 308294     2048000   2348370 
	   IoHeavy              :                            0 
	   Memory (MB)          :    493        1992      2048 

	Job terminated of its own accord at 2022-01-04T16:28:23Z.
...
