000 (3174541.000.000) 2022-01-04 10:04:13 Job submitted from host: <144.92.180.5:9618?addrs=144.92.180.5-9618+[2607-f388-101c-1000--368]-9618&alias=login02.hep.wisc.edu&noUDP&sock=schedd_2326_0560>
...
040 (3174541.000.000) 2022-01-04 10:04:54 Started transferring input files
	Transferring to host: <128.104.58.234:9618?addrs=128.104.58.234-9618+[2607-f388-1086-0-226-9eff-fe2b-be5a]-9618&alias=e562.chtc.wisc.edu&noUDP&sock=slot1_4_20237_8c10_15694>
...
040 (3174541.000.000) 2022-01-04 10:05:58 Finished transferring input files
...
001 (3174541.000.000) 2022-01-04 10:05:59 Job executing on host: <128.104.58.234:9618?addrs=128.104.58.234-9618+[2607-f388-1086-0-226-9eff-fe2b-be5a]-9618&alias=e562.chtc.wisc.edu&noUDP&sock=startd_2019_71cd>
...
006 (3174541.000.000) 2022-01-04 10:06:08 Image size of job updated: 29680
	1  -  MemoryUsage of job (MB)
	572  -  ResidentSetSize of job (KB)
...
006 (3174541.000.000) 2022-01-04 10:07:06 Image size of job updated: 1175656
	1  -  MemoryUsage of job (MB)
	572  -  ResidentSetSize of job (KB)
...
040 (3174541.000.000) 2022-01-04 10:07:09 Started transferring output files
...
040 (3174541.000.000) 2022-01-04 10:07:09 Finished transferring output files
...
005 (3174541.000.000) 2022-01-04 10:07:11 Job terminated.
	(1) Normal termination (return value 0)
		Usr 0 00:00:20, Sys 0 00:00:02  -  Run Remote Usage
		Usr 0 00:00:00, Sys 0 00:00:00  -  Run Local Usage
		Usr 0 00:00:20, Sys 0 00:00:02  -  Total Remote Usage
		Usr 0 00:00:00, Sys 0 00:00:00  -  Total Local Usage
	169246  -  Run Bytes Sent By Job
	315491776  -  Run Bytes Received By Job
	169246  -  Total Bytes Sent By Job
	315491776  -  Total Bytes Received By Job
	Partitionable Resources :     Usage  Request Allocated 
	   Cpus                 :      0.00        1         1 
	   Disk (KB)            : 308323     2048000   2714028 
	   IoHeavy              :                            0 
	   Memory (MB)          :      1        1992      2048 

	Job terminated of its own accord at 2022-01-04T16:07:06Z.
...
