000 (3174559.000.000) 2022-01-04 10:04:22 Job submitted from host: <144.92.180.5:9618?addrs=144.92.180.5-9618+[2607-f388-101c-1000--368]-9618&alias=login02.hep.wisc.edu&noUDP&sock=schedd_2326_0560>
...
040 (3174559.000.000) 2022-01-04 10:04:57 Started transferring input files
	Transferring to host: <128.105.68.136:9618?addrs=128.105.68.136-9618&alias=e2432.chtc.wisc.edu&noUDP&sock=slot1_1_5785_ce44_15597>
...
040 (3174559.000.000) 2022-01-04 10:05:50 Finished transferring input files
...
001 (3174559.000.000) 2022-01-04 10:05:51 Job executing on host: <128.105.68.136:9618?addrs=128.105.68.136-9618&alias=e2432.chtc.wisc.edu&noUDP&sock=startd_2931_002c>
...
006 (3174559.000.000) 2022-01-04 10:06:00 Image size of job updated: 19496
	0  -  MemoryUsage of job (MB)
	0  -  ResidentSetSize of job (KB)
...
006 (3174559.000.000) 2022-01-04 10:07:41 Image size of job updated: 1184248
	0  -  MemoryUsage of job (MB)
	0  -  ResidentSetSize of job (KB)
...
040 (3174559.000.000) 2022-01-04 10:07:43 Started transferring output files
...
040 (3174559.000.000) 2022-01-04 10:07:44 Finished transferring output files
...
005 (3174559.000.000) 2022-01-04 10:07:44 Job terminated.
	(1) Normal termination (return value 0)
		Usr 0 00:00:14, Sys 0 00:00:02  -  Run Remote Usage
		Usr 0 00:00:00, Sys 0 00:00:00  -  Run Local Usage
		Usr 0 00:00:14, Sys 0 00:00:02  -  Total Remote Usage
		Usr 0 00:00:00, Sys 0 00:00:00  -  Total Local Usage
	161022  -  Run Bytes Sent By Job
	315491776  -  Run Bytes Received By Job
	161022  -  Total Bytes Sent By Job
	315491776  -  Total Bytes Received By Job
	Partitionable Resources :     Usage  Request Allocated 
	   Cpus                 :      0.48        1         1 
	   Disk (KB)            : 308315     2048000   2358628 
	   IoHeavy              :                            0 
	   Memory (MB)          :      0        1992      2048 

	Job terminated of its own accord at 2022-01-04T16:07:41Z.
...
