000 (3174580.000.000) 2022-01-04 10:04:32 Job submitted from host: <144.92.180.5:9618?addrs=144.92.180.5-9618+[2607-f388-101c-1000--368]-9618&alias=login02.hep.wisc.edu&noUDP&sock=schedd_2326_0560>
...
040 (3174580.000.000) 2022-01-04 10:05:02 Started transferring input files
	Transferring to host: <128.104.58.178:9618?addrs=128.104.58.178-9618+[2607-f388-1086-0-a6ba-dbff-fe38-fc39]-9618&alias=e1048.chtc.wisc.edu&noUDP&sock=slot1_6_4553_c012_14050>
...
040 (3174580.000.000) 2022-01-04 10:11:15 Finished transferring input files
...
001 (3174580.000.000) 2022-01-04 10:11:16 Job executing on host: <128.104.58.178:9618?addrs=128.104.58.178-9618+[2607-f388-1086-0-a6ba-dbff-fe38-fc39]-9618&alias=e1048.chtc.wisc.edu&noUDP&sock=startd_5063_6017>
...
006 (3174580.000.000) 2022-01-04 10:11:25 Image size of job updated: 638788
	490  -  MemoryUsage of job (MB)
	500848  -  ResidentSetSize of job (KB)
...
006 (3174580.000.000) 2022-01-04 10:11:29 Image size of job updated: 1182152
	490  -  MemoryUsage of job (MB)
	500848  -  ResidentSetSize of job (KB)
...
040 (3174580.000.000) 2022-01-04 10:11:34 Entered queue to transfer output files
...
040 (3174580.000.000) 2022-01-04 10:11:38 Started transferring output files
...
040 (3174580.000.000) 2022-01-04 10:11:38 Finished transferring output files
...
005 (3174580.000.000) 2022-01-04 10:11:38 Job terminated.
	(1) Normal termination (return value 0)
		Usr 0 00:00:09, Sys 0 00:00:01  -  Run Remote Usage
		Usr 0 00:00:00, Sys 0 00:00:00  -  Run Local Usage
		Usr 0 00:00:09, Sys 0 00:00:01  -  Total Remote Usage
		Usr 0 00:00:00, Sys 0 00:00:00  -  Total Local Usage
	142402  -  Run Bytes Sent By Job
	315491808  -  Run Bytes Received By Job
	142402  -  Total Bytes Sent By Job
	315491808  -  Total Bytes Received By Job
	Partitionable Resources :     Usage  Request Allocated 
	   Cpus                 :      0.00        1         1 
	   Disk (KB)            : 308296     2048000   2696767 
	   Memory (MB)          :    490        1992      2048 

	Job terminated of its own accord at 2022-01-04T16:11:29Z.
...
