000 (3174623.000.000) 2022-01-04 10:04:55 Job submitted from host: <144.92.180.5:9618?addrs=144.92.180.5-9618+[2607-f388-101c-1000--368]-9618&alias=login02.hep.wisc.edu&noUDP&sock=schedd_2326_0560>
...
040 (3174623.000.000) 2022-01-04 10:05:13 Entered queue to transfer input files
	Transferring to host: <128.104.58.166:9618?addrs=128.104.58.166-9618+[2607-f388-1086-0-16fe-b5ff-fec6-6f2e]-9618&alias=e1018.chtc.wisc.edu&noUDP&sock=slot1_8_13274_7bd5_14939>
...
040 (3174623.000.000) 2022-01-04 10:06:51 Started transferring input files
	Seconds spent in queue: 98
...
040 (3174623.000.000) 2022-01-04 10:08:26 Finished transferring input files
...
001 (3174623.000.000) 2022-01-04 10:08:27 Job executing on host: <128.104.58.166:9618?addrs=128.104.58.166-9618+[2607-f388-1086-0-16fe-b5ff-fec6-6f2e]-9618&alias=e1018.chtc.wisc.edu&noUDP&sock=startd_4951_8d7b>
...
006 (3174623.000.000) 2022-01-04 10:08:37 Image size of job updated: 82348
	32  -  MemoryUsage of job (MB)
	32632  -  ResidentSetSize of job (KB)
...
006 (3174623.000.000) 2022-01-04 10:11:10 Image size of job updated: 1173540
	35  -  MemoryUsage of job (MB)
	35768  -  ResidentSetSize of job (KB)
...
040 (3174623.000.000) 2022-01-04 10:11:11 Started transferring output files
	Seconds spent in queue: 358
...
040 (3174623.000.000) 2022-01-04 10:11:11 Finished transferring output files
...
005 (3174623.000.000) 2022-01-04 10:11:11 Job terminated.
	(1) Normal termination (return value 0)
		Usr 0 00:02:05, Sys 0 00:00:04  -  Run Remote Usage
		Usr 0 00:00:00, Sys 0 00:00:00  -  Run Local Usage
		Usr 0 00:02:05, Sys 0 00:00:04  -  Total Remote Usage
		Usr 0 00:00:00, Sys 0 00:00:00  -  Total Local Usage
	166879  -  Run Bytes Sent By Job
	315491776  -  Run Bytes Received By Job
	166879  -  Total Bytes Sent By Job
	315491776  -  Total Bytes Received By Job
	Partitionable Resources :     Usage  Request Allocated 
	   Cpus                 :      0.53        1         1 
	   Disk (KB)            : 308321     2048000   2327754 
	   IoHeavy              :                            0 
	   Memory (MB)          :     35        1992      2048 

	Job terminated of its own accord at 2022-01-04T16:11:10Z.
...
