000 (3174639.000.000) 2022-01-04 10:05:19 Job submitted from host: <144.92.180.5:9618?addrs=144.92.180.5-9618+[2607-f388-101c-1000--368]-9618&alias=login02.hep.wisc.edu&noUDP&sock=schedd_2326_0560>
...
040 (3174639.000.000) 2022-01-04 10:06:07 Entered queue to transfer input files
	Transferring to host: <128.105.245.99:9618?addrs=128.105.245.99-9618&alias=e2299.chtc.wisc.edu&noUDP&sock=slot1_8_35781_b388_15409>
...
040 (3174639.000.000) 2022-01-04 10:07:44 Started transferring input files
	Seconds spent in queue: 97
...
040 (3174639.000.000) 2022-01-04 10:13:55 Finished transferring input files
...
001 (3174639.000.000) 2022-01-04 10:13:56 Job executing on host: <128.105.245.99:9618?addrs=128.105.245.99-9618&alias=e2299.chtc.wisc.edu&noUDP&sock=startd_2533_017b>
...
006 (3174639.000.000) 2022-01-04 10:14:05 Image size of job updated: 306720
	77  -  MemoryUsage of job (MB)
	78028  -  ResidentSetSize of job (KB)
...
006 (3174639.000.000) 2022-01-04 10:15:36 Image size of job updated: 1175280
	79  -  MemoryUsage of job (MB)
	80140  -  ResidentSetSize of job (KB)
...
040 (3174639.000.000) 2022-01-04 10:15:36 Started transferring output files
	Seconds spent in queue: 569
...
040 (3174639.000.000) 2022-01-04 10:15:36 Finished transferring output files
...
005 (3174639.000.000) 2022-01-04 10:15:36 Job terminated.
	(1) Normal termination (return value 0)
		Usr 0 00:00:39, Sys 0 00:00:02  -  Run Remote Usage
		Usr 0 00:00:00, Sys 0 00:00:00  -  Run Local Usage
		Usr 0 00:00:39, Sys 0 00:00:02  -  Total Remote Usage
		Usr 0 00:00:00, Sys 0 00:00:00  -  Total Local Usage
	136727  -  Run Bytes Sent By Job
	315491808  -  Run Bytes Received By Job
	136727  -  Total Bytes Sent By Job
	315491808  -  Total Bytes Received By Job
	Partitionable Resources :     Usage  Request Allocated 
	   Cpus                 :      0.02        1         1 
	   Disk (KB)            : 308291     2048000   2335668 
	   IoHeavy              :                            0 
	   Memory (MB)          :     79        1992      2048 

	Job terminated of its own accord at 2022-01-04T16:15:36Z.
...
