000 (3174594.000.000) 2022-01-04 10:04:39 Job submitted from host: <144.92.180.5:9618?addrs=144.92.180.5-9618+[2607-f388-101c-1000--368]-9618&alias=login02.hep.wisc.edu&noUDP&sock=schedd_2326_0560>
...
040 (3174594.000.000) 2022-01-04 10:05:10 Entered queue to transfer input files
	Transferring to host: <128.105.244.38:9618?addrs=128.105.244.38-9618&alias=e3169.chtc.wisc.edu&noUDP&sock=slot1_4_20952_544d_15477>
...
040 (3174594.000.000) 2022-01-04 10:05:58 Started transferring input files
	Seconds spent in queue: 48
...
040 (3174594.000.000) 2022-01-04 10:10:14 Finished transferring input files
...
001 (3174594.000.000) 2022-01-04 10:10:15 Job executing on host: <128.105.244.38:9618?addrs=128.105.244.38-9618&alias=e3169.chtc.wisc.edu&noUDP&sock=startd_1433_7f4e>
...
006 (3174594.000.000) 2022-01-04 10:10:23 Image size of job updated: 659636
	397  -  MemoryUsage of job (MB)
	405560  -  ResidentSetSize of job (KB)
...
006 (3174594.000.000) 2022-01-04 10:10:35 Image size of job updated: 1094436
	397  -  MemoryUsage of job (MB)
	405560  -  ResidentSetSize of job (KB)
...
040 (3174594.000.000) 2022-01-04 10:10:37 Started transferring output files
	Seconds spent in queue: 327
...
040 (3174594.000.000) 2022-01-04 10:10:37 Finished transferring output files
...
005 (3174594.000.000) 2022-01-04 10:10:37 Job terminated.
	(1) Normal termination (return value 0)
		Usr 0 00:00:09, Sys 0 00:00:02  -  Run Remote Usage
		Usr 0 00:00:00, Sys 0 00:00:00  -  Run Local Usage
		Usr 0 00:00:09, Sys 0 00:00:02  -  Total Remote Usage
		Usr 0 00:00:00, Sys 0 00:00:00  -  Total Local Usage
	134705  -  Run Bytes Sent By Job
	315491776  -  Run Bytes Received By Job
	134705  -  Total Bytes Sent By Job
	315491776  -  Total Bytes Received By Job
	Partitionable Resources :     Usage  Request Allocated 
	   Cpus                 :      0.12        1         1 
	   Disk (KB)            : 308289     2048000   2721517 
	   IoHeavy              :                            0 
	   Memory (MB)          :    397        1992      2048 

	Job terminated of its own accord at 2022-01-04T16:10:35Z.
...
