000 (3174540.000.000) 2022-01-04 10:04:12 Job submitted from host: <144.92.180.5:9618?addrs=144.92.180.5-9618+[2607-f388-101c-1000--368]-9618&alias=login02.hep.wisc.edu&noUDP&sock=schedd_2326_0560>
...
040 (3174540.000.000) 2022-01-04 10:04:54 Started transferring input files
	Transferring to host: <128.105.244.34:9618?addrs=128.105.244.34-9618&alias=e3165.chtc.wisc.edu&noUDP&sock=slot1_3_10773_4d8f_15641>
...
040 (3174540.000.000) 2022-01-04 10:06:07 Finished transferring input files
...
001 (3174540.000.000) 2022-01-04 10:06:08 Job executing on host: <128.105.244.34:9618?addrs=128.105.244.34-9618&alias=e3165.chtc.wisc.edu&noUDP&sock=startd_2904_7b1e>
...
006 (3174540.000.000) 2022-01-04 10:06:17 Image size of job updated: 2
	0  -  MemoryUsage of job (MB)
	0  -  ResidentSetSize of job (KB)
...
006 (3174540.000.000) 2022-01-04 10:11:17 Image size of job updated: 271824
	24  -  MemoryUsage of job (MB)
	24408  -  ResidentSetSize of job (KB)
...
006 (3174540.000.000) 2022-01-04 10:13:54 Image size of job updated: 1175884
	24  -  MemoryUsage of job (MB)
	24408  -  ResidentSetSize of job (KB)
...
040 (3174540.000.000) 2022-01-04 10:13:54 Started transferring output files
...
040 (3174540.000.000) 2022-01-04 10:13:54 Finished transferring output files
...
005 (3174540.000.000) 2022-01-04 10:13:54 Job terminated.
	(1) Normal termination (return value 0)
		Usr 0 00:00:23, Sys 0 00:00:02  -  Run Remote Usage
		Usr 0 00:00:00, Sys 0 00:00:00  -  Run Local Usage
		Usr 0 00:00:23, Sys 0 00:00:02  -  Total Remote Usage
		Usr 0 00:00:00, Sys 0 00:00:00  -  Total Local Usage
	176752  -  Run Bytes Sent By Job
	315491776  -  Run Bytes Received By Job
	176752  -  Total Bytes Sent By Job
	315491776  -  Total Bytes Received By Job
	Partitionable Resources :     Usage  Request Allocated 
	   Cpus                 :      0.52        1         1 
	   Disk (KB)            : 308330     2048000   3641535 
	   IoHeavy              :                            0 
	   Memory (MB)          :     24        1992      2048 

	Job terminated of its own accord at 2022-01-04T16:13:54Z.
...
