000 (3174737.000.000) 2022-01-04 10:06:57 Job submitted from host: <144.92.180.5:9618?addrs=144.92.180.5-9618+[2607-f388-101c-1000--368]-9618&alias=login02.hep.wisc.edu&noUDP&sock=schedd_2326_0560>
...
040 (3174737.000.000) 2022-01-04 10:08:54 Entered queue to transfer input files
	Transferring to host: <128.104.58.175:9618?addrs=128.104.58.175-9618+[2607-f388-1086-0-16fe-b5ff-fec6-719b]-9618&alias=e1030.chtc.wisc.edu&noUDP&sock=slot1_10_40312_3360_14849>
...
040 (3174737.000.000) 2022-01-04 10:12:48 Started transferring input files
	Seconds spent in queue: 234
...
040 (3174737.000.000) 2022-01-04 10:13:14 Finished transferring input files
...
001 (3174737.000.000) 2022-01-04 10:13:15 Job executing on host: <128.104.58.175:9618?addrs=128.104.58.175-9618+[2607-f388-1086-0-16fe-b5ff-fec6-719b]-9618&alias=e1030.chtc.wisc.edu&noUDP&sock=startd_4907_5f50>
...
006 (3174737.000.000) 2022-01-04 10:13:23 Image size of job updated: 933492
	401  -  MemoryUsage of job (MB)
	410600  -  ResidentSetSize of job (KB)
...
006 (3174737.000.000) 2022-01-04 10:17:45 Image size of job updated: 1204896
	402  -  MemoryUsage of job (MB)
	411256  -  ResidentSetSize of job (KB)
...
040 (3174737.000.000) 2022-01-04 10:17:45 Started transferring output files
	Seconds spent in queue: 531
...
040 (3174737.000.000) 2022-01-04 10:17:45 Finished transferring output files
...
005 (3174737.000.000) 2022-01-04 10:17:45 Job terminated.
	(1) Normal termination (return value 0)
		Usr 0 00:02:51, Sys 0 00:00:15  -  Run Remote Usage
		Usr 0 00:00:00, Sys 0 00:00:00  -  Run Local Usage
		Usr 0 00:02:51, Sys 0 00:00:15  -  Total Remote Usage
		Usr 0 00:00:00, Sys 0 00:00:00  -  Total Local Usage
	143544  -  Run Bytes Sent By Job
	315491776  -  Run Bytes Received By Job
	143544  -  Total Bytes Sent By Job
	315491776  -  Total Bytes Received By Job
	Partitionable Resources :     Usage  Request Allocated 
	   Cpus                 :      0.85        1         1 
	   Disk (KB)            : 308299     2048000   2401663 
	   IoHeavy              :                            0 
	   Memory (MB)          :    402        1992      2048 

	Job terminated of its own accord at 2022-01-04T16:17:45Z.
...
