000 (3174674.000.000) 2022-01-04 10:06:01 Job submitted from host: <144.92.180.5:9618?addrs=144.92.180.5-9618+[2607-f388-101c-1000--368]-9618&alias=login02.hep.wisc.edu&noUDP&sock=schedd_2326_0560>
...
040 (3174674.000.000) 2022-01-04 10:06:21 Entered queue to transfer input files
	Transferring to host: <128.104.101.123:9618?addrs=128.104.101.123-9618+[2607-f388-107c-501-4603-a7ff-fe29-7025]-9618&alias=e123.chtc.wisc.edu&noUDP&sock=slot1_5_2589_ef42_12254>
...
040 (3174674.000.000) 2022-01-04 10:09:22 Started transferring input files
	Seconds spent in queue: 181
...
040 (3174674.000.000) 2022-01-04 10:12:03 Finished transferring input files
...
001 (3174674.000.000) 2022-01-04 10:12:04 Job executing on host: <128.104.101.123:9618?addrs=128.104.101.123-9618+[2607-f388-107c-501-4603-a7ff-fe29-7025]-9618&alias=e123.chtc.wisc.edu&noUDP&sock=startd_1665_a146>
...
006 (3174674.000.000) 2022-01-04 10:12:14 Image size of job updated: 573440
	482  -  MemoryUsage of job (MB)
	493512  -  ResidentSetSize of job (KB)
...
006 (3174674.000.000) 2022-01-04 10:15:41 Image size of job updated: 1176480
	482  -  MemoryUsage of job (MB)
	493512  -  ResidentSetSize of job (KB)
...
040 (3174674.000.000) 2022-01-04 10:15:41 Started transferring output files
	Seconds spent in queue: 560
...
040 (3174674.000.000) 2022-01-04 10:15:41 Finished transferring output files
...
005 (3174674.000.000) 2022-01-04 10:15:41 Job terminated.
	(1) Normal termination (return value 0)
		Usr 0 00:02:53, Sys 0 00:00:05  -  Run Remote Usage
		Usr 0 00:00:00, Sys 0 00:00:00  -  Run Local Usage
		Usr 0 00:02:53, Sys 0 00:00:05  -  Total Remote Usage
		Usr 0 00:00:00, Sys 0 00:00:00  -  Total Local Usage
	167113  -  Run Bytes Sent By Job
	315491776  -  Run Bytes Received By Job
	167113  -  Total Bytes Sent By Job
	315491776  -  Total Bytes Received By Job
	Partitionable Resources :     Usage  Request Allocated 
	   Cpus                 :      0.85        1         1 
	   Disk (KB)            : 308322     2048000   3166860 
	   IoHeavy              :                            0 
	   Memory (MB)          :    482        1992      2048 

	Job terminated of its own accord at 2022-01-04T16:15:41Z.
...
