000 (3174620.000.000) 2022-01-04 10:04:52 Job submitted from host: <144.92.180.5:9618?addrs=144.92.180.5-9618+[2607-f388-101c-1000--368]-9618&alias=login02.hep.wisc.edu&noUDP&sock=schedd_2326_0560>
...
040 (3174620.000.000) 2022-01-04 10:05:15 Entered queue to transfer input files
	Transferring to host: <128.105.245.213:9618?addrs=128.105.245.213-9618&alias=e2413.chtc.wisc.edu&noUDP&sock=slot1_6_7892_60ba_15310>
...
040 (3174620.000.000) 2022-01-04 10:07:03 Started transferring input files
	Seconds spent in queue: 108
...
040 (3174620.000.000) 2022-01-04 10:08:48 Finished transferring input files
...
001 (3174620.000.000) 2022-01-04 10:08:49 Job executing on host: <128.105.245.213:9618?addrs=128.105.245.213-9618&alias=e2413.chtc.wisc.edu&noUDP&sock=startd_2026_3ef7>
...
006 (3174620.000.000) 2022-01-04 10:08:57 Image size of job updated: 172448
	51  -  MemoryUsage of job (MB)
	51668  -  ResidentSetSize of job (KB)
...
006 (3174620.000.000) 2022-01-04 10:11:31 Image size of job updated: 1174868
	51  -  MemoryUsage of job (MB)
	51668  -  ResidentSetSize of job (KB)
...
040 (3174620.000.000) 2022-01-04 10:11:36 Entered queue to transfer output files
...
040 (3174620.000.000) 2022-01-04 10:11:40 Started transferring output files
	Seconds spent in queue: 385
...
040 (3174620.000.000) 2022-01-04 10:11:40 Finished transferring output files
...
005 (3174620.000.000) 2022-01-04 10:11:40 Job terminated.
	(1) Normal termination (return value 0)
		Usr 0 00:01:22, Sys 0 00:00:04  -  Run Remote Usage
		Usr 0 00:00:00, Sys 0 00:00:00  -  Run Local Usage
		Usr 0 00:01:22, Sys 0 00:00:04  -  Total Remote Usage
		Usr 0 00:00:00, Sys 0 00:00:00  -  Total Local Usage
	163589  -  Run Bytes Sent By Job
	315491776  -  Run Bytes Received By Job
	163589  -  Total Bytes Sent By Job
	315491776  -  Total Bytes Received By Job
	Partitionable Resources :     Usage  Request Allocated 
	   Cpus                 :      0.10        1         1 
	   Disk (KB)            : 308317     2048000   2350459 
	   IoHeavy              :                            0 
	   Memory (MB)          :     51        1992      2048 

	Job terminated of its own accord at 2022-01-04T16:11:31Z.
...
