000 (3174652.000.000) 2022-01-04 10:05:41 Job submitted from host: <144.92.180.5:9618?addrs=144.92.180.5-9618+[2607-f388-101c-1000--368]-9618&alias=login02.hep.wisc.edu&noUDP&sock=schedd_2326_0560>
...
040 (3174652.000.000) 2022-01-04 10:06:09 Entered queue to transfer input files
	Transferring to host: <128.105.245.104:9618?addrs=128.105.245.104-9618&alias=e2304.chtc.wisc.edu&noUDP&sock=slot1_4_33276_b3c2_15869>
...
040 (3174652.000.000) 2022-01-04 10:08:11 Started transferring input files
	Seconds spent in queue: 122
...
040 (3174652.000.000) 2022-01-04 10:14:17 Finished transferring input files
...
001 (3174652.000.000) 2022-01-04 10:14:18 Job executing on host: <128.105.245.104:9618?addrs=128.105.245.104-9618&alias=e2304.chtc.wisc.edu&noUDP&sock=startd_11878_e604>
...
006 (3174652.000.000) 2022-01-04 10:14:26 Image size of job updated: 536444
	396  -  MemoryUsage of job (MB)
	404840  -  ResidentSetSize of job (KB)
...
006 (3174652.000.000) 2022-01-04 10:15:33 Image size of job updated: 1172732
	396  -  MemoryUsage of job (MB)
	404840  -  ResidentSetSize of job (KB)
...
040 (3174652.000.000) 2022-01-04 10:15:33 Started transferring output files
	Seconds spent in queue: 564
...
040 (3174652.000.000) 2022-01-04 10:15:33 Finished transferring output files
...
005 (3174652.000.000) 2022-01-04 10:15:33 Job terminated.
	(1) Normal termination (return value 0)
		Usr 0 00:00:12, Sys 0 00:00:02  -  Run Remote Usage
		Usr 0 00:00:00, Sys 0 00:00:00  -  Run Local Usage
		Usr 0 00:00:12, Sys 0 00:00:02  -  Total Remote Usage
		Usr 0 00:00:00, Sys 0 00:00:00  -  Total Local Usage
	122898  -  Run Bytes Sent By Job
	315491808  -  Run Bytes Received By Job
	122898  -  Total Bytes Sent By Job
	315491808  -  Total Bytes Received By Job
	Partitionable Resources :     Usage  Request Allocated 
	   Cpus                 :      0.04        1         1 
	   Disk (KB)            : 308278     2048000   2351269 
	   IoHeavy              :                            0 
	   Memory (MB)          :    396        1992      2048 

	Job terminated of its own accord at 2022-01-04T16:15:33Z.
...
