000 (3174709.000.000) 2022-01-04 10:06:24 Job submitted from host: <144.92.180.5:9618?addrs=144.92.180.5-9618+[2607-f388-101c-1000--368]-9618&alias=login02.hep.wisc.edu&noUDP&sock=schedd_2326_0560>
...
040 (3174709.000.000) 2022-01-04 10:07:43 Entered queue to transfer input files
	Transferring to host: <128.104.101.133:9618?addrs=128.104.101.133-9618+[2607-f388-107c-501-4603-a7ff-fe29-a983]-9618&alias=e133.chtc.wisc.edu&noUDP&sock=slot1_3_3051_7495_11971>
...
040 (3174709.000.000) 2022-01-04 10:11:04 Started transferring input files
	Seconds spent in queue: 201
...
040 (3174709.000.000) 2022-01-04 10:13:03 Finished transferring input files
...
001 (3174709.000.000) 2022-01-04 10:13:04 Job executing on host: <128.104.101.133:9618?addrs=128.104.101.133-9618+[2607-f388-107c-501-4603-a7ff-fe29-a983]-9618&alias=e133.chtc.wisc.edu&noUDP&sock=startd_1873_4cf9>
...
006 (3174709.000.000) 2022-01-04 10:13:12 Image size of job updated: 557884
	465  -  MemoryUsage of job (MB)
	475900  -  ResidentSetSize of job (KB)
...
006 (3174709.000.000) 2022-01-04 10:18:12 Image size of job updated: 1176224
	488  -  MemoryUsage of job (MB)
	499704  -  ResidentSetSize of job (KB)
...
006 (3174709.000.000) 2022-01-04 10:23:13 Image size of job updated: 1176224
	490  -  MemoryUsage of job (MB)
	500748  -  ResidentSetSize of job (KB)
...
040 (3174709.000.000) 2022-01-04 10:24:40 Started transferring output files
	Seconds spent in queue: 1017
...
040 (3174709.000.000) 2022-01-04 10:24:40 Finished transferring output files
...
005 (3174709.000.000) 2022-01-04 10:24:40 Job terminated.
	(1) Normal termination (return value 0)
		Usr 0 00:10:09, Sys 0 00:00:10  -  Run Remote Usage
		Usr 0 00:00:00, Sys 0 00:00:00  -  Run Local Usage
		Usr 0 00:10:09, Sys 0 00:00:10  -  Total Remote Usage
		Usr 0 00:00:00, Sys 0 00:00:00  -  Total Local Usage
	168378  -  Run Bytes Sent By Job
	315491776  -  Run Bytes Received By Job
	168378  -  Total Bytes Sent By Job
	315491776  -  Total Bytes Received By Job
	Partitionable Resources :     Usage  Request Allocated 
	   Cpus                 :      0.89        1         1 
	   Disk (KB)            : 308323     2048000   3399596 
	   IoHeavy              :                            0 
	   Memory (MB)          :    490        1992      2048 

	Job terminated of its own accord at 2022-01-04T16:24:40Z.
...
