000 (3174544.000.000) 2022-01-04 10:04:14 Job submitted from host: <144.92.180.5:9618?addrs=144.92.180.5-9618+[2607-f388-101c-1000--368]-9618&alias=login02.hep.wisc.edu&noUDP&sock=schedd_2326_0560>
...
040 (3174544.000.000) 2022-01-04 10:04:58 Started transferring input files
	Transferring to host: <128.105.245.208:9618?addrs=128.105.245.208-9618&alias=e2408.chtc.wisc.edu&noUDP&sock=slot1_2_15180_6ee2_15388>
...
040 (3174544.000.000) 2022-01-04 10:13:13 Finished transferring input files
...
001 (3174544.000.000) 2022-01-04 10:13:14 Job executing on host: <128.105.245.208:9618?addrs=128.105.245.208-9618&alias=e2408.chtc.wisc.edu&noUDP&sock=startd_2373_4254>
...
006 (3174544.000.000) 2022-01-04 10:13:23 Image size of job updated: 483512
	332  -  MemoryUsage of job (MB)
	339368  -  ResidentSetSize of job (KB)
...
006 (3174544.000.000) 2022-01-04 10:14:20 Image size of job updated: 1176540
	341  -  MemoryUsage of job (MB)
	349136  -  ResidentSetSize of job (KB)
...
040 (3174544.000.000) 2022-01-04 10:14:20 Started transferring output files
...
040 (3174544.000.000) 2022-01-04 10:14:20 Finished transferring output files
...
005 (3174544.000.000) 2022-01-04 10:14:20 Job terminated.
	(1) Normal termination (return value 0)
		Usr 0 00:00:12, Sys 0 00:00:02  -  Run Remote Usage
		Usr 0 00:00:00, Sys 0 00:00:00  -  Run Local Usage
		Usr 0 00:00:12, Sys 0 00:00:02  -  Total Remote Usage
		Usr 0 00:00:00, Sys 0 00:00:00  -  Total Local Usage
	160764  -  Run Bytes Sent By Job
	315491776  -  Run Bytes Received By Job
	160764  -  Total Bytes Sent By Job
	315491776  -  Total Bytes Received By Job
	Partitionable Resources :     Usage  Request Allocated 
	   Cpus                 :      0.21        1         1 
	   Disk (KB)            : 308315     2048000   2361642 
	   IoHeavy              :                            0 
	   Memory (MB)          :    341        1992      2048 

	Job terminated of its own accord at 2022-01-04T16:14:20Z.
...
