000 (3174730.000.000) 2022-01-04 10:06:47 Job submitted from host: <144.92.180.5:9618?addrs=144.92.180.5-9618+[2607-f388-101c-1000--368]-9618&alias=login02.hep.wisc.edu&noUDP&sock=schedd_2326_0560>
...
040 (3174730.000.000) 2022-01-04 10:08:08 Entered queue to transfer input files
	Transferring to host: <128.105.245.91:9618?addrs=128.105.245.91-9618&alias=e2291.chtc.wisc.edu&noUDP&sock=slot1_9_20053_e709_15304>
...
040 (3174730.000.000) 2022-01-04 10:12:11 Started transferring input files
	Seconds spent in queue: 243
...
040 (3174730.000.000) 2022-01-04 10:15:42 Finished transferring input files
...
001 (3174730.000.000) 2022-01-04 10:15:43 Job executing on host: <128.105.245.91:9618?addrs=128.105.245.91-9618&alias=e2291.chtc.wisc.edu&noUDP&sock=startd_2434_199b>
...
006 (3174730.000.000) 2022-01-04 10:15:53 Image size of job updated: 282944
	45  -  MemoryUsage of job (MB)
	45792  -  ResidentSetSize of job (KB)
...
006 (3174730.000.000) 2022-01-04 10:20:53 Image size of job updated: 1185656
	489  -  MemoryUsage of job (MB)
	499812  -  ResidentSetSize of job (KB)
...
040 (3174730.000.000) 2022-01-04 10:24:24 Started transferring output files
	Seconds spent in queue: 976
...
040 (3174730.000.000) 2022-01-04 10:24:24 Finished transferring output files
...
005 (3174730.000.000) 2022-01-04 10:24:25 Job terminated.
	(1) Normal termination (return value 0)
		Usr 0 00:01:22, Sys 0 00:00:11  -  Run Remote Usage
		Usr 0 00:00:00, Sys 0 00:00:00  -  Run Local Usage
		Usr 0 00:01:22, Sys 0 00:00:11  -  Total Remote Usage
		Usr 0 00:00:00, Sys 0 00:00:00  -  Total Local Usage
	140168  -  Run Bytes Sent By Job
	315491744  -  Run Bytes Received By Job
	140168  -  Total Bytes Sent By Job
	315491744  -  Total Bytes Received By Job
	Partitionable Resources :     Usage  Request Allocated 
	   Cpus                 :      0.18        1         1 
	   Disk (KB)            : 308295     2048000   2410811 
	   IoHeavy              :                            0 
	   Memory (MB)          :    489        1992      2048 

	Job terminated of its own accord at 2022-01-04T16:24:24Z.
...
