000 (3174628.000.000) 2022-01-04 10:05:01 Job submitted from host: <144.92.180.5:9618?addrs=144.92.180.5-9618+[2607-f388-101c-1000--368]-9618&alias=login02.hep.wisc.edu&noUDP&sock=schedd_2326_0560>
...
040 (3174628.000.000) 2022-01-04 10:06:13 Entered queue to transfer input files
	Transferring to host: <128.105.245.197:9618?addrs=128.105.245.197-9618&alias=e2397.chtc.wisc.edu&noUDP&sock=slot1_5_13350_0858_15781>
...
040 (3174628.000.000) 2022-01-04 10:09:15 Started transferring input files
	Seconds spent in queue: 182
...
040 (3174628.000.000) 2022-01-04 10:11:16 Finished transferring input files
...
001 (3174628.000.000) 2022-01-04 10:11:17 Job executing on host: <128.105.245.197:9618?addrs=128.105.245.197-9618&alias=e2397.chtc.wisc.edu&noUDP&sock=startd_3053_aeba>
...
006 (3174628.000.000) 2022-01-04 10:11:25 Image size of job updated: 56108
	1  -  MemoryUsage of job (MB)
	384  -  ResidentSetSize of job (KB)
...
006 (3174628.000.000) 2022-01-04 10:14:09 Image size of job updated: 1172964
	1  -  MemoryUsage of job (MB)
	384  -  ResidentSetSize of job (KB)
...
040 (3174628.000.000) 2022-01-04 10:14:09 Started transferring output files
	Seconds spent in queue: 476
...
040 (3174628.000.000) 2022-01-04 10:14:09 Finished transferring output files
...
005 (3174628.000.000) 2022-01-04 10:14:09 Job terminated.
	(1) Normal termination (return value 0)
		Usr 0 00:00:13, Sys 0 00:00:02  -  Run Remote Usage
		Usr 0 00:00:00, Sys 0 00:00:00  -  Run Local Usage
		Usr 0 00:00:13, Sys 0 00:00:02  -  Total Remote Usage
		Usr 0 00:00:00, Sys 0 00:00:00  -  Total Local Usage
	125332  -  Run Bytes Sent By Job
	315491808  -  Run Bytes Received By Job
	125332  -  Total Bytes Sent By Job
	315491808  -  Total Bytes Received By Job
	Partitionable Resources :     Usage  Request Allocated 
	   Cpus                 :      0.01        1         1 
	   Disk (KB)            : 308280     2048000   2351943 
	   IoHeavy              :                            0 
	   Memory (MB)          :      1        1992      2048 

	Job terminated of its own accord at 2022-01-04T16:14:09Z.
...
