000 (3174716.000.000) 2022-01-04 10:06:28 Job submitted from host: <144.92.180.5:9618?addrs=144.92.180.5-9618+[2607-f388-101c-1000--368]-9618&alias=login02.hep.wisc.edu&noUDP&sock=schedd_2326_0560>
...
040 (3174716.000.000) 2022-01-04 10:08:09 Entered queue to transfer input files
	Transferring to host: <128.105.68.118:9618?addrs=128.105.68.118-9618&alias=e2450.chtc.wisc.edu&noUDP&sock=slot1_7_37672_14f5_15949>
...
040 (3174716.000.000) 2022-01-04 10:12:42 Started transferring input files
	Seconds spent in queue: 273
...
040 (3174716.000.000) 2022-01-04 10:13:18 Finished transferring input files
...
001 (3174716.000.000) 2022-01-04 10:13:19 Job executing on host: <128.105.68.118:9618?addrs=128.105.68.118-9618&alias=e2450.chtc.wisc.edu&noUDP&sock=startd_2774_4fce>
...
006 (3174716.000.000) 2022-01-04 10:13:27 Image size of job updated: 297464
	55  -  MemoryUsage of job (MB)
	56116  -  ResidentSetSize of job (KB)
...
006 (3174716.000.000) 2022-01-04 10:13:43 Image size of job updated: 1151472
	56  -  MemoryUsage of job (MB)
	56644  -  ResidentSetSize of job (KB)
...
040 (3174716.000.000) 2022-01-04 10:13:43 Started transferring output files
	Seconds spent in queue: 334
...
040 (3174716.000.000) 2022-01-04 10:13:43 Finished transferring output files
...
005 (3174716.000.000) 2022-01-04 10:13:43 Job terminated.
	(1) Normal termination (return value 0)
		Usr 0 00:00:04, Sys 0 00:00:01  -  Run Remote Usage
		Usr 0 00:00:00, Sys 0 00:00:00  -  Run Local Usage
		Usr 0 00:00:04, Sys 0 00:00:01  -  Total Remote Usage
		Usr 0 00:00:00, Sys 0 00:00:00  -  Total Local Usage
	65972  -  Run Bytes Sent By Job
	315491808  -  Run Bytes Received By Job
	65972  -  Total Bytes Sent By Job
	315491808  -  Total Bytes Received By Job
	Partitionable Resources :    Usage  Request Allocated 
	   Cpus                 :        0        1         1 
	   Disk (KB)            :   308222  2048000   2349947 
	   IoHeavy              :                           0 
	   Memory (MB)          :       56     1992      2048 

	Job terminated of its own accord at 2022-01-04T16:13:43Z.
...
