000 (3174725.000.000) 2022-01-04 10:06:34 Job submitted from host: <144.92.180.5:9618?addrs=144.92.180.5-9618+[2607-f388-101c-1000--368]-9618&alias=login02.hep.wisc.edu&noUDP&sock=schedd_2326_0560>
...
040 (3174725.000.000) 2022-01-04 10:08:09 Entered queue to transfer input files
	Transferring to host: <128.105.245.125:9618?addrs=128.105.245.125-9618&alias=e325.chtc.wisc.edu&noUDP&sock=slot1_11_20747_e365_15806>
...
040 (3174725.000.000) 2022-01-04 10:12:24 Started transferring input files
	Seconds spent in queue: 255
...
040 (3174725.000.000) 2022-01-04 10:13:40 Finished transferring input files
...
001 (3174725.000.000) 2022-01-04 10:13:41 Job executing on host: <128.105.245.125:9618?addrs=128.105.245.125-9618&alias=e325.chtc.wisc.edu&noUDP&sock=startd_2086_66a5>
...
006 (3174725.000.000) 2022-01-04 10:13:51 Image size of job updated: 714944
	413  -  MemoryUsage of job (MB)
	421968  -  ResidentSetSize of job (KB)
...
006 (3174725.000.000) 2022-01-04 10:14:03 Image size of job updated: 1146672
	413  -  MemoryUsage of job (MB)
	422100  -  ResidentSetSize of job (KB)
...
040 (3174725.000.000) 2022-01-04 10:14:03 Started transferring output files
	Seconds spent in queue: 354
...
040 (3174725.000.000) 2022-01-04 10:14:03 Finished transferring output files
...
005 (3174725.000.000) 2022-01-04 10:14:03 Job terminated.
	(1) Normal termination (return value 0)
		Usr 0 00:00:08, Sys 0 00:00:01  -  Run Remote Usage
		Usr 0 00:00:00, Sys 0 00:00:00  -  Run Local Usage
		Usr 0 00:00:08, Sys 0 00:00:01  -  Total Remote Usage
		Usr 0 00:00:00, Sys 0 00:00:00  -  Total Local Usage
	157166  -  Run Bytes Sent By Job
	315491744  -  Run Bytes Received By Job
	157166  -  Total Bytes Sent By Job
	315491744  -  Total Bytes Received By Job
	Partitionable Resources :    Usage  Request Allocated 
	   Cpus                 :        0        1         1 
	   Disk (KB)            :   308311  2048000   2321833 
	   IoHeavy              :                           0 
	   Memory (MB)          :      413     1992      2048 

	Job terminated of its own accord at 2022-01-04T16:14:03Z.
...
