000 (3174539.000.000) 2022-01-04 10:04:11 Job submitted from host: <144.92.180.5:9618?addrs=144.92.180.5-9618+[2607-f388-101c-1000--368]-9618&alias=login02.hep.wisc.edu&noUDP&sock=schedd_2326_0560>
...
040 (3174539.000.000) 2022-01-04 10:04:57 Started transferring input files
	Transferring to host: <128.105.245.139:9618?addrs=128.105.245.139-9618&alias=e2339.chtc.wisc.edu&noUDP&sock=slot1_13_2371_5579_15313>
...
040 (3174539.000.000) 2022-01-04 10:08:44 Finished transferring input files
...
001 (3174539.000.000) 2022-01-04 10:08:45 Job executing on host: <128.105.245.139:9618?addrs=128.105.245.139-9618&alias=e2339.chtc.wisc.edu&noUDP&sock=startd_2257_b157>
...
006 (3174539.000.000) 2022-01-04 10:08:54 Image size of job updated: 1220
	1  -  MemoryUsage of job (MB)
	692  -  ResidentSetSize of job (KB)
...
006 (3174539.000.000) 2022-01-04 10:11:00 Image size of job updated: 1176884
	1  -  MemoryUsage of job (MB)
	692  -  ResidentSetSize of job (KB)
...
040 (3174539.000.000) 2022-01-04 10:11:04 Started transferring output files
...
040 (3174539.000.000) 2022-01-04 10:11:04 Finished transferring output files
...
005 (3174539.000.000) 2022-01-04 10:11:04 Job terminated.
	(1) Normal termination (return value 0)
		Usr 0 00:00:19, Sys 0 00:00:03  -  Run Remote Usage
		Usr 0 00:00:00, Sys 0 00:00:00  -  Run Local Usage
		Usr 0 00:00:19, Sys 0 00:00:03  -  Total Remote Usage
		Usr 0 00:00:00, Sys 0 00:00:00  -  Total Local Usage
	160529  -  Run Bytes Sent By Job
	315491776  -  Run Bytes Received By Job
	160529  -  Total Bytes Sent By Job
	315491776  -  Total Bytes Received By Job
	Partitionable Resources :     Usage  Request Allocated 
	   Cpus                 :      0.06        1         1 
	   Disk (KB)            : 308314     2048000   2314474 
	   IoHeavy              :                            0 
	   Memory (MB)          :      1        1992      2048 

	Job terminated of its own accord at 2022-01-04T16:11:00Z.
...
