000 (3174622.000.000) 2022-01-04 10:04:54 Job submitted from host: <144.92.180.5:9618?addrs=144.92.180.5-9618+[2607-f388-101c-1000--368]-9618&alias=login02.hep.wisc.edu&noUDP&sock=schedd_2326_0560>
...
040 (3174622.000.000) 2022-01-04 10:05:18 Entered queue to transfer input files
	Transferring to host: <128.104.58.179:9618?addrs=128.104.58.179-9618+[2607-f388-1086-0-16fe-b5ff-fec6-7177]-9618&alias=e1035.chtc.wisc.edu&noUDP&sock=slot1_10_46370_9c17_13734>
...
040 (3174622.000.000) 2022-01-04 10:07:11 Started transferring input files
	Seconds spent in queue: 113
...
040 (3174622.000.000) 2022-01-04 10:08:03 Finished transferring input files
...
001 (3174622.000.000) 2022-01-04 10:08:07 Job executing on host: <128.104.58.179:9618?addrs=128.104.58.179-9618+[2607-f388-1086-0-16fe-b5ff-fec6-7177]-9618&alias=e1035.chtc.wisc.edu&noUDP&sock=startd_5144_ef43>
...
006 (3174622.000.000) 2022-01-04 10:08:15 Image size of job updated: 479928
	395  -  MemoryUsage of job (MB)
	403580  -  ResidentSetSize of job (KB)
...
006 (3174622.000.000) 2022-01-04 10:10:35 Image size of job updated: 1175392
	395  -  MemoryUsage of job (MB)
	403632  -  ResidentSetSize of job (KB)
...
040 (3174622.000.000) 2022-01-04 10:10:37 Started transferring output files
	Seconds spent in queue: 319
...
040 (3174622.000.000) 2022-01-04 10:10:37 Finished transferring output files
...
005 (3174622.000.000) 2022-01-04 10:10:37 Job terminated.
	(1) Normal termination (return value 0)
		Usr 0 00:02:08, Sys 0 00:00:05  -  Run Remote Usage
		Usr 0 00:00:00, Sys 0 00:00:00  -  Run Local Usage
		Usr 0 00:02:08, Sys 0 00:00:05  -  Total Remote Usage
		Usr 0 00:00:00, Sys 0 00:00:00  -  Total Local Usage
	164807  -  Run Bytes Sent By Job
	315491776  -  Run Bytes Received By Job
	164807  -  Total Bytes Sent By Job
	315491776  -  Total Bytes Received By Job
	Partitionable Resources :     Usage  Request Allocated 
	   Cpus                 :      0.93        1         1 
	   Disk (KB)            : 308319     2048000   2330401 
	   IoHeavy              :                            0 
	   Memory (MB)          :    395        1992      2048 

	Job terminated of its own accord at 2022-01-04T16:10:35Z.
...
