000 (5380594.000.000) 2022-10-28 12:15:30 Job submitted from host: <144.92.180.28:9618?addrs=144.92.180.28-9618+[2607-f388-101c-1000--370]-9618&alias=login04.hep.wisc.edu&noUDP&sock=schedd_3631_2478>
...
040 (5380594.000.000) 2022-10-28 13:57:15 Started transferring input files
	Transferring to host: <144.92.180.117:9618?addrs=144.92.180.117-9618+[2607-f388-101c-1000--289]-9618&alias=g26n15.hep.wisc.edu&noUDP&sock=slot1_4_3521_9ce8_15320>
...
040 (5380594.000.000) 2022-10-28 13:57:16 Finished transferring input files
...
001 (5380594.000.000) 2022-10-28 13:57:16 Job executing on host: <144.92.180.117:9618?addrs=144.92.180.117-9618+[2607-f388-101c-1000--289]-9618&alias=g26n15.hep.wisc.edu&noUDP&sock=startd_3103_fa77>
...
006 (5380594.000.000) 2022-10-28 13:57:26 Image size of job updated: 182080
	65  -  MemoryUsage of job (MB)
	65656  -  ResidentSetSize of job (KB)
...
006 (5380594.000.000) 2022-10-28 13:57:30 Image size of job updated: 505400
	65  -  MemoryUsage of job (MB)
	65656  -  ResidentSetSize of job (KB)
...
040 (5380594.000.000) 2022-10-28 13:57:31 Started transferring output files
...
040 (5380594.000.000) 2022-10-28 13:57:31 Finished transferring output files
...
005 (5380594.000.000) 2022-10-28 13:57:31 Job terminated.
	(1) Normal termination (return value 0)
		Usr 0 00:00:01, Sys 0 00:00:00  -  Run Remote Usage
		Usr 0 00:00:00, Sys 0 00:00:00  -  Run Local Usage
		Usr 0 00:00:01, Sys 0 00:00:00  -  Total Remote Usage
		Usr 0 00:00:00, Sys 0 00:00:00  -  Total Local Usage
	2909  -  Run Bytes Sent By Job
	14643  -  Run Bytes Received By Job
	2909  -  Total Bytes Sent By Job
	14643  -  Total Bytes Received By Job
	Partitionable Resources :    Usage  Request Allocated 
	   Cpus                 :        0        1         1 
	   Disk (KB)            :       83  8388608  18354222 
	   Memory (MB)          :       65    25600     26000 

	Job terminated of its own accord at 2022-10-28T18:57:30Z.
...
