000 (5380773.000.000) 2022-10-28 12:17:52 Job submitted from host: <144.92.180.28:9618?addrs=144.92.180.28-9618+[2607-f388-101c-1000--370]-9618&alias=login04.hep.wisc.edu&noUDP&sock=schedd_3631_2478>
...
040 (5380773.000.000) 2022-10-28 14:08:33 Started transferring input files
	Transferring to host: <144.92.180.119:9618?addrs=144.92.180.119-9618+[2607-f388-101c-1000--291]-9618&alias=g26n17.hep.wisc.edu&noUDP&sock=slot1_8_3766_3cd2_15701>
...
040 (5380773.000.000) 2022-10-28 14:08:33 Finished transferring input files
...
001 (5380773.000.000) 2022-10-28 14:08:34 Job executing on host: <144.92.180.119:9618?addrs=144.92.180.119-9618+[2607-f388-101c-1000--291]-9618&alias=g26n17.hep.wisc.edu&noUDP&sock=startd_3073_669f>
...
006 (5380773.000.000) 2022-10-28 14:08:43 Image size of job updated: 257472
	88  -  MemoryUsage of job (MB)
	90096  -  ResidentSetSize of job (KB)
...
006 (5380773.000.000) 2022-10-28 14:08:45 Image size of job updated: 514872
	88  -  MemoryUsage of job (MB)
	90096  -  ResidentSetSize of job (KB)
...
040 (5380773.000.000) 2022-10-28 14:08:45 Started transferring output files
...
040 (5380773.000.000) 2022-10-28 14:08:46 Finished transferring output files
...
005 (5380773.000.000) 2022-10-28 14:08:46 Job terminated.
	(1) Normal termination (return value 0)
		Usr 0 00:00:02, Sys 0 00:00:01  -  Run Remote Usage
		Usr 0 00:00:00, Sys 0 00:00:00  -  Run Local Usage
		Usr 0 00:00:02, Sys 0 00:00:01  -  Total Remote Usage
		Usr 0 00:00:00, Sys 0 00:00:00  -  Total Local Usage
	14559  -  Run Bytes Sent By Job
	24613  -  Run Bytes Received By Job
	14559  -  Total Bytes Sent By Job
	24613  -  Total Bytes Received By Job
	Partitionable Resources :    Usage  Request Allocated 
	   Cpus                 :                 1         1 
	   Disk (KB)            :    77625  8388608  18360017 
	   Memory (MB)          :       88    25600     26000 

	Job terminated of its own accord at 2022-10-28T19:08:45Z.
...
