000 (5380490.000.000) 2022-10-28 12:13:55 Job submitted from host: <144.92.180.28:9618?addrs=144.92.180.28-9618+[2607-f388-101c-1000--370]-9618&alias=login04.hep.wisc.edu&noUDP&sock=schedd_3631_2478>
...
040 (5380490.000.000) 2022-10-28 13:46:20 Started transferring input files
	Transferring to host: <144.92.180.117:9618?addrs=144.92.180.117-9618+[2607-f388-101c-1000--289]-9618&alias=g26n15.hep.wisc.edu&noUDP&sock=slot1_4_3521_9ce8_15291>
...
040 (5380490.000.000) 2022-10-28 13:46:21 Finished transferring input files
...
001 (5380490.000.000) 2022-10-28 13:46:22 Job executing on host: <144.92.180.117:9618?addrs=144.92.180.117-9618+[2607-f388-101c-1000--289]-9618&alias=g26n15.hep.wisc.edu&noUDP&sock=startd_3103_fa77>
...
006 (5380490.000.000) 2022-10-28 13:46:31 Image size of job updated: 494940
	91  -  MemoryUsage of job (MB)
	92864  -  ResidentSetSize of job (KB)
...
006 (5380490.000.000) 2022-10-28 13:47:24 Image size of job updated: 516480
	91  -  MemoryUsage of job (MB)
	92864  -  ResidentSetSize of job (KB)
...
040 (5380490.000.000) 2022-10-28 13:47:26 Started transferring output files
...
040 (5380490.000.000) 2022-10-28 13:47:27 Finished transferring output files
...
005 (5380490.000.000) 2022-10-28 13:47:28 Job terminated.
	(1) Normal termination (return value 0)
		Usr 0 00:00:01, Sys 0 00:00:06  -  Run Remote Usage
		Usr 0 00:00:00, Sys 0 00:00:00  -  Run Local Usage
		Usr 0 00:00:01, Sys 0 00:00:06  -  Total Remote Usage
		Usr 0 00:00:00, Sys 0 00:00:00  -  Total Local Usage
	1973  -  Run Bytes Sent By Job
	13875  -  Run Bytes Received By Job
	1973  -  Total Bytes Sent By Job
	13875  -  Total Bytes Received By Job
	Partitionable Resources :     Usage  Request Allocated 
	   Cpus                 :      0.07        1         1 
	   Disk (KB)            : 333182     8388608  18354222 
	   Memory (MB)          :     91       25600     26000 

	Job terminated of its own accord at 2022-10-28T18:47:24Z.
...
