000 (5380472.000.000) 2022-10-28 12:13:30 Job submitted from host: <144.92.180.28:9618?addrs=144.92.180.28-9618+[2607-f388-101c-1000--370]-9618&alias=login04.hep.wisc.edu&noUDP&sock=schedd_3631_2478>
...
040 (5380472.000.000) 2022-10-28 13:39:07 Started transferring input files
	Transferring to host: <144.92.180.114:9618?addrs=144.92.180.114-9618+[2607-f388-101c-1000--286]-9618&alias=g26n12.hep.wisc.edu&noUDP&sock=slot1_3_3606_80cc_13849>
...
040 (5380472.000.000) 2022-10-28 13:39:07 Finished transferring input files
...
001 (5380472.000.000) 2022-10-28 13:39:08 Job executing on host: <144.92.180.114:9618?addrs=144.92.180.114-9618+[2607-f388-101c-1000--286]-9618&alias=g26n12.hep.wisc.edu&noUDP&sock=startd_3080_33c9>
...
006 (5380472.000.000) 2022-10-28 13:39:17 Image size of job updated: 115544
	38  -  MemoryUsage of job (MB)
	38324  -  ResidentSetSize of job (KB)
...
006 (5380472.000.000) 2022-10-28 13:45:03 Image size of job updated: 521612
	38  -  MemoryUsage of job (MB)
	38324  -  ResidentSetSize of job (KB)
...
040 (5380472.000.000) 2022-10-28 13:45:06 Started transferring output files
...
040 (5380472.000.000) 2022-10-28 13:45:09 Finished transferring output files
...
005 (5380472.000.000) 2022-10-28 13:45:16 Job terminated.
	(1) Normal termination (return value 0)
		Usr 0 00:00:03, Sys 0 00:00:29  -  Run Remote Usage
		Usr 0 00:00:00, Sys 0 00:00:00  -  Run Local Usage
		Usr 0 00:00:03, Sys 0 00:00:29  -  Total Remote Usage
		Usr 0 00:00:00, Sys 0 00:00:00  -  Total Local Usage
	9269  -  Run Bytes Sent By Job
	20247  -  Run Bytes Received By Job
	9269  -  Total Bytes Sent By Job
	20247  -  Total Bytes Received By Job
	Partitionable Resources :    Usage  Request Allocated 
	   Cpus                 :     0.08        1         1 
	   Disk (KB)            :    95     8388608  18349864 
	   Memory (MB)          :    38       25600     26000 

	Job terminated of its own accord at 2022-10-28T18:45:03Z.
...
