000 (5380650.000.000) 2022-10-28 12:16:24 Job submitted from host: <144.92.180.28:9618?addrs=144.92.180.28-9618+[2607-f388-101c-1000--370]-9618&alias=login04.hep.wisc.edu&noUDP&sock=schedd_3631_2478>
...
040 (5380650.000.000) 2022-10-28 13:58:11 Started transferring input files
	Transferring to host: <144.92.180.122:9618?addrs=144.92.180.122-9618+[2607-f388-101c-1000--294]-9618&alias=g26n20.hep.wisc.edu&noUDP&sock=slot1_8_3561_cbea_16588>
...
040 (5380650.000.000) 2022-10-28 13:58:11 Finished transferring input files
...
001 (5380650.000.000) 2022-10-28 13:58:12 Job executing on host: <144.92.180.122:9618?addrs=144.92.180.122-9618+[2607-f388-101c-1000--294]-9618&alias=g26n20.hep.wisc.edu&noUDP&sock=startd_3035_5606>
...
006 (5380650.000.000) 2022-10-28 13:58:19 Image size of job updated: 513672
	0  -  MemoryUsage of job (MB)
	0  -  ResidentSetSize of job (KB)
...
040 (5380650.000.000) 2022-10-28 13:58:19 Started transferring output files
...
040 (5380650.000.000) 2022-10-28 13:58:20 Finished transferring output files
...
005 (5380650.000.000) 2022-10-28 13:58:21 Job terminated.
	(1) Normal termination (return value 0)
		Usr 0 00:00:01, Sys 0 00:00:00  -  Run Remote Usage
		Usr 0 00:00:00, Sys 0 00:00:00  -  Run Local Usage
		Usr 0 00:00:01, Sys 0 00:00:00  -  Total Remote Usage
		Usr 0 00:00:00, Sys 0 00:00:00  -  Total Local Usage
	15101  -  Run Bytes Sent By Job
	24849  -  Run Bytes Received By Job
	15101  -  Total Bytes Sent By Job
	24849  -  Total Bytes Received By Job
	Partitionable Resources :    Usage  Request Allocated 
	   Cpus                 :     0.04        1         1 
	   Disk (KB)            :   105     8388608  18347456 
	   Memory (MB)          :     0       25600     26000 

	Job terminated of its own accord at 2022-10-28T18:58:19Z.
...
