000 (5380737.000.000) 2022-10-28 12:17:27 Job submitted from host: <144.92.180.28:9618?addrs=144.92.180.28-9618+[2607-f388-101c-1000--370]-9618&alias=login04.hep.wisc.edu&noUDP&sock=schedd_3631_2478>
...
040 (5380737.000.000) 2022-10-28 13:59:43 Started transferring input files
	Transferring to host: <144.92.180.122:9618?addrs=144.92.180.122-9618+[2607-f388-101c-1000--294]-9618&alias=g26n20.hep.wisc.edu&noUDP&sock=slot1_8_3561_cbea_16598>
...
040 (5380737.000.000) 2022-10-28 13:59:43 Finished transferring input files
...
001 (5380737.000.000) 2022-10-28 13:59:44 Job executing on host: <144.92.180.122:9618?addrs=144.92.180.122-9618+[2607-f388-101c-1000--294]-9618&alias=g26n20.hep.wisc.edu&noUDP&sock=startd_3035_5606>
...
006 (5380737.000.000) 2022-10-28 13:59:48 Image size of job updated: 43112
	0  -  MemoryUsage of job (MB)
	0  -  ResidentSetSize of job (KB)
...
040 (5380737.000.000) 2022-10-28 13:59:53 Entered queue to transfer output files
...
040 (5380737.000.000) 2022-10-28 13:59:59 Started transferring output files
...
040 (5380737.000.000) 2022-10-28 14:00:00 Finished transferring output files
...
005 (5380737.000.000) 2022-10-28 14:00:01 Job terminated.
	(1) Normal termination (return value 0)
		Usr 0 00:00:01, Sys 0 00:00:00  -  Run Remote Usage
		Usr 0 00:00:00, Sys 0 00:00:00  -  Run Local Usage
		Usr 0 00:00:01, Sys 0 00:00:00  -  Total Remote Usage
		Usr 0 00:00:00, Sys 0 00:00:00  -  Total Local Usage
	1287  -  Run Bytes Sent By Job
	13251  -  Run Bytes Received By Job
	1287  -  Total Bytes Sent By Job
	13251  -  Total Bytes Received By Job
	Partitionable Resources :    Usage  Request Allocated 
	   Cpus                 :                 1         1 
	   Disk (KB)            :       71  8388608  18347456 
	   Memory (MB)          :        0    25600     26000 

	Job terminated of its own accord at 2022-10-28T18:59:48Z.
...
