000 (5380973.000.000) 2022-10-28 12:19:25 Job submitted from host: <144.92.180.28:9618?addrs=144.92.180.28-9618+[2607-f388-101c-1000--370]-9618&alias=login04.hep.wisc.edu&noUDP&sock=schedd_3631_2478>
...
040 (5380973.000.000) 2022-10-28 14:57:14 Entered queue to transfer input files
	Transferring to host: <144.92.180.84:9618?addrs=144.92.180.84-9618+[2607-f388-101c-1000--250]-9618&alias=g23n04.hep.wisc.edu&noUDP&sock=slot1_9_2898_a72f_20375>
...
040 (5380973.000.000) 2022-10-28 14:57:26 Started transferring input files
	Seconds spent in queue: 12
...
001 (5380973.000.000) 2022-10-28 14:57:31 Job executing on host: <144.92.180.84:9618?addrs=144.92.180.84-9618+[2607-f388-101c-1000--250]-9618&alias=g23n04.hep.wisc.edu&noUDP&sock=startd_2260_c020>
...
040 (5380973.000.000) 2022-10-28 14:57:34 Finished transferring input files
...
006 (5380973.000.000) 2022-10-28 14:57:42 Image size of job updated: 46116
	14  -  MemoryUsage of job (MB)
	14040  -  ResidentSetSize of job (KB)
...
006 (5380973.000.000) 2022-10-28 15:10:01 Image size of job updated: 528612
	14  -  MemoryUsage of job (MB)
	14040  -  ResidentSetSize of job (KB)
...
040 (5380973.000.000) 2022-10-28 15:10:01 Started transferring output files
	Seconds spent in queue: 767
...
040 (5380973.000.000) 2022-10-28 15:10:04 Finished transferring output files
...
005 (5380973.000.000) 2022-10-28 15:10:05 Job terminated.
	(1) Normal termination (return value 0)
		Usr 0 00:00:10, Sys 0 00:02:20  -  Run Remote Usage
		Usr 0 00:00:00, Sys 0 00:00:00  -  Run Local Usage
		Usr 0 00:00:10, Sys 0 00:02:20  -  Total Remote Usage
		Usr 0 00:00:00, Sys 0 00:00:00  -  Total Local Usage
	16270  -  Run Bytes Sent By Job
	26324  -  Run Bytes Received By Job
	16270  -  Total Bytes Sent By Job
	26324  -  Total Bytes Received By Job
	Partitionable Resources :    Usage  Request Allocated 
	   Cpus                 :     0.03        1         1 
	   Disk (KB)            :   108     8388608  18533593 
	   Memory (MB)          :    14       25600     26000 

	Job terminated of its own accord at 2022-10-28T20:10:01Z.
...
