000 (5380755.000.000) 2022-10-28 12:17:35 Job submitted from host: <144.92.180.28:9618?addrs=144.92.180.28-9618+[2607-f388-101c-1000--370]-9618&alias=login04.hep.wisc.edu&noUDP&sock=schedd_3631_2478>
...
040 (5380755.000.000) 2022-10-28 14:05:22 Entered queue to transfer input files
	Transferring to host: <144.92.180.114:9618?addrs=144.92.180.114-9618+[2607-f388-101c-1000--286]-9618&alias=g26n12.hep.wisc.edu&noUDP&sock=slot1_3_3606_80cc_13930>
...
040 (5380755.000.000) 2022-10-28 14:06:50 Started transferring input files
	Seconds spent in queue: 88
...
001 (5380755.000.000) 2022-10-28 14:07:01 Job executing on host: <144.92.180.114:9618?addrs=144.92.180.114-9618+[2607-f388-101c-1000--286]-9618&alias=g26n12.hep.wisc.edu&noUDP&sock=startd_3080_33c9>
...
040 (5380755.000.000) 2022-10-28 14:07:01 Finished transferring input files
...
006 (5380755.000.000) 2022-10-28 14:07:10 Image size of job updated: 507292
	88  -  MemoryUsage of job (MB)
	89536  -  ResidentSetSize of job (KB)
...
040 (5380755.000.000) 2022-10-28 14:07:13 Started transferring output files
	Seconds spent in queue: 111
...
040 (5380755.000.000) 2022-10-28 14:07:16 Finished transferring output files
...
005 (5380755.000.000) 2022-10-28 14:07:38 Job terminated.
	(1) Normal termination (return value 0)
		Usr 0 00:00:02, Sys 0 00:00:01  -  Run Remote Usage
		Usr 0 00:00:00, Sys 0 00:00:00  -  Run Local Usage
		Usr 0 00:00:02, Sys 0 00:00:01  -  Total Remote Usage
		Usr 0 00:00:00, Sys 0 00:00:00  -  Total Local Usage
	14561  -  Run Bytes Sent By Job
	24615  -  Run Bytes Received By Job
	14561  -  Total Bytes Sent By Job
	24615  -  Total Bytes Received By Job
	Partitionable Resources :    Usage  Request Allocated 
	   Cpus                 :        0        1         1 
	   Disk (KB)            :    36438  8388608  18349864 
	   Memory (MB)          :       88    25600     26000 

	Job terminated of its own accord at 2022-10-28T19:07:12Z.
...
