000 (5380527.000.000) 2022-10-28 12:14:33 Job submitted from host: <144.92.180.28:9618?addrs=144.92.180.28-9618+[2607-f388-101c-1000--370]-9618&alias=login04.hep.wisc.edu&noUDP&sock=schedd_3631_2478>
...
040 (5380527.000.000) 2022-10-28 13:54:47 Started transferring input files
	Transferring to host: <144.92.180.119:9618?addrs=144.92.180.119-9618+[2607-f388-101c-1000--291]-9618&alias=g26n17.hep.wisc.edu&noUDP&sock=slot1_8_3766_3cd2_15657>
...
040 (5380527.000.000) 2022-10-28 13:54:48 Finished transferring input files
...
001 (5380527.000.000) 2022-10-28 13:54:49 Job executing on host: <144.92.180.119:9618?addrs=144.92.180.119-9618+[2607-f388-101c-1000--291]-9618&alias=g26n17.hep.wisc.edu&noUDP&sock=startd_3073_669f>
...
006 (5380527.000.000) 2022-10-28 13:54:57 Image size of job updated: 257712
	90  -  MemoryUsage of job (MB)
	91788  -  ResidentSetSize of job (KB)
...
006 (5380527.000.000) 2022-10-28 13:56:35 Image size of job updated: 517752
	90  -  MemoryUsage of job (MB)
	91788  -  ResidentSetSize of job (KB)
...
040 (5380527.000.000) 2022-10-28 13:56:36 Started transferring output files
...
040 (5380527.000.000) 2022-10-28 13:56:37 Finished transferring output files
...
005 (5380527.000.000) 2022-10-28 13:56:37 Job terminated.
	(1) Normal termination (return value 0)
		Usr 0 00:00:01, Sys 0 00:00:12  -  Run Remote Usage
		Usr 0 00:00:00, Sys 0 00:00:00  -  Run Local Usage
		Usr 0 00:00:01, Sys 0 00:00:12  -  Total Remote Usage
		Usr 0 00:00:00, Sys 0 00:00:00  -  Total Local Usage
	5517  -  Run Bytes Sent By Job
	16915  -  Run Bytes Received By Job
	5517  -  Total Bytes Sent By Job
	16915  -  Total Bytes Received By Job
	Partitionable Resources :    Usage  Request Allocated 
	   Cpus                 :                 1         1 
	   Disk (KB)            :   328154  8388608  18360017 
	   Memory (MB)          :       90    25600     26000 

	Job terminated of its own accord at 2022-10-28T18:56:35Z.
...
