000 (5380991.000.000) 2022-10-28 12:19:28 Job submitted from host: <144.92.180.28:9618?addrs=144.92.180.28-9618+[2607-f388-101c-1000--370]-9618&alias=login04.hep.wisc.edu&noUDP&sock=schedd_3631_2478>
...
040 (5380991.000.000) 2022-10-28 15:21:35 Started transferring input files
	Transferring to host: <144.92.180.122:9618?addrs=144.92.180.122-9618+[2607-f388-101c-1000--294]-9618&alias=g26n20.hep.wisc.edu&noUDP&sock=slot1_3_3561_cbea_16790>
...
040 (5380991.000.000) 2022-10-28 15:21:35 Finished transferring input files
...
001 (5380991.000.000) 2022-10-28 15:21:36 Job executing on host: <144.92.180.122:9618?addrs=144.92.180.122-9618+[2607-f388-101c-1000--294]-9618&alias=g26n20.hep.wisc.edu&noUDP&sock=startd_3035_5606>
...
006 (5380991.000.000) 2022-10-28 15:21:44 Image size of job updated: 494360
	88  -  MemoryUsage of job (MB)
	89148  -  ResidentSetSize of job (KB)
...
006 (5380991.000.000) 2022-10-28 15:27:32 Image size of job updated: 523320
	88  -  MemoryUsage of job (MB)
	89148  -  ResidentSetSize of job (KB)
...
040 (5380991.000.000) 2022-10-28 15:27:32 Started transferring output files
...
040 (5380991.000.000) 2022-10-28 15:27:33 Finished transferring output files
...
005 (5380991.000.000) 2022-10-28 15:27:33 Job terminated.
	(1) Normal termination (return value 0)
		Usr 0 00:00:04, Sys 0 00:00:37  -  Run Remote Usage
		Usr 0 00:00:00, Sys 0 00:00:00  -  Run Local Usage
		Usr 0 00:00:04, Sys 0 00:00:37  -  Total Remote Usage
		Usr 0 00:00:00, Sys 0 00:00:00  -  Total Local Usage
	13226  -  Run Bytes Sent By Job
	23280  -  Run Bytes Received By Job
	13226  -  Total Bytes Sent By Job
	23280  -  Total Bytes Received By Job
	Partitionable Resources :    Usage  Request Allocated 
	   Cpus                 :     0.10        1         1 
	   Disk (KB)            : 78006     8388608  18347456 
	   Memory (MB)          :    88       25600     26000 

	Job terminated of its own accord at 2022-10-28T20:27:32Z.
...
