000 (5380947.000.000) 2022-10-28 12:19:19 Job submitted from host: <144.92.180.28:9618?addrs=144.92.180.28-9618+[2607-f388-101c-1000--370]-9618&alias=login04.hep.wisc.edu&noUDP&sock=schedd_3631_2478>
...
040 (5380947.000.000) 2022-10-28 14:16:38 Started transferring input files
	Transferring to host: <144.92.180.122:9618?addrs=144.92.180.122-9618+[2607-f388-101c-1000--294]-9618&alias=g26n20.hep.wisc.edu&noUDP&sock=slot1_3_3561_cbea_16655>
...
040 (5380947.000.000) 2022-10-28 14:16:38 Finished transferring input files
...
001 (5380947.000.000) 2022-10-28 14:16:39 Job executing on host: <144.92.180.122:9618?addrs=144.92.180.122-9618+[2607-f388-101c-1000--294]-9618&alias=g26n20.hep.wisc.edu&noUDP&sock=startd_3035_5606>
...
006 (5380947.000.000) 2022-10-28 14:16:48 Image size of job updated: 242464
	90  -  MemoryUsage of job (MB)
	91720  -  ResidentSetSize of job (KB)
...
006 (5380947.000.000) 2022-10-28 14:19:26 Image size of job updated: 519548
	90  -  MemoryUsage of job (MB)
	91852  -  ResidentSetSize of job (KB)
...
040 (5380947.000.000) 2022-10-28 14:19:27 Started transferring output files
...
040 (5380947.000.000) 2022-10-28 14:19:32 Finished transferring output files
...
005 (5380947.000.000) 2022-10-28 14:19:33 Job terminated.
	(1) Normal termination (return value 0)
		Usr 0 00:00:03, Sys 0 00:00:16  -  Run Remote Usage
		Usr 0 00:00:00, Sys 0 00:00:00  -  Run Local Usage
		Usr 0 00:00:03, Sys 0 00:00:16  -  Total Remote Usage
		Usr 0 00:00:00, Sys 0 00:00:00  -  Total Local Usage
	19985  -  Run Bytes Sent By Job
	30039  -  Run Bytes Received By Job
	19985  -  Total Bytes Sent By Job
	30039  -  Total Bytes Received By Job
	Partitionable Resources :    Usage  Request Allocated 
	   Cpus                 :     0.11        1         1 
	   Disk (KB)            : 34826     8388608  18347456 
	   Memory (MB)          :    90       25600     26000 

	Job terminated of its own accord at 2022-10-28T19:19:26Z.
...
