000 (5381035.000.000) 2022-10-28 12:19:41 Job submitted from host: <144.92.180.28:9618?addrs=144.92.180.28-9618+[2607-f388-101c-1000--370]-9618&alias=login04.hep.wisc.edu&noUDP&sock=schedd_3631_2478>
...
040 (5381035.000.000) 2022-10-28 15:52:57 Started transferring input files
	Transferring to host: <144.92.180.114:9618?addrs=144.92.180.114-9618+[2607-f388-101c-1000--286]-9618&alias=g26n12.hep.wisc.edu&noUDP&sock=slot1_3_3606_80cc_14221>
...
040 (5381035.000.000) 2022-10-28 15:52:57 Finished transferring input files
...
001 (5381035.000.000) 2022-10-28 15:52:58 Job executing on host: <144.92.180.114:9618?addrs=144.92.180.114-9618+[2607-f388-101c-1000--286]-9618&alias=g26n12.hep.wisc.edu&noUDP&sock=startd_3080_33c9>
...
006 (5381035.000.000) 2022-10-28 15:53:07 Image size of job updated: 505532
	90  -  MemoryUsage of job (MB)
	92000  -  ResidentSetSize of job (KB)
...
006 (5381035.000.000) 2022-10-28 15:53:25 Image size of job updated: 516644
	90  -  MemoryUsage of job (MB)
	92000  -  ResidentSetSize of job (KB)
...
040 (5381035.000.000) 2022-10-28 15:53:25 Started transferring output files
...
040 (5381035.000.000) 2022-10-28 15:53:25 Finished transferring output files
...
005 (5381035.000.000) 2022-10-28 15:53:25 Job terminated.
	(1) Normal termination (return value 0)
		Usr 0 00:00:01, Sys 0 00:00:02  -  Run Remote Usage
		Usr 0 00:00:00, Sys 0 00:00:00  -  Run Local Usage
		Usr 0 00:00:01, Sys 0 00:00:02  -  Total Remote Usage
		Usr 0 00:00:00, Sys 0 00:00:00  -  Total Local Usage
	3097  -  Run Bytes Sent By Job
	14789  -  Run Bytes Received By Job
	3097  -  Total Bytes Sent By Job
	14789  -  Total Bytes Received By Job
	Partitionable Resources :    Usage  Request Allocated 
	   Cpus                 :                 1         1 
	   Disk (KB)            :   199821  8388608  18349864 
	   Memory (MB)          :       90    25600     26000 

	Job terminated of its own accord at 2022-10-28T20:53:25Z.
...
