000 (5381057.000.000) 2022-10-28 12:19:46 Job submitted from host: <144.92.180.28:9618?addrs=144.92.180.28-9618+[2607-f388-101c-1000--370]-9618&alias=login04.hep.wisc.edu&noUDP&sock=schedd_3631_2478>
...
040 (5381057.000.000) 2022-10-28 16:01:53 Started transferring input files
	Transferring to host: <144.92.180.114:9618?addrs=144.92.180.114-9618+[2607-f388-101c-1000--286]-9618&alias=g26n12.hep.wisc.edu&noUDP&sock=slot1_3_3606_80cc_14236>
...
040 (5381057.000.000) 2022-10-28 16:01:54 Finished transferring input files
...
001 (5381057.000.000) 2022-10-28 16:01:55 Job executing on host: <144.92.180.114:9618?addrs=144.92.180.114-9618+[2607-f388-101c-1000--286]-9618&alias=g26n12.hep.wisc.edu&noUDP&sock=startd_3080_33c9>
...
006 (5381057.000.000) 2022-10-28 16:02:04 Image size of job updated: 257584
	90  -  MemoryUsage of job (MB)
	91264  -  ResidentSetSize of job (KB)
...
006 (5381057.000.000) 2022-10-28 16:07:44 Image size of job updated: 529004
	90  -  MemoryUsage of job (MB)
	91264  -  ResidentSetSize of job (KB)
...
040 (5381057.000.000) 2022-10-28 16:07:44 Started transferring output files
...
040 (5381057.000.000) 2022-10-28 16:07:54 Finished transferring output files
...
005 (5381057.000.000) 2022-10-28 16:07:55 Job terminated.
	(1) Normal termination (return value 0)
		Usr 0 00:00:05, Sys 0 00:00:55  -  Run Remote Usage
		Usr 0 00:00:00, Sys 0 00:00:00  -  Run Local Usage
		Usr 0 00:00:05, Sys 0 00:00:55  -  Total Remote Usage
		Usr 0 00:00:00, Sys 0 00:00:00  -  Total Local Usage
	13070  -  Run Bytes Sent By Job
	23124  -  Run Bytes Received By Job
	13070  -  Total Bytes Sent By Job
	23124  -  Total Bytes Received By Job
	Partitionable Resources :     Usage  Request Allocated 
	   Cpus                 :      0.15        1         1 
	   Disk (KB)            : 121439     8388608  18349864 
	   Memory (MB)          :     90       25600     26000 

	Job terminated of its own accord at 2022-10-28T21:07:44Z.
...
