000 (5381022.000.000) 2022-10-28 12:19:35 Job submitted from host: <144.92.180.28:9618?addrs=144.92.180.28-9618+[2607-f388-101c-1000--370]-9618&alias=login04.hep.wisc.edu&noUDP&sock=schedd_3631_2478>
...
040 (5381022.000.000) 2022-10-28 15:46:36 Started transferring input files
	Transferring to host: <144.92.180.117:9618?addrs=144.92.180.117-9618+[2607-f388-101c-1000--289]-9618&alias=g26n15.hep.wisc.edu&noUDP&sock=slot1_4_3521_9ce8_15633>
...
040 (5381022.000.000) 2022-10-28 15:46:36 Finished transferring input files
...
001 (5381022.000.000) 2022-10-28 15:46:37 Job executing on host: <144.92.180.117:9618?addrs=144.92.180.117-9618+[2607-f388-101c-1000--289]-9618&alias=g26n15.hep.wisc.edu&noUDP&sock=startd_3103_fa77>
...
006 (5381022.000.000) 2022-10-28 15:46:46 Image size of job updated: 171864
	59  -  MemoryUsage of job (MB)
	60324  -  ResidentSetSize of job (KB)
...
006 (5381022.000.000) 2022-10-28 15:49:01 Image size of job updated: 520736
	59  -  MemoryUsage of job (MB)
	60324  -  ResidentSetSize of job (KB)
...
040 (5381022.000.000) 2022-10-28 15:49:01 Started transferring output files
...
040 (5381022.000.000) 2022-10-28 15:49:03 Finished transferring output files
...
005 (5381022.000.000) 2022-10-28 15:49:03 Job terminated.
	(1) Normal termination (return value 0)
		Usr 0 00:00:03, Sys 0 00:00:17  -  Run Remote Usage
		Usr 0 00:00:00, Sys 0 00:00:00  -  Run Local Usage
		Usr 0 00:00:03, Sys 0 00:00:17  -  Total Remote Usage
		Usr 0 00:00:00, Sys 0 00:00:00  -  Total Local Usage
	14870  -  Run Bytes Sent By Job
	24924  -  Run Bytes Received By Job
	14870  -  Total Bytes Sent By Job
	24924  -  Total Bytes Received By Job
	Partitionable Resources :    Usage  Request Allocated 
	   Cpus                 :                 1         1 
	   Disk (KB)            :       96  8388608  18354222 
	   Memory (MB)          :       59    25600     26000 

	Job terminated of its own accord at 2022-10-28T20:49:01Z.
...
