000 (5381065.000.000) 2022-10-28 12:19:47 Job submitted from host: <144.92.180.28:9618?addrs=144.92.180.28-9618+[2607-f388-101c-1000--370]-9618&alias=login04.hep.wisc.edu&noUDP&sock=schedd_3631_2478>
...
040 (5381065.000.000) 2022-10-28 16:08:45 Started transferring input files
	Transferring to host: <144.92.180.122:9618?addrs=144.92.180.122-9618+[2607-f388-101c-1000--294]-9618&alias=g26n20.hep.wisc.edu&noUDP&sock=slot1_3_3561_cbea_16906>
...
040 (5381065.000.000) 2022-10-28 16:08:46 Finished transferring input files
...
001 (5381065.000.000) 2022-10-28 16:08:47 Job executing on host: <144.92.180.122:9618?addrs=144.92.180.122-9618+[2607-f388-101c-1000--294]-9618&alias=g26n20.hep.wisc.edu&noUDP&sock=startd_3035_5606>
...
006 (5381065.000.000) 2022-10-28 16:08:56 Image size of job updated: 506208
	81  -  MemoryUsage of job (MB)
	82224  -  ResidentSetSize of job (KB)
...
006 (5381065.000.000) 2022-10-28 16:11:59 Image size of job updated: 10046588
	81  -  MemoryUsage of job (MB)
	82224  -  ResidentSetSize of job (KB)
...
040 (5381065.000.000) 2022-10-28 16:12:02 Started transferring output files
...
040 (5381065.000.000) 2022-10-28 16:33:00 Finished transferring output files
...
004 (5381065.000.000) 2022-10-28 16:33:01 Job was evicted.
	(0) Job terminated and was requeued
		Usr 0 00:00:06, Sys 0 00:00:26  -  Run Remote Usage
		Usr 0 00:00:00, Sys 0 00:00:00  -  Run Local Usage
	5125931008  -  Run Bytes Sent By Job
	24324  -  Run Bytes Received By Job
	(1) Normal termination (return value 1)
	The job attribute OnExitRemove expression '(ExitBySignal == false && (ExitCode == 0 || ExitCode == 42 || NumJobStarts > 3))' evaluated to FALSE
...
040 (5381065.000.000) 2022-10-28 16:33:10 Entered queue to transfer input files
	Transferring to host: <144.92.180.114:9618?addrs=144.92.180.114-9618+[2607-f388-101c-1000--286]-9618&alias=g26n12.hep.wisc.edu&noUDP&sock=slot1_3_3606_80cc_14309>
...
040 (5381065.000.000) 2022-10-28 16:33:28 Started transferring input files
	Seconds spent in queue: 18
...
040 (5381065.000.000) 2022-10-28 16:33:28 Finished transferring input files
...
001 (5381065.000.000) 2022-10-28 16:33:29 Job executing on host: <144.92.180.114:9618?addrs=144.92.180.114-9618+[2607-f388-101c-1000--286]-9618&alias=g26n12.hep.wisc.edu&noUDP&sock=startd_3080_33c9>
...
040 (5381065.000.000) 2022-10-28 16:37:06 Started transferring output files
	Seconds spent in queue: 236
...
040 (5381065.000.000) 2022-10-28 17:00:32 Finished transferring output files
...
022 (5381065.000.000) 2022-10-28 17:00:32 Job disconnected, attempting to reconnect
    Socket between submit and execute hosts closed unexpectedly
    Trying to reconnect to slot1_3@g26n12.hep.wisc.edu <144.92.180.114:9618?addrs=144.92.180.114-9618+[2607-f388-101c-1000--286]-9618&alias=g26n12.hep.wisc.edu&noUDP&sock=startd_3080_33c9>
...
023 (5381065.000.000) 2022-10-28 17:00:33 Job reconnected to slot1_3@g26n12.hep.wisc.edu
    startd address: <144.92.180.114:9618?addrs=144.92.180.114-9618+[2607-f388-101c-1000--286]-9618&alias=g26n12.hep.wisc.edu&noUDP&sock=startd_3080_33c9>
    starter address: <144.92.180.114:9618?addrs=144.92.180.114-9618+[2607-f388-101c-1000--286]-9618&alias=g26n12.hep.wisc.edu&noUDP&sock=slot1_3_3606_80cc_14309>
...
040 (5381065.000.000) 2022-10-28 17:00:38 Entered queue to transfer output files
...
040 (5381065.000.000) 2022-10-28 17:07:42 Started transferring output files
	Seconds spent in queue: 2072
...
040 (5381065.000.000) 2022-10-28 17:33:49 Finished transferring output files
...
004 (5381065.000.000) 2022-10-28 17:33:49 Job was evicted.
	(0) Job terminated and was requeued
		Usr 0 00:00:06, Sys 0 00:00:27  -  Run Remote Usage
		Usr 0 00:00:00, Sys 0 00:00:00  -  Run Local Usage
	5125948416  -  Run Bytes Sent By Job
	24324  -  Run Bytes Received By Job
	(1) Normal termination (return value 1)
	The job attribute OnExitRemove expression '(ExitBySignal == false && (ExitCode == 0 || ExitCode == 42 || NumJobStarts > 3))' evaluated to FALSE
...
040 (5381065.000.000) 2022-10-28 17:41:47 Started transferring input files
	Seconds spent in queue: 4117
...
040 (5381065.000.000) 2022-10-28 17:41:50 Finished transferring input files
...
001 (5381065.000.000) 2022-10-28 17:41:51 Job executing on host: <144.92.180.122:9618?addrs=144.92.180.122-9618+[2607-f388-101c-1000--294]-9618&alias=g26n20.hep.wisc.edu&noUDP&sock=startd_3035_5606>
...
040 (5381065.000.000) 2022-10-28 17:45:29 Started transferring output files
	Seconds spent in queue: 4339
...
040 (5381065.000.000) 2022-10-28 17:50:15 Finished transferring output files
...
004 (5381065.000.000) 2022-10-28 17:50:15 Job was evicted.
	(0) Job terminated and was requeued
		Usr 0 00:00:06, Sys 0 00:00:24  -  Run Remote Usage
		Usr 0 00:00:00, Sys 0 00:00:00  -  Run Local Usage
	5125931008  -  Run Bytes Sent By Job
	24324  -  Run Bytes Received By Job
	(1) Normal termination (return value 1)
	The job attribute OnExitRemove expression '(ExitBySignal == false && (ExitCode == 0 || ExitCode == 42 || NumJobStarts > 3))' evaluated to FALSE
...
040 (5381065.000.000) 2022-10-28 17:53:38 Started transferring input files
	Seconds spent in queue: 4828
...
040 (5381065.000.000) 2022-10-28 17:53:38 Finished transferring input files
...
001 (5381065.000.000) 2022-10-28 17:53:39 Job executing on host: <144.92.180.210:9618?addrs=144.92.180.210-9618+[2607-f388-101c-1000--273]-9618&alias=g25n01.hep.wisc.edu&noUDP&sock=startd_2119_0946>
...
040 (5381065.000.000) 2022-10-28 17:56:50 Started transferring output files
	Seconds spent in queue: 5020
...
040 (5381065.000.000) 2022-10-28 17:59:38 Finished transferring output files
...
005 (5381065.000.000) 2022-10-28 17:59:38 Job terminated.
	(1) Normal termination (return value 1)
		Usr 0 00:00:06, Sys 0 00:00:37  -  Run Remote Usage
		Usr 0 00:00:00, Sys 0 00:00:00  -  Run Local Usage
		Usr 0 00:00:24, Sys 0 00:01:54  -  Total Remote Usage
		Usr 0 00:00:00, Sys 0 00:00:00  -  Total Local Usage
	5125931008  -  Run Bytes Sent By Job
	24324  -  Run Bytes Received By Job
	20503740416  -  Total Bytes Sent By Job
	97296  -  Total Bytes Received By Job
	Partitionable Resources :      Usage  Request Allocated 
	   Cpus                 :       0.18        1         1 
	   Disk (KB)            : 5005884     8388608  18533593 
	   Memory (MB)          :      98       25600     26000 

	Job terminated of its own accord at 2022-10-28T22:56:50Z.
...
