Error in <TBasket::Streamer>: The value of fKeylen is incorrect (-17596) ; trying to recover by setting it to zero
Error in <TBasket::Streamer>: The value of fObjlen is incorrect (-521486709) ; trying to recover by setting it to zero

 *** Break *** segmentation violation



===========================================================
There was a crash.
This is the entire stack trace of all threads:
===========================================================
#0  0x000014d3fff5b60c in waitpid () from /lib64/libc.so.6
#1  0x000014d3ffed8f62 in do_system () from /lib64/libc.so.6
#2  0x000014d400c4577b in TUnixSystem::StackTrace() () from /cvmfs/cms.cern.ch/slc7_amd64_gcc10/cms/cmssw/CMSSW_12_3_5/external/slc7_amd64_gcc10/lib/libCore.so
#3  0x000014d400c42d25 in TUnixSystem::DispatchSignals(ESignals) () from /cvmfs/cms.cern.ch/slc7_amd64_gcc10/cms/cmssw/CMSSW_12_3_5/external/slc7_amd64_gcc10/lib/libCore.so
#4  <signal handler called>
#5  0x000014d400f28e48 in TBufferFile::ReadArray(int*&) () from /cvmfs/cms.cern.ch/slc7_amd64_gcc10/cms/cmssw/CMSSW_12_3_5/external/slc7_amd64_gcc10/lib/libRIO.so
#6  0x000014d401cf09d2 in TBasket::Streamer(TBuffer&) () from /cvmfs/cms.cern.ch/slc7_amd64_gcc10/cms/cmssw/CMSSW_12_3_5/external/slc7_amd64_gcc10/lib/libTree.so
#7  0x000014d401ceedb0 in TBasket::LoadBasketBuffers(long long, int, TFile*, TTree*) () from /cvmfs/cms.cern.ch/slc7_amd64_gcc10/cms/cmssw/CMSSW_12_3_5/external/slc7_amd64_gcc10/lib/libTree.so
#8  0x000014d401d613b1 in TTreeCloner::WriteBaskets() () from /cvmfs/cms.cern.ch/slc7_amd64_gcc10/cms/cmssw/CMSSW_12_3_5/external/slc7_amd64_gcc10/lib/libTree.so
#9  0x000014d401d62d80 in TTreeCloner::Exec() () from /cvmfs/cms.cern.ch/slc7_amd64_gcc10/cms/cmssw/CMSSW_12_3_5/external/slc7_amd64_gcc10/lib/libTree.so
#10 0x000014d401d76726 in TTree::CopyEntries(TTree*, long long, char const*, bool) () from /cvmfs/cms.cern.ch/slc7_amd64_gcc10/cms/cmssw/CMSSW_12_3_5/external/slc7_amd64_gcc10/lib/libTree.so
#11 0x000014d401d760f7 in TTree::Merge(TCollection*, TFileMergeInfo*) () from /cvmfs/cms.cern.ch/slc7_amd64_gcc10/cms/cmssw/CMSSW_12_3_5/external/slc7_amd64_gcc10/lib/libTree.so
#12 0x000014d400f8ad46 in TFileMerger::MergeOne(TDirectory*, TList*, int, TFileMergeInfo&, TString&, THashList&, bool&, bool&, TString const&, TDirectory*, TFile*, TKey*, TObject*, TIter&) () from /cvmfs/cms.cern.ch/slc7_amd64_gcc10/cms/cmssw/CMSSW_12_3_5/external/slc7_amd64_gcc10/lib/libRIO.so
#13 0x000014d400f8d012 in TFileMerger::MergeRecursive(TDirectory*, TList*, int) () from /cvmfs/cms.cern.ch/slc7_amd64_gcc10/cms/cmssw/CMSSW_12_3_5/external/slc7_amd64_gcc10/lib/libRIO.so
#14 0x000014d400f8c3d9 in TFileMerger::PartialMerge(int) () from /cvmfs/cms.cern.ch/slc7_amd64_gcc10/cms/cmssw/CMSSW_12_3_5/external/slc7_amd64_gcc10/lib/libRIO.so
#15 0x0000000000405193 in main ()
===========================================================


The lines below might hint at the cause of the crash.
You may get help by asking at the ROOT forum https://root.cern.ch/forum
Only if you are really convinced it is a bug in ROOT then please submit a
report at https://root.cern.ch/bugs Please post the ENTIRE stack trace
from above as an attachment in addition to anything else
that might help us fixing this issue.
===========================================================
#5  0x000014d400f28e48 in TBufferFile::ReadArray(int*&) () from /cvmfs/cms.cern.ch/slc7_amd64_gcc10/cms/cmssw/CMSSW_12_3_5/external/slc7_amd64_gcc10/lib/libRIO.so
#6  0x000014d401cf09d2 in TBasket::Streamer(TBuffer&) () from /cvmfs/cms.cern.ch/slc7_amd64_gcc10/cms/cmssw/CMSSW_12_3_5/external/slc7_amd64_gcc10/lib/libTree.so
#7  0x000014d401ceedb0 in TBasket::LoadBasketBuffers(long long, int, TFile*, TTree*) () from /cvmfs/cms.cern.ch/slc7_amd64_gcc10/cms/cmssw/CMSSW_12_3_5/external/slc7_amd64_gcc10/lib/libTree.so
#8  0x000014d401d613b1 in TTreeCloner::WriteBaskets() () from /cvmfs/cms.cern.ch/slc7_amd64_gcc10/cms/cmssw/CMSSW_12_3_5/external/slc7_amd64_gcc10/lib/libTree.so
#9  0x000014d401d62d80 in TTreeCloner::Exec() () from /cvmfs/cms.cern.ch/slc7_amd64_gcc10/cms/cmssw/CMSSW_12_3_5/external/slc7_amd64_gcc10/lib/libTree.so
#10 0x000014d401d76726 in TTree::CopyEntries(TTree*, long long, char const*, bool) () from /cvmfs/cms.cern.ch/slc7_amd64_gcc10/cms/cmssw/CMSSW_12_3_5/external/slc7_amd64_gcc10/lib/libTree.so
#11 0x000014d401d760f7 in TTree::Merge(TCollection*, TFileMergeInfo*) () from /cvmfs/cms.cern.ch/slc7_amd64_gcc10/cms/cmssw/CMSSW_12_3_5/external/slc7_amd64_gcc10/lib/libTree.so
#12 0x000014d400f8ad46 in TFileMerger::MergeOne(TDirectory*, TList*, int, TFileMergeInfo&, TString&, THashList&, bool&, bool&, TString const&, TDirectory*, TFile*, TKey*, TObject*, TIter&) () from /cvmfs/cms.cern.ch/slc7_amd64_gcc10/cms/cmssw/CMSSW_12_3_5/external/slc7_amd64_gcc10/lib/libRIO.so
#13 0x000014d400f8d012 in TFileMerger::MergeRecursive(TDirectory*, TList*, int) () from /cvmfs/cms.cern.ch/slc7_amd64_gcc10/cms/cmssw/CMSSW_12_3_5/external/slc7_amd64_gcc10/lib/libRIO.so
#14 0x000014d400f8c3d9 in TFileMerger::PartialMerge(int) () from /cvmfs/cms.cern.ch/slc7_amd64_gcc10/cms/cmssw/CMSSW_12_3_5/external/slc7_amd64_gcc10/lib/libRIO.so
#15 0x0000000000405193 in main ()
===========================================================


Fatal in <TFileMerger::RecursiveRemove>: Output file of the TFile Merger (targeting MET_EraE_0000_00.root) has been deleted (likely due to a TTree larger than 100Gb)
aborting



===========================================================
There was a crash.
This is the entire stack trace of all threads:
===========================================================
#0  0x000014d3fff5b60c in waitpid () from /lib64/libc.so.6
#1  0x000014d3ffed8f62 in do_system () from /lib64/libc.so.6
#2  0x000014d400c4577b in TUnixSystem::StackTrace() () from /cvmfs/cms.cern.ch/slc7_amd64_gcc10/cms/cmssw/CMSSW_12_3_5/external/slc7_amd64_gcc10/lib/libCore.so
#3  0x000014d400b17d4a in DefaultErrorHandler(int, bool, char const*, char const*) () from /cvmfs/cms.cern.ch/slc7_amd64_gcc10/cms/cmssw/CMSSW_12_3_5/external/slc7_amd64_gcc10/lib/libCore.so
#4  0x000014d400bcfb6a in ErrorHandler () from /cvmfs/cms.cern.ch/slc7_amd64_gcc10/cms/cmssw/CMSSW_12_3_5/external/slc7_amd64_gcc10/lib/libCore.so
#5  0x000014d400b2a52c in TObject::Fatal(char const*, char const*, ...) const () from /cvmfs/cms.cern.ch/slc7_amd64_gcc10/cms/cmssw/CMSSW_12_3_5/external/slc7_amd64_gcc10/lib/libCore.so
#6  0x000014d400b989a9 in THashList::RecursiveRemove(TObject*) () from /cvmfs/cms.cern.ch/slc7_amd64_gcc10/cms/cmssw/CMSSW_12_3_5/external/slc7_amd64_gcc10/lib/libCore.so
#7  0x000014d400ae97e2 in TROOT::RecursiveRemove(TObject*) () from /cvmfs/cms.cern.ch/slc7_amd64_gcc10/cms/cmssw/CMSSW_12_3_5/external/slc7_amd64_gcc10/lib/libCore.so
#8  0x000014d400b29e9b in TNamed::~TNamed() () from /cvmfs/cms.cern.ch/slc7_amd64_gcc10/cms/cmssw/CMSSW_12_3_5/external/slc7_amd64_gcc10/lib/libCore.so
#9  0x000014d400f9e0d9 in TFile::~TFile() () from /cvmfs/cms.cern.ch/slc7_amd64_gcc10/cms/cmssw/CMSSW_12_3_5/external/slc7_amd64_gcc10/lib/libRIO.so
#10 0x000014d400ba2368 in TList::Delete(char const*) () from /cvmfs/cms.cern.ch/slc7_amd64_gcc10/cms/cmssw/CMSSW_12_3_5/external/slc7_amd64_gcc10/lib/libCore.so
#11 0x000014d400ae9a8a in TROOT::~TROOT() () from /cvmfs/cms.cern.ch/slc7_amd64_gcc10/cms/cmssw/CMSSW_12_3_5/external/slc7_amd64_gcc10/lib/libCore.so
#12 0x000014d3ffecfce9 in __run_exit_handlers () from /lib64/libc.so.6
#13 0x000014d3ffecfd37 in exit () from /lib64/libc.so.6
#14 0x000014d400c42d85 in TUnixSystem::DispatchSignals(ESignals) () from /cvmfs/cms.cern.ch/slc7_amd64_gcc10/cms/cmssw/CMSSW_12_3_5/external/slc7_amd64_gcc10/lib/libCore.so
#15 <signal handler called>
#16 0x000014d400f28e48 in TBufferFile::ReadArray(int*&) () from /cvmfs/cms.cern.ch/slc7_amd64_gcc10/cms/cmssw/CMSSW_12_3_5/external/slc7_amd64_gcc10/lib/libRIO.so
#17 0x000014d401cf09d2 in TBasket::Streamer(TBuffer&) () from /cvmfs/cms.cern.ch/slc7_amd64_gcc10/cms/cmssw/CMSSW_12_3_5/external/slc7_amd64_gcc10/lib/libTree.so
#18 0x000014d401ceedb0 in TBasket::LoadBasketBuffers(long long, int, TFile*, TTree*) () from /cvmfs/cms.cern.ch/slc7_amd64_gcc10/cms/cmssw/CMSSW_12_3_5/external/slc7_amd64_gcc10/lib/libTree.so
#19 0x000014d401d613b1 in TTreeCloner::WriteBaskets() () from /cvmfs/cms.cern.ch/slc7_amd64_gcc10/cms/cmssw/CMSSW_12_3_5/external/slc7_amd64_gcc10/lib/libTree.so
#20 0x000014d401d62d80 in TTreeCloner::Exec() () from /cvmfs/cms.cern.ch/slc7_amd64_gcc10/cms/cmssw/CMSSW_12_3_5/external/slc7_amd64_gcc10/lib/libTree.so
#21 0x000014d401d76726 in TTree::CopyEntries(TTree*, long long, char const*, bool) () from /cvmfs/cms.cern.ch/slc7_amd64_gcc10/cms/cmssw/CMSSW_12_3_5/external/slc7_amd64_gcc10/lib/libTree.so
#22 0x000014d401d760f7 in TTree::Merge(TCollection*, TFileMergeInfo*) () from /cvmfs/cms.cern.ch/slc7_amd64_gcc10/cms/cmssw/CMSSW_12_3_5/external/slc7_amd64_gcc10/lib/libTree.so
#23 0x000014d400f8ad46 in TFileMerger::MergeOne(TDirectory*, TList*, int, TFileMergeInfo&, TString&, THashList&, bool&, bool&, TString const&, TDirectory*, TFile*, TKey*, TObject*, TIter&) () from /cvmfs/cms.cern.ch/slc7_amd64_gcc10/cms/cmssw/CMSSW_12_3_5/external/slc7_amd64_gcc10/lib/libRIO.so
#24 0x000014d400f8d012 in TFileMerger::MergeRecursive(TDirectory*, TList*, int) () from /cvmfs/cms.cern.ch/slc7_amd64_gcc10/cms/cmssw/CMSSW_12_3_5/external/slc7_amd64_gcc10/lib/libRIO.so
#25 0x000014d400f8c3d9 in TFileMerger::PartialMerge(int) () from /cvmfs/cms.cern.ch/slc7_amd64_gcc10/cms/cmssw/CMSSW_12_3_5/external/slc7_amd64_gcc10/lib/libRIO.so
#26 0x0000000000405193 in main ()
===========================================================


The lines below might hint at the cause of the crash.
You may get help by asking at the ROOT forum https://root.cern.ch/forum
Only if you are really convinced it is a bug in ROOT then please submit a
report at https://root.cern.ch/bugs Please post the ENTIRE stack trace
from above as an attachment in addition to anything else
that might help us fixing this issue.
===========================================================
#16 0x000014d400f28e48 in TBufferFile::ReadArray(int*&) () from /cvmfs/cms.cern.ch/slc7_amd64_gcc10/cms/cmssw/CMSSW_12_3_5/external/slc7_amd64_gcc10/lib/libRIO.so
#17 0x000014d401cf09d2 in TBasket::Streamer(TBuffer&) () from /cvmfs/cms.cern.ch/slc7_amd64_gcc10/cms/cmssw/CMSSW_12_3_5/external/slc7_amd64_gcc10/lib/libTree.so
#18 0x000014d401ceedb0 in TBasket::LoadBasketBuffers(long long, int, TFile*, TTree*) () from /cvmfs/cms.cern.ch/slc7_amd64_gcc10/cms/cmssw/CMSSW_12_3_5/external/slc7_amd64_gcc10/lib/libTree.so
#19 0x000014d401d613b1 in TTreeCloner::WriteBaskets() () from /cvmfs/cms.cern.ch/slc7_amd64_gcc10/cms/cmssw/CMSSW_12_3_5/external/slc7_amd64_gcc10/lib/libTree.so
#20 0x000014d401d62d80 in TTreeCloner::Exec() () from /cvmfs/cms.cern.ch/slc7_amd64_gcc10/cms/cmssw/CMSSW_12_3_5/external/slc7_amd64_gcc10/lib/libTree.so
#21 0x000014d401d76726 in TTree::CopyEntries(TTree*, long long, char const*, bool) () from /cvmfs/cms.cern.ch/slc7_amd64_gcc10/cms/cmssw/CMSSW_12_3_5/external/slc7_amd64_gcc10/lib/libTree.so
#22 0x000014d401d760f7 in TTree::Merge(TCollection*, TFileMergeInfo*) () from /cvmfs/cms.cern.ch/slc7_amd64_gcc10/cms/cmssw/CMSSW_12_3_5/external/slc7_amd64_gcc10/lib/libTree.so
#23 0x000014d400f8ad46 in TFileMerger::MergeOne(TDirectory*, TList*, int, TFileMergeInfo&, TString&, THashList&, bool&, bool&, TString const&, TDirectory*, TFile*, TKey*, TObject*, TIter&) () from /cvmfs/cms.cern.ch/slc7_amd64_gcc10/cms/cmssw/CMSSW_12_3_5/external/slc7_amd64_gcc10/lib/libRIO.so
#24 0x000014d400f8d012 in TFileMerger::MergeRecursive(TDirectory*, TList*, int) () from /cvmfs/cms.cern.ch/slc7_amd64_gcc10/cms/cmssw/CMSSW_12_3_5/external/slc7_amd64_gcc10/lib/libRIO.so
#25 0x000014d400f8c3d9 in TFileMerger::PartialMerge(int) () from /cvmfs/cms.cern.ch/slc7_amd64_gcc10/cms/cmssw/CMSSW_12_3_5/external/slc7_amd64_gcc10/lib/libRIO.so
#26 0x0000000000405193 in main ()
===========================================================


/var/condor/.execute-links/slot01/dir_45449/condor_exec.exe: line 9: 45510 Aborted                 (core dumped) hadd MET_EraE_0000_00.root /hdfs/store/user/jmadhusu/with_boostedtau/2017_skimmed/with_boostedtaus/etau/MET_EraE_0000/Ntuple_data2017_MET_EraE_1.root /hdfs/store/user/jmadhusu/with_boostedtau/2017_skimmed/with_boostedtaus/etau/MET_EraE_0000/Ntuple_data2017_MET_EraE_10.root /hdfs/store/user/jmadhusu/with_boostedtau/2017_skimmed/with_boostedtaus/etau/MET_EraE_0000/Ntuple_data2017_MET_EraE_100.root /hdfs/store/user/jmadhusu/with_boostedtau/2017_skimmed/with_boostedtaus/etau/MET_EraE_0000/Ntuple_data2017_MET_EraE_101.root /hdfs/store/user/jmadhusu/with_boostedtau/2017_skimmed/with_boostedtaus/etau/MET_EraE_0000/Ntuple_data2017_MET_EraE_102.root /hdfs/store/user/jmadhusu/with_boostedtau/2017_skimmed/with_boostedtaus/etau/MET_EraE_0000/Ntuple_data2017_MET_EraE_103.root /hdfs/store/user/jmadhusu/with_boostedtau/2017_skimmed/with_boostedtaus/etau/MET_EraE_0000/Ntuple_data2017_MET_EraE_104.root /hdfs/store/user/jmadhusu/with_boostedtau/2017_skimmed/with_boostedtaus/etau/MET_EraE_0000/Ntuple_data2017_MET_EraE_105.root /hdfs/store/user/jmadhusu/with_boostedtau/2017_skimmed/with_boostedtaus/etau/MET_EraE_0000/Ntuple_data2017_MET_EraE_106.root /hdfs/store/user/jmadhusu/with_boostedtau/2017_skimmed/with_boostedtaus/etau/MET_EraE_0000/Ntuple_data2017_MET_EraE_107.root /hdfs/store/user/jmadhusu/with_boostedtau/2017_skimmed/with_boostedtaus/etau/MET_EraE_0000/Ntuple_data2017_MET_EraE_108.root /hdfs/store/user/jmadhusu/with_boostedtau/2017_skimmed/with_boostedtaus/etau/MET_EraE_0000/Ntuple_data2017_MET_EraE_109.root /hdfs/store/user/jmadhusu/with_boostedtau/2017_skimmed/with_boostedtaus/etau/MET_EraE_0000/Ntuple_data2017_MET_EraE_11.root /hdfs/store/user/jmadhusu/with_boostedtau/2017_skimmed/with_boostedtaus/etau/MET_EraE_0000/Ntuple_data2017_MET_EraE_110.root /hdfs/store/user/jmadhusu/with_boostedtau/2017_skimmed/with_boostedtaus/etau/MET_EraE_0000/Ntuple_data2017_MET_EraE_111.root /hdfs/store/user/jmadhusu/with_boostedtau/2017_skimmed/with_boostedtaus/etau/MET_EraE_0000/Ntuple_data2017_MET_EraE_112.root /hdfs/store/user/jmadhusu/with_boostedtau/2017_skimmed/with_boostedtaus/etau/MET_EraE_0000/Ntuple_data2017_MET_EraE_113.root /hdfs/store/user/jmadhusu/with_boostedtau/2017_skimmed/with_boostedtaus/etau/MET_EraE_0000/Ntuple_data2017_MET_EraE_114.root /hdfs/store/user/jmadhusu/with_boostedtau/2017_skimmed/with_boostedtaus/etau/MET_EraE_0000/Ntuple_data2017_MET_EraE_115.root /hdfs/store/user/jmadhusu/with_boostedtau/2017_skimmed/with_boostedtaus/etau/MET_EraE_0000/Ntuple_data2017_MET_EraE_116.root /hdfs/store/user/jmadhusu/with_boostedtau/2017_skimmed/with_boostedtaus/etau/MET_EraE_0000/Ntuple_data2017_MET_EraE_117.root /hdfs/store/user/jmadhusu/with_boostedtau/2017_skimmed/with_boostedtaus/etau/MET_EraE_0000/Ntuple_data2017_MET_EraE_118.root /hdfs/store/user/jmadhusu/with_boostedtau/2017_skimmed/with_boostedtaus/etau/MET_EraE_0000/Ntuple_data2017_MET_EraE_119.root /hdfs/store/user/jmadhusu/with_boostedtau/2017_skimmed/with_boostedtaus/etau/MET_EraE_0000/Ntuple_data2017_MET_EraE_12.root /hdfs/store/user/jmadhusu/with_boostedtau/2017_skimmed/with_boostedtaus/etau/MET_EraE_0000/Ntuple_data2017_MET_EraE_120.root /hdfs/store/user/jmadhusu/with_boostedtau/2017_skimmed/with_boostedtaus/etau/MET_EraE_0000/Ntuple_data2017_MET_EraE_121.root /hdfs/store/user/jmadhusu/with_boostedtau/2017_skimmed/with_boostedtaus/etau/MET_EraE_0000/Ntuple_data2017_MET_EraE_122.root /hdfs/store/user/jmadhusu/with_boostedtau/2017_skimmed/with_boostedtaus/etau/MET_EraE_0000/Ntuple_data2017_MET_EraE_123.root /hdfs/store/user/jmadhusu/with_boostedtau/2017_skimmed/with_boostedtaus/etau/MET_EraE_0000/Ntuple_data2017_MET_EraE_124.root /hdfs/store/user/jmadhusu/with_boostedtau/2017_skimmed/with_boostedtaus/etau/MET_EraE_0000/Ntuple_data2017_MET_EraE_125.root /hdfs/store/user/jmadhusu/with_boostedtau/2017_skimmed/with_boostedtaus/etau/MET_EraE_0000/Ntuple_data2017_MET_EraE_126.root /hdfs/store/user/jmadhusu/with_boostedtau/2017_skimmed/with_boostedtaus/etau/MET_EraE_0000/Ntuple_data2017_MET_EraE_127.root /hdfs/store/user/jmadhusu/with_boostedtau/2017_skimmed/with_boostedtaus/etau/MET_EraE_0000/Ntuple_data2017_MET_EraE_128.root /hdfs/store/user/jmadhusu/with_boostedtau/2017_skimmed/with_boostedtaus/etau/MET_EraE_0000/Ntuple_data2017_MET_EraE_129.root /hdfs/store/user/jmadhusu/with_boostedtau/2017_skimmed/with_boostedtaus/etau/MET_EraE_0000/Ntuple_data2017_MET_EraE_13.root /hdfs/store/user/jmadhusu/with_boostedtau/2017_skimmed/with_boostedtaus/etau/MET_EraE_0000/Ntuple_data2017_MET_EraE_130.root /hdfs/store/user/jmadhusu/with_boostedtau/2017_skimmed/with_boostedtaus/etau/MET_EraE_0000/Ntuple_data2017_MET_EraE_131.root /hdfs/store/user/jmadhusu/with_boostedtau/2017_skimmed/with_boostedtaus/etau/MET_EraE_0000/Ntuple_data2017_MET_EraE_132.root /hdfs/store/user/jmadhusu/with_boostedtau/2017_skimmed/with_boostedtaus/etau/MET_EraE_0000/Ntuple_data2017_MET_EraE_133.root /hdfs/store/user/jmadhusu/with_boostedtau/2017_skimmed/with_boostedtaus/etau/MET_EraE_0000/Ntuple_data2017_MET_EraE_134.root /hdfs/store/user/jmadhusu/with_boostedtau/2017_skimmed/with_boostedtaus/etau/MET_EraE_0000/Ntuple_data2017_MET_EraE_135.root /hdfs/store/user/jmadhusu/with_boostedtau/2017_skimmed/with_boostedtaus/etau/MET_EraE_0000/Ntuple_data2017_MET_EraE_136.root /hdfs/store/user/jmadhusu/with_boostedtau/2017_skimmed/with_boostedtaus/etau/MET_EraE_0000/Ntuple_data2017_MET_EraE_137.root /hdfs/store/user/jmadhusu/with_boostedtau/2017_skimmed/with_boostedtaus/etau/MET_EraE_0000/Ntuple_data2017_MET_EraE_138.root /hdfs/store/user/jmadhusu/with_boostedtau/2017_skimmed/with_boostedtaus/etau/MET_EraE_0000/Ntuple_data2017_MET_EraE_139.root /hdfs/store/user/jmadhusu/with_boostedtau/2017_skimmed/with_boostedtaus/etau/MET_EraE_0000/Ntuple_data2017_MET_EraE_14.root /hdfs/store/user/jmadhusu/with_boostedtau/2017_skimmed/with_boostedtaus/etau/MET_EraE_0000/Ntuple_data2017_MET_EraE_140.root /hdfs/store/user/jmadhusu/with_boostedtau/2017_skimmed/with_boostedtaus/etau/MET_EraE_0000/Ntuple_data2017_MET_EraE_141.root /hdfs/store/user/jmadhusu/with_boostedtau/2017_skimmed/with_boostedtaus/etau/MET_EraE_0000/Ntuple_data2017_MET_EraE_142.root /hdfs/store/user/jmadhusu/with_boostedtau/2017_skimmed/with_boostedtaus/etau/MET_EraE_0000/Ntuple_data2017_MET_EraE_143.root /hdfs/store/user/jmadhusu/with_boostedtau/2017_skimmed/with_boostedtaus/etau/MET_EraE_0000/Ntuple_data2017_MET_EraE_144.root /hdfs/store/user/jmadhusu/with_boostedtau/2017_skimmed/with_boostedtaus/etau/MET_EraE_0000/Ntuple_data2017_MET_EraE_145.root /hdfs/store/user/jmadhusu/with_boostedtau/2017_skimmed/with_boostedtaus/etau/MET_EraE_0000/Ntuple_data2017_MET_EraE_146.root /hdfs/store/user/jmadhusu/with_boostedtau/2017_skimmed/with_boostedtaus/etau/MET_EraE_0000/Ntuple_data2017_MET_EraE_147.root /hdfs/store/user/jmadhusu/with_boostedtau/2017_skimmed/with_boostedtaus/etau/MET_EraE_0000/Ntuple_data2017_MET_EraE_148.root /hdfs/store/user/jmadhusu/with_boostedtau/2017_skimmed/with_boostedtaus/etau/MET_EraE_0000/Ntuple_data2017_MET_EraE_149.root /hdfs/store/user/jmadhusu/with_boostedtau/2017_skimmed/with_boostedtaus/etau/MET_EraE_0000/Ntuple_data2017_MET_EraE_15.root /hdfs/store/user/jmadhusu/with_boostedtau/2017_skimmed/with_boostedtaus/etau/MET_EraE_0000/Ntuple_data2017_MET_EraE_150.root /hdfs/store/user/jmadhusu/with_boostedtau/2017_skimmed/with_boostedtaus/etau/MET_EraE_0000/Ntuple_data2017_MET_EraE_151.root /hdfs/store/user/jmadhusu/with_boostedtau/2017_skimmed/with_boostedtaus/etau/MET_EraE_0000/Ntuple_data2017_MET_EraE_152.root /hdfs/store/user/jmadhusu/with_boostedtau/2017_skimmed/with_boostedtaus/etau/MET_EraE_0000/Ntuple_data2017_MET_EraE_153.root /hdfs/store/user/jmadhusu/with_boostedtau/2017_skimmed/with_boostedtaus/etau/MET_EraE_0000/Ntuple_data2017_MET_EraE_154.root /hdfs/store/user/jmadhusu/with_boostedtau/2017_skimmed/with_boostedtaus/etau/MET_EraE_0000/Ntuple_data2017_MET_EraE_155.root /hdfs/store/user/jmadhusu/with_boostedtau/2017_skimmed/with_boostedtaus/etau/MET_EraE_0000/Ntuple_data2017_MET_EraE_156.root /hdfs/store/user/jmadhusu/with_boostedtau/2017_skimmed/with_boostedtaus/etau/MET_EraE_0000/Ntuple_data2017_MET_EraE_157.root /hdfs/store/user/jmadhusu/with_boostedtau/2017_skimmed/with_boostedtaus/etau/MET_EraE_0000/Ntuple_data2017_MET_EraE_158.root /hdfs/store/user/jmadhusu/with_boostedtau/2017_skimmed/with_boostedtaus/etau/MET_EraE_0000/Ntuple_data2017_MET_EraE_159.root /hdfs/store/user/jmadhusu/with_boostedtau/2017_skimmed/with_boostedtaus/etau/MET_EraE_0000/Ntuple_data2017_MET_EraE_16.root /hdfs/store/user/jmadhusu/with_boostedtau/2017_skimmed/with_boostedtaus/etau/MET_EraE_0000/Ntuple_data2017_MET_EraE_160.root /hdfs/store/user/jmadhusu/with_boostedtau/2017_skimmed/with_boostedtaus/etau/MET_EraE_0000/Ntuple_data2017_MET_EraE_161.root /hdfs/store/user/jmadhusu/with_boostedtau/2017_skimmed/with_boostedtaus/etau/MET_EraE_0000/Ntuple_data2017_MET_EraE_162.root /hdfs/store/user/jmadhusu/with_boostedtau/2017_skimmed/with_boostedtaus/etau/MET_EraE_0000/Ntuple_data2017_MET_EraE_163.root /hdfs/store/user/jmadhusu/with_boostedtau/2017_skimmed/with_boostedtaus/etau/MET_EraE_0000/Ntuple_data2017_MET_EraE_164.root /hdfs/store/user/jmadhusu/with_boostedtau/2017_skimmed/with_boostedtaus/etau/MET_EraE_0000/Ntuple_data2017_MET_EraE_165.root /hdfs/store/user/jmadhusu/with_boostedtau/2017_skimmed/with_boostedtaus/etau/MET_EraE_0000/Ntuple_data2017_MET_EraE_166.root /hdfs/store/user/jmadhusu/with_boostedtau/2017_skimmed/with_boostedtaus/etau/MET_EraE_0000/Ntuple_data2017_MET_EraE_167.root /hdfs/store/user/jmadhusu/with_boostedtau/2017_skimmed/with_boostedtaus/etau/MET_EraE_0000/Ntuple_data2017_MET_EraE_168.root /hdfs/store/user/jmadhusu/with_boostedtau/2017_skimmed/with_boostedtaus/etau/MET_EraE_0000/Ntuple_data2017_MET_EraE_169.root /hdfs/store/user/jmadhusu/with_boostedtau/2017_skimmed/with_boostedtaus/etau/MET_EraE_0000/Ntuple_data2017_MET_EraE_17.root /hdfs/store/user/jmadhusu/with_boostedtau/2017_skimmed/with_boostedtaus/etau/MET_EraE_0000/Ntuple_data2017_MET_EraE_170.root /hdfs/store/user/jmadhusu/with_boostedtau/2017_skimmed/with_boostedtaus/etau/MET_EraE_0000/Ntuple_data2017_MET_EraE_171.root /hdfs/store/user/jmadhusu/with_boostedtau/2017_skimmed/with_boostedtaus/etau/MET_EraE_0000/Ntuple_data2017_MET_EraE_172.root /hdfs/store/user/jmadhusu/with_boostedtau/2017_skimmed/with_boostedtaus/etau/MET_EraE_0000/Ntuple_data2017_MET_EraE_173.root /hdfs/store/user/jmadhusu/with_boostedtau/2017_skimmed/with_boostedtaus/etau/MET_EraE_0000/Ntuple_data2017_MET_EraE_174.root /hdfs/store/user/jmadhusu/with_boostedtau/2017_skimmed/with_boostedtaus/etau/MET_EraE_0000/Ntuple_data2017_MET_EraE_175.root /hdfs/store/user/jmadhusu/with_boostedtau/2017_skimmed/with_boostedtaus/etau/MET_EraE_0000/Ntuple_data2017_MET_EraE_176.root /hdfs/store/user/jmadhusu/with_boostedtau/2017_skimmed/with_boostedtaus/etau/MET_EraE_0000/Ntuple_data2017_MET_EraE_177.root /hdfs/store/user/jmadhusu/with_boostedtau/2017_skimmed/with_boostedtaus/etau/MET_EraE_0000/Ntuple_data2017_MET_EraE_178.root /hdfs/store/user/jmadhusu/with_boostedtau/2017_skimmed/with_boostedtaus/etau/MET_EraE_0000/Ntuple_data2017_MET_EraE_179.root /hdfs/store/user/jmadhusu/with_boostedtau/2017_skimmed/with_boostedtaus/etau/MET_EraE_0000/Ntuple_data2017_MET_EraE_18.root /hdfs/store/user/jmadhusu/with_boostedtau/2017_skimmed/with_boostedtaus/etau/MET_EraE_0000/Ntuple_data2017_MET_EraE_180.root /hdfs/store/user/jmadhusu/with_boostedtau/2017_skimmed/with_boostedtaus/etau/MET_EraE_0000/Ntuple_data2017_MET_EraE_181.root /hdfs/store/user/jmadhusu/with_boostedtau/2017_skimmed/with_boostedtaus/etau/MET_EraE_0000/Ntuple_data2017_MET_EraE_182.root /hdfs/store/user/jmadhusu/with_boostedtau/2017_skimmed/with_boostedtaus/etau/MET_EraE_0000/Ntuple_data2017_MET_EraE_183.root /hdfs/store/user/jmadhusu/with_boostedtau/2017_skimmed/with_boostedtaus/etau/MET_EraE_0000/Ntuple_data2017_MET_EraE_184.root /hdfs/store/user/jmadhusu/with_boostedtau/2017_skimmed/with_boostedtaus/etau/MET_EraE_0000/Ntuple_data2017_MET_EraE_185.root /hdfs/store/user/jmadhusu/with_boostedtau/2017_skimmed/with_boostedtaus/etau/MET_EraE_0000/Ntuple_data2017_MET_EraE_186.root /hdfs/store/user/jmadhusu/with_boostedtau/2017_skimmed/with_boostedtaus/etau/MET_EraE_0000/Ntuple_data2017_MET_EraE_187.root /hdfs/store/user/jmadhusu/with_boostedtau/2017_skimmed/with_boostedtaus/etau/MET_EraE_0000/Ntuple_data2017_MET_EraE_188.root /hdfs/store/user/jmadhusu/with_boostedtau/2017_skimmed/with_boostedtaus/etau/MET_EraE_0000/Ntuple_data2017_MET_EraE_189.root
