000 (3174960.000.000) 2022-01-04 17:42:44 Job submitted from host: <144.92.180.5:9618?addrs=144.92.180.5-9618+[2607-f388-101c-1000--368]-9618&alias=login02.hep.wisc.edu&noUDP&sock=schedd_2326_0560>
...
040 (3174960.000.000) 2022-01-04 17:43:44 Started transferring input files
	Transferring to host: <128.105.245.79:9618?addrs=128.105.245.79-9618&alias=e279.chtc.wisc.edu&noUDP&sock=slot1_9_15160_5762_16375>
...
040 (3174960.000.000) 2022-01-04 17:44:19 Finished transferring input files
...
001 (3174960.000.000) 2022-01-04 17:44:21 Job executing on host: <128.105.245.79:9618?addrs=128.105.245.79-9618&alias=e279.chtc.wisc.edu&noUDP&sock=startd_2399_17ca>
...
006 (3174960.000.000) 2022-01-04 17:44:29 Image size of job updated: 46108
	9  -  MemoryUsage of job (MB)
	9188  -  ResidentSetSize of job (KB)
...
006 (3174960.000.000) 2022-01-04 17:45:48 Image size of job updated: 1175220
	9  -  MemoryUsage of job (MB)
	9188  -  ResidentSetSize of job (KB)
...
040 (3174960.000.000) 2022-01-04 17:45:48 Started transferring output files
...
040 (3174960.000.000) 2022-01-04 17:45:48 Finished transferring output files
...
005 (3174960.000.000) 2022-01-04 17:45:48 Job terminated.
	(1) Normal termination (return value 0)
		Usr 0 00:00:21, Sys 0 00:00:03  -  Run Remote Usage
		Usr 0 00:00:00, Sys 0 00:00:00  -  Run Local Usage
		Usr 0 00:00:21, Sys 0 00:00:03  -  Total Remote Usage
		Usr 0 00:00:00, Sys 0 00:00:00  -  Total Local Usage
	160572  -  Run Bytes Sent By Job
	315491776  -  Run Bytes Received By Job
	160572  -  Total Bytes Sent By Job
	315491776  -  Total Bytes Received By Job
	Partitionable Resources :    Usage  Request Allocated 
	   Cpus                 :        0        1         1 
	   Disk (KB)            :   308314  2048000   2346317 
	   IoHeavy              :                           0 
	   Memory (MB)          :        9     1992      2048 

	Job terminated of its own accord at 2022-01-04T23:45:48Z.
...
