000 (3174981.000.000) 2022-01-04 17:42:55 Job submitted from host: <144.92.180.5:9618?addrs=144.92.180.5-9618+[2607-f388-101c-1000--368]-9618&alias=login02.hep.wisc.edu&noUDP&sock=schedd_2326_0560>
...
040 (3174981.000.000) 2022-01-04 17:44:53 Started transferring input files
	Transferring to host: <128.105.245.76:9618?addrs=128.105.245.76-9618&alias=e276.chtc.wisc.edu&noUDP&sock=slot1_7_8870_77a2_16905>
...
040 (3174981.000.000) 2022-01-04 17:47:59 Finished transferring input files
...
001 (3174981.000.000) 2022-01-04 17:48:00 Job executing on host: <128.105.245.76:9618?addrs=128.105.245.76-9618&alias=e276.chtc.wisc.edu&noUDP&sock=startd_2890_e0ca>
...
006 (3174981.000.000) 2022-01-04 17:48:08 Image size of job updated: 25544
	5  -  MemoryUsage of job (MB)
	4160  -  ResidentSetSize of job (KB)
...
006 (3174981.000.000) 2022-01-04 17:48:48 Image size of job updated: 1150464
	5  -  MemoryUsage of job (MB)
	4160  -  ResidentSetSize of job (KB)
...
040 (3174981.000.000) 2022-01-04 17:48:49 Started transferring output files
...
040 (3174981.000.000) 2022-01-04 17:48:49 Finished transferring output files
...
004 (3174981.000.000) 2022-01-04 17:48:49 Job was evicted.
	(0) Job terminated and was requeued
		Usr 0 00:00:07, Sys 0 00:00:02  -  Run Remote Usage
		Usr 0 00:00:00, Sys 0 00:00:00  -  Run Local Usage
	8561  -  Run Bytes Sent By Job
	315491776  -  Run Bytes Received By Job
	(1) Normal termination (return value 139)
	The job attribute OnExitRemove expression '(ExitBySignal == false && (ExitCode == 0 || ExitCode == 42 || NumJobStarts > 3))' evaluated to FALSE
...
040 (3174981.000.000) 2022-01-04 17:48:53 Started transferring input files
	Transferring to host: <128.105.245.32:9618?addrs=128.105.245.32-9618&alias=e3232.chtc.wisc.edu&noUDP&sock=slot1_3_15408_146c_16785>
...
040 (3174981.000.000) 2022-01-04 17:49:31 Finished transferring input files
...
001 (3174981.000.000) 2022-01-04 17:49:32 Job executing on host: <128.105.245.32:9618?addrs=128.105.245.32-9618&alias=e3232.chtc.wisc.edu&noUDP&sock=startd_1647_4892>
...
006 (3174981.000.000) 2022-01-04 17:49:40 Image size of job updated: 1250000
	397  -  MemoryUsage of job (MB)
	405528  -  ResidentSetSize of job (KB)
...
040 (3174981.000.000) 2022-01-04 17:49:48 Started transferring output files
...
040 (3174981.000.000) 2022-01-04 17:49:48 Finished transferring output files
...
004 (3174981.000.000) 2022-01-04 17:49:48 Job was evicted.
	(0) Job terminated and was requeued
		Usr 0 00:00:05, Sys 0 00:00:01  -  Run Remote Usage
		Usr 0 00:00:00, Sys 0 00:00:00  -  Run Local Usage
	8557  -  Run Bytes Sent By Job
	315491776  -  Run Bytes Received By Job
	(1) Normal termination (return value 139)
	The job attribute OnExitRemove expression '(ExitBySignal == false && (ExitCode == 0 || ExitCode == 42 || NumJobStarts > 3))' evaluated to FALSE
...
040 (3174981.000.000) 2022-01-04 17:49:51 Started transferring input files
	Transferring to host: <128.105.244.29:9618?addrs=128.105.244.29-9618&alias=e3160.chtc.wisc.edu&noUDP&sock=slot1_12_2800_9a6b_15432>
...
040 (3174981.000.000) 2022-01-04 17:52:39 Finished transferring input files
...
001 (3174981.000.000) 2022-01-04 17:52:40 Job executing on host: <128.105.244.29:9618?addrs=128.105.244.29-9618&alias=e3160.chtc.wisc.edu&noUDP&sock=startd_31013_eabb>
...
040 (3174981.000.000) 2022-01-04 17:53:01 Started transferring output files
...
040 (3174981.000.000) 2022-01-04 17:53:01 Finished transferring output files
...
004 (3174981.000.000) 2022-01-04 17:53:01 Job was evicted.
	(0) Job terminated and was requeued
		Usr 0 00:00:07, Sys 0 00:00:02  -  Run Remote Usage
		Usr 0 00:00:00, Sys 0 00:00:00  -  Run Local Usage
	8560  -  Run Bytes Sent By Job
	315491776  -  Run Bytes Received By Job
	(1) Normal termination (return value 139)
	The job attribute OnExitRemove expression '(ExitBySignal == false && (ExitCode == 0 || ExitCode == 42 || NumJobStarts > 3))' evaluated to FALSE
...
040 (3174981.000.000) 2022-01-04 17:53:02 Started transferring input files
	Transferring to host: <128.104.101.135:9618?addrs=128.104.101.135-9618+[2607-f388-107c-501-206-f6ff-fe30-a837]-9618&alias=e135.chtc.wisc.edu&noUDP&sock=slot1_6_3074_a936_12785>
...
040 (3174981.000.000) 2022-01-04 17:53:13 Finished transferring input files
...
001 (3174981.000.000) 2022-01-04 17:53:14 Job executing on host: <128.104.101.135:9618?addrs=128.104.101.135-9618+[2607-f388-107c-501-206-f6ff-fe30-a837]-9618&alias=e135.chtc.wisc.edu&noUDP&sock=startd_1801_ea28>
...
040 (3174981.000.000) 2022-01-04 17:53:28 Started transferring output files
...
040 (3174981.000.000) 2022-01-04 17:53:28 Finished transferring output files
...
005 (3174981.000.000) 2022-01-04 17:53:28 Job terminated.
	(1) Normal termination (return value 139)
		Usr 0 00:00:06, Sys 0 00:00:02  -  Run Remote Usage
		Usr 0 00:00:00, Sys 0 00:00:00  -  Run Local Usage
		Usr 0 00:00:25, Sys 0 00:00:07  -  Total Remote Usage
		Usr 0 00:00:00, Sys 0 00:00:00  -  Total Local Usage
	8560  -  Run Bytes Sent By Job
	315491776  -  Run Bytes Received By Job
	34238  -  Total Bytes Sent By Job
	1261967104  -  Total Bytes Received By Job
	Partitionable Resources :     Usage  Request Allocated 
	   Cpus                 :      0.06        1         1 
	   Disk (KB)            : 308160     2048000   3401789 
	   IoHeavy              :                            0 
	   Memory (MB)          :    416        1992      2048 

	Job terminated of its own accord at 2022-01-04T23:53:28Z.
...
