000 (3174959.000.000) 2022-01-04 17:42:44 Job submitted from host: <144.92.180.5:9618?addrs=144.92.180.5-9618+[2607-f388-101c-1000--368]-9618&alias=login02.hep.wisc.edu&noUDP&sock=schedd_2326_0560>
...
040 (3174959.000.000) 2022-01-04 17:43:45 Started transferring input files
	Transferring to host: <128.105.245.71:9618?addrs=128.105.245.71-9618&alias=e271.chtc.wisc.edu&noUDP&sock=slot1_9_1353_0f90_15641>
...
040 (3174959.000.000) 2022-01-04 17:45:13 Finished transferring input files
...
001 (3174959.000.000) 2022-01-04 17:45:14 Job executing on host: <128.105.245.71:9618?addrs=128.105.245.71-9618&alias=e271.chtc.wisc.edu&noUDP&sock=startd_2407_948c>
...
006 (3174959.000.000) 2022-01-04 17:45:22 Image size of job updated: 301560
	108  -  MemoryUsage of job (MB)
	109572  -  ResidentSetSize of job (KB)
...
006 (3174959.000.000) 2022-01-04 17:46:15 Image size of job updated: 1175660
	157  -  MemoryUsage of job (MB)
	160196  -  ResidentSetSize of job (KB)
...
040 (3174959.000.000) 2022-01-04 17:46:16 Started transferring output files
...
040 (3174959.000.000) 2022-01-04 17:46:16 Finished transferring output files
...
005 (3174959.000.000) 2022-01-04 17:46:16 Job terminated.
	(1) Normal termination (return value 0)
		Usr 0 00:00:14, Sys 0 00:00:02  -  Run Remote Usage
		Usr 0 00:00:00, Sys 0 00:00:00  -  Run Local Usage
		Usr 0 00:00:14, Sys 0 00:00:02  -  Total Remote Usage
		Usr 0 00:00:00, Sys 0 00:00:00  -  Total Local Usage
	160405  -  Run Bytes Sent By Job
	315491776  -  Run Bytes Received By Job
	160405  -  Total Bytes Sent By Job
	315491776  -  Total Bytes Received By Job
	Partitionable Resources :    Usage  Request Allocated 
	   Cpus                 :                 1         1 
	   Disk (KB)            :   308305  2048000   2320817 
	   IoHeavy              :                           0 
	   Memory (MB)          :      157     1992      2048 

	Job terminated of its own accord at 2022-01-04T23:46:15Z.
...
