000 (3174966.000.000) 2022-01-04 17:42:47 Job submitted from host: <144.92.180.5:9618?addrs=144.92.180.5-9618+[2607-f388-101c-1000--368]-9618&alias=login02.hep.wisc.edu&noUDP&sock=schedd_2326_0560>
...
040 (3174966.000.000) 2022-01-04 17:43:44 Started transferring input files
	Transferring to host: <128.104.101.135:9618?addrs=128.104.101.135-9618+[2607-f388-107c-501-206-f6ff-fe30-a837]-9618&alias=e135.chtc.wisc.edu&noUDP&sock=slot1_6_3074_a936_12766>
...
040 (3174966.000.000) 2022-01-04 17:44:17 Finished transferring input files
...
001 (3174966.000.000) 2022-01-04 17:44:18 Job executing on host: <128.104.101.135:9618?addrs=128.104.101.135-9618+[2607-f388-107c-501-206-f6ff-fe30-a837]-9618&alias=e135.chtc.wisc.edu&noUDP&sock=startd_1801_ea28>
...
006 (3174966.000.000) 2022-01-04 17:44:27 Image size of job updated: 462532
	392  -  MemoryUsage of job (MB)
	401264  -  ResidentSetSize of job (KB)
...
006 (3174966.000.000) 2022-01-04 17:44:42 Image size of job updated: 1174144
	392  -  MemoryUsage of job (MB)
	401264  -  ResidentSetSize of job (KB)
...
040 (3174966.000.000) 2022-01-04 17:44:42 Started transferring output files
...
040 (3174966.000.000) 2022-01-04 17:44:42 Finished transferring output files
...
005 (3174966.000.000) 2022-01-04 17:44:42 Job terminated.
	(1) Normal termination (return value 0)
		Usr 0 00:00:13, Sys 0 00:00:01  -  Run Remote Usage
		Usr 0 00:00:00, Sys 0 00:00:00  -  Run Local Usage
		Usr 0 00:00:13, Sys 0 00:00:01  -  Total Remote Usage
		Usr 0 00:00:00, Sys 0 00:00:00  -  Total Local Usage
	160588  -  Run Bytes Sent By Job
	315491776  -  Run Bytes Received By Job
	160588  -  Total Bytes Sent By Job
	315491776  -  Total Bytes Received By Job
	Partitionable Resources :    Usage  Request Allocated 
	   Cpus                 :                 1         1 
	   Disk (KB)            :   308306  2048000   3401789 
	   IoHeavy              :                           0 
	   Memory (MB)          :      392     1992      2048 

	Job terminated of its own accord at 2022-01-04T23:44:42Z.
...
