000 (3175005.000.000) 2022-01-04 17:43:07 Job submitted from host: <144.92.180.5:9618?addrs=144.92.180.5-9618+[2607-f388-101c-1000--368]-9618&alias=login02.hep.wisc.edu&noUDP&sock=schedd_2326_0560>
...
040 (3175005.000.000) 2022-01-04 17:45:43 Started transferring input files
	Transferring to host: <128.105.68.12:9618?addrs=128.105.68.12-9618&alias=e2005.chtc.wisc.edu&noUDP&sock=slot1_1_8083_f462_17426>
...
040 (3175005.000.000) 2022-01-04 17:46:32 Finished transferring input files
...
001 (3175005.000.000) 2022-01-04 17:46:33 Job executing on host: <128.105.68.12:9618?addrs=128.105.68.12-9618&alias=e2005.chtc.wisc.edu&noUDP&sock=startd_6877_a0e3>
...
006 (3175005.000.000) 2022-01-04 17:46:42 Image size of job updated: 856984
	426  -  MemoryUsage of job (MB)
	435620  -  ResidentSetSize of job (KB)
...
006 (3175005.000.000) 2022-01-04 17:47:11 Image size of job updated: 1197900
	427  -  MemoryUsage of job (MB)
	436544  -  ResidentSetSize of job (KB)
...
040 (3175005.000.000) 2022-01-04 17:47:11 Started transferring output files
...
040 (3175005.000.000) 2022-01-04 17:47:11 Finished transferring output files
...
005 (3175005.000.000) 2022-01-04 17:47:11 Job terminated.
	(1) Normal termination (return value 0)
		Usr 0 00:00:27, Sys 0 00:00:01  -  Run Remote Usage
		Usr 0 00:00:00, Sys 0 00:00:00  -  Run Local Usage
		Usr 0 00:00:27, Sys 0 00:00:01  -  Total Remote Usage
		Usr 0 00:00:00, Sys 0 00:00:00  -  Total Local Usage
	149197  -  Run Bytes Sent By Job
	315491776  -  Run Bytes Received By Job
	149197  -  Total Bytes Sent By Job
	315491776  -  Total Bytes Received By Job
	Partitionable Resources :    Usage  Request Allocated 
	   Cpus                 :                 1         1 
	   Disk (KB)            :   308295  2048000   2899212 
	   IoHeavy              :                           0 
	   Memory (MB)          :      427     1992      2048 

	Job terminated of its own accord at 2022-01-04T23:47:11Z.
...
