000 (3175023.000.000) 2022-01-04 17:43:16 Job submitted from host: <144.92.180.5:9618?addrs=144.92.180.5-9618+[2607-f388-101c-1000--368]-9618&alias=login02.hep.wisc.edu&noUDP&sock=schedd_2326_0560>
...
040 (3175023.000.000) 2022-01-04 17:46:01 Started transferring input files
	Transferring to host: <128.104.58.113:9618?addrs=128.104.58.113-9618+[2607-f388-1086-0-ea9a-8fff-fe83-b4ee]-9618&alias=e473.chtc.wisc.edu&noUDP&sock=slot1_9_17543_6162_15580>
...
040 (3175023.000.000) 2022-01-04 17:46:50 Finished transferring input files
...
001 (3175023.000.000) 2022-01-04 17:46:51 Job executing on host: <128.104.58.113:9618?addrs=128.104.58.113-9618+[2607-f388-1086-0-ea9a-8fff-fe83-b4ee]-9618&alias=e473.chtc.wisc.edu&noUDP&sock=startd_3838_2093>
...
006 (3175023.000.000) 2022-01-04 17:47:00 Image size of job updated: 655748
	453  -  MemoryUsage of job (MB)
	463284  -  ResidentSetSize of job (KB)
...
006 (3175023.000.000) 2022-01-04 17:47:22 Image size of job updated: 1198436
	454  -  MemoryUsage of job (MB)
	464604  -  ResidentSetSize of job (KB)
...
040 (3175023.000.000) 2022-01-04 17:47:22 Started transferring output files
...
040 (3175023.000.000) 2022-01-04 17:47:22 Finished transferring output files
...
005 (3175023.000.000) 2022-01-04 17:47:22 Job terminated.
	(1) Normal termination (return value 0)
		Usr 0 00:00:23, Sys 0 00:00:02  -  Run Remote Usage
		Usr 0 00:00:00, Sys 0 00:00:00  -  Run Local Usage
		Usr 0 00:00:23, Sys 0 00:00:02  -  Total Remote Usage
		Usr 0 00:00:00, Sys 0 00:00:00  -  Total Local Usage
	149243  -  Run Bytes Sent By Job
	315491776  -  Run Bytes Received By Job
	149243  -  Total Bytes Sent By Job
	315491776  -  Total Bytes Received By Job
	Partitionable Resources :     Usage  Request Allocated 
	   Cpus                 :      0.32        1         1 
	   Disk (KB)            : 308304     2048000   7354789 
	   IoHeavy              :                            0 
	   Memory (MB)          :    454        1992      2048 

	Job terminated of its own accord at 2022-01-04T23:47:22Z.
...
