000 (3175108.000.000) 2022-01-04 17:44:03 Job submitted from host: <144.92.180.5:9618?addrs=144.92.180.5-9618+[2607-f388-101c-1000--368]-9618&alias=login02.hep.wisc.edu&noUDP&sock=schedd_2326_0560>
...
040 (3175108.000.000) 2022-01-04 17:49:51 Started transferring input files
	Transferring to host: <128.105.244.38:9618?addrs=128.105.244.38-9618&alias=e3169.chtc.wisc.edu&noUDP&sock=slot1_3_20952_544d_16309>
...
040 (3175108.000.000) 2022-01-04 17:51:12 Finished transferring input files
...
001 (3175108.000.000) 2022-01-04 17:51:13 Job executing on host: <128.105.244.38:9618?addrs=128.105.244.38-9618&alias=e3169.chtc.wisc.edu&noUDP&sock=startd_1433_7f4e>
...
006 (3175108.000.000) 2022-01-04 17:51:22 Image size of job updated: 187932
	47  -  MemoryUsage of job (MB)
	47164  -  ResidentSetSize of job (KB)
...
006 (3175108.000.000) 2022-01-04 17:51:32 Image size of job updated: 537660
	47  -  MemoryUsage of job (MB)
	47296  -  ResidentSetSize of job (KB)
...
040 (3175108.000.000) 2022-01-04 17:51:37 Entered queue to transfer output files
...
040 (3175108.000.000) 2022-01-04 17:51:46 Started transferring output files
...
040 (3175108.000.000) 2022-01-04 17:51:46 Finished transferring output files
...
005 (3175108.000.000) 2022-01-04 17:51:46 Job terminated.
	(1) Normal termination (return value 0)
		Usr 0 00:00:06, Sys 0 00:00:01  -  Run Remote Usage
		Usr 0 00:00:00, Sys 0 00:00:00  -  Run Local Usage
		Usr 0 00:00:06, Sys 0 00:00:01  -  Total Remote Usage
		Usr 0 00:00:00, Sys 0 00:00:00  -  Total Local Usage
	148257  -  Run Bytes Sent By Job
	315491776  -  Run Bytes Received By Job
	148257  -  Total Bytes Sent By Job
	315491776  -  Total Bytes Received By Job
	Partitionable Resources :    Usage  Request Allocated 
	   Cpus                 :                 1         1 
	   Disk (KB)            :   308293  2048000   2721517 
	   IoHeavy              :                           0 
	   Memory (MB)          :       47     1992      2048 

	Job terminated of its own accord at 2022-01-04T23:51:32Z.
...
