000 (3175066.000.000) 2022-01-04 17:43:38 Job submitted from host: <144.92.180.5:9618?addrs=144.92.180.5-9618+[2607-f388-101c-1000--368]-9618&alias=login02.hep.wisc.edu&noUDP&sock=schedd_2326_0560>
...
040 (3175066.000.000) 2022-01-04 17:48:09 Started transferring input files
	Transferring to host: <128.105.245.32:9618?addrs=128.105.245.32-9618&alias=e3232.chtc.wisc.edu&noUDP&sock=slot1_3_15408_146c_16783>
...
040 (3175066.000.000) 2022-01-04 17:48:26 Finished transferring input files
...
001 (3175066.000.000) 2022-01-04 17:48:27 Job executing on host: <128.105.245.32:9618?addrs=128.105.245.32-9618&alias=e3232.chtc.wisc.edu&noUDP&sock=startd_1647_4892>
...
006 (3175066.000.000) 2022-01-04 17:48:36 Image size of job updated: 636332
	487  -  MemoryUsage of job (MB)
	497732  -  ResidentSetSize of job (KB)
...
006 (3175066.000.000) 2022-01-04 17:48:50 Image size of job updated: 1173220
	487  -  MemoryUsage of job (MB)
	497732  -  ResidentSetSize of job (KB)
...
040 (3175066.000.000) 2022-01-04 17:48:50 Started transferring output files
...
040 (3175066.000.000) 2022-01-04 17:48:51 Finished transferring output files
...
005 (3175066.000.000) 2022-01-04 17:48:51 Job terminated.
	(1) Normal termination (return value 0)
		Usr 0 00:00:10, Sys 0 00:00:02  -  Run Remote Usage
		Usr 0 00:00:00, Sys 0 00:00:00  -  Run Local Usage
		Usr 0 00:00:10, Sys 0 00:00:02  -  Total Remote Usage
		Usr 0 00:00:00, Sys 0 00:00:00  -  Total Local Usage
	120765  -  Run Bytes Sent By Job
	315491808  -  Run Bytes Received By Job
	120765  -  Total Bytes Sent By Job
	315491808  -  Total Bytes Received By Job
	Partitionable Resources :     Usage  Request Allocated 
	   Cpus                 :      0.16        1         1 
	   Disk (KB)            : 308276     2048000   2693137 
	   IoHeavy              :                            0 
	   Memory (MB)          :    487        1992      2048 

	Job terminated of its own accord at 2022-01-04T23:48:50Z.
...
