000 (3175114.000.000) 2022-01-04 17:44:06 Job submitted from host: <144.92.180.5:9618?addrs=144.92.180.5-9618+[2607-f388-101c-1000--368]-9618&alias=login02.hep.wisc.edu&noUDP&sock=schedd_2326_0560>
...
040 (3175114.000.000) 2022-01-04 17:49:52 Started transferring input files
	Transferring to host: <128.104.100.38:9618?addrs=128.104.100.38-9618+[2607-f388-107c-501-62eb-69ff-fe81-f301]-9618&alias=e0001.chtc.wisc.edu&noUDP&sock=slot1_1_4565_3493_12943>
...
040 (3175114.000.000) 2022-01-04 17:53:26 Finished transferring input files
...
001 (3175114.000.000) 2022-01-04 17:53:27 Job executing on host: <128.104.100.38:9618?addrs=128.104.100.38-9618+[2607-f388-107c-501-62eb-69ff-fe81-f301]-9618&alias=e0001.chtc.wisc.edu&noUDP&sock=startd_3947_e465>
...
006 (3175114.000.000) 2022-01-04 17:53:35 Image size of job updated: 1154084
	0  -  MemoryUsage of job (MB)
	0  -  ResidentSetSize of job (KB)
...
040 (3175114.000.000) 2022-01-04 17:53:35 Started transferring output files
...
040 (3175114.000.000) 2022-01-04 17:53:35 Finished transferring output files
...
005 (3175114.000.000) 2022-01-04 17:53:35 Job terminated.
	(1) Normal termination (return value 0)
		Usr 0 00:00:05, Sys 0 00:00:01  -  Run Remote Usage
		Usr 0 00:00:00, Sys 0 00:00:00  -  Run Local Usage
		Usr 0 00:00:05, Sys 0 00:00:01  -  Total Remote Usage
		Usr 0 00:00:00, Sys 0 00:00:00  -  Total Local Usage
	117600  -  Run Bytes Sent By Job
	315491776  -  Run Bytes Received By Job
	117600  -  Total Bytes Sent By Job
	315491776  -  Total Bytes Received By Job
	Partitionable Resources :     Usage  Request Allocated 
	   Cpus                 :      0.03        1         1 
	   Disk (KB)            : 308273     2048000   2722178 
	   IoHeavy              :                            0 
	   Memory (MB)          :      0        1992      2048 

	Job terminated of its own accord at 2022-01-04T23:53:35Z.
...
