000 (3175059.000.000) 2022-01-04 17:43:34 Job submitted from host: <144.92.180.5:9618?addrs=144.92.180.5-9618+[2607-f388-101c-1000--368]-9618&alias=login02.hep.wisc.edu&noUDP&sock=schedd_2326_0560>
...
040 (3175059.000.000) 2022-01-04 17:47:52 Started transferring input files
	Transferring to host: <128.105.245.131:9618?addrs=128.105.245.131-9618&alias=e331.chtc.wisc.edu&noUDP&sock=slot1_6_9766_c7c6_16591>
...
040 (3175059.000.000) 2022-01-04 17:48:15 Finished transferring input files
...
001 (3175059.000.000) 2022-01-04 17:48:16 Job executing on host: <128.105.245.131:9618?addrs=128.105.245.131-9618&alias=e331.chtc.wisc.edu&noUDP&sock=startd_2168_a56a>
...
006 (3175059.000.000) 2022-01-04 17:48:25 Image size of job updated: 642404
	397  -  MemoryUsage of job (MB)
	405612  -  ResidentSetSize of job (KB)
...
006 (3175059.000.000) 2022-01-04 17:49:21 Image size of job updated: 1173116
	397  -  MemoryUsage of job (MB)
	405612  -  ResidentSetSize of job (KB)
...
040 (3175059.000.000) 2022-01-04 17:49:21 Started transferring output files
...
040 (3175059.000.000) 2022-01-04 17:49:21 Finished transferring output files
...
005 (3175059.000.000) 2022-01-04 17:49:22 Job terminated.
	(1) Normal termination (return value 0)
		Usr 0 00:00:34, Sys 0 00:00:02  -  Run Remote Usage
		Usr 0 00:00:00, Sys 0 00:00:00  -  Run Local Usage
		Usr 0 00:00:34, Sys 0 00:00:02  -  Total Remote Usage
		Usr 0 00:00:00, Sys 0 00:00:00  -  Total Local Usage
	134688  -  Run Bytes Sent By Job
	315491808  -  Run Bytes Received By Job
	134688  -  Total Bytes Sent By Job
	315491808  -  Total Bytes Received By Job
	Partitionable Resources :    Usage  Request Allocated 
	   Cpus                 :                 1         1 
	   Disk (KB)            :   308280  2048000   2345080 
	   IoHeavy              :                           0 
	   Memory (MB)          :      397     1992      2048 

	Job terminated of its own accord at 2022-01-04T23:49:21Z.
...
