000 (3175134.000.000) 2022-01-04 17:44:18 Job submitted from host: <144.92.180.5:9618?addrs=144.92.180.5-9618+[2607-f388-101c-1000--368]-9618&alias=login02.hep.wisc.edu&noUDP&sock=schedd_2326_0560>
...
040 (3175134.000.000) 2022-01-04 17:50:05 Started transferring input files
	Transferring to host: <128.104.58.113:9618?addrs=128.104.58.113-9618+[2607-f388-1086-0-ea9a-8fff-fe83-b4ee]-9618&alias=e473.chtc.wisc.edu&noUDP&sock=slot1_11_17543_6162_15595>
...
040 (3175134.000.000) 2022-01-04 17:53:33 Finished transferring input files
...
001 (3175134.000.000) 2022-01-04 17:53:34 Job executing on host: <128.104.58.113:9618?addrs=128.104.58.113-9618+[2607-f388-1086-0-ea9a-8fff-fe83-b4ee]-9618&alias=e473.chtc.wisc.edu&noUDP&sock=startd_3838_2093>
...
006 (3175134.000.000) 2022-01-04 17:53:42 Image size of job updated: 1058424
	436  -  MemoryUsage of job (MB)
	446204  -  ResidentSetSize of job (KB)
...
040 (3175134.000.000) 2022-01-04 17:53:44 Started transferring output files
...
040 (3175134.000.000) 2022-01-04 17:53:44 Finished transferring output files
...
005 (3175134.000.000) 2022-01-04 17:53:45 Job terminated.
	(1) Normal termination (return value 0)
		Usr 0 00:00:07, Sys 0 00:00:01  -  Run Remote Usage
		Usr 0 00:00:00, Sys 0 00:00:00  -  Run Local Usage
		Usr 0 00:00:07, Sys 0 00:00:01  -  Total Remote Usage
		Usr 0 00:00:00, Sys 0 00:00:00  -  Total Local Usage
	136746  -  Run Bytes Sent By Job
	315491808  -  Run Bytes Received By Job
	136746  -  Total Bytes Sent By Job
	315491808  -  Total Bytes Received By Job
	Partitionable Resources :     Usage  Request Allocated 
	   Cpus                 :      0.16        1         1 
	   Disk (KB)            : 308292     2048000   7354789 
	   IoHeavy              :                            0 
	   Memory (MB)          :    436        1992      2048 

	Job terminated of its own accord at 2022-01-04T23:53:44Z.
...
