000 (3175017.000.000) 2022-01-04 17:43:13 Job submitted from host: <144.92.180.5:9618?addrs=144.92.180.5-9618+[2607-f388-101c-1000--368]-9618&alias=login02.hep.wisc.edu&noUDP&sock=schedd_2326_0560>
...
040 (3175017.000.000) 2022-01-04 17:45:52 Started transferring input files
	Transferring to host: <128.105.245.32:9618?addrs=128.105.245.32-9618&alias=e3232.chtc.wisc.edu&noUDP&sock=slot1_4_15408_146c_16781>
...
040 (3175017.000.000) 2022-01-04 17:46:17 Finished transferring input files
...
001 (3175017.000.000) 2022-01-04 17:46:18 Job executing on host: <128.105.245.32:9618?addrs=128.105.245.32-9618&alias=e3232.chtc.wisc.edu&noUDP&sock=startd_1647_4892>
...
006 (3175017.000.000) 2022-01-04 17:46:26 Image size of job updated: 271824
	25  -  MemoryUsage of job (MB)
	24688  -  ResidentSetSize of job (KB)
...
006 (3175017.000.000) 2022-01-04 17:46:47 Image size of job updated: 999072
	25  -  MemoryUsage of job (MB)
	24688  -  ResidentSetSize of job (KB)
...
040 (3175017.000.000) 2022-01-04 17:46:47 Started transferring output files
...
040 (3175017.000.000) 2022-01-04 17:46:48 Finished transferring output files
...
005 (3175017.000.000) 2022-01-04 17:46:48 Job terminated.
	(1) Normal termination (return value 0)
		Usr 0 00:00:05, Sys 0 00:00:01  -  Run Remote Usage
		Usr 0 00:00:00, Sys 0 00:00:00  -  Run Local Usage
		Usr 0 00:00:05, Sys 0 00:00:01  -  Total Remote Usage
		Usr 0 00:00:00, Sys 0 00:00:00  -  Total Local Usage
	126501  -  Run Bytes Sent By Job
	315491776  -  Run Bytes Received By Job
	126501  -  Total Bytes Sent By Job
	315491776  -  Total Bytes Received By Job
	Partitionable Resources :    Usage  Request Allocated 
	   Cpus                 :                 1         1 
	   Disk (KB)            :   308272  2048000   2693137 
	   IoHeavy              :                           0 
	   Memory (MB)          :       25     1992      2048 

	Job terminated of its own accord at 2022-01-04T23:46:47Z.
...
