000 (3175164.000.000) 2022-01-04 17:44:40 Job submitted from host: <144.92.180.5:9618?addrs=144.92.180.5-9618+[2607-f388-101c-1000--368]-9618&alias=login02.hep.wisc.edu&noUDP&sock=schedd_2326_0560>
...
040 (3175164.000.000) 2022-01-04 17:51:19 Entered queue to transfer input files
	Transferring to host: <128.105.68.152:9618?addrs=128.105.68.152-9618&alias=e2011.chtc.wisc.edu&noUDP&sock=slot1_4_8547_e275_17710>
...
040 (3175164.000.000) 2022-01-04 17:51:46 Started transferring input files
	Seconds spent in queue: 27
...
040 (3175164.000.000) 2022-01-04 17:53:16 Finished transferring input files
...
001 (3175164.000.000) 2022-01-04 17:53:17 Job executing on host: <128.105.68.152:9618?addrs=128.105.68.152-9618&alias=e2011.chtc.wisc.edu&noUDP&sock=startd_7807_87f7>
...
006 (3175164.000.000) 2022-01-04 17:53:26 Image size of job updated: 642400
	452  -  MemoryUsage of job (MB)
	462840  -  ResidentSetSize of job (KB)
...
006 (3175164.000.000) 2022-01-04 17:55:22 Image size of job updated: 1215344
	452  -  MemoryUsage of job (MB)
	462840  -  ResidentSetSize of job (KB)
...
040 (3175164.000.000) 2022-01-04 17:55:22 Started transferring output files
	Seconds spent in queue: 243
...
040 (3175164.000.000) 2022-01-04 17:55:22 Finished transferring output files
...
005 (3175164.000.000) 2022-01-04 17:55:22 Job terminated.
	(1) Normal termination (return value 0)
		Usr 0 00:01:13, Sys 0 00:00:07  -  Run Remote Usage
		Usr 0 00:00:00, Sys 0 00:00:00  -  Run Local Usage
		Usr 0 00:01:13, Sys 0 00:00:07  -  Total Remote Usage
		Usr 0 00:00:00, Sys 0 00:00:00  -  Total Local Usage
	139640  -  Run Bytes Sent By Job
	315491776  -  Run Bytes Received By Job
	139640  -  Total Bytes Sent By Job
	315491776  -  Total Bytes Received By Job
	Partitionable Resources :     Usage  Request Allocated 
	   Cpus                 :      0.01        1         1 
	   Disk (KB)            : 308295     2048000   2896100 
	   IoHeavy              :                            0 
	   Memory (MB)          :    452        1992      2048 

	Job terminated of its own accord at 2022-01-04T23:55:22Z.
...
