All files added.
Initializing chain.
from Init MC
.... MC file ..... 
Coming in: 
nentries:1576
Running over 1576 events.
Finished entry 0/1575
Finished entry 70/1575
Finished entry 140/1575
Finished entry 210/1575
Finished entry 280/1575
Finished entry 350/1575
Finished entry 420/1575
Finished entry 490/1575
Finished entry 560/1575
Finished entry 630/1575
Finished entry 700/1575
Finished entry 770/1575
Finished entry 840/1575
Finished entry 910/1575
Finished entry 980/1575
Finished entry 1050/1575
Finished entry 1120/1575
Finished entry 1190/1575
Finished entry 1260/1575
Finished entry 1330/1575
Finished entry 1400/1575
Finished entry 1470/1575
Finished entry 1540/1575
Finished entry 1575/1575
All events checked.
*******************************************
******************Jithin's original*************************
    Initial entries 1576.000000
   Passing smikking 0.000000
Inspected genWeightd 1574.000000   % change= 0.126904
   METFiltersPassed 1516.653757   % change= 3.643345
    SingleTrgPassed 1516.653757   % change= 0.000000
     GoodMuonPassed 170.884575   % change= 88.732789
      GoodTauPassed 1.462891   % change= 99.143931
         opp charge 1.462891   % change= 0.000000
 PassedThirdLepVeto 0.933790   % change= 36.168167
     PassedBjetVeto 0.933790   % change= 0.000000
       DeltaRPassed 0.933790   % change= 0.000000
      Total change :99.940749
*******************************************
*******************************************
Number of events inspected: 1576
Number of events inspected (minus negative gen. weights): 1574.000000
 Outpt written to ZJetsToNuNu_HT200-400_02.root
Real time 0:00:08, CP time 7.360
