000 (3175033.000.000) 2022-01-04 17:43:21 Job submitted from host: <144.92.180.5:9618?addrs=144.92.180.5-9618+[2607-f388-101c-1000--368]-9618&alias=login02.hep.wisc.edu&noUDP&sock=schedd_2326_0560>
...
040 (3175033.000.000) 2022-01-04 17:46:39 Started transferring input files
	Transferring to host: <128.105.245.68:9618?addrs=128.105.245.68-9618&alias=e268.chtc.wisc.edu&noUDP&sock=slot1_14_20171_0b4d_16413>
...
040 (3175033.000.000) 2022-01-04 17:52:44 Finished transferring input files
...
001 (3175033.000.000) 2022-01-04 17:52:45 Job executing on host: <128.105.245.68:9618?addrs=128.105.245.68-9618&alias=e268.chtc.wisc.edu&noUDP&sock=startd_2383_1e46>
...
006 (3175033.000.000) 2022-01-04 17:52:53 Image size of job updated: 569340
	396  -  MemoryUsage of job (MB)
	405332  -  ResidentSetSize of job (KB)
...
006 (3175033.000.000) 2022-01-04 17:55:43 Image size of job updated: 1175048
	396  -  MemoryUsage of job (MB)
	405332  -  ResidentSetSize of job (KB)
...
040 (3175033.000.000) 2022-01-04 17:55:43 Started transferring output files
...
040 (3175033.000.000) 2022-01-04 17:55:43 Finished transferring output files
...
005 (3175033.000.000) 2022-01-04 17:55:43 Job terminated.
	(1) Normal termination (return value 0)
		Usr 0 00:02:17, Sys 0 00:00:09  -  Run Remote Usage
		Usr 0 00:00:00, Sys 0 00:00:00  -  Run Local Usage
		Usr 0 00:02:17, Sys 0 00:00:09  -  Total Remote Usage
		Usr 0 00:00:00, Sys 0 00:00:00  -  Total Local Usage
	165189  -  Run Bytes Sent By Job
	315491776  -  Run Bytes Received By Job
	165189  -  Total Bytes Sent By Job
	315491776  -  Total Bytes Received By Job
	Partitionable Resources :     Usage  Request Allocated 
	   Cpus                 :      0.02        1         1 
	   Disk (KB)            : 308363     2048000   2324427 
	   IoHeavy              :                            0 
	   Memory (MB)          :    396        1992      2048 

	Job terminated of its own accord at 2022-01-04T23:55:43Z.
...
