000 (3175128.000.000) 2022-01-04 17:44:14 Job submitted from host: <144.92.180.5:9618?addrs=144.92.180.5-9618+[2607-f388-101c-1000--368]-9618&alias=login02.hep.wisc.edu&noUDP&sock=schedd_2326_0560>
...
040 (3175128.000.000) 2022-01-04 17:49:55 Started transferring input files
	Transferring to host: <128.105.245.2:9618?addrs=128.105.245.2-9618&alias=e3202.chtc.wisc.edu&noUDP&sock=slot1_1_29396_e424_15936>
...
040 (3175128.000.000) 2022-01-04 17:53:26 Finished transferring input files
...
001 (3175128.000.000) 2022-01-04 17:53:27 Job executing on host: <128.105.245.2:9618?addrs=128.105.245.2-9618&alias=e3202.chtc.wisc.edu&noUDP&sock=startd_1327_ca44>
...
006 (3175128.000.000) 2022-01-04 17:53:36 Image size of job updated: 788188
	397  -  MemoryUsage of job (MB)
	406180  -  ResidentSetSize of job (KB)
...
006 (3175128.000.000) 2022-01-04 17:53:39 Image size of job updated: 788188
	397  -  MemoryUsage of job (MB)
	406312  -  ResidentSetSize of job (KB)
...
040 (3175128.000.000) 2022-01-04 17:53:39 Started transferring output files
...
040 (3175128.000.000) 2022-01-04 17:53:39 Finished transferring output files
...
005 (3175128.000.000) 2022-01-04 17:53:40 Job terminated.
	(1) Normal termination (return value 0)
		Usr 0 00:00:06, Sys 0 00:00:01  -  Run Remote Usage
		Usr 0 00:00:00, Sys 0 00:00:00  -  Run Local Usage
		Usr 0 00:00:06, Sys 0 00:00:01  -  Total Remote Usage
		Usr 0 00:00:00, Sys 0 00:00:00  -  Total Local Usage
	144046  -  Run Bytes Sent By Job
	315491808  -  Run Bytes Received By Job
	144046  -  Total Bytes Sent By Job
	315491808  -  Total Bytes Received By Job
	Partitionable Resources :     Usage  Request Allocated 
	   Cpus                 :      0.11        1         1 
	   Disk (KB)            : 308298     2048000   2727625 
	   IoHeavy              :                            0 
	   Memory (MB)          :    397        1992      2048 

	Job terminated of its own accord at 2022-01-04T23:53:39Z.
...
