000 (3175153.000.000) 2022-01-04 17:44:35 Job submitted from host: <144.92.180.5:9618?addrs=144.92.180.5-9618+[2607-f388-101c-1000--368]-9618&alias=login02.hep.wisc.edu&noUDP&sock=schedd_2326_0560>
...
040 (3175153.000.000) 2022-01-04 17:50:59 Entered queue to transfer input files
	Transferring to host: <128.105.245.137:9618?addrs=128.105.245.137-9618&alias=e2337.chtc.wisc.edu&noUDP&sock=slot1_9_18627_280f_16171>
...
040 (3175153.000.000) 2022-01-04 17:51:15 Started transferring input files
	Seconds spent in queue: 16
...
040 (3175153.000.000) 2022-01-04 17:53:09 Finished transferring input files
...
001 (3175153.000.000) 2022-01-04 17:53:10 Job executing on host: <128.105.245.137:9618?addrs=128.105.245.137-9618&alias=e2337.chtc.wisc.edu&noUDP&sock=startd_3166_30ee>
...
006 (3175153.000.000) 2022-01-04 17:53:18 Image size of job updated: 654916
	397  -  MemoryUsage of job (MB)
	405852  -  ResidentSetSize of job (KB)
...
006 (3175153.000.000) 2022-01-04 17:57:18 Image size of job updated: 1188836
	397  -  MemoryUsage of job (MB)
	405852  -  ResidentSetSize of job (KB)
...
040 (3175153.000.000) 2022-01-04 17:57:18 Started transferring output files
	Seconds spent in queue: 379
...
040 (3175153.000.000) 2022-01-04 17:57:18 Finished transferring output files
...
005 (3175153.000.000) 2022-01-04 17:57:18 Job terminated.
	(1) Normal termination (return value 0)
		Usr 0 00:02:13, Sys 0 00:00:22  -  Run Remote Usage
		Usr 0 00:00:00, Sys 0 00:00:00  -  Run Local Usage
		Usr 0 00:02:13, Sys 0 00:00:22  -  Total Remote Usage
		Usr 0 00:00:00, Sys 0 00:00:00  -  Total Local Usage
	140420  -  Run Bytes Sent By Job
	315491744  -  Run Bytes Received By Job
	140420  -  Total Bytes Sent By Job
	315491744  -  Total Bytes Received By Job
	Partitionable Resources :     Usage  Request Allocated 
	   Cpus                 :      0.66        1         1 
	   Disk (KB)            : 308295     2048000   2340405 
	   IoHeavy              :                            0 
	   Memory (MB)          :    397        1992      2048 

	Job terminated of its own accord at 2022-01-04T23:57:18Z.
...
