000 (3175137.000.000) 2022-01-04 17:44:20 Job submitted from host: <144.92.180.5:9618?addrs=144.92.180.5-9618+[2607-f388-101c-1000--368]-9618&alias=login02.hep.wisc.edu&noUDP&sock=schedd_2326_0560>
...
040 (3175137.000.000) 2022-01-04 17:50:19 Started transferring input files
	Transferring to host: <128.104.58.176:9618?addrs=128.104.58.176-9618+[2607-f388-1086-0-16fe-b5ff-fec6-7498]-9618&alias=e1031.chtc.wisc.edu&noUDP&sock=slot1_6_12262_702c_14895>
...
040 (3175137.000.000) 2022-01-04 17:53:00 Finished transferring input files
...
001 (3175137.000.000) 2022-01-04 17:53:01 Job executing on host: <128.104.58.176:9618?addrs=128.104.58.176-9618+[2607-f388-1086-0-16fe-b5ff-fec6-7498]-9618&alias=e1031.chtc.wisc.edu&noUDP&sock=startd_4692_e674>
...
006 (3175137.000.000) 2022-01-04 17:53:09 Image size of job updated: 687960
	397  -  MemoryUsage of job (MB)
	406180  -  ResidentSetSize of job (KB)
...
006 (3175137.000.000) 2022-01-04 17:53:38 Image size of job updated: 1149380
	397  -  MemoryUsage of job (MB)
	406492  -  ResidentSetSize of job (KB)
...
040 (3175137.000.000) 2022-01-04 17:53:38 Started transferring output files
...
040 (3175137.000.000) 2022-01-04 17:53:38 Finished transferring output files
...
005 (3175137.000.000) 2022-01-04 17:53:38 Job terminated.
	(1) Normal termination (return value 0)
		Usr 0 00:00:06, Sys 0 00:00:02  -  Run Remote Usage
		Usr 0 00:00:00, Sys 0 00:00:00  -  Run Local Usage
		Usr 0 00:00:06, Sys 0 00:00:02  -  Total Remote Usage
		Usr 0 00:00:00, Sys 0 00:00:00  -  Total Local Usage
	129038  -  Run Bytes Sent By Job
	315491808  -  Run Bytes Received By Job
	129038  -  Total Bytes Sent By Job
	315491808  -  Total Bytes Received By Job
	Partitionable Resources :     Usage  Request Allocated 
	   Cpus                 :      0.19        1         1 
	   Disk (KB)            : 308284     2048000   2331796 
	   IoHeavy              :                            0 
	   Memory (MB)          :    397        1992      2048 

	Job terminated of its own accord at 2022-01-04T23:53:38Z.
...
