000 (3175025.000.000) 2022-01-04 17:43:17 Job submitted from host: <144.92.180.5:9618?addrs=144.92.180.5-9618+[2607-f388-101c-1000--368]-9618&alias=login02.hep.wisc.edu&noUDP&sock=schedd_2326_0560>
...
040 (3175025.000.000) 2022-01-04 17:46:03 Started transferring input files
	Transferring to host: <128.104.58.113:9618?addrs=128.104.58.113-9618+[2607-f388-1086-0-ea9a-8fff-fe83-b4ee]-9618&alias=e473.chtc.wisc.edu&noUDP&sock=slot1_1_17543_6162_15582>
...
040 (3175025.000.000) 2022-01-04 17:47:36 Finished transferring input files
...
001 (3175025.000.000) 2022-01-04 17:47:37 Job executing on host: <128.104.58.113:9618?addrs=128.104.58.113-9618+[2607-f388-1086-0-ea9a-8fff-fe83-b4ee]-9618&alias=e473.chtc.wisc.edu&noUDP&sock=startd_3838_2093>
...
006 (3175025.000.000) 2022-01-04 17:47:46 Image size of job updated: 1000176
	495  -  MemoryUsage of job (MB)
	506768  -  ResidentSetSize of job (KB)
...
006 (3175025.000.000) 2022-01-04 17:48:06 Image size of job updated: 1195992
	495  -  MemoryUsage of job (MB)
	506768  -  ResidentSetSize of job (KB)
...
040 (3175025.000.000) 2022-01-04 17:48:07 Started transferring output files
...
040 (3175025.000.000) 2022-01-04 17:48:07 Finished transferring output files
...
005 (3175025.000.000) 2022-01-04 17:48:07 Job terminated.
	(1) Normal termination (return value 0)
		Usr 0 00:00:23, Sys 0 00:00:02  -  Run Remote Usage
		Usr 0 00:00:00, Sys 0 00:00:00  -  Run Local Usage
		Usr 0 00:00:23, Sys 0 00:00:02  -  Total Remote Usage
		Usr 0 00:00:00, Sys 0 00:00:00  -  Total Local Usage
	149038  -  Run Bytes Sent By Job
	315491776  -  Run Bytes Received By Job
	149038  -  Total Bytes Sent By Job
	315491776  -  Total Bytes Received By Job
	Partitionable Resources :     Usage  Request Allocated 
	   Cpus                 :      0.33        1         1 
	   Disk (KB)            : 308304     2048000   7354789 
	   IoHeavy              :                            0 
	   Memory (MB)          :    495        1992      2048 

	Job terminated of its own accord at 2022-01-04T23:48:06Z.
...
