000 (3175106.000.000) 2022-01-04 17:44:02 Job submitted from host: <144.92.180.5:9618?addrs=144.92.180.5-9618+[2607-f388-101c-1000--368]-9618&alias=login02.hep.wisc.edu&noUDP&sock=schedd_2326_0560>
...
040 (3175106.000.000) 2022-01-04 17:49:39 Started transferring input files
	Transferring to host: <128.105.68.12:9618?addrs=128.105.68.12-9618&alias=e2005.chtc.wisc.edu&noUDP&sock=slot1_12_8083_f462_17435>
...
040 (3175106.000.000) 2022-01-04 17:50:17 Finished transferring input files
...
001 (3175106.000.000) 2022-01-04 17:50:18 Job executing on host: <128.105.68.12:9618?addrs=128.105.68.12-9618&alias=e2005.chtc.wisc.edu&noUDP&sock=startd_6877_a0e3>
...
006 (3175106.000.000) 2022-01-04 17:50:27 Image size of job updated: 867584
	396  -  MemoryUsage of job (MB)
	405028  -  ResidentSetSize of job (KB)
...
006 (3175106.000.000) 2022-01-04 17:50:36 Image size of job updated: 1046564
	396  -  MemoryUsage of job (MB)
	405028  -  ResidentSetSize of job (KB)
...
040 (3175106.000.000) 2022-01-04 17:50:39 Started transferring output files
...
040 (3175106.000.000) 2022-01-04 17:50:39 Finished transferring output files
...
005 (3175106.000.000) 2022-01-04 17:50:39 Job terminated.
	(1) Normal termination (return value 0)
		Usr 0 00:00:07, Sys 0 00:00:01  -  Run Remote Usage
		Usr 0 00:00:00, Sys 0 00:00:00  -  Run Local Usage
		Usr 0 00:00:07, Sys 0 00:00:01  -  Total Remote Usage
		Usr 0 00:00:00, Sys 0 00:00:00  -  Total Local Usage
	150750  -  Run Bytes Sent By Job
	315491776  -  Run Bytes Received By Job
	150750  -  Total Bytes Sent By Job
	315491776  -  Total Bytes Received By Job
	Partitionable Resources :    Usage  Request Allocated 
	   Cpus                 :                 1         1 
	   Disk (KB)            :   308296  2048000   2899212 
	   IoHeavy              :                           0 
	   Memory (MB)          :      396     1992      2048 

	Job terminated of its own accord at 2022-01-04T23:50:36Z.
...
