000 (3175146.000.000) 2022-01-04 17:44:31 Job submitted from host: <144.92.180.5:9618?addrs=144.92.180.5-9618+[2607-f388-101c-1000--368]-9618&alias=login02.hep.wisc.edu&noUDP&sock=schedd_2326_0560>
...
040 (3175146.000.000) 2022-01-04 17:50:46 Entered queue to transfer input files
	Transferring to host: <128.105.68.12:9618?addrs=128.105.68.12-9618&alias=e2005.chtc.wisc.edu&noUDP&sock=slot1_12_8083_f462_17438>
...
040 (3175146.000.000) 2022-01-04 17:50:53 Started transferring input files
	Seconds spent in queue: 7
...
040 (3175146.000.000) 2022-01-04 17:52:20 Finished transferring input files
...
001 (3175146.000.000) 2022-01-04 17:52:21 Job executing on host: <128.105.68.12:9618?addrs=128.105.68.12-9618&alias=e2005.chtc.wisc.edu&noUDP&sock=startd_6877_a0e3>
...
006 (3175146.000.000) 2022-01-04 17:52:30 Image size of job updated: 642396
	396  -  MemoryUsage of job (MB)
	405476  -  ResidentSetSize of job (KB)
...
006 (3175146.000.000) 2022-01-04 17:57:00 Image size of job updated: 1192488
	396  -  MemoryUsage of job (MB)
	405476  -  ResidentSetSize of job (KB)
...
040 (3175146.000.000) 2022-01-04 17:57:00 Started transferring output files
	Seconds spent in queue: 374
...
040 (3175146.000.000) 2022-01-04 17:57:00 Finished transferring output files
...
005 (3175146.000.000) 2022-01-04 17:57:00 Job terminated.
	(1) Normal termination (return value 0)
		Usr 0 00:01:50, Sys 0 00:00:08  -  Run Remote Usage
		Usr 0 00:00:00, Sys 0 00:00:00  -  Run Local Usage
		Usr 0 00:01:50, Sys 0 00:00:08  -  Total Remote Usage
		Usr 0 00:00:00, Sys 0 00:00:00  -  Total Local Usage
	140727  -  Run Bytes Sent By Job
	315491744  -  Run Bytes Received By Job
	140727  -  Total Bytes Sent By Job
	315491744  -  Total Bytes Received By Job
	Partitionable Resources :     Usage  Request Allocated 
	   Cpus                 :      0.46        1         1 
	   Disk (KB)            : 308295     2048000   2899212 
	   IoHeavy              :                            0 
	   Memory (MB)          :    396        1992      2048 

	Job terminated of its own accord at 2022-01-04T23:57:00Z.
...
