000 (3175133.000.000) 2022-01-04 17:44:17 Job submitted from host: <144.92.180.5:9618?addrs=144.92.180.5-9618+[2607-f388-101c-1000--368]-9618&alias=login02.hep.wisc.edu&noUDP&sock=schedd_2326_0560>
...
040 (3175133.000.000) 2022-01-04 17:50:02 Started transferring input files
	Transferring to host: <128.105.245.9:9618?addrs=128.105.245.9-9618&alias=e3209.chtc.wisc.edu&noUDP&sock=slot1_5_14987_727b_16679>
...
040 (3175133.000.000) 2022-01-04 17:50:46 Finished transferring input files
...
001 (3175133.000.000) 2022-01-04 17:50:47 Job executing on host: <128.105.245.9:9618?addrs=128.105.245.9-9618&alias=e3209.chtc.wisc.edu&noUDP&sock=startd_1331_88a5>
...
006 (3175133.000.000) 2022-01-04 17:50:56 Image size of job updated: 532688
	394  -  MemoryUsage of job (MB)
	403328  -  ResidentSetSize of job (KB)
...
006 (3175133.000.000) 2022-01-04 17:51:04 Image size of job updated: 1040708
	395  -  MemoryUsage of job (MB)
	403724  -  ResidentSetSize of job (KB)
...
040 (3175133.000.000) 2022-01-04 17:51:07 Started transferring output files
...
040 (3175133.000.000) 2022-01-04 17:51:07 Finished transferring output files
...
005 (3175133.000.000) 2022-01-04 17:51:07 Job terminated.
	(1) Normal termination (return value 0)
		Usr 0 00:00:05, Sys 0 00:00:01  -  Run Remote Usage
		Usr 0 00:00:00, Sys 0 00:00:00  -  Run Local Usage
		Usr 0 00:00:05, Sys 0 00:00:01  -  Total Remote Usage
		Usr 0 00:00:00, Sys 0 00:00:00  -  Total Local Usage
	116980  -  Run Bytes Sent By Job
	315491808  -  Run Bytes Received By Job
	116980  -  Total Bytes Sent By Job
	315491808  -  Total Bytes Received By Job
	Partitionable Resources :    Usage  Request Allocated 
	   Cpus                 :                 1         1 
	   Disk (KB)            :   308263  2048000   2727191 
	   IoHeavy              :                           0 
	   Memory (MB)          :      395     1992      2048 

	Job terminated of its own accord at 2022-01-04T23:51:04Z.
...
