000 (3175138.000.000) 2022-01-04 17:44:20 Job submitted from host: <144.92.180.5:9618?addrs=144.92.180.5-9618+[2607-f388-101c-1000--368]-9618&alias=login02.hep.wisc.edu&noUDP&sock=schedd_2326_0560>
...
040 (3175138.000.000) 2022-01-04 17:50:20 Started transferring input files
	Transferring to host: <128.105.245.165:9618?addrs=128.105.245.165-9618&alias=e365.chtc.wisc.edu&noUDP&sock=slot1_7_39166_bd72_16727>
...
040 (3175138.000.000) 2022-01-04 17:51:46 Finished transferring input files
...
001 (3175138.000.000) 2022-01-04 17:51:47 Job executing on host: <128.105.245.165:9618?addrs=128.105.245.165-9618&alias=e365.chtc.wisc.edu&noUDP&sock=startd_2749_29f0>
...
006 (3175138.000.000) 2022-01-04 17:51:56 Image size of job updated: 565272
	397  -  MemoryUsage of job (MB)
	406524  -  ResidentSetSize of job (KB)
...
006 (3175138.000.000) 2022-01-04 17:52:03 Image size of job updated: 1051124
	397  -  MemoryUsage of job (MB)
	406524  -  ResidentSetSize of job (KB)
...
040 (3175138.000.000) 2022-01-04 17:52:03 Started transferring output files
...
040 (3175138.000.000) 2022-01-04 17:52:03 Finished transferring output files
...
005 (3175138.000.000) 2022-01-04 17:52:04 Job terminated.
	(1) Normal termination (return value 0)
		Usr 0 00:00:07, Sys 0 00:00:02  -  Run Remote Usage
		Usr 0 00:00:00, Sys 0 00:00:00  -  Run Local Usage
		Usr 0 00:00:07, Sys 0 00:00:02  -  Total Remote Usage
		Usr 0 00:00:00, Sys 0 00:00:00  -  Total Local Usage
	115788  -  Run Bytes Sent By Job
	315491808  -  Run Bytes Received By Job
	115788  -  Total Bytes Sent By Job
	315491808  -  Total Bytes Received By Job
	Partitionable Resources :     Usage  Request Allocated 
	   Cpus                 :      0.45        1         1 
	   Disk (KB)            : 308271     2048000   2333093 
	   IoHeavy              :                            0 
	   Memory (MB)          :    397        1992      2048 

	Job terminated of its own accord at 2022-01-04T23:52:03Z.
...
