All files added.
Initializing chain.
from Init MC
****************** ttbar sample found
.... MC file ..... 
Coming in: 
nentries:17545
Running over 17545 events.
Finished entry 0/17544
Finished entry 800/17544
Finished entry 1600/17544
Finished entry 2400/17544
Finished entry 3200/17544
Finished entry 4000/17544
Finished entry 4800/17544
Finished entry 5600/17544
Finished entry 6400/17544
Finished entry 7200/17544
Finished entry 8000/17544
Finished entry 8800/17544
Finished entry 9600/17544
Finished entry 10400/17544
Finished entry 11200/17544
Finished entry 12000/17544
Finished entry 12800/17544
Finished entry 13600/17544
Finished entry 14400/17544
Finished entry 15200/17544
Finished entry 16000/17544
Finished entry 16800/17544
Finished entry 17544/17544
All events checked.
*******************************************
******************Jithin's original*************************
    Initial entries 17545.000000
   Passing smikking 0.000000
Inspected genWeightd 17425.000000   % change= 0.683956
   METFiltersPassed 16975.585702   % change= 2.579135
    SingleTrgPassed 16975.585702   % change= 0.000000
     GoodMuonPassed 1983.818219   % change= 88.313698
      GoodTauPassed 36.876747   % change= 98.141123
         opp charge 36.876747   % change= 0.000000
 PassedThirdLepVeto 30.793640   % change= 16.495780
     PassedBjetVeto 6.726316   % change= 78.156802
       DeltaRPassed 6.726316   % change= 0.000000
      Total change :99.961662
*******************************************
*******************************************
Number of events inspected: 17545
Number of events inspected (minus negative gen. weights): 17425.000000
 Outpt written to TTToHadronic_powheg_32.root
Real time 0:01:17, CP time 64.170
