000 (3175075.000.000) 2022-01-04 17:43:44 Job submitted from host: <144.92.180.5:9618?addrs=144.92.180.5-9618+[2607-f388-101c-1000--368]-9618&alias=login02.hep.wisc.edu&noUDP&sock=schedd_2326_0560>
...
040 (3175075.000.000) 2022-01-04 17:48:41 Started transferring input files
	Transferring to host: <128.105.68.12:9618?addrs=128.105.68.12-9618&alias=e2005.chtc.wisc.edu&noUDP&sock=slot1_16_8083_f462_17433>
...
040 (3175075.000.000) 2022-01-04 17:49:38 Finished transferring input files
...
001 (3175075.000.000) 2022-01-04 17:49:39 Job executing on host: <128.105.68.12:9618?addrs=128.105.68.12-9618&alias=e2005.chtc.wisc.edu&noUDP&sock=startd_6877_a0e3>
...
006 (3175075.000.000) 2022-01-04 17:49:47 Image size of job updated: 651148
	433  -  MemoryUsage of job (MB)
	442852  -  ResidentSetSize of job (KB)
...
006 (3175075.000.000) 2022-01-04 17:50:13 Image size of job updated: 1174308
	433  -  MemoryUsage of job (MB)
	443116  -  ResidentSetSize of job (KB)
...
040 (3175075.000.000) 2022-01-04 17:50:18 Started transferring output files
...
040 (3175075.000.000) 2022-01-04 17:50:18 Finished transferring output files
...
005 (3175075.000.000) 2022-01-04 17:50:18 Job terminated.
	(1) Normal termination (return value 0)
		Usr 0 00:00:16, Sys 0 00:00:02  -  Run Remote Usage
		Usr 0 00:00:00, Sys 0 00:00:00  -  Run Local Usage
		Usr 0 00:00:16, Sys 0 00:00:02  -  Total Remote Usage
		Usr 0 00:00:00, Sys 0 00:00:00  -  Total Local Usage
	127003  -  Run Bytes Sent By Job
	315491808  -  Run Bytes Received By Job
	127003  -  Total Bytes Sent By Job
	315491808  -  Total Bytes Received By Job
	Partitionable Resources :    Usage  Request Allocated 
	   Cpus                 :                 1         1 
	   Disk (KB)            :   308273  2048000   2899212 
	   IoHeavy              :                           0 
	   Memory (MB)          :      433     1992      2048 

	Job terminated of its own accord at 2022-01-04T23:50:13Z.
...
