000 (3175045.000.000) 2022-01-04 17:43:27 Job submitted from host: <144.92.180.5:9618?addrs=144.92.180.5-9618+[2607-f388-101c-1000--368]-9618&alias=login02.hep.wisc.edu&noUDP&sock=schedd_2326_0560>
...
040 (3175045.000.000) 2022-01-04 17:47:45 Started transferring input files
	Transferring to host: <128.104.58.113:9618?addrs=128.104.58.113-9618+[2607-f388-1086-0-ea9a-8fff-fe83-b4ee]-9618&alias=e473.chtc.wisc.edu&noUDP&sock=slot1_11_17543_6162_15588>
...
040 (3175045.000.000) 2022-01-04 17:49:35 Finished transferring input files
...
001 (3175045.000.000) 2022-01-04 17:49:36 Job executing on host: <128.104.58.113:9618?addrs=128.104.58.113-9618+[2607-f388-1086-0-ea9a-8fff-fe83-b4ee]-9618&alias=e473.chtc.wisc.edu&noUDP&sock=startd_3838_2093>
...
006 (3175045.000.000) 2022-01-04 17:49:45 Image size of job updated: 555164
	414  -  MemoryUsage of job (MB)
	423428  -  ResidentSetSize of job (KB)
...
006 (3175045.000.000) 2022-01-04 17:50:03 Image size of job updated: 1172088
	415  -  MemoryUsage of job (MB)
	424616  -  ResidentSetSize of job (KB)
...
040 (3175045.000.000) 2022-01-04 17:50:03 Started transferring output files
...
040 (3175045.000.000) 2022-01-04 17:50:03 Finished transferring output files
...
005 (3175045.000.000) 2022-01-04 17:50:03 Job terminated.
	(1) Normal termination (return value 0)
		Usr 0 00:00:14, Sys 0 00:00:03  -  Run Remote Usage
		Usr 0 00:00:00, Sys 0 00:00:00  -  Run Local Usage
		Usr 0 00:00:14, Sys 0 00:00:03  -  Total Remote Usage
		Usr 0 00:00:00, Sys 0 00:00:00  -  Total Local Usage
	124039  -  Run Bytes Sent By Job
	315491808  -  Run Bytes Received By Job
	124039  -  Total Bytes Sent By Job
	315491808  -  Total Bytes Received By Job
	Partitionable Resources :    Usage  Request Allocated 
	   Cpus                 :                 1         1 
	   Disk (KB)            :   308270  2048000   7354789 
	   IoHeavy              :                           0 
	   Memory (MB)          :      415     1992      2048 

	Job terminated of its own accord at 2022-01-04T23:50:03Z.
...
