000 (3173962.000.000) 2022-01-03 20:57:08 Job submitted from host: <144.92.180.5:9618?addrs=144.92.180.5-9618+[2607-f388-101c-1000--368]-9618&alias=login02.hep.wisc.edu&noUDP&sock=schedd_2326_0560>
...
040 (3173962.000.000) 2022-01-03 20:58:02 Entered queue to transfer input files
	Transferring to host: <128.105.68.130:9618?addrs=128.105.68.130-9618&alias=e2438.chtc.wisc.edu&noUDP&sock=slot1_7_24356_c158_13967>
...
040 (3173962.000.000) 2022-01-03 21:00:43 Started transferring input files
	Seconds spent in queue: 161
...
040 (3173962.000.000) 2022-01-03 21:01:21 Finished transferring input files
...
001 (3173962.000.000) 2022-01-03 21:01:22 Job executing on host: <128.105.68.130:9618?addrs=128.105.68.130-9618&alias=e2438.chtc.wisc.edu&noUDP&sock=startd_2380_0f7d>
...
006 (3173962.000.000) 2022-01-03 21:01:31 Image size of job updated: 65728
	6  -  MemoryUsage of job (MB)
	5300  -  ResidentSetSize of job (KB)
...
006 (3173962.000.000) 2022-01-03 21:02:25 Image size of job updated: 1197212
	6  -  MemoryUsage of job (MB)
	5300  -  ResidentSetSize of job (KB)
...
040 (3173962.000.000) 2022-01-03 21:02:30 Entered queue to transfer output files
...
040 (3173962.000.000) 2022-01-03 21:02:30 Started transferring output files
	Seconds spent in queue: 268
...
040 (3173962.000.000) 2022-01-03 21:02:30 Finished transferring output files
...
005 (3173962.000.000) 2022-01-03 21:02:31 Job terminated.
	(1) Normal termination (return value 0)
		Usr 0 00:00:13, Sys 0 00:00:01  -  Run Remote Usage
		Usr 0 00:00:00, Sys 0 00:00:00  -  Run Local Usage
		Usr 0 00:00:13, Sys 0 00:00:01  -  Total Remote Usage
		Usr 0 00:00:00, Sys 0 00:00:00  -  Total Local Usage
	147589  -  Run Bytes Sent By Job
	315491776  -  Run Bytes Received By Job
	147589  -  Total Bytes Sent By Job
	315491776  -  Total Bytes Received By Job
	Partitionable Resources :     Usage  Request Allocated 
	   Cpus                 :      0.18        1         1 
	   Disk (KB)            : 308302     2048000   2346439 
	   IoHeavy              :                            0 
	   Memory (MB)          :      6        1992      2048 

	Job terminated of its own accord at 2022-01-04T03:02:25Z.
...
