000 (3173928.000.000) 2022-01-03 20:56:51 Job submitted from host: <144.92.180.5:9618?addrs=144.92.180.5-9618+[2607-f388-101c-1000--368]-9618&alias=login02.hep.wisc.edu&noUDP&sock=schedd_2326_0560>
...
040 (3173928.000.000) 2022-01-03 20:57:48 Entered queue to transfer input files
	Transferring to host: <128.105.245.71:9618?addrs=128.105.245.71-9618&alias=e271.chtc.wisc.edu&noUDP&sock=slot1_23_1353_0f90_13628>
...
040 (3173928.000.000) 2022-01-03 20:58:14 Started transferring input files
	Seconds spent in queue: 26
...
040 (3173928.000.000) 2022-01-03 21:00:04 Finished transferring input files
...
001 (3173928.000.000) 2022-01-03 21:00:05 Job executing on host: <128.105.245.71:9618?addrs=128.105.245.71-9618&alias=e271.chtc.wisc.edu&noUDP&sock=startd_2407_948c>
...
006 (3173928.000.000) 2022-01-03 21:00:14 Image size of job updated: 642396
	396  -  MemoryUsage of job (MB)
	405056  -  ResidentSetSize of job (KB)
...
006 (3173928.000.000) 2022-01-03 21:00:40 Image size of job updated: 1183408
	396  -  MemoryUsage of job (MB)
	405056  -  ResidentSetSize of job (KB)
...
040 (3173928.000.000) 2022-01-03 21:00:43 Started transferring output files
	Seconds spent in queue: 175
...
040 (3173928.000.000) 2022-01-03 21:00:43 Finished transferring output files
...
005 (3173928.000.000) 2022-01-03 21:00:44 Job terminated.
	(1) Normal termination (return value 0)
		Usr 0 00:00:15, Sys 0 00:00:02  -  Run Remote Usage
		Usr 0 00:00:00, Sys 0 00:00:00  -  Run Local Usage
		Usr 0 00:00:15, Sys 0 00:00:02  -  Total Remote Usage
		Usr 0 00:00:00, Sys 0 00:00:00  -  Total Local Usage
	159951  -  Run Bytes Sent By Job
	315491776  -  Run Bytes Received By Job
	159951  -  Total Bytes Sent By Job
	315491776  -  Total Bytes Received By Job
	Partitionable Resources :     Usage  Request Allocated 
	   Cpus                 :      0.03        1         1 
	   Disk (KB)            : 308314     2048000   2320817 
	   IoHeavy              :                            0 
	   Memory (MB)          :    396        1992      2048 

	Job terminated of its own accord at 2022-01-04T03:00:40Z.
...
