000 (3173983.000.000) 2022-01-03 20:57:19 Job submitted from host: <144.92.180.5:9618?addrs=144.92.180.5-9618+[2607-f388-101c-1000--368]-9618&alias=login02.hep.wisc.edu&noUDP&sock=schedd_2326_0560>
...
040 (3173983.000.000) 2022-01-03 20:57:54 Entered queue to transfer input files
	Transferring to host: <128.104.58.75:9618?addrs=128.104.58.75-9618+[2607-f388-1086-0-a6ba-dbff-fe38-fc8c]-9618&alias=e065.chtc.wisc.edu&noUDP&sock=slot1_7_31265_c550_14455>
...
040 (3173983.000.000) 2022-01-03 20:59:16 Started transferring input files
	Seconds spent in queue: 82
...
040 (3173983.000.000) 2022-01-03 20:59:46 Finished transferring input files
...
001 (3173983.000.000) 2022-01-03 20:59:47 Job executing on host: <128.104.58.75:9618?addrs=128.104.58.75-9618+[2607-f388-1086-0-a6ba-dbff-fe38-fc8c]-9618&alias=e065.chtc.wisc.edu&noUDP&sock=startd_4759_db4c>
...
006 (3173983.000.000) 2022-01-03 20:59:56 Image size of job updated: 134500
	32  -  MemoryUsage of job (MB)
	32464  -  ResidentSetSize of job (KB)
...
006 (3173983.000.000) 2022-01-03 21:01:01 Image size of job updated: 1174860
	32  -  MemoryUsage of job (MB)
	32464  -  ResidentSetSize of job (KB)
...
040 (3173983.000.000) 2022-01-03 21:01:01 Started transferring output files
	Seconds spent in queue: 187
...
040 (3173983.000.000) 2022-01-03 21:01:01 Finished transferring output files
...
005 (3173983.000.000) 2022-01-03 21:01:01 Job terminated.
	(1) Normal termination (return value 0)
		Usr 0 00:00:40, Sys 0 00:00:02  -  Run Remote Usage
		Usr 0 00:00:00, Sys 0 00:00:00  -  Run Local Usage
		Usr 0 00:00:40, Sys 0 00:00:02  -  Total Remote Usage
		Usr 0 00:00:00, Sys 0 00:00:00  -  Total Local Usage
	162873  -  Run Bytes Sent By Job
	315491776  -  Run Bytes Received By Job
	162873  -  Total Bytes Sent By Job
	315491776  -  Total Bytes Received By Job
	Partitionable Resources :     Usage  Request Allocated 
	   Cpus                 :      0.00        1         1 
	   Disk (KB)            : 308317     2048000   2718320 
	   IoHeavy              :                            0 
	   Memory (MB)          :     32        1992      2048 

	Job terminated of its own accord at 2022-01-04T03:01:01Z.
...
