000 (3173996.000.000) 2022-01-03 20:57:25 Job submitted from host: <144.92.180.5:9618?addrs=144.92.180.5-9618+[2607-f388-101c-1000--368]-9618&alias=login02.hep.wisc.edu&noUDP&sock=schedd_2326_0560>
...
040 (3173996.000.000) 2022-01-03 20:58:00 Entered queue to transfer input files
	Transferring to host: <128.105.245.142:9618?addrs=128.105.245.142-9618&alias=e342.chtc.wisc.edu&noUDP&sock=slot1_10_20209_d18f_14805>
...
040 (3173996.000.000) 2022-01-03 21:00:30 Started transferring input files
	Seconds spent in queue: 150
...
040 (3173996.000.000) 2022-01-03 21:02:21 Finished transferring input files
...
001 (3173996.000.000) 2022-01-03 21:02:22 Job executing on host: <128.105.245.142:9618?addrs=128.105.245.142-9618&alias=e342.chtc.wisc.edu&noUDP&sock=startd_2402_2693>
...
006 (3173996.000.000) 2022-01-03 21:02:31 Image size of job updated: 542352
	397  -  MemoryUsage of job (MB)
	406392  -  ResidentSetSize of job (KB)
...
006 (3173996.000.000) 2022-01-03 21:02:45 Image size of job updated: 1171496
	397  -  MemoryUsage of job (MB)
	406524  -  ResidentSetSize of job (KB)
...
040 (3173996.000.000) 2022-01-03 21:02:49 Started transferring output files
	Seconds spent in queue: 289
...
040 (3173996.000.000) 2022-01-03 21:02:49 Finished transferring output files
...
005 (3173996.000.000) 2022-01-03 21:02:50 Job terminated.
	(1) Normal termination (return value 0)
		Usr 0 00:00:07, Sys 0 00:00:02  -  Run Remote Usage
		Usr 0 00:00:00, Sys 0 00:00:00  -  Run Local Usage
		Usr 0 00:00:07, Sys 0 00:00:02  -  Total Remote Usage
		Usr 0 00:00:00, Sys 0 00:00:00  -  Total Local Usage
	63144  -  Run Bytes Sent By Job
	315491808  -  Run Bytes Received By Job
	63144  -  Total Bytes Sent By Job
	315491808  -  Total Bytes Received By Job
	Partitionable Resources :    Usage  Request Allocated 
	   Cpus                 :        0        1         1 
	   Disk (KB)            :   308219  2048000   2336992 
	   IoHeavy              :                           0 
	   Memory (MB)          :      397     1992      2048 

	Job terminated of its own accord at 2022-01-04T03:02:45Z.
...
