000 (3173951.000.000) 2022-01-03 20:57:03 Job submitted from host: <144.92.180.5:9618?addrs=144.92.180.5-9618+[2607-f388-101c-1000--368]-9618&alias=login02.hep.wisc.edu&noUDP&sock=schedd_2326_0560>
...
040 (3173951.000.000) 2022-01-03 20:57:56 Entered queue to transfer input files
	Transferring to host: <128.105.245.94:9618?addrs=128.105.245.94-9618&alias=e2294.chtc.wisc.edu&noUDP&sock=slot1_2_30860_6960_14506>
...
040 (3173951.000.000) 2022-01-03 20:59:45 Started transferring input files
	Seconds spent in queue: 109
...
040 (3173951.000.000) 2022-01-03 21:00:44 Finished transferring input files
...
001 (3173951.000.000) 2022-01-03 21:00:45 Job executing on host: <128.105.245.94:9618?addrs=128.105.245.94-9618&alias=e2294.chtc.wisc.edu&noUDP&sock=startd_2082_a845>
...
006 (3173951.000.000) 2022-01-03 21:00:53 Image size of job updated: 526416
	401  -  MemoryUsage of job (MB)
	410124  -  ResidentSetSize of job (KB)
...
006 (3173951.000.000) 2022-01-03 21:01:10 Image size of job updated: 1128788
	404  -  MemoryUsage of job (MB)
	413688  -  ResidentSetSize of job (KB)
...
040 (3173951.000.000) 2022-01-03 21:01:13 Started transferring output files
	Seconds spent in queue: 197
...
040 (3173951.000.000) 2022-01-03 21:01:13 Finished transferring output files
...
005 (3173951.000.000) 2022-01-03 21:01:13 Job terminated.
	(1) Normal termination (return value 0)
		Usr 0 00:00:05, Sys 0 00:00:01  -  Run Remote Usage
		Usr 0 00:00:00, Sys 0 00:00:00  -  Run Local Usage
		Usr 0 00:00:05, Sys 0 00:00:01  -  Total Remote Usage
		Usr 0 00:00:00, Sys 0 00:00:00  -  Total Local Usage
	129632  -  Run Bytes Sent By Job
	315491808  -  Run Bytes Received By Job
	129632  -  Total Bytes Sent By Job
	315491808  -  Total Bytes Received By Job
	Partitionable Resources :    Usage  Request Allocated 
	   Cpus                 :        0        1         1 
	   Disk (KB)            :   308284  2048000   2428226 
	   IoHeavy              :                           0 
	   Memory (MB)          :      404     1992      2048 

	Job terminated of its own accord at 2022-01-04T03:01:10Z.
...
