000 (3173948.000.000) 2022-01-03 20:57:01 Job submitted from host: <144.92.180.5:9618?addrs=144.92.180.5-9618+[2607-f388-101c-1000--368]-9618&alias=login02.hep.wisc.edu&noUDP&sock=schedd_2326_0560>
...
040 (3173948.000.000) 2022-01-03 20:57:58 Entered queue to transfer input files
	Transferring to host: <128.105.245.114:9618?addrs=128.105.245.114-9618&alias=e314.chtc.wisc.edu&noUDP&sock=slot1_8_33928_185d_14564>
...
040 (3173948.000.000) 2022-01-03 21:00:06 Started transferring input files
	Seconds spent in queue: 128
...
040 (3173948.000.000) 2022-01-03 21:00:30 Finished transferring input files
...
001 (3173948.000.000) 2022-01-03 21:00:31 Job executing on host: <128.105.245.114:9618?addrs=128.105.245.114-9618&alias=e314.chtc.wisc.edu&noUDP&sock=startd_2784_2bc0>
...
006 (3173948.000.000) 2022-01-03 21:00:40 Image size of job updated: 562072
	397  -  MemoryUsage of job (MB)
	405736  -  ResidentSetSize of job (KB)
...
006 (3173948.000.000) 2022-01-03 21:00:57 Image size of job updated: 1182880
	397  -  MemoryUsage of job (MB)
	405736  -  ResidentSetSize of job (KB)
...
040 (3173948.000.000) 2022-01-03 21:00:59 Started transferring output files
	Seconds spent in queue: 181
...
040 (3173948.000.000) 2022-01-03 21:00:59 Finished transferring output files
...
005 (3173948.000.000) 2022-01-03 21:00:59 Job terminated.
	(1) Normal termination (return value 0)
		Usr 0 00:00:06, Sys 0 00:00:02  -  Run Remote Usage
		Usr 0 00:00:00, Sys 0 00:00:00  -  Run Local Usage
		Usr 0 00:00:06, Sys 0 00:00:02  -  Total Remote Usage
		Usr 0 00:00:00, Sys 0 00:00:00  -  Total Local Usage
	120492  -  Run Bytes Sent By Job
	315491808  -  Run Bytes Received By Job
	120492  -  Total Bytes Sent By Job
	315491808  -  Total Bytes Received By Job
	Partitionable Resources :    Usage  Request Allocated 
	   Cpus                 :        0        1         1 
	   Disk (KB)            :   308275  2048000   2346990 
	   IoHeavy              :                           0 
	   Memory (MB)          :      397     1992      2048 

	Job terminated of its own accord at 2022-01-04T03:00:57Z.
...
