000 (3173925.000.000) 2022-01-03 20:56:50 Job submitted from host: <144.92.180.5:9618?addrs=144.92.180.5-9618+[2607-f388-101c-1000--368]-9618&alias=login02.hep.wisc.edu&noUDP&sock=schedd_2326_0560>
...
040 (3173925.000.000) 2022-01-03 20:57:40 Started transferring input files
	Transferring to host: <128.104.58.174:9618?addrs=128.104.58.174-9618+[2607-f388-1086-0-16fe-b5ff-fec6-794e]-9618&alias=e1028.chtc.wisc.edu&noUDP&sock=slot1_6_4308_2028_13043>
...
040 (3173925.000.000) 2022-01-03 20:58:30 Finished transferring input files
...
001 (3173925.000.000) 2022-01-03 20:58:31 Job executing on host: <128.104.58.174:9618?addrs=128.104.58.174-9618+[2607-f388-1086-0-16fe-b5ff-fec6-794e]-9618&alias=e1028.chtc.wisc.edu&noUDP&sock=startd_4963_c89e>
...
006 (3173925.000.000) 2022-01-03 20:58:40 Image size of job updated: 73972
	25  -  MemoryUsage of job (MB)
	24928  -  ResidentSetSize of job (KB)
...
006 (3173925.000.000) 2022-01-03 20:59:27 Image size of job updated: 1182524
	25  -  MemoryUsage of job (MB)
	24928  -  ResidentSetSize of job (KB)
...
040 (3173925.000.000) 2022-01-03 20:59:30 Started transferring output files
...
040 (3173925.000.000) 2022-01-03 20:59:30 Finished transferring output files
...
005 (3173925.000.000) 2022-01-03 20:59:30 Job terminated.
	(1) Normal termination (return value 0)
		Usr 0 00:00:22, Sys 0 00:00:02  -  Run Remote Usage
		Usr 0 00:00:00, Sys 0 00:00:00  -  Run Local Usage
		Usr 0 00:00:22, Sys 0 00:00:02  -  Total Remote Usage
		Usr 0 00:00:00, Sys 0 00:00:00  -  Total Local Usage
	165294  -  Run Bytes Sent By Job
	315491776  -  Run Bytes Received By Job
	165294  -  Total Bytes Sent By Job
	315491776  -  Total Bytes Received By Job
	Partitionable Resources :     Usage  Request Allocated 
	   Cpus                 :      0.00        1         1 
	   Disk (KB)            : 308319     2048000   2303721 
	   IoHeavy              :                            0 
	   Memory (MB)          :     25        1992      2048 

	Job terminated of its own accord at 2022-01-04T02:59:27Z.
...
