000 (3173914.000.000) 2022-01-03 20:56:44 Job submitted from host: <144.92.180.5:9618?addrs=144.92.180.5-9618+[2607-f388-101c-1000--368]-9618&alias=login02.hep.wisc.edu&noUDP&sock=schedd_2326_0560>
...
040 (3173914.000.000) 2022-01-03 20:57:48 Entered queue to transfer input files
	Transferring to host: <128.105.245.158:9618?addrs=128.105.245.158-9618&alias=e2358.chtc.wisc.edu&noUDP&sock=slot1_12_11493_9bac_14183>
...
040 (3173914.000.000) 2022-01-03 20:58:10 Started transferring input files
	Seconds spent in queue: 22
...
040 (3173914.000.000) 2022-01-03 20:59:37 Finished transferring input files
...
001 (3173914.000.000) 2022-01-03 20:59:38 Job executing on host: <128.105.245.158:9618?addrs=128.105.245.158-9618&alias=e2358.chtc.wisc.edu&noUDP&sock=startd_2758_564a>
...
006 (3173914.000.000) 2022-01-03 20:59:47 Image size of job updated: 41464
	8  -  MemoryUsage of job (MB)
	7936  -  ResidentSetSize of job (KB)
...
006 (3173914.000.000) 2022-01-03 21:01:59 Image size of job updated: 1176144
	8  -  MemoryUsage of job (MB)
	7936  -  ResidentSetSize of job (KB)
...
040 (3173914.000.000) 2022-01-03 21:02:00 Started transferring output files
	Seconds spent in queue: 252
...
040 (3173914.000.000) 2022-01-03 21:02:00 Finished transferring output files
...
005 (3173914.000.000) 2022-01-03 21:02:00 Job terminated.
	(1) Normal termination (return value 0)
		Usr 0 00:00:20, Sys 0 00:00:03  -  Run Remote Usage
		Usr 0 00:00:00, Sys 0 00:00:00  -  Run Local Usage
		Usr 0 00:00:20, Sys 0 00:00:03  -  Total Remote Usage
		Usr 0 00:00:00, Sys 0 00:00:00  -  Total Local Usage
	160800  -  Run Bytes Sent By Job
	315491776  -  Run Bytes Received By Job
	160800  -  Total Bytes Sent By Job
	315491776  -  Total Bytes Received By Job
	Partitionable Resources :     Usage  Request Allocated 
	   Cpus                 :      0.15        1         1 
	   Disk (KB)            : 308315     2048000   2319559 
	   IoHeavy              :                            0 
	   Memory (MB)          :      8        1992      2048 

	Job terminated of its own accord at 2022-01-04T03:01:59Z.
...
