000 (3173966.000.000) 2022-01-03 20:57:10 Job submitted from host: <144.92.180.5:9618?addrs=144.92.180.5-9618+[2607-f388-101c-1000--368]-9618&alias=login02.hep.wisc.edu&noUDP&sock=schedd_2326_0560>
...
040 (3173966.000.000) 2022-01-03 20:58:02 Entered queue to transfer input files
	Transferring to host: <128.105.245.176:9618?addrs=128.105.245.176-9618&alias=e376.chtc.wisc.edu&noUDP&sock=slot1_9_17535_be62_14721>
...
040 (3173966.000.000) 2022-01-03 21:00:43 Started transferring input files
	Seconds spent in queue: 161
...
040 (3173966.000.000) 2022-01-03 21:03:05 Finished transferring input files
...
001 (3173966.000.000) 2022-01-03 21:03:06 Job executing on host: <128.105.245.176:9618?addrs=128.105.245.176-9618&alias=e376.chtc.wisc.edu&noUDP&sock=startd_38349_cd80>
...
006 (3173966.000.000) 2022-01-03 21:03:15 Image size of job updated: 736324
	397  -  MemoryUsage of job (MB)
	405520  -  ResidentSetSize of job (KB)
...
040 (3173966.000.000) 2022-01-03 21:03:20 Started transferring output files
	Seconds spent in queue: 318
...
040 (3173966.000.000) 2022-01-03 21:03:20 Finished transferring output files
...
005 (3173966.000.000) 2022-01-03 21:03:20 Job terminated.
	(1) Normal termination (return value 0)
		Usr 0 00:00:04, Sys 0 00:00:01  -  Run Remote Usage
		Usr 0 00:00:00, Sys 0 00:00:00  -  Run Local Usage
		Usr 0 00:00:04, Sys 0 00:00:01  -  Total Remote Usage
		Usr 0 00:00:00, Sys 0 00:00:00  -  Total Local Usage
	76412  -  Run Bytes Sent By Job
	315491776  -  Run Bytes Received By Job
	76412  -  Total Bytes Sent By Job
	315491776  -  Total Bytes Received By Job
	Partitionable Resources :    Usage  Request Allocated 
	   Cpus                 :        0        1         1 
	   Disk (KB)            :   308232  2048000   2342260 
	   IoHeavy              :                           0 
	   Memory (MB)          :      397     1992      2048 

	Job terminated of its own accord at 2022-01-04T03:03:17Z.
...
