000 (3173955.000.000) 2022-01-03 20:57:05 Job submitted from host: <144.92.180.5:9618?addrs=144.92.180.5-9618+[2607-f388-101c-1000--368]-9618&alias=login02.hep.wisc.edu&noUDP&sock=schedd_2326_0560>
...
040 (3173955.000.000) 2022-01-03 20:57:52 Entered queue to transfer input files
	Transferring to host: <128.105.245.142:9618?addrs=128.105.245.142-9618&alias=e342.chtc.wisc.edu&noUDP&sock=slot1_9_20209_d18f_14804>
...
040 (3173955.000.000) 2022-01-03 20:58:52 Started transferring input files
	Seconds spent in queue: 60
...
040 (3173955.000.000) 2022-01-03 20:59:30 Finished transferring input files
...
001 (3173955.000.000) 2022-01-03 20:59:31 Job executing on host: <128.105.245.142:9618?addrs=128.105.245.142-9618&alias=e342.chtc.wisc.edu&noUDP&sock=startd_2402_2693>
...
006 (3173955.000.000) 2022-01-03 20:59:39 Image size of job updated: 45520
	9  -  MemoryUsage of job (MB)
	8296  -  ResidentSetSize of job (KB)
...
006 (3173955.000.000) 2022-01-03 21:00:07 Image size of job updated: 1155176
	9  -  MemoryUsage of job (MB)
	8296  -  ResidentSetSize of job (KB)
...
040 (3173955.000.000) 2022-01-03 21:00:08 Started transferring output files
	Seconds spent in queue: 136
...
040 (3173955.000.000) 2022-01-03 21:00:09 Finished transferring output files
...
005 (3173955.000.000) 2022-01-03 21:00:09 Job terminated.
	(1) Normal termination (return value 0)
		Usr 0 00:00:10, Sys 0 00:00:01  -  Run Remote Usage
		Usr 0 00:00:00, Sys 0 00:00:00  -  Run Local Usage
		Usr 0 00:00:10, Sys 0 00:00:01  -  Total Remote Usage
		Usr 0 00:00:00, Sys 0 00:00:00  -  Total Local Usage
	139806  -  Run Bytes Sent By Job
	315491808  -  Run Bytes Received By Job
	139806  -  Total Bytes Sent By Job
	315491808  -  Total Bytes Received By Job
	Partitionable Resources :    Usage  Request Allocated 
	   Cpus                 :        0        1         1 
	   Disk (KB)            :   308294  2048000   2336992 
	   IoHeavy              :                           0 
	   Memory (MB)          :        9     1992      2048 

	Job terminated of its own accord at 2022-01-04T03:00:07Z.
...
