000 (3174021.000.000) 2022-01-03 20:57:38 Job submitted from host: <144.92.180.5:9618?addrs=144.92.180.5-9618+[2607-f388-101c-1000--368]-9618&alias=login02.hep.wisc.edu&noUDP&sock=schedd_2326_0560>
...
040 (3174021.000.000) 2022-01-03 20:58:10 Entered queue to transfer input files
	Transferring to host: <128.105.245.143:9618?addrs=128.105.245.143-9618&alias=e343.chtc.wisc.edu&noUDP&sock=slot1_14_20944_b14d_14176>
...
040 (3174021.000.000) 2022-01-03 21:01:48 Started transferring input files
	Seconds spent in queue: 218
...
040 (3174021.000.000) 2022-01-03 21:03:06 Finished transferring input files
...
001 (3174021.000.000) 2022-01-03 21:03:07 Job executing on host: <128.105.245.143:9618?addrs=128.105.245.143-9618&alias=e343.chtc.wisc.edu&noUDP&sock=startd_21883_7f0f>
...
006 (3174021.000.000) 2022-01-03 21:03:15 Image size of job updated: 60480
	23  -  MemoryUsage of job (MB)
	23336  -  ResidentSetSize of job (KB)
...
006 (3174021.000.000) 2022-01-03 21:05:13 Image size of job updated: 1172148
	23  -  MemoryUsage of job (MB)
	23336  -  ResidentSetSize of job (KB)
...
040 (3174021.000.000) 2022-01-03 21:05:14 Started transferring output files
	Seconds spent in queue: 424
...
040 (3174021.000.000) 2022-01-03 21:05:15 Finished transferring output files
...
005 (3174021.000.000) 2022-01-03 21:05:15 Job terminated.
	(1) Normal termination (return value 0)
		Usr 0 00:01:01, Sys 0 00:00:04  -  Run Remote Usage
		Usr 0 00:00:00, Sys 0 00:00:00  -  Run Local Usage
		Usr 0 00:01:01, Sys 0 00:00:04  -  Total Remote Usage
		Usr 0 00:00:00, Sys 0 00:00:00  -  Total Local Usage
	136595  -  Run Bytes Sent By Job
	315491808  -  Run Bytes Received By Job
	136595  -  Total Bytes Sent By Job
	315491808  -  Total Bytes Received By Job
	Partitionable Resources :     Usage  Request Allocated 
	   Cpus                 :      0.76        1         1 
	   Disk (KB)            : 308291     2048000   2347634 
	   IoHeavy              :                            0 
	   Memory (MB)          :     23        1992      2048 

	Job terminated of its own accord at 2022-01-04T03:05:13Z.
...
