000 (3174001.000.000) 2022-01-03 20:57:28 Job submitted from host: <144.92.180.5:9618?addrs=144.92.180.5-9618+[2607-f388-101c-1000--368]-9618&alias=login02.hep.wisc.edu&noUDP&sock=schedd_2326_0560>
...
040 (3174001.000.000) 2022-01-03 20:58:01 Entered queue to transfer input files
	Transferring to host: <128.105.68.121:9618?addrs=128.105.68.121-9618&alias=e447.chtc.wisc.edu&noUDP&sock=slot1_13_13561_b381_14222>
...
040 (3174001.000.000) 2022-01-03 21:00:32 Started transferring input files
	Seconds spent in queue: 151
...
040 (3174001.000.000) 2022-01-03 21:01:08 Finished transferring input files
...
001 (3174001.000.000) 2022-01-03 21:01:09 Job executing on host: <128.105.68.121:9618?addrs=128.105.68.121-9618&alias=e447.chtc.wisc.edu&noUDP&sock=startd_3005_c22f>
...
006 (3174001.000.000) 2022-01-03 21:01:17 Image size of job updated: 543288
	397  -  MemoryUsage of job (MB)
	406272  -  ResidentSetSize of job (KB)
...
006 (3174001.000.000) 2022-01-03 21:02:00 Image size of job updated: 1172112
	397  -  MemoryUsage of job (MB)
	406272  -  ResidentSetSize of job (KB)
...
040 (3174001.000.000) 2022-01-03 21:02:05 Entered queue to transfer output files
...
040 (3174001.000.000) 2022-01-03 21:02:16 Started transferring output files
	Seconds spent in queue: 255
...
040 (3174001.000.000) 2022-01-03 21:02:16 Finished transferring output files
...
005 (3174001.000.000) 2022-01-03 21:02:16 Job terminated.
	(1) Normal termination (return value 0)
		Usr 0 00:00:39, Sys 0 00:00:02  -  Run Remote Usage
		Usr 0 00:00:00, Sys 0 00:00:00  -  Run Local Usage
		Usr 0 00:00:39, Sys 0 00:00:02  -  Total Remote Usage
		Usr 0 00:00:00, Sys 0 00:00:00  -  Total Local Usage
	133872  -  Run Bytes Sent By Job
	315491808  -  Run Bytes Received By Job
	133872  -  Total Bytes Sent By Job
	315491808  -  Total Bytes Received By Job
	Partitionable Resources :    Usage  Request Allocated 
	   Cpus                 :        0        1         1 
	   Disk (KB)            :   308288  2048000   2370882 
	   IoHeavy              :                           0 
	   Memory (MB)          :      397     1992      2048 

	Job terminated of its own accord at 2022-01-04T03:02:00Z.
...
