000 (3174008.000.000) 2022-01-03 20:57:31 Job submitted from host: <144.92.180.5:9618?addrs=144.92.180.5-9618+[2607-f388-101c-1000--368]-9618&alias=login02.hep.wisc.edu&noUDP&sock=schedd_2326_0560>
...
040 (3174008.000.000) 2022-01-03 20:58:07 Entered queue to transfer input files
	Transferring to host: <128.105.245.107:9618?addrs=128.105.245.107-9618&alias=e307.chtc.wisc.edu&noUDP&sock=slot1_15_6889_ac71_14256>
...
040 (3174008.000.000) 2022-01-03 21:01:21 Started transferring input files
	Seconds spent in queue: 194
...
040 (3174008.000.000) 2022-01-03 21:02:50 Finished transferring input files
...
001 (3174008.000.000) 2022-01-03 21:02:51 Job executing on host: <128.105.245.107:9618?addrs=128.105.245.107-9618&alias=e307.chtc.wisc.edu&noUDP&sock=startd_2020_2165>
...
006 (3174008.000.000) 2022-01-03 21:02:59 Image size of job updated: 40848
	8  -  MemoryUsage of job (MB)
	7844  -  ResidentSetSize of job (KB)
...
006 (3174008.000.000) 2022-01-03 21:05:40 Image size of job updated: 1172892
	8  -  MemoryUsage of job (MB)
	7844  -  ResidentSetSize of job (KB)
...
040 (3174008.000.000) 2022-01-03 21:05:45 Entered queue to transfer output files
...
040 (3174008.000.000) 2022-01-03 21:05:46 Started transferring output files
	Seconds spent in queue: 459
...
040 (3174008.000.000) 2022-01-03 21:05:46 Finished transferring output files
...
005 (3174008.000.000) 2022-01-03 21:05:46 Job terminated.
	(1) Normal termination (return value 0)
		Usr 0 00:01:39, Sys 0 00:00:05  -  Run Remote Usage
		Usr 0 00:00:00, Sys 0 00:00:00  -  Run Local Usage
		Usr 0 00:01:39, Sys 0 00:00:05  -  Total Remote Usage
		Usr 0 00:00:00, Sys 0 00:00:00  -  Total Local Usage
	141418  -  Run Bytes Sent By Job
	315491808  -  Run Bytes Received By Job
	141418  -  Total Bytes Sent By Job
	315491808  -  Total Bytes Received By Job
	Partitionable Resources :     Usage  Request Allocated 
	   Cpus                 :      0.76        1         1 
	   Disk (KB)            : 308296     2048000   2326982 
	   IoHeavy              :                            0 
	   Memory (MB)          :      8        1992      2048 

	Job terminated of its own accord at 2022-01-04T03:05:40Z.
...
