000 (3174038.000.000) 2022-01-03 20:58:08 Job submitted from host: <144.92.180.5:9618?addrs=144.92.180.5-9618+[2607-f388-101c-1000--368]-9618&alias=login02.hep.wisc.edu&noUDP&sock=schedd_2326_0560>
...
040 (3174038.000.000) 2022-01-03 20:59:06 Entered queue to transfer input files
	Transferring to host: <128.105.245.131:9618?addrs=128.105.245.131-9618&alias=e331.chtc.wisc.edu&noUDP&sock=slot1_7_9766_c7c6_14354>
...
040 (3174038.000.000) 2022-01-03 21:04:00 Started transferring input files
	Seconds spent in queue: 294
...
040 (3174038.000.000) 2022-01-03 21:04:47 Finished transferring input files
...
001 (3174038.000.000) 2022-01-03 21:04:48 Job executing on host: <128.105.245.131:9618?addrs=128.105.245.131-9618&alias=e331.chtc.wisc.edu&noUDP&sock=startd_2168_a56a>
...
006 (3174038.000.000) 2022-01-03 21:04:56 Image size of job updated: 41132
	7  -  MemoryUsage of job (MB)
	7076  -  ResidentSetSize of job (KB)
...
006 (3174038.000.000) 2022-01-03 21:07:19 Image size of job updated: 1176356
	7  -  MemoryUsage of job (MB)
	7076  -  ResidentSetSize of job (KB)
...
040 (3174038.000.000) 2022-01-03 21:07:19 Started transferring output files
	Seconds spent in queue: 493
...
040 (3174038.000.000) 2022-01-03 21:07:19 Finished transferring output files
...
005 (3174038.000.000) 2022-01-03 21:07:19 Job terminated.
	(1) Normal termination (return value 0)
		Usr 0 00:01:24, Sys 0 00:00:04  -  Run Remote Usage
		Usr 0 00:00:00, Sys 0 00:00:00  -  Run Local Usage
		Usr 0 00:01:24, Sys 0 00:00:04  -  Total Remote Usage
		Usr 0 00:00:00, Sys 0 00:00:00  -  Total Local Usage
	157537  -  Run Bytes Sent By Job
	315491808  -  Run Bytes Received By Job
	157537  -  Total Bytes Sent By Job
	315491808  -  Total Bytes Received By Job
	Partitionable Resources :     Usage  Request Allocated 
	   Cpus                 :      0.63        1         1 
	   Disk (KB)            : 308311     2048000   2345080 
	   IoHeavy              :                            0 
	   Memory (MB)          :      7        1992      2048 

	Job terminated of its own accord at 2022-01-04T03:07:19Z.
...
