000 (3174089.000.000) 2022-01-03 20:59:16 Job submitted from host: <144.92.180.5:9618?addrs=144.92.180.5-9618+[2607-f388-101c-1000--368]-9618&alias=login02.hep.wisc.edu&noUDP&sock=schedd_2326_0560>
...
040 (3174089.000.000) 2022-01-03 20:59:42 Entered queue to transfer input files
	Transferring to host: <128.105.244.27:9618?addrs=128.105.244.27-9618&alias=e3158.chtc.wisc.edu&noUDP&sock=slot1_4_16450_4356_12966>
...
040 (3174089.000.000) 2022-01-03 21:05:05 Started transferring input files
	Seconds spent in queue: 323
...
040 (3174089.000.000) 2022-01-03 21:05:26 Finished transferring input files
...
001 (3174089.000.000) 2022-01-03 21:05:27 Job executing on host: <128.105.244.27:9618?addrs=128.105.244.27-9618&alias=e3158.chtc.wisc.edu&noUDP&sock=startd_2470_cb04>
...
006 (3174089.000.000) 2022-01-03 21:05:35 Image size of job updated: 539408
	397  -  MemoryUsage of job (MB)
	406220  -  ResidentSetSize of job (KB)
...
006 (3174089.000.000) 2022-01-03 21:05:51 Image size of job updated: 999296
	397  -  MemoryUsage of job (MB)
	406220  -  ResidentSetSize of job (KB)
...
040 (3174089.000.000) 2022-01-03 21:05:52 Started transferring output files
	Seconds spent in queue: 370
...
040 (3174089.000.000) 2022-01-03 21:05:52 Finished transferring output files
...
005 (3174089.000.000) 2022-01-03 21:05:52 Job terminated.
	(1) Normal termination (return value 0)
		Usr 0 00:00:15, Sys 0 00:00:01  -  Run Remote Usage
		Usr 0 00:00:00, Sys 0 00:00:00  -  Run Local Usage
		Usr 0 00:00:15, Sys 0 00:00:01  -  Total Remote Usage
		Usr 0 00:00:00, Sys 0 00:00:00  -  Total Local Usage
	124362  -  Run Bytes Sent By Job
	315491808  -  Run Bytes Received By Job
	124362  -  Total Bytes Sent By Job
	315491808  -  Total Bytes Received By Job
	Partitionable Resources :     Usage  Request Allocated 
	   Cpus                 :      0.00        1         1 
	   Disk (KB)            : 308279     2048000   2720970 
	   IoHeavy              :                            0 
	   Memory (MB)          :    397        1992      2048 

	Job terminated of its own accord at 2022-01-04T03:05:51Z.
...
