000 (3174044.000.000) 2022-01-03 20:58:16 Job submitted from host: <144.92.180.5:9618?addrs=144.92.180.5-9618+[2607-f388-101c-1000--368]-9618&alias=login02.hep.wisc.edu&noUDP&sock=schedd_2326_0560>
...
040 (3174044.000.000) 2022-01-03 20:58:56 Entered queue to transfer input files
	Transferring to host: <128.105.244.42:9618?addrs=128.105.244.42-9618&alias=e3173.chtc.wisc.edu&noUDP&sock=slot1_1_25031_5a93_14316>
...
040 (3174044.000.000) 2022-01-03 21:02:42 Started transferring input files
	Seconds spent in queue: 226
...
040 (3174044.000.000) 2022-01-03 21:03:34 Finished transferring input files
...
001 (3174044.000.000) 2022-01-03 21:03:35 Job executing on host: <128.105.244.42:9618?addrs=128.105.244.42-9618&alias=e3173.chtc.wisc.edu&noUDP&sock=startd_1388_a18b>
...
006 (3174044.000.000) 2022-01-03 21:03:44 Image size of job updated: 1284
	0  -  MemoryUsage of job (MB)
	0  -  ResidentSetSize of job (KB)
...
006 (3174044.000.000) 2022-01-03 21:08:45 Image size of job updated: 1177036
	488  -  MemoryUsage of job (MB)
	499644  -  ResidentSetSize of job (KB)
...
040 (3174044.000.000) 2022-01-03 21:09:39 Started transferring output files
	Seconds spent in queue: 643
...
040 (3174044.000.000) 2022-01-03 21:09:39 Finished transferring output files
...
005 (3174044.000.000) 2022-01-03 21:09:39 Job terminated.
	(1) Normal termination (return value 0)
		Usr 0 00:02:31, Sys 0 00:00:07  -  Run Remote Usage
		Usr 0 00:00:00, Sys 0 00:00:00  -  Run Local Usage
		Usr 0 00:02:31, Sys 0 00:00:07  -  Total Remote Usage
		Usr 0 00:00:00, Sys 0 00:00:00  -  Total Local Usage
	162541  -  Run Bytes Sent By Job
	315491808  -  Run Bytes Received By Job
	162541  -  Total Bytes Sent By Job
	315491808  -  Total Bytes Received By Job
	Partitionable Resources :     Usage  Request Allocated 
	   Cpus                 :      0.77        1         1 
	   Disk (KB)            : 308316     2048000   4552571 
	   IoHeavy              :                            0 
	   Memory (MB)          :    488        1992      2048 

	Job terminated of its own accord at 2022-01-04T03:09:39Z.
...
