000 (3174011.000.000) 2022-01-03 20:57:33 Job submitted from host: <144.92.180.5:9618?addrs=144.92.180.5-9618+[2607-f388-101c-1000--368]-9618&alias=login02.hep.wisc.edu&noUDP&sock=schedd_2326_0560>
...
040 (3174011.000.000) 2022-01-03 20:58:07 Entered queue to transfer input files
	Transferring to host: <128.105.68.153:9618?addrs=128.105.68.153-9618&alias=e2012.chtc.wisc.edu&noUDP&sock=slot1_23_8314_b70b_16244>
...
040 (3174011.000.000) 2022-01-03 21:01:21 Started transferring input files
	Seconds spent in queue: 194
...
040 (3174011.000.000) 2022-01-03 21:01:39 Finished transferring input files
...
001 (3174011.000.000) 2022-01-03 21:01:40 Job executing on host: <128.105.68.153:9618?addrs=128.105.68.153-9618&alias=e2012.chtc.wisc.edu&noUDP&sock=startd_7468_015c>
...
006 (3174011.000.000) 2022-01-03 21:01:48 Image size of job updated: 642392
	445  -  MemoryUsage of job (MB)
	455592  -  ResidentSetSize of job (KB)
...
006 (3174011.000.000) 2022-01-03 21:01:59 Image size of job updated: 1172212
	446  -  MemoryUsage of job (MB)
	456252  -  ResidentSetSize of job (KB)
...
040 (3174011.000.000) 2022-01-03 21:01:59 Started transferring output files
	Seconds spent in queue: 232
...
040 (3174011.000.000) 2022-01-03 21:02:00 Finished transferring output files
...
005 (3174011.000.000) 2022-01-03 21:02:00 Job terminated.
	(1) Normal termination (return value 0)
		Usr 0 00:00:10, Sys 0 00:00:01  -  Run Remote Usage
		Usr 0 00:00:00, Sys 0 00:00:00  -  Run Local Usage
		Usr 0 00:00:10, Sys 0 00:00:01  -  Total Remote Usage
		Usr 0 00:00:00, Sys 0 00:00:00  -  Total Local Usage
	82911  -  Run Bytes Sent By Job
	315491808  -  Run Bytes Received By Job
	82911  -  Total Bytes Sent By Job
	315491808  -  Total Bytes Received By Job
	Partitionable Resources :     Usage  Request Allocated 
	   Cpus                 :      0.21        1         1 
	   Disk (KB)            : 308239     2048000   2902397 
	   IoHeavy              :                            0 
	   Memory (MB)          :    446        1992      2048 

	Job terminated of its own accord at 2022-01-04T03:01:59Z.
...
