000 (3174048.000.000) 2022-01-03 20:58:21 Job submitted from host: <144.92.180.5:9618?addrs=144.92.180.5-9618+[2607-f388-101c-1000--368]-9618&alias=login02.hep.wisc.edu&noUDP&sock=schedd_2326_0560>
...
040 (3174048.000.000) 2022-01-03 20:58:56 Entered queue to transfer input files
	Transferring to host: <128.105.68.127:9618?addrs=128.105.68.127-9618&alias=e2441.chtc.wisc.edu&noUDP&sock=slot1_13_7342_da64_14945>
...
040 (3174048.000.000) 2022-01-03 21:03:01 Started transferring input files
	Seconds spent in queue: 245
...
040 (3174048.000.000) 2022-01-03 21:04:19 Finished transferring input files
...
001 (3174048.000.000) 2022-01-03 21:04:20 Job executing on host: <128.105.68.127:9618?addrs=128.105.68.127-9618&alias=e2441.chtc.wisc.edu&noUDP&sock=startd_2383_1e46>
...
006 (3174048.000.000) 2022-01-03 21:04:29 Image size of job updated: 707448
	412  -  MemoryUsage of job (MB)
	421176  -  ResidentSetSize of job (KB)
...
006 (3174048.000.000) 2022-01-03 21:04:31 Image size of job updated: 707448
	413  -  MemoryUsage of job (MB)
	422760  -  ResidentSetSize of job (KB)
...
040 (3174048.000.000) 2022-01-03 21:04:32 Started transferring output files
	Seconds spent in queue: 336
...
040 (3174048.000.000) 2022-01-03 21:04:32 Finished transferring output files
...
005 (3174048.000.000) 2022-01-03 21:04:32 Job terminated.
	(1) Normal termination (return value 0)
		Usr 0 00:00:05, Sys 0 00:00:01  -  Run Remote Usage
		Usr 0 00:00:00, Sys 0 00:00:00  -  Run Local Usage
		Usr 0 00:00:05, Sys 0 00:00:01  -  Total Remote Usage
		Usr 0 00:00:00, Sys 0 00:00:00  -  Total Local Usage
	144898  -  Run Bytes Sent By Job
	315491776  -  Run Bytes Received By Job
	144898  -  Total Bytes Sent By Job
	315491776  -  Total Bytes Received By Job
	Partitionable Resources :    Usage  Request Allocated 
	   Cpus                 :        0        1         1 
	   Disk (KB)            :   308299  2048000   2354158 
	   IoHeavy              :                           0 
	   Memory (MB)          :      413     1992      2048 

	Job terminated of its own accord at 2022-01-04T03:04:31Z.
...
