000 (3174034.000.000) 2022-01-03 20:57:59 Job submitted from host: <144.92.180.5:9618?addrs=144.92.180.5-9618+[2607-f388-101c-1000--368]-9618&alias=login02.hep.wisc.edu&noUDP&sock=schedd_2326_0560>
...
040 (3174034.000.000) 2022-01-03 20:58:52 Entered queue to transfer input files
	Transferring to host: <128.105.244.43:9618?addrs=128.105.244.43-9618&alias=e3174.chtc.wisc.edu&noUDP&sock=slot1_3_28858_d24f_14620>
...
040 (3174034.000.000) 2022-01-03 21:02:20 Started transferring input files
	Seconds spent in queue: 208
...
040 (3174034.000.000) 2022-01-03 21:02:53 Finished transferring input files
...
001 (3174034.000.000) 2022-01-03 21:02:54 Job executing on host: <128.105.244.43:9618?addrs=128.105.244.43-9618&alias=e3174.chtc.wisc.edu&noUDP&sock=startd_1442_aba8>
...
006 (3174034.000.000) 2022-01-03 21:03:03 Image size of job updated: 1284
	0  -  MemoryUsage of job (MB)
	0  -  ResidentSetSize of job (KB)
...
006 (3174034.000.000) 2022-01-03 21:08:04 Image size of job updated: 1177440
	488  -  MemoryUsage of job (MB)
	499524  -  ResidentSetSize of job (KB)
...
040 (3174034.000.000) 2022-01-03 21:08:45 Started transferring output files
	Seconds spent in queue: 593
...
040 (3174034.000.000) 2022-01-03 21:08:45 Finished transferring output files
...
005 (3174034.000.000) 2022-01-03 21:08:46 Job terminated.
	(1) Normal termination (return value 0)
		Usr 0 00:02:16, Sys 0 00:00:04  -  Run Remote Usage
		Usr 0 00:00:00, Sys 0 00:00:00  -  Run Local Usage
		Usr 0 00:02:16, Sys 0 00:00:04  -  Total Remote Usage
		Usr 0 00:00:00, Sys 0 00:00:00  -  Total Local Usage
	165456  -  Run Bytes Sent By Job
	315491808  -  Run Bytes Received By Job
	165456  -  Total Bytes Sent By Job
	315491808  -  Total Bytes Received By Job
	Partitionable Resources :     Usage  Request Allocated 
	   Cpus                 :      0.83        1         1 
	   Disk (KB)            : 308319     2048000   3410335 
	   IoHeavy              :                            0 
	   Memory (MB)          :    488        1992      2048 

	Job terminated of its own accord at 2022-01-04T03:08:45Z.
...
