000 (3174093.000.000) 2022-01-03 20:59:21 Job submitted from host: <144.92.180.5:9618?addrs=144.92.180.5-9618+[2607-f388-101c-1000--368]-9618&alias=login02.hep.wisc.edu&noUDP&sock=schedd_2326_0560>
...
040 (3174093.000.000) 2022-01-03 20:59:56 Entered queue to transfer input files
	Transferring to host: <128.105.245.85:9618?addrs=128.105.245.85-9618&alias=e285.chtc.wisc.edu&noUDP&sock=slot1_9_33761_6db6_14876>
...
040 (3174093.000.000) 2022-01-03 21:05:48 Started transferring input files
	Seconds spent in queue: 352
...
040 (3174093.000.000) 2022-01-03 21:06:36 Finished transferring input files
...
001 (3174093.000.000) 2022-01-03 21:06:37 Job executing on host: <128.105.245.85:9618?addrs=128.105.245.85-9618&alias=e285.chtc.wisc.edu&noUDP&sock=startd_2787_3a89>
...
006 (3174093.000.000) 2022-01-03 21:06:45 Image size of job updated: 33724
	10  -  MemoryUsage of job (MB)
	9656  -  ResidentSetSize of job (KB)
...
006 (3174093.000.000) 2022-01-03 21:09:35 Image size of job updated: 1190424
	10  -  MemoryUsage of job (MB)
	9656  -  ResidentSetSize of job (KB)
...
040 (3174093.000.000) 2022-01-03 21:09:35 Started transferring output files
	Seconds spent in queue: 579
...
040 (3174093.000.000) 2022-01-03 21:09:35 Finished transferring output files
...
005 (3174093.000.000) 2022-01-03 21:09:35 Job terminated.
	(1) Normal termination (return value 0)
		Usr 0 00:01:21, Sys 0 00:00:05  -  Run Remote Usage
		Usr 0 00:00:00, Sys 0 00:00:00  -  Run Local Usage
		Usr 0 00:01:21, Sys 0 00:00:05  -  Total Remote Usage
		Usr 0 00:00:00, Sys 0 00:00:00  -  Total Local Usage
	166328  -  Run Bytes Sent By Job
	315491776  -  Run Bytes Received By Job
	166328  -  Total Bytes Sent By Job
	315491776  -  Total Bytes Received By Job
	Partitionable Resources :     Usage  Request Allocated 
	   Cpus                 :      0.42        1         1 
	   Disk (KB)            : 308320     2048000   2347768 
	   IoHeavy              :                            0 
	   Memory (MB)          :     10        1992      2048 

	Job terminated of its own accord at 2022-01-04T03:09:35Z.
...
