000 (3174004.000.000) 2022-01-03 20:57:29 Job submitted from host: <144.92.180.5:9618?addrs=144.92.180.5-9618+[2607-f388-101c-1000--368]-9618&alias=login02.hep.wisc.edu&noUDP&sock=schedd_2326_0560>
...
040 (3174004.000.000) 2022-01-03 20:58:02 Entered queue to transfer input files
	Transferring to host: <128.104.58.198:9618?addrs=128.104.58.198-9618+[2607-f388-1086-0-16fe-b5ff-fec6-7a80]-9618&alias=e1057.chtc.wisc.edu&noUDP&sock=slot1_18_42632_d9bf_13348>
...
040 (3174004.000.000) 2022-01-03 21:00:46 Started transferring input files
	Seconds spent in queue: 164
...
040 (3174004.000.000) 2022-01-03 21:01:32 Finished transferring input files
...
001 (3174004.000.000) 2022-01-03 21:01:33 Job executing on host: <128.104.58.198:9618?addrs=128.104.58.198-9618+[2607-f388-1086-0-16fe-b5ff-fec6-7a80]-9618&alias=e1057.chtc.wisc.edu&noUDP&sock=startd_4687_787b>
...
006 (3174004.000.000) 2022-01-03 21:01:41 Image size of job updated: 757388
	397  -  MemoryUsage of job (MB)
	406012  -  ResidentSetSize of job (KB)
...
006 (3174004.000.000) 2022-01-03 21:02:00 Image size of job updated: 1172660
	397  -  MemoryUsage of job (MB)
	406012  -  ResidentSetSize of job (KB)
...
040 (3174004.000.000) 2022-01-03 21:02:05 Entered queue to transfer output files
...
040 (3174004.000.000) 2022-01-03 21:02:16 Started transferring output files
	Seconds spent in queue: 254
...
040 (3174004.000.000) 2022-01-03 21:02:16 Finished transferring output files
...
005 (3174004.000.000) 2022-01-03 21:02:17 Job terminated.
	(1) Normal termination (return value 0)
		Usr 0 00:00:15, Sys 0 00:00:04  -  Run Remote Usage
		Usr 0 00:00:00, Sys 0 00:00:00  -  Run Local Usage
		Usr 0 00:00:15, Sys 0 00:00:04  -  Total Remote Usage
		Usr 0 00:00:00, Sys 0 00:00:00  -  Total Local Usage
	116759  -  Run Bytes Sent By Job
	315491808  -  Run Bytes Received By Job
	116759  -  Total Bytes Sent By Job
	315491808  -  Total Bytes Received By Job
	Partitionable Resources :    Usage  Request Allocated 
	   Cpus                 :        0        1         1 
	   Disk (KB)            :   308272  2048000   2380326 
	   IoHeavy              :                           0 
	   Memory (MB)          :      397     1992      2048 

	Job terminated of its own accord at 2022-01-04T03:02:00Z.
...
