000 (3174049.000.000) 2022-01-03 20:58:22 Job submitted from host: <144.92.180.5:9618?addrs=144.92.180.5-9618+[2607-f388-101c-1000--368]-9618&alias=login02.hep.wisc.edu&noUDP&sock=schedd_2326_0560>
...
040 (3174049.000.000) 2022-01-03 20:58:57 Entered queue to transfer input files
	Transferring to host: <128.105.245.132:9618?addrs=128.105.245.132-9618&alias=e2332.chtc.wisc.edu&noUDP&sock=slot1_7_12932_8387_14480>
...
040 (3174049.000.000) 2022-01-03 21:03:04 Started transferring input files
	Seconds spent in queue: 247
...
040 (3174049.000.000) 2022-01-03 21:04:02 Finished transferring input files
...
001 (3174049.000.000) 2022-01-03 21:04:03 Job executing on host: <128.105.245.132:9618?addrs=128.105.245.132-9618&alias=e2332.chtc.wisc.edu&noUDP&sock=startd_2986_b9e2>
...
006 (3174049.000.000) 2022-01-03 21:04:11 Image size of job updated: 70728
	23  -  MemoryUsage of job (MB)
	23340  -  ResidentSetSize of job (KB)
...
006 (3174049.000.000) 2022-01-03 21:04:29 Image size of job updated: 690684
	23  -  MemoryUsage of job (MB)
	23340  -  ResidentSetSize of job (KB)
...
040 (3174049.000.000) 2022-01-03 21:04:31 Started transferring output files
	Seconds spent in queue: 334
...
040 (3174049.000.000) 2022-01-03 21:04:31 Finished transferring output files
...
005 (3174049.000.000) 2022-01-03 21:04:31 Job terminated.
	(1) Normal termination (return value 0)
		Usr 0 00:00:08, Sys 0 00:00:01  -  Run Remote Usage
		Usr 0 00:00:00, Sys 0 00:00:00  -  Run Local Usage
		Usr 0 00:00:08, Sys 0 00:00:01  -  Total Remote Usage
		Usr 0 00:00:00, Sys 0 00:00:00  -  Total Local Usage
	130579  -  Run Bytes Sent By Job
	315491776  -  Run Bytes Received By Job
	130579  -  Total Bytes Sent By Job
	315491776  -  Total Bytes Received By Job
	Partitionable Resources :    Usage  Request Allocated 
	   Cpus                 :        0        1         1 
	   Disk (KB)            :   308285  2048000   2339152 
	   IoHeavy              :                           0 
	   Memory (MB)          :       23     1992      2048 

	Job terminated of its own accord at 2022-01-04T03:04:29Z.
...
