All files added.
Initializing chain.
from Init DATA
.... DATA file ..... 
Coming in: 
nentries:497186
Running over 497186 events.
Finished entry 0/497185
Finished entry 20000/497185
Finished entry 40000/497185
Finished entry 60000/497185
Finished entry 80000/497185
Finished entry 100000/497185
Finished entry 120000/497185
Finished entry 140000/497185
Finished entry 160000/497185
Finished entry 180000/497185
Finished entry 200000/497185
Finished entry 220000/497185
Finished entry 240000/497185
Finished entry 260000/497185
Finished entry 280000/497185
Finished entry 300000/497185
Finished entry 320000/497185
Finished entry 340000/497185
Finished entry 360000/497185
Finished entry 380000/497185
Finished entry 400000/497185
Finished entry 420000/497185
Finished entry 440000/497185
Finished entry 460000/497185
Finished entry 480000/497185
Finished entry 497185/497185
All events checked.
*******************************************
******************Jithin's original*************************
    Initial entries 497186.000000
   Passing smikking 0.000000
Inspected genWeightd 497186.000000   % change= 0.000000
   METFiltersPassed 496567.000000   % change= 0.124501
    SingleTrgPassed 253416.000000   % change= 48.966403
     GoodMuonPassed 74280.000000   % change= 70.688512
      GoodTauPassed 5024.000000   % change= 93.236403
         opp charge 5024.000000   % change= 0.000000
 PassedThirdLepVeto 4973.000000   % change= 1.015127
     PassedBjetVeto 4753.000000   % change= 4.423889
       DeltaRPassed 4753.000000   % change= 0.000000
      Total change :99.044020
*******************************************
*******************************************
Number of events inspected: 497186
Number of events inspected (minus negative gen. weights): 497186.000000
 Outpt written to TauD_PromptReco_09.root
Real time 0:04:51, CP time 107.280
