000 (3174000.000.000) 2022-01-03 20:57:27 Job submitted from host: <144.92.180.5:9618?addrs=144.92.180.5-9618+[2607-f388-101c-1000--368]-9618&alias=login02.hep.wisc.edu&noUDP&sock=schedd_2326_0560>
...
040 (3174000.000.000) 2022-01-03 20:57:58 Entered queue to transfer input files
	Transferring to host: <128.105.245.63:9618?addrs=128.105.245.63-9618&alias=e263.chtc.wisc.edu&noUDP&sock=slot1_16_6362_5abc_14426>
...
040 (3174000.000.000) 2022-01-03 21:00:09 Started transferring input files
	Seconds spent in queue: 131
...
040 (3174000.000.000) 2022-01-03 21:00:43 Finished transferring input files
...
001 (3174000.000.000) 2022-01-03 21:00:44 Job executing on host: <128.105.245.63:9618?addrs=128.105.245.63-9618&alias=e263.chtc.wisc.edu&noUDP&sock=startd_2607_c37d>
...
006 (3174000.000.000) 2022-01-03 21:00:53 Image size of job updated: 542856
	398  -  MemoryUsage of job (MB)
	406764  -  ResidentSetSize of job (KB)
...
006 (3174000.000.000) 2022-01-03 21:01:54 Image size of job updated: 1172140
	398  -  MemoryUsage of job (MB)
	406896  -  ResidentSetSize of job (KB)
...
040 (3174000.000.000) 2022-01-03 21:01:55 Started transferring output files
	Seconds spent in queue: 237
...
040 (3174000.000.000) 2022-01-03 21:01:55 Finished transferring output files
...
005 (3174000.000.000) 2022-01-03 21:01:55 Job terminated.
	(1) Normal termination (return value 0)
		Usr 0 00:00:40, Sys 0 00:00:02  -  Run Remote Usage
		Usr 0 00:00:00, Sys 0 00:00:00  -  Run Local Usage
		Usr 0 00:00:40, Sys 0 00:00:02  -  Total Remote Usage
		Usr 0 00:00:00, Sys 0 00:00:00  -  Total Local Usage
	133142  -  Run Bytes Sent By Job
	315491808  -  Run Bytes Received By Job
	133142  -  Total Bytes Sent By Job
	315491808  -  Total Bytes Received By Job
	Partitionable Resources :    Usage  Request Allocated 
	   Cpus                 :        0        1         1 
	   Disk (KB)            :   308287  2048000   2315314 
	   IoHeavy              :                           0 
	   Memory (MB)          :      398     1992      2048 

	Job terminated of its own accord at 2022-01-04T03:01:54Z.
...
