000 (3174046.000.000) 2022-01-03 20:58:19 Job submitted from host: <144.92.180.5:9618?addrs=144.92.180.5-9618+[2607-f388-101c-1000--368]-9618&alias=login02.hep.wisc.edu&noUDP&sock=schedd_2326_0560>
...
040 (3174046.000.000) 2022-01-03 20:58:56 Entered queue to transfer input files
	Transferring to host: <128.105.245.209:9618?addrs=128.105.245.209-9618&alias=e2409.chtc.wisc.edu&noUDP&sock=slot1_21_10424_66a1_14234>
...
040 (3174046.000.000) 2022-01-03 21:02:53 Started transferring input files
	Seconds spent in queue: 237
...
040 (3174046.000.000) 2022-01-03 21:04:23 Finished transferring input files
...
001 (3174046.000.000) 2022-01-03 21:04:24 Job executing on host: <128.105.245.209:9618?addrs=128.105.245.209-9618&alias=e2409.chtc.wisc.edu&noUDP&sock=startd_2897_adf4>
...
006 (3174046.000.000) 2022-01-03 21:04:33 Image size of job updated: 542952
	398  -  MemoryUsage of job (MB)
	406728  -  ResidentSetSize of job (KB)
...
006 (3174046.000.000) 2022-01-03 21:04:54 Image size of job updated: 1174508
	398  -  MemoryUsage of job (MB)
	407256  -  ResidentSetSize of job (KB)
...
040 (3174046.000.000) 2022-01-03 21:04:59 Started transferring output files
	Seconds spent in queue: 363
...
040 (3174046.000.000) 2022-01-03 21:04:59 Finished transferring output files
...
005 (3174046.000.000) 2022-01-03 21:04:59 Job terminated.
	(1) Normal termination (return value 0)
		Usr 0 00:00:08, Sys 0 00:00:01  -  Run Remote Usage
		Usr 0 00:00:00, Sys 0 00:00:00  -  Run Local Usage
		Usr 0 00:00:08, Sys 0 00:00:01  -  Total Remote Usage
		Usr 0 00:00:00, Sys 0 00:00:00  -  Total Local Usage
	157043  -  Run Bytes Sent By Job
	315491776  -  Run Bytes Received By Job
	157043  -  Total Bytes Sent By Job
	315491776  -  Total Bytes Received By Job
	Partitionable Resources :     Usage  Request Allocated 
	   Cpus                 :      0.42        1         1 
	   Disk (KB)            : 308311     2048000   2358692 
	   IoHeavy              :                            0 
	   Memory (MB)          :    398        1992      2048 

	Job terminated of its own accord at 2022-01-04T03:04:54Z.
...
