000 (3174032.000.000) 2022-01-03 20:57:54 Job submitted from host: <144.92.180.5:9618?addrs=144.92.180.5-9618+[2607-f388-101c-1000--368]-9618&alias=login02.hep.wisc.edu&noUDP&sock=schedd_2326_0560>
...
040 (3174032.000.000) 2022-01-03 20:59:02 Entered queue to transfer input files
	Transferring to host: <128.105.245.170:9618?addrs=128.105.245.170-9618&alias=e2370.chtc.wisc.edu&noUDP&sock=slot1_1_23164_e227_15058>
...
040 (3174032.000.000) 2022-01-03 21:03:31 Started transferring input files
	Seconds spent in queue: 269
...
040 (3174032.000.000) 2022-01-03 21:04:31 Finished transferring input files
...
001 (3174032.000.000) 2022-01-03 21:04:32 Job executing on host: <128.105.245.170:9618?addrs=128.105.245.170-9618&alias=e2370.chtc.wisc.edu&noUDP&sock=startd_2408_4424>
...
006 (3174032.000.000) 2022-01-03 21:04:41 Image size of job updated: 544196
	397  -  MemoryUsage of job (MB)
	405860  -  ResidentSetSize of job (KB)
...
006 (3174032.000.000) 2022-01-03 21:05:41 Image size of job updated: 1177388
	397  -  MemoryUsage of job (MB)
	405860  -  ResidentSetSize of job (KB)
...
040 (3174032.000.000) 2022-01-03 21:05:46 Started transferring output files
	Seconds spent in queue: 404
...
040 (3174032.000.000) 2022-01-03 21:05:46 Finished transferring output files
...
005 (3174032.000.000) 2022-01-03 21:05:46 Job terminated.
	(1) Normal termination (return value 0)
		Usr 0 00:00:25, Sys 0 00:00:03  -  Run Remote Usage
		Usr 0 00:00:00, Sys 0 00:00:00  -  Run Local Usage
		Usr 0 00:00:25, Sys 0 00:00:03  -  Total Remote Usage
		Usr 0 00:00:00, Sys 0 00:00:00  -  Total Local Usage
	150506  -  Run Bytes Sent By Job
	315491808  -  Run Bytes Received By Job
	150506  -  Total Bytes Sent By Job
	315491808  -  Total Bytes Received By Job
	Partitionable Resources :     Usage  Request Allocated 
	   Cpus                 :      0.44        1         1 
	   Disk (KB)            : 308305     2048000   2369944 
	   IoHeavy              :                            0 
	   Memory (MB)          :    397        1992      2048 

	Job terminated of its own accord at 2022-01-04T03:05:41Z.
...
