000 (3174060.000.000) 2022-01-03 20:58:32 Job submitted from host: <144.92.180.5:9618?addrs=144.92.180.5-9618+[2607-f388-101c-1000--368]-9618&alias=login02.hep.wisc.edu&noUDP&sock=schedd_2326_0560>
...
040 (3174060.000.000) 2022-01-03 20:58:59 Entered queue to transfer input files
	Transferring to host: <128.105.245.62:9618?addrs=128.105.245.62-9618&alias=e262.chtc.wisc.edu&noUDP&sock=slot1_3_17093_5090_14092>
...
040 (3174060.000.000) 2022-01-03 21:03:22 Started transferring input files
	Seconds spent in queue: 263
...
040 (3174060.000.000) 2022-01-03 21:04:58 Finished transferring input files
...
001 (3174060.000.000) 2022-01-03 21:04:59 Job executing on host: <128.105.245.62:9618?addrs=128.105.245.62-9618&alias=e262.chtc.wisc.edu&noUDP&sock=startd_7225_53d8>
...
006 (3174060.000.000) 2022-01-03 21:05:08 Image size of job updated: 538568
	396  -  MemoryUsage of job (MB)
	405104  -  ResidentSetSize of job (KB)
...
006 (3174060.000.000) 2022-01-03 21:06:12 Image size of job updated: 1174592
	396  -  MemoryUsage of job (MB)
	405500  -  ResidentSetSize of job (KB)
...
040 (3174060.000.000) 2022-01-03 21:06:13 Started transferring output files
	Seconds spent in queue: 434
...
040 (3174060.000.000) 2022-01-03 21:06:13 Finished transferring output files
...
005 (3174060.000.000) 2022-01-03 21:06:13 Job terminated.
	(1) Normal termination (return value 0)
		Usr 0 00:00:39, Sys 0 00:00:04  -  Run Remote Usage
		Usr 0 00:00:00, Sys 0 00:00:00  -  Run Local Usage
		Usr 0 00:00:39, Sys 0 00:00:04  -  Total Remote Usage
		Usr 0 00:00:00, Sys 0 00:00:00  -  Total Local Usage
	164592  -  Run Bytes Sent By Job
	315491776  -  Run Bytes Received By Job
	164592  -  Total Bytes Sent By Job
	315491776  -  Total Bytes Received By Job
	Partitionable Resources :    Usage  Request Allocated 
	   Cpus                 :        0        1         1 
	   Disk (KB)            :   308318  2048000   2322160 
	   IoHeavy              :                           0 
	   Memory (MB)          :      396     1992      2048 

	Job terminated of its own accord at 2022-01-04T03:06:12Z.
...
