000 (3174070.000.000) 2022-01-03 20:58:40 Job submitted from host: <144.92.180.5:9618?addrs=144.92.180.5-9618+[2607-f388-101c-1000--368]-9618&alias=login02.hep.wisc.edu&noUDP&sock=schedd_2326_0560>
...
040 (3174070.000.000) 2022-01-03 20:59:01 Entered queue to transfer input files
	Transferring to host: <128.105.68.152:9618?addrs=128.105.68.152-9618&alias=e2011.chtc.wisc.edu&noUDP&sock=slot1_4_8547_e275_15389>
...
040 (3174070.000.000) 2022-01-03 21:03:24 Started transferring input files
	Seconds spent in queue: 263
...
040 (3174070.000.000) 2022-01-03 21:04:26 Finished transferring input files
...
001 (3174070.000.000) 2022-01-03 21:04:27 Job executing on host: <128.105.68.152:9618?addrs=128.105.68.152-9618&alias=e2011.chtc.wisc.edu&noUDP&sock=startd_7807_87f7>
...
006 (3174070.000.000) 2022-01-03 21:04:36 Image size of job updated: 887228
	495  -  MemoryUsage of job (MB)
	506316  -  ResidentSetSize of job (KB)
...
006 (3174070.000.000) 2022-01-03 21:04:50 Image size of job updated: 1203520
	495  -  MemoryUsage of job (MB)
	506316  -  ResidentSetSize of job (KB)
...
040 (3174070.000.000) 2022-01-03 21:04:55 Entered queue to transfer output files
...
040 (3174070.000.000) 2022-01-03 21:04:57 Started transferring output files
	Seconds spent in queue: 356
...
040 (3174070.000.000) 2022-01-03 21:04:58 Finished transferring output files
...
005 (3174070.000.000) 2022-01-03 21:04:58 Job terminated.
	(1) Normal termination (return value 0)
		Usr 0 00:00:15, Sys 0 00:00:02  -  Run Remote Usage
		Usr 0 00:00:00, Sys 0 00:00:00  -  Run Local Usage
		Usr 0 00:00:15, Sys 0 00:00:02  -  Total Remote Usage
		Usr 0 00:00:00, Sys 0 00:00:00  -  Total Local Usage
	161696  -  Run Bytes Sent By Job
	315491776  -  Run Bytes Received By Job
	161696  -  Total Bytes Sent By Job
	315491776  -  Total Bytes Received By Job
	Partitionable Resources :    Usage  Request Allocated 
	   Cpus                 :        0        1         1 
	   Disk (KB)            :   308316  2048000   2896100 
	   IoHeavy              :                           0 
	   Memory (MB)          :      495     1992      2048 

	Job terminated of its own accord at 2022-01-04T03:04:50Z.
...
