000 (3174043.000.000) 2022-01-03 20:58:15 Job submitted from host: <144.92.180.5:9618?addrs=144.92.180.5-9618+[2607-f388-101c-1000--368]-9618&alias=login02.hep.wisc.edu&noUDP&sock=schedd_2326_0560>
...
040 (3174043.000.000) 2022-01-03 20:58:55 Entered queue to transfer input files
	Transferring to host: <128.104.58.226:9618?addrs=128.104.58.226-9618+[2607-f388-1086-0-226-9eff-fe2b-bdac]-9618&alias=e1089.chtc.wisc.edu&noUDP&sock=slot1_9_17571_1be4_12833>
...
040 (3174043.000.000) 2022-01-03 21:02:42 Started transferring input files
	Seconds spent in queue: 227
...
040 (3174043.000.000) 2022-01-03 21:03:01 Finished transferring input files
...
001 (3174043.000.000) 2022-01-03 21:03:02 Job executing on host: <128.104.58.226:9618?addrs=128.104.58.226-9618+[2607-f388-1086-0-226-9eff-fe2b-bdac]-9618&alias=e1089.chtc.wisc.edu&noUDP&sock=startd_4021_a667>
...
006 (3174043.000.000) 2022-01-03 21:03:10 Image size of job updated: 1284
	1  -  MemoryUsage of job (MB)
	736  -  ResidentSetSize of job (KB)
...
006 (3174043.000.000) 2022-01-03 21:05:26 Image size of job updated: 1176012
	1  -  MemoryUsage of job (MB)
	736  -  ResidentSetSize of job (KB)
...
040 (3174043.000.000) 2022-01-03 21:05:26 Started transferring output files
	Seconds spent in queue: 391
...
040 (3174043.000.000) 2022-01-03 21:05:26 Finished transferring output files
...
005 (3174043.000.000) 2022-01-03 21:05:26 Job terminated.
	(1) Normal termination (return value 0)
		Usr 0 00:00:40, Sys 0 00:00:02  -  Run Remote Usage
		Usr 0 00:00:00, Sys 0 00:00:00  -  Run Local Usage
		Usr 0 00:00:40, Sys 0 00:00:02  -  Total Remote Usage
		Usr 0 00:00:00, Sys 0 00:00:00  -  Total Local Usage
	156686  -  Run Bytes Sent By Job
	315491808  -  Run Bytes Received By Job
	156686  -  Total Bytes Sent By Job
	315491808  -  Total Bytes Received By Job
	Partitionable Resources :    Usage  Request Allocated 
	   Cpus                 :        0        1         1 
	   Disk (KB)            :   308311  2048000  11034821 
	   IoHeavy              :                           0 
	   Memory (MB)          :        1     1992      2048 

	Job terminated of its own accord at 2022-01-04T03:05:26Z.
...
