000 (3174103.000.000) 2022-01-03 20:59:42 Job submitted from host: <144.92.180.5:9618?addrs=144.92.180.5-9618+[2607-f388-101c-1000--368]-9618&alias=login02.hep.wisc.edu&noUDP&sock=schedd_2326_0560>
...
040 (3174103.000.000) 2022-01-03 20:59:54 Entered queue to transfer input files
	Transferring to host: <128.105.245.136:9618?addrs=128.105.245.136-9618&alias=e2336.chtc.wisc.edu&noUDP&sock=slot1_8_39689_3da7_13948>
...
040 (3174103.000.000) 2022-01-03 21:05:47 Started transferring input files
	Seconds spent in queue: 353
...
040 (3174103.000.000) 2022-01-03 21:06:08 Finished transferring input files
...
001 (3174103.000.000) 2022-01-03 21:06:09 Job executing on host: <128.105.245.136:9618?addrs=128.105.245.136-9618&alias=e2336.chtc.wisc.edu&noUDP&sock=startd_2598_9723>
...
006 (3174103.000.000) 2022-01-03 21:06:19 Image size of job updated: 999056
	396  -  MemoryUsage of job (MB)
	405260  -  ResidentSetSize of job (KB)
...
006 (3174103.000.000) 2022-01-03 21:11:19 Image size of job updated: 1193824
	492  -  MemoryUsage of job (MB)
	503600  -  ResidentSetSize of job (KB)
...
040 (3174103.000.000) 2022-01-03 21:12:38 Started transferring output files
	Seconds spent in queue: 764
...
040 (3174103.000.000) 2022-01-03 21:12:38 Finished transferring output files
...
005 (3174103.000.000) 2022-01-03 21:12:38 Job terminated.
	(1) Normal termination (return value 0)
		Usr 0 00:02:04, Sys 0 00:00:22  -  Run Remote Usage
		Usr 0 00:00:00, Sys 0 00:00:00  -  Run Local Usage
		Usr 0 00:02:04, Sys 0 00:00:22  -  Total Remote Usage
		Usr 0 00:00:00, Sys 0 00:00:00  -  Total Local Usage
	140554  -  Run Bytes Sent By Job
	315491744  -  Run Bytes Received By Job
	140554  -  Total Bytes Sent By Job
	315491744  -  Total Bytes Received By Job
	Partitionable Resources :     Usage  Request Allocated 
	   Cpus                 :      0.48        1         1 
	   Disk (KB)            : 308295     2048000   2334474 
	   IoHeavy              :                            0 
	   Memory (MB)          :    492        1992      2048 

	Job terminated of its own accord at 2022-01-04T03:12:38Z.
...
