000 (3174115.000.000) 2022-01-03 21:00:00 Job submitted from host: <144.92.180.5:9618?addrs=144.92.180.5-9618+[2607-f388-101c-1000--368]-9618&alias=login02.hep.wisc.edu&noUDP&sock=schedd_2326_0560>
...
040 (3174115.000.000) 2022-01-03 21:00:25 Entered queue to transfer input files
	Transferring to host: <128.105.245.170:9618?addrs=128.105.245.170-9618&alias=e2370.chtc.wisc.edu&noUDP&sock=slot1_19_23164_e227_15059>
...
040 (3174115.000.000) 2022-01-03 21:06:08 Started transferring input files
	Seconds spent in queue: 343
...
040 (3174115.000.000) 2022-01-03 21:06:27 Finished transferring input files
...
001 (3174115.000.000) 2022-01-03 21:06:28 Job executing on host: <128.105.245.170:9618?addrs=128.105.245.170-9618&alias=e2370.chtc.wisc.edu&noUDP&sock=startd_2408_4424>
...
006 (3174115.000.000) 2022-01-03 21:06:37 Image size of job updated: 659740
	397  -  MemoryUsage of job (MB)
	405700  -  ResidentSetSize of job (KB)
...
006 (3174115.000.000) 2022-01-03 21:11:39 Image size of job updated: 1188428
	493  -  MemoryUsage of job (MB)
	504304  -  ResidentSetSize of job (KB)
...
040 (3174115.000.000) 2022-01-03 21:14:08 Started transferring output files
	Seconds spent in queue: 823
...
040 (3174115.000.000) 2022-01-03 21:14:09 Finished transferring output files
...
005 (3174115.000.000) 2022-01-03 21:14:09 Job terminated.
	(1) Normal termination (return value 0)
		Usr 0 00:02:32, Sys 0 00:00:24  -  Run Remote Usage
		Usr 0 00:00:00, Sys 0 00:00:00  -  Run Local Usage
		Usr 0 00:02:32, Sys 0 00:00:24  -  Total Remote Usage
		Usr 0 00:00:00, Sys 0 00:00:00  -  Total Local Usage
	140269  -  Run Bytes Sent By Job
	315491776  -  Run Bytes Received By Job
	140269  -  Total Bytes Sent By Job
	315491776  -  Total Bytes Received By Job
	Partitionable Resources :     Usage  Request Allocated 
	   Cpus                 :      0.35        1         1 
	   Disk (KB)            : 308295     2048000   2369944 
	   IoHeavy              :                            0 
	   Memory (MB)          :    493        1992      2048 

	Job terminated of its own accord at 2022-01-04T03:14:08Z.
...
