000 (3396273.394.000) 2022-12-25 06:14:11 Job submitted from host: <144.92.180.5:9618?addrs=144.92.180.5-9618+[2607-f388-101c-1000--368]-9618&alias=login02.hep.wisc.edu&noUDP&sock=schedd_3117_94ca>
...
040 (3396273.394.000) 2022-12-25 06:43:36 Entered queue to transfer input files
	Transferring to host: <128.104.58.123:9618?addrs=128.104.58.123-9618+[2607-f388-1086-0-67d-7bff-fe41-62ea]-9618&alias=e1540.chtc.wisc.edu&noUDP&sock=slot1_4_26560_ac31_18255>
...
040 (3396273.394.000) 2022-12-25 07:18:31 Started transferring input files
	Seconds spent in queue: 2095
...
040 (3396273.394.000) 2022-12-25 07:27:08 Finished transferring input files
...
001 (3396273.394.000) 2022-12-25 07:27:09 Job executing on host: <128.104.58.123:9618?addrs=128.104.58.123-9618+[2607-f388-1086-0-67d-7bff-fe41-62ea]-9618&alias=e1540.chtc.wisc.edu&noUDP&sock=startd_7278_ae5d>
...
006 (3396273.394.000) 2022-12-25 07:27:17 Image size of job updated: 488872
	373  -  MemoryUsage of job (MB)
	381180  -  ResidentSetSize of job (KB)
...
006 (3396273.394.000) 2022-12-25 07:32:17 Image size of job updated: 1480576
	547  -  MemoryUsage of job (MB)
	559716  -  ResidentSetSize of job (KB)
...
006 (3396273.394.000) 2022-12-25 07:37:18 Image size of job updated: 1480576
	547  -  MemoryUsage of job (MB)
	559800  -  ResidentSetSize of job (KB)
...
006 (3396273.394.000) 2022-12-25 07:42:18 Image size of job updated: 1480576
	550  -  MemoryUsage of job (MB)
	563000  -  ResidentSetSize of job (KB)
...
006 (3396273.394.000) 2022-12-25 07:47:18 Image size of job updated: 1486452
	552  -  MemoryUsage of job (MB)
	564596  -  ResidentSetSize of job (KB)
...
006 (3396273.394.000) 2022-12-25 07:50:33 Image size of job updated: 1486876
	552  -  MemoryUsage of job (MB)
	564596  -  ResidentSetSize of job (KB)
...
040 (3396273.394.000) 2022-12-25 07:50:33 Started transferring output files
	Seconds spent in queue: 4017
...
040 (3396273.394.000) 2022-12-25 07:50:33 Finished transferring output files
...
005 (3396273.394.000) 2022-12-25 07:50:33 Job terminated.
	(1) Normal termination (return value 0)
		Usr 0 00:07:14, Sys 0 00:01:17  -  Run Remote Usage
		Usr 0 00:00:00, Sys 0 00:00:00  -  Run Local Usage
		Usr 0 00:07:14, Sys 0 00:01:17  -  Total Remote Usage
		Usr 0 00:00:00, Sys 0 00:00:00  -  Total Local Usage
	1637506  -  Run Bytes Sent By Job
	328686848  -  Run Bytes Received By Job
	1637506  -  Total Bytes Sent By Job
	328686848  -  Total Bytes Received By Job
	Partitionable Resources :     Usage  Request Allocated 
	   Cpus                 :      0.47        1         1 
	   Disk (KB)            : 322650     2097152   2412315 
	   IoHeavy              :                            0 
	   Memory (MB)          :    552        2048      2048 

	Job terminated of its own accord at 2022-12-25T13:50:33Z.
...
