000 (3396273.455.000) 2022-12-25 06:14:12 Job submitted from host: <144.92.180.5:9618?addrs=144.92.180.5-9618+[2607-f388-101c-1000--368]-9618&alias=login02.hep.wisc.edu&noUDP&sock=schedd_3117_94ca>
...
040 (3396273.455.000) 2022-12-25 06:46:13 Entered queue to transfer input files
	Transferring to host: <128.105.68.249:9618?addrs=128.105.68.249-9618+[2607-f388-2200-100-22a-6aff-fee0-da5b]-9618&alias=e2336.chtc.wisc.edu&noUDP&sock=slot1_9_6800_f70e_20226>
...
040 (3396273.455.000) 2022-12-25 07:21:34 Started transferring input files
	Seconds spent in queue: 2121
...
040 (3396273.455.000) 2022-12-25 07:22:11 Finished transferring input files
...
001 (3396273.455.000) 2022-12-25 07:22:12 Job executing on host: <128.105.68.249:9618?addrs=128.105.68.249-9618+[2607-f388-2200-100-22a-6aff-fee0-da5b]-9618&alias=e2336.chtc.wisc.edu&noUDP&sock=startd_7515_3e4f>
...
006 (3396273.455.000) 2022-12-25 07:22:20 Image size of job updated: 488424
	374  -  MemoryUsage of job (MB)
	382448  -  ResidentSetSize of job (KB)
...
006 (3396273.455.000) 2022-12-25 07:27:20 Image size of job updated: 1483280
	543  -  MemoryUsage of job (MB)
	555392  -  ResidentSetSize of job (KB)
...
006 (3396273.455.000) 2022-12-25 07:32:20 Image size of job updated: 1490312
	543  -  MemoryUsage of job (MB)
	555392  -  ResidentSetSize of job (KB)
...
006 (3396273.455.000) 2022-12-25 07:37:21 Image size of job updated: 1490572
	551  -  MemoryUsage of job (MB)
	563368  -  ResidentSetSize of job (KB)
...
040 (3396273.455.000) 2022-12-25 07:41:05 Started transferring output files
	Seconds spent in queue: 3292
...
040 (3396273.455.000) 2022-12-25 07:41:05 Finished transferring output files
...
005 (3396273.455.000) 2022-12-25 07:41:05 Job terminated.
	(1) Normal termination (return value 0)
		Usr 0 00:04:30, Sys 0 00:00:56  -  Run Remote Usage
		Usr 0 00:00:00, Sys 0 00:00:00  -  Run Local Usage
		Usr 0 00:04:30, Sys 0 00:00:56  -  Total Remote Usage
		Usr 0 00:00:00, Sys 0 00:00:00  -  Total Local Usage
	1610739  -  Run Bytes Sent By Job
	328686848  -  Run Bytes Received By Job
	1610739  -  Total Bytes Sent By Job
	328686848  -  Total Bytes Received By Job
	Partitionable Resources :     Usage  Request Allocated 
	   Cpus                 :      0.22        1         1 
	   Disk (KB)            : 322624     2097152   2317803 
	   IoHeavy              :                            0 
	   Memory (MB)          :    551        2048      2048 

	Job terminated of its own accord at 2022-12-25T13:41:04Z.
...
