analyze_etau MET_EraB_0000_09 DATA
argc = 8
sp = 0
Systematics : V  Response NJet0 = 0.017
Systematics : V  Response NJet1 = 0.022
Systematics : V  Response NJetGe2 = 0.026
Systematics : V  Resolution NJet0 = 0.024
Systematics : V  Resolution NJet1 = 0.03
Systematics : V  Resolution NJetGe2 = 0.034
Systematics : EWK  Response NJet0 = 0.015
Systematics : EWK  Response NJet1 = 0.02
Systematics : EWK  Response NJetGe2 = 0.025
Systematics : EWK  Resolution NJet0 = 0.021
Systematics : EWK  Resolution NJet1 = 0.027
Systematics : EWK  Resolution NJetGe2 = 0.032
Systematics : TOP  Response NJet0 = 0.015
Systematics : TOP  Response NJet1 = 0.02
Systematics : TOP  Response NJetGe2 = 0.025
Systematics : TOP  Resolution NJet0 = 0.021
Systematics : TOP  Resolution NJet1 = 0.027
Systematics : TOP  Resolution NJetGe2 = 0.032
V_NJet0
V_NJet1
V_NJetGe2
EWK_NJet0
EWK_NJet1
EWK_NJetGe2
TOP_NJet0
TOP_NJet1
TOP_NJetGe2
All files added.
Initializing chain.
from Init DATA
sample ==========MET_EraB_0000_09
.... DATA file ..... 
Coming in: 
nentries:16845
Running over 16845 events.
Finished entry 0/16844
Finished entry 800/16844
Finished entry 1600/16844
Finished entry 2400/16844
Finished entry 3200/16844
Finished entry 4000/16844
Finished entry 4800/16844
Finished entry 5600/16844
Finished entry 6400/16844
Finished entry 7200/16844
Finished entry 8000/16844
Finished entry 8800/16844
Finished entry 9600/16844
Finished entry 10400/16844
Finished entry 11200/16844
Finished entry 12000/16844
Finished entry 12800/16844
Finished entry 13600/16844
Finished entry 14400/16844
Finished entry 15200/16844
Finished entry 16000/16844
Finished entry 16800/16844
Finished entry 16844/16844
All events checked.
*******************************************
******************Jithin's original*************************
    Initial entries 16845.000000
   Passing smikking 0.000000
     GoodMuonPassed 0.000000   % change= 100.000000
      GoodTauPassed 0.000000   % change= -nan
         opp charge 0.000000   % change= -nan
 PassedThirdLepVeto 3.000000   % change= -inf
     PassedBjetVeto 3.000000   % change= 0.000000
       DeltaRPassed 3.000000   % change= 0.000000
      Total change :99.982191
*******************************************
*******************************************
Number of events inspected: 16845
Number of events inspected (minus negative gen. weights): 16845.000000
 Outpt written to MET_EraB_0000_09.root
Real time 0:00:30, CP time 17.800
1671972259 - 1671972226
