000 (3396272.379.000) 2022-12-25 06:11:16 Job submitted from host: <144.92.180.5:9618?addrs=144.92.180.5-9618+[2607-f388-101c-1000--368]-9618&alias=login02.hep.wisc.edu&noUDP&sock=schedd_3117_94ca>
...
040 (3396272.379.000) 2022-12-25 06:25:19 Entered queue to transfer input files
	Transferring to host: <128.104.101.114:9618?addrs=128.104.101.114-9618+[2607-f388-107c-501-1e6a-7aff-fe21-9f47]-9618&alias=e0381.chtc.wisc.edu&noUDP&sock=slot1_26_12549_a7d7_25204>
...
040 (3396272.379.000) 2022-12-25 06:55:26 Started transferring input files
	Seconds spent in queue: 1807
...
040 (3396272.379.000) 2022-12-25 06:58:11 Finished transferring input files
...
001 (3396272.379.000) 2022-12-25 06:58:12 Job executing on host: <128.104.101.114:9618?addrs=128.104.101.114-9618+[2607-f388-107c-501-1e6a-7aff-fe21-9f47]-9618&alias=e0381.chtc.wisc.edu&noUDP&sock=startd_7223_f4a8>
...
006 (3396272.379.000) 2022-12-25 06:58:21 Image size of job updated: 1424444
	385  -  MemoryUsage of job (MB)
	394116  -  ResidentSetSize of job (KB)
...
040 (3396272.379.000) 2022-12-25 06:58:26 Started transferring output files
	Seconds spent in queue: 1987
...
040 (3396272.379.000) 2022-12-25 06:58:26 Finished transferring output files
...
005 (3396272.379.000) 2022-12-25 06:58:27 Job terminated.
	(1) Normal termination (return value 0)
		Usr 0 00:00:06, Sys 0 00:00:01  -  Run Remote Usage
		Usr 0 00:00:00, Sys 0 00:00:00  -  Run Local Usage
		Usr 0 00:00:06, Sys 0 00:00:01  -  Total Remote Usage
		Usr 0 00:00:00, Sys 0 00:00:00  -  Total Local Usage
	8720  -  Run Bytes Sent By Job
	328686848  -  Run Bytes Received By Job
	8720  -  Total Bytes Sent By Job
	328686848  -  Total Bytes Received By Job
	Partitionable Resources :     Usage  Request Allocated 
	   Cpus                 :      0.02        1         1 
	   Disk (KB)            : 321059     2097152   2346153 
	   IoHeavy              :                            0 
	   Memory (MB)          :    385        2048      2048 

	Job terminated of its own accord at 2022-12-25T12:58:26Z.
...
