000 (3396273.525.000) 2022-12-25 06:14:13 Job submitted from host: <144.92.180.5:9618?addrs=144.92.180.5-9618+[2607-f388-101c-1000--368]-9618&alias=login02.hep.wisc.edu&noUDP&sock=schedd_3117_94ca>
...
040 (3396273.525.000) 2022-12-25 06:48:58 Entered queue to transfer input files
	Transferring to host: <128.105.69.67:9618?addrs=128.105.69.67-9618+[2607-f388-2200-100-1e6a-7aff-fe21-b76d]-9618&alias=e2396.chtc.wisc.edu&noUDP&sock=slot1_20_22392_f088_15809>
...
040 (3396273.525.000) 2022-12-25 07:26:01 Started transferring input files
	Seconds spent in queue: 2223
...
040 (3396273.525.000) 2022-12-25 07:27:30 Finished transferring input files
...
001 (3396273.525.000) 2022-12-25 07:27:31 Job executing on host: <128.105.69.67:9618?addrs=128.105.69.67-9618+[2607-f388-2200-100-1e6a-7aff-fe21-b76d]-9618&alias=e2396.chtc.wisc.edu&noUDP&sock=startd_7719_2ba1>
...
006 (3396273.525.000) 2022-12-25 07:27:40 Image size of job updated: 146224
	87  -  MemoryUsage of job (MB)
	88196  -  ResidentSetSize of job (KB)
...
006 (3396273.525.000) 2022-12-25 07:32:41 Image size of job updated: 1484364
	553  -  MemoryUsage of job (MB)
	566056  -  ResidentSetSize of job (KB)
...
006 (3396273.525.000) 2022-12-25 07:36:56 Image size of job updated: 1484456
	553  -  MemoryUsage of job (MB)
	566056  -  ResidentSetSize of job (KB)
...
040 (3396273.525.000) 2022-12-25 07:36:56 Started transferring output files
	Seconds spent in queue: 2878
...
040 (3396273.525.000) 2022-12-25 07:36:56 Finished transferring output files
...
005 (3396273.525.000) 2022-12-25 07:36:57 Job terminated.
	(1) Normal termination (return value 0)
		Usr 0 00:03:52, Sys 0 00:00:21  -  Run Remote Usage
		Usr 0 00:00:00, Sys 0 00:00:00  -  Run Local Usage
		Usr 0 00:03:52, Sys 0 00:00:21  -  Total Remote Usage
		Usr 0 00:00:00, Sys 0 00:00:00  -  Total Local Usage
	1586581  -  Run Bytes Sent By Job
	328686848  -  Run Bytes Received By Job
	1586581  -  Total Bytes Sent By Job
	328686848  -  Total Bytes Received By Job
	Partitionable Resources :     Usage  Request Allocated 
	   Cpus                 :      0.52        1         1 
	   Disk (KB)            : 322600     2097152   2344895 
	   IoHeavy              :                            0 
	   Memory (MB)          :    553        2048      2048 

	Job terminated of its own accord at 2022-12-25T13:36:56Z.
...
