000 (3396273.105.000) 2022-12-25 06:14:09 Job submitted from host: <144.92.180.5:9618?addrs=144.92.180.5-9618+[2607-f388-101c-1000--368]-9618&alias=login02.hep.wisc.edu&noUDP&sock=schedd_3117_94ca>
...
040 (3396273.105.000) 2022-12-25 06:31:33 Entered queue to transfer input files
	Transferring to host: <128.105.69.21:9618?addrs=128.105.69.21-9618+[2607-f388-2200-100-f60f-1bff-fedb-90b]-9618&alias=e343.chtc.wisc.edu&noUDP&sock=slot1_5_6521_6262_18778>
...
040 (3396273.105.000) 2022-12-25 07:04:49 Started transferring input files
	Seconds spent in queue: 1996
...
040 (3396273.105.000) 2022-12-25 07:09:08 Finished transferring input files
...
001 (3396273.105.000) 2022-12-25 07:09:09 Job executing on host: <128.105.69.21:9618?addrs=128.105.69.21-9618+[2607-f388-2200-100-f60f-1bff-fedb-90b]-9618&alias=e343.chtc.wisc.edu&noUDP&sock=startd_6918_c045>
...
006 (3396273.105.000) 2022-12-25 07:09:18 Image size of job updated: 200740
	15  -  MemoryUsage of job (MB)
	15076  -  ResidentSetSize of job (KB)
...
006 (3396273.105.000) 2022-12-25 07:10:34 Image size of job updated: 1349516
	15  -  MemoryUsage of job (MB)
	15136  -  ResidentSetSize of job (KB)
...
040 (3396273.105.000) 2022-12-25 07:10:34 Started transferring output files
	Seconds spent in queue: 2341
...
040 (3396273.105.000) 2022-12-25 07:10:35 Finished transferring output files
...
005 (3396273.105.000) 2022-12-25 07:10:35 Job terminated.
	(1) Normal termination (return value 0)
		Usr 0 00:00:18, Sys 0 00:00:02  -  Run Remote Usage
		Usr 0 00:00:00, Sys 0 00:00:00  -  Run Local Usage
		Usr 0 00:00:18, Sys 0 00:00:02  -  Total Remote Usage
		Usr 0 00:00:00, Sys 0 00:00:00  -  Total Local Usage
	1195316  -  Run Bytes Sent By Job
	328686848  -  Run Bytes Received By Job
	1195316  -  Total Bytes Sent By Job
	328686848  -  Total Bytes Received By Job
	Partitionable Resources :     Usage  Request Allocated 
	   Cpus                 :      0.03        1         1 
	   Disk (KB)            : 322219     2097152   2342599 
	   IoHeavy              :                            0 
	   Memory (MB)          :     15        2048      2048 

	Job terminated of its own accord at 2022-12-25T13:10:34Z.
...
