000 (3396273.149.000) 2022-12-25 06:14:10 Job submitted from host: <144.92.180.5:9618?addrs=144.92.180.5-9618+[2607-f388-101c-1000--368]-9618&alias=login02.hep.wisc.edu&noUDP&sock=schedd_3117_94ca>
...
040 (3396273.149.000) 2022-12-25 06:33:12 Entered queue to transfer input files
	Transferring to host: <128.105.244.66:9618?addrs=128.105.244.66-9618&alias=e3186.chtc.wisc.edu&noUDP&sock=slot1_1_7969_a19d_13414>
...
040 (3396273.149.000) 2022-12-25 07:06:35 Started transferring input files
	Seconds spent in queue: 2003
...
040 (3396273.149.000) 2022-12-25 07:13:17 Finished transferring input files
...
001 (3396273.149.000) 2022-12-25 07:13:18 Job executing on host: <128.105.244.66:9618?addrs=128.105.244.66-9618&alias=e3186.chtc.wisc.edu&noUDP&sock=startd_6650_ece3>
...
006 (3396273.149.000) 2022-12-25 07:13:28 Image size of job updated: 39060
	14  -  MemoryUsage of job (MB)
	13660  -  ResidentSetSize of job (KB)
...
006 (3396273.149.000) 2022-12-25 07:14:42 Image size of job updated: 1346628
	14  -  MemoryUsage of job (MB)
	14332  -  ResidentSetSize of job (KB)
...
040 (3396273.149.000) 2022-12-25 07:14:42 Started transferring output files
	Seconds spent in queue: 2490
...
040 (3396273.149.000) 2022-12-25 07:14:43 Finished transferring output files
...
005 (3396273.149.000) 2022-12-25 07:14:43 Job terminated.
	(1) Normal termination (return value 0)
		Usr 0 00:00:33, Sys 0 00:00:04  -  Run Remote Usage
		Usr 0 00:00:00, Sys 0 00:00:00  -  Run Local Usage
		Usr 0 00:00:33, Sys 0 00:00:04  -  Total Remote Usage
		Usr 0 00:00:00, Sys 0 00:00:00  -  Total Local Usage
	629713  -  Run Bytes Sent By Job
	328686848  -  Run Bytes Received By Job
	629713  -  Total Bytes Sent By Job
	328686848  -  Total Bytes Received By Job
	Partitionable Resources :     Usage  Request Allocated 
	   Cpus                 :      0.04        1         1 
	   Disk (KB)            : 321665     2097152   2718604 
	   IoHeavy              :                            0 
	   Memory (MB)          :     14        2048      2048 

	Job terminated of its own accord at 2022-12-25T13:14:42Z.
...
