000 (3396272.048.000) 2022-12-25 06:11:14 Job submitted from host: <144.92.180.5:9618?addrs=144.92.180.5-9618+[2607-f388-101c-1000--368]-9618&alias=login02.hep.wisc.edu&noUDP&sock=schedd_3117_94ca>
...
040 (3396272.048.000) 2022-12-25 06:14:44 Entered queue to transfer input files
	Transferring to host: <128.104.58.176:9618?addrs=128.104.58.176-9618+[2607-f388-1086-0-16fe-b5ff-fec6-7498]-9618&alias=e1031.chtc.wisc.edu&noUDP&sock=slot1_24_30363_3aec_26068>
...
040 (3396272.048.000) 2022-12-25 06:37:59 Started transferring input files
	Seconds spent in queue: 1395
...
040 (3396272.048.000) 2022-12-25 06:39:28 Finished transferring input files
...
001 (3396272.048.000) 2022-12-25 06:39:29 Job executing on host: <128.104.58.176:9618?addrs=128.104.58.176-9618+[2607-f388-1086-0-16fe-b5ff-fec6-7498]-9618&alias=e1031.chtc.wisc.edu&noUDP&sock=startd_10250_39d5>
...
006 (3396272.048.000) 2022-12-25 06:39:38 Image size of job updated: 854096
	362  -  MemoryUsage of job (MB)
	369780  -  ResidentSetSize of job (KB)
...
006 (3396272.048.000) 2022-12-25 06:39:44 Image size of job updated: 854096
	362  -  MemoryUsage of job (MB)
	369860  -  ResidentSetSize of job (KB)
...
040 (3396272.048.000) 2022-12-25 06:39:44 Started transferring output files
	Seconds spent in queue: 1500
...
040 (3396272.048.000) 2022-12-25 06:39:44 Finished transferring output files
...
005 (3396272.048.000) 2022-12-25 06:39:45 Job terminated.
	(1) Normal termination (return value 0)
		Usr 0 00:00:10, Sys 0 00:00:02  -  Run Remote Usage
		Usr 0 00:00:00, Sys 0 00:00:00  -  Run Local Usage
		Usr 0 00:00:10, Sys 0 00:00:02  -  Total Remote Usage
		Usr 0 00:00:00, Sys 0 00:00:00  -  Total Local Usage
	8307  -  Run Bytes Sent By Job
	328686848  -  Run Bytes Received By Job
	8307  -  Total Bytes Sent By Job
	328686848  -  Total Bytes Received By Job
	Partitionable Resources :     Usage  Request Allocated 
	   Cpus                 :      0.10        1         1 
	   Disk (KB)            : 321059     2097152   2340581 
	   IoHeavy              :                            0 
	   Memory (MB)          :    362        2048      2048 

	Job terminated of its own accord at 2022-12-25T12:39:44Z.
...
