000 (3396273.481.000) 2022-12-25 06:14:12 Job submitted from host: <144.92.180.5:9618?addrs=144.92.180.5-9618+[2607-f388-101c-1000--368]-9618&alias=login02.hep.wisc.edu&noUDP&sock=schedd_3117_94ca>
...
040 (3396273.481.000) 2022-12-25 06:46:39 Entered queue to transfer input files
	Transferring to host: <128.104.58.222:9618?addrs=128.104.58.222-9618+[2607-f388-1086-0-226-9eff-fe2b-bd46]-9618&alias=e1093.chtc.wisc.edu&noUDP&sock=slot1_11_29430_d8e6_14792>
...
040 (3396273.481.000) 2022-12-25 07:23:02 Started transferring input files
	Seconds spent in queue: 2183
...
040 (3396273.481.000) 2022-12-25 07:26:52 Finished transferring input files
...
001 (3396273.481.000) 2022-12-25 07:26:53 Job executing on host: <128.104.58.222:9618?addrs=128.104.58.222-9618+[2607-f388-1086-0-226-9eff-fe2b-bd46]-9618&alias=e1093.chtc.wisc.edu&noUDP&sock=startd_7351_c0c7>
...
006 (3396273.481.000) 2022-12-25 07:27:01 Image size of job updated: 571004
	364  -  MemoryUsage of job (MB)
	372128  -  ResidentSetSize of job (KB)
...
006 (3396273.481.000) 2022-12-25 07:32:01 Image size of job updated: 1482188
	541  -  MemoryUsage of job (MB)
	553676  -  ResidentSetSize of job (KB)
...
006 (3396273.481.000) 2022-12-25 07:37:02 Image size of job updated: 1483272
	541  -  MemoryUsage of job (MB)
	553676  -  ResidentSetSize of job (KB)
...
006 (3396273.481.000) 2022-12-25 07:42:03 Image size of job updated: 1490564
	549  -  MemoryUsage of job (MB)
	561980  -  ResidentSetSize of job (KB)
...
040 (3396273.481.000) 2022-12-25 07:42:07 Started transferring output files
	Seconds spent in queue: 3328
...
040 (3396273.481.000) 2022-12-25 07:42:07 Finished transferring output files
...
005 (3396273.481.000) 2022-12-25 07:42:07 Job terminated.
	(1) Normal termination (return value 0)
		Usr 0 00:08:59, Sys 0 00:00:35  -  Run Remote Usage
		Usr 0 00:00:00, Sys 0 00:00:00  -  Run Local Usage
		Usr 0 00:08:59, Sys 0 00:00:35  -  Total Remote Usage
		Usr 0 00:00:00, Sys 0 00:00:00  -  Total Local Usage
	1719380  -  Run Bytes Sent By Job
	328686848  -  Run Bytes Received By Job
	1719380  -  Total Bytes Sent By Job
	328686848  -  Total Bytes Received By Job
	Partitionable Resources :     Usage  Request Allocated 
	   Cpus                 :      0.51        1         1 
	   Disk (KB)            : 322730     2097152  11035620 
	   IoHeavy              :                            0 
	   Memory (MB)          :    549        2048      2048 

	Job terminated of its own accord at 2022-12-25T13:42:06Z.
...
