000 (3396273.310.000) 2022-12-25 06:14:11 Job submitted from host: <144.92.180.5:9618?addrs=144.92.180.5-9618+[2607-f388-101c-1000--368]-9618&alias=login02.hep.wisc.edu&noUDP&sock=schedd_3117_94ca>
...
040 (3396273.310.000) 2022-12-25 06:40:33 Entered queue to transfer input files
	Transferring to host: <128.105.69.66:9618?addrs=128.105.69.66-9618+[2607-f388-2200-100-fac2-88ff-fe67-c1f3]-9618&alias=e2395.chtc.wisc.edu&noUDP&sock=slot1_7_5803_7d05_15904>
...
040 (3396273.310.000) 2022-12-25 07:14:16 Started transferring input files
	Seconds spent in queue: 2023
...
040 (3396273.310.000) 2022-12-25 07:17:27 Finished transferring input files
...
001 (3396273.310.000) 2022-12-25 07:17:28 Job executing on host: <128.105.69.66:9618?addrs=128.105.69.66-9618+[2607-f388-2200-100-fac2-88ff-fe67-c1f3]-9618&alias=e2395.chtc.wisc.edu&noUDP&sock=startd_7728_57fb>
...
006 (3396273.310.000) 2022-12-25 07:17:36 Image size of job updated: 542720
	82  -  MemoryUsage of job (MB)
	83352  -  ResidentSetSize of job (KB)
...
006 (3396273.310.000) 2022-12-25 07:22:36 Image size of job updated: 1478640
	554  -  MemoryUsage of job (MB)
	567244  -  ResidentSetSize of job (KB)
...
006 (3396273.310.000) 2022-12-25 07:27:37 Image size of job updated: 1479140
	554  -  MemoryUsage of job (MB)
	567244  -  ResidentSetSize of job (KB)
...
040 (3396273.310.000) 2022-12-25 07:29:13 Started transferring output files
	Seconds spent in queue: 2920
...
040 (3396273.310.000) 2022-12-25 07:29:14 Finished transferring output files
...
005 (3396273.310.000) 2022-12-25 07:29:14 Job terminated.
	(1) Normal termination (return value 0)
		Usr 0 00:03:43, Sys 0 00:00:12  -  Run Remote Usage
		Usr 0 00:00:00, Sys 0 00:00:00  -  Run Local Usage
		Usr 0 00:03:43, Sys 0 00:00:12  -  Total Remote Usage
		Usr 0 00:00:00, Sys 0 00:00:00  -  Total Local Usage
	1599026  -  Run Bytes Sent By Job
	328686848  -  Run Bytes Received By Job
	1599026  -  Total Bytes Sent By Job
	328686848  -  Total Bytes Received By Job
	Partitionable Resources :     Usage  Request Allocated 
	   Cpus                 :      0.41        1         1 
	   Disk (KB)            : 322613     2097152   2364544 
	   IoHeavy              :                            0 
	   Memory (MB)          :    554        2048      2048 

	Job terminated of its own accord at 2022-12-25T13:29:13Z.
...
