000 (3396272.432.000) 2022-12-25 06:11:16 Job submitted from host: <144.92.180.5:9618?addrs=144.92.180.5-9618+[2607-f388-101c-1000--368]-9618&alias=login02.hep.wisc.edu&noUDP&sock=schedd_3117_94ca>
...
040 (3396272.432.000) 2022-12-25 06:28:13 Entered queue to transfer input files
	Transferring to host: <128.105.68.143:9618?addrs=128.105.68.143-9618+[2607-f388-2200-100-1e6a-7aff-fe21-ae41]-9618&alias=e2421.chtc.wisc.edu&noUDP&sock=slot1_29_8618_e918_16586>
...
040 (3396272.432.000) 2022-12-25 06:58:33 Started transferring input files
	Seconds spent in queue: 1820
...
040 (3396272.432.000) 2022-12-25 07:06:02 Finished transferring input files
...
001 (3396272.432.000) 2022-12-25 07:06:03 Job executing on host: <128.105.68.143:9618?addrs=128.105.68.143-9618+[2607-f388-2200-100-1e6a-7aff-fe21-ae41]-9618&alias=e2421.chtc.wisc.edu&noUDP&sock=startd_7727_a863>
...
006 (3396272.432.000) 2022-12-25 07:06:11 Image size of job updated: 57012
	24  -  MemoryUsage of job (MB)
	23568  -  ResidentSetSize of job (KB)
...
006 (3396272.432.000) 2022-12-25 07:07:37 Image size of job updated: 1407996
	24  -  MemoryUsage of job (MB)
	23632  -  ResidentSetSize of job (KB)
...
040 (3396272.432.000) 2022-12-25 07:07:37 Started transferring output files
	Seconds spent in queue: 2364
...
040 (3396272.432.000) 2022-12-25 07:07:37 Finished transferring output files
...
005 (3396272.432.000) 2022-12-25 07:07:37 Job terminated.
	(1) Normal termination (return value 0)
		Usr 0 00:00:11, Sys 0 00:00:03  -  Run Remote Usage
		Usr 0 00:00:00, Sys 0 00:00:00  -  Run Local Usage
		Usr 0 00:00:11, Sys 0 00:00:03  -  Total Remote Usage
		Usr 0 00:00:00, Sys 0 00:00:00  -  Total Local Usage
	9029  -  Run Bytes Sent By Job
	328686848  -  Run Bytes Received By Job
	9029  -  Total Bytes Sent By Job
	328686848  -  Total Bytes Received By Job
	Partitionable Resources :     Usage  Request Allocated 
	   Cpus                 :      0.04        1         1 
	   Disk (KB)            : 321060     2097152   2346684 
	   IoHeavy              :                            0 
	   Memory (MB)          :     24        2048      2048 

	Job terminated of its own accord at 2022-12-25T13:07:37Z.
...
