000 (3396272.254.000) 2022-12-25 06:11:15 Job submitted from host: <144.92.180.5:9618?addrs=144.92.180.5-9618+[2607-f388-101c-1000--368]-9618&alias=login02.hep.wisc.edu&noUDP&sock=schedd_3117_94ca>
...
040 (3396272.254.000) 2022-12-25 06:19:28 Entered queue to transfer input files
	Transferring to host: <128.105.68.145:9618?addrs=128.105.68.145-9618+[2607-f388-2200-100-1e6a-7aff-fe26-6ae5]-9618&alias=e2423.chtc.wisc.edu&noUDP&sock=slot1_25_9832_4889_18077>
...
040 (3396272.254.000) 2022-12-25 06:48:13 Started transferring input files
	Seconds spent in queue: 1725
...
040 (3396272.254.000) 2022-12-25 06:50:55 Finished transferring input files
...
001 (3396272.254.000) 2022-12-25 06:50:56 Job executing on host: <128.105.68.145:9618?addrs=128.105.68.145-9618+[2607-f388-2200-100-1e6a-7aff-fe26-6ae5]-9618&alias=e2423.chtc.wisc.edu&noUDP&sock=startd_7654_95f9>
...
006 (3396272.254.000) 2022-12-25 06:51:05 Image size of job updated: 362940
	80  -  MemoryUsage of job (MB)
	81100  -  ResidentSetSize of job (KB)
...
006 (3396272.254.000) 2022-12-25 06:56:06 Image size of job updated: 1392316
	478  -  MemoryUsage of job (MB)
	489256  -  ResidentSetSize of job (KB)
...
006 (3396272.254.000) 2022-12-25 07:01:06 Image size of job updated: 1393372
	480  -  MemoryUsage of job (MB)
	490696  -  ResidentSetSize of job (KB)
...
040 (3396272.254.000) 2022-12-25 07:02:46 Started transferring output files
	Seconds spent in queue: 2598
...
040 (3396272.254.000) 2022-12-25 07:02:47 Finished transferring output files
...
005 (3396272.254.000) 2022-12-25 07:02:47 Job terminated.
	(1) Normal termination (return value 0)
		Usr 0 00:02:16, Sys 0 00:00:14  -  Run Remote Usage
		Usr 0 00:00:00, Sys 0 00:00:00  -  Run Local Usage
		Usr 0 00:02:16, Sys 0 00:00:14  -  Total Remote Usage
		Usr 0 00:00:00, Sys 0 00:00:00  -  Total Local Usage
	127710  -  Run Bytes Sent By Job
	328686848  -  Run Bytes Received By Job
	127710  -  Total Bytes Sent By Job
	328686848  -  Total Bytes Received By Job
	Partitionable Resources :     Usage  Request Allocated 
	   Cpus                 :      0.30        1         1 
	   Disk (KB)            : 321176     2097152   2337443 
	   IoHeavy              :                            0 
	   Memory (MB)          :    480        2048      2048 

	Job terminated of its own accord at 2022-12-25T13:02:46Z.
...
