000 (3396272.272.000) 2022-12-25 06:11:15 Job submitted from host: <144.92.180.5:9618?addrs=144.92.180.5-9618+[2607-f388-101c-1000--368]-9618&alias=login02.hep.wisc.edu&noUDP&sock=schedd_3117_94ca>
...
040 (3396272.272.000) 2022-12-25 06:20:42 Entered queue to transfer input files
	Transferring to host: <128.105.69.37:9618?addrs=128.105.69.37-9618+[2607-f388-2200-100-1e6a-7aff-fe26-c0d3]-9618&alias=e359.chtc.wisc.edu&noUDP&sock=slot1_23_13786_3bea_17805>
...
040 (3396272.272.000) 2022-12-25 06:49:33 Started transferring input files
	Seconds spent in queue: 1731
...
040 (3396272.272.000) 2022-12-25 06:50:56 Finished transferring input files
...
001 (3396272.272.000) 2022-12-25 06:50:57 Job executing on host: <128.105.69.37:9618?addrs=128.105.69.37-9618+[2607-f388-2200-100-1e6a-7aff-fe26-c0d3]-9618&alias=e359.chtc.wisc.edu&noUDP&sock=startd_7463_9363>
...
006 (3396272.272.000) 2022-12-25 06:51:06 Image size of job updated: 39992
	16  -  MemoryUsage of job (MB)
	15660  -  ResidentSetSize of job (KB)
...
006 (3396272.272.000) 2022-12-25 06:56:07 Image size of job updated: 1429548
	522  -  MemoryUsage of job (MB)
	534292  -  ResidentSetSize of job (KB)
...
006 (3396272.272.000) 2022-12-25 07:01:08 Image size of job updated: 1429548
	523  -  MemoryUsage of job (MB)
	534708  -  ResidentSetSize of job (KB)
...
006 (3396272.272.000) 2022-12-25 07:04:43 Image size of job updated: 1432588
	523  -  MemoryUsage of job (MB)
	534708  -  ResidentSetSize of job (KB)
...
040 (3396272.272.000) 2022-12-25 07:04:43 Started transferring output files
	Seconds spent in queue: 2641
...
040 (3396272.272.000) 2022-12-25 07:04:44 Finished transferring output files
...
005 (3396272.272.000) 2022-12-25 07:04:44 Job terminated.
	(1) Normal termination (return value 0)
		Usr 0 00:02:24, Sys 0 00:00:07  -  Run Remote Usage
		Usr 0 00:00:00, Sys 0 00:00:00  -  Run Local Usage
		Usr 0 00:02:24, Sys 0 00:00:07  -  Total Remote Usage
		Usr 0 00:00:00, Sys 0 00:00:00  -  Total Local Usage
	1348445  -  Run Bytes Sent By Job
	328686848  -  Run Bytes Received By Job
	1348445  -  Total Bytes Sent By Job
	328686848  -  Total Bytes Received By Job
	Partitionable Resources :     Usage  Request Allocated 
	   Cpus                 :      0.36        1         1 
	   Disk (KB)            : 322368     2097152   2314731 
	   IoHeavy              :                            0 
	   Memory (MB)          :    523        2048      2048 

	Job terminated of its own accord at 2022-12-25T13:04:43Z.
...
