000 (3396273.590.000) 2022-12-25 06:14:13 Job submitted from host: <144.92.180.5:9618?addrs=144.92.180.5-9618+[2607-f388-101c-1000--368]-9618&alias=login02.hep.wisc.edu&noUDP&sock=schedd_3117_94ca>
...
040 (3396273.590.000) 2022-12-25 06:53:11 Entered queue to transfer input files
	Transferring to host: <128.104.58.188:9618?addrs=128.104.58.188-9618+[2607-f388-1086-0-16fe-b5ff-fec6-6fc7]-9618&alias=e1043.chtc.wisc.edu&noUDP&sock=slot1_13_17496_43c1_23394>
...
040 (3396273.590.000) 2022-12-25 07:29:38 Started transferring input files
	Seconds spent in queue: 2187
...
040 (3396273.590.000) 2022-12-25 07:36:59 Finished transferring input files
...
001 (3396273.590.000) 2022-12-25 07:37:00 Job executing on host: <128.104.58.188:9618?addrs=128.104.58.188-9618+[2607-f388-1086-0-16fe-b5ff-fec6-6fc7]-9618&alias=e1043.chtc.wisc.edu&noUDP&sock=startd_10238_feb2>
...
006 (3396273.590.000) 2022-12-25 07:37:09 Image size of job updated: 584000
	473  -  MemoryUsage of job (MB)
	484180  -  ResidentSetSize of job (KB)
...
006 (3396273.590.000) 2022-12-25 07:42:10 Image size of job updated: 1489828
	563  -  MemoryUsage of job (MB)
	576168  -  ResidentSetSize of job (KB)
...
006 (3396273.590.000) 2022-12-25 07:47:10 Image size of job updated: 1491964
	570  -  MemoryUsage of job (MB)
	582716  -  ResidentSetSize of job (KB)
...
006 (3396273.590.000) 2022-12-25 07:52:10 Image size of job updated: 1495160
	570  -  MemoryUsage of job (MB)
	582812  -  ResidentSetSize of job (KB)
...
006 (3396273.590.000) 2022-12-25 07:57:10 Image size of job updated: 1499732
	574  -  MemoryUsage of job (MB)
	587004  -  ResidentSetSize of job (KB)
...
040 (3396273.590.000) 2022-12-25 08:01:30 Started transferring output files
	Seconds spent in queue: 4099
...
040 (3396273.590.000) 2022-12-25 08:01:30 Finished transferring output files
...
005 (3396273.590.000) 2022-12-25 08:01:30 Job terminated.
	(1) Normal termination (return value 0)
		Usr 0 00:16:23, Sys 0 00:01:02  -  Run Remote Usage
		Usr 0 00:00:00, Sys 0 00:00:00  -  Run Local Usage
		Usr 0 00:16:23, Sys 0 00:01:02  -  Total Remote Usage
		Usr 0 00:00:00, Sys 0 00:00:00  -  Total Local Usage
	1810428  -  Run Bytes Sent By Job
	328686848  -  Run Bytes Received By Job
	1810428  -  Total Bytes Sent By Job
	328686848  -  Total Bytes Received By Job
	Partitionable Resources :     Usage  Request Allocated 
	   Cpus                 :      0.53        1         1 
	   Disk (KB)            : 322819     2097152   2302955 
	   IoHeavy              :                            0 
	   Memory (MB)          :    574        2048      2048 

	Job terminated of its own accord at 2022-12-25T14:01:30Z.
...
