000 (3396273.232.000) 2022-12-25 06:14:10 Job submitted from host: <144.92.180.5:9618?addrs=144.92.180.5-9618+[2607-f388-101c-1000--368]-9618&alias=login02.hep.wisc.edu&noUDP&sock=schedd_3117_94ca>
...
040 (3396273.232.000) 2022-12-25 06:36:25 Entered queue to transfer input files
	Transferring to host: <128.105.68.147:9618?addrs=128.105.68.147-9618+[2607-f388-2200-100-1e6a-7aff-fe26-c519]-9618&alias=e2412.chtc.wisc.edu&noUDP&sock=slot1_7_11498_218d_22714>
...
040 (3396273.232.000) 2022-12-25 07:10:51 Started transferring input files
	Seconds spent in queue: 2066
...
040 (3396273.232.000) 2022-12-25 07:13:31 Finished transferring input files
...
001 (3396273.232.000) 2022-12-25 07:13:32 Job executing on host: <128.105.68.147:9618?addrs=128.105.68.147-9618+[2607-f388-2200-100-1e6a-7aff-fe26-c519]-9618&alias=e2412.chtc.wisc.edu&noUDP&sock=startd_7723_ea02>
...
006 (3396273.232.000) 2022-12-25 07:13:40 Image size of job updated: 204204
	27  -  MemoryUsage of job (MB)
	27112  -  ResidentSetSize of job (KB)
...
006 (3396273.232.000) 2022-12-25 07:18:40 Image size of job updated: 1488200
	562  -  MemoryUsage of job (MB)
	574600  -  ResidentSetSize of job (KB)
...
006 (3396273.232.000) 2022-12-25 07:23:42 Image size of job updated: 1488680
	565  -  MemoryUsage of job (MB)
	578552  -  ResidentSetSize of job (KB)
...
006 (3396273.232.000) 2022-12-25 07:28:42 Image size of job updated: 1489092
	570  -  MemoryUsage of job (MB)
	582936  -  ResidentSetSize of job (KB)
...
006 (3396273.232.000) 2022-12-25 07:33:42 Image size of job updated: 1490544
	571  -  MemoryUsage of job (MB)
	584304  -  ResidentSetSize of job (KB)
...
006 (3396273.232.000) 2022-12-25 07:38:43 Image size of job updated: 1490544
	572  -  MemoryUsage of job (MB)
	584988  -  ResidentSetSize of job (KB)
...
040 (3396273.232.000) 2022-12-25 07:46:27 Started transferring output files
	Seconds spent in queue: 4202
...
040 (3396273.232.000) 2022-12-25 07:46:27 Finished transferring output files
...
005 (3396273.232.000) 2022-12-25 07:46:27 Job terminated.
	(1) Normal termination (return value 0)
		Usr 0 00:11:33, Sys 0 00:00:35  -  Run Remote Usage
		Usr 0 00:00:00, Sys 0 00:00:00  -  Run Local Usage
		Usr 0 00:11:33, Sys 0 00:00:35  -  Total Remote Usage
		Usr 0 00:00:00, Sys 0 00:00:00  -  Total Local Usage
	1651436  -  Run Bytes Sent By Job
	328686848  -  Run Bytes Received By Job
	1651436  -  Total Bytes Sent By Job
	328686848  -  Total Bytes Received By Job
	Partitionable Resources :     Usage  Request Allocated 
	   Cpus                 :      0.54        1         1 
	   Disk (KB)            : 322664     2097152   2338032 
	   IoHeavy              :                            0 
	   Memory (MB)          :    572        2048      2048 

	Job terminated of its own accord at 2022-12-25T13:46:26Z.
...
