000 (3396273.356.000) 2022-12-25 06:14:11 Job submitted from host: <144.92.180.5:9618?addrs=144.92.180.5-9618+[2607-f388-101c-1000--368]-9618&alias=login02.hep.wisc.edu&noUDP&sock=schedd_3117_94ca>
...
040 (3396273.356.000) 2022-12-25 06:42:34 Entered queue to transfer input files
	Transferring to host: <128.105.69.31:9618?addrs=128.105.69.31-9618+[2607-f388-2200-100-1e6a-7aff-fe26-c963]-9618&alias=e2353.chtc.wisc.edu&noUDP&sock=slot1_22_7981_161e_21808>
...
040 (3396273.356.000) 2022-12-25 07:16:56 Started transferring input files
	Seconds spent in queue: 2062
...
040 (3396273.356.000) 2022-12-25 07:19:23 Finished transferring input files
...
001 (3396273.356.000) 2022-12-25 07:19:24 Job executing on host: <128.105.69.31:9618?addrs=128.105.69.31-9618+[2607-f388-2200-100-1e6a-7aff-fe26-c963]-9618&alias=e2353.chtc.wisc.edu&noUDP&sock=startd_7342_946d>
...
006 (3396273.356.000) 2022-12-25 07:19:32 Image size of job updated: 1016588
	379  -  MemoryUsage of job (MB)
	387224  -  ResidentSetSize of job (KB)
...
006 (3396273.356.000) 2022-12-25 07:24:32 Image size of job updated: 1453844
	533  -  MemoryUsage of job (MB)
	545168  -  ResidentSetSize of job (KB)
...
006 (3396273.356.000) 2022-12-25 07:29:32 Image size of job updated: 1456188
	534  -  MemoryUsage of job (MB)
	545992  -  ResidentSetSize of job (KB)
...
006 (3396273.356.000) 2022-12-25 07:34:33 Image size of job updated: 1464320
	534  -  MemoryUsage of job (MB)
	546004  -  ResidentSetSize of job (KB)
...
040 (3396273.356.000) 2022-12-25 07:35:40 Started transferring output files
	Seconds spent in queue: 3186
...
040 (3396273.356.000) 2022-12-25 07:35:40 Finished transferring output files
...
005 (3396273.356.000) 2022-12-25 07:35:41 Job terminated.
	(1) Normal termination (return value 0)
		Usr 0 00:04:54, Sys 0 00:00:57  -  Run Remote Usage
		Usr 0 00:00:00, Sys 0 00:00:00  -  Run Local Usage
		Usr 0 00:04:54, Sys 0 00:00:57  -  Total Remote Usage
		Usr 0 00:00:00, Sys 0 00:00:00  -  Total Local Usage
	1626915  -  Run Bytes Sent By Job
	328686848  -  Run Bytes Received By Job
	1626915  -  Total Bytes Sent By Job
	328686848  -  Total Bytes Received By Job
	Partitionable Resources :     Usage  Request Allocated 
	   Cpus                 :      0.30        1         1 
	   Disk (KB)            : 322640     2097152   2348047 
	   IoHeavy              :                            0 
	   Memory (MB)          :    534        2048      2048 

	Job terminated of its own accord at 2022-12-25T13:35:40Z.
...
