000 (3396273.545.000) 2022-12-25 06:14:13 Job submitted from host: <144.92.180.5:9618?addrs=144.92.180.5-9618+[2607-f388-101c-1000--368]-9618&alias=login02.hep.wisc.edu&noUDP&sock=schedd_3117_94ca>
...
040 (3396273.545.000) 2022-12-25 06:50:58 Entered queue to transfer input files
	Transferring to host: <128.105.68.218:9618?addrs=128.105.68.218-9618+[2607-f388-2200-100-1e6a-7aff-fe26-3123]-9618&alias=e305.chtc.wisc.edu&noUDP&sock=slot1_30_33507_766c_17871>
...
040 (3396273.545.000) 2022-12-25 07:27:15 Started transferring input files
	Seconds spent in queue: 2177
...
040 (3396273.545.000) 2022-12-25 07:28:37 Finished transferring input files
...
001 (3396273.545.000) 2022-12-25 07:28:38 Job executing on host: <128.105.68.218:9618?addrs=128.105.68.218-9618+[2607-f388-2200-100-1e6a-7aff-fe26-3123]-9618&alias=e305.chtc.wisc.edu&noUDP&sock=startd_7181_25ad>
...
006 (3396273.545.000) 2022-12-25 07:28:46 Image size of job updated: 39912
	16  -  MemoryUsage of job (MB)
	16216  -  ResidentSetSize of job (KB)
...
006 (3396273.545.000) 2022-12-25 07:33:46 Image size of job updated: 1474464
	549  -  MemoryUsage of job (MB)
	561476  -  ResidentSetSize of job (KB)
...
006 (3396273.545.000) 2022-12-25 07:38:47 Image size of job updated: 1486068
	549  -  MemoryUsage of job (MB)
	561476  -  ResidentSetSize of job (KB)
...
006 (3396273.545.000) 2022-12-25 07:43:47 Image size of job updated: 1486068
	562  -  MemoryUsage of job (MB)
	574752  -  ResidentSetSize of job (KB)
...
006 (3396273.545.000) 2022-12-25 07:48:47 Image size of job updated: 1486068
	565  -  MemoryUsage of job (MB)
	578240  -  ResidentSetSize of job (KB)
...
040 (3396273.545.000) 2022-12-25 07:51:54 Started transferring output files
	Seconds spent in queue: 3656
...
040 (3396273.545.000) 2022-12-25 07:51:55 Finished transferring output files
...
005 (3396273.545.000) 2022-12-25 07:51:55 Job terminated.
	(1) Normal termination (return value 0)
		Usr 0 00:05:40, Sys 0 00:00:15  -  Run Remote Usage
		Usr 0 00:00:00, Sys 0 00:00:00  -  Run Local Usage
		Usr 0 00:05:40, Sys 0 00:00:15  -  Total Remote Usage
		Usr 0 00:00:00, Sys 0 00:00:00  -  Total Local Usage
	1634829  -  Run Bytes Sent By Job
	328686848  -  Run Bytes Received By Job
	1634829  -  Total Bytes Sent By Job
	328686848  -  Total Bytes Received By Job
	Partitionable Resources :     Usage  Request Allocated 
	   Cpus                 :      0.29        1         1 
	   Disk (KB)            : 322648     2097152   2315115 
	   IoHeavy              :                            0 
	   Memory (MB)          :    565        2048      2048 

	Job terminated of its own accord at 2022-12-25T13:51:54Z.
...
