000 (3396273.036.000) 2022-12-25 06:14:09 Job submitted from host: <144.92.180.5:9618?addrs=144.92.180.5-9618+[2607-f388-101c-1000--368]-9618&alias=login02.hep.wisc.edu&noUDP&sock=schedd_3117_94ca>
...
040 (3396273.036.000) 2022-12-25 06:29:46 Entered queue to transfer input files
	Transferring to host: <128.105.68.212:9618?addrs=128.105.68.212-9618+[2607-f388-2200-100-1e6a-7aff-fe26-ca0f]-9618&alias=e2299.chtc.wisc.edu&noUDP&sock=slot1_11_7071_e8b9_19803>
...
040 (3396273.036.000) 2022-12-25 07:01:29 Started transferring input files
	Seconds spent in queue: 1903
...
040 (3396273.036.000) 2022-12-25 07:02:15 Finished transferring input files
...
001 (3396273.036.000) 2022-12-25 07:02:16 Job executing on host: <128.105.68.212:9618?addrs=128.105.68.212-9618+[2607-f388-2200-100-1e6a-7aff-fe26-ca0f]-9618&alias=e2299.chtc.wisc.edu&noUDP&sock=startd_7650_d798>
...
006 (3396273.036.000) 2022-12-25 07:02:24 Image size of job updated: 523960
	406  -  MemoryUsage of job (MB)
	415212  -  ResidentSetSize of job (KB)
...
006 (3396273.036.000) 2022-12-25 07:02:31 Image size of job updated: 1352872
	406  -  MemoryUsage of job (MB)
	415476  -  ResidentSetSize of job (KB)
...
040 (3396273.036.000) 2022-12-25 07:02:31 Started transferring output files
	Seconds spent in queue: 1965
...
040 (3396273.036.000) 2022-12-25 07:02:31 Finished transferring output files
...
005 (3396273.036.000) 2022-12-25 07:02:32 Job terminated.
	(1) Normal termination (return value 0)
		Usr 0 00:00:07, Sys 0 00:00:01  -  Run Remote Usage
		Usr 0 00:00:00, Sys 0 00:00:00  -  Run Local Usage
		Usr 0 00:00:07, Sys 0 00:00:01  -  Total Remote Usage
		Usr 0 00:00:00, Sys 0 00:00:00  -  Total Local Usage
	523222  -  Run Bytes Sent By Job
	328686848  -  Run Bytes Received By Job
	523222  -  Total Bytes Sent By Job
	328686848  -  Total Bytes Received By Job
	Partitionable Resources :    Usage  Request Allocated 
	   Cpus                 :        0        1         1 
	   Disk (KB)            :   321562  2097152   2367444 
	   IoHeavy              :                           0 
	   Memory (MB)          :      406     2048      2048 

	Job terminated of its own accord at 2022-12-25T13:02:31Z.
...
