000 (3396273.137.000) 2022-12-25 06:14:09 Job submitted from host: <144.92.180.5:9618?addrs=144.92.180.5-9618+[2607-f388-101c-1000--368]-9618&alias=login02.hep.wisc.edu&noUDP&sock=schedd_3117_94ca>
...
040 (3396273.137.000) 2022-12-25 06:32:34 Entered queue to transfer input files
	Transferring to host: <128.105.68.81:9618?addrs=128.105.68.81-9618+[2607-f388-2200-100-1e6a-7aff-fe26-dad5]-9618&alias=e2411.chtc.wisc.edu&noUDP&sock=slot1_4_39254_be75_17066>
...
040 (3396273.137.000) 2022-12-25 07:06:12 Started transferring input files
	Seconds spent in queue: 2018
...
040 (3396273.137.000) 2022-12-25 07:08:16 Finished transferring input files
...
001 (3396273.137.000) 2022-12-25 07:08:17 Job executing on host: <128.105.68.81:9618?addrs=128.105.68.81-9618+[2607-f388-2200-100-1e6a-7aff-fe26-dad5]-9618&alias=e2411.chtc.wisc.edu&noUDP&sock=startd_7724_999b>
...
006 (3396273.137.000) 2022-12-25 07:08:26 Image size of job updated: 203808
	63  -  MemoryUsage of job (MB)
	63904  -  ResidentSetSize of job (KB)
...
006 (3396273.137.000) 2022-12-25 07:09:50 Image size of job updated: 1348960
	63  -  MemoryUsage of job (MB)
	63904  -  ResidentSetSize of job (KB)
...
040 (3396273.137.000) 2022-12-25 07:09:51 Started transferring output files
	Seconds spent in queue: 2237
...
040 (3396273.137.000) 2022-12-25 07:09:51 Finished transferring output files
...
005 (3396273.137.000) 2022-12-25 07:09:51 Job terminated.
	(1) Normal termination (return value 0)
		Usr 0 00:00:19, Sys 0 00:00:02  -  Run Remote Usage
		Usr 0 00:00:00, Sys 0 00:00:00  -  Run Local Usage
		Usr 0 00:00:19, Sys 0 00:00:02  -  Total Remote Usage
		Usr 0 00:00:00, Sys 0 00:00:00  -  Total Local Usage
	532560  -  Run Bytes Sent By Job
	328686848  -  Run Bytes Received By Job
	532560  -  Total Bytes Sent By Job
	328686848  -  Total Bytes Received By Job
	Partitionable Resources :     Usage  Request Allocated 
	   Cpus                 :      0.24        1         1 
	   Disk (KB)            : 321571     2097152   2370083 
	   IoHeavy              :                            0 
	   Memory (MB)          :     63        2048      2048 

	Job terminated of its own accord at 2022-12-25T13:09:50Z.
...
