000 (3396272.132.000) 2022-12-25 06:11:14 Job submitted from host: <144.92.180.5:9618?addrs=144.92.180.5-9618+[2607-f388-101c-1000--368]-9618&alias=login02.hep.wisc.edu&noUDP&sock=schedd_3117_94ca>
...
040 (3396272.132.000) 2022-12-25 06:14:53 Entered queue to transfer input files
	Transferring to host: <128.104.100.41:9618?addrs=128.104.100.41-9618+[2607-f388-107c-501-862b-2bff-fe63-b118]-9618&alias=e0064.chtc.wisc.edu&noUDP&sock=slot1_18_9649_57e1_16778>
...
040 (3396272.132.000) 2022-12-25 06:40:09 Started transferring input files
	Seconds spent in queue: 1516
...
040 (3396272.132.000) 2022-12-25 06:51:27 Finished transferring input files
...
001 (3396272.132.000) 2022-12-25 06:51:28 Job executing on host: <128.104.100.41:9618?addrs=128.104.100.41-9618+[2607-f388-107c-501-862b-2bff-fe63-b118]-9618&alias=e0064.chtc.wisc.edu&noUDP&sock=startd_6731_7c0f>
...
006 (3396272.132.000) 2022-12-25 06:51:37 Image size of job updated: 785644
	361  -  MemoryUsage of job (MB)
	369164  -  ResidentSetSize of job (KB)
...
006 (3396272.132.000) 2022-12-25 06:52:24 Image size of job updated: 1404524
	361  -  MemoryUsage of job (MB)
	369308  -  ResidentSetSize of job (KB)
...
040 (3396272.132.000) 2022-12-25 06:52:24 Started transferring output files
	Seconds spent in queue: 2251
...
040 (3396272.132.000) 2022-12-25 06:52:24 Finished transferring output files
...
005 (3396272.132.000) 2022-12-25 06:52:24 Job terminated.
	(1) Normal termination (return value 0)
		Usr 0 00:00:23, Sys 0 00:00:08  -  Run Remote Usage
		Usr 0 00:00:00, Sys 0 00:00:00  -  Run Local Usage
		Usr 0 00:00:23, Sys 0 00:00:08  -  Total Remote Usage
		Usr 0 00:00:00, Sys 0 00:00:00  -  Total Local Usage
	9025  -  Run Bytes Sent By Job
	328686848  -  Run Bytes Received By Job
	9025  -  Total Bytes Sent By Job
	328686848  -  Total Bytes Received By Job
	Partitionable Resources :     Usage  Request Allocated 
	   Cpus                 :      0.02        1         1 
	   Disk (KB)            : 321059     2097152   3034135 
	   IoHeavy              :                            0 
	   Memory (MB)          :    361        2048      2048 

	Job terminated of its own accord at 2022-12-25T12:52:24Z.
...
