000 (3396273.199.000) 2022-12-25 06:14:10 Job submitted from host: <144.92.180.5:9618?addrs=144.92.180.5-9618+[2607-f388-101c-1000--368]-9618&alias=login02.hep.wisc.edu&noUDP&sock=schedd_3117_94ca>
...
040 (3396273.199.000) 2022-12-25 06:35:11 Entered queue to transfer input files
	Transferring to host: <128.104.58.154:9618?addrs=128.104.58.154-9618+[2607-f388-1086-0-16fe-b5ff-fec6-7996]-9618&alias=e1006.chtc.wisc.edu&noUDP&sock=slot1_29_35585_9a00_15355>
...
040 (3396273.199.000) 2022-12-25 07:09:02 Started transferring input files
	Seconds spent in queue: 2031
...
040 (3396273.199.000) 2022-12-25 07:09:25 Finished transferring input files
...
001 (3396273.199.000) 2022-12-25 07:09:26 Job executing on host: <128.104.58.154:9618?addrs=128.104.58.154-9618+[2607-f388-1086-0-16fe-b5ff-fec6-7996]-9618&alias=e1006.chtc.wisc.edu&noUDP&sock=startd_10208_6adb>
...
006 (3396273.199.000) 2022-12-25 07:09:35 Image size of job updated: 843132
	364  -  MemoryUsage of job (MB)
	372464  -  ResidentSetSize of job (KB)
...
006 (3396273.199.000) 2022-12-25 07:14:36 Image size of job updated: 1489528
	563  -  MemoryUsage of job (MB)
	575828  -  ResidentSetSize of job (KB)
...
006 (3396273.199.000) 2022-12-25 07:19:36 Image size of job updated: 1490832
	569  -  MemoryUsage of job (MB)
	582488  -  ResidentSetSize of job (KB)
...
006 (3396273.199.000) 2022-12-25 07:24:36 Image size of job updated: 1490832
	570  -  MemoryUsage of job (MB)
	583492  -  ResidentSetSize of job (KB)
...
006 (3396273.199.000) 2022-12-25 07:29:37 Image size of job updated: 1490832
	576  -  MemoryUsage of job (MB)
	589436  -  ResidentSetSize of job (KB)
...
040 (3396273.199.000) 2022-12-25 07:57:53 Started transferring output files
	Seconds spent in queue: 4962
...
040 (3396273.199.000) 2022-12-25 07:57:54 Finished transferring output files
...
005 (3396273.199.000) 2022-12-25 07:57:54 Job terminated.
	(1) Normal termination (return value 0)
		Usr 0 00:23:01, Sys 0 00:02:26  -  Run Remote Usage
		Usr 0 00:00:00, Sys 0 00:00:00  -  Run Local Usage
		Usr 0 00:23:01, Sys 0 00:02:26  -  Total Remote Usage
		Usr 0 00:00:00, Sys 0 00:00:00  -  Total Local Usage
	1749847  -  Run Bytes Sent By Job
	328686848  -  Run Bytes Received By Job
	1749847  -  Total Bytes Sent By Job
	328686848  -  Total Bytes Received By Job
	Partitionable Resources :     Usage  Request Allocated 
	   Cpus                 :      0.66        1         1 
	   Disk (KB)            : 322760     2097152   2326924 
	   IoHeavy              :                            0 
	   Memory (MB)          :    576        2048      2048 

	Job terminated of its own accord at 2022-12-25T13:57:53Z.
...
