000 (3396272.315.000) 2022-12-25 06:11:15 Job submitted from host: <144.92.180.5:9618?addrs=144.92.180.5-9618+[2607-f388-101c-1000--368]-9618&alias=login02.hep.wisc.edu&noUDP&sock=schedd_3117_94ca>
...
040 (3396272.315.000) 2022-12-25 06:22:56 Entered queue to transfer input files
	Transferring to host: <128.105.69.27:9618?addrs=128.105.69.27-9618+[2607-f388-2200-100-1e6a-7aff-fe26-b49b]-9618&alias=e349.chtc.wisc.edu&noUDP&sock=slot1_8_4230_2ae5_15557>
...
040 (3396272.315.000) 2022-12-25 06:52:02 Started transferring input files
	Seconds spent in queue: 1746
...
040 (3396272.315.000) 2022-12-25 07:01:22 Finished transferring input files
...
001 (3396272.315.000) 2022-12-25 07:01:23 Job executing on host: <128.105.69.27:9618?addrs=128.105.69.27-9618+[2607-f388-2200-100-1e6a-7aff-fe26-b49b]-9618&alias=e349.chtc.wisc.edu&noUDP&sock=startd_7255_e7b0>
...
006 (3396272.315.000) 2022-12-25 07:01:32 Image size of job updated: 38756
	15  -  MemoryUsage of job (MB)
	14516  -  ResidentSetSize of job (KB)
...
006 (3396272.315.000) 2022-12-25 07:02:58 Image size of job updated: 1507928
	15  -  MemoryUsage of job (MB)
	14556  -  ResidentSetSize of job (KB)
...
040 (3396272.315.000) 2022-12-25 07:02:58 Started transferring output files
	Seconds spent in queue: 2402
...
040 (3396272.315.000) 2022-12-25 07:02:58 Finished transferring output files
...
005 (3396272.315.000) 2022-12-25 07:02:58 Job terminated.
	(1) Normal termination (return value 0)
		Usr 0 00:00:09, Sys 0 00:00:01  -  Run Remote Usage
		Usr 0 00:00:00, Sys 0 00:00:00  -  Run Local Usage
		Usr 0 00:00:09, Sys 0 00:00:01  -  Total Remote Usage
		Usr 0 00:00:00, Sys 0 00:00:00  -  Total Local Usage
	153672  -  Run Bytes Sent By Job
	328686848  -  Run Bytes Received By Job
	153672  -  Total Bytes Sent By Job
	328686848  -  Total Bytes Received By Job
	Partitionable Resources :     Usage  Request Allocated 
	   Cpus                 :      0.18        1         1 
	   Disk (KB)            : 321201     2097152   2340275 
	   IoHeavy              :                            0 
	   Memory (MB)          :     15        2048      2048 

	Job terminated of its own accord at 2022-12-25T13:02:58Z.
...
