000 (3396273.141.000) 2022-12-25 06:14:09 Job submitted from host: <144.92.180.5:9618?addrs=144.92.180.5-9618+[2607-f388-101c-1000--368]-9618&alias=login02.hep.wisc.edu&noUDP&sock=schedd_3117_94ca>
...
040 (3396273.141.000) 2022-12-25 06:32:55 Entered queue to transfer input files
	Transferring to host: <128.105.68.245:9618?addrs=128.105.68.245-9618+[2607-f388-2200-100-22a-6aff-fee0-e6a3]-9618&alias=e2332.chtc.wisc.edu&noUDP&sock=slot1_28_9199_470f_16901>
...
040 (3396273.141.000) 2022-12-25 07:06:19 Started transferring input files
	Seconds spent in queue: 2004
...
040 (3396273.141.000) 2022-12-25 07:07:49 Finished transferring input files
...
001 (3396273.141.000) 2022-12-25 07:07:50 Job executing on host: <128.105.68.245:9618?addrs=128.105.68.245-9618+[2607-f388-2200-100-22a-6aff-fee0-e6a3]-9618&alias=e2332.chtc.wisc.edu&noUDP&sock=startd_7482_9baf>
...
006 (3396273.141.000) 2022-12-25 07:07:58 Image size of job updated: 93816
	30  -  MemoryUsage of job (MB)
	29936  -  ResidentSetSize of job (KB)
...
006 (3396273.141.000) 2022-12-25 07:08:44 Image size of job updated: 1349788
	30  -  MemoryUsage of job (MB)
	30588  -  ResidentSetSize of job (KB)
...
040 (3396273.141.000) 2022-12-25 07:08:44 Started transferring output files
	Seconds spent in queue: 2149
...
040 (3396273.141.000) 2022-12-25 07:08:44 Finished transferring output files
...
005 (3396273.141.000) 2022-12-25 07:08:44 Job terminated.
	(1) Normal termination (return value 0)
		Usr 0 00:00:17, Sys 0 00:00:01  -  Run Remote Usage
		Usr 0 00:00:00, Sys 0 00:00:00  -  Run Local Usage
		Usr 0 00:00:17, Sys 0 00:00:01  -  Total Remote Usage
		Usr 0 00:00:00, Sys 0 00:00:00  -  Total Local Usage
	601514  -  Run Bytes Sent By Job
	328686848  -  Run Bytes Received By Job
	601514  -  Total Bytes Sent By Job
	328686848  -  Total Bytes Received By Job
	Partitionable Resources :     Usage  Request Allocated 
	   Cpus                 :      0.58        1         1 
	   Disk (KB)            : 321639     2097152   2345093 
	   IoHeavy              :                            0 
	   Memory (MB)          :     30        2048      2048 

	Job terminated of its own accord at 2022-12-25T13:08:44Z.
...
