000 (3396273.118.000) 2022-12-25 06:14:09 Job submitted from host: <144.92.180.5:9618?addrs=144.92.180.5-9618+[2607-f388-101c-1000--368]-9618&alias=login02.hep.wisc.edu&noUDP&sock=schedd_3117_94ca>
...
040 (3396273.118.000) 2022-12-25 06:32:01 Entered queue to transfer input files
	Transferring to host: <128.104.58.170:9618?addrs=128.104.58.170-9618+[2607-f388-1086-0-f24d-a2ff-fe40-fe02]-9618&alias=e1024.chtc.wisc.edu&noUDP&sock=slot1_32_29533_6b8a_15741>
...
040 (3396273.118.000) 2022-12-25 07:05:25 Started transferring input files
	Seconds spent in queue: 2004
...
040 (3396273.118.000) 2022-12-25 07:06:08 Finished transferring input files
...
001 (3396273.118.000) 2022-12-25 07:06:09 Job executing on host: <128.104.58.170:9618?addrs=128.104.58.170-9618+[2607-f388-1086-0-f24d-a2ff-fe40-fe02]-9618&alias=e1024.chtc.wisc.edu&noUDP&sock=startd_10190_1227>
...
006 (3396273.118.000) 2022-12-25 07:06:18 Image size of job updated: 854096
	361  -  MemoryUsage of job (MB)
	368944  -  ResidentSetSize of job (KB)
...
006 (3396273.118.000) 2022-12-25 07:07:18 Image size of job updated: 1373640
	361  -  MemoryUsage of job (MB)
	369028  -  ResidentSetSize of job (KB)
...
040 (3396273.118.000) 2022-12-25 07:07:18 Started transferring output files
	Seconds spent in queue: 2117
...
040 (3396273.118.000) 2022-12-25 07:07:19 Finished transferring output files
...
005 (3396273.118.000) 2022-12-25 07:07:19 Job terminated.
	(1) Normal termination (return value 0)
		Usr 0 00:00:34, Sys 0 00:00:05  -  Run Remote Usage
		Usr 0 00:00:00, Sys 0 00:00:00  -  Run Local Usage
		Usr 0 00:00:34, Sys 0 00:00:05  -  Total Remote Usage
		Usr 0 00:00:00, Sys 0 00:00:00  -  Total Local Usage
	630252  -  Run Bytes Sent By Job
	328686848  -  Run Bytes Received By Job
	630252  -  Total Bytes Sent By Job
	328686848  -  Total Bytes Received By Job
	Partitionable Resources :    Usage  Request Allocated 
	   Cpus                 :        0        1         1 
	   Disk (KB)            :   321666  2097152   2302105 
	   IoHeavy              :                           0 
	   Memory (MB)          :      361     2048      2048 

	Job terminated of its own accord at 2022-12-25T13:07:18Z.
...
