000 (3396273.206.000) 2022-12-25 06:14:10 Job submitted from host: <144.92.180.5:9618?addrs=144.92.180.5-9618+[2607-f388-101c-1000--368]-9618&alias=login02.hep.wisc.edu&noUDP&sock=schedd_3117_94ca>
...
040 (3396273.206.000) 2022-12-25 06:35:20 Entered queue to transfer input files
	Transferring to host: <128.105.244.29:9618?addrs=128.105.244.29-9618&alias=e3160.chtc.wisc.edu&noUDP&sock=slot1_4_6431_f89f_11471>
...
040 (3396273.206.000) 2022-12-25 07:09:25 Started transferring input files
	Seconds spent in queue: 2045
...
040 (3396273.206.000) 2022-12-25 07:13:11 Finished transferring input files
...
001 (3396273.206.000) 2022-12-25 07:13:12 Job executing on host: <128.105.244.29:9618?addrs=128.105.244.29-9618&alias=e3160.chtc.wisc.edu&noUDP&sock=startd_6879_0014>
...
006 (3396273.206.000) 2022-12-25 07:13:21 Image size of job updated: 88708
	43  -  MemoryUsage of job (MB)
	43988  -  ResidentSetSize of job (KB)
...
006 (3396273.206.000) 2022-12-25 07:18:22 Image size of job updated: 1489524
	550  -  MemoryUsage of job (MB)
	563040  -  ResidentSetSize of job (KB)
...
006 (3396273.206.000) 2022-12-25 07:23:23 Image size of job updated: 1489524
	564  -  MemoryUsage of job (MB)
	577144  -  ResidentSetSize of job (KB)
...
006 (3396273.206.000) 2022-12-25 07:28:23 Image size of job updated: 1489524
	567  -  MemoryUsage of job (MB)
	580276  -  ResidentSetSize of job (KB)
...
006 (3396273.206.000) 2022-12-25 07:33:24 Image size of job updated: 1490468
	573  -  MemoryUsage of job (MB)
	586220  -  ResidentSetSize of job (KB)
...
006 (3396273.206.000) 2022-12-25 07:38:24 Image size of job updated: 1490468
	573  -  MemoryUsage of job (MB)
	586316  -  ResidentSetSize of job (KB)
...
006 (3396273.206.000) 2022-12-25 07:48:25 Image size of job updated: 1490468
	573  -  MemoryUsage of job (MB)
	586356  -  ResidentSetSize of job (KB)
...
006 (3396273.206.000) 2022-12-25 07:53:25 Image size of job updated: 1490468
	574  -  MemoryUsage of job (MB)
	587108  -  ResidentSetSize of job (KB)
...
006 (3396273.206.000) 2022-12-25 08:03:27 Image size of job updated: 1490720
	574  -  MemoryUsage of job (MB)
	587328  -  ResidentSetSize of job (KB)
...
006 (3396273.206.000) 2022-12-25 08:08:27 Image size of job updated: 1491884
	574  -  MemoryUsage of job (MB)
	587328  -  ResidentSetSize of job (KB)
...
006 (3396273.206.000) 2022-12-25 08:13:27 Image size of job updated: 1493220
	574  -  MemoryUsage of job (MB)
	587328  -  ResidentSetSize of job (KB)
...
040 (3396273.206.000) 2022-12-25 08:17:27 Started transferring output files
	Seconds spent in queue: 6127
...
040 (3396273.206.000) 2022-12-25 08:17:28 Finished transferring output files
...
005 (3396273.206.000) 2022-12-25 08:17:28 Job terminated.
	(1) Normal termination (return value 0)
		Usr 0 00:33:14, Sys 0 00:03:09  -  Run Remote Usage
		Usr 0 00:00:00, Sys 0 00:00:00  -  Run Local Usage
		Usr 0 00:33:14, Sys 0 00:03:09  -  Total Remote Usage
		Usr 0 00:00:00, Sys 0 00:00:00  -  Total Local Usage
	1750567  -  Run Bytes Sent By Job
	328686848  -  Run Bytes Received By Job
	1750567  -  Total Bytes Sent By Job
	328686848  -  Total Bytes Received By Job
	Partitionable Resources :     Usage  Request Allocated 
	   Cpus                 :      0.64        1         1 
	   Disk (KB)            : 322759     2097152   3183314 
	   IoHeavy              :                            0 
	   Memory (MB)          :    574        2048      2048 

	Job terminated of its own accord at 2022-12-25T14:17:27Z.
...
