000 (3396273.449.000) 2022-12-25 06:14:12 Job submitted from host: <144.92.180.5:9618?addrs=144.92.180.5-9618+[2607-f388-101c-1000--368]-9618&alias=login02.hep.wisc.edu&noUDP&sock=schedd_3117_94ca>
...
040 (3396273.449.000) 2022-12-25 06:45:52 Entered queue to transfer input files
	Transferring to host: <128.105.68.250:9618?addrs=128.105.68.250-9618+[2607-f388-2200-100-1e6a-7aff-fe26-c793]-9618&alias=e2337.chtc.wisc.edu&noUDP&sock=slot1_24_23354_c16f_15169>
...
040 (3396273.449.000) 2022-12-25 07:21:22 Started transferring input files
	Seconds spent in queue: 2130
...
040 (3396273.449.000) 2022-12-25 07:26:57 Finished transferring input files
...
001 (3396273.449.000) 2022-12-25 07:26:58 Job executing on host: <128.105.68.250:9618?addrs=128.105.68.250-9618+[2607-f388-2200-100-1e6a-7aff-fe26-c793]-9618&alias=e2337.chtc.wisc.edu&noUDP&sock=startd_6949_03b5>
...
006 (3396273.449.000) 2022-12-25 07:27:07 Image size of job updated: 119676
	68  -  MemoryUsage of job (MB)
	69332  -  ResidentSetSize of job (KB)
...
006 (3396273.449.000) 2022-12-25 07:32:08 Image size of job updated: 1478928
	543  -  MemoryUsage of job (MB)
	555312  -  ResidentSetSize of job (KB)
...
006 (3396273.449.000) 2022-12-25 07:36:58 Image size of job updated: 1480088
	543  -  MemoryUsage of job (MB)
	555312  -  ResidentSetSize of job (KB)
...
040 (3396273.449.000) 2022-12-25 07:36:58 Started transferring output files
	Seconds spent in queue: 3066
...
040 (3396273.449.000) 2022-12-25 07:36:59 Finished transferring output files
...
005 (3396273.449.000) 2022-12-25 07:36:59 Job terminated.
	(1) Normal termination (return value 0)
		Usr 0 00:02:04, Sys 0 00:00:10  -  Run Remote Usage
		Usr 0 00:00:00, Sys 0 00:00:00  -  Run Local Usage
		Usr 0 00:02:04, Sys 0 00:00:10  -  Total Remote Usage
		Usr 0 00:00:00, Sys 0 00:00:00  -  Total Local Usage
	1541808  -  Run Bytes Sent By Job
	328686848  -  Run Bytes Received By Job
	1541808  -  Total Bytes Sent By Job
	328686848  -  Total Bytes Received By Job
	Partitionable Resources :     Usage  Request Allocated 
	   Cpus                 :      0.18        1         1 
	   Disk (KB)            : 322557     2097152   2338721 
	   IoHeavy              :                            0 
	   Memory (MB)          :    543        2048      2048 

	Job terminated of its own accord at 2022-12-25T13:36:58Z.
...
