000 (3396272.177.000) 2022-12-25 06:11:14 Job submitted from host: <144.92.180.5:9618?addrs=144.92.180.5-9618+[2607-f388-101c-1000--368]-9618&alias=login02.hep.wisc.edu&noUDP&sock=schedd_3117_94ca>
...
040 (3396272.177.000) 2022-12-25 06:15:27 Entered queue to transfer input files
	Transferring to host: <128.105.68.218:9618?addrs=128.105.68.218-9618+[2607-f388-2200-100-1e6a-7aff-fe26-3123]-9618&alias=e305.chtc.wisc.edu&noUDP&sock=slot1_31_33507_766c_17766>
...
040 (3396272.177.000) 2022-12-25 06:43:56 Started transferring input files
	Seconds spent in queue: 1709
...
040 (3396272.177.000) 2022-12-25 06:51:15 Finished transferring input files
...
001 (3396272.177.000) 2022-12-25 06:51:16 Job executing on host: <128.105.68.218:9618?addrs=128.105.68.218-9618+[2607-f388-2200-100-1e6a-7aff-fe26-3123]-9618&alias=e305.chtc.wisc.edu&noUDP&sock=startd_7181_25ad>
...
006 (3396272.177.000) 2022-12-25 06:51:24 Image size of job updated: 256928
	32  -  MemoryUsage of job (MB)
	32024  -  ResidentSetSize of job (KB)
...
006 (3396272.177.000) 2022-12-25 06:53:28 Image size of job updated: 1408216
	37  -  MemoryUsage of job (MB)
	37000  -  ResidentSetSize of job (KB)
...
040 (3396272.177.000) 2022-12-25 06:53:28 Started transferring output files
	Seconds spent in queue: 2281
...
040 (3396272.177.000) 2022-12-25 06:53:28 Finished transferring output files
...
005 (3396272.177.000) 2022-12-25 06:53:28 Job terminated.
	(1) Normal termination (return value 0)
		Usr 0 00:00:12, Sys 0 00:00:01  -  Run Remote Usage
		Usr 0 00:00:00, Sys 0 00:00:00  -  Run Local Usage
		Usr 0 00:00:12, Sys 0 00:00:01  -  Total Remote Usage
		Usr 0 00:00:00, Sys 0 00:00:00  -  Total Local Usage
	9341  -  Run Bytes Sent By Job
	328686848  -  Run Bytes Received By Job
	9341  -  Total Bytes Sent By Job
	328686848  -  Total Bytes Received By Job
	Partitionable Resources :     Usage  Request Allocated 
	   Cpus                 :      0.22        1         1 
	   Disk (KB)            : 321060     2097152   2315115 
	   IoHeavy              :                            0 
	   Memory (MB)          :     37        2048      2048 

	Job terminated of its own accord at 2022-12-25T12:53:28Z.
...
