000 (3396273.360.000) 2022-12-25 06:14:11 Job submitted from host: <144.92.180.5:9618?addrs=144.92.180.5-9618+[2607-f388-101c-1000--368]-9618&alias=login02.hep.wisc.edu&noUDP&sock=schedd_3117_94ca>
...
040 (3396273.360.000) 2022-12-25 06:42:46 Entered queue to transfer input files
	Transferring to host: <128.104.58.191:9618?addrs=128.104.58.191-9618+[2607-f388-1086-0-16fe-b5ff-fec6-7579]-9618&alias=e1046.chtc.wisc.edu&noUDP&sock=slot1_2_32237_a1f8_21850>
...
040 (3396273.360.000) 2022-12-25 07:17:09 Started transferring input files
	Seconds spent in queue: 2063
...
040 (3396273.360.000) 2022-12-25 07:22:04 Finished transferring input files
...
001 (3396273.360.000) 2022-12-25 07:22:05 Job executing on host: <128.104.58.191:9618?addrs=128.104.58.191-9618+[2607-f388-1086-0-16fe-b5ff-fec6-7579]-9618&alias=e1046.chtc.wisc.edu&noUDP&sock=startd_10274_b01b>
...
006 (3396273.360.000) 2022-12-25 07:22:14 Image size of job updated: 837560
	364  -  MemoryUsage of job (MB)
	372212  -  ResidentSetSize of job (KB)
...
006 (3396273.360.000) 2022-12-25 07:27:15 Image size of job updated: 1461020
	536  -  MemoryUsage of job (MB)
	547896  -  ResidentSetSize of job (KB)
...
006 (3396273.360.000) 2022-12-25 07:32:16 Image size of job updated: 1461252
	538  -  MemoryUsage of job (MB)
	550392  -  ResidentSetSize of job (KB)
...
006 (3396273.360.000) 2022-12-25 07:37:16 Image size of job updated: 1461252
	550  -  MemoryUsage of job (MB)
	563064  -  ResidentSetSize of job (KB)
...
006 (3396273.360.000) 2022-12-25 07:47:19 Image size of job updated: 1464852
	550  -  MemoryUsage of job (MB)
	563064  -  ResidentSetSize of job (KB)
...
040 (3396273.360.000) 2022-12-25 07:49:41 Started transferring output files
	Seconds spent in queue: 4015
...
040 (3396273.360.000) 2022-12-25 07:49:42 Finished transferring output files
...
005 (3396273.360.000) 2022-12-25 07:49:42 Job terminated.
	(1) Normal termination (return value 0)
		Usr 0 00:12:33, Sys 0 00:01:13  -  Run Remote Usage
		Usr 0 00:00:00, Sys 0 00:00:00  -  Run Local Usage
		Usr 0 00:12:33, Sys 0 00:01:13  -  Total Remote Usage
		Usr 0 00:00:00, Sys 0 00:00:00  -  Total Local Usage
	1748396  -  Run Bytes Sent By Job
	328686848  -  Run Bytes Received By Job
	1748396  -  Total Bytes Sent By Job
	328686848  -  Total Bytes Received By Job
	Partitionable Resources :     Usage  Request Allocated 
	   Cpus                 :      0.64        1         1 
	   Disk (KB)            : 322758     2097152   2324464 
	   IoHeavy              :                            0 
	   Memory (MB)          :    550        2048      2048 

	Job terminated of its own accord at 2022-12-25T13:49:41Z.
...
