000 (3396273.239.000) 2022-12-25 06:14:10 Job submitted from host: <144.92.180.5:9618?addrs=144.92.180.5-9618+[2607-f388-101c-1000--368]-9618&alias=login02.hep.wisc.edu&noUDP&sock=schedd_3117_94ca>
...
040 (3396273.239.000) 2022-12-25 06:36:58 Entered queue to transfer input files
	Transferring to host: <128.105.68.245:9618?addrs=128.105.68.245-9618+[2607-f388-2200-100-22a-6aff-fee0-e6a3]-9618&alias=e2332.chtc.wisc.edu&noUDP&sock=slot1_4_9199_470f_16908>
...
040 (3396273.239.000) 2022-12-25 07:11:01 Started transferring input files
	Seconds spent in queue: 2043
...
040 (3396273.239.000) 2022-12-25 07:20:09 Finished transferring input files
...
001 (3396273.239.000) 2022-12-25 07:20:10 Job executing on host: <128.105.68.245:9618?addrs=128.105.68.245-9618+[2607-f388-2200-100-22a-6aff-fee0-e6a3]-9618&alias=e2332.chtc.wisc.edu&noUDP&sock=startd_7482_9baf>
...
006 (3396273.239.000) 2022-12-25 07:20:18 Image size of job updated: 147852
	62  -  MemoryUsage of job (MB)
	63444  -  ResidentSetSize of job (KB)
...
006 (3396273.239.000) 2022-12-25 07:25:18 Image size of job updated: 1448632
	535  -  MemoryUsage of job (MB)
	547220  -  ResidentSetSize of job (KB)
...
040 (3396273.239.000) 2022-12-25 07:28:15 Started transferring output files
	Seconds spent in queue: 3077
...
040 (3396273.239.000) 2022-12-25 07:28:16 Finished transferring output files
...
005 (3396273.239.000) 2022-12-25 07:28:16 Job terminated.
	(1) Normal termination (return value 0)
		Usr 0 00:02:50, Sys 0 00:00:08  -  Run Remote Usage
		Usr 0 00:00:00, Sys 0 00:00:00  -  Run Local Usage
		Usr 0 00:02:50, Sys 0 00:00:08  -  Total Remote Usage
		Usr 0 00:00:00, Sys 0 00:00:00  -  Total Local Usage
	1582247  -  Run Bytes Sent By Job
	328686848  -  Run Bytes Received By Job
	1582247  -  Total Bytes Sent By Job
	328686848  -  Total Bytes Received By Job
	Partitionable Resources :     Usage  Request Allocated 
	   Cpus                 :      0.31        1         1 
	   Disk (KB)            : 322596     2097152   2345093 
	   IoHeavy              :                            0 
	   Memory (MB)          :    535        2048      2048 

	Job terminated of its own accord at 2022-12-25T13:28:15Z.
...
