000 (3396272.448.000) 2022-12-25 06:11:16 Job submitted from host: <144.92.180.5:9618?addrs=144.92.180.5-9618+[2607-f388-101c-1000--368]-9618&alias=login02.hep.wisc.edu&noUDP&sock=schedd_3117_94ca>
...
040 (3396272.448.000) 2022-12-25 06:28:36 Entered queue to transfer input files
	Transferring to host: <128.104.58.191:9618?addrs=128.104.58.191-9618+[2607-f388-1086-0-16fe-b5ff-fec6-7579]-9618&alias=e1046.chtc.wisc.edu&noUDP&sock=slot1_22_32237_a1f8_21815>
...
040 (3396272.448.000) 2022-12-25 06:59:32 Started transferring input files
	Seconds spent in queue: 1856
...
040 (3396272.448.000) 2022-12-25 07:00:34 Finished transferring input files
...
001 (3396272.448.000) 2022-12-25 07:00:36 Job executing on host: <128.104.58.191:9618?addrs=128.104.58.191-9618+[2607-f388-1086-0-16fe-b5ff-fec6-7579]-9618&alias=e1046.chtc.wisc.edu&noUDP&sock=startd_10274_b01b>
...
006 (3396272.448.000) 2022-12-25 07:00:45 Image size of job updated: 469472
	360  -  MemoryUsage of job (MB)
	368016  -  ResidentSetSize of job (KB)
...
006 (3396272.448.000) 2022-12-25 07:01:42 Image size of job updated: 1425564
	360  -  MemoryUsage of job (MB)
	368076  -  ResidentSetSize of job (KB)
...
040 (3396272.448.000) 2022-12-25 07:01:42 Started transferring output files
	Seconds spent in queue: 1986
...
040 (3396272.448.000) 2022-12-25 07:01:43 Finished transferring output files
...
005 (3396272.448.000) 2022-12-25 07:01:43 Job terminated.
	(1) Normal termination (return value 0)
		Usr 0 00:00:22, Sys 0 00:00:07  -  Run Remote Usage
		Usr 0 00:00:00, Sys 0 00:00:00  -  Run Local Usage
		Usr 0 00:00:22, Sys 0 00:00:07  -  Total Remote Usage
		Usr 0 00:00:00, Sys 0 00:00:00  -  Total Local Usage
	755298  -  Run Bytes Sent By Job
	328686848  -  Run Bytes Received By Job
	755298  -  Total Bytes Sent By Job
	328686848  -  Total Bytes Received By Job
	Partitionable Resources :    Usage  Request Allocated 
	   Cpus                 :        0        1         1 
	   Disk (KB)            :   321788  2097152   2324464 
	   IoHeavy              :                           0 
	   Memory (MB)          :      360     2048      2048 

	Job terminated of its own accord at 2022-12-25T13:01:42Z.
...
