000 (3396273.272.000) 2022-12-25 06:14:11 Job submitted from host: <144.92.180.5:9618?addrs=144.92.180.5-9618+[2607-f388-101c-1000--368]-9618&alias=login02.hep.wisc.edu&noUDP&sock=schedd_3117_94ca>
...
040 (3396273.272.000) 2022-12-25 06:38:46 Entered queue to transfer input files
	Transferring to host: <128.105.68.135:9618?addrs=128.105.68.135-9618+[2607-f388-2200-100-1e6a-7aff-fe26-3203]-9618&alias=e2433.chtc.wisc.edu&noUDP&sock=slot1_24_37901_6ede_14712>
...
040 (3396273.272.000) 2022-12-25 07:12:45 Started transferring input files
	Seconds spent in queue: 2039
...
040 (3396273.272.000) 2022-12-25 07:15:16 Finished transferring input files
...
001 (3396273.272.000) 2022-12-25 07:15:17 Job executing on host: <128.105.68.135:9618?addrs=128.105.68.135-9618+[2607-f388-2200-100-1e6a-7aff-fe26-3203]-9618&alias=e2433.chtc.wisc.edu&noUDP&sock=startd_7128_cb29>
...
006 (3396273.272.000) 2022-12-25 07:15:25 Image size of job updated: 526136
	362  -  MemoryUsage of job (MB)
	370120  -  ResidentSetSize of job (KB)
...
006 (3396273.272.000) 2022-12-25 07:20:25 Image size of job updated: 1442340
	533  -  MemoryUsage of job (MB)
	545300  -  ResidentSetSize of job (KB)
...
040 (3396273.272.000) 2022-12-25 07:23:37 Started transferring output files
	Seconds spent in queue: 2691
...
040 (3396273.272.000) 2022-12-25 07:23:38 Finished transferring output files
...
005 (3396273.272.000) 2022-12-25 07:23:38 Job terminated.
	(1) Normal termination (return value 0)
		Usr 0 00:02:57, Sys 0 00:00:23  -  Run Remote Usage
		Usr 0 00:00:00, Sys 0 00:00:00  -  Run Local Usage
		Usr 0 00:02:57, Sys 0 00:00:23  -  Total Remote Usage
		Usr 0 00:00:00, Sys 0 00:00:00  -  Total Local Usage
	1582247  -  Run Bytes Sent By Job
	328686848  -  Run Bytes Received By Job
	1582247  -  Total Bytes Sent By Job
	328686848  -  Total Bytes Received By Job
	Partitionable Resources :     Usage  Request Allocated 
	   Cpus                 :      0.37        1         1 
	   Disk (KB)            : 322596     2097152   2328610 
	   IoHeavy              :                            0 
	   Memory (MB)          :    533        2048      2048 

	Job terminated of its own accord at 2022-12-25T13:23:37Z.
...
