000 (3396273.209.000) 2022-12-25 06:14:10 Job submitted from host: <144.92.180.5:9618?addrs=144.92.180.5-9618+[2607-f388-101c-1000--368]-9618&alias=login02.hep.wisc.edu&noUDP&sock=schedd_3117_94ca>
...
040 (3396273.209.000) 2022-12-25 06:35:21 Entered queue to transfer input files
	Transferring to host: <128.104.58.194:9618?addrs=128.104.58.194-9618+[2607-f388-1086-0-f24d-a2ff-fe40-ff19]-9618&alias=e1052.chtc.wisc.edu&noUDP&sock=slot1_17_16828_9925_22758>
...
040 (3396273.209.000) 2022-12-25 07:09:36 Started transferring input files
	Seconds spent in queue: 2055
...
040 (3396273.209.000) 2022-12-25 07:23:24 Finished transferring input files
...
001 (3396273.209.000) 2022-12-25 07:23:25 Job executing on host: <128.104.58.194:9618?addrs=128.104.58.194-9618+[2607-f388-1086-0-f24d-a2ff-fe40-ff19]-9618&alias=e1052.chtc.wisc.edu&noUDP&sock=startd_10203_fce2>
...
006 (3396273.209.000) 2022-12-25 07:23:33 Image size of job updated: 807104
	359  -  MemoryUsage of job (MB)
	366700  -  ResidentSetSize of job (KB)
...
006 (3396273.209.000) 2022-12-25 07:28:33 Image size of job updated: 1489756
	555  -  MemoryUsage of job (MB)
	567524  -  ResidentSetSize of job (KB)
...
006 (3396273.209.000) 2022-12-25 07:33:34 Image size of job updated: 1489756
	564  -  MemoryUsage of job (MB)
	577008  -  ResidentSetSize of job (KB)
...
006 (3396273.209.000) 2022-12-25 07:38:35 Image size of job updated: 1491600
	564  -  MemoryUsage of job (MB)
	577008  -  ResidentSetSize of job (KB)
...
006 (3396273.209.000) 2022-12-25 07:43:35 Image size of job updated: 1492804
	574  -  MemoryUsage of job (MB)
	587628  -  ResidentSetSize of job (KB)
...
006 (3396273.209.000) 2022-12-25 07:48:35 Image size of job updated: 1492804
	576  -  MemoryUsage of job (MB)
	589240  -  ResidentSetSize of job (KB)
...
006 (3396273.209.000) 2022-12-25 07:53:36 Image size of job updated: 1493208
	576  -  MemoryUsage of job (MB)
	589240  -  ResidentSetSize of job (KB)
...
006 (3396273.209.000) 2022-12-25 08:08:37 Image size of job updated: 1494592
	576  -  MemoryUsage of job (MB)
	589240  -  ResidentSetSize of job (KB)
...
040 (3396273.209.000) 2022-12-25 08:11:46 Started transferring output files
	Seconds spent in queue: 5785
...
040 (3396273.209.000) 2022-12-25 08:11:46 Finished transferring output files
...
005 (3396273.209.000) 2022-12-25 08:11:46 Job terminated.
	(1) Normal termination (return value 0)
		Usr 0 00:23:06, Sys 0 00:02:39  -  Run Remote Usage
		Usr 0 00:00:00, Sys 0 00:00:00  -  Run Local Usage
		Usr 0 00:23:06, Sys 0 00:02:39  -  Total Remote Usage
		Usr 0 00:00:00, Sys 0 00:00:00  -  Total Local Usage
	1769433  -  Run Bytes Sent By Job
	328686848  -  Run Bytes Received By Job
	1769433  -  Total Bytes Sent By Job
	328686848  -  Total Bytes Received By Job
	Partitionable Resources :     Usage  Request Allocated 
	   Cpus                 :      0.57        1         1 
	   Disk (KB)            : 322779     2097152   2300752 
	   IoHeavy              :                            0 
	   Memory (MB)          :    576        2048      2048 

	Job terminated of its own accord at 2022-12-25T14:11:46Z.
...
