000 (3396273.421.000) 2022-12-25 06:14:12 Job submitted from host: <144.92.180.5:9618?addrs=144.92.180.5-9618+[2607-f388-101c-1000--368]-9618&alias=login02.hep.wisc.edu&noUDP&sock=schedd_3117_94ca>
...
040 (3396273.421.000) 2022-12-25 06:44:32 Entered queue to transfer input files
	Transferring to host: <128.105.69.53:9618?addrs=128.105.69.53-9618+[2607-f388-2200-100-1e6a-7aff-fe21-b70d]-9618&alias=e2377.chtc.wisc.edu&noUDP&sock=slot1_12_21351_75fd_19235>
...
040 (3396273.421.000) 2022-12-25 07:20:05 Started transferring input files
	Seconds spent in queue: 2133
...
040 (3396273.421.000) 2022-12-25 07:23:23 Finished transferring input files
...
001 (3396273.421.000) 2022-12-25 07:23:24 Job executing on host: <128.105.69.53:9618?addrs=128.105.69.53-9618+[2607-f388-2200-100-1e6a-7aff-fe21-b70d]-9618&alias=e2377.chtc.wisc.edu&noUDP&sock=startd_7702_8285>
...
006 (3396273.421.000) 2022-12-25 07:23:33 Image size of job updated: 198852
	64  -  MemoryUsage of job (MB)
	65444  -  ResidentSetSize of job (KB)
...
006 (3396273.421.000) 2022-12-25 07:28:33 Image size of job updated: 1463292
	537  -  MemoryUsage of job (MB)
	549552  -  ResidentSetSize of job (KB)
...
040 (3396273.421.000) 2022-12-25 07:29:53 Started transferring output files
	Seconds spent in queue: 2721
...
040 (3396273.421.000) 2022-12-25 07:29:54 Finished transferring output files
...
005 (3396273.421.000) 2022-12-25 07:29:54 Job terminated.
	(1) Normal termination (return value 0)
		Usr 0 00:01:55, Sys 0 00:00:05  -  Run Remote Usage
		Usr 0 00:00:00, Sys 0 00:00:00  -  Run Local Usage
		Usr 0 00:01:55, Sys 0 00:00:05  -  Total Remote Usage
		Usr 0 00:00:00, Sys 0 00:00:00  -  Total Local Usage
	1541815  -  Run Bytes Sent By Job
	328686848  -  Run Bytes Received By Job
	1541815  -  Total Bytes Sent By Job
	328686848  -  Total Bytes Received By Job
	Partitionable Resources :     Usage  Request Allocated 
	   Cpus                 :      0.48        1         1 
	   Disk (KB)            : 322557     2097152   2338977 
	   IoHeavy              :                            0 
	   Memory (MB)          :    537        2048      2048 

	Job terminated of its own accord at 2022-12-25T13:29:53Z.
...
