analyze_etau Signal_ZpBaryonic_2017_0012_4 MC
argc = 8
sp = 0
Systematics : V  Response NJet0 = 0.017
Systematics : V  Response NJet1 = 0.022
Systematics : V  Response NJetGe2 = 0.026
Systematics : V  Resolution NJet0 = 0.024
Systematics : V  Resolution NJet1 = 0.03
Systematics : V  Resolution NJetGe2 = 0.034
Systematics : EWK  Response NJet0 = 0.015
Systematics : EWK  Response NJet1 = 0.02
Systematics : EWK  Response NJetGe2 = 0.025
Systematics : EWK  Resolution NJet0 = 0.021
Systematics : EWK  Resolution NJet1 = 0.027
Systematics : EWK  Resolution NJetGe2 = 0.032
Systematics : TOP  Response NJet0 = 0.015
Systematics : TOP  Response NJet1 = 0.02
Systematics : TOP  Response NJetGe2 = 0.025
Systematics : TOP  Resolution NJet0 = 0.021
Systematics : TOP  Resolution NJet1 = 0.027
Systematics : TOP  Resolution NJetGe2 = 0.032
V_NJet0
V_NJet1
V_NJetGe2
EWK_NJet0
EWK_NJet1
EWK_NJetGe2
TOP_NJet0
TOP_NJet1
TOP_NJetGe2
All files added.
Initializing chain.
from Init MC
sample ==========Signal_ZpBaryonic_2017_0012_4
.... MC file ..... 
Coming in: 
nentries:1522798
Running over 1522798 events.
Finished entry 0/1522797
Finished entry 70000/1522797
Finished entry 140000/1522797
Finished entry 210000/1522797
Finished entry 280000/1522797
Finished entry 350000/1522797
Finished entry 420000/1522797
Finished entry 490000/1522797
Finished entry 560000/1522797
Finished entry 630000/1522797
Finished entry 700000/1522797
Finished entry 770000/1522797
Finished entry 840000/1522797
Finished entry 910000/1522797
Finished entry 980000/1522797
Finished entry 1050000/1522797
Finished entry 1120000/1522797
Finished entry 1190000/1522797
Finished entry 1260000/1522797
Finished entry 1330000/1522797
Finished entry 1400000/1522797
Finished entry 1470000/1522797
Finished entry 1522797/1522797
All events checked.
*******************************************
******************Jithin's original*************************
    Initial entries 1522798.000000
   Passing smikking 0.000000
     GoodMuonPassed 0.000000   % change= 100.000000
      GoodTauPassed 0.000000   % change= -nan
         opp charge 0.000000   % change= -nan
 PassedThirdLepVeto 194275.000000   % change= -inf
     PassedBjetVeto 194275.000000   % change= 0.000000
       DeltaRPassed 194275.000000   % change= 0.000000
      Total change :87.242234
*******************************************
*******************************************
Number of events inspected: 1522798
Number of events inspected (minus negative gen. weights): 1522798.000000
 Outpt written to Signal_ZpBaryonic_2017_0012_4.root
Real time 0:33:08, CP time 1028.800
1671976710 - 1671974717
