000 (3396273.302.000) 2022-12-25 06:14:11 Job submitted from host: <144.92.180.5:9618?addrs=144.92.180.5-9618+[2607-f388-101c-1000--368]-9618&alias=login02.hep.wisc.edu&noUDP&sock=schedd_3117_94ca>
...
040 (3396273.302.000) 2022-12-25 06:40:09 Entered queue to transfer input files
	Transferring to host: <128.104.58.179:9618?addrs=128.104.58.179-9618+[2607-f388-1086-0-16fe-b5ff-fec6-7177]-9618&alias=e1035.chtc.wisc.edu&noUDP&sock=slot1_24_10874_7773_21662>
...
040 (3396273.302.000) 2022-12-25 07:13:58 Started transferring input files
	Seconds spent in queue: 2029
...
040 (3396273.302.000) 2022-12-25 07:15:38 Finished transferring input files
...
001 (3396273.302.000) 2022-12-25 07:15:39 Job executing on host: <128.104.58.179:9618?addrs=128.104.58.179-9618+[2607-f388-1086-0-16fe-b5ff-fec6-7177]-9618&alias=e1035.chtc.wisc.edu&noUDP&sock=startd_7231_716a>
...
006 (3396273.302.000) 2022-12-25 07:15:47 Image size of job updated: 558016
	363  -  MemoryUsage of job (MB)
	371472  -  ResidentSetSize of job (KB)
...
006 (3396273.302.000) 2022-12-25 07:20:47 Image size of job updated: 1478636
	554  -  MemoryUsage of job (MB)
	567204  -  ResidentSetSize of job (KB)
...
006 (3396273.302.000) 2022-12-25 07:25:47 Image size of job updated: 1478836
	554  -  MemoryUsage of job (MB)
	567204  -  ResidentSetSize of job (KB)
...
006 (3396273.302.000) 2022-12-25 07:28:35 Image size of job updated: 1487472
	554  -  MemoryUsage of job (MB)
	567204  -  ResidentSetSize of job (KB)
...
040 (3396273.302.000) 2022-12-25 07:28:36 Started transferring output files
	Seconds spent in queue: 2907
...
040 (3396273.302.000) 2022-12-25 07:28:36 Finished transferring output files
...
005 (3396273.302.000) 2022-12-25 07:28:36 Job terminated.
	(1) Normal termination (return value 0)
		Usr 0 00:07:28, Sys 0 00:00:36  -  Run Remote Usage
		Usr 0 00:00:00, Sys 0 00:00:00  -  Run Local Usage
		Usr 0 00:07:28, Sys 0 00:00:36  -  Total Remote Usage
		Usr 0 00:00:00, Sys 0 00:00:00  -  Total Local Usage
	1681542  -  Run Bytes Sent By Job
	328686848  -  Run Bytes Received By Job
	1681542  -  Total Bytes Sent By Job
	328686848  -  Total Bytes Received By Job
	Partitionable Resources :     Usage  Request Allocated 
	   Cpus                 :      0.55        1         1 
	   Disk (KB)            : 322693     2097152   2333594 
	   IoHeavy              :                            0 
	   Memory (MB)          :    554        2048      2048 

	Job terminated of its own accord at 2022-12-25T13:28:35Z.
...
