analyze_etau DYJetsToLL_M-50_TuneCP5_ext1_v1_01_00 MC
argc = 8
sp = 0
Systematics : V  Response NJet0 = 0.017
Systematics : V  Response NJet1 = 0.022
Systematics : V  Response NJetGe2 = 0.026
Systematics : V  Resolution NJet0 = 0.024
Systematics : V  Resolution NJet1 = 0.03
Systematics : V  Resolution NJetGe2 = 0.034
Systematics : EWK  Response NJet0 = 0.015
Systematics : EWK  Response NJet1 = 0.02
Systematics : EWK  Response NJetGe2 = 0.025
Systematics : EWK  Resolution NJet0 = 0.021
Systematics : EWK  Resolution NJet1 = 0.027
Systematics : EWK  Resolution NJetGe2 = 0.032
Systematics : TOP  Response NJet0 = 0.015
Systematics : TOP  Response NJet1 = 0.02
Systematics : TOP  Response NJetGe2 = 0.025
Systematics : TOP  Resolution NJet0 = 0.021
Systematics : TOP  Resolution NJet1 = 0.027
Systematics : TOP  Resolution NJetGe2 = 0.032
V_NJet0
V_NJet1
V_NJetGe2
EWK_NJet0
EWK_NJet1
EWK_NJetGe2
TOP_NJet0
TOP_NJet1
TOP_NJetGe2
All files added.
Initializing chain.
from Init MC
****************** dyjet sample found
sample ==========DYJetsToLL_M-50_TuneCP5_ext1_v1_01_00
.... MC file ..... 
Coming in: 
nentries:678061
Running over 678061 events.
Finished entry 0/678060
Finished entry 30000/678060
Finished entry 60000/678060
Finished entry 90000/678060
Finished entry 120000/678060
Finished entry 150000/678060
Finished entry 180000/678060
Finished entry 210000/678060
Finished entry 240000/678060
Finished entry 270000/678060
Finished entry 300000/678060
Finished entry 330000/678060
Finished entry 360000/678060
Finished entry 390000/678060
Finished entry 420000/678060
Finished entry 450000/678060
Finished entry 480000/678060
Finished entry 510000/678060
Finished entry 540000/678060
Finished entry 570000/678060
Finished entry 600000/678060
Finished entry 630000/678060
Finished entry 660000/678060
Finished entry 678060/678060
All events checked.
*******************************************
******************Jithin's original*************************
    Initial entries 678061.000000
   Passing smikking 0.000000
     GoodMuonPassed 0.000000   % change= 100.000000
      GoodTauPassed 0.000000   % change= -nan
         opp charge 0.000000   % change= -nan
 PassedThirdLepVeto 19.000000   % change= -inf
     PassedBjetVeto 19.000000   % change= 0.000000
       DeltaRPassed 19.000000   % change= 0.000000
      Total change :99.997198
*******************************************
*******************************************
Number of events inspected: 678061
Number of events inspected (minus negative gen. weights): 678023.000000
 Outpt written to DYJetsToLL_M-50_TuneCP5_ext1_v1_01_00.root
Real time 0:09:58, CP time 199.820
1671972397 - 1671971797
