000 (3396273.151.000) 2022-12-25 06:14:10 Job submitted from host: <144.92.180.5:9618?addrs=144.92.180.5-9618+[2607-f388-101c-1000--368]-9618&alias=login02.hep.wisc.edu&noUDP&sock=schedd_3117_94ca>
...
040 (3396273.151.000) 2022-12-25 06:33:13 Entered queue to transfer input files
	Transferring to host: <128.105.244.34:9618?addrs=128.105.244.34-9618&alias=e3165.chtc.wisc.edu&noUDP&sock=slot1_8_2664_c765_21544>
...
040 (3396273.151.000) 2022-12-25 07:06:46 Started transferring input files
	Seconds spent in queue: 2013
...
040 (3396273.151.000) 2022-12-25 07:17:35 Finished transferring input files
...
001 (3396273.151.000) 2022-12-25 07:17:36 Job executing on host: <128.105.244.34:9618?addrs=128.105.244.34-9618&alias=e3165.chtc.wisc.edu&noUDP&sock=startd_6590_c535>
...
006 (3396273.151.000) 2022-12-25 07:17:45 Image size of job updated: 467448
	359  -  MemoryUsage of job (MB)
	366800  -  ResidentSetSize of job (KB)
...
006 (3396273.151.000) 2022-12-25 07:18:45 Image size of job updated: 1349028
	359  -  MemoryUsage of job (MB)
	366944  -  ResidentSetSize of job (KB)
...
040 (3396273.151.000) 2022-12-25 07:18:45 Started transferring output files
	Seconds spent in queue: 2732
...
040 (3396273.151.000) 2022-12-25 07:18:45 Finished transferring output files
...
005 (3396273.151.000) 2022-12-25 07:18:46 Job terminated.
	(1) Normal termination (return value 0)
		Usr 0 00:00:37, Sys 0 00:00:05  -  Run Remote Usage
		Usr 0 00:00:00, Sys 0 00:00:00  -  Run Local Usage
		Usr 0 00:00:37, Sys 0 00:00:05  -  Total Remote Usage
		Usr 0 00:00:00, Sys 0 00:00:00  -  Total Local Usage
	592829  -  Run Bytes Sent By Job
	328686848  -  Run Bytes Received By Job
	592829  -  Total Bytes Sent By Job
	328686848  -  Total Bytes Received By Job
	Partitionable Resources :     Usage  Request Allocated 
	   Cpus                 :      0.05        1         1 
	   Disk (KB)            : 321628     2097152   3640035 
	   IoHeavy              :                            0 
	   Memory (MB)          :    359        2048      2048 

	Job terminated of its own accord at 2022-12-25T13:18:45Z.
...
