000 (3396273.621.000) 2022-12-25 06:14:13 Job submitted from host: <144.92.180.5:9618?addrs=144.92.180.5-9618+[2607-f388-101c-1000--368]-9618&alias=login02.hep.wisc.edu&noUDP&sock=schedd_3117_94ca>
...
040 (3396273.621.000) 2022-12-25 06:54:21 Entered queue to transfer input files
	Transferring to host: <128.104.100.41:9618?addrs=128.104.100.41-9618+[2607-f388-107c-501-862b-2bff-fe63-b118]-9618&alias=e0064.chtc.wisc.edu&noUDP&sock=slot1_21_9649_57e1_16852>
...
040 (3396273.621.000) 2022-12-25 07:30:59 Started transferring input files
	Seconds spent in queue: 2198
...
040 (3396273.621.000) 2022-12-25 07:33:33 Finished transferring input files
...
001 (3396273.621.000) 2022-12-25 07:33:34 Job executing on host: <128.104.100.41:9618?addrs=128.104.100.41-9618+[2607-f388-107c-501-862b-2bff-fe63-b118]-9618&alias=e0064.chtc.wisc.edu&noUDP&sock=startd_6731_7c0f>
...
006 (3396273.621.000) 2022-12-25 07:33:42 Image size of job updated: 471240
	362  -  MemoryUsage of job (MB)
	370032  -  ResidentSetSize of job (KB)
...
006 (3396273.621.000) 2022-12-25 07:38:42 Image size of job updated: 1487060
	559  -  MemoryUsage of job (MB)
	572320  -  ResidentSetSize of job (KB)
...
006 (3396273.621.000) 2022-12-25 07:43:43 Image size of job updated: 1488116
	562  -  MemoryUsage of job (MB)
	574696  -  ResidentSetSize of job (KB)
...
006 (3396273.621.000) 2022-12-25 07:48:43 Image size of job updated: 1488116
	562  -  MemoryUsage of job (MB)
	575152  -  ResidentSetSize of job (KB)
...
006 (3396273.621.000) 2022-12-25 07:53:43 Image size of job updated: 1491140
	571  -  MemoryUsage of job (MB)
	583744  -  ResidentSetSize of job (KB)
...
006 (3396273.621.000) 2022-12-25 07:58:44 Image size of job updated: 1492600
	573  -  MemoryUsage of job (MB)
	586092  -  ResidentSetSize of job (KB)
...
006 (3396273.621.000) 2022-12-25 08:03:44 Image size of job updated: 1492920
	574  -  MemoryUsage of job (MB)
	586880  -  ResidentSetSize of job (KB)
...
006 (3396273.621.000) 2022-12-25 08:05:00 Image size of job updated: 1494152
	574  -  MemoryUsage of job (MB)
	586880  -  ResidentSetSize of job (KB)
...
040 (3396273.621.000) 2022-12-25 08:05:00 Started transferring output files
	Seconds spent in queue: 4239
...
040 (3396273.621.000) 2022-12-25 08:05:00 Finished transferring output files
...
005 (3396273.621.000) 2022-12-25 08:05:01 Job terminated.
	(1) Normal termination (return value 0)
		Usr 0 00:12:14, Sys 0 00:01:36  -  Run Remote Usage
		Usr 0 00:00:00, Sys 0 00:00:00  -  Run Local Usage
		Usr 0 00:12:14, Sys 0 00:01:36  -  Total Remote Usage
		Usr 0 00:00:00, Sys 0 00:00:00  -  Total Local Usage
	1645118  -  Run Bytes Sent By Job
	328686848  -  Run Bytes Received By Job
	1645118  -  Total Bytes Sent By Job
	328686848  -  Total Bytes Received By Job
	Partitionable Resources :     Usage  Request Allocated 
	   Cpus                 :      0.53        1         1 
	   Disk (KB)            : 322657     2097152   3034135 
	   IoHeavy              :                            0 
	   Memory (MB)          :    574        2048      2048 

	Job terminated of its own accord at 2022-12-25T14:05:00Z.
...
