000 (3396273.550.000) 2022-12-25 06:14:13 Job submitted from host: <144.92.180.5:9618?addrs=144.92.180.5-9618+[2607-f388-101c-1000--368]-9618&alias=login02.hep.wisc.edu&noUDP&sock=schedd_3117_94ca>
...
040 (3396273.550.000) 2022-12-25 06:51:00 Entered queue to transfer input files
	Transferring to host: <128.105.68.224:9618?addrs=128.105.68.224-9618+[2607-f388-2200-100-1e6a-7aff-fe26-33e3]-9618&alias=e311.chtc.wisc.edu&noUDP&sock=slot1_20_38179_4f2a_22492>
...
040 (3396273.550.000) 2022-12-25 07:27:36 Started transferring input files
	Seconds spent in queue: 2196
...
040 (3396273.550.000) 2022-12-25 07:29:22 Finished transferring input files
...
001 (3396273.550.000) 2022-12-25 07:29:23 Job executing on host: <128.105.68.224:9618?addrs=128.105.68.224-9618+[2607-f388-2200-100-1e6a-7aff-fe26-33e3]-9618&alias=e311.chtc.wisc.edu&noUDP&sock=startd_7224_a440>
...
006 (3396273.550.000) 2022-12-25 07:29:32 Image size of job updated: 839420
	373  -  MemoryUsage of job (MB)
	381176  -  ResidentSetSize of job (KB)
...
006 (3396273.550.000) 2022-12-25 07:34:32 Image size of job updated: 1486320
	541  -  MemoryUsage of job (MB)
	553068  -  ResidentSetSize of job (KB)
...
006 (3396273.550.000) 2022-12-25 07:39:32 Image size of job updated: 1486760
	543  -  MemoryUsage of job (MB)
	555168  -  ResidentSetSize of job (KB)
...
006 (3396273.550.000) 2022-12-25 07:44:33 Image size of job updated: 1486760
	545  -  MemoryUsage of job (MB)
	557864  -  ResidentSetSize of job (KB)
...
040 (3396273.550.000) 2022-12-25 07:48:57 Started transferring output files
	Seconds spent in queue: 3477
...
040 (3396273.550.000) 2022-12-25 07:48:57 Finished transferring output files
...
005 (3396273.550.000) 2022-12-25 07:48:57 Job terminated.
	(1) Normal termination (return value 0)
		Usr 0 00:06:19, Sys 0 00:01:02  -  Run Remote Usage
		Usr 0 00:00:00, Sys 0 00:00:00  -  Run Local Usage
		Usr 0 00:06:19, Sys 0 00:01:02  -  Total Remote Usage
		Usr 0 00:00:00, Sys 0 00:00:00  -  Total Local Usage
	1634829  -  Run Bytes Sent By Job
	328686848  -  Run Bytes Received By Job
	1634829  -  Total Bytes Sent By Job
	328686848  -  Total Bytes Received By Job
	Partitionable Resources :     Usage  Request Allocated 
	   Cpus                 :      0.15        1         1 
	   Disk (KB)            : 322647     2097152   2317145 
	   IoHeavy              :                            0 
	   Memory (MB)          :    545        2048      2048 

	Job terminated of its own accord at 2022-12-25T13:48:57Z.
...
