analyze_etau blinded_MET_EraE_0002_04 DATA
argc = 8
sp = 0
Systematics : V  Response NJet0 = 0.017
Systematics : V  Response NJet1 = 0.022
Systematics : V  Response NJetGe2 = 0.026
Systematics : V  Resolution NJet0 = 0.024
Systematics : V  Resolution NJet1 = 0.03
Systematics : V  Resolution NJetGe2 = 0.034
Systematics : EWK  Response NJet0 = 0.015
Systematics : EWK  Response NJet1 = 0.02
Systematics : EWK  Response NJetGe2 = 0.025
Systematics : EWK  Resolution NJet0 = 0.021
Systematics : EWK  Resolution NJet1 = 0.027
Systematics : EWK  Resolution NJetGe2 = 0.032
Systematics : TOP  Response NJet0 = 0.015
Systematics : TOP  Response NJet1 = 0.02
Systematics : TOP  Response NJetGe2 = 0.025
Systematics : TOP  Resolution NJet0 = 0.021
Systematics : TOP  Resolution NJet1 = 0.027
Systematics : TOP  Resolution NJetGe2 = 0.032
V_NJet0
V_NJet1
V_NJetGe2
EWK_NJet0
EWK_NJet1
EWK_NJetGe2
TOP_NJet0
TOP_NJet1
TOP_NJetGe2
All files added.
Initializing chain.
from Init DATA
sample ==========blinded_MET_EraE_0002_04
.... DATA file ..... 
Coming in: 
nentries:9766
Running over 9766 events.
Finished entry 0/9765
Finished entry 400/9765
Finished entry 800/9765
Finished entry 1200/9765
Finished entry 1600/9765
Finished entry 2000/9765
Finished entry 2400/9765
Finished entry 2800/9765
Finished entry 3200/9765
Finished entry 3600/9765
Finished entry 4000/9765
Finished entry 4400/9765
Finished entry 4800/9765
Finished entry 5200/9765
Finished entry 5600/9765
Finished entry 6000/9765
Finished entry 6400/9765
Finished entry 6800/9765
Finished entry 7200/9765
Finished entry 7600/9765
Finished entry 8000/9765
Finished entry 8400/9765
Finished entry 8800/9765
Finished entry 9200/9765
Finished entry 9600/9765
Finished entry 9765/9765
All events checked.
*******************************************
******************Jithin's original*************************
    Initial entries 9766.000000
   Passing smikking 0.000000
     GoodMuonPassed 0.000000   % change= 100.000000
      GoodTauPassed 0.000000   % change= -nan
         opp charge 0.000000   % change= -nan
 PassedThirdLepVeto 21.000000   % change= -inf
     PassedBjetVeto 21.000000   % change= 0.000000
       DeltaRPassed 21.000000   % change= 0.000000
      Total change :99.784968
*******************************************
*******************************************
Number of events inspected: 9766
Number of events inspected (minus negative gen. weights): 9766.000000
 Outpt written to blinded_MET_EraE_0002_04.root
Real time 0:01:01, CP time 17.460
1671973227 - 1671973164
