000 (3396272.086.000) 2022-12-25 06:11:14 Job submitted from host: <144.92.180.5:9618?addrs=144.92.180.5-9618+[2607-f388-101c-1000--368]-9618&alias=login02.hep.wisc.edu&noUDP&sock=schedd_3117_94ca>
...
040 (3396272.086.000) 2022-12-25 06:14:47 Entered queue to transfer input files
	Transferring to host: <128.105.69.26:9618?addrs=128.105.69.26-9618+[2607-f388-2200-100-1e6a-7aff-fe26-c159]-9618&alias=e348.chtc.wisc.edu&noUDP&sock=slot1_30_34576_ab77_26383>
...
040 (3396272.086.000) 2022-12-25 06:38:29 Started transferring input files
	Seconds spent in queue: 1422
...
040 (3396272.086.000) 2022-12-25 06:40:42 Finished transferring input files
...
001 (3396272.086.000) 2022-12-25 06:40:43 Job executing on host: <128.105.69.26:9618?addrs=128.105.69.26-9618+[2607-f388-2200-100-1e6a-7aff-fe26-c159]-9618&alias=e348.chtc.wisc.edu&noUDP&sock=startd_2921_243a>
...
006 (3396272.086.000) 2022-12-25 06:40:51 Image size of job updated: 198984
	48  -  MemoryUsage of job (MB)
	49056  -  ResidentSetSize of job (KB)
...
006 (3396272.086.000) 2022-12-25 06:41:53 Image size of job updated: 1499124
	50  -  MemoryUsage of job (MB)
	50668  -  ResidentSetSize of job (KB)
...
040 (3396272.086.000) 2022-12-25 06:41:53 Started transferring output files
	Seconds spent in queue: 1626
...
040 (3396272.086.000) 2022-12-25 06:41:53 Finished transferring output files
...
005 (3396272.086.000) 2022-12-25 06:41:53 Job terminated.
	(1) Normal termination (return value 0)
		Usr 0 00:00:11, Sys 0 00:00:02  -  Run Remote Usage
		Usr 0 00:00:00, Sys 0 00:00:00  -  Run Local Usage
		Usr 0 00:00:11, Sys 0 00:00:02  -  Total Remote Usage
		Usr 0 00:00:00, Sys 0 00:00:00  -  Total Local Usage
	150718  -  Run Bytes Sent By Job
	328686848  -  Run Bytes Received By Job
	150718  -  Total Bytes Sent By Job
	328686848  -  Total Bytes Received By Job
	Partitionable Resources :     Usage  Request Allocated 
	   Cpus                 :      0.58        1         1 
	   Disk (KB)            : 321198     2097152   2321418 
	   IoHeavy              :                            0 
	   Memory (MB)          :     50        2048      2048 

	Job terminated of its own accord at 2022-12-25T12:41:53Z.
...
