000 (3396273.349.000) 2022-12-25 06:14:11 Job submitted from host: <144.92.180.5:9618?addrs=144.92.180.5-9618+[2607-f388-101c-1000--368]-9618&alias=login02.hep.wisc.edu&noUDP&sock=schedd_3117_94ca>
...
040 (3396273.349.000) 2022-12-25 06:42:11 Entered queue to transfer input files
	Transferring to host: <128.105.69.33:9618?addrs=128.105.69.33-9618+[2607-f388-2200-100-1e6a-7aff-fe21-9f8d]-9618&alias=e355.chtc.wisc.edu&noUDP&sock=slot1_7_29179_febc_22394>
...
040 (3396273.349.000) 2022-12-25 07:16:25 Started transferring input files
	Seconds spent in queue: 2054
...
040 (3396273.349.000) 2022-12-25 07:23:50 Finished transferring input files
...
001 (3396273.349.000) 2022-12-25 07:23:51 Job executing on host: <128.105.69.33:9618?addrs=128.105.69.33-9618+[2607-f388-2200-100-1e6a-7aff-fe21-9f8d]-9618&alias=e355.chtc.wisc.edu&noUDP&sock=startd_7458_2569>
...
006 (3396273.349.000) 2022-12-25 07:23:59 Image size of job updated: 421968
	316  -  MemoryUsage of job (MB)
	323528  -  ResidentSetSize of job (KB)
...
006 (3396273.349.000) 2022-12-25 07:28:59 Image size of job updated: 1457420
	535  -  MemoryUsage of job (MB)
	547360  -  ResidentSetSize of job (KB)
...
006 (3396273.349.000) 2022-12-25 07:34:00 Image size of job updated: 1459624
	535  -  MemoryUsage of job (MB)
	547360  -  ResidentSetSize of job (KB)
...
040 (3396273.349.000) 2022-12-25 07:45:15 Started transferring output files
	Seconds spent in queue: 3784
...
040 (3396273.349.000) 2022-12-25 07:45:15 Finished transferring output files
...
005 (3396273.349.000) 2022-12-25 07:45:15 Job terminated.
	(1) Normal termination (return value 0)
		Usr 0 00:06:17, Sys 0 00:01:03  -  Run Remote Usage
		Usr 0 00:00:00, Sys 0 00:00:00  -  Run Local Usage
		Usr 0 00:06:17, Sys 0 00:01:03  -  Total Remote Usage
		Usr 0 00:00:00, Sys 0 00:00:00  -  Total Local Usage
	1626915  -  Run Bytes Sent By Job
	328686848  -  Run Bytes Received By Job
	1626915  -  Total Bytes Sent By Job
	328686848  -  Total Bytes Received By Job
	Partitionable Resources :     Usage  Request Allocated 
	   Cpus                 :      0.15        1         1 
	   Disk (KB)            : 322640     2097152   2331283 
	   IoHeavy              :                            0 
	   Memory (MB)          :    535        2048      2048 

	Job terminated of its own accord at 2022-12-25T13:45:15Z.
...
