000 (3396273.480.000) 2022-12-25 06:14:12 Job submitted from host: <144.92.180.5:9618?addrs=144.92.180.5-9618+[2607-f388-101c-1000--368]-9618&alias=login02.hep.wisc.edu&noUDP&sock=schedd_3117_94ca>
...
040 (3396273.480.000) 2022-12-25 06:46:37 Entered queue to transfer input files
	Transferring to host: <128.105.69.26:9618?addrs=128.105.69.26-9618+[2607-f388-2200-100-1e6a-7aff-fe26-c159]-9618&alias=e348.chtc.wisc.edu&noUDP&sock=slot1_1_34576_ab77_26475>
...
040 (3396273.480.000) 2022-12-25 07:23:00 Started transferring input files
	Seconds spent in queue: 2183
...
040 (3396273.480.000) 2022-12-25 07:27:34 Finished transferring input files
...
001 (3396273.480.000) 2022-12-25 07:27:35 Job executing on host: <128.105.69.26:9618?addrs=128.105.69.26-9618+[2607-f388-2200-100-1e6a-7aff-fe26-c159]-9618&alias=e348.chtc.wisc.edu&noUDP&sock=startd_2921_243a>
...
006 (3396273.480.000) 2022-12-25 07:27:45 Image size of job updated: 193804
	97  -  MemoryUsage of job (MB)
	98708  -  ResidentSetSize of job (KB)
...
006 (3396273.480.000) 2022-12-25 07:32:45 Image size of job updated: 1483280
	543  -  MemoryUsage of job (MB)
	555896  -  ResidentSetSize of job (KB)
...
006 (3396273.480.000) 2022-12-25 07:37:45 Image size of job updated: 1483512
	558  -  MemoryUsage of job (MB)
	570904  -  ResidentSetSize of job (KB)
...
040 (3396273.480.000) 2022-12-25 07:39:21 Started transferring output files
	Seconds spent in queue: 3164
...
040 (3396273.480.000) 2022-12-25 07:39:21 Finished transferring output files
...
005 (3396273.480.000) 2022-12-25 07:39:21 Job terminated.
	(1) Normal termination (return value 0)
		Usr 0 00:05:10, Sys 0 00:00:10  -  Run Remote Usage
		Usr 0 00:00:00, Sys 0 00:00:00  -  Run Local Usage
		Usr 0 00:05:10, Sys 0 00:00:10  -  Total Remote Usage
		Usr 0 00:00:00, Sys 0 00:00:00  -  Total Local Usage
	1610739  -  Run Bytes Sent By Job
	328686848  -  Run Bytes Received By Job
	1610739  -  Total Bytes Sent By Job
	328686848  -  Total Bytes Received By Job
	Partitionable Resources :     Usage  Request Allocated 
	   Cpus                 :      0.66        1         1 
	   Disk (KB)            : 322624     2097152   2321418 
	   IoHeavy              :                            0 
	   Memory (MB)          :    558        2048      2048 

	Job terminated of its own accord at 2022-12-25T13:39:20Z.
...
