000 (3396272.246.000) 2022-12-25 06:11:15 Job submitted from host: <144.92.180.5:9618?addrs=144.92.180.5-9618+[2607-f388-101c-1000--368]-9618&alias=login02.hep.wisc.edu&noUDP&sock=schedd_3117_94ca>
...
040 (3396272.246.000) 2022-12-25 06:19:07 Entered queue to transfer input files
	Transferring to host: <128.105.69.36:9618?addrs=128.105.69.36-9618+[2607-f388-2200-100-1e6a-7aff-fe26-b5c3]-9618&alias=e2358.chtc.wisc.edu&noUDP&sock=slot1_38_27120_3e48_15672>
...
040 (3396272.246.000) 2022-12-25 06:47:55 Started transferring input files
	Seconds spent in queue: 1728
...
040 (3396272.246.000) 2022-12-25 06:48:54 Finished transferring input files
...
001 (3396272.246.000) 2022-12-25 06:48:55 Job executing on host: <128.105.69.36:9618?addrs=128.105.69.36-9618+[2607-f388-2200-100-1e6a-7aff-fe26-b5c3]-9618&alias=e2358.chtc.wisc.edu&noUDP&sock=startd_7639_4c0e>
...
006 (3396272.246.000) 2022-12-25 06:49:03 Image size of job updated: 111328
	59  -  MemoryUsage of job (MB)
	60256  -  ResidentSetSize of job (KB)
...
006 (3396272.246.000) 2022-12-25 06:54:03 Image size of job updated: 1402332
	484  -  MemoryUsage of job (MB)
	495576  -  ResidentSetSize of job (KB)
...
040 (3396272.246.000) 2022-12-25 06:58:25 Started transferring output files
	Seconds spent in queue: 2358
...
040 (3396272.246.000) 2022-12-25 06:58:25 Finished transferring output files
...
005 (3396272.246.000) 2022-12-25 06:58:25 Job terminated.
	(1) Normal termination (return value 0)
		Usr 0 00:01:56, Sys 0 00:00:12  -  Run Remote Usage
		Usr 0 00:00:00, Sys 0 00:00:00  -  Run Local Usage
		Usr 0 00:01:56, Sys 0 00:00:12  -  Total Remote Usage
		Usr 0 00:00:00, Sys 0 00:00:00  -  Total Local Usage
	9119  -  Run Bytes Sent By Job
	328686848  -  Run Bytes Received By Job
	9119  -  Total Bytes Sent By Job
	328686848  -  Total Bytes Received By Job
	Partitionable Resources :     Usage  Request Allocated 
	   Cpus                 :      0.31        1         1 
	   Disk (KB)            : 321060     2097152   2315092 
	   IoHeavy              :                            0 
	   Memory (MB)          :    484        2048      2048 

	Job terminated of its own accord at 2022-12-25T12:58:24Z.
...
