000 (3396272.100.000) 2022-12-25 06:11:14 Job submitted from host: <144.92.180.5:9618?addrs=144.92.180.5-9618+[2607-f388-101c-1000--368]-9618&alias=login02.hep.wisc.edu&noUDP&sock=schedd_3117_94ca>
...
040 (3396272.100.000) 2022-12-25 06:14:49 Entered queue to transfer input files
	Transferring to host: <128.105.68.245:9618?addrs=128.105.68.245-9618+[2607-f388-2200-100-22a-6aff-fee0-e6a3]-9618&alias=e2332.chtc.wisc.edu&noUDP&sock=slot1_23_9199_470f_16846>
...
040 (3396272.100.000) 2022-12-25 06:38:47 Started transferring input files
	Seconds spent in queue: 1438
...
040 (3396272.100.000) 2022-12-25 06:43:40 Finished transferring input files
...
001 (3396272.100.000) 2022-12-25 06:43:41 Job executing on host: <128.105.68.245:9618?addrs=128.105.68.245-9618+[2607-f388-2200-100-22a-6aff-fee0-e6a3]-9618&alias=e2332.chtc.wisc.edu&noUDP&sock=startd_7482_9baf>
...
006 (3396272.100.000) 2022-12-25 06:43:49 Image size of job updated: 524088
	65  -  MemoryUsage of job (MB)
	65948  -  ResidentSetSize of job (KB)
...
006 (3396272.100.000) 2022-12-25 06:45:14 Image size of job updated: 1503176
	65  -  MemoryUsage of job (MB)
	65976  -  ResidentSetSize of job (KB)
...
040 (3396272.100.000) 2022-12-25 06:45:14 Started transferring output files
	Seconds spent in queue: 1825
...
040 (3396272.100.000) 2022-12-25 06:45:15 Finished transferring output files
...
005 (3396272.100.000) 2022-12-25 06:45:15 Job terminated.
	(1) Normal termination (return value 0)
		Usr 0 00:00:10, Sys 0 00:00:02  -  Run Remote Usage
		Usr 0 00:00:00, Sys 0 00:00:00  -  Run Local Usage
		Usr 0 00:00:10, Sys 0 00:00:02  -  Total Remote Usage
		Usr 0 00:00:00, Sys 0 00:00:00  -  Total Local Usage
	151187  -  Run Bytes Sent By Job
	328686848  -  Run Bytes Received By Job
	151187  -  Total Bytes Sent By Job
	328686848  -  Total Bytes Received By Job
	Partitionable Resources :     Usage  Request Allocated 
	   Cpus                 :      0.04        1         1 
	   Disk (KB)            : 321199     2097152   2345093 
	   IoHeavy              :                            0 
	   Memory (MB)          :     65        2048      2048 

	Job terminated of its own accord at 2022-12-25T12:45:14Z.
...
