000 (3396273.219.000) 2022-12-25 06:14:10 Job submitted from host: <144.92.180.5:9618?addrs=144.92.180.5-9618+[2607-f388-101c-1000--368]-9618&alias=login02.hep.wisc.edu&noUDP&sock=schedd_3117_94ca>
...
040 (3396273.219.000) 2022-12-25 06:36:01 Entered queue to transfer input files
	Transferring to host: <128.105.69.65:9618?addrs=128.105.69.65-9618+[2607-f388-2200-100-1e6a-7aff-fe26-d96d]-9618&alias=e2393.chtc.wisc.edu&noUDP&sock=slot1_11_31972_ea8d_19933>
...
040 (3396273.219.000) 2022-12-25 07:10:12 Started transferring input files
	Seconds spent in queue: 2051
...
040 (3396273.219.000) 2022-12-25 07:10:45 Finished transferring input files
...
001 (3396273.219.000) 2022-12-25 07:10:46 Job executing on host: <128.105.69.65:9618?addrs=128.105.69.65-9618+[2607-f388-2200-100-1e6a-7aff-fe26-d96d]-9618&alias=e2393.chtc.wisc.edu&noUDP&sock=startd_7581_838f>
...
006 (3396273.219.000) 2022-12-25 07:10:55 Image size of job updated: 1222036
	468  -  MemoryUsage of job (MB)
	478776  -  ResidentSetSize of job (KB)
...
006 (3396273.219.000) 2022-12-25 07:15:56 Image size of job updated: 1489524
	566  -  MemoryUsage of job (MB)
	578772  -  ResidentSetSize of job (KB)
...
006 (3396273.219.000) 2022-12-25 07:20:56 Image size of job updated: 1491472
	566  -  MemoryUsage of job (MB)
	578772  -  ResidentSetSize of job (KB)
...
006 (3396273.219.000) 2022-12-25 07:25:56 Image size of job updated: 1493216
	566  -  MemoryUsage of job (MB)
	578772  -  ResidentSetSize of job (KB)
...
006 (3396273.219.000) 2022-12-25 07:30:57 Image size of job updated: 1496388
	566  -  MemoryUsage of job (MB)
	578772  -  ResidentSetSize of job (KB)
...
040 (3396273.219.000) 2022-12-25 07:37:38 Started transferring output files
	Seconds spent in queue: 3697
...
040 (3396273.219.000) 2022-12-25 07:37:39 Finished transferring output files
...
005 (3396273.219.000) 2022-12-25 07:37:40 Job terminated.
	(1) Normal termination (return value 0)
		Usr 0 00:09:18, Sys 0 00:01:48  -  Run Remote Usage
		Usr 0 00:00:00, Sys 0 00:00:00  -  Run Local Usage
		Usr 0 00:09:18, Sys 0 00:01:48  -  Total Remote Usage
		Usr 0 00:00:00, Sys 0 00:00:00  -  Total Local Usage
	1651436  -  Run Bytes Sent By Job
	328686848  -  Run Bytes Received By Job
	1651436  -  Total Bytes Sent By Job
	328686848  -  Total Bytes Received By Job
	Partitionable Resources :     Usage  Request Allocated 
	   Cpus                 :      0.27        1         1 
	   Disk (KB)            : 322664     2097152   2344832 
	   IoHeavy              :                            0 
	   Memory (MB)          :    566        2048      2048 

	Job terminated of its own accord at 2022-12-25T13:37:38Z.
...
