000 (3396272.103.000) 2022-12-25 06:11:14 Job submitted from host: <144.92.180.5:9618?addrs=144.92.180.5-9618+[2607-f388-101c-1000--368]-9618&alias=login02.hep.wisc.edu&noUDP&sock=schedd_3117_94ca>
...
040 (3396272.103.000) 2022-12-25 06:14:49 Entered queue to transfer input files
	Transferring to host: <128.105.244.20:9618?addrs=128.105.244.20-9618&alias=e3151.chtc.wisc.edu&noUDP&sock=slot1_5_29446_1ee6_12004>
...
040 (3396272.103.000) 2022-12-25 06:38:52 Started transferring input files
	Seconds spent in queue: 1443
...
040 (3396272.103.000) 2022-12-25 06:41:18 Finished transferring input files
...
001 (3396272.103.000) 2022-12-25 06:41:19 Job executing on host: <128.105.244.20:9618?addrs=128.105.244.20-9618&alias=e3151.chtc.wisc.edu&noUDP&sock=startd_6607_6e51>
...
006 (3396272.103.000) 2022-12-25 06:41:28 Image size of job updated: 546096
	359  -  MemoryUsage of job (MB)
	366724  -  ResidentSetSize of job (KB)
...
006 (3396272.103.000) 2022-12-25 06:42:39 Image size of job updated: 1492184
	359  -  MemoryUsage of job (MB)
	366900  -  ResidentSetSize of job (KB)
...
040 (3396272.103.000) 2022-12-25 06:42:39 Started transferring output files
	Seconds spent in queue: 1670
...
040 (3396272.103.000) 2022-12-25 06:42:40 Finished transferring output files
...
005 (3396272.103.000) 2022-12-25 06:42:40 Job terminated.
	(1) Normal termination (return value 0)
		Usr 0 00:00:32, Sys 0 00:00:11  -  Run Remote Usage
		Usr 0 00:00:00, Sys 0 00:00:00  -  Run Local Usage
		Usr 0 00:00:32, Sys 0 00:00:11  -  Total Remote Usage
		Usr 0 00:00:00, Sys 0 00:00:00  -  Total Local Usage
	887767  -  Run Bytes Sent By Job
	328686848  -  Run Bytes Received By Job
	887767  -  Total Bytes Sent By Job
	328686848  -  Total Bytes Received By Job
	Partitionable Resources :     Usage  Request Allocated 
	   Cpus                 :      0.23        1         1 
	   Disk (KB)            : 321917     2097152   3184064 
	   IoHeavy              :                            0 
	   Memory (MB)          :    359        2048      2048 

	Job terminated of its own accord at 2022-12-25T12:42:39Z.
...
