000 (3396273.554.000) 2022-12-25 06:14:13 Job submitted from host: <144.92.180.5:9618?addrs=144.92.180.5-9618+[2607-f388-101c-1000--368]-9618&alias=login02.hep.wisc.edu&noUDP&sock=schedd_3117_94ca>
...
040 (3396273.554.000) 2022-12-25 06:51:01 Entered queue to transfer input files
	Transferring to host: <128.104.58.123:9618?addrs=128.104.58.123-9618+[2607-f388-1086-0-67d-7bff-fe41-62ea]-9618&alias=e1540.chtc.wisc.edu&noUDP&sock=slot1_11_26560_ac31_18261>
...
040 (3396273.554.000) 2022-12-25 07:27:43 Started transferring input files
	Seconds spent in queue: 2202
...
040 (3396273.554.000) 2022-12-25 07:42:36 Finished transferring input files
...
001 (3396273.554.000) 2022-12-25 07:42:37 Job executing on host: <128.104.58.123:9618?addrs=128.104.58.123-9618+[2607-f388-1086-0-67d-7bff-fe41-62ea]-9618&alias=e1540.chtc.wisc.edu&noUDP&sock=startd_7278_ae5d>
...
006 (3396273.554.000) 2022-12-25 07:42:46 Image size of job updated: 539788
	373  -  MemoryUsage of job (MB)
	381184  -  ResidentSetSize of job (KB)
...
006 (3396273.554.000) 2022-12-25 07:47:47 Image size of job updated: 1478204
	553  -  MemoryUsage of job (MB)
	565512  -  ResidentSetSize of job (KB)
...
006 (3396273.554.000) 2022-12-25 07:52:47 Image size of job updated: 1486764
	553  -  MemoryUsage of job (MB)
	565512  -  ResidentSetSize of job (KB)
...
006 (3396273.554.000) 2022-12-25 07:57:48 Image size of job updated: 1486764
	559  -  MemoryUsage of job (MB)
	572388  -  ResidentSetSize of job (KB)
...
006 (3396273.554.000) 2022-12-25 08:02:49 Image size of job updated: 1486764
	562  -  MemoryUsage of job (MB)
	574524  -  ResidentSetSize of job (KB)
...
040 (3396273.554.000) 2022-12-25 08:03:41 Started transferring output files
	Seconds spent in queue: 4360
...
040 (3396273.554.000) 2022-12-25 08:03:41 Finished transferring output files
...
005 (3396273.554.000) 2022-12-25 08:03:41 Job terminated.
	(1) Normal termination (return value 0)
		Usr 0 00:05:12, Sys 0 00:00:49  -  Run Remote Usage
		Usr 0 00:00:00, Sys 0 00:00:00  -  Run Local Usage
		Usr 0 00:05:12, Sys 0 00:00:49  -  Total Remote Usage
		Usr 0 00:00:00, Sys 0 00:00:00  -  Total Local Usage
	1634829  -  Run Bytes Sent By Job
	328686848  -  Run Bytes Received By Job
	1634829  -  Total Bytes Sent By Job
	328686848  -  Total Bytes Received By Job
	Partitionable Resources :     Usage  Request Allocated 
	   Cpus                 :      0.26        1         1 
	   Disk (KB)            : 322647     2097152   2412315 
	   IoHeavy              :                            0 
	   Memory (MB)          :    562        2048      2048 

	Job terminated of its own accord at 2022-12-25T14:03:41Z.
...
