000 (3396272.115.000) 2022-12-25 06:11:14 Job submitted from host: <144.92.180.5:9618?addrs=144.92.180.5-9618+[2607-f388-101c-1000--368]-9618&alias=login02.hep.wisc.edu&noUDP&sock=schedd_3117_94ca>
...
040 (3396272.115.000) 2022-12-25 06:14:50 Entered queue to transfer input files
	Transferring to host: <128.105.69.71:9618?addrs=128.105.69.71-9618+[2607-f388-2200-100-1e6a-7aff-fe26-da35]-9618&alias=e2400.chtc.wisc.edu&noUDP&sock=slot1_9_18524_956a_21492>
...
040 (3396272.115.000) 2022-12-25 06:39:28 Started transferring input files
	Seconds spent in queue: 1478
...
040 (3396272.115.000) 2022-12-25 06:47:47 Finished transferring input files
...
001 (3396272.115.000) 2022-12-25 06:47:48 Job executing on host: <128.105.69.71:9618?addrs=128.105.69.71-9618+[2607-f388-2200-100-1e6a-7aff-fe26-da35]-9618&alias=e2400.chtc.wisc.edu&noUDP&sock=startd_7544_228e>
...
006 (3396272.115.000) 2022-12-25 06:47:57 Image size of job updated: 115200
	65  -  MemoryUsage of job (MB)
	66468  -  ResidentSetSize of job (KB)
...
006 (3396272.115.000) 2022-12-25 06:49:37 Image size of job updated: 1245864
	65  -  MemoryUsage of job (MB)
	66552  -  ResidentSetSize of job (KB)
...
040 (3396272.115.000) 2022-12-25 06:49:38 Started transferring output files
	Seconds spent in queue: 2088
...
040 (3396272.115.000) 2022-12-25 06:49:38 Finished transferring output files
...
005 (3396272.115.000) 2022-12-25 06:49:39 Job terminated.
	(1) Normal termination (return value 0)
		Usr 0 00:00:09, Sys 0 00:00:01  -  Run Remote Usage
		Usr 0 00:00:00, Sys 0 00:00:00  -  Run Local Usage
		Usr 0 00:00:09, Sys 0 00:00:01  -  Total Remote Usage
		Usr 0 00:00:00, Sys 0 00:00:00  -  Total Local Usage
	774309  -  Run Bytes Sent By Job
	328686848  -  Run Bytes Received By Job
	774309  -  Total Bytes Sent By Job
	328686848  -  Total Bytes Received By Job
	Partitionable Resources :     Usage  Request Allocated 
	   Cpus                 :      0.19        1         1 
	   Disk (KB)            : 321807     2097152   2338844 
	   IoHeavy              :                            0 
	   Memory (MB)          :     65        2048      2048 

	Job terminated of its own accord at 2022-12-25T12:49:37Z.
...
