000 (3396272.027.000) 2022-12-25 06:11:13 Job submitted from host: <144.92.180.5:9618?addrs=144.92.180.5-9618+[2607-f388-101c-1000--368]-9618&alias=login02.hep.wisc.edu&noUDP&sock=schedd_3117_94ca>
...
040 (3396272.027.000) 2022-12-25 06:14:39 Entered queue to transfer input files
	Transferring to host: <128.104.101.134:9618?addrs=128.104.101.134-9618+[2607-f388-107c-501-206-f6ff-fe30-b713]-9618&alias=e134.chtc.wisc.edu&noUDP&sock=slot1_22_26601_8f93_17634>
...
040 (3396272.027.000) 2022-12-25 06:36:48 Started transferring input files
	Seconds spent in queue: 1329
...
040 (3396272.027.000) 2022-12-25 06:49:12 Finished transferring input files
...
001 (3396272.027.000) 2022-12-25 06:49:13 Job executing on host: <128.104.101.134:9618?addrs=128.104.101.134-9618+[2607-f388-107c-501-206-f6ff-fe30-b713]-9618&alias=e134.chtc.wisc.edu&noUDP&sock=startd_6803_dee1>
...
006 (3396272.027.000) 2022-12-25 06:49:23 Image size of job updated: 854100
	373  -  MemoryUsage of job (MB)
	381188  -  ResidentSetSize of job (KB)
...
006 (3396272.027.000) 2022-12-25 06:51:47 Image size of job updated: 1402100
	373  -  MemoryUsage of job (MB)
	381188  -  ResidentSetSize of job (KB)
...
040 (3396272.027.000) 2022-12-25 06:51:47 Started transferring output files
	Seconds spent in queue: 2228
...
040 (3396272.027.000) 2022-12-25 06:51:48 Finished transferring output files
...
005 (3396272.027.000) 2022-12-25 06:51:48 Job terminated.
	(1) Normal termination (return value 0)
		Usr 0 00:00:47, Sys 0 00:00:11  -  Run Remote Usage
		Usr 0 00:00:00, Sys 0 00:00:00  -  Run Local Usage
		Usr 0 00:00:47, Sys 0 00:00:11  -  Total Remote Usage
		Usr 0 00:00:00, Sys 0 00:00:00  -  Total Local Usage
	9290  -  Run Bytes Sent By Job
	328686848  -  Run Bytes Received By Job
	9290  -  Total Bytes Sent By Job
	328686848  -  Total Bytes Received By Job
	Partitionable Resources :     Usage  Request Allocated 
	   Cpus                 :      0.01        1         1 
	   Disk (KB)            : 321060     2097152   3404928 
	   IoHeavy              :                            0 
	   Memory (MB)          :    373        2048      2048 

	Job terminated of its own accord at 2022-12-25T12:51:47Z.
...
