000 (3396273.078.000) 2022-12-25 06:14:09 Job submitted from host: <144.92.180.5:9618?addrs=144.92.180.5-9618+[2607-f388-101c-1000--368]-9618&alias=login02.hep.wisc.edu&noUDP&sock=schedd_3117_94ca>
...
040 (3396273.078.000) 2022-12-25 06:30:58 Entered queue to transfer input files
	Transferring to host: <128.104.58.167:9618?addrs=128.104.58.167-9618+[2607-f388-1086-0-16fe-b5ff-fec6-7516]-9618&alias=e1020.chtc.wisc.edu&noUDP&sock=slot1_23_24021_b7aa_24173>
...
040 (3396273.078.000) 2022-12-25 07:03:34 Started transferring input files
	Seconds spent in queue: 1956
...
040 (3396273.078.000) 2022-12-25 07:16:58 Finished transferring input files
...
001 (3396273.078.000) 2022-12-25 07:16:59 Job executing on host: <128.104.58.167:9618?addrs=128.104.58.167-9618+[2607-f388-1086-0-16fe-b5ff-fec6-7516]-9618&alias=e1020.chtc.wisc.edu&noUDP&sock=startd_10029_a367>
...
006 (3396273.078.000) 2022-12-25 07:17:07 Image size of job updated: 854096
	359  -  MemoryUsage of job (MB)
	367544  -  ResidentSetSize of job (KB)
...
006 (3396273.078.000) 2022-12-25 07:18:19 Image size of job updated: 1351640
	359  -  MemoryUsage of job (MB)
	367576  -  ResidentSetSize of job (KB)
...
040 (3396273.078.000) 2022-12-25 07:18:19 Started transferring output files
	Seconds spent in queue: 2841
...
040 (3396273.078.000) 2022-12-25 07:18:19 Finished transferring output files
...
005 (3396273.078.000) 2022-12-25 07:18:19 Job terminated.
	(1) Normal termination (return value 0)
		Usr 0 00:00:33, Sys 0 00:00:05  -  Run Remote Usage
		Usr 0 00:00:00, Sys 0 00:00:00  -  Run Local Usage
		Usr 0 00:00:33, Sys 0 00:00:05  -  Total Remote Usage
		Usr 0 00:00:00, Sys 0 00:00:00  -  Total Local Usage
	9474  -  Run Bytes Sent By Job
	328686848  -  Run Bytes Received By Job
	9474  -  Total Bytes Sent By Job
	328686848  -  Total Bytes Received By Job
	Partitionable Resources :     Usage  Request Allocated 
	   Cpus                 :      0.61        1         1 
	   Disk (KB)            : 321060     2097152   2336915 
	   IoHeavy              :                            0 
	   Memory (MB)          :    359        2048      2048 

	Job terminated of its own accord at 2022-12-25T13:18:18Z.
...
