000 (3396272.083.000) 2022-12-25 06:11:14 Job submitted from host: <144.92.180.5:9618?addrs=144.92.180.5-9618+[2607-f388-101c-1000--368]-9618&alias=login02.hep.wisc.edu&noUDP&sock=schedd_3117_94ca>
...
040 (3396272.083.000) 2022-12-25 06:14:56 Entered queue to transfer input files
	Transferring to host: <128.105.69.51:9618?addrs=128.105.69.51-9618+[2607-f388-2200-100-1e6a-7aff-fe26-37a3]-9618&alias=e2375.chtc.wisc.edu&noUDP&sock=slot1_7_6015_dc8e_19715>
...
040 (3396272.083.000) 2022-12-25 06:40:47 Started transferring input files
	Seconds spent in queue: 1551
...
040 (3396272.083.000) 2022-12-25 06:43:19 Finished transferring input files
...
001 (3396272.083.000) 2022-12-25 06:43:20 Job executing on host: <128.105.69.51:9618?addrs=128.105.69.51-9618+[2607-f388-2200-100-1e6a-7aff-fe26-37a3]-9618&alias=e2375.chtc.wisc.edu&noUDP&sock=startd_7688_e832>
...
006 (3396272.083.000) 2022-12-25 06:43:30 Image size of job updated: 203672
	44  -  MemoryUsage of job (MB)
	44100  -  ResidentSetSize of job (KB)
...
006 (3396272.083.000) 2022-12-25 06:43:42 Image size of job updated: 951036
	44  -  MemoryUsage of job (MB)
	44100  -  ResidentSetSize of job (KB)
...
040 (3396272.083.000) 2022-12-25 06:43:43 Started transferring output files
	Seconds spent in queue: 1727
...
040 (3396272.083.000) 2022-12-25 06:43:43 Finished transferring output files
...
005 (3396272.083.000) 2022-12-25 06:43:43 Job terminated.
	(1) Normal termination (return value 0)
		Usr 0 00:00:06, Sys 0 00:00:01  -  Run Remote Usage
		Usr 0 00:00:00, Sys 0 00:00:00  -  Run Local Usage
		Usr 0 00:00:06, Sys 0 00:00:01  -  Total Remote Usage
		Usr 0 00:00:00, Sys 0 00:00:00  -  Total Local Usage
	6480  -  Run Bytes Sent By Job
	328686848  -  Run Bytes Received By Job
	6480  -  Total Bytes Sent By Job
	328686848  -  Total Bytes Received By Job
	Partitionable Resources :     Usage  Request Allocated 
	   Cpus                 :      0.05        1         1 
	   Disk (KB)            : 321057     2097152   2345517 
	   IoHeavy              :                            0 
	   Memory (MB)          :     44        2048      2048 

	Job terminated of its own accord at 2022-12-25T12:43:42Z.
...
