000 (3396272.058.000) 2022-12-25 06:11:14 Job submitted from host: <144.92.180.5:9618?addrs=144.92.180.5-9618+[2607-f388-101c-1000--368]-9618&alias=login02.hep.wisc.edu&noUDP&sock=schedd_3117_94ca>
...
040 (3396272.058.000) 2022-12-25 06:14:49 Entered queue to transfer input files
	Transferring to host: <128.105.69.51:9618?addrs=128.105.69.51-9618+[2607-f388-2200-100-1e6a-7aff-fe26-37a3]-9618&alias=e2375.chtc.wisc.edu&noUDP&sock=slot1_5_6015_dc8e_19713>
...
040 (3396272.058.000) 2022-12-25 06:38:49 Started transferring input files
	Seconds spent in queue: 1440
...
040 (3396272.058.000) 2022-12-25 06:43:45 Finished transferring input files
...
001 (3396272.058.000) 2022-12-25 06:43:46 Job executing on host: <128.105.69.51:9618?addrs=128.105.69.51-9618+[2607-f388-2200-100-1e6a-7aff-fe26-37a3]-9618&alias=e2375.chtc.wisc.edu&noUDP&sock=startd_7688_e832>
...
006 (3396272.058.000) 2022-12-25 06:43:55 Image size of job updated: 455600
	391  -  MemoryUsage of job (MB)
	399404  -  ResidentSetSize of job (KB)
...
006 (3396272.058.000) 2022-12-25 06:44:19 Image size of job updated: 1494040
	391  -  MemoryUsage of job (MB)
	399404  -  ResidentSetSize of job (KB)
...
040 (3396272.058.000) 2022-12-25 06:44:19 Started transferring output files
	Seconds spent in queue: 1770
...
040 (3396272.058.000) 2022-12-25 06:44:20 Finished transferring output files
...
005 (3396272.058.000) 2022-12-25 06:44:20 Job terminated.
	(1) Normal termination (return value 0)
		Usr 0 00:00:13, Sys 0 00:00:06  -  Run Remote Usage
		Usr 0 00:00:00, Sys 0 00:00:00  -  Run Local Usage
		Usr 0 00:00:13, Sys 0 00:00:06  -  Total Remote Usage
		Usr 0 00:00:00, Sys 0 00:00:00  -  Total Local Usage
	636447  -  Run Bytes Sent By Job
	328686848  -  Run Bytes Received By Job
	636447  -  Total Bytes Sent By Job
	328686848  -  Total Bytes Received By Job
	Partitionable Resources :     Usage  Request Allocated 
	   Cpus                 :      0.02        1         1 
	   Disk (KB)            : 321672     2097152   2345517 
	   IoHeavy              :                            0 
	   Memory (MB)          :    391        2048      2048 

	Job terminated of its own accord at 2022-12-25T12:44:19Z.
...
