000 (3396273.003.000) 2022-12-25 06:14:08 Job submitted from host: <144.92.180.5:9618?addrs=144.92.180.5-9618+[2607-f388-101c-1000--368]-9618&alias=login02.hep.wisc.edu&noUDP&sock=schedd_3117_94ca>
...
040 (3396273.003.000) 2022-12-25 06:28:37 Entered queue to transfer input files
	Transferring to host: <128.105.69.65:9618?addrs=128.105.69.65-9618+[2607-f388-2200-100-1e6a-7aff-fe26-d96d]-9618&alias=e2393.chtc.wisc.edu&noUDP&sock=slot1_18_31972_ea8d_19902>
...
040 (3396273.003.000) 2022-12-25 06:59:45 Started transferring input files
	Seconds spent in queue: 1868
...
040 (3396273.003.000) 2022-12-25 07:01:05 Finished transferring input files
...
001 (3396273.003.000) 2022-12-25 07:01:06 Job executing on host: <128.105.69.65:9618?addrs=128.105.69.65-9618+[2607-f388-2200-100-1e6a-7aff-fe26-d96d]-9618&alias=e2393.chtc.wisc.edu&noUDP&sock=startd_7581_838f>
...
006 (3396273.003.000) 2022-12-25 07:01:15 Image size of job updated: 480448
	406  -  MemoryUsage of job (MB)
	414780  -  ResidentSetSize of job (KB)
...
006 (3396273.003.000) 2022-12-25 07:01:48 Image size of job updated: 1352084
	406  -  MemoryUsage of job (MB)
	414984  -  ResidentSetSize of job (KB)
...
040 (3396273.003.000) 2022-12-25 07:01:48 Started transferring output files
	Seconds spent in queue: 1991
...
040 (3396273.003.000) 2022-12-25 07:01:49 Finished transferring output files
...
005 (3396273.003.000) 2022-12-25 07:01:49 Job terminated.
	(1) Normal termination (return value 0)
		Usr 0 00:00:14, Sys 0 00:00:04  -  Run Remote Usage
		Usr 0 00:00:00, Sys 0 00:00:00  -  Run Local Usage
		Usr 0 00:00:14, Sys 0 00:00:04  -  Total Remote Usage
		Usr 0 00:00:00, Sys 0 00:00:00  -  Total Local Usage
	563262  -  Run Bytes Sent By Job
	328686848  -  Run Bytes Received By Job
	563262  -  Total Bytes Sent By Job
	328686848  -  Total Bytes Received By Job
	Partitionable Resources :     Usage  Request Allocated 
	   Cpus                 :      0.00        1         1 
	   Disk (KB)            : 321601     2097152   2344832 
	   IoHeavy              :                            0 
	   Memory (MB)          :    406        2048      2048 

	Job terminated of its own accord at 2022-12-25T13:01:48Z.
...
