000 (3396273.122.000) 2022-12-25 06:14:09 Job submitted from host: <144.92.180.5:9618?addrs=144.92.180.5-9618+[2607-f388-101c-1000--368]-9618&alias=login02.hep.wisc.edu&noUDP&sock=schedd_3117_94ca>
...
040 (3396273.122.000) 2022-12-25 06:32:05 Entered queue to transfer input files
	Transferring to host: <128.105.69.22:9618?addrs=128.105.69.22-9618+[2607-f388-2200-100-fac2-88ff-fe67-c313]-9618&alias=e344.chtc.wisc.edu&noUDP&sock=slot1_13_21965_1456_27621>
...
040 (3396273.122.000) 2022-12-25 07:05:32 Started transferring input files
	Seconds spent in queue: 2007
...
040 (3396273.122.000) 2022-12-25 07:18:48 Finished transferring input files
...
001 (3396273.122.000) 2022-12-25 07:18:49 Job executing on host: <128.105.69.22:9618?addrs=128.105.69.22-9618+[2607-f388-2200-100-fac2-88ff-fe67-c313]-9618&alias=e344.chtc.wisc.edu&noUDP&sock=startd_7225_53d8>
...
006 (3396273.122.000) 2022-12-25 07:18:57 Image size of job updated: 793900
	374  -  MemoryUsage of job (MB)
	382504  -  ResidentSetSize of job (KB)
...
006 (3396273.122.000) 2022-12-25 07:19:53 Image size of job updated: 1351020
	374  -  MemoryUsage of job (MB)
	382508  -  ResidentSetSize of job (KB)
...
040 (3396273.122.000) 2022-12-25 07:19:53 Started transferring output files
	Seconds spent in queue: 2868
...
040 (3396273.122.000) 2022-12-25 07:19:53 Finished transferring output files
...
005 (3396273.122.000) 2022-12-25 07:19:54 Job terminated.
	(1) Normal termination (return value 0)
		Usr 0 00:00:19, Sys 0 00:00:04  -  Run Remote Usage
		Usr 0 00:00:00, Sys 0 00:00:00  -  Run Local Usage
		Usr 0 00:00:19, Sys 0 00:00:04  -  Total Remote Usage
		Usr 0 00:00:00, Sys 0 00:00:00  -  Total Local Usage
	1244762  -  Run Bytes Sent By Job
	328686848  -  Run Bytes Received By Job
	1244762  -  Total Bytes Sent By Job
	328686848  -  Total Bytes Received By Job
	Partitionable Resources :     Usage  Request Allocated 
	   Cpus                 :      0.01        1         1 
	   Disk (KB)            : 322266     2097152   2327839 
	   IoHeavy              :                            0 
	   Memory (MB)          :    374        2048      2048 

	Job terminated of its own accord at 2022-12-25T13:19:53Z.
...
