000 (3396272.080.000) 2022-12-25 06:11:14 Job submitted from host: <144.92.180.5:9618?addrs=144.92.180.5-9618+[2607-f388-101c-1000--368]-9618&alias=login02.hep.wisc.edu&noUDP&sock=schedd_3117_94ca>
...
040 (3396272.080.000) 2022-12-25 06:14:55 Entered queue to transfer input files
	Transferring to host: <128.105.69.70:9618?addrs=128.105.69.70-9618+[2607-f388-2200-100-1e6a-7aff-fe26-3183]-9618&alias=e2399.chtc.wisc.edu&noUDP&sock=slot1_18_31214_d62e_16639>
...
040 (3396272.080.000) 2022-12-25 06:40:37 Started transferring input files
	Seconds spent in queue: 1542
...
040 (3396272.080.000) 2022-12-25 06:45:52 Finished transferring input files
...
001 (3396272.080.000) 2022-12-25 06:45:53 Job executing on host: <128.105.69.70:9618?addrs=128.105.69.70-9618+[2607-f388-2200-100-1e6a-7aff-fe26-3183]-9618&alias=e2399.chtc.wisc.edu&noUDP&sock=startd_7504_b2c5>
...
006 (3396272.080.000) 2022-12-25 06:46:02 Image size of job updated: 117424
	65  -  MemoryUsage of job (MB)
	66316  -  ResidentSetSize of job (KB)
...
006 (3396272.080.000) 2022-12-25 06:47:24 Image size of job updated: 1501644
	65  -  MemoryUsage of job (MB)
	66480  -  ResidentSetSize of job (KB)
...
040 (3396272.080.000) 2022-12-25 06:47:24 Started transferring output files
	Seconds spent in queue: 1949
...
040 (3396272.080.000) 2022-12-25 06:47:24 Finished transferring output files
...
005 (3396272.080.000) 2022-12-25 06:47:25 Job terminated.
	(1) Normal termination (return value 0)
		Usr 0 00:00:10, Sys 0 00:00:01  -  Run Remote Usage
		Usr 0 00:00:00, Sys 0 00:00:00  -  Run Local Usage
		Usr 0 00:00:10, Sys 0 00:00:01  -  Total Remote Usage
		Usr 0 00:00:00, Sys 0 00:00:00  -  Total Local Usage
	153841  -  Run Bytes Sent By Job
	328686848  -  Run Bytes Received By Job
	153841  -  Total Bytes Sent By Job
	328686848  -  Total Bytes Received By Job
	Partitionable Resources :     Usage  Request Allocated 
	   Cpus                 :      0.03        1         1 
	   Disk (KB)            : 321201     2097152   2330087 
	   IoHeavy              :                            0 
	   Memory (MB)          :     65        2048      2048 

	Job terminated of its own accord at 2022-12-25T12:47:24Z.
...
