000 (3396272.395.000) 2022-12-25 06:11:16 Job submitted from host: <144.92.180.5:9618?addrs=144.92.180.5-9618+[2607-f388-101c-1000--368]-9618&alias=login02.hep.wisc.edu&noUDP&sock=schedd_3117_94ca>
...
040 (3396272.395.000) 2022-12-25 06:26:11 Entered queue to transfer input files
	Transferring to host: <128.105.68.224:9618?addrs=128.105.68.224-9618+[2607-f388-2200-100-1e6a-7aff-fe26-33e3]-9618&alias=e311.chtc.wisc.edu&noUDP&sock=slot1_12_38179_4f2a_22435>
...
040 (3396272.395.000) 2022-12-25 06:56:33 Started transferring input files
	Seconds spent in queue: 1822
...
040 (3396272.395.000) 2022-12-25 07:03:35 Finished transferring input files
...
001 (3396272.395.000) 2022-12-25 07:03:36 Job executing on host: <128.105.68.224:9618?addrs=128.105.68.224-9618+[2607-f388-2200-100-1e6a-7aff-fe26-33e3]-9618&alias=e311.chtc.wisc.edu&noUDP&sock=startd_7224_a440>
...
006 (3396272.395.000) 2022-12-25 07:03:44 Image size of job updated: 491120
	374  -  MemoryUsage of job (MB)
	382500  -  ResidentSetSize of job (KB)
...
006 (3396272.395.000) 2022-12-25 07:04:17 Image size of job updated: 1417332
	374  -  MemoryUsage of job (MB)
	382500  -  ResidentSetSize of job (KB)
...
040 (3396272.395.000) 2022-12-25 07:04:17 Started transferring output files
	Seconds spent in queue: 2286
...
040 (3396272.395.000) 2022-12-25 07:04:18 Finished transferring output files
...
005 (3396272.395.000) 2022-12-25 07:04:18 Job terminated.
	(1) Normal termination (return value 0)
		Usr 0 00:00:10, Sys 0 00:00:04  -  Run Remote Usage
		Usr 0 00:00:00, Sys 0 00:00:00  -  Run Local Usage
		Usr 0 00:00:10, Sys 0 00:00:04  -  Total Remote Usage
		Usr 0 00:00:00, Sys 0 00:00:00  -  Total Local Usage
	780926  -  Run Bytes Sent By Job
	328686848  -  Run Bytes Received By Job
	780926  -  Total Bytes Sent By Job
	328686848  -  Total Bytes Received By Job
	Partitionable Resources :     Usage  Request Allocated 
	   Cpus                 :      0.03        1         1 
	   Disk (KB)            : 321813     2097152   2317145 
	   IoHeavy              :                            0 
	   Memory (MB)          :    374        2048      2048 

	Job terminated of its own accord at 2022-12-25T13:04:17Z.
...
