000 (3396272.056.000) 2022-12-25 06:11:14 Job submitted from host: <144.92.180.5:9618?addrs=144.92.180.5-9618+[2607-f388-101c-1000--368]-9618&alias=login02.hep.wisc.edu&noUDP&sock=schedd_3117_94ca>
...
040 (3396272.056.000) 2022-12-25 06:14:46 Entered queue to transfer input files
	Transferring to host: <128.104.58.226:9618?addrs=128.104.58.226-9618+[2607-f388-1086-0-226-9eff-fe2b-bdac]-9618&alias=e1089.chtc.wisc.edu&noUDP&sock=slot1_4_25272_28fd_18413>
...
040 (3396272.056.000) 2022-12-25 06:38:18 Started transferring input files
	Seconds spent in queue: 1412
...
040 (3396272.056.000) 2022-12-25 06:44:11 Finished transferring input files
...
001 (3396272.056.000) 2022-12-25 06:44:12 Job executing on host: <128.104.58.226:9618?addrs=128.104.58.226-9618+[2607-f388-1086-0-226-9eff-fe2b-bdac]-9618&alias=e1089.chtc.wisc.edu&noUDP&sock=startd_7364_ab82>
...
006 (3396272.056.000) 2022-12-25 06:44:21 Image size of job updated: 275592
	59  -  MemoryUsage of job (MB)
	59548  -  ResidentSetSize of job (KB)
...
006 (3396272.056.000) 2022-12-25 06:45:17 Image size of job updated: 1484108
	59  -  MemoryUsage of job (MB)
	59772  -  ResidentSetSize of job (KB)
...
040 (3396272.056.000) 2022-12-25 06:45:17 Started transferring output files
	Seconds spent in queue: 1831
...
040 (3396272.056.000) 2022-12-25 06:45:18 Finished transferring output files
...
005 (3396272.056.000) 2022-12-25 06:45:18 Job terminated.
	(1) Normal termination (return value 0)
		Usr 0 00:00:21, Sys 0 00:00:06  -  Run Remote Usage
		Usr 0 00:00:00, Sys 0 00:00:00  -  Run Local Usage
		Usr 0 00:00:21, Sys 0 00:00:06  -  Total Remote Usage
		Usr 0 00:00:00, Sys 0 00:00:00  -  Total Local Usage
	150648  -  Run Bytes Sent By Job
	328686848  -  Run Bytes Received By Job
	150648  -  Total Bytes Sent By Job
	328686848  -  Total Bytes Received By Job
	Partitionable Resources :     Usage  Request Allocated 
	   Cpus                 :      0.05        1         1 
	   Disk (KB)            : 321197     2097152  11035520 
	   IoHeavy              :                            0 
	   Memory (MB)          :     59        2048      2048 

	Job terminated of its own accord at 2022-12-25T12:45:17Z.
...
