000 (3396273.308.000) 2022-12-25 06:14:11 Job submitted from host: <144.92.180.5:9618?addrs=144.92.180.5-9618+[2607-f388-101c-1000--368]-9618&alias=login02.hep.wisc.edu&noUDP&sock=schedd_3117_94ca>
...
040 (3396273.308.000) 2022-12-25 06:40:30 Entered queue to transfer input files
	Transferring to host: <128.104.101.124:9618?addrs=128.104.101.124-9618+[2607-f388-107c-501-206-f6ff-fe30-a629]-9618&alias=e0124.chtc.wisc.edu&noUDP&sock=slot1_7_19114_4ac2_22209>
...
040 (3396273.308.000) 2022-12-25 07:14:09 Started transferring input files
	Seconds spent in queue: 2019
...
040 (3396273.308.000) 2022-12-25 07:17:52 Finished transferring input files
...
001 (3396273.308.000) 2022-12-25 07:17:53 Job executing on host: <128.104.101.124:9618?addrs=128.104.101.124-9618+[2607-f388-107c-501-206-f6ff-fe30-a629]-9618&alias=e0124.chtc.wisc.edu&noUDP&sock=startd_7006_1c9b>
...
006 (3396273.308.000) 2022-12-25 07:18:02 Image size of job updated: 1245440
	511  -  MemoryUsage of job (MB)
	522964  -  ResidentSetSize of job (KB)
...
006 (3396273.308.000) 2022-12-25 07:23:03 Image size of job updated: 1480436
	562  -  MemoryUsage of job (MB)
	574472  -  ResidentSetSize of job (KB)
...
006 (3396273.308.000) 2022-12-25 07:27:19 Image size of job updated: 1487260
	562  -  MemoryUsage of job (MB)
	574472  -  ResidentSetSize of job (KB)
...
040 (3396273.308.000) 2022-12-25 07:27:19 Started transferring output files
	Seconds spent in queue: 2809
...
040 (3396273.308.000) 2022-12-25 07:27:20 Finished transferring output files
...
005 (3396273.308.000) 2022-12-25 07:27:20 Job terminated.
	(1) Normal termination (return value 0)
		Usr 0 00:02:47, Sys 0 00:00:36  -  Run Remote Usage
		Usr 0 00:00:00, Sys 0 00:00:00  -  Run Local Usage
		Usr 0 00:02:47, Sys 0 00:00:36  -  Total Remote Usage
		Usr 0 00:00:00, Sys 0 00:00:00  -  Total Local Usage
	1599026  -  Run Bytes Sent By Job
	328686848  -  Run Bytes Received By Job
	1599026  -  Total Bytes Sent By Job
	328686848  -  Total Bytes Received By Job
	Partitionable Resources :     Usage  Request Allocated 
	   Cpus                 :      0.09        1         1 
	   Disk (KB)            : 322612     2097152   3328711 
	   IoHeavy              :                            0 
	   Memory (MB)          :    562        2048      2048 

	Job terminated of its own accord at 2022-12-25T13:27:19Z.
...
