000 (3396273.358.000) 2022-12-25 06:14:11 Job submitted from host: <144.92.180.5:9618?addrs=144.92.180.5-9618+[2607-f388-101c-1000--368]-9618&alias=login02.hep.wisc.edu&noUDP&sock=schedd_3117_94ca>
...
040 (3396273.358.000) 2022-12-25 06:42:35 Entered queue to transfer input files
	Transferring to host: <128.105.69.71:9618?addrs=128.105.69.71-9618+[2607-f388-2200-100-1e6a-7aff-fe26-da35]-9618&alias=e2400.chtc.wisc.edu&noUDP&sock=slot1_28_18524_956a_21570>
...
040 (3396273.358.000) 2022-12-25 07:16:58 Started transferring input files
	Seconds spent in queue: 2063
...
040 (3396273.358.000) 2022-12-25 07:26:27 Finished transferring input files
...
001 (3396273.358.000) 2022-12-25 07:26:28 Job executing on host: <128.105.69.71:9618?addrs=128.105.69.71-9618+[2607-f388-2200-100-1e6a-7aff-fe26-da35]-9618&alias=e2400.chtc.wisc.edu&noUDP&sock=startd_7544_228e>
...
006 (3396273.358.000) 2022-12-25 07:26:36 Image size of job updated: 275728
	75  -  MemoryUsage of job (MB)
	76276  -  ResidentSetSize of job (KB)
...
006 (3396273.358.000) 2022-12-25 07:31:36 Image size of job updated: 1456972
	534  -  MemoryUsage of job (MB)
	546000  -  ResidentSetSize of job (KB)
...
006 (3396273.358.000) 2022-12-25 07:36:37 Image size of job updated: 1456972
	549  -  MemoryUsage of job (MB)
	561452  -  ResidentSetSize of job (KB)
...
006 (3396273.358.000) 2022-12-25 07:41:38 Image size of job updated: 1456972
	549  -  MemoryUsage of job (MB)
	561464  -  ResidentSetSize of job (KB)
...
040 (3396273.358.000) 2022-12-25 07:47:32 Started transferring output files
	Seconds spent in queue: 3897
...
040 (3396273.358.000) 2022-12-25 07:47:33 Finished transferring output files
...
005 (3396273.358.000) 2022-12-25 07:47:33 Job terminated.
	(1) Normal termination (return value 0)
		Usr 0 00:06:17, Sys 0 00:00:23  -  Run Remote Usage
		Usr 0 00:00:00, Sys 0 00:00:00  -  Run Local Usage
		Usr 0 00:06:17, Sys 0 00:00:23  -  Total Remote Usage
		Usr 0 00:00:00, Sys 0 00:00:00  -  Total Local Usage
	1626908  -  Run Bytes Sent By Job
	328686848  -  Run Bytes Received By Job
	1626908  -  Total Bytes Sent By Job
	328686848  -  Total Bytes Received By Job
	Partitionable Resources :     Usage  Request Allocated 
	   Cpus                 :      0.34        1         1 
	   Disk (KB)            : 322640     2097152   2338844 
	   IoHeavy              :                            0 
	   Memory (MB)          :    549        2048      2048 

	Job terminated of its own accord at 2022-12-25T13:47:32Z.
...
