000 (3396272.277.000) 2022-12-25 06:11:15 Job submitted from host: <144.92.180.5:9618?addrs=144.92.180.5-9618+[2607-f388-101c-1000--368]-9618&alias=login02.hep.wisc.edu&noUDP&sock=schedd_3117_94ca>
...
040 (3396272.277.000) 2022-12-25 06:21:10 Entered queue to transfer input files
	Transferring to host: <128.104.58.194:9618?addrs=128.104.58.194-9618+[2607-f388-1086-0-f24d-a2ff-fe40-ff19]-9618&alias=e1052.chtc.wisc.edu&noUDP&sock=slot1_13_16828_9925_22724>
...
040 (3396272.277.000) 2022-12-25 06:50:10 Started transferring input files
	Seconds spent in queue: 1740
...
040 (3396272.277.000) 2022-12-25 07:02:17 Finished transferring input files
...
001 (3396272.277.000) 2022-12-25 07:02:18 Job executing on host: <128.104.58.194:9618?addrs=128.104.58.194-9618+[2607-f388-1086-0-f24d-a2ff-fe40-ff19]-9618&alias=e1052.chtc.wisc.edu&noUDP&sock=startd_10203_fce2>
...
006 (3396272.277.000) 2022-12-25 07:02:26 Image size of job updated: 471424
	361  -  MemoryUsage of job (MB)
	369420  -  ResidentSetSize of job (KB)
...
006 (3396272.277.000) 2022-12-25 07:07:26 Image size of job updated: 1406280
	498  -  MemoryUsage of job (MB)
	509352  -  ResidentSetSize of job (KB)
...
006 (3396272.277.000) 2022-12-25 07:12:26 Image size of job updated: 1406280
	498  -  MemoryUsage of job (MB)
	509584  -  ResidentSetSize of job (KB)
...
006 (3396272.277.000) 2022-12-25 07:17:27 Image size of job updated: 1406280
	498  -  MemoryUsage of job (MB)
	509768  -  ResidentSetSize of job (KB)
...
006 (3396272.277.000) 2022-12-25 07:22:29 Image size of job updated: 1407716
	502  -  MemoryUsage of job (MB)
	514040  -  ResidentSetSize of job (KB)
...
006 (3396272.277.000) 2022-12-25 07:27:29 Image size of job updated: 1412864
	510  -  MemoryUsage of job (MB)
	522136  -  ResidentSetSize of job (KB)
...
040 (3396272.277.000) 2022-12-25 07:29:13 Started transferring output files
	Seconds spent in queue: 4083
...
040 (3396272.277.000) 2022-12-25 07:29:14 Finished transferring output files
...
005 (3396272.277.000) 2022-12-25 07:29:15 Job terminated.
	(1) Normal termination (return value 0)
		Usr 0 00:11:08, Sys 0 00:01:15  -  Run Remote Usage
		Usr 0 00:00:00, Sys 0 00:00:00  -  Run Local Usage
		Usr 0 00:11:08, Sys 0 00:01:15  -  Total Remote Usage
		Usr 0 00:00:00, Sys 0 00:00:00  -  Total Local Usage
	1589367  -  Run Bytes Sent By Job
	328686848  -  Run Bytes Received By Job
	1589367  -  Total Bytes Sent By Job
	328686848  -  Total Bytes Received By Job
	Partitionable Resources :     Usage  Request Allocated 
	   Cpus                 :      0.52        1         1 
	   Disk (KB)            : 322603     2097152   2300752 
	   IoHeavy              :                            0 
	   Memory (MB)          :    510        2048      2048 

	Job terminated of its own accord at 2022-12-25T13:29:13Z.
...
