000 (3396273.486.000) 2022-12-25 06:14:12 Job submitted from host: <144.92.180.5:9618?addrs=144.92.180.5-9618+[2607-f388-101c-1000--368]-9618&alias=login02.hep.wisc.edu&noUDP&sock=schedd_3117_94ca>
...
040 (3396273.486.000) 2022-12-25 06:46:47 Entered queue to transfer input files
	Transferring to host: <128.104.58.157:9618?addrs=128.104.58.157-9618+[2607-f388-1086-0-16fe-b5ff-fec6-7582]-9618&alias=e1009.chtc.wisc.edu&noUDP&sock=slot1_31_367_55a8_19737>
...
040 (3396273.486.000) 2022-12-25 07:23:09 Started transferring input files
	Seconds spent in queue: 2182
...
040 (3396273.486.000) 2022-12-25 07:23:29 Finished transferring input files
...
001 (3396273.486.000) 2022-12-25 07:23:30 Job executing on host: <128.104.58.157:9618?addrs=128.104.58.157-9618+[2607-f388-1086-0-16fe-b5ff-fec6-7582]-9618&alias=e1009.chtc.wisc.edu&noUDP&sock=startd_10086_bc4d>
...
006 (3396273.486.000) 2022-12-25 07:23:39 Image size of job updated: 477596
	358  -  MemoryUsage of job (MB)
	366032  -  ResidentSetSize of job (KB)
...
006 (3396273.486.000) 2022-12-25 07:28:39 Image size of job updated: 1490376
	531  -  MemoryUsage of job (MB)
	542916  -  ResidentSetSize of job (KB)
...
006 (3396273.486.000) 2022-12-25 07:33:39 Image size of job updated: 1490376
	540  -  MemoryUsage of job (MB)
	552372  -  ResidentSetSize of job (KB)
...
006 (3396273.486.000) 2022-12-25 07:43:41 Image size of job updated: 1490376
	541  -  MemoryUsage of job (MB)
	553264  -  ResidentSetSize of job (KB)
...
006 (3396273.486.000) 2022-12-25 07:48:41 Image size of job updated: 1490376
	551  -  MemoryUsage of job (MB)
	563212  -  ResidentSetSize of job (KB)
...
040 (3396273.486.000) 2022-12-25 07:50:47 Started transferring output files
	Seconds spent in queue: 3840
...
040 (3396273.486.000) 2022-12-25 07:50:47 Finished transferring output files
...
005 (3396273.486.000) 2022-12-25 07:50:47 Job terminated.
	(1) Normal termination (return value 0)
		Usr 0 00:10:27, Sys 0 00:01:06  -  Run Remote Usage
		Usr 0 00:00:00, Sys 0 00:00:00  -  Run Local Usage
		Usr 0 00:10:27, Sys 0 00:01:06  -  Total Remote Usage
		Usr 0 00:00:00, Sys 0 00:00:00  -  Total Local Usage
	1711706  -  Run Bytes Sent By Job
	328686848  -  Run Bytes Received By Job
	1711706  -  Total Bytes Sent By Job
	328686848  -  Total Bytes Received By Job
	Partitionable Resources :     Usage  Request Allocated 
	   Cpus                 :      0.40        1         1 
	   Disk (KB)            : 322722     2097152   2379081 
	   IoHeavy              :                            0 
	   Memory (MB)          :    551        2048      2048 

	Job terminated of its own accord at 2022-12-25T13:50:47Z.
...
