000 (3396272.319.000) 2022-12-25 06:11:15 Job submitted from host: <144.92.180.5:9618?addrs=144.92.180.5-9618+[2607-f388-101c-1000--368]-9618&alias=login02.hep.wisc.edu&noUDP&sock=schedd_3117_94ca>
...
040 (3396272.319.000) 2022-12-25 06:22:58 Entered queue to transfer input files
	Transferring to host: <128.105.68.218:9618?addrs=128.105.68.218-9618+[2607-f388-2200-100-1e6a-7aff-fe26-3123]-9618&alias=e305.chtc.wisc.edu&noUDP&sock=slot1_4_33507_766c_17798>
...
040 (3396272.319.000) 2022-12-25 06:52:11 Started transferring input files
	Seconds spent in queue: 1753
...
040 (3396272.319.000) 2022-12-25 07:05:50 Finished transferring input files
...
001 (3396272.319.000) 2022-12-25 07:05:51 Job executing on host: <128.105.68.218:9618?addrs=128.105.68.218-9618+[2607-f388-2200-100-1e6a-7aff-fe26-3123]-9618&alias=e305.chtc.wisc.edu&noUDP&sock=startd_7181_25ad>
...
006 (3396272.319.000) 2022-12-25 07:06:00 Image size of job updated: 59328
	24  -  MemoryUsage of job (MB)
	24088  -  ResidentSetSize of job (KB)
...
006 (3396272.319.000) 2022-12-25 07:07:35 Image size of job updated: 1480880
	24  -  MemoryUsage of job (MB)
	24236  -  ResidentSetSize of job (KB)
...
040 (3396272.319.000) 2022-12-25 07:07:35 Started transferring output files
	Seconds spent in queue: 2677
...
040 (3396272.319.000) 2022-12-25 07:07:36 Finished transferring output files
...
005 (3396272.319.000) 2022-12-25 07:07:36 Job terminated.
	(1) Normal termination (return value 0)
		Usr 0 00:00:09, Sys 0 00:00:01  -  Run Remote Usage
		Usr 0 00:00:00, Sys 0 00:00:00  -  Run Local Usage
		Usr 0 00:00:09, Sys 0 00:00:01  -  Total Remote Usage
		Usr 0 00:00:00, Sys 0 00:00:00  -  Total Local Usage
	797617  -  Run Bytes Sent By Job
	328686848  -  Run Bytes Received By Job
	797617  -  Total Bytes Sent By Job
	328686848  -  Total Bytes Received By Job
	Partitionable Resources :     Usage  Request Allocated 
	   Cpus                 :      0.13        1         1 
	   Disk (KB)            : 321830     2097152   2315115 
	   IoHeavy              :                            0 
	   Memory (MB)          :     24        2048      2048 

	Job terminated of its own accord at 2022-12-25T13:07:35Z.
...
