analyze_etau blinded_MET_EraD_0001_02 DATA
argc = 8
sp = 0
Systematics : V  Response NJet0 = 0.017
Systematics : V  Response NJet1 = 0.022
Systematics : V  Response NJetGe2 = 0.026
Systematics : V  Resolution NJet0 = 0.024
Systematics : V  Resolution NJet1 = 0.03
Systematics : V  Resolution NJetGe2 = 0.034
Systematics : EWK  Response NJet0 = 0.015
Systematics : EWK  Response NJet1 = 0.02
Systematics : EWK  Response NJetGe2 = 0.025
Systematics : EWK  Resolution NJet0 = 0.021
Systematics : EWK  Resolution NJet1 = 0.027
Systematics : EWK  Resolution NJetGe2 = 0.032
Systematics : TOP  Response NJet0 = 0.015
Systematics : TOP  Response NJet1 = 0.02
Systematics : TOP  Response NJetGe2 = 0.025
Systematics : TOP  Resolution NJet0 = 0.021
Systematics : TOP  Resolution NJet1 = 0.027
Systematics : TOP  Resolution NJetGe2 = 0.032
V_NJet0
V_NJet1
V_NJetGe2
EWK_NJet0
EWK_NJet1
EWK_NJetGe2
TOP_NJet0
TOP_NJet1
TOP_NJetGe2
All files added.
Initializing chain.
from Init DATA
sample ==========blinded_MET_EraD_0001_02
.... DATA file ..... 
Coming in: 
nentries:5386
Running over 5386 events.
Finished entry 0/5385
Finished entry 200/5385
Finished entry 400/5385
Finished entry 600/5385
Finished entry 800/5385
Finished entry 1000/5385
Finished entry 1200/5385
Finished entry 1400/5385
Finished entry 1600/5385
Finished entry 1800/5385
Finished entry 2000/5385
Finished entry 2200/5385
Finished entry 2400/5385
Finished entry 2600/5385
Finished entry 2800/5385
Finished entry 3000/5385
Finished entry 3200/5385
Finished entry 3400/5385
Finished entry 3600/5385
Finished entry 3800/5385
Finished entry 4000/5385
Finished entry 4200/5385
Finished entry 4400/5385
Finished entry 4600/5385
Finished entry 4800/5385
Finished entry 5000/5385
Finished entry 5200/5385
Finished entry 5385/5385
All events checked.
*******************************************
******************Jithin's original*************************
    Initial entries 5386.000000
   Passing smikking 0.000000
     GoodMuonPassed 0.000000   % change= 100.000000
      GoodTauPassed 0.000000   % change= -nan
         opp charge 0.000000   % change= -nan
 PassedThirdLepVeto 6.000000   % change= -inf
     PassedBjetVeto 6.000000   % change= 0.000000
       DeltaRPassed 6.000000   % change= 0.000000
      Total change :99.888600
*******************************************
*******************************************
Number of events inspected: 5386
Number of events inspected (minus negative gen. weights): 5386.000000
 Outpt written to blinded_MET_EraD_0001_02.root
Real time 0:01:10, CP time 18.660
1671973062 - 1671972980
