000 (3396273.114.000) 2022-12-25 06:14:09 Job submitted from host: <144.92.180.5:9618?addrs=144.92.180.5-9618+[2607-f388-101c-1000--368]-9618&alias=login02.hep.wisc.edu&noUDP&sock=schedd_3117_94ca>
...
040 (3396273.114.000) 2022-12-25 06:31:54 Entered queue to transfer input files
	Transferring to host: <128.104.58.154:9618?addrs=128.104.58.154-9618+[2607-f388-1086-0-16fe-b5ff-fec6-7996]-9618&alias=e1006.chtc.wisc.edu&noUDP&sock=slot1_18_35585_9a00_15346>
...
040 (3396273.114.000) 2022-12-25 07:05:14 Started transferring input files
	Seconds spent in queue: 2000
...
040 (3396273.114.000) 2022-12-25 07:16:36 Finished transferring input files
...
001 (3396273.114.000) 2022-12-25 07:16:37 Job executing on host: <128.104.58.154:9618?addrs=128.104.58.154-9618+[2607-f388-1086-0-16fe-b5ff-fec6-7996]-9618&alias=e1006.chtc.wisc.edu&noUDP&sock=startd_10208_6adb>
...
006 (3396273.114.000) 2022-12-25 07:16:46 Image size of job updated: 475448
	366  -  MemoryUsage of job (MB)
	374268  -  ResidentSetSize of job (KB)
...
006 (3396273.114.000) 2022-12-25 07:17:31 Image size of job updated: 1349616
	366  -  MemoryUsage of job (MB)
	374464  -  ResidentSetSize of job (KB)
...
040 (3396273.114.000) 2022-12-25 07:17:31 Started transferring output files
	Seconds spent in queue: 2737
...
040 (3396273.114.000) 2022-12-25 07:17:32 Finished transferring output files
...
005 (3396273.114.000) 2022-12-25 07:17:32 Job terminated.
	(1) Normal termination (return value 0)
		Usr 0 00:00:34, Sys 0 00:00:04  -  Run Remote Usage
		Usr 0 00:00:00, Sys 0 00:00:00  -  Run Local Usage
		Usr 0 00:00:34, Sys 0 00:00:04  -  Total Remote Usage
		Usr 0 00:00:00, Sys 0 00:00:00  -  Total Local Usage
	1382206  -  Run Bytes Sent By Job
	328686848  -  Run Bytes Received By Job
	1382206  -  Total Bytes Sent By Job
	328686848  -  Total Bytes Received By Job
	Partitionable Resources :    Usage  Request Allocated 
	   Cpus                 :        0        1         1 
	   Disk (KB)            :   322401  2097152   2326924 
	   IoHeavy              :                           0 
	   Memory (MB)          :      366     2048      2048 

	Job terminated of its own accord at 2022-12-25T13:17:31Z.
...
