000 (3396272.445.000) 2022-12-25 06:11:16 Job submitted from host: <144.92.180.5:9618?addrs=144.92.180.5-9618+[2607-f388-101c-1000--368]-9618&alias=login02.hep.wisc.edu&noUDP&sock=schedd_3117_94ca>
...
040 (3396272.445.000) 2022-12-25 06:28:34 Entered queue to transfer input files
	Transferring to host: <128.104.58.191:9618?addrs=128.104.58.191-9618+[2607-f388-1086-0-16fe-b5ff-fec6-7579]-9618&alias=e1046.chtc.wisc.edu&noUDP&sock=slot1_21_32237_a1f8_21813>
...
040 (3396272.445.000) 2022-12-25 06:59:22 Started transferring input files
	Seconds spent in queue: 1848
...
040 (3396272.445.000) 2022-12-25 07:08:04 Finished transferring input files
...
001 (3396272.445.000) 2022-12-25 07:08:05 Job executing on host: <128.104.58.191:9618?addrs=128.104.58.191-9618+[2607-f388-1086-0-16fe-b5ff-fec6-7579]-9618&alias=e1046.chtc.wisc.edu&noUDP&sock=startd_10274_b01b>
...
006 (3396272.445.000) 2022-12-25 07:08:14 Image size of job updated: 556520
	365  -  MemoryUsage of job (MB)
	373608  -  ResidentSetSize of job (KB)
...
006 (3396272.445.000) 2022-12-25 07:09:12 Image size of job updated: 1245868
	366  -  MemoryUsage of job (MB)
	373792  -  ResidentSetSize of job (KB)
...
040 (3396272.445.000) 2022-12-25 07:09:12 Started transferring output files
	Seconds spent in queue: 2438
...
040 (3396272.445.000) 2022-12-25 07:09:12 Finished transferring output files
...
005 (3396272.445.000) 2022-12-25 07:09:12 Job terminated.
	(1) Normal termination (return value 0)
		Usr 0 00:00:21, Sys 0 00:00:06  -  Run Remote Usage
		Usr 0 00:00:00, Sys 0 00:00:00  -  Run Local Usage
		Usr 0 00:00:21, Sys 0 00:00:06  -  Total Remote Usage
		Usr 0 00:00:00, Sys 0 00:00:00  -  Total Local Usage
	11087  -  Run Bytes Sent By Job
	328686848  -  Run Bytes Received By Job
	11087  -  Total Bytes Sent By Job
	328686848  -  Total Bytes Received By Job
	Partitionable Resources :     Usage  Request Allocated 
	   Cpus                 :      0.04        1         1 
	   Disk (KB)            : 321061     2097152   2324464 
	   IoHeavy              :                            0 
	   Memory (MB)          :    366        2048      2048 

	Job terminated of its own accord at 2022-12-25T13:09:11Z.
...
