000 (3396272.076.000) 2022-12-25 06:11:14 Job submitted from host: <144.92.180.5:9618?addrs=144.92.180.5-9618+[2607-f388-101c-1000--368]-9618&alias=login02.hep.wisc.edu&noUDP&sock=schedd_3117_94ca>
...
040 (3396272.076.000) 2022-12-25 06:14:54 Entered queue to transfer input files
	Transferring to host: <128.105.68.250:9618?addrs=128.105.68.250-9618+[2607-f388-2200-100-1e6a-7aff-fe26-c793]-9618&alias=e2337.chtc.wisc.edu&noUDP&sock=slot1_28_23354_c16f_15088>
...
040 (3396272.076.000) 2022-12-25 06:40:19 Started transferring input files
	Seconds spent in queue: 1525
...
040 (3396272.076.000) 2022-12-25 06:52:35 Finished transferring input files
...
001 (3396272.076.000) 2022-12-25 06:52:36 Job executing on host: <128.105.68.250:9618?addrs=128.105.68.250-9618+[2607-f388-2200-100-1e6a-7aff-fe26-c793]-9618&alias=e2337.chtc.wisc.edu&noUDP&sock=startd_6949_03b5>
...
006 (3396272.076.000) 2022-12-25 06:52:45 Image size of job updated: 40668
	16  -  MemoryUsage of job (MB)
	16220  -  ResidentSetSize of job (KB)
...
006 (3396272.076.000) 2022-12-25 06:54:01 Image size of job updated: 1502048
	16  -  MemoryUsage of job (MB)
	16220  -  ResidentSetSize of job (KB)
...
040 (3396272.076.000) 2022-12-25 06:54:02 Started transferring output files
	Seconds spent in queue: 2348
...
040 (3396272.076.000) 2022-12-25 06:54:02 Finished transferring output files
...
005 (3396272.076.000) 2022-12-25 06:54:02 Job terminated.
	(1) Normal termination (return value 0)
		Usr 0 00:00:10, Sys 0 00:00:02  -  Run Remote Usage
		Usr 0 00:00:00, Sys 0 00:00:00  -  Run Local Usage
		Usr 0 00:00:10, Sys 0 00:00:02  -  Total Remote Usage
		Usr 0 00:00:00, Sys 0 00:00:00  -  Total Local Usage
	774289  -  Run Bytes Sent By Job
	328686848  -  Run Bytes Received By Job
	774289  -  Total Bytes Sent By Job
	328686848  -  Total Bytes Received By Job
	Partitionable Resources :     Usage  Request Allocated 
	   Cpus                 :      0.02        1         1 
	   Disk (KB)            : 321807     2097152   2338721 
	   IoHeavy              :                            0 
	   Memory (MB)          :     16        2048      2048 

	Job terminated of its own accord at 2022-12-25T12:54:01Z.
...
