000 (3396273.483.000) 2022-12-25 06:14:12 Job submitted from host: <144.92.180.5:9618?addrs=144.92.180.5-9618+[2607-f388-101c-1000--368]-9618&alias=login02.hep.wisc.edu&noUDP&sock=schedd_3117_94ca>
...
040 (3396273.483.000) 2022-12-25 06:46:40 Entered queue to transfer input files
	Transferring to host: <128.105.68.249:9618?addrs=128.105.68.249-9618+[2607-f388-2200-100-22a-6aff-fee0-da5b]-9618&alias=e2336.chtc.wisc.edu&noUDP&sock=slot1_6_6800_f70e_20228>
...
040 (3396273.483.000) 2022-12-25 07:23:03 Started transferring input files
	Seconds spent in queue: 2183
...
040 (3396273.483.000) 2022-12-25 07:33:22 Finished transferring input files
...
001 (3396273.483.000) 2022-12-25 07:33:23 Job executing on host: <128.105.68.249:9618?addrs=128.105.68.249-9618+[2607-f388-2200-100-22a-6aff-fee0-da5b]-9618&alias=e2336.chtc.wisc.edu&noUDP&sock=startd_7515_3e4f>
...
006 (3396273.483.000) 2022-12-25 07:33:32 Image size of job updated: 841188
	373  -  MemoryUsage of job (MB)
	381188  -  ResidentSetSize of job (KB)
...
006 (3396273.483.000) 2022-12-25 07:38:32 Image size of job updated: 1481964
	542  -  MemoryUsage of job (MB)
	554176  -  ResidentSetSize of job (KB)
...
006 (3396273.483.000) 2022-12-25 07:43:32 Image size of job updated: 1490308
	542  -  MemoryUsage of job (MB)
	554176  -  ResidentSetSize of job (KB)
...
006 (3396273.483.000) 2022-12-25 07:48:33 Image size of job updated: 1490568
	549  -  MemoryUsage of job (MB)
	562028  -  ResidentSetSize of job (KB)
...
040 (3396273.483.000) 2022-12-25 07:50:10 Started transferring output files
	Seconds spent in queue: 3810
...
040 (3396273.483.000) 2022-12-25 07:50:10 Finished transferring output files
...
005 (3396273.483.000) 2022-12-25 07:50:10 Job terminated.
	(1) Normal termination (return value 0)
		Usr 0 00:04:12, Sys 0 00:00:45  -  Run Remote Usage
		Usr 0 00:00:00, Sys 0 00:00:00  -  Run Local Usage
		Usr 0 00:04:12, Sys 0 00:00:45  -  Total Remote Usage
		Usr 0 00:00:00, Sys 0 00:00:00  -  Total Local Usage
	1610739  -  Run Bytes Sent By Job
	328686848  -  Run Bytes Received By Job
	1610739  -  Total Bytes Sent By Job
	328686848  -  Total Bytes Received By Job
	Partitionable Resources :     Usage  Request Allocated 
	   Cpus                 :      0.29        1         1 
	   Disk (KB)            : 322624     2097152   2317803 
	   IoHeavy              :                            0 
	   Memory (MB)          :    549        2048      2048 

	Job terminated of its own accord at 2022-12-25T13:50:10Z.
...
