000 (3396272.196.000) 2022-12-25 06:11:14 Job submitted from host: <144.92.180.5:9618?addrs=144.92.180.5-9618+[2607-f388-101c-1000--368]-9618&alias=login02.hep.wisc.edu&noUDP&sock=schedd_3117_94ca>
...
040 (3396272.196.000) 2022-12-25 06:15:55 Entered queue to transfer input files
	Transferring to host: <128.104.58.170:9618?addrs=128.104.58.170-9618+[2607-f388-1086-0-f24d-a2ff-fe40-fe02]-9618&alias=e1024.chtc.wisc.edu&noUDP&sock=slot1_34_29533_6b8a_15708>
...
040 (3396272.196.000) 2022-12-25 06:44:45 Started transferring input files
	Seconds spent in queue: 1730
...
040 (3396272.196.000) 2022-12-25 06:50:12 Finished transferring input files
...
001 (3396272.196.000) 2022-12-25 06:50:13 Job executing on host: <128.104.58.170:9618?addrs=128.104.58.170-9618+[2607-f388-1086-0-f24d-a2ff-fe40-fe02]-9618&alias=e1024.chtc.wisc.edu&noUDP&sock=startd_10190_1227>
...
006 (3396272.196.000) 2022-12-25 06:50:22 Image size of job updated: 1049600
	361  -  MemoryUsage of job (MB)
	369268  -  ResidentSetSize of job (KB)
...
006 (3396272.196.000) 2022-12-25 06:51:17 Image size of job updated: 1411512
	361  -  MemoryUsage of job (MB)
	369332  -  ResidentSetSize of job (KB)
...
040 (3396272.196.000) 2022-12-25 06:51:18 Started transferring output files
	Seconds spent in queue: 2123
...
040 (3396272.196.000) 2022-12-25 06:51:18 Finished transferring output files
...
005 (3396272.196.000) 2022-12-25 06:51:18 Job terminated.
	(1) Normal termination (return value 0)
		Usr 0 00:00:29, Sys 0 00:00:07  -  Run Remote Usage
		Usr 0 00:00:00, Sys 0 00:00:00  -  Run Local Usage
		Usr 0 00:00:29, Sys 0 00:00:07  -  Total Remote Usage
		Usr 0 00:00:00, Sys 0 00:00:00  -  Total Local Usage
	11417  -  Run Bytes Sent By Job
	328686848  -  Run Bytes Received By Job
	11417  -  Total Bytes Sent By Job
	328686848  -  Total Bytes Received By Job
	Partitionable Resources :     Usage  Request Allocated 
	   Cpus                 :      0.07        1         1 
	   Disk (KB)            : 321061     2097152   2302105 
	   IoHeavy              :                            0 
	   Memory (MB)          :    361        2048      2048 

	Job terminated of its own accord at 2022-12-25T12:51:17Z.
...
