000 (3396272.370.000) 2022-12-25 06:11:15 Job submitted from host: <144.92.180.5:9618?addrs=144.92.180.5-9618+[2607-f388-101c-1000--368]-9618&alias=login02.hep.wisc.edu&noUDP&sock=schedd_3117_94ca>
...
040 (3396272.370.000) 2022-12-25 06:25:03 Entered queue to transfer input files
	Transferring to host: <128.105.69.46:9618?addrs=128.105.69.46-9618+[2607-f388-2200-100-1e6a-7aff-fe21-b2bb]-9618&alias=e2370.chtc.wisc.edu&noUDP&sock=slot1_25_2955_d091_20832>
...
040 (3396272.370.000) 2022-12-25 06:54:45 Started transferring input files
	Seconds spent in queue: 1782
...
040 (3396272.370.000) 2022-12-25 06:57:20 Finished transferring input files
...
001 (3396272.370.000) 2022-12-25 06:57:21 Job executing on host: <128.105.69.46:9618?addrs=128.105.69.46-9618+[2607-f388-2200-100-1e6a-7aff-fe21-b2bb]-9618&alias=e2370.chtc.wisc.edu&noUDP&sock=startd_7624_0222>
...
006 (3396272.370.000) 2022-12-25 06:57:30 Image size of job updated: 1016576
	373  -  MemoryUsage of job (MB)
	381160  -  ResidentSetSize of job (KB)
...
006 (3396272.370.000) 2022-12-25 06:57:58 Image size of job updated: 1244824
	373  -  MemoryUsage of job (MB)
	381160  -  ResidentSetSize of job (KB)
...
040 (3396272.370.000) 2022-12-25 06:57:58 Started transferring output files
	Seconds spent in queue: 1975
...
040 (3396272.370.000) 2022-12-25 06:57:59 Finished transferring output files
...
005 (3396272.370.000) 2022-12-25 06:57:59 Job terminated.
	(1) Normal termination (return value 0)
		Usr 0 00:00:12, Sys 0 00:00:05  -  Run Remote Usage
		Usr 0 00:00:00, Sys 0 00:00:00  -  Run Local Usage
		Usr 0 00:00:12, Sys 0 00:00:05  -  Total Remote Usage
		Usr 0 00:00:00, Sys 0 00:00:00  -  Total Local Usage
	774411  -  Run Bytes Sent By Job
	328686848  -  Run Bytes Received By Job
	774411  -  Total Bytes Sent By Job
	328686848  -  Total Bytes Received By Job
	Partitionable Resources :     Usage  Request Allocated 
	   Cpus                 :      0.01        1         1 
	   Disk (KB)            : 321807     2097152   2337401 
	   IoHeavy              :                            0 
	   Memory (MB)          :    373        2048      2048 

	Job terminated of its own accord at 2022-12-25T12:57:58Z.
...
