analyze_etau MET_EraC_0011_03 DATA
argc = 8
sp = 0
Systematics : V  Response NJet0 = 0.017
Systematics : V  Response NJet1 = 0.022
Systematics : V  Response NJetGe2 = 0.026
Systematics : V  Resolution NJet0 = 0.024
Systematics : V  Resolution NJet1 = 0.03
Systematics : V  Resolution NJetGe2 = 0.034
Systematics : EWK  Response NJet0 = 0.015
Systematics : EWK  Response NJet1 = 0.02
Systematics : EWK  Response NJetGe2 = 0.025
Systematics : EWK  Resolution NJet0 = 0.021
Systematics : EWK  Resolution NJet1 = 0.027
Systematics : EWK  Resolution NJetGe2 = 0.032
Systematics : TOP  Response NJet0 = 0.015
Systematics : TOP  Response NJet1 = 0.02
Systematics : TOP  Response NJetGe2 = 0.025
Systematics : TOP  Resolution NJet0 = 0.021
Systematics : TOP  Resolution NJet1 = 0.027
Systematics : TOP  Resolution NJetGe2 = 0.032
V_NJet0
V_NJet1
V_NJetGe2
EWK_NJet0
EWK_NJet1
EWK_NJetGe2
TOP_NJet0
TOP_NJet1
TOP_NJetGe2
All files added.
Initializing chain.
from Init DATA
sample ==========MET_EraC_0011_03
.... DATA file ..... 
Coming in: 
nentries:18418
Running over 18418 events.
Finished entry 0/18417
Finished entry 900/18417
Finished entry 1800/18417
Finished entry 2700/18417
Finished entry 3600/18417
Finished entry 4500/18417
Finished entry 5400/18417
Finished entry 6300/18417
Finished entry 7200/18417
Finished entry 8100/18417
Finished entry 9000/18417
Finished entry 9900/18417
Finished entry 10800/18417
Finished entry 11700/18417
Finished entry 12600/18417
Finished entry 13500/18417
Finished entry 14400/18417
Finished entry 15300/18417
Finished entry 16200/18417
Finished entry 17100/18417
Finished entry 18000/18417
Finished entry 18417/18417
All events checked.
*******************************************
******************Jithin's original*************************
    Initial entries 18418.000000
   Passing smikking 0.000000
     GoodMuonPassed 0.000000   % change= 100.000000
      GoodTauPassed 0.000000   % change= -nan
         opp charge 0.000000   % change= -nan
 PassedThirdLepVeto 33.000000   % change= -inf
     PassedBjetVeto 33.000000   % change= 0.000000
       DeltaRPassed 33.000000   % change= 0.000000
      Total change :99.820827
*******************************************
*******************************************
Number of events inspected: 18418
Number of events inspected (minus negative gen. weights): 18418.000000
 Outpt written to MET_EraC_0011_03.root
Real time 0:01:24, CP time 19.920
1671972405 - 1671972313
