000 (3396272.070.000) 2022-12-25 06:11:14 Job submitted from host: <144.92.180.5:9618?addrs=144.92.180.5-9618+[2607-f388-101c-1000--368]-9618&alias=login02.hep.wisc.edu&noUDP&sock=schedd_3117_94ca>
...
040 (3396272.070.000) 2022-12-25 06:14:52 Entered queue to transfer input files
	Transferring to host: <128.105.69.70:9618?addrs=128.105.69.70-9618+[2607-f388-2200-100-1e6a-7aff-fe26-3183]-9618&alias=e2399.chtc.wisc.edu&noUDP&sock=slot1_10_31214_d62e_16638>
...
040 (3396272.070.000) 2022-12-25 06:39:54 Started transferring input files
	Seconds spent in queue: 1502
...
040 (3396272.070.000) 2022-12-25 06:41:05 Finished transferring input files
...
001 (3396272.070.000) 2022-12-25 06:41:06 Job executing on host: <128.105.69.70:9618?addrs=128.105.69.70-9618+[2607-f388-2200-100-1e6a-7aff-fe26-3183]-9618&alias=e2399.chtc.wisc.edu&noUDP&sock=startd_7504_b2c5>
...
006 (3396272.070.000) 2022-12-25 06:41:14 Image size of job updated: 540328
	77  -  MemoryUsage of job (MB)
	78268  -  ResidentSetSize of job (KB)
...
006 (3396272.070.000) 2022-12-25 06:42:50 Image size of job updated: 1465916
	77  -  MemoryUsage of job (MB)
	78364  -  ResidentSetSize of job (KB)
...
040 (3396272.070.000) 2022-12-25 06:42:50 Started transferring output files
	Seconds spent in queue: 1678
...
040 (3396272.070.000) 2022-12-25 06:42:50 Finished transferring output files
...
005 (3396272.070.000) 2022-12-25 06:42:50 Job terminated.
	(1) Normal termination (return value 0)
		Usr 0 00:00:10, Sys 0 00:00:02  -  Run Remote Usage
		Usr 0 00:00:00, Sys 0 00:00:00  -  Run Local Usage
		Usr 0 00:00:10, Sys 0 00:00:02  -  Total Remote Usage
		Usr 0 00:00:00, Sys 0 00:00:00  -  Total Local Usage
	151760  -  Run Bytes Sent By Job
	328686848  -  Run Bytes Received By Job
	151760  -  Total Bytes Sent By Job
	328686848  -  Total Bytes Received By Job
	Partitionable Resources :     Usage  Request Allocated 
	   Cpus                 :      0.15        1         1 
	   Disk (KB)            : 321199     2097152   2330087 
	   IoHeavy              :                            0 
	   Memory (MB)          :     77        2048      2048 

	Job terminated of its own accord at 2022-12-25T12:42:50Z.
...
