000 (3396273.432.000) 2022-12-25 06:14:12 Job submitted from host: <144.92.180.5:9618?addrs=144.92.180.5-9618+[2607-f388-101c-1000--368]-9618&alias=login02.hep.wisc.edu&noUDP&sock=schedd_3117_94ca>
...
040 (3396273.432.000) 2022-12-25 06:45:10 Entered queue to transfer input files
	Transferring to host: <128.105.68.230:9618?addrs=128.105.68.230-9618+[2607-f388-2200-100-22a-6aff-fee0-da13]-9618&alias=e317.chtc.wisc.edu&noUDP&sock=slot1_29_1059_e944_18048>
...
040 (3396273.432.000) 2022-12-25 07:20:37 Started transferring input files
	Seconds spent in queue: 2127
...
040 (3396273.432.000) 2022-12-25 07:23:04 Finished transferring input files
...
001 (3396273.432.000) 2022-12-25 07:23:05 Job executing on host: <128.105.68.230:9618?addrs=128.105.68.230-9618+[2607-f388-2200-100-22a-6aff-fee0-da13]-9618&alias=e317.chtc.wisc.edu&noUDP&sock=startd_6935_6961>
...
006 (3396273.432.000) 2022-12-25 07:23:14 Image size of job updated: 76740
	30  -  MemoryUsage of job (MB)
	30208  -  ResidentSetSize of job (KB)
...
006 (3396273.432.000) 2022-12-25 07:28:15 Image size of job updated: 1478180
	537  -  MemoryUsage of job (MB)
	549520  -  ResidentSetSize of job (KB)
...
040 (3396273.432.000) 2022-12-25 07:29:08 Started transferring output files
	Seconds spent in queue: 2638
...
040 (3396273.432.000) 2022-12-25 07:29:08 Finished transferring output files
...
005 (3396273.432.000) 2022-12-25 07:29:09 Job terminated.
	(1) Normal termination (return value 0)
		Usr 0 00:01:59, Sys 0 00:00:06  -  Run Remote Usage
		Usr 0 00:00:00, Sys 0 00:00:00  -  Run Local Usage
		Usr 0 00:01:59, Sys 0 00:00:06  -  Total Remote Usage
		Usr 0 00:00:00, Sys 0 00:00:00  -  Total Local Usage
	1541815  -  Run Bytes Sent By Job
	328686848  -  Run Bytes Received By Job
	1541815  -  Total Bytes Sent By Job
	328686848  -  Total Bytes Received By Job
	Partitionable Resources :     Usage  Request Allocated 
	   Cpus                 :      0.47        1         1 
	   Disk (KB)            : 322557     2097152   2321022 
	   IoHeavy              :                            0 
	   Memory (MB)          :    537        2048      2048 

	Job terminated of its own accord at 2022-12-25T13:29:08Z.
...
