000 (3396272.148.000) 2022-12-25 06:11:14 Job submitted from host: <144.92.180.5:9618?addrs=144.92.180.5-9618+[2607-f388-101c-1000--368]-9618&alias=login02.hep.wisc.edu&noUDP&sock=schedd_3117_94ca>
...
040 (3396272.148.000) 2022-12-25 06:15:05 Entered queue to transfer input files
	Transferring to host: <128.104.101.113:9618?addrs=128.104.101.113-9618+[2607-f388-107c-501-1e6a-7aff-fe26-c5df]-9618&alias=e0380.chtc.wisc.edu&noUDP&sock=slot1_17_724_df97_14634>
...
040 (3396272.148.000) 2022-12-25 06:42:36 Started transferring input files
	Seconds spent in queue: 1651
...
040 (3396272.148.000) 2022-12-25 06:49:26 Finished transferring input files
...
001 (3396272.148.000) 2022-12-25 06:49:27 Job executing on host: <128.104.101.113:9618?addrs=128.104.101.113-9618+[2607-f388-107c-501-1e6a-7aff-fe26-c5df]-9618&alias=e0380.chtc.wisc.edu&noUDP&sock=startd_7157_af68>
...
006 (3396272.148.000) 2022-12-25 06:49:35 Image size of job updated: 484544
	365  -  MemoryUsage of job (MB)
	373756  -  ResidentSetSize of job (KB)
...
006 (3396272.148.000) 2022-12-25 06:50:07 Image size of job updated: 1407724
	366  -  MemoryUsage of job (MB)
	373916  -  ResidentSetSize of job (KB)
...
040 (3396272.148.000) 2022-12-25 06:50:07 Started transferring output files
	Seconds spent in queue: 2102
...
040 (3396272.148.000) 2022-12-25 06:50:08 Finished transferring output files
...
005 (3396272.148.000) 2022-12-25 06:50:08 Job terminated.
	(1) Normal termination (return value 0)
		Usr 0 00:00:16, Sys 0 00:00:05  -  Run Remote Usage
		Usr 0 00:00:00, Sys 0 00:00:00  -  Run Local Usage
		Usr 0 00:00:16, Sys 0 00:00:05  -  Total Remote Usage
		Usr 0 00:00:00, Sys 0 00:00:00  -  Total Local Usage
	9126  -  Run Bytes Sent By Job
	328686848  -  Run Bytes Received By Job
	9126  -  Total Bytes Sent By Job
	328686848  -  Total Bytes Received By Job
	Partitionable Resources :    Usage  Request Allocated 
	   Cpus                 :        0        1         1 
	   Disk (KB)            :   321060  2097152   2392521 
	   IoHeavy              :                           0 
	   Memory (MB)          :      366     2048      2048 

	Job terminated of its own accord at 2022-12-25T12:50:07Z.
...
