000 (3396273.410.000) 2022-12-25 06:14:12 Job submitted from host: <144.92.180.5:9618?addrs=144.92.180.5-9618+[2607-f388-101c-1000--368]-9618&alias=login02.hep.wisc.edu&noUDP&sock=schedd_3117_94ca>
...
040 (3396273.410.000) 2022-12-25 06:44:08 Entered queue to transfer input files
	Transferring to host: <128.105.69.36:9618?addrs=128.105.69.36-9618+[2607-f388-2200-100-1e6a-7aff-fe26-b5c3]-9618&alias=e2358.chtc.wisc.edu&noUDP&sock=slot1_27_27120_3e48_15757>
...
040 (3396273.410.000) 2022-12-25 07:19:31 Started transferring input files
	Seconds spent in queue: 2123
...
040 (3396273.410.000) 2022-12-25 07:19:57 Finished transferring input files
...
001 (3396273.410.000) 2022-12-25 07:19:58 Job executing on host: <128.105.69.36:9618?addrs=128.105.69.36-9618+[2607-f388-2200-100-1e6a-7aff-fe26-b5c3]-9618&alias=e2358.chtc.wisc.edu&noUDP&sock=startd_7639_4c0e>
...
006 (3396273.410.000) 2022-12-25 07:20:07 Image size of job updated: 559056
	373  -  MemoryUsage of job (MB)
	381240  -  ResidentSetSize of job (KB)
...
006 (3396273.410.000) 2022-12-25 07:25:07 Image size of job updated: 1461864
	540  -  MemoryUsage of job (MB)
	552516  -  ResidentSetSize of job (KB)
...
006 (3396273.410.000) 2022-12-25 07:30:07 Image size of job updated: 1480036
	540  -  MemoryUsage of job (MB)
	552620  -  ResidentSetSize of job (KB)
...
006 (3396273.410.000) 2022-12-25 07:35:09 Image size of job updated: 1480036
	546  -  MemoryUsage of job (MB)
	558876  -  ResidentSetSize of job (KB)
...
040 (3396273.410.000) 2022-12-25 07:37:56 Started transferring output files
	Seconds spent in queue: 3228
...
040 (3396273.410.000) 2022-12-25 07:37:58 Finished transferring output files
...
005 (3396273.410.000) 2022-12-25 07:37:58 Job terminated.
	(1) Normal termination (return value 0)
		Usr 0 00:06:12, Sys 0 00:01:19  -  Run Remote Usage
		Usr 0 00:00:00, Sys 0 00:00:00  -  Run Local Usage
		Usr 0 00:06:12, Sys 0 00:01:19  -  Total Remote Usage
		Usr 0 00:00:00, Sys 0 00:00:00  -  Total Local Usage
	1637499  -  Run Bytes Sent By Job
	328686848  -  Run Bytes Received By Job
	1637499  -  Total Bytes Sent By Job
	328686848  -  Total Bytes Received By Job
	Partitionable Resources :     Usage  Request Allocated 
	   Cpus                 :      0.38        1         1 
	   Disk (KB)            : 322650     2097152   2315092 
	   IoHeavy              :                            0 
	   Memory (MB)          :    546        2048      2048 

	Job terminated of its own accord at 2022-12-25T13:37:56Z.
...
