000 (3396273.012.000) 2022-12-25 06:14:09 Job submitted from host: <144.92.180.5:9618?addrs=144.92.180.5-9618+[2607-f388-101c-1000--368]-9618&alias=login02.hep.wisc.edu&noUDP&sock=schedd_3117_94ca>
...
040 (3396273.012.000) 2022-12-25 06:28:39 Entered queue to transfer input files
	Transferring to host: <128.105.69.65:9618?addrs=128.105.69.65-9618+[2607-f388-2200-100-1e6a-7aff-fe26-d96d]-9618&alias=e2393.chtc.wisc.edu&noUDP&sock=slot1_24_31972_ea8d_19910>
...
040 (3396273.012.000) 2022-12-25 06:59:58 Started transferring input files
	Seconds spent in queue: 1879
...
040 (3396273.012.000) 2022-12-25 07:06:15 Finished transferring input files
...
001 (3396273.012.000) 2022-12-25 07:06:16 Job executing on host: <128.105.69.65:9618?addrs=128.105.69.65-9618+[2607-f388-2200-100-1e6a-7aff-fe26-d96d]-9618&alias=e2393.chtc.wisc.edu&noUDP&sock=startd_7581_838f>
...
006 (3396273.012.000) 2022-12-25 07:06:25 Image size of job updated: 1261344
	406  -  MemoryUsage of job (MB)
	415488  -  ResidentSetSize of job (KB)
...
006 (3396273.012.000) 2022-12-25 07:06:43 Image size of job updated: 1351560
	406  -  MemoryUsage of job (MB)
	415488  -  ResidentSetSize of job (KB)
...
040 (3396273.012.000) 2022-12-25 07:06:43 Started transferring output files
	Seconds spent in queue: 2284
...
040 (3396273.012.000) 2022-12-25 07:06:44 Finished transferring output files
...
005 (3396273.012.000) 2022-12-25 07:06:44 Job terminated.
	(1) Normal termination (return value 0)
		Usr 0 00:00:10, Sys 0 00:00:03  -  Run Remote Usage
		Usr 0 00:00:00, Sys 0 00:00:00  -  Run Local Usage
		Usr 0 00:00:10, Sys 0 00:00:03  -  Total Remote Usage
		Usr 0 00:00:00, Sys 0 00:00:00  -  Total Local Usage
	597044  -  Run Bytes Sent By Job
	328686848  -  Run Bytes Received By Job
	597044  -  Total Bytes Sent By Job
	328686848  -  Total Bytes Received By Job
	Partitionable Resources :     Usage  Request Allocated 
	   Cpus                 :      0.01        1         1 
	   Disk (KB)            : 321634     2097152   2344832 
	   IoHeavy              :                            0 
	   Memory (MB)          :    406        2048      2048 

	Job terminated of its own accord at 2022-12-25T13:06:43Z.
...
