000 (3396272.118.000) 2022-12-25 06:11:14 Job submitted from host: <144.92.180.5:9618?addrs=144.92.180.5-9618+[2607-f388-101c-1000--368]-9618&alias=login02.hep.wisc.edu&noUDP&sock=schedd_3117_94ca>
...
040 (3396272.118.000) 2022-12-25 06:14:51 Entered queue to transfer input files
	Transferring to host: <128.104.58.177:9618?addrs=128.104.58.177-9618+[2607-f388-1086-0-16fe-b5ff-fec6-73f6]-9618&alias=e1033.chtc.wisc.edu&noUDP&sock=slot1_6_36269_8a9c_15554>
...
040 (3396272.118.000) 2022-12-25 06:39:28 Started transferring input files
	Seconds spent in queue: 1477
...
040 (3396272.118.000) 2022-12-25 06:44:56 Finished transferring input files
...
001 (3396272.118.000) 2022-12-25 06:44:57 Job executing on host: <128.104.58.177:9618?addrs=128.104.58.177-9618+[2607-f388-1086-0-16fe-b5ff-fec6-73f6]-9618&alias=e1033.chtc.wisc.edu&noUDP&sock=startd_10233_90b9>
...
006 (3396272.118.000) 2022-12-25 06:45:05 Image size of job updated: 1001508
	358  -  MemoryUsage of job (MB)
	366540  -  ResidentSetSize of job (KB)
...
006 (3396272.118.000) 2022-12-25 06:45:50 Image size of job updated: 1419956
	359  -  MemoryUsage of job (MB)
	366624  -  ResidentSetSize of job (KB)
...
040 (3396272.118.000) 2022-12-25 06:45:50 Started transferring output files
	Seconds spent in queue: 1859
...
040 (3396272.118.000) 2022-12-25 06:45:50 Finished transferring output files
...
005 (3396272.118.000) 2022-12-25 06:45:50 Job terminated.
	(1) Normal termination (return value 0)
		Usr 0 00:00:19, Sys 0 00:00:06  -  Run Remote Usage
		Usr 0 00:00:00, Sys 0 00:00:00  -  Run Local Usage
		Usr 0 00:00:19, Sys 0 00:00:06  -  Total Remote Usage
		Usr 0 00:00:00, Sys 0 00:00:00  -  Total Local Usage
	151205  -  Run Bytes Sent By Job
	328686848  -  Run Bytes Received By Job
	151205  -  Total Bytes Sent By Job
	328686848  -  Total Bytes Received By Job
	Partitionable Resources :     Usage  Request Allocated 
	   Cpus                 :      0.42        1         1 
	   Disk (KB)            : 321199     2097152   2301512 
	   IoHeavy              :                            0 
	   Memory (MB)          :    359        2048      2048 

	Job terminated of its own accord at 2022-12-25T12:45:50Z.
...
