000 (3396273.549.000) 2022-12-25 06:14:13 Job submitted from host: <144.92.180.5:9618?addrs=144.92.180.5-9618+[2607-f388-101c-1000--368]-9618&alias=login02.hep.wisc.edu&noUDP&sock=schedd_3117_94ca>
...
040 (3396273.549.000) 2022-12-25 06:51:00 Entered queue to transfer input files
	Transferring to host: <128.105.68.224:9618?addrs=128.105.68.224-9618+[2607-f388-2200-100-1e6a-7aff-fe26-33e3]-9618&alias=e311.chtc.wisc.edu&noUDP&sock=slot1_19_38179_4f2a_22491>
...
040 (3396273.549.000) 2022-12-25 07:27:34 Started transferring input files
	Seconds spent in queue: 2194
...
040 (3396273.549.000) 2022-12-25 07:29:28 Finished transferring input files
...
001 (3396273.549.000) 2022-12-25 07:29:29 Job executing on host: <128.105.68.224:9618?addrs=128.105.68.224-9618+[2607-f388-2200-100-1e6a-7aff-fe26-33e3]-9618&alias=e311.chtc.wisc.edu&noUDP&sock=startd_7224_a440>
...
006 (3396273.549.000) 2022-12-25 07:29:38 Image size of job updated: 453184
	371  -  MemoryUsage of job (MB)
	379448  -  ResidentSetSize of job (KB)
...
006 (3396273.549.000) 2022-12-25 07:34:39 Image size of job updated: 1478200
	535  -  MemoryUsage of job (MB)
	547796  -  ResidentSetSize of job (KB)
...
006 (3396273.549.000) 2022-12-25 07:39:39 Image size of job updated: 1486460
	546  -  MemoryUsage of job (MB)
	558760  -  ResidentSetSize of job (KB)
...
006 (3396273.549.000) 2022-12-25 07:44:39 Image size of job updated: 1486460
	555  -  MemoryUsage of job (MB)
	567484  -  ResidentSetSize of job (KB)
...
006 (3396273.549.000) 2022-12-25 07:49:40 Image size of job updated: 1486460
	560  -  MemoryUsage of job (MB)
	572848  -  ResidentSetSize of job (KB)
...
040 (3396273.549.000) 2022-12-25 07:52:05 Started transferring output files
	Seconds spent in queue: 3665
...
040 (3396273.549.000) 2022-12-25 07:52:05 Finished transferring output files
...
005 (3396273.549.000) 2022-12-25 07:52:06 Job terminated.
	(1) Normal termination (return value 0)
		Usr 0 00:06:17, Sys 0 00:01:01  -  Run Remote Usage
		Usr 0 00:00:00, Sys 0 00:00:00  -  Run Local Usage
		Usr 0 00:06:17, Sys 0 00:01:01  -  Total Remote Usage
		Usr 0 00:00:00, Sys 0 00:00:00  -  Total Local Usage
	1634829  -  Run Bytes Sent By Job
	328686848  -  Run Bytes Received By Job
	1634829  -  Total Bytes Sent By Job
	328686848  -  Total Bytes Received By Job
	Partitionable Resources :     Usage  Request Allocated 
	   Cpus                 :      0.59        1         1 
	   Disk (KB)            : 322647     2097152   2317145 
	   IoHeavy              :                            0 
	   Memory (MB)          :    560        2048      2048 

	Job terminated of its own accord at 2022-12-25T13:52:05Z.
...
