000 (3396272.223.000) 2022-12-25 06:11:15 Job submitted from host: <144.92.180.5:9618?addrs=144.92.180.5-9618+[2607-f388-101c-1000--368]-9618&alias=login02.hep.wisc.edu&noUDP&sock=schedd_3117_94ca>
...
040 (3396272.223.000) 2022-12-25 06:18:03 Entered queue to transfer input files
	Transferring to host: <128.105.69.31:9618?addrs=128.105.69.31-9618+[2607-f388-2200-100-1e6a-7aff-fe26-c963]-9618&alias=e2353.chtc.wisc.edu&noUDP&sock=slot1_1_7981_161e_21734>
...
040 (3396272.223.000) 2022-12-25 06:46:26 Started transferring input files
	Seconds spent in queue: 1703
...
040 (3396272.223.000) 2022-12-25 06:52:13 Finished transferring input files
...
001 (3396272.223.000) 2022-12-25 06:52:14 Job executing on host: <128.105.69.31:9618?addrs=128.105.69.31-9618+[2607-f388-2200-100-1e6a-7aff-fe26-c963]-9618&alias=e2353.chtc.wisc.edu&noUDP&sock=startd_7342_946d>
...
006 (3396272.223.000) 2022-12-25 06:52:22 Image size of job updated: 1151968
	465  -  MemoryUsage of job (MB)
	475984  -  ResidentSetSize of job (KB)
...
006 (3396272.223.000) 2022-12-25 06:57:22 Image size of job updated: 1401912
	495  -  MemoryUsage of job (MB)
	505988  -  ResidentSetSize of job (KB)
...
040 (3396272.223.000) 2022-12-25 06:59:19 Started transferring output files
	Seconds spent in queue: 2476
...
040 (3396272.223.000) 2022-12-25 06:59:20 Finished transferring output files
...
005 (3396272.223.000) 2022-12-25 06:59:21 Job terminated.
	(1) Normal termination (return value 0)
		Usr 0 00:02:07, Sys 0 00:00:31  -  Run Remote Usage
		Usr 0 00:00:00, Sys 0 00:00:00  -  Run Local Usage
		Usr 0 00:02:07, Sys 0 00:00:31  -  Total Remote Usage
		Usr 0 00:00:00, Sys 0 00:00:00  -  Total Local Usage
	1366886  -  Run Bytes Sent By Job
	328686848  -  Run Bytes Received By Job
	1366886  -  Total Bytes Sent By Job
	328686848  -  Total Bytes Received By Job
	Partitionable Resources :     Usage  Request Allocated 
	   Cpus                 :      0.34        1         1 
	   Disk (KB)            : 322386     2097152   2348047 
	   IoHeavy              :                            0 
	   Memory (MB)          :    495        2048      2048 

	Job terminated of its own accord at 2022-12-25T12:59:19Z.
...
