000 (3396273.087.000) 2022-12-25 06:14:09 Job submitted from host: <144.92.180.5:9618?addrs=144.92.180.5-9618+[2607-f388-101c-1000--368]-9618&alias=login02.hep.wisc.edu&noUDP&sock=schedd_3117_94ca>
...
040 (3396273.087.000) 2022-12-25 06:31:00 Entered queue to transfer input files
	Transferring to host: <128.104.58.167:9618?addrs=128.104.58.167-9618+[2607-f388-1086-0-16fe-b5ff-fec6-7516]-9618&alias=e1020.chtc.wisc.edu&noUDP&sock=slot1_30_24021_b7aa_24180>
...
040 (3396273.087.000) 2022-12-25 07:03:52 Started transferring input files
	Seconds spent in queue: 1972
...
040 (3396273.087.000) 2022-12-25 07:17:19 Finished transferring input files
...
001 (3396273.087.000) 2022-12-25 07:17:20 Job executing on host: <128.104.58.167:9618?addrs=128.104.58.167-9618+[2607-f388-1086-0-16fe-b5ff-fec6-7516]-9618&alias=e1020.chtc.wisc.edu&noUDP&sock=startd_10029_a367>
...
006 (3396273.087.000) 2022-12-25 07:17:28 Image size of job updated: 469008
	360  -  MemoryUsage of job (MB)
	368084  -  ResidentSetSize of job (KB)
...
006 (3396273.087.000) 2022-12-25 07:19:12 Image size of job updated: 1352536
	360  -  MemoryUsage of job (MB)
	368204  -  ResidentSetSize of job (KB)
...
040 (3396273.087.000) 2022-12-25 07:19:12 Started transferring output files
	Seconds spent in queue: 2892
...
040 (3396273.087.000) 2022-12-25 07:19:12 Finished transferring output files
...
005 (3396273.087.000) 2022-12-25 07:19:12 Job terminated.
	(1) Normal termination (return value 0)
		Usr 0 00:00:52, Sys 0 00:00:06  -  Run Remote Usage
		Usr 0 00:00:00, Sys 0 00:00:00  -  Run Local Usage
		Usr 0 00:00:52, Sys 0 00:00:06  -  Total Remote Usage
		Usr 0 00:00:00, Sys 0 00:00:00  -  Total Local Usage
	662651  -  Run Bytes Sent By Job
	328686848  -  Run Bytes Received By Job
	662651  -  Total Bytes Sent By Job
	328686848  -  Total Bytes Received By Job
	Partitionable Resources :    Usage  Request Allocated 
	   Cpus                 :        0        1         1 
	   Disk (KB)            :   321698  2097152   2336915 
	   IoHeavy              :                           0 
	   Memory (MB)          :      360     2048      2048 

	Job terminated of its own accord at 2022-12-25T13:19:12Z.
...
