analyze_etau ST_t-channel_antitop_4f_inclusiveDecays_TuneCP5_00_00 MC
argc = 8
sp = 0
Systematics : V  Response NJet0 = 0.017
Systematics : V  Response NJet1 = 0.022
Systematics : V  Response NJetGe2 = 0.026
Systematics : V  Resolution NJet0 = 0.024
Systematics : V  Resolution NJet1 = 0.03
Systematics : V  Resolution NJetGe2 = 0.034
Systematics : EWK  Response NJet0 = 0.015
Systematics : EWK  Response NJet1 = 0.02
Systematics : EWK  Response NJetGe2 = 0.025
Systematics : EWK  Resolution NJet0 = 0.021
Systematics : EWK  Resolution NJet1 = 0.027
Systematics : EWK  Resolution NJetGe2 = 0.032
Systematics : TOP  Response NJet0 = 0.015
Systematics : TOP  Response NJet1 = 0.02
Systematics : TOP  Response NJetGe2 = 0.025
Systematics : TOP  Resolution NJet0 = 0.021
Systematics : TOP  Resolution NJet1 = 0.027
Systematics : TOP  Resolution NJetGe2 = 0.032
V_NJet0
V_NJet1
V_NJetGe2
EWK_NJet0
EWK_NJet1
EWK_NJetGe2
TOP_NJet0
TOP_NJet1
TOP_NJetGe2
All files added.
Initializing chain.
from Init MC
sample ==========ST_t-channel_antitop_4f_inclusiveDecays_TuneCP5_00_00
.... MC file ..... 
Coming in: 
nentries:339948
Running over 339948 events.
Finished entry 0/339947
Finished entry 10000/339947
Finished entry 20000/339947
Finished entry 30000/339947
Finished entry 40000/339947
Finished entry 50000/339947
Finished entry 60000/339947
Finished entry 70000/339947
Finished entry 80000/339947
Finished entry 90000/339947
Finished entry 100000/339947
Finished entry 110000/339947
Finished entry 120000/339947
Finished entry 130000/339947
Finished entry 140000/339947
Finished entry 150000/339947
Finished entry 160000/339947
Finished entry 170000/339947
Finished entry 180000/339947
Finished entry 190000/339947
Finished entry 200000/339947
Finished entry 210000/339947
Finished entry 220000/339947
Finished entry 230000/339947
Finished entry 240000/339947
Finished entry 250000/339947
Finished entry 260000/339947
Finished entry 270000/339947
Finished entry 280000/339947
Finished entry 290000/339947
Finished entry 300000/339947
Finished entry 310000/339947
Finished entry 320000/339947
Finished entry 330000/339947
Finished entry 339947/339947
All events checked.
*******************************************
******************Jithin's original*************************
    Initial entries 339948.000000
   Passing smikking 0.000000
     GoodMuonPassed 0.000000   % change= 100.000000
      GoodTauPassed 0.000000   % change= -nan
         opp charge 0.000000   % change= -nan
 PassedThirdLepVeto 0.000000   % change= -nan
     PassedBjetVeto 0.000000   % change= -nan
       DeltaRPassed 0.000000   % change= -nan
      Total change :100.000000
*******************************************
*******************************************
Number of events inspected: 339948
Number of events inspected (minus negative gen. weights): 339948.000000
 Outpt written to ST_t-channel_antitop_4f_inclusiveDecays_TuneCP5_00_00.root
Real time 0:10:47, CP time 124.440
1671973780 - 1671973130
