000 (3396273.424.000) 2022-12-25 06:14:12 Job submitted from host: <144.92.180.5:9618?addrs=144.92.180.5-9618+[2607-f388-101c-1000--368]-9618&alias=login02.hep.wisc.edu&noUDP&sock=schedd_3117_94ca>
...
040 (3396273.424.000) 2022-12-25 06:44:44 Entered queue to transfer input files
	Transferring to host: <128.105.68.82:9618?addrs=128.105.68.82-9618+[2607-f388-2200-100-1e6a-7aff-fe26-d98d]-9618&alias=e2410.chtc.wisc.edu&noUDP&sock=slot1_10_5974_f92c_18182>
...
040 (3396273.424.000) 2022-12-25 07:20:15 Started transferring input files
	Seconds spent in queue: 2131
...
040 (3396273.424.000) 2022-12-25 07:20:47 Finished transferring input files
...
001 (3396273.424.000) 2022-12-25 07:20:48 Job executing on host: <128.105.68.82:9618?addrs=128.105.68.82-9618+[2607-f388-2200-100-1e6a-7aff-fe26-d98d]-9618&alias=e2410.chtc.wisc.edu&noUDP&sock=startd_7654_95f9>
...
006 (3396273.424.000) 2022-12-25 07:20:57 Image size of job updated: 256928
	55  -  MemoryUsage of job (MB)
	55504  -  ResidentSetSize of job (KB)
...
006 (3396273.424.000) 2022-12-25 07:21:32 Image size of job updated: 4169416
	55  -  MemoryUsage of job (MB)
	55620  -  ResidentSetSize of job (KB)
...
040 (3396273.424.000) 2022-12-25 07:21:32 Started transferring output files
	Seconds spent in queue: 2208
...
040 (3396273.424.000) 2022-12-25 07:21:32 Finished transferring output files
...
005 (3396273.424.000) 2022-12-25 07:21:32 Job terminated.
	(1) Normal termination (return value 0)
		Usr 0 00:00:11, Sys 0 00:00:01  -  Run Remote Usage
		Usr 0 00:00:00, Sys 0 00:00:00  -  Run Local Usage
		Usr 0 00:00:11, Sys 0 00:00:01  -  Total Remote Usage
		Usr 0 00:00:00, Sys 0 00:00:00  -  Total Local Usage
	8266  -  Run Bytes Sent By Job
	328686848  -  Run Bytes Received By Job
	8266  -  Total Bytes Sent By Job
	328686848  -  Total Bytes Received By Job
	Partitionable Resources :    Usage  Request Allocated 
	   Cpus                 :        0        1         1 
	   Disk (KB)            :   321059  2097152   2342617 
	   IoHeavy              :                           0 
	   Memory (MB)          :       55     2048      2048 

	Job terminated of its own accord at 2022-12-25T13:21:32Z.
...
