000 (3396273.431.000) 2022-12-25 06:14:12 Job submitted from host: <144.92.180.5:9618?addrs=144.92.180.5-9618+[2607-f388-101c-1000--368]-9618&alias=login02.hep.wisc.edu&noUDP&sock=schedd_3117_94ca>
...
040 (3396273.431.000) 2022-12-25 06:45:09 Entered queue to transfer input files
	Transferring to host: <128.105.69.21:9618?addrs=128.105.69.21-9618+[2607-f388-2200-100-f60f-1bff-fedb-90b]-9618&alias=e343.chtc.wisc.edu&noUDP&sock=slot1_36_6521_6262_18822>
...
040 (3396273.431.000) 2022-12-25 07:20:34 Started transferring input files
	Seconds spent in queue: 2125
...
040 (3396273.431.000) 2022-12-25 07:22:14 Finished transferring input files
...
001 (3396273.431.000) 2022-12-25 07:22:15 Job executing on host: <128.105.69.21:9618?addrs=128.105.69.21-9618+[2607-f388-2200-100-f60f-1bff-fedb-90b]-9618&alias=e343.chtc.wisc.edu&noUDP&sock=startd_6918_c045>
...
006 (3396273.431.000) 2022-12-25 07:22:23 Image size of job updated: 200872
	16  -  MemoryUsage of job (MB)
	16140  -  ResidentSetSize of job (KB)
...
006 (3396273.431.000) 2022-12-25 07:27:23 Image size of job updated: 1478016
	537  -  MemoryUsage of job (MB)
	549860  -  ResidentSetSize of job (KB)
...
040 (3396273.431.000) 2022-12-25 07:28:45 Started transferring output files
	Seconds spent in queue: 2616
...
040 (3396273.431.000) 2022-12-25 07:28:47 Finished transferring output files
...
005 (3396273.431.000) 2022-12-25 07:28:47 Job terminated.
	(1) Normal termination (return value 0)
		Usr 0 00:02:03, Sys 0 00:00:12  -  Run Remote Usage
		Usr 0 00:00:00, Sys 0 00:00:00  -  Run Local Usage
		Usr 0 00:02:03, Sys 0 00:00:12  -  Total Remote Usage
		Usr 0 00:00:00, Sys 0 00:00:00  -  Total Local Usage
	1541815  -  Run Bytes Sent By Job
	328686848  -  Run Bytes Received By Job
	1541815  -  Total Bytes Sent By Job
	328686848  -  Total Bytes Received By Job
	Partitionable Resources :     Usage  Request Allocated 
	   Cpus                 :      0.46        1         1 
	   Disk (KB)            : 322557     2097152   2342599 
	   IoHeavy              :                            0 
	   Memory (MB)          :    537        2048      2048 

	Job terminated of its own accord at 2022-12-25T13:28:45Z.
...
