000 (3396273.300.000) 2022-12-25 06:14:11 Job submitted from host: <144.92.180.5:9618?addrs=144.92.180.5-9618+[2607-f388-101c-1000--368]-9618&alias=login02.hep.wisc.edu&noUDP&sock=schedd_3117_94ca>
...
040 (3396273.300.000) 2022-12-25 06:40:03 Entered queue to transfer input files
	Transferring to host: <128.104.58.112:9618?addrs=128.104.58.112-9618+[2607-f388-1086-0-62eb-69ff-feed-f541]-9618&alias=e1472.chtc.wisc.edu&noUDP&sock=slot1_9_31750_7f44_19397>
...
040 (3396273.300.000) 2022-12-25 07:13:49 Started transferring input files
	Seconds spent in queue: 2026
...
040 (3396273.300.000) 2022-12-25 07:15:03 Finished transferring input files
...
001 (3396273.300.000) 2022-12-25 07:15:04 Job executing on host: <128.104.58.112:9618?addrs=128.104.58.112-9618+[2607-f388-1086-0-62eb-69ff-feed-f541]-9618&alias=e1472.chtc.wisc.edu&noUDP&sock=startd_7295_5779>
...
006 (3396273.300.000) 2022-12-25 07:15:13 Image size of job updated: 807892
	370  -  MemoryUsage of job (MB)
	378620  -  ResidentSetSize of job (KB)
...
006 (3396273.300.000) 2022-12-25 07:20:13 Image size of job updated: 1479112
	561  -  MemoryUsage of job (MB)
	574280  -  ResidentSetSize of job (KB)
...
006 (3396273.300.000) 2022-12-25 07:25:13 Image size of job updated: 1488996
	561  -  MemoryUsage of job (MB)
	574280  -  ResidentSetSize of job (KB)
...
040 (3396273.300.000) 2022-12-25 07:27:03 Started transferring output files
	Seconds spent in queue: 2820
...
040 (3396273.300.000) 2022-12-25 07:27:04 Finished transferring output files
...
005 (3396273.300.000) 2022-12-25 07:27:04 Job terminated.
	(1) Normal termination (return value 0)
		Usr 0 00:06:16, Sys 0 00:00:24  -  Run Remote Usage
		Usr 0 00:00:00, Sys 0 00:00:00  -  Run Local Usage
		Usr 0 00:06:16, Sys 0 00:00:24  -  Total Remote Usage
		Usr 0 00:00:00, Sys 0 00:00:00  -  Total Local Usage
	1745843  -  Run Bytes Sent By Job
	328686848  -  Run Bytes Received By Job
	1745843  -  Total Bytes Sent By Job
	328686848  -  Total Bytes Received By Job
	Partitionable Resources :     Usage  Request Allocated 
	   Cpus                 :      0.60        1         1 
	   Disk (KB)            : 322756     2097152   2325359 
	   IoHeavy              :                            0 
	   Memory (MB)          :    561        2048      2048 

	Job terminated of its own accord at 2022-12-25T13:27:03Z.
...
