000 (3396273.016.000) 2022-12-25 06:14:09 Job submitted from host: <144.92.180.5:9618?addrs=144.92.180.5-9618+[2607-f388-101c-1000--368]-9618&alias=login02.hep.wisc.edu&noUDP&sock=schedd_3117_94ca>
...
040 (3396273.016.000) 2022-12-25 06:28:49 Entered queue to transfer input files
	Transferring to host: <128.104.58.165:9618?addrs=128.104.58.165-9618+[2607-f388-1086-0-d267-e5ff-fefb-eefc]-9618&alias=e1017.chtc.wisc.edu&noUDP&sock=slot1_6_20252_1db1_19438>
...
040 (3396273.016.000) 2022-12-25 07:00:06 Started transferring input files
	Seconds spent in queue: 1877
...
040 (3396273.016.000) 2022-12-25 07:01:49 Finished transferring input files
...
001 (3396273.016.000) 2022-12-25 07:01:50 Job executing on host: <128.104.58.165:9618?addrs=128.104.58.165-9618+[2607-f388-1086-0-d267-e5ff-fefb-eefc]-9618&alias=e1017.chtc.wisc.edu&noUDP&sock=startd_10085_0cb5>
...
006 (3396273.016.000) 2022-12-25 07:01:59 Image size of job updated: 566180
	369  -  MemoryUsage of job (MB)
	377388  -  ResidentSetSize of job (KB)
...
006 (3396273.016.000) 2022-12-25 07:02:27 Image size of job updated: 1350812
	369  -  MemoryUsage of job (MB)
	377532  -  ResidentSetSize of job (KB)
...
040 (3396273.016.000) 2022-12-25 07:02:27 Started transferring output files
	Seconds spent in queue: 2018
...
040 (3396273.016.000) 2022-12-25 07:02:28 Finished transferring output files
...
005 (3396273.016.000) 2022-12-25 07:02:28 Job terminated.
	(1) Normal termination (return value 0)
		Usr 0 00:00:21, Sys 0 00:00:03  -  Run Remote Usage
		Usr 0 00:00:00, Sys 0 00:00:00  -  Run Local Usage
		Usr 0 00:00:21, Sys 0 00:00:03  -  Total Remote Usage
		Usr 0 00:00:00, Sys 0 00:00:00  -  Total Local Usage
	1306147  -  Run Bytes Sent By Job
	328686848  -  Run Bytes Received By Job
	1306147  -  Total Bytes Sent By Job
	328686848  -  Total Bytes Received By Job
	Partitionable Resources :     Usage  Request Allocated 
	   Cpus                 :      0.04        1         1 
	   Disk (KB)            : 322326     2097152   2297194 
	   IoHeavy              :                            0 
	   Memory (MB)          :    369        2048      2048 

	Job terminated of its own accord at 2022-12-25T13:02:27Z.
...
