000 (3396273.309.000) 2022-12-25 06:14:11 Job submitted from host: <144.92.180.5:9618?addrs=144.92.180.5-9618+[2607-f388-101c-1000--368]-9618&alias=login02.hep.wisc.edu&noUDP&sock=schedd_3117_94ca>
...
040 (3396273.309.000) 2022-12-25 06:40:31 Entered queue to transfer input files
	Transferring to host: <128.105.69.36:9618?addrs=128.105.69.36-9618+[2607-f388-2200-100-1e6a-7aff-fe26-b5c3]-9618&alias=e2358.chtc.wisc.edu&noUDP&sock=slot1_13_27120_3e48_15734>
...
040 (3396273.309.000) 2022-12-25 07:14:15 Started transferring input files
	Seconds spent in queue: 2024
...
040 (3396273.309.000) 2022-12-25 07:17:56 Finished transferring input files
...
001 (3396273.309.000) 2022-12-25 07:17:57 Job executing on host: <128.105.69.36:9618?addrs=128.105.69.36-9618+[2607-f388-2200-100-1e6a-7aff-fe26-b5c3]-9618&alias=e2358.chtc.wisc.edu&noUDP&sock=startd_7639_4c0e>
...
006 (3396273.309.000) 2022-12-25 07:18:05 Image size of job updated: 794164
	398  -  MemoryUsage of job (MB)
	407356  -  ResidentSetSize of job (KB)
...
006 (3396273.309.000) 2022-12-25 07:23:05 Image size of job updated: 1480480
	544  -  MemoryUsage of job (MB)
	556240  -  ResidentSetSize of job (KB)
...
040 (3396273.309.000) 2022-12-25 07:25:11 Started transferring output files
	Seconds spent in queue: 2680
...
040 (3396273.309.000) 2022-12-25 07:25:12 Finished transferring output files
...
005 (3396273.309.000) 2022-12-25 07:25:12 Job terminated.
	(1) Normal termination (return value 0)
		Usr 0 00:03:03, Sys 0 00:00:38  -  Run Remote Usage
		Usr 0 00:00:00, Sys 0 00:00:00  -  Run Local Usage
		Usr 0 00:03:03, Sys 0 00:00:38  -  Total Remote Usage
		Usr 0 00:00:00, Sys 0 00:00:00  -  Total Local Usage
	1599026  -  Run Bytes Sent By Job
	328686848  -  Run Bytes Received By Job
	1599026  -  Total Bytes Sent By Job
	328686848  -  Total Bytes Received By Job
	Partitionable Resources :     Usage  Request Allocated 
	   Cpus                 :      0.53        1         1 
	   Disk (KB)            : 322613     2097152   2315092 
	   IoHeavy              :                            0 
	   Memory (MB)          :    544        2048      2048 

	Job terminated of its own accord at 2022-12-25T13:25:11Z.
...
