000 (3396273.287.000) 2022-12-25 06:14:11 Job submitted from host: <144.92.180.5:9618?addrs=144.92.180.5-9618+[2607-f388-101c-1000--368]-9618&alias=login02.hep.wisc.edu&noUDP&sock=schedd_3117_94ca>
...
040 (3396273.287.000) 2022-12-25 06:39:20 Entered queue to transfer input files
	Transferring to host: <128.105.68.147:9618?addrs=128.105.68.147-9618+[2607-f388-2200-100-1e6a-7aff-fe26-c519]-9618&alias=e2412.chtc.wisc.edu&noUDP&sock=slot1_11_11498_218d_22718>
...
040 (3396273.287.000) 2022-12-25 07:13:21 Started transferring input files
	Seconds spent in queue: 2041
...
040 (3396273.287.000) 2022-12-25 07:22:33 Finished transferring input files
...
001 (3396273.287.000) 2022-12-25 07:22:34 Job executing on host: <128.105.68.147:9618?addrs=128.105.68.147-9618+[2607-f388-2200-100-1e6a-7aff-fe26-c519]-9618&alias=e2412.chtc.wisc.edu&noUDP&sock=startd_7723_ea02>
...
006 (3396273.287.000) 2022-12-25 07:22:43 Image size of job updated: 50324
	23  -  MemoryUsage of job (MB)
	22648  -  ResidentSetSize of job (KB)
...
006 (3396273.287.000) 2022-12-25 07:27:44 Image size of job updated: 1487312
	554  -  MemoryUsage of job (MB)
	566488  -  ResidentSetSize of job (KB)
...
006 (3396273.287.000) 2022-12-25 07:36:48 Image size of job updated: 1488980
	554  -  MemoryUsage of job (MB)
	566488  -  ResidentSetSize of job (KB)
...
040 (3396273.287.000) 2022-12-25 07:36:48 Started transferring output files
	Seconds spent in queue: 3448
...
040 (3396273.287.000) 2022-12-25 07:36:49 Finished transferring output files
...
005 (3396273.287.000) 2022-12-25 07:36:49 Job terminated.
	(1) Normal termination (return value 0)
		Usr 0 00:03:51, Sys 0 00:00:14  -  Run Remote Usage
		Usr 0 00:00:00, Sys 0 00:00:00  -  Run Local Usage
		Usr 0 00:03:51, Sys 0 00:00:14  -  Total Remote Usage
		Usr 0 00:00:00, Sys 0 00:00:00  -  Total Local Usage
	1599026  -  Run Bytes Sent By Job
	328686848  -  Run Bytes Received By Job
	1599026  -  Total Bytes Sent By Job
	328686848  -  Total Bytes Received By Job
	Partitionable Resources :     Usage  Request Allocated 
	   Cpus                 :      0.27        1         1 
	   Disk (KB)            : 322613     2097152   2338032 
	   IoHeavy              :                            0 
	   Memory (MB)          :    554        2048      2048 

	Job terminated of its own accord at 2022-12-25T13:36:48Z.
...
