000 (3396273.456.000) 2022-12-25 06:14:12 Job submitted from host: <144.92.180.5:9618?addrs=144.92.180.5-9618+[2607-f388-101c-1000--368]-9618&alias=login02.hep.wisc.edu&noUDP&sock=schedd_3117_94ca>
...
040 (3396273.456.000) 2022-12-25 06:46:18 Entered queue to transfer input files
	Transferring to host: <128.104.58.156:9618?addrs=128.104.58.156-9618+[2607-f388-1086-0-16fe-b5ff-fec6-7cb7]-9618&alias=e1008.chtc.wisc.edu&noUDP&sock=slot1_12_25058_60b4_15306>
...
040 (3396273.456.000) 2022-12-25 07:21:46 Started transferring input files
	Seconds spent in queue: 2128
...
040 (3396273.456.000) 2022-12-25 07:26:02 Finished transferring input files
...
001 (3396273.456.000) 2022-12-25 07:26:03 Job executing on host: <128.104.58.156:9618?addrs=128.104.58.156-9618+[2607-f388-1086-0-16fe-b5ff-fec6-7cb7]-9618&alias=e1008.chtc.wisc.edu&noUDP&sock=startd_10123_1d4e>
...
006 (3396273.456.000) 2022-12-25 07:26:11 Image size of job updated: 73212
	17  -  MemoryUsage of job (MB)
	17112  -  ResidentSetSize of job (KB)
...
006 (3396273.456.000) 2022-12-25 07:31:11 Image size of job updated: 1491588
	558  -  MemoryUsage of job (MB)
	571184  -  ResidentSetSize of job (KB)
...
006 (3396273.456.000) 2022-12-25 07:36:12 Image size of job updated: 1491588
	562  -  MemoryUsage of job (MB)
	574916  -  ResidentSetSize of job (KB)
...
006 (3396273.456.000) 2022-12-25 07:41:12 Image size of job updated: 1491588
	567  -  MemoryUsage of job (MB)
	580476  -  ResidentSetSize of job (KB)
...
040 (3396273.456.000) 2022-12-25 07:52:50 Started transferring output files
	Seconds spent in queue: 3992
...
040 (3396273.456.000) 2022-12-25 07:52:50 Finished transferring output files
...
005 (3396273.456.000) 2022-12-25 07:52:50 Job terminated.
	(1) Normal termination (return value 0)
		Usr 0 00:10:47, Sys 0 00:00:55  -  Run Remote Usage
		Usr 0 00:00:00, Sys 0 00:00:00  -  Run Local Usage
		Usr 0 00:10:47, Sys 0 00:00:55  -  Total Remote Usage
		Usr 0 00:00:00, Sys 0 00:00:00  -  Total Local Usage
	1715566  -  Run Bytes Sent By Job
	328686848  -  Run Bytes Received By Job
	1715566  -  Total Bytes Sent By Job
	328686848  -  Total Bytes Received By Job
	Partitionable Resources :     Usage  Request Allocated 
	   Cpus                 :      0.44        1         1 
	   Disk (KB)            : 322726     2097152   2305900 
	   IoHeavy              :                            0 
	   Memory (MB)          :    567        2048      2048 

	Job terminated of its own accord at 2022-12-25T13:52:50Z.
...
