000 (3396273.289.000) 2022-12-25 06:14:11 Job submitted from host: <144.92.180.5:9618?addrs=144.92.180.5-9618+[2607-f388-101c-1000--368]-9618&alias=login02.hep.wisc.edu&noUDP&sock=schedd_3117_94ca>
...
040 (3396273.289.000) 2022-12-25 06:39:26 Entered queue to transfer input files
	Transferring to host: <128.105.68.218:9618?addrs=128.105.68.218-9618+[2607-f388-2200-100-1e6a-7aff-fe26-3123]-9618&alias=e305.chtc.wisc.edu&noUDP&sock=slot1_21_33507_766c_17843>
...
040 (3396273.289.000) 2022-12-25 07:13:23 Started transferring input files
	Seconds spent in queue: 2037
...
040 (3396273.289.000) 2022-12-25 07:22:53 Finished transferring input files
...
001 (3396273.289.000) 2022-12-25 07:22:54 Job executing on host: <128.105.68.218:9618?addrs=128.105.68.218-9618+[2607-f388-2200-100-1e6a-7aff-fe26-3123]-9618&alias=e305.chtc.wisc.edu&noUDP&sock=startd_7181_25ad>
...
006 (3396273.289.000) 2022-12-25 07:23:02 Image size of job updated: 203012
	15  -  MemoryUsage of job (MB)
	15076  -  ResidentSetSize of job (KB)
...
006 (3396273.289.000) 2022-12-25 07:28:02 Image size of job updated: 1487568
	559  -  MemoryUsage of job (MB)
	571628  -  ResidentSetSize of job (KB)
...
006 (3396273.289.000) 2022-12-25 07:33:03 Image size of job updated: 1487568
	570  -  MemoryUsage of job (MB)
	582680  -  ResidentSetSize of job (KB)
...
006 (3396273.289.000) 2022-12-25 07:36:33 Image size of job updated: 1489808
	570  -  MemoryUsage of job (MB)
	582680  -  ResidentSetSize of job (KB)
...
040 (3396273.289.000) 2022-12-25 07:36:33 Started transferring output files
	Seconds spent in queue: 3427
...
040 (3396273.289.000) 2022-12-25 07:36:34 Finished transferring output files
...
005 (3396273.289.000) 2022-12-25 07:36:34 Job terminated.
	(1) Normal termination (return value 0)
		Usr 0 00:03:53, Sys 0 00:00:12  -  Run Remote Usage
		Usr 0 00:00:00, Sys 0 00:00:00  -  Run Local Usage
		Usr 0 00:03:53, Sys 0 00:00:12  -  Total Remote Usage
		Usr 0 00:00:00, Sys 0 00:00:00  -  Total Local Usage
	1599026  -  Run Bytes Sent By Job
	328686848  -  Run Bytes Received By Job
	1599026  -  Total Bytes Sent By Job
	328686848  -  Total Bytes Received By Job
	Partitionable Resources :     Usage  Request Allocated 
	   Cpus                 :      0.18        1         1 
	   Disk (KB)            : 322613     2097152   2315115 
	   IoHeavy              :                            0 
	   Memory (MB)          :    570        2048      2048 

	Job terminated of its own accord at 2022-12-25T13:36:33Z.
...
