000 (3396272.129.000) 2022-12-25 06:11:14 Job submitted from host: <144.92.180.5:9618?addrs=144.92.180.5-9618+[2607-f388-101c-1000--368]-9618&alias=login02.hep.wisc.edu&noUDP&sock=schedd_3117_94ca>
...
040 (3396272.129.000) 2022-12-25 06:15:01 Entered queue to transfer input files
	Transferring to host: <128.105.68.147:9618?addrs=128.105.68.147-9618+[2607-f388-2200-100-1e6a-7aff-fe26-c519]-9618&alias=e2412.chtc.wisc.edu&noUDP&sock=slot1_28_11498_218d_22658>
...
040 (3396272.129.000) 2022-12-25 06:41:44 Started transferring input files
	Seconds spent in queue: 1603
...
040 (3396272.129.000) 2022-12-25 06:50:59 Finished transferring input files
...
001 (3396272.129.000) 2022-12-25 06:51:00 Job executing on host: <128.105.68.147:9618?addrs=128.105.68.147-9618+[2607-f388-2200-100-1e6a-7aff-fe26-c519]-9618&alias=e2412.chtc.wisc.edu&noUDP&sock=startd_7723_ea02>
...
006 (3396272.129.000) 2022-12-25 06:51:08 Image size of job updated: 87796
	44  -  MemoryUsage of job (MB)
	44100  -  ResidentSetSize of job (KB)
...
006 (3396272.129.000) 2022-12-25 06:52:49 Image size of job updated: 1425688
	46  -  MemoryUsage of job (MB)
	46504  -  ResidentSetSize of job (KB)
...
040 (3396272.129.000) 2022-12-25 06:52:49 Started transferring output files
	Seconds spent in queue: 2268
...
040 (3396272.129.000) 2022-12-25 06:52:49 Finished transferring output files
...
005 (3396272.129.000) 2022-12-25 06:52:49 Job terminated.
	(1) Normal termination (return value 0)
		Usr 0 00:00:11, Sys 0 00:00:02  -  Run Remote Usage
		Usr 0 00:00:00, Sys 0 00:00:00  -  Run Local Usage
		Usr 0 00:00:11, Sys 0 00:00:02  -  Total Remote Usage
		Usr 0 00:00:00, Sys 0 00:00:00  -  Total Local Usage
	195248  -  Run Bytes Sent By Job
	328686848  -  Run Bytes Received By Job
	195248  -  Total Bytes Sent By Job
	328686848  -  Total Bytes Received By Job
	Partitionable Resources :     Usage  Request Allocated 
	   Cpus                 :      0.01        1         1 
	   Disk (KB)            : 321241     2097152   2338032 
	   IoHeavy              :                            0 
	   Memory (MB)          :     46        2048      2048 

	Job terminated of its own accord at 2022-12-25T12:52:49Z.
...
