000 (3396273.475.000) 2022-12-25 06:14:12 Job submitted from host: <144.92.180.5:9618?addrs=144.92.180.5-9618+[2607-f388-101c-1000--368]-9618&alias=login02.hep.wisc.edu&noUDP&sock=schedd_3117_94ca>
...
040 (3396273.475.000) 2022-12-25 06:46:26 Entered queue to transfer input files
	Transferring to host: <128.104.58.179:9618?addrs=128.104.58.179-9618+[2607-f388-1086-0-16fe-b5ff-fec6-7177]-9618&alias=e1035.chtc.wisc.edu&noUDP&sock=slot1_31_10874_7773_21683>
...
040 (3396273.475.000) 2022-12-25 07:22:43 Started transferring input files
	Seconds spent in queue: 2177
...
040 (3396273.475.000) 2022-12-25 07:28:48 Finished transferring input files
...
001 (3396273.475.000) 2022-12-25 07:28:51 Job executing on host: <128.104.58.179:9618?addrs=128.104.58.179-9618+[2607-f388-1086-0-16fe-b5ff-fec6-7177]-9618&alias=e1035.chtc.wisc.edu&noUDP&sock=startd_7231_716a>
...
006 (3396273.475.000) 2022-12-25 07:29:00 Image size of job updated: 467448
	359  -  MemoryUsage of job (MB)
	367024  -  ResidentSetSize of job (KB)
...
006 (3396273.475.000) 2022-12-25 07:34:01 Image size of job updated: 1490380
	531  -  MemoryUsage of job (MB)
	543020  -  ResidentSetSize of job (KB)
...
006 (3396273.475.000) 2022-12-25 07:39:01 Image size of job updated: 1490380
	543  -  MemoryUsage of job (MB)
	555324  -  ResidentSetSize of job (KB)
...
006 (3396273.475.000) 2022-12-25 07:49:01 Image size of job updated: 1490564
	551  -  MemoryUsage of job (MB)
	563224  -  ResidentSetSize of job (KB)
...
040 (3396273.475.000) 2022-12-25 07:54:01 Started transferring output files
	Seconds spent in queue: 4055
...
040 (3396273.475.000) 2022-12-25 07:54:01 Finished transferring output files
...
005 (3396273.475.000) 2022-12-25 07:54:01 Job terminated.
	(1) Normal termination (return value 0)
		Usr 0 00:10:22, Sys 0 00:01:09  -  Run Remote Usage
		Usr 0 00:00:00, Sys 0 00:00:00  -  Run Local Usage
		Usr 0 00:10:22, Sys 0 00:01:09  -  Total Remote Usage
		Usr 0 00:00:00, Sys 0 00:00:00  -  Total Local Usage
	1721496  -  Run Bytes Sent By Job
	328686848  -  Run Bytes Received By Job
	1721496  -  Total Bytes Sent By Job
	328686848  -  Total Bytes Received By Job
	Partitionable Resources :     Usage  Request Allocated 
	   Cpus                 :      0.51        1         1 
	   Disk (KB)            : 322732     2097152   2333594 
	   IoHeavy              :                            0 
	   Memory (MB)          :    551        2048      2048 

	Job terminated of its own accord at 2022-12-25T13:53:59Z.
...
