000 (3396272.336.000) 2022-12-25 06:11:15 Job submitted from host: <144.92.180.5:9618?addrs=144.92.180.5-9618+[2607-f388-101c-1000--368]-9618&alias=login02.hep.wisc.edu&noUDP&sock=schedd_3117_94ca>
...
040 (3396272.336.000) 2022-12-25 06:23:57 Entered queue to transfer input files
	Transferring to host: <128.105.69.65:9618?addrs=128.105.69.65-9618+[2607-f388-2200-100-1e6a-7aff-fe26-d96d]-9618&alias=e2393.chtc.wisc.edu&noUDP&sock=slot1_7_31972_ea8d_19885>
...
040 (3396272.336.000) 2022-12-25 06:52:50 Started transferring input files
	Seconds spent in queue: 1733
...
040 (3396272.336.000) 2022-12-25 06:53:59 Finished transferring input files
...
001 (3396272.336.000) 2022-12-25 06:54:00 Job executing on host: <128.105.69.65:9618?addrs=128.105.69.65-9618+[2607-f388-2200-100-1e6a-7aff-fe26-d96d]-9618&alias=e2393.chtc.wisc.edu&noUDP&sock=startd_7581_838f>
...
006 (3396272.336.000) 2022-12-25 06:54:08 Image size of job updated: 854100
	390  -  MemoryUsage of job (MB)
	399028  -  ResidentSetSize of job (KB)
...
006 (3396272.336.000) 2022-12-25 06:54:25 Image size of job updated: 1463160
	390  -  MemoryUsage of job (MB)
	399028  -  ResidentSetSize of job (KB)
...
040 (3396272.336.000) 2022-12-25 06:54:25 Started transferring output files
	Seconds spent in queue: 1828
...
040 (3396272.336.000) 2022-12-25 06:54:26 Finished transferring output files
...
005 (3396272.336.000) 2022-12-25 06:54:26 Job terminated.
	(1) Normal termination (return value 0)
		Usr 0 00:00:08, Sys 0 00:00:03  -  Run Remote Usage
		Usr 0 00:00:00, Sys 0 00:00:00  -  Run Local Usage
		Usr 0 00:00:08, Sys 0 00:00:03  -  Total Remote Usage
		Usr 0 00:00:00, Sys 0 00:00:00  -  Total Local Usage
	634408  -  Run Bytes Sent By Job
	328686848  -  Run Bytes Received By Job
	634408  -  Total Bytes Sent By Job
	328686848  -  Total Bytes Received By Job
	Partitionable Resources :     Usage  Request Allocated 
	   Cpus                 :      0.43        1         1 
	   Disk (KB)            : 321671     2097152   2344832 
	   IoHeavy              :                            0 
	   Memory (MB)          :    390        2048      2048 

	Job terminated of its own accord at 2022-12-25T12:54:25Z.
...
