000 (3396272.257.000) 2022-12-25 06:11:15 Job submitted from host: <144.92.180.5:9618?addrs=144.92.180.5-9618+[2607-f388-101c-1000--368]-9618&alias=login02.hep.wisc.edu&noUDP&sock=schedd_3117_94ca>
...
040 (3396272.257.000) 2022-12-25 06:19:30 Entered queue to transfer input files
	Transferring to host: <128.104.58.174:9618?addrs=128.104.58.174-9618+[2607-f388-1086-0-16fe-b5ff-fec6-794e]-9618&alias=e1028.chtc.wisc.edu&noUDP&sock=slot1_4_39033_078c_26339>
...
040 (3396272.257.000) 2022-12-25 06:48:39 Started transferring input files
	Seconds spent in queue: 1749
...
040 (3396272.257.000) 2022-12-25 07:01:44 Finished transferring input files
...
001 (3396272.257.000) 2022-12-25 07:01:45 Job executing on host: <128.104.58.174:9618?addrs=128.104.58.174-9618+[2607-f388-1086-0-16fe-b5ff-fec6-794e]-9618&alias=e1028.chtc.wisc.edu&noUDP&sock=startd_10242_bd13>
...
006 (3396272.257.000) 2022-12-25 07:01:54 Image size of job updated: 472672
	362  -  MemoryUsage of job (MB)
	370384  -  ResidentSetSize of job (KB)
...
006 (3396272.257.000) 2022-12-25 07:06:55 Image size of job updated: 1403512
	484  -  MemoryUsage of job (MB)
	495212  -  ResidentSetSize of job (KB)
...
006 (3396272.257.000) 2022-12-25 07:11:55 Image size of job updated: 1403512
	484  -  MemoryUsage of job (MB)
	495364  -  ResidentSetSize of job (KB)
...
040 (3396272.257.000) 2022-12-25 07:14:18 Started transferring output files
	Seconds spent in queue: 3288
...
040 (3396272.257.000) 2022-12-25 07:14:18 Finished transferring output files
...
005 (3396272.257.000) 2022-12-25 07:14:18 Job terminated.
	(1) Normal termination (return value 0)
		Usr 0 00:05:33, Sys 0 00:00:38  -  Run Remote Usage
		Usr 0 00:00:00, Sys 0 00:00:00  -  Run Local Usage
		Usr 0 00:05:33, Sys 0 00:00:38  -  Total Remote Usage
		Usr 0 00:00:00, Sys 0 00:00:00  -  Total Local Usage
	11224  -  Run Bytes Sent By Job
	328686848  -  Run Bytes Received By Job
	11224  -  Total Bytes Sent By Job
	328686848  -  Total Bytes Received By Job
	Partitionable Resources :     Usage  Request Allocated 
	   Cpus                 :      0.49        1         1 
	   Disk (KB)            : 321062     2097152   2340283 
	   IoHeavy              :                            0 
	   Memory (MB)          :    484        2048      2048 

	Job terminated of its own accord at 2022-12-25T13:14:17Z.
...
