000 (3396273.388.000) 2022-12-25 06:14:11 Job submitted from host: <144.92.180.5:9618?addrs=144.92.180.5-9618+[2607-f388-101c-1000--368]-9618&alias=login02.hep.wisc.edu&noUDP&sock=schedd_3117_94ca>
...
040 (3396273.388.000) 2022-12-25 06:43:20 Entered queue to transfer input files
	Transferring to host: <128.105.69.71:9618?addrs=128.105.69.71-9618+[2607-f388-2200-100-1e6a-7aff-fe26-da35]-9618&alias=e2400.chtc.wisc.edu&noUDP&sock=slot1_30_18524_956a_21587>
...
040 (3396273.388.000) 2022-12-25 07:18:12 Started transferring input files
	Seconds spent in queue: 2092
...
040 (3396273.388.000) 2022-12-25 07:25:56 Finished transferring input files
...
001 (3396273.388.000) 2022-12-25 07:25:57 Job executing on host: <128.105.69.71:9618?addrs=128.105.69.71-9618+[2607-f388-2200-100-1e6a-7aff-fe26-da35]-9618&alias=e2400.chtc.wisc.edu&noUDP&sock=startd_7544_228e>
...
006 (3396273.388.000) 2022-12-25 07:26:05 Image size of job updated: 197092
	16  -  MemoryUsage of job (MB)
	16216  -  ResidentSetSize of job (KB)
...
006 (3396273.388.000) 2022-12-25 07:31:05 Image size of job updated: 1461864
	543  -  MemoryUsage of job (MB)
	555676  -  ResidentSetSize of job (KB)
...
006 (3396273.388.000) 2022-12-25 07:36:06 Image size of job updated: 1461864
	549  -  MemoryUsage of job (MB)
	561368  -  ResidentSetSize of job (KB)
...
006 (3396273.388.000) 2022-12-25 07:41:06 Image size of job updated: 1461864
	549  -  MemoryUsage of job (MB)
	561388  -  ResidentSetSize of job (KB)
...
006 (3396273.388.000) 2022-12-25 07:46:06 Image size of job updated: 1461864
	549  -  MemoryUsage of job (MB)
	561652  -  ResidentSetSize of job (KB)
...
006 (3396273.388.000) 2022-12-25 07:51:07 Image size of job updated: 1484564
	573  -  MemoryUsage of job (MB)
	586120  -  ResidentSetSize of job (KB)
...
040 (3396273.388.000) 2022-12-25 08:00:14 Started transferring output files
	Seconds spent in queue: 4614
...
040 (3396273.388.000) 2022-12-25 08:00:14 Finished transferring output files
...
005 (3396273.388.000) 2022-12-25 08:00:14 Job terminated.
	(1) Normal termination (return value 0)
		Usr 0 00:08:02, Sys 0 00:00:35  -  Run Remote Usage
		Usr 0 00:00:00, Sys 0 00:00:00  -  Run Local Usage
		Usr 0 00:08:02, Sys 0 00:00:35  -  Total Remote Usage
		Usr 0 00:00:00, Sys 0 00:00:00  -  Total Local Usage
	1637506  -  Run Bytes Sent By Job
	328686848  -  Run Bytes Received By Job
	1637506  -  Total Bytes Sent By Job
	328686848  -  Total Bytes Received By Job
	Partitionable Resources :     Usage  Request Allocated 
	   Cpus                 :      0.23        1         1 
	   Disk (KB)            : 322650     2097152   2338844 
	   IoHeavy              :                            0 
	   Memory (MB)          :    573        2048      2048 

	Job terminated of its own accord at 2022-12-25T14:00:14Z.
...
