000 (3396273.539.000) 2022-12-25 06:14:13 Job submitted from host: <144.92.180.5:9618?addrs=144.92.180.5-9618+[2607-f388-101c-1000--368]-9618&alias=login02.hep.wisc.edu&noUDP&sock=schedd_3117_94ca>
...
040 (3396273.539.000) 2022-12-25 06:50:04 Entered queue to transfer input files
	Transferring to host: <128.105.68.147:9618?addrs=128.105.68.147-9618+[2607-f388-2200-100-1e6a-7aff-fe26-c519]-9618&alias=e2412.chtc.wisc.edu&noUDP&sock=slot1_29_11498_218d_22746>
...
040 (3396273.539.000) 2022-12-25 07:26:53 Started transferring input files
	Seconds spent in queue: 2209
...
040 (3396273.539.000) 2022-12-25 07:32:03 Finished transferring input files
...
001 (3396273.539.000) 2022-12-25 07:32:04 Job executing on host: <128.105.68.147:9618?addrs=128.105.68.147-9618+[2607-f388-2200-100-1e6a-7aff-fe26-c519]-9618&alias=e2412.chtc.wisc.edu&noUDP&sock=startd_7723_ea02>
...
006 (3396273.539.000) 2022-12-25 07:32:13 Image size of job updated: 48280
	22  -  MemoryUsage of job (MB)
	21900  -  ResidentSetSize of job (KB)
...
006 (3396273.539.000) 2022-12-25 07:37:14 Image size of job updated: 1477640
	550  -  MemoryUsage of job (MB)
	563072  -  ResidentSetSize of job (KB)
...
006 (3396273.539.000) 2022-12-25 07:42:01 Image size of job updated: 1480452
	550  -  MemoryUsage of job (MB)
	563072  -  ResidentSetSize of job (KB)
...
040 (3396273.539.000) 2022-12-25 07:42:01 Started transferring output files
	Seconds spent in queue: 3117
...
040 (3396273.539.000) 2022-12-25 07:42:01 Finished transferring output files
...
005 (3396273.539.000) 2022-12-25 07:42:02 Job terminated.
	(1) Normal termination (return value 0)
		Usr 0 00:03:38, Sys 0 00:00:12  -  Run Remote Usage
		Usr 0 00:00:00, Sys 0 00:00:00  -  Run Local Usage
		Usr 0 00:03:38, Sys 0 00:00:12  -  Total Remote Usage
		Usr 0 00:00:00, Sys 0 00:00:00  -  Total Local Usage
	1586574  -  Run Bytes Sent By Job
	328686848  -  Run Bytes Received By Job
	1586574  -  Total Bytes Sent By Job
	328686848  -  Total Bytes Received By Job
	Partitionable Resources :     Usage  Request Allocated 
	   Cpus                 :      0.87        1         1 
	   Disk (KB)            : 322600     2097152   2338032 
	   IoHeavy              :                            0 
	   Memory (MB)          :    550        2048      2048 

	Job terminated of its own accord at 2022-12-25T13:42:01Z.
...
