000 (3396273.242.000) 2022-12-25 06:14:10 Job submitted from host: <144.92.180.5:9618?addrs=144.92.180.5-9618+[2607-f388-101c-1000--368]-9618&alias=login02.hep.wisc.edu&noUDP&sock=schedd_3117_94ca>
...
040 (3396273.242.000) 2022-12-25 06:37:03 Entered queue to transfer input files
	Transferring to host: <128.104.58.123:9618?addrs=128.104.58.123-9618+[2607-f388-1086-0-67d-7bff-fe41-62ea]-9618&alias=e1540.chtc.wisc.edu&noUDP&sock=slot1_6_26560_ac31_18235>
...
040 (3396273.242.000) 2022-12-25 07:11:15 Started transferring input files
	Seconds spent in queue: 2052
...
040 (3396273.242.000) 2022-12-25 07:16:03 Finished transferring input files
...
001 (3396273.242.000) 2022-12-25 07:16:04 Job executing on host: <128.104.58.123:9618?addrs=128.104.58.123-9618+[2607-f388-1086-0-67d-7bff-fe41-62ea]-9618&alias=e1540.chtc.wisc.edu&noUDP&sock=startd_7278_ae5d>
...
006 (3396273.242.000) 2022-12-25 07:16:13 Image size of job updated: 488884
	373  -  MemoryUsage of job (MB)
	381192  -  ResidentSetSize of job (KB)
...
006 (3396273.242.000) 2022-12-25 07:21:14 Image size of job updated: 1458476
	528  -  MemoryUsage of job (MB)
	540368  -  ResidentSetSize of job (KB)
...
040 (3396273.242.000) 2022-12-25 07:23:36 Started transferring output files
	Seconds spent in queue: 2793
...
040 (3396273.242.000) 2022-12-25 07:23:36 Finished transferring output files
...
005 (3396273.242.000) 2022-12-25 07:23:36 Job terminated.
	(1) Normal termination (return value 0)
		Usr 0 00:02:40, Sys 0 00:00:22  -  Run Remote Usage
		Usr 0 00:00:00, Sys 0 00:00:00  -  Run Local Usage
		Usr 0 00:02:40, Sys 0 00:00:22  -  Total Remote Usage
		Usr 0 00:00:00, Sys 0 00:00:00  -  Total Local Usage
	1582254  -  Run Bytes Sent By Job
	328686848  -  Run Bytes Received By Job
	1582254  -  Total Bytes Sent By Job
	328686848  -  Total Bytes Received By Job
	Partitionable Resources :     Usage  Request Allocated 
	   Cpus                 :      0.37        1         1 
	   Disk (KB)            : 322596     2097152   2412315 
	   IoHeavy              :                            0 
	   Memory (MB)          :    528        2048      2048 

	Job terminated of its own accord at 2022-12-25T13:23:36Z.
...
