000 (3396272.237.000) 2022-12-25 06:11:15 Job submitted from host: <144.92.180.5:9618?addrs=144.92.180.5-9618+[2607-f388-101c-1000--368]-9618&alias=login02.hep.wisc.edu&noUDP&sock=schedd_3117_94ca>
...
040 (3396272.237.000) 2022-12-25 06:18:33 Entered queue to transfer input files
	Transferring to host: <128.105.68.212:9618?addrs=128.105.68.212-9618+[2607-f388-2200-100-1e6a-7aff-fe26-ca0f]-9618&alias=e2299.chtc.wisc.edu&noUDP&sock=slot1_13_7071_e8b9_19773>
...
040 (3396272.237.000) 2022-12-25 06:47:09 Started transferring input files
	Seconds spent in queue: 1716
...
040 (3396272.237.000) 2022-12-25 06:48:39 Finished transferring input files
...
001 (3396272.237.000) 2022-12-25 06:48:40 Job executing on host: <128.105.68.212:9618?addrs=128.105.68.212-9618+[2607-f388-2200-100-1e6a-7aff-fe26-ca0f]-9618&alias=e2299.chtc.wisc.edu&noUDP&sock=startd_7650_d798>
...
006 (3396272.237.000) 2022-12-25 06:48:50 Image size of job updated: 203144
	30  -  MemoryUsage of job (MB)
	30052  -  ResidentSetSize of job (KB)
...
006 (3396272.237.000) 2022-12-25 06:53:50 Image size of job updated: 1397456
	490  -  MemoryUsage of job (MB)
	501160  -  ResidentSetSize of job (KB)
...
006 (3396272.237.000) 2022-12-25 06:58:50 Image size of job updated: 1401576
	496  -  MemoryUsage of job (MB)
	507048  -  ResidentSetSize of job (KB)
...
040 (3396272.237.000) 2022-12-25 06:59:04 Started transferring output files
	Seconds spent in queue: 2431
...
040 (3396272.237.000) 2022-12-25 06:59:04 Finished transferring output files
...
005 (3396272.237.000) 2022-12-25 06:59:04 Job terminated.
	(1) Normal termination (return value 0)
		Usr 0 00:01:16, Sys 0 00:00:09  -  Run Remote Usage
		Usr 0 00:00:00, Sys 0 00:00:00  -  Run Local Usage
		Usr 0 00:01:16, Sys 0 00:00:09  -  Total Remote Usage
		Usr 0 00:00:00, Sys 0 00:00:00  -  Total Local Usage
	9510  -  Run Bytes Sent By Job
	328686848  -  Run Bytes Received By Job
	9510  -  Total Bytes Sent By Job
	328686848  -  Total Bytes Received By Job
	Partitionable Resources :     Usage  Request Allocated 
	   Cpus                 :      0.18        1         1 
	   Disk (KB)            : 321061     2097152   2367444 
	   IoHeavy              :                            0 
	   Memory (MB)          :    496        2048      2048 

	Job terminated of its own accord at 2022-12-25T12:59:04Z.
...
