000 (3396272.247.000) 2022-12-25 06:11:15 Job submitted from host: <144.92.180.5:9618?addrs=144.92.180.5-9618+[2607-f388-101c-1000--368]-9618&alias=login02.hep.wisc.edu&noUDP&sock=schedd_3117_94ca>
...
040 (3396272.247.000) 2022-12-25 06:19:07 Entered queue to transfer input files
	Transferring to host: <128.105.244.26:9618?addrs=128.105.244.26-9618&alias=e3157.chtc.wisc.edu&noUDP&sock=slot1_5_28842_8c4e_11801>
...
040 (3396272.247.000) 2022-12-25 06:47:54 Started transferring input files
	Seconds spent in queue: 1727
...
040 (3396272.247.000) 2022-12-25 06:53:38 Finished transferring input files
...
001 (3396272.247.000) 2022-12-25 06:53:39 Job executing on host: <128.105.244.26:9618?addrs=128.105.244.26-9618&alias=e3157.chtc.wisc.edu&noUDP&sock=startd_6508_8671>
...
006 (3396272.247.000) 2022-12-25 06:53:48 Image size of job updated: 9872
	1  -  MemoryUsage of job (MB)
	636  -  ResidentSetSize of job (KB)
...
006 (3396272.247.000) 2022-12-25 06:58:49 Image size of job updated: 1406580
	485  -  MemoryUsage of job (MB)
	495620  -  ResidentSetSize of job (KB)
...
006 (3396272.247.000) 2022-12-25 07:03:50 Image size of job updated: 1407448
	485  -  MemoryUsage of job (MB)
	496588  -  ResidentSetSize of job (KB)
...
040 (3396272.247.000) 2022-12-25 07:08:33 Started transferring output files
	Seconds spent in queue: 2966
...
040 (3396272.247.000) 2022-12-25 07:08:33 Finished transferring output files
...
005 (3396272.247.000) 2022-12-25 07:08:33 Job terminated.
	(1) Normal termination (return value 0)
		Usr 0 00:07:13, Sys 0 00:00:40  -  Run Remote Usage
		Usr 0 00:00:00, Sys 0 00:00:00  -  Run Local Usage
		Usr 0 00:07:13, Sys 0 00:00:40  -  Total Remote Usage
		Usr 0 00:00:00, Sys 0 00:00:00  -  Total Local Usage
	9422  -  Run Bytes Sent By Job
	328686848  -  Run Bytes Received By Job
	9422  -  Total Bytes Sent By Job
	328686848  -  Total Bytes Received By Job
	Partitionable Resources :     Usage  Request Allocated 
	   Cpus                 :      0.53        1         1 
	   Disk (KB)            : 321059     2097152   3639068 
	   IoHeavy              :                            0 
	   Memory (MB)          :    485        2048      2048 

	Job terminated of its own accord at 2022-12-25T13:08:33Z.
...
