analyze_etau MET_EraF_0002_02 DATA
argc = 8
sp = 0
Systematics : V  Response NJet0 = 0.017
Systematics : V  Response NJet1 = 0.022
Systematics : V  Response NJetGe2 = 0.026
Systematics : V  Resolution NJet0 = 0.024
Systematics : V  Resolution NJet1 = 0.03
Systematics : V  Resolution NJetGe2 = 0.034
Systematics : EWK  Response NJet0 = 0.015
Systematics : EWK  Response NJet1 = 0.02
Systematics : EWK  Response NJetGe2 = 0.025
Systematics : EWK  Resolution NJet0 = 0.021
Systematics : EWK  Resolution NJet1 = 0.027
Systematics : EWK  Resolution NJetGe2 = 0.032
Systematics : TOP  Response NJet0 = 0.015
Systematics : TOP  Response NJet1 = 0.02
Systematics : TOP  Response NJetGe2 = 0.025
Systematics : TOP  Resolution NJet0 = 0.021
Systematics : TOP  Resolution NJet1 = 0.027
Systematics : TOP  Resolution NJetGe2 = 0.032
V_NJet0
V_NJet1
V_NJetGe2
EWK_NJet0
EWK_NJet1
EWK_NJetGe2
TOP_NJet0
TOP_NJet1
TOP_NJetGe2
All files added.
Initializing chain.
from Init DATA
sample ==========MET_EraF_0002_02
.... DATA file ..... 
Coming in: 
nentries:29796
Running over 29796 events.
Finished entry 0/29795
Finished entry 1000/29795
Finished entry 2000/29795
Finished entry 3000/29795
Finished entry 4000/29795
Finished entry 5000/29795
Finished entry 6000/29795
Finished entry 7000/29795
Finished entry 8000/29795
Finished entry 9000/29795
Finished entry 10000/29795
Finished entry 11000/29795
Finished entry 12000/29795
Finished entry 13000/29795
Finished entry 14000/29795
Finished entry 15000/29795
Finished entry 16000/29795
Finished entry 17000/29795
Finished entry 18000/29795
Finished entry 19000/29795
Finished entry 20000/29795
Finished entry 21000/29795
Finished entry 22000/29795
Finished entry 23000/29795
Finished entry 24000/29795
Finished entry 25000/29795
Finished entry 26000/29795
Finished entry 27000/29795
Finished entry 28000/29795
Finished entry 29000/29795
Finished entry 29795/29795
All events checked.
*******************************************
******************Jithin's original*************************
    Initial entries 29796.000000
   Passing smikking 0.000000
     GoodMuonPassed 0.000000   % change= 100.000000
      GoodTauPassed 0.000000   % change= -nan
         opp charge 0.000000   % change= -nan
 PassedThirdLepVeto 15.000000   % change= -inf
     PassedBjetVeto 15.000000   % change= 0.000000
       DeltaRPassed 15.000000   % change= 0.000000
      Total change :99.949658
*******************************************
*******************************************
Number of events inspected: 29796
Number of events inspected (minus negative gen. weights): 29796.000000
 Outpt written to MET_EraF_0002_02.root
Real time 0:01:19, CP time 24.490
1671972841 - 1671972754
