analyze_etau Signal_2HDMa_bb_sinp_0p35_tanb_1p0_mXd_10_MH3_1000_MH4_250 MC
argc = 8
sp = 0
Systematics : V  Response NJet0 = 0.017
Systematics : V  Response NJet1 = 0.022
Systematics : V  Response NJetGe2 = 0.026
Systematics : V  Resolution NJet0 = 0.024
Systematics : V  Resolution NJet1 = 0.03
Systematics : V  Resolution NJetGe2 = 0.034
Systematics : EWK  Response NJet0 = 0.015
Systematics : EWK  Response NJet1 = 0.02
Systematics : EWK  Response NJetGe2 = 0.025
Systematics : EWK  Resolution NJet0 = 0.021
Systematics : EWK  Resolution NJet1 = 0.027
Systematics : EWK  Resolution NJetGe2 = 0.032
Systematics : TOP  Response NJet0 = 0.015
Systematics : TOP  Response NJet1 = 0.02
Systematics : TOP  Response NJetGe2 = 0.025
Systematics : TOP  Resolution NJet0 = 0.021
Systematics : TOP  Resolution NJet1 = 0.027
Systematics : TOP  Resolution NJetGe2 = 0.032
V_NJet0
V_NJet1
V_NJetGe2
EWK_NJet0
EWK_NJet1
EWK_NJetGe2
TOP_NJet0
TOP_NJet1
TOP_NJetGe2
All files added.
Initializing chain.
from Init MC
sample ==========Signal_2HDMa_bb_sinp_0p35_tanb_1p0_mXd_10_MH3_1000_MH4_250
.... MC file ..... 
Coming in: 
nentries:17920
Running over 17920 events.
Finished entry 0/17919
Finished entry 800/17919
Finished entry 1600/17919
Finished entry 2400/17919
Finished entry 3200/17919
Finished entry 4000/17919
Finished entry 4800/17919
Finished entry 5600/17919
Finished entry 6400/17919
Finished entry 7200/17919
Finished entry 8000/17919
Finished entry 8800/17919
Finished entry 9600/17919
Finished entry 10400/17919
Finished entry 11200/17919
Finished entry 12000/17919
Finished entry 12800/17919
Finished entry 13600/17919
Finished entry 14400/17919
Finished entry 15200/17919
Finished entry 16000/17919
Finished entry 16800/17919
Finished entry 17600/17919
Finished entry 17919/17919
All events checked.
*******************************************
******************Jithin's original*************************
    Initial entries 17920.000000
   Passing smikking 0.000000
     GoodMuonPassed 0.000000   % change= 100.000000
      GoodTauPassed 0.000000   % change= -nan
         opp charge 0.000000   % change= -nan
 PassedThirdLepVeto 0.000000   % change= -nan
     PassedBjetVeto 0.000000   % change= -nan
       DeltaRPassed 0.000000   % change= -nan
      Total change :100.000000
*******************************************
*******************************************
Number of events inspected: 17920
Number of events inspected (minus negative gen. weights): 17914.000000
 Outpt written to Signal_2HDMa_bb_sinp_0p35_tanb_1p0_mXd_10_MH3_1000_MH4_250.root
Real time 0:00:24, CP time 10.500
1671974031 - 1671974005
