000 (3396273.698.000) 2022-12-25 06:14:14 Job submitted from host: <144.92.180.5:9618?addrs=144.92.180.5-9618+[2607-f388-101c-1000--368]-9618&alias=login02.hep.wisc.edu&noUDP&sock=schedd_3117_94ca>
...
040 (3396273.698.000) 2022-12-25 06:58:26 Entered queue to transfer input files
	Transferring to host: <128.105.69.31:9618?addrs=128.105.69.31-9618+[2607-f388-2200-100-1e6a-7aff-fe26-c963]-9618&alias=e2353.chtc.wisc.edu&noUDP&sock=slot1_7_7981_161e_21853>
...
040 (3396273.698.000) 2022-12-25 07:35:31 Started transferring input files
	Seconds spent in queue: 2225
...
040 (3396273.698.000) 2022-12-25 07:40:29 Finished transferring input files
...
001 (3396273.698.000) 2022-12-25 07:40:30 Job executing on host: <128.105.69.31:9618?addrs=128.105.69.31-9618+[2607-f388-2200-100-1e6a-7aff-fe26-c963]-9618&alias=e2353.chtc.wisc.edu&noUDP&sock=startd_7342_946d>
...
006 (3396273.698.000) 2022-12-25 07:40:39 Image size of job updated: 951048
	373  -  MemoryUsage of job (MB)
	381416  -  ResidentSetSize of job (KB)
...
006 (3396273.698.000) 2022-12-25 07:45:40 Image size of job updated: 1478456
	551  -  MemoryUsage of job (MB)
	563504  -  ResidentSetSize of job (KB)
...
006 (3396273.698.000) 2022-12-25 07:50:40 Image size of job updated: 1490628
	555  -  MemoryUsage of job (MB)
	567724  -  ResidentSetSize of job (KB)
...
006 (3396273.698.000) 2022-12-25 07:55:40 Image size of job updated: 1490628
	558  -  MemoryUsage of job (MB)
	570968  -  ResidentSetSize of job (KB)
...
006 (3396273.698.000) 2022-12-25 08:00:41 Image size of job updated: 1490628
	558  -  MemoryUsage of job (MB)
	571064  -  ResidentSetSize of job (KB)
...
006 (3396273.698.000) 2022-12-25 08:05:42 Image size of job updated: 1490628
	558  -  MemoryUsage of job (MB)
	571292  -  ResidentSetSize of job (KB)
...
006 (3396273.698.000) 2022-12-25 08:10:42 Image size of job updated: 1490628
	574  -  MemoryUsage of job (MB)
	587128  -  ResidentSetSize of job (KB)
...
040 (3396273.698.000) 2022-12-25 08:15:04 Started transferring output files
	Seconds spent in queue: 4598
...
040 (3396273.698.000) 2022-12-25 08:15:04 Finished transferring output files
...
005 (3396273.698.000) 2022-12-25 08:15:04 Job terminated.
	(1) Normal termination (return value 0)
		Usr 0 00:10:33, Sys 0 00:02:04  -  Run Remote Usage
		Usr 0 00:00:00, Sys 0 00:00:00  -  Run Local Usage
		Usr 0 00:10:33, Sys 0 00:02:04  -  Total Remote Usage
		Usr 0 00:00:00, Sys 0 00:00:00  -  Total Local Usage
	1671951  -  Run Bytes Sent By Job
	328686848  -  Run Bytes Received By Job
	1671951  -  Total Bytes Sent By Job
	328686848  -  Total Bytes Received By Job
	Partitionable Resources :     Usage  Request Allocated 
	   Cpus                 :      0.49        1         1 
	   Disk (KB)            : 322684     2097152   2348047 
	   IoHeavy              :                            0 
	   Memory (MB)          :    574        2048      2048 

	Job terminated of its own accord at 2022-12-25T14:15:04Z.
...
