000 (3396272.303.000) 2022-12-25 06:11:15 Job submitted from host: <144.92.180.5:9618?addrs=144.92.180.5-9618+[2607-f388-101c-1000--368]-9618&alias=login02.hep.wisc.edu&noUDP&sock=schedd_3117_94ca>
...
040 (3396272.303.000) 2022-12-25 06:22:09 Entered queue to transfer input files
	Transferring to host: <128.105.69.31:9618?addrs=128.105.69.31-9618+[2607-f388-2200-100-1e6a-7aff-fe26-c963]-9618&alias=e2353.chtc.wisc.edu&noUDP&sock=slot1_7_7981_161e_21749>
...
040 (3396272.303.000) 2022-12-25 06:51:17 Started transferring input files
	Seconds spent in queue: 1748
...
040 (3396272.303.000) 2022-12-25 06:57:47 Finished transferring input files
...
001 (3396272.303.000) 2022-12-25 06:57:48 Job executing on host: <128.105.69.31:9618?addrs=128.105.69.31-9618+[2607-f388-2200-100-1e6a-7aff-fe26-c963]-9618&alias=e2353.chtc.wisc.edu&noUDP&sock=startd_7342_946d>
...
006 (3396272.303.000) 2022-12-25 06:57:57 Image size of job updated: 786240
	388  -  MemoryUsage of job (MB)
	397116  -  ResidentSetSize of job (KB)
...
006 (3396272.303.000) 2022-12-25 06:58:17 Image size of job updated: 1445920
	388  -  MemoryUsage of job (MB)
	397128  -  ResidentSetSize of job (KB)
...
040 (3396272.303.000) 2022-12-25 06:58:17 Started transferring output files
	Seconds spent in queue: 2168
...
040 (3396272.303.000) 2022-12-25 06:58:18 Finished transferring output files
...
005 (3396272.303.000) 2022-12-25 06:58:18 Job terminated.
	(1) Normal termination (return value 0)
		Usr 0 00:00:08, Sys 0 00:00:04  -  Run Remote Usage
		Usr 0 00:00:00, Sys 0 00:00:00  -  Run Local Usage
		Usr 0 00:00:08, Sys 0 00:00:04  -  Total Remote Usage
		Usr 0 00:00:00, Sys 0 00:00:00  -  Total Local Usage
	8757  -  Run Bytes Sent By Job
	328686848  -  Run Bytes Received By Job
	8757  -  Total Bytes Sent By Job
	328686848  -  Total Bytes Received By Job
	Partitionable Resources :     Usage  Request Allocated 
	   Cpus                 :      0.02        1         1 
	   Disk (KB)            : 321059     2097152   2348047 
	   IoHeavy              :                            0 
	   Memory (MB)          :    388        2048      2048 

	Job terminated of its own accord at 2022-12-25T12:58:17Z.
...
