000 (3396272.288.000) 2022-12-25 06:11:15 Job submitted from host: <144.92.180.5:9618?addrs=144.92.180.5-9618+[2607-f388-101c-1000--368]-9618&alias=login02.hep.wisc.edu&noUDP&sock=schedd_3117_94ca>
...
040 (3396272.288.000) 2022-12-25 06:21:20 Entered queue to transfer input files
	Transferring to host: <128.105.69.51:9618?addrs=128.105.69.51-9618+[2607-f388-2200-100-1e6a-7aff-fe26-37a3]-9618&alias=e2375.chtc.wisc.edu&noUDP&sock=slot1_18_6015_dc8e_19737>
...
040 (3396272.288.000) 2022-12-25 06:50:26 Started transferring input files
	Seconds spent in queue: 1746
...
040 (3396272.288.000) 2022-12-25 06:50:54 Finished transferring input files
...
001 (3396272.288.000) 2022-12-25 06:50:55 Job executing on host: <128.105.69.51:9618?addrs=128.105.69.51-9618+[2607-f388-2200-100-1e6a-7aff-fe26-37a3]-9618&alias=e2375.chtc.wisc.edu&noUDP&sock=startd_7688_e832>
...
006 (3396272.288.000) 2022-12-25 06:51:03 Image size of job updated: 951052
	373  -  MemoryUsage of job (MB)
	381412  -  ResidentSetSize of job (KB)
...
006 (3396272.288.000) 2022-12-25 06:53:03 Image size of job updated: 1371040
	373  -  MemoryUsage of job (MB)
	381412  -  ResidentSetSize of job (KB)
...
040 (3396272.288.000) 2022-12-25 06:53:03 Started transferring output files
	Seconds spent in queue: 1903
...
040 (3396272.288.000) 2022-12-25 06:53:03 Finished transferring output files
...
005 (3396272.288.000) 2022-12-25 06:53:04 Job terminated.
	(1) Normal termination (return value 0)
		Usr 0 00:00:37, Sys 0 00:00:11  -  Run Remote Usage
		Usr 0 00:00:00, Sys 0 00:00:00  -  Run Local Usage
		Usr 0 00:00:37, Sys 0 00:00:11  -  Total Remote Usage
		Usr 0 00:00:00, Sys 0 00:00:00  -  Total Local Usage
	588103  -  Run Bytes Sent By Job
	328686848  -  Run Bytes Received By Job
	588103  -  Total Bytes Sent By Job
	328686848  -  Total Bytes Received By Job
	Partitionable Resources :     Usage  Request Allocated 
	   Cpus                 :      0.28        1         1 
	   Disk (KB)            : 321625     2097152   2345517 
	   IoHeavy              :                            0 
	   Memory (MB)          :    373        2048      2048 

	Job terminated of its own accord at 2022-12-25T12:53:03Z.
...
