000 (3396272.125.000) 2022-12-25 06:11:14 Job submitted from host: <144.92.180.5:9618?addrs=144.92.180.5-9618+[2607-f388-101c-1000--368]-9618&alias=login02.hep.wisc.edu&noUDP&sock=schedd_3117_94ca>
...
040 (3396272.125.000) 2022-12-25 06:15:00 Entered queue to transfer input files
	Transferring to host: <128.105.69.70:9618?addrs=128.105.69.70-9618+[2607-f388-2200-100-1e6a-7aff-fe26-3183]-9618&alias=e2399.chtc.wisc.edu&noUDP&sock=slot1_39_31214_d62e_16642>
...
040 (3396272.125.000) 2022-12-25 06:41:38 Started transferring input files
	Seconds spent in queue: 1598
...
040 (3396272.125.000) 2022-12-25 06:44:40 Finished transferring input files
...
001 (3396272.125.000) 2022-12-25 06:44:41 Job executing on host: <128.105.69.70:9618?addrs=128.105.69.70-9618+[2607-f388-2200-100-1e6a-7aff-fe26-3183]-9618&alias=e2399.chtc.wisc.edu&noUDP&sock=startd_7504_b2c5>
...
006 (3396272.125.000) 2022-12-25 06:44:49 Image size of job updated: 150128
	75  -  MemoryUsage of job (MB)
	76148  -  ResidentSetSize of job (KB)
...
006 (3396272.125.000) 2022-12-25 06:45:02 Image size of job updated: 593296
	75  -  MemoryUsage of job (MB)
	76164  -  ResidentSetSize of job (KB)
...
040 (3396272.125.000) 2022-12-25 06:45:02 Started transferring output files
	Seconds spent in queue: 1802
...
040 (3396272.125.000) 2022-12-25 06:45:03 Finished transferring output files
...
005 (3396272.125.000) 2022-12-25 06:45:03 Job terminated.
	(1) Normal termination (return value 0)
		Usr 0 00:00:07, Sys 0 00:00:01  -  Run Remote Usage
		Usr 0 00:00:00, Sys 0 00:00:00  -  Run Local Usage
		Usr 0 00:00:07, Sys 0 00:00:01  -  Total Remote Usage
		Usr 0 00:00:00, Sys 0 00:00:00  -  Total Local Usage
	6481  -  Run Bytes Sent By Job
	328686848  -  Run Bytes Received By Job
	6481  -  Total Bytes Sent By Job
	328686848  -  Total Bytes Received By Job
	Partitionable Resources :     Usage  Request Allocated 
	   Cpus                 :      0.02        1         1 
	   Disk (KB)            : 321057     2097152   2330087 
	   IoHeavy              :                            0 
	   Memory (MB)          :     75        2048      2048 

	Job terminated of its own accord at 2022-12-25T12:45:02Z.
...
