000 (3396273.307.000) 2022-12-25 06:14:11 Job submitted from host: <144.92.180.5:9618?addrs=144.92.180.5-9618+[2607-f388-101c-1000--368]-9618&alias=login02.hep.wisc.edu&noUDP&sock=schedd_3117_94ca>
...
040 (3396273.307.000) 2022-12-25 06:40:28 Entered queue to transfer input files
	Transferring to host: <128.105.69.53:9618?addrs=128.105.69.53-9618+[2607-f388-2200-100-1e6a-7aff-fe21-b70d]-9618&alias=e2377.chtc.wisc.edu&noUDP&sock=slot1_7_21351_75fd_19216>
...
040 (3396273.307.000) 2022-12-25 07:14:04 Started transferring input files
	Seconds spent in queue: 2016
...
040 (3396273.307.000) 2022-12-25 07:21:28 Finished transferring input files
...
001 (3396273.307.000) 2022-12-25 07:21:29 Job executing on host: <128.105.69.53:9618?addrs=128.105.69.53-9618+[2607-f388-2200-100-1e6a-7aff-fe21-b70d]-9618&alias=e2377.chtc.wisc.edu&noUDP&sock=startd_7702_8285>
...
006 (3396273.307.000) 2022-12-25 07:21:40 Image size of job updated: 202184
	72  -  MemoryUsage of job (MB)
	73088  -  ResidentSetSize of job (KB)
...
006 (3396273.307.000) 2022-12-25 07:26:38 Image size of job updated: 1478644
	554  -  MemoryUsage of job (MB)
	567108  -  ResidentSetSize of job (KB)
...
006 (3396273.307.000) 2022-12-25 07:31:39 Image size of job updated: 1486872
	554  -  MemoryUsage of job (MB)
	567108  -  ResidentSetSize of job (KB)
...
040 (3396273.307.000) 2022-12-25 07:33:13 Started transferring output files
	Seconds spent in queue: 3165
...
040 (3396273.307.000) 2022-12-25 07:33:13 Finished transferring output files
...
005 (3396273.307.000) 2022-12-25 07:33:14 Job terminated.
	(1) Normal termination (return value 0)
		Usr 0 00:03:45, Sys 0 00:00:10  -  Run Remote Usage
		Usr 0 00:00:00, Sys 0 00:00:00  -  Run Local Usage
		Usr 0 00:03:45, Sys 0 00:00:10  -  Total Remote Usage
		Usr 0 00:00:00, Sys 0 00:00:00  -  Total Local Usage
	1599026  -  Run Bytes Sent By Job
	328686848  -  Run Bytes Received By Job
	1599026  -  Total Bytes Sent By Job
	328686848  -  Total Bytes Received By Job
	Partitionable Resources :     Usage  Request Allocated 
	   Cpus                 :      0.44        1         1 
	   Disk (KB)            : 322613     2097152   2338977 
	   IoHeavy              :                            0 
	   Memory (MB)          :    554        2048      2048 

	Job terminated of its own accord at 2022-12-25T13:33:13Z.
...
