000 (3396272.295.000) 2022-12-25 06:11:15 Job submitted from host: <144.92.180.5:9618?addrs=144.92.180.5-9618+[2607-f388-101c-1000--368]-9618&alias=login02.hep.wisc.edu&noUDP&sock=schedd_3117_94ca>
...
040 (3396272.295.000) 2022-12-25 06:21:38 Entered queue to transfer input files
	Transferring to host: <128.105.69.48:9618?addrs=128.105.69.48-9618+[2607-f388-2200-100-1e6a-7aff-fe26-6b2f]-9618&alias=e2372.chtc.wisc.edu&noUDP&sock=slot1_39_22346_8746_14519>
...
040 (3396272.295.000) 2022-12-25 06:50:56 Started transferring input files
	Seconds spent in queue: 1758
...
040 (3396272.295.000) 2022-12-25 06:54:52 Finished transferring input files
...
001 (3396272.295.000) 2022-12-25 06:54:53 Job executing on host: <128.105.69.48:9618?addrs=128.105.69.48-9618+[2607-f388-2200-100-1e6a-7aff-fe26-6b2f]-9618&alias=e2372.chtc.wisc.edu&noUDP&sock=startd_7528_290a>
...
006 (3396272.295.000) 2022-12-25 06:55:02 Image size of job updated: 136768
	67  -  MemoryUsage of job (MB)
	67996  -  ResidentSetSize of job (KB)
...
006 (3396272.295.000) 2022-12-25 07:00:03 Image size of job updated: 1411912
	509  -  MemoryUsage of job (MB)
	520736  -  ResidentSetSize of job (KB)
...
006 (3396272.295.000) 2022-12-25 07:05:03 Image size of job updated: 1418236
	516  -  MemoryUsage of job (MB)
	527544  -  ResidentSetSize of job (KB)
...
006 (3396272.295.000) 2022-12-25 07:08:19 Image size of job updated: 1420368
	516  -  MemoryUsage of job (MB)
	527544  -  ResidentSetSize of job (KB)
...
040 (3396272.295.000) 2022-12-25 07:08:19 Started transferring output files
	Seconds spent in queue: 2801
...
040 (3396272.295.000) 2022-12-25 07:08:20 Finished transferring output files
...
005 (3396272.295.000) 2022-12-25 07:08:20 Job terminated.
	(1) Normal termination (return value 0)
		Usr 0 00:03:48, Sys 0 00:00:15  -  Run Remote Usage
		Usr 0 00:00:00, Sys 0 00:00:00  -  Run Local Usage
		Usr 0 00:03:48, Sys 0 00:00:15  -  Total Remote Usage
		Usr 0 00:00:00, Sys 0 00:00:00  -  Total Local Usage
	1240103  -  Run Bytes Sent By Job
	328686848  -  Run Bytes Received By Job
	1240103  -  Total Bytes Sent By Job
	328686848  -  Total Bytes Received By Job
	Partitionable Resources :     Usage  Request Allocated 
	   Cpus                 :      0.40        1         1 
	   Disk (KB)            : 322262     2097152   2345769 
	   IoHeavy              :                            0 
	   Memory (MB)          :    516        2048      2048 

	Job terminated of its own accord at 2022-12-25T13:08:19Z.
...
