000 (3396272.023.000) 2022-12-25 06:11:13 Job submitted from host: <144.92.180.5:9618?addrs=144.92.180.5-9618+[2607-f388-101c-1000--368]-9618&alias=login02.hep.wisc.edu&noUDP&sock=schedd_3117_94ca>
...
040 (3396272.023.000) 2022-12-25 06:14:36 Entered queue to transfer input files
	Transferring to host: <128.105.69.53:9618?addrs=128.105.69.53-9618+[2607-f388-2200-100-1e6a-7aff-fe21-b70d]-9618&alias=e2377.chtc.wisc.edu&noUDP&sock=slot1_27_21351_75fd_19148>
...
040 (3396272.023.000) 2022-12-25 06:36:37 Started transferring input files
	Seconds spent in queue: 1321
...
040 (3396272.023.000) 2022-12-25 06:37:30 Finished transferring input files
...
001 (3396272.023.000) 2022-12-25 06:37:31 Job executing on host: <128.105.69.53:9618?addrs=128.105.69.53-9618+[2607-f388-2200-100-1e6a-7aff-fe21-b70d]-9618&alias=e2377.chtc.wisc.edu&noUDP&sock=startd_7702_8285>
...
006 (3396272.023.000) 2022-12-25 06:37:40 Image size of job updated: 951048
	389  -  MemoryUsage of job (MB)
	397536  -  ResidentSetSize of job (KB)
...
006 (3396272.023.000) 2022-12-25 06:42:41 Image size of job updated: 1414368
	510  -  MemoryUsage of job (MB)
	522232  -  ResidentSetSize of job (KB)
...
006 (3396272.023.000) 2022-12-25 06:47:41 Image size of job updated: 1416916
	513  -  MemoryUsage of job (MB)
	524960  -  ResidentSetSize of job (KB)
...
006 (3396272.023.000) 2022-12-25 06:52:41 Image size of job updated: 1418916
	516  -  MemoryUsage of job (MB)
	528276  -  ResidentSetSize of job (KB)
...
040 (3396272.023.000) 2022-12-25 06:57:14 Started transferring output files
	Seconds spent in queue: 2558
...
040 (3396272.023.000) 2022-12-25 06:57:15 Finished transferring output files
...
005 (3396272.023.000) 2022-12-25 06:57:15 Job terminated.
	(1) Normal termination (return value 0)
		Usr 0 00:05:21, Sys 0 00:01:35  -  Run Remote Usage
		Usr 0 00:00:00, Sys 0 00:00:00  -  Run Local Usage
		Usr 0 00:05:21, Sys 0 00:01:35  -  Total Remote Usage
		Usr 0 00:00:00, Sys 0 00:00:00  -  Total Local Usage
	929736  -  Run Bytes Sent By Job
	328686848  -  Run Bytes Received By Job
	929736  -  Total Bytes Sent By Job
	328686848  -  Total Bytes Received By Job
	Partitionable Resources :     Usage  Request Allocated 
	   Cpus                 :      0.39        1         1 
	   Disk (KB)            : 321959     2097152   2338977 
	   IoHeavy              :                            0 
	   Memory (MB)          :    516        2048      2048 

	Job terminated of its own accord at 2022-12-25T12:57:14Z.
...
