000 (3396272.096.000) 2022-12-25 06:11:14 Job submitted from host: <144.92.180.5:9618?addrs=144.92.180.5-9618+[2607-f388-101c-1000--368]-9618&alias=login02.hep.wisc.edu&noUDP&sock=schedd_3117_94ca>
...
040 (3396272.096.000) 2022-12-25 06:14:48 Entered queue to transfer input files
	Transferring to host: <128.105.68.142:9618?addrs=128.105.68.142-9618+[2607-f388-2200-100-fac2-88ff-fe67-8439]-9618&alias=e2420.chtc.wisc.edu&noUDP&sock=slot1_6_19667_ee39_18968>
...
040 (3396272.096.000) 2022-12-25 06:38:38 Started transferring input files
	Seconds spent in queue: 1430
...
040 (3396272.096.000) 2022-12-25 06:40:59 Finished transferring input files
...
001 (3396272.096.000) 2022-12-25 06:41:00 Job executing on host: <128.105.68.142:9618?addrs=128.105.68.142-9618+[2607-f388-2200-100-fac2-88ff-fe67-8439]-9618&alias=e2420.chtc.wisc.edu&noUDP&sock=startd_7760_4b03>
...
006 (3396272.096.000) 2022-12-25 06:41:09 Image size of job updated: 508280
	388  -  MemoryUsage of job (MB)
	396444  -  ResidentSetSize of job (KB)
...
006 (3396272.096.000) 2022-12-25 06:41:43 Image size of job updated: 1497688
	388  -  MemoryUsage of job (MB)
	396696  -  ResidentSetSize of job (KB)
...
040 (3396272.096.000) 2022-12-25 06:41:44 Started transferring output files
	Seconds spent in queue: 1616
...
040 (3396272.096.000) 2022-12-25 06:41:44 Finished transferring output files
...
005 (3396272.096.000) 2022-12-25 06:41:44 Job terminated.
	(1) Normal termination (return value 0)
		Usr 0 00:00:11, Sys 0 00:00:05  -  Run Remote Usage
		Usr 0 00:00:00, Sys 0 00:00:00  -  Run Local Usage
		Usr 0 00:00:11, Sys 0 00:00:05  -  Total Remote Usage
		Usr 0 00:00:00, Sys 0 00:00:00  -  Total Local Usage
	8934  -  Run Bytes Sent By Job
	328686848  -  Run Bytes Received By Job
	8934  -  Total Bytes Sent By Job
	328686848  -  Total Bytes Received By Job
	Partitionable Resources :    Usage  Request Allocated 
	   Cpus                 :        0        1         1 
	   Disk (KB)            :   321060  2097152   2359880 
	   IoHeavy              :                           0 
	   Memory (MB)          :      388     2048      2048 

	Job terminated of its own accord at 2022-12-25T12:41:43Z.
...
