000 (3396273.248.000) 2022-12-25 06:14:10 Job submitted from host: <144.92.180.5:9618?addrs=144.92.180.5-9618+[2607-f388-101c-1000--368]-9618&alias=login02.hep.wisc.edu&noUDP&sock=schedd_3117_94ca>
...
040 (3396273.248.000) 2022-12-25 06:37:20 Entered queue to transfer input files
	Transferring to host: <128.105.68.228:9618?addrs=128.105.68.228-9618+[2607-f388-2200-100-1e6a-7aff-fe26-728b]-9618&alias=e2315.chtc.wisc.edu&noUDP&sock=slot1_12_14696_694f_14933>
...
040 (3396273.248.000) 2022-12-25 07:11:39 Started transferring input files
	Seconds spent in queue: 2059
...
040 (3396273.248.000) 2022-12-25 07:21:58 Finished transferring input files
...
001 (3396273.248.000) 2022-12-25 07:21:59 Job executing on host: <128.105.68.228:9618?addrs=128.105.68.228-9618+[2607-f388-2200-100-1e6a-7aff-fe26-728b]-9618&alias=e2315.chtc.wisc.edu&noUDP&sock=startd_7598_2cac>
...
006 (3396273.248.000) 2022-12-25 07:22:07 Image size of job updated: 958204
	492  -  MemoryUsage of job (MB)
	502832  -  ResidentSetSize of job (KB)
...
006 (3396273.248.000) 2022-12-25 07:27:07 Image size of job updated: 1440332
	534  -  MemoryUsage of job (MB)
	545820  -  ResidentSetSize of job (KB)
...
006 (3396273.248.000) 2022-12-25 07:30:14 Image size of job updated: 1459792
	534  -  MemoryUsage of job (MB)
	545820  -  ResidentSetSize of job (KB)
...
040 (3396273.248.000) 2022-12-25 07:30:14 Started transferring output files
	Seconds spent in queue: 3174
...
040 (3396273.248.000) 2022-12-25 07:30:15 Finished transferring output files
...
005 (3396273.248.000) 2022-12-25 07:30:15 Job terminated.
	(1) Normal termination (return value 0)
		Usr 0 00:03:15, Sys 0 00:00:21  -  Run Remote Usage
		Usr 0 00:00:00, Sys 0 00:00:00  -  Run Local Usage
		Usr 0 00:03:15, Sys 0 00:00:21  -  Total Remote Usage
		Usr 0 00:00:00, Sys 0 00:00:00  -  Total Local Usage
	1582254  -  Run Bytes Sent By Job
	328686848  -  Run Bytes Received By Job
	1582254  -  Total Bytes Sent By Job
	328686848  -  Total Bytes Received By Job
	Partitionable Resources :     Usage  Request Allocated 
	   Cpus                 :      0.51        1         1 
	   Disk (KB)            : 322596     2097152   2393998 
	   IoHeavy              :                            0 
	   Memory (MB)          :    534        2048      2048 

	Job terminated of its own accord at 2022-12-25T13:30:14Z.
...
