000 (3396273.571.000) 2022-12-25 06:14:13 Job submitted from host: <144.92.180.5:9618?addrs=144.92.180.5-9618+[2607-f388-101c-1000--368]-9618&alias=login02.hep.wisc.edu&noUDP&sock=schedd_3117_94ca>
...
040 (3396273.571.000) 2022-12-25 06:52:07 Entered queue to transfer input files
	Transferring to host: <128.104.58.161:9618?addrs=128.104.58.161-9618+[2607-f388-1086-0-16fe-b5ff-fec6-7be8]-9618&alias=e1013.chtc.wisc.edu&noUDP&sock=slot1_6_5111_e969_25713>
...
040 (3396273.571.000) 2022-12-25 07:28:33 Started transferring input files
	Seconds spent in queue: 2186
...
040 (3396273.571.000) 2022-12-25 07:39:46 Finished transferring input files
...
001 (3396273.571.000) 2022-12-25 07:39:47 Job executing on host: <128.104.58.161:9618?addrs=128.104.58.161-9618+[2607-f388-1086-0-16fe-b5ff-fec6-7be8]-9618&alias=e1013.chtc.wisc.edu&noUDP&sock=startd_10154_60be>
...
006 (3396273.571.000) 2022-12-25 07:39:56 Image size of job updated: 838276
	364  -  MemoryUsage of job (MB)
	372044  -  ResidentSetSize of job (KB)
...
006 (3396273.571.000) 2022-12-25 07:44:58 Image size of job updated: 1478204
	549  -  MemoryUsage of job (MB)
	561784  -  ResidentSetSize of job (KB)
...
006 (3396273.571.000) 2022-12-25 07:49:58 Image size of job updated: 1484984
	549  -  MemoryUsage of job (MB)
	561912  -  ResidentSetSize of job (KB)
...
006 (3396273.571.000) 2022-12-25 07:54:58 Image size of job updated: 1484984
	550  -  MemoryUsage of job (MB)
	562876  -  ResidentSetSize of job (KB)
...
006 (3396273.571.000) 2022-12-25 07:59:58 Image size of job updated: 1484984
	564  -  MemoryUsage of job (MB)
	577016  -  ResidentSetSize of job (KB)
...
006 (3396273.571.000) 2022-12-25 08:04:59 Image size of job updated: 1486596
	567  -  MemoryUsage of job (MB)
	580456  -  ResidentSetSize of job (KB)
...
040 (3396273.571.000) 2022-12-25 08:07:13 Started transferring output files
	Seconds spent in queue: 4506
...
040 (3396273.571.000) 2022-12-25 08:07:13 Finished transferring output files
...
005 (3396273.571.000) 2022-12-25 08:07:13 Job terminated.
	(1) Normal termination (return value 0)
		Usr 0 00:12:19, Sys 0 00:01:17  -  Run Remote Usage
		Usr 0 00:00:00, Sys 0 00:00:00  -  Run Local Usage
		Usr 0 00:12:19, Sys 0 00:01:17  -  Total Remote Usage
		Usr 0 00:00:00, Sys 0 00:00:00  -  Total Local Usage
	1721342  -  Run Bytes Sent By Job
	328686848  -  Run Bytes Received By Job
	1721342  -  Total Bytes Sent By Job
	328686848  -  Total Bytes Received By Job
	Partitionable Resources :     Usage  Request Allocated 
	   Cpus                 :      0.32        1         1 
	   Disk (KB)            : 322732     2097152   2301525 
	   IoHeavy              :                            0 
	   Memory (MB)          :    567        2048      2048 

	Job terminated of its own accord at 2022-12-25T14:07:13Z.
...
