000 (3396272.062.000) 2022-12-25 06:11:14 Job submitted from host: <144.92.180.5:9618?addrs=144.92.180.5-9618+[2607-f388-101c-1000--368]-9618&alias=login02.hep.wisc.edu&noUDP&sock=schedd_3117_94ca>
...
040 (3396272.062.000) 2022-12-25 06:14:51 Entered queue to transfer input files
	Transferring to host: <128.105.68.230:9618?addrs=128.105.68.230-9618+[2607-f388-2200-100-22a-6aff-fee0-da13]-9618&alias=e317.chtc.wisc.edu&noUDP&sock=slot1_9_1059_e944_17971>
...
040 (3396272.062.000) 2022-12-25 06:39:33 Started transferring input files
	Seconds spent in queue: 1482
...
040 (3396272.062.000) 2022-12-25 06:46:11 Finished transferring input files
...
001 (3396272.062.000) 2022-12-25 06:46:12 Job executing on host: <128.105.68.230:9618?addrs=128.105.68.230-9618+[2607-f388-2200-100-22a-6aff-fee0-da13]-9618&alias=e317.chtc.wisc.edu&noUDP&sock=startd_6935_6961>
...
006 (3396272.062.000) 2022-12-25 06:46:21 Image size of job updated: 41128
	16  -  MemoryUsage of job (MB)
	15728  -  ResidentSetSize of job (KB)
...
006 (3396272.062.000) 2022-12-25 06:47:52 Image size of job updated: 1485024
	16  -  MemoryUsage of job (MB)
	15788  -  ResidentSetSize of job (KB)
...
040 (3396272.062.000) 2022-12-25 06:47:52 Started transferring output files
	Seconds spent in queue: 1981
...
040 (3396272.062.000) 2022-12-25 06:47:53 Finished transferring output files
...
005 (3396272.062.000) 2022-12-25 06:47:53 Job terminated.
	(1) Normal termination (return value 0)
		Usr 0 00:00:09, Sys 0 00:00:02  -  Run Remote Usage
		Usr 0 00:00:00, Sys 0 00:00:00  -  Run Local Usage
		Usr 0 00:00:09, Sys 0 00:00:02  -  Total Remote Usage
		Usr 0 00:00:00, Sys 0 00:00:00  -  Total Local Usage
	151764  -  Run Bytes Sent By Job
	328686848  -  Run Bytes Received By Job
	151764  -  Total Bytes Sent By Job
	328686848  -  Total Bytes Received By Job
	Partitionable Resources :     Usage  Request Allocated 
	   Cpus                 :      0.18        1         1 
	   Disk (KB)            : 321199     2097152   2321022 
	   IoHeavy              :                            0 
	   Memory (MB)          :     16        2048      2048 

	Job terminated of its own accord at 2022-12-25T12:47:52Z.
...
