000 (3396273.709.000) 2022-12-25 06:14:14 Job submitted from host: <144.92.180.5:9618?addrs=144.92.180.5-9618+[2607-f388-101c-1000--368]-9618&alias=login02.hep.wisc.edu&noUDP&sock=schedd_3117_94ca>
...
040 (3396273.709.000) 2022-12-25 06:58:56 Entered queue to transfer input files
	Transferring to host: <128.105.69.21:9618?addrs=128.105.69.21-9618+[2607-f388-2200-100-f60f-1bff-fedb-90b]-9618&alias=e343.chtc.wisc.edu&noUDP&sock=slot1_34_6521_6262_18858>
...
040 (3396273.709.000) 2022-12-25 07:35:53 Started transferring input files
	Seconds spent in queue: 2217
...
040 (3396273.709.000) 2022-12-25 07:42:19 Finished transferring input files
...
001 (3396273.709.000) 2022-12-25 07:42:20 Job executing on host: <128.105.69.21:9618?addrs=128.105.69.21-9618+[2607-f388-2200-100-f60f-1bff-fedb-90b]-9618&alias=e343.chtc.wisc.edu&noUDP&sock=startd_6918_c045>
...
006 (3396273.709.000) 2022-12-25 07:42:28 Image size of job updated: 197092
	60  -  MemoryUsage of job (MB)
	61172  -  ResidentSetSize of job (KB)
...
006 (3396273.709.000) 2022-12-25 07:47:28 Image size of job updated: 1491736
	543  -  MemoryUsage of job (MB)
	555896  -  ResidentSetSize of job (KB)
...
006 (3396273.709.000) 2022-12-25 07:52:29 Image size of job updated: 1491736
	560  -  MemoryUsage of job (MB)
	573036  -  ResidentSetSize of job (KB)
...
040 (3396273.709.000) 2022-12-25 08:12:12 Started transferring output files
	Seconds spent in queue: 4396
...
040 (3396273.709.000) 2022-12-25 08:12:12 Finished transferring output files
...
005 (3396273.709.000) 2022-12-25 08:12:12 Job terminated.
	(1) Normal termination (return value 0)
		Usr 0 00:12:55, Sys 0 00:00:36  -  Run Remote Usage
		Usr 0 00:00:00, Sys 0 00:00:00  -  Run Local Usage
		Usr 0 00:12:55, Sys 0 00:00:36  -  Total Remote Usage
		Usr 0 00:00:00, Sys 0 00:00:00  -  Total Local Usage
	1671944  -  Run Bytes Sent By Job
	328686848  -  Run Bytes Received By Job
	1671944  -  Total Bytes Sent By Job
	328686848  -  Total Bytes Received By Job
	Partitionable Resources :     Usage  Request Allocated 
	   Cpus                 :      0.75        1         1 
	   Disk (KB)            : 322684     2097152   2342599 
	   IoHeavy              :                            0 
	   Memory (MB)          :    560        2048      2048 

	Job terminated of its own accord at 2022-12-25T14:12:12Z.
...
