000 (3396273.278.000) 2022-12-25 06:14:11 Job submitted from host: <144.92.180.5:9618?addrs=144.92.180.5-9618+[2607-f388-101c-1000--368]-9618&alias=login02.hep.wisc.edu&noUDP&sock=schedd_3117_94ca>
...
040 (3396273.278.000) 2022-12-25 06:39:04 Entered queue to transfer input files
	Transferring to host: <128.104.58.157:9618?addrs=128.104.58.157-9618+[2607-f388-1086-0-16fe-b5ff-fec6-7582]-9618&alias=e1009.chtc.wisc.edu&noUDP&sock=slot1_32_367_55a8_19714>
...
040 (3396273.278.000) 2022-12-25 07:13:07 Started transferring input files
	Seconds spent in queue: 2043
...
040 (3396273.278.000) 2022-12-25 07:14:31 Finished transferring input files
...
001 (3396273.278.000) 2022-12-25 07:14:32 Job executing on host: <128.104.58.157:9618?addrs=128.104.58.157-9618+[2607-f388-1086-0-16fe-b5ff-fec6-7582]-9618&alias=e1009.chtc.wisc.edu&noUDP&sock=startd_10086_bc4d>
...
006 (3396273.278.000) 2022-12-25 07:14:40 Image size of job updated: 848088
	358  -  MemoryUsage of job (MB)
	365980  -  ResidentSetSize of job (KB)
...
006 (3396273.278.000) 2022-12-25 07:19:40 Image size of job updated: 1442548
	532  -  MemoryUsage of job (MB)
	543984  -  ResidentSetSize of job (KB)
...
006 (3396273.278.000) 2022-12-25 07:24:10 Image size of job updated: 1449516
	532  -  MemoryUsage of job (MB)
	543984  -  ResidentSetSize of job (KB)
...
040 (3396273.278.000) 2022-12-25 07:24:10 Started transferring output files
	Seconds spent in queue: 2706
...
040 (3396273.278.000) 2022-12-25 07:24:11 Finished transferring output files
...
005 (3396273.278.000) 2022-12-25 07:24:11 Job terminated.
	(1) Normal termination (return value 0)
		Usr 0 00:05:27, Sys 0 00:00:27  -  Run Remote Usage
		Usr 0 00:00:00, Sys 0 00:00:00  -  Run Local Usage
		Usr 0 00:05:27, Sys 0 00:00:27  -  Total Remote Usage
		Usr 0 00:00:00, Sys 0 00:00:00  -  Total Local Usage
	1696478  -  Run Bytes Sent By Job
	328686848  -  Run Bytes Received By Job
	1696478  -  Total Bytes Sent By Job
	328686848  -  Total Bytes Received By Job
	Partitionable Resources :     Usage  Request Allocated 
	   Cpus                 :      0.69        1         1 
	   Disk (KB)            : 322708     2097152   2379081 
	   IoHeavy              :                            0 
	   Memory (MB)          :    532        2048      2048 

	Job terminated of its own accord at 2022-12-25T13:24:10Z.
...
