000 (3396273.026.000) 2022-12-25 06:14:09 Job submitted from host: <144.92.180.5:9618?addrs=144.92.180.5-9618+[2607-f388-101c-1000--368]-9618&alias=login02.hep.wisc.edu&noUDP&sock=schedd_3117_94ca>
...
040 (3396273.026.000) 2022-12-25 06:29:16 Entered queue to transfer input files
	Transferring to host: <128.104.58.166:9618?addrs=128.104.58.166-9618+[2607-f388-1086-0-16fe-b5ff-fec6-6f2e]-9618&alias=e1018.chtc.wisc.edu&noUDP&sock=slot1_27_16343_df32_17249>
...
040 (3396273.026.000) 2022-12-25 07:00:44 Started transferring input files
	Seconds spent in queue: 1888
...
040 (3396273.026.000) 2022-12-25 07:07:28 Finished transferring input files
...
001 (3396273.026.000) 2022-12-25 07:07:29 Job executing on host: <128.104.58.166:9618?addrs=128.104.58.166-9618+[2607-f388-1086-0-16fe-b5ff-fec6-6f2e]-9618&alias=e1018.chtc.wisc.edu&noUDP&sock=startd_10204_ac7a>
...
006 (3396273.026.000) 2022-12-25 07:07:37 Image size of job updated: 854096
	360  -  MemoryUsage of job (MB)
	367904  -  ResidentSetSize of job (KB)
...
006 (3396273.026.000) 2022-12-25 07:08:02 Image size of job updated: 1352480
	360  -  MemoryUsage of job (MB)
	367980  -  ResidentSetSize of job (KB)
...
040 (3396273.026.000) 2022-12-25 07:08:03 Started transferring output files
	Seconds spent in queue: 2327
...
040 (3396273.026.000) 2022-12-25 07:08:03 Finished transferring output files
...
005 (3396273.026.000) 2022-12-25 07:08:03 Job terminated.
	(1) Normal termination (return value 0)
		Usr 0 00:00:19, Sys 0 00:00:03  -  Run Remote Usage
		Usr 0 00:00:00, Sys 0 00:00:00  -  Run Local Usage
		Usr 0 00:00:19, Sys 0 00:00:03  -  Total Remote Usage
		Usr 0 00:00:00, Sys 0 00:00:00  -  Total Local Usage
	11098  -  Run Bytes Sent By Job
	328686848  -  Run Bytes Received By Job
	11098  -  Total Bytes Sent By Job
	328686848  -  Total Bytes Received By Job
	Partitionable Resources :     Usage  Request Allocated 
	   Cpus                 :      0.57        1         1 
	   Disk (KB)            : 321062     2097152   2304687 
	   IoHeavy              :                            0 
	   Memory (MB)          :    360        2048      2048 

	Job terminated of its own accord at 2022-12-25T13:08:02Z.
...
