000 (3396273.057.000) 2022-12-25 06:14:09 Job submitted from host: <144.92.180.5:9618?addrs=144.92.180.5-9618+[2607-f388-101c-1000--368]-9618&alias=login02.hep.wisc.edu&noUDP&sock=schedd_3117_94ca>
...
040 (3396273.057.000) 2022-12-25 06:30:21 Entered queue to transfer input files
	Transferring to host: <128.104.58.176:9618?addrs=128.104.58.176-9618+[2607-f388-1086-0-16fe-b5ff-fec6-7498]-9618&alias=e1031.chtc.wisc.edu&noUDP&sock=slot1_5_30363_3aec_26114>
...
040 (3396273.057.000) 2022-12-25 07:02:30 Started transferring input files
	Seconds spent in queue: 1929
...
040 (3396273.057.000) 2022-12-25 07:05:15 Finished transferring input files
...
001 (3396273.057.000) 2022-12-25 07:05:16 Job executing on host: <128.104.58.176:9618?addrs=128.104.58.176-9618+[2607-f388-1086-0-16fe-b5ff-fec6-7498]-9618&alias=e1031.chtc.wisc.edu&noUDP&sock=startd_10250_39d5>
...
006 (3396273.057.000) 2022-12-25 07:05:24 Image size of job updated: 523928
	360  -  MemoryUsage of job (MB)
	367620  -  ResidentSetSize of job (KB)
...
006 (3396273.057.000) 2022-12-25 07:06:11 Image size of job updated: 1360524
	360  -  MemoryUsage of job (MB)
	367680  -  ResidentSetSize of job (KB)
...
040 (3396273.057.000) 2022-12-25 07:06:11 Started transferring output files
	Seconds spent in queue: 2150
...
040 (3396273.057.000) 2022-12-25 07:06:11 Finished transferring output files
...
005 (3396273.057.000) 2022-12-25 07:06:12 Job terminated.
	(1) Normal termination (return value 0)
		Usr 0 00:00:25, Sys 0 00:00:04  -  Run Remote Usage
		Usr 0 00:00:00, Sys 0 00:00:00  -  Run Local Usage
		Usr 0 00:00:25, Sys 0 00:00:04  -  Total Remote Usage
		Usr 0 00:00:00, Sys 0 00:00:00  -  Total Local Usage
	705755  -  Run Bytes Sent By Job
	328686848  -  Run Bytes Received By Job
	705755  -  Total Bytes Sent By Job
	328686848  -  Total Bytes Received By Job
	Partitionable Resources :     Usage  Request Allocated 
	   Cpus                 :      0.03        1         1 
	   Disk (KB)            : 321740     2097152   2340581 
	   IoHeavy              :                            0 
	   Memory (MB)          :    360        2048      2048 

	Job terminated of its own accord at 2022-12-25T13:06:11Z.
...
