000 (3396273.047.000) 2022-12-25 06:14:09 Job submitted from host: <144.92.180.5:9618?addrs=144.92.180.5-9618+[2607-f388-101c-1000--368]-9618&alias=login02.hep.wisc.edu&noUDP&sock=schedd_3117_94ca>
...
040 (3396273.047.000) 2022-12-25 06:29:49 Entered queue to transfer input files
	Transferring to host: <128.105.69.46:9618?addrs=128.105.69.46-9618+[2607-f388-2200-100-1e6a-7aff-fe21-b2bb]-9618&alias=e2370.chtc.wisc.edu&noUDP&sock=slot1_32_2955_d091_20844>
...
040 (3396273.047.000) 2022-12-25 07:01:48 Started transferring input files
	Seconds spent in queue: 1919
...
040 (3396273.047.000) 2022-12-25 07:10:59 Finished transferring input files
...
001 (3396273.047.000) 2022-12-25 07:11:00 Job executing on host: <128.105.69.46:9618?addrs=128.105.69.46-9618+[2607-f388-2200-100-1e6a-7aff-fe21-b2bb]-9618&alias=e2370.chtc.wisc.edu&noUDP&sock=startd_7624_0222>
...
006 (3396273.047.000) 2022-12-25 07:11:08 Image size of job updated: 1016588
	373  -  MemoryUsage of job (MB)
	381176  -  ResidentSetSize of job (KB)
...
006 (3396273.047.000) 2022-12-25 07:11:37 Image size of job updated: 1351828
	373  -  MemoryUsage of job (MB)
	381176  -  ResidentSetSize of job (KB)
...
040 (3396273.047.000) 2022-12-25 07:11:37 Started transferring output files
	Seconds spent in queue: 2508
...
040 (3396273.047.000) 2022-12-25 07:11:37 Finished transferring output files
...
005 (3396273.047.000) 2022-12-25 07:11:37 Job terminated.
	(1) Normal termination (return value 0)
		Usr 0 00:00:16, Sys 0 00:00:04  -  Run Remote Usage
		Usr 0 00:00:00, Sys 0 00:00:00  -  Run Local Usage
		Usr 0 00:00:16, Sys 0 00:00:04  -  Total Remote Usage
		Usr 0 00:00:00, Sys 0 00:00:00  -  Total Local Usage
	9507  -  Run Bytes Sent By Job
	328686848  -  Run Bytes Received By Job
	9507  -  Total Bytes Sent By Job
	328686848  -  Total Bytes Received By Job
	Partitionable Resources :     Usage  Request Allocated 
	   Cpus                 :      0.02        1         1 
	   Disk (KB)            : 321060     2097152   2337401 
	   IoHeavy              :                            0 
	   Memory (MB)          :    373        2048      2048 

	Job terminated of its own accord at 2022-12-25T13:11:37Z.
...
