000 (3396273.524.000) 2022-12-25 06:14:13 Job submitted from host: <144.92.180.5:9618?addrs=144.92.180.5-9618+[2607-f388-101c-1000--368]-9618&alias=login02.hep.wisc.edu&noUDP&sock=schedd_3117_94ca>
...
040 (3396273.524.000) 2022-12-25 06:48:54 Entered queue to transfer input files
	Transferring to host: <128.105.69.26:9618?addrs=128.105.69.26-9618+[2607-f388-2200-100-1e6a-7aff-fe26-c159]-9618&alias=e348.chtc.wisc.edu&noUDP&sock=slot1_28_34576_ab77_26477>
...
040 (3396273.524.000) 2022-12-25 07:26:00 Started transferring input files
	Seconds spent in queue: 2226
...
040 (3396273.524.000) 2022-12-25 07:42:26 Finished transferring input files
...
001 (3396273.524.000) 2022-12-25 07:42:27 Job executing on host: <128.105.69.26:9618?addrs=128.105.69.26-9618+[2607-f388-2200-100-1e6a-7aff-fe26-c159]-9618&alias=e348.chtc.wisc.edu&noUDP&sock=startd_2921_243a>
...
006 (3396273.524.000) 2022-12-25 07:42:36 Image size of job updated: 46772
	21  -  MemoryUsage of job (MB)
	20996  -  ResidentSetSize of job (KB)
...
006 (3396273.524.000) 2022-12-25 07:47:36 Image size of job updated: 1479124
	559  -  MemoryUsage of job (MB)
	571676  -  ResidentSetSize of job (KB)
...
006 (3396273.524.000) 2022-12-25 07:52:37 Image size of job updated: 1483216
	563  -  MemoryUsage of job (MB)
	575824  -  ResidentSetSize of job (KB)
...
040 (3396273.524.000) 2022-12-25 07:54:55 Started transferring output files
	Seconds spent in queue: 3961
...
040 (3396273.524.000) 2022-12-25 07:54:55 Finished transferring output files
...
005 (3396273.524.000) 2022-12-25 07:54:55 Job terminated.
	(1) Normal termination (return value 0)
		Usr 0 00:03:38, Sys 0 00:00:09  -  Run Remote Usage
		Usr 0 00:00:00, Sys 0 00:00:00  -  Run Local Usage
		Usr 0 00:03:38, Sys 0 00:00:09  -  Total Remote Usage
		Usr 0 00:00:00, Sys 0 00:00:00  -  Total Local Usage
	1586581  -  Run Bytes Sent By Job
	328686848  -  Run Bytes Received By Job
	1586581  -  Total Bytes Sent By Job
	328686848  -  Total Bytes Received By Job
	Partitionable Resources :     Usage  Request Allocated 
	   Cpus                 :      0.45        1         1 
	   Disk (KB)            : 322601     2097152   2321418 
	   IoHeavy              :                            0 
	   Memory (MB)          :    563        2048      2048 

	Job terminated of its own accord at 2022-12-25T13:54:55Z.
...
