000 (3396273.402.000) 2022-12-25 06:14:12 Job submitted from host: <144.92.180.5:9618?addrs=144.92.180.5-9618+[2607-f388-101c-1000--368]-9618&alias=login02.hep.wisc.edu&noUDP&sock=schedd_3117_94ca>
...
040 (3396273.402.000) 2022-12-25 06:43:55 Entered queue to transfer input files
	Transferring to host: <128.104.101.114:9618?addrs=128.104.101.114-9618+[2607-f388-107c-501-1e6a-7aff-fe21-9f47]-9618&alias=e0381.chtc.wisc.edu&noUDP&sock=slot1_7_12549_a7d7_25261>
...
040 (3396273.402.000) 2022-12-25 07:18:59 Started transferring input files
	Seconds spent in queue: 2104
...
040 (3396273.402.000) 2022-12-25 07:19:23 Finished transferring input files
...
001 (3396273.402.000) 2022-12-25 07:19:24 Job executing on host: <128.104.101.114:9618?addrs=128.104.101.114-9618+[2607-f388-107c-501-1e6a-7aff-fe21-9f47]-9618&alias=e0381.chtc.wisc.edu&noUDP&sock=startd_7223_f4a8>
...
006 (3396273.402.000) 2022-12-25 07:19:33 Image size of job updated: 486612
	373  -  MemoryUsage of job (MB)
	381400  -  ResidentSetSize of job (KB)
...
006 (3396273.402.000) 2022-12-25 07:24:35 Image size of job updated: 1467252
	540  -  MemoryUsage of job (MB)
	552920  -  ResidentSetSize of job (KB)
...
006 (3396273.402.000) 2022-12-25 07:29:35 Image size of job updated: 1481784
	546  -  MemoryUsage of job (MB)
	558880  -  ResidentSetSize of job (KB)
...
006 (3396273.402.000) 2022-12-25 07:31:27 Image size of job updated: 1482292
	546  -  MemoryUsage of job (MB)
	558880  -  ResidentSetSize of job (KB)
...
040 (3396273.402.000) 2022-12-25 07:31:27 Started transferring output files
	Seconds spent in queue: 2852
...
040 (3396273.402.000) 2022-12-25 07:31:28 Finished transferring output files
...
005 (3396273.402.000) 2022-12-25 07:31:28 Job terminated.
	(1) Normal termination (return value 0)
		Usr 0 00:06:18, Sys 0 00:00:32  -  Run Remote Usage
		Usr 0 00:00:00, Sys 0 00:00:00  -  Run Local Usage
		Usr 0 00:06:18, Sys 0 00:00:32  -  Total Remote Usage
		Usr 0 00:00:00, Sys 0 00:00:00  -  Total Local Usage
	1637506  -  Run Bytes Sent By Job
	328686848  -  Run Bytes Received By Job
	1637506  -  Total Bytes Sent By Job
	328686848  -  Total Bytes Received By Job
	Partitionable Resources :     Usage  Request Allocated 
	   Cpus                 :      0.73        1         1 
	   Disk (KB)            : 322650     2097152   2346153 
	   IoHeavy              :                            0 
	   Memory (MB)          :    546        2048      2048 

	Job terminated of its own accord at 2022-12-25T13:31:27Z.
...
