000 (3396273.183.000) 2022-12-25 06:14:10 Job submitted from host: <144.92.180.5:9618?addrs=144.92.180.5-9618+[2607-f388-101c-1000--368]-9618&alias=login02.hep.wisc.edu&noUDP&sock=schedd_3117_94ca>
...
040 (3396273.183.000) 2022-12-25 06:34:22 Entered queue to transfer input files
	Transferring to host: <128.105.69.71:9618?addrs=128.105.69.71-9618+[2607-f388-2200-100-1e6a-7aff-fe26-da35]-9618&alias=e2400.chtc.wisc.edu&noUDP&sock=slot1_12_18524_956a_21558>
...
040 (3396273.183.000) 2022-12-25 07:08:17 Started transferring input files
	Seconds spent in queue: 2035
...
040 (3396273.183.000) 2022-12-25 07:10:02 Finished transferring input files
...
001 (3396273.183.000) 2022-12-25 07:10:03 Job executing on host: <128.105.69.71:9618?addrs=128.105.69.71-9618+[2607-f388-2200-100-1e6a-7aff-fe26-da35]-9618&alias=e2400.chtc.wisc.edu&noUDP&sock=startd_7544_228e>
...
006 (3396273.183.000) 2022-12-25 07:10:11 Image size of job updated: 197092
	74  -  MemoryUsage of job (MB)
	75000  -  ResidentSetSize of job (KB)
...
006 (3396273.183.000) 2022-12-25 07:15:11 Image size of job updated: 1496220
	572  -  MemoryUsage of job (MB)
	584956  -  ResidentSetSize of job (KB)
...
006 (3396273.183.000) 2022-12-25 07:20:12 Image size of job updated: 1496220
	572  -  MemoryUsage of job (MB)
	585244  -  ResidentSetSize of job (KB)
...
006 (3396273.183.000) 2022-12-25 07:25:12 Image size of job updated: 1499364
	581  -  MemoryUsage of job (MB)
	593980  -  ResidentSetSize of job (KB)
...
006 (3396273.183.000) 2022-12-25 07:50:14 Image size of job updated: 1503660
	581  -  MemoryUsage of job (MB)
	593980  -  ResidentSetSize of job (KB)
...
040 (3396273.183.000) 2022-12-25 08:08:49 Started transferring output files
	Seconds spent in queue: 5667
...
040 (3396273.183.000) 2022-12-25 08:08:49 Finished transferring output files
...
005 (3396273.183.000) 2022-12-25 08:08:50 Job terminated.
	(1) Normal termination (return value 0)
		Usr 0 00:15:59, Sys 0 00:01:11  -  Run Remote Usage
		Usr 0 00:00:00, Sys 0 00:00:00  -  Run Local Usage
		Usr 0 00:15:59, Sys 0 00:01:11  -  Total Remote Usage
		Usr 0 00:00:00, Sys 0 00:00:00  -  Total Local Usage
	1678447  -  Run Bytes Sent By Job
	328686848  -  Run Bytes Received By Job
	1678447  -  Total Bytes Sent By Job
	328686848  -  Total Bytes Received By Job
	Partitionable Resources :     Usage  Request Allocated 
	   Cpus                 :      0.51        1         1 
	   Disk (KB)            : 322690     2097152   2338844 
	   IoHeavy              :                            0 
	   Memory (MB)          :    581        2048      2048 

	Job terminated of its own accord at 2022-12-25T14:08:49Z.
...
