000 (3396273.400.000) 2022-12-25 06:14:12 Job submitted from host: <144.92.180.5:9618?addrs=144.92.180.5-9618+[2607-f388-101c-1000--368]-9618&alias=login02.hep.wisc.edu&noUDP&sock=schedd_3117_94ca>
...
040 (3396273.400.000) 2022-12-25 06:43:50 Entered queue to transfer input files
	Transferring to host: <128.105.69.51:9618?addrs=128.105.69.51-9618+[2607-f388-2200-100-1e6a-7aff-fe26-37a3]-9618&alias=e2375.chtc.wisc.edu&noUDP&sock=slot1_7_6015_dc8e_19790>
...
040 (3396273.400.000) 2022-12-25 07:18:59 Started transferring input files
	Seconds spent in queue: 2109
...
040 (3396273.400.000) 2022-12-25 07:28:28 Finished transferring input files
...
001 (3396273.400.000) 2022-12-25 07:28:29 Job executing on host: <128.105.69.51:9618?addrs=128.105.69.51-9618+[2607-f388-2200-100-1e6a-7aff-fe26-37a3]-9618&alias=e2375.chtc.wisc.edu&noUDP&sock=startd_7688_e832>
...
006 (3396273.400.000) 2022-12-25 07:28:37 Image size of job updated: 556240
	373  -  MemoryUsage of job (MB)
	381172  -  ResidentSetSize of job (KB)
...
006 (3396273.400.000) 2022-12-25 07:33:37 Image size of job updated: 1482396
	540  -  MemoryUsage of job (MB)
	552752  -  ResidentSetSize of job (KB)
...
006 (3396273.400.000) 2022-12-25 07:38:37 Image size of job updated: 1482396
	541  -  MemoryUsage of job (MB)
	552964  -  ResidentSetSize of job (KB)
...
006 (3396273.400.000) 2022-12-25 07:43:38 Image size of job updated: 1482396
	541  -  MemoryUsage of job (MB)
	553148  -  ResidentSetSize of job (KB)
...
040 (3396273.400.000) 2022-12-25 07:47:02 Started transferring output files
	Seconds spent in queue: 3792
...
040 (3396273.400.000) 2022-12-25 07:47:03 Finished transferring output files
...
005 (3396273.400.000) 2022-12-25 07:47:03 Job terminated.
	(1) Normal termination (return value 0)
		Usr 0 00:07:50, Sys 0 00:00:38  -  Run Remote Usage
		Usr 0 00:00:00, Sys 0 00:00:00  -  Run Local Usage
		Usr 0 00:07:50, Sys 0 00:00:38  -  Total Remote Usage
		Usr 0 00:00:00, Sys 0 00:00:00  -  Total Local Usage
	1637506  -  Run Bytes Sent By Job
	328686848  -  Run Bytes Received By Job
	1637506  -  Total Bytes Sent By Job
	328686848  -  Total Bytes Received By Job
	Partitionable Resources :     Usage  Request Allocated 
	   Cpus                 :      0.57        1         1 
	   Disk (KB)            : 322650     2097152   2345517 
	   IoHeavy              :                            0 
	   Memory (MB)          :    541        2048      2048 

	Job terminated of its own accord at 2022-12-25T13:47:02Z.
...
