000 (3396273.559.000) 2022-12-25 06:14:13 Job submitted from host: <144.92.180.5:9618?addrs=144.92.180.5-9618+[2607-f388-101c-1000--368]-9618&alias=login02.hep.wisc.edu&noUDP&sock=schedd_3117_94ca>
...
040 (3396273.559.000) 2022-12-25 06:51:26 Entered queue to transfer input files
	Transferring to host: <128.105.68.147:9618?addrs=128.105.68.147-9618+[2607-f388-2200-100-1e6a-7aff-fe26-c519]-9618&alias=e2412.chtc.wisc.edu&noUDP&sock=slot1_27_11498_218d_22748>
...
040 (3396273.559.000) 2022-12-25 07:27:49 Started transferring input files
	Seconds spent in queue: 2183
...
040 (3396273.559.000) 2022-12-25 07:29:23 Finished transferring input files
...
001 (3396273.559.000) 2022-12-25 07:29:24 Job executing on host: <128.105.68.147:9618?addrs=128.105.68.147-9618+[2607-f388-2200-100-1e6a-7aff-fe26-c519]-9618&alias=e2412.chtc.wisc.edu&noUDP&sock=startd_7723_ea02>
...
006 (3396273.559.000) 2022-12-25 07:29:32 Image size of job updated: 202580
	16  -  MemoryUsage of job (MB)
	16224  -  ResidentSetSize of job (KB)
...
006 (3396273.559.000) 2022-12-25 07:34:32 Image size of job updated: 1476904
	538  -  MemoryUsage of job (MB)
	550608  -  ResidentSetSize of job (KB)
...
006 (3396273.559.000) 2022-12-25 07:39:33 Image size of job updated: 1487804
	540  -  MemoryUsage of job (MB)
	552888  -  ResidentSetSize of job (KB)
...
006 (3396273.559.000) 2022-12-25 07:44:33 Image size of job updated: 1488416
	559  -  MemoryUsage of job (MB)
	572352  -  ResidentSetSize of job (KB)
...
040 (3396273.559.000) 2022-12-25 07:54:25 Started transferring output files
	Seconds spent in queue: 3779
...
040 (3396273.559.000) 2022-12-25 07:54:25 Finished transferring output files
...
005 (3396273.559.000) 2022-12-25 07:54:26 Job terminated.
	(1) Normal termination (return value 0)
		Usr 0 00:05:47, Sys 0 00:00:18  -  Run Remote Usage
		Usr 0 00:00:00, Sys 0 00:00:00  -  Run Local Usage
		Usr 0 00:05:47, Sys 0 00:00:18  -  Total Remote Usage
		Usr 0 00:00:00, Sys 0 00:00:00  -  Total Local Usage
	1634829  -  Run Bytes Sent By Job
	328686848  -  Run Bytes Received By Job
	1634829  -  Total Bytes Sent By Job
	328686848  -  Total Bytes Received By Job
	Partitionable Resources :     Usage  Request Allocated 
	   Cpus                 :      0.09        1         1 
	   Disk (KB)            : 322648     2097152   2338032 
	   IoHeavy              :                            0 
	   Memory (MB)          :    559        2048      2048 

	Job terminated of its own accord at 2022-12-25T13:54:25Z.
...
