000 (3396272.233.000) 2022-12-25 06:11:15 Job submitted from host: <144.92.180.5:9618?addrs=144.92.180.5-9618+[2607-f388-101c-1000--368]-9618&alias=login02.hep.wisc.edu&noUDP&sock=schedd_3117_94ca>
...
040 (3396272.233.000) 2022-12-25 06:18:19 Entered queue to transfer input files
	Transferring to host: <128.105.69.26:9618?addrs=128.105.69.26-9618+[2607-f388-2200-100-1e6a-7aff-fe26-c159]-9618&alias=e348.chtc.wisc.edu&noUDP&sock=slot1_24_34576_ab77_26391>
...
040 (3396272.233.000) 2022-12-25 06:46:55 Started transferring input files
	Seconds spent in queue: 1716
...
040 (3396272.233.000) 2022-12-25 06:48:53 Finished transferring input files
...
001 (3396272.233.000) 2022-12-25 06:48:54 Job executing on host: <128.105.69.26:9618?addrs=128.105.69.26-9618+[2607-f388-2200-100-1e6a-7aff-fe26-c159]-9618&alias=e348.chtc.wisc.edu&noUDP&sock=startd_2921_243a>
...
006 (3396272.233.000) 2022-12-25 06:49:03 Image size of job updated: 132364
	69  -  MemoryUsage of job (MB)
	70236  -  ResidentSetSize of job (KB)
...
006 (3396272.233.000) 2022-12-25 06:54:04 Image size of job updated: 1411896
	503  -  MemoryUsage of job (MB)
	514908  -  ResidentSetSize of job (KB)
...
006 (3396272.233.000) 2022-12-25 06:59:05 Image size of job updated: 1416896
	511  -  MemoryUsage of job (MB)
	523224  -  ResidentSetSize of job (KB)
...
006 (3396272.233.000) 2022-12-25 07:04:05 Image size of job updated: 1416896
	512  -  MemoryUsage of job (MB)
	523324  -  ResidentSetSize of job (KB)
...
040 (3396272.233.000) 2022-12-25 07:06:11 Started transferring output files
	Seconds spent in queue: 2872
...
040 (3396272.233.000) 2022-12-25 07:06:11 Finished transferring output files
...
005 (3396272.233.000) 2022-12-25 07:06:12 Job terminated.
	(1) Normal termination (return value 0)
		Usr 0 00:03:27, Sys 0 00:00:15  -  Run Remote Usage
		Usr 0 00:00:00, Sys 0 00:00:00  -  Run Local Usage
		Usr 0 00:03:27, Sys 0 00:00:15  -  Total Remote Usage
		Usr 0 00:00:00, Sys 0 00:00:00  -  Total Local Usage
	9195  -  Run Bytes Sent By Job
	328686848  -  Run Bytes Received By Job
	9195  -  Total Bytes Sent By Job
	328686848  -  Total Bytes Received By Job
	Partitionable Resources :     Usage  Request Allocated 
	   Cpus                 :      0.29        1         1 
	   Disk (KB)            : 321060     2097152   2321418 
	   IoHeavy              :                            0 
	   Memory (MB)          :    512        2048      2048 

	Job terminated of its own accord at 2022-12-25T13:06:11Z.
...
