000 (3396273.569.000) 2022-12-25 06:14:13 Job submitted from host: <144.92.180.5:9618?addrs=144.92.180.5-9618+[2607-f388-101c-1000--368]-9618&alias=login02.hep.wisc.edu&noUDP&sock=schedd_3117_94ca>
...
040 (3396273.569.000) 2022-12-25 06:52:06 Entered queue to transfer input files
	Transferring to host: <128.105.244.36:9618?addrs=128.105.244.36-9618&alias=e3167.chtc.wisc.edu&noUDP&sock=slot1_6_19030_1b3f_19776>
...
040 (3396273.569.000) 2022-12-25 07:28:29 Started transferring input files
	Seconds spent in queue: 2183
...
040 (3396273.569.000) 2022-12-25 07:32:06 Finished transferring input files
...
001 (3396273.569.000) 2022-12-25 07:32:07 Job executing on host: <128.105.244.36:9618?addrs=128.105.244.36-9618&alias=e3167.chtc.wisc.edu&noUDP&sock=startd_6409_9e90>
...
006 (3396273.569.000) 2022-12-25 07:32:15 Image size of job updated: 502036
	358  -  MemoryUsage of job (MB)
	366256  -  ResidentSetSize of job (KB)
...
006 (3396273.569.000) 2022-12-25 07:37:15 Image size of job updated: 1489628
	541  -  MemoryUsage of job (MB)
	553304  -  ResidentSetSize of job (KB)
...
006 (3396273.569.000) 2022-12-25 07:42:16 Image size of job updated: 1489628
	567  -  MemoryUsage of job (MB)
	580204  -  ResidentSetSize of job (KB)
...
040 (3396273.569.000) 2022-12-25 07:54:17 Started transferring output files
	Seconds spent in queue: 3731
...
040 (3396273.569.000) 2022-12-25 07:54:17 Finished transferring output files
...
005 (3396273.569.000) 2022-12-25 07:54:17 Job terminated.
	(1) Normal termination (return value 0)
		Usr 0 00:14:49, Sys 0 00:01:05  -  Run Remote Usage
		Usr 0 00:00:00, Sys 0 00:00:00  -  Run Local Usage
		Usr 0 00:14:49, Sys 0 00:01:05  -  Total Remote Usage
		Usr 0 00:00:00, Sys 0 00:00:00  -  Total Local Usage
	1790127  -  Run Bytes Sent By Job
	328686848  -  Run Bytes Received By Job
	1790127  -  Total Bytes Sent By Job
	328686848  -  Total Bytes Received By Job
	Partitionable Resources :     Usage  Request Allocated 
	   Cpus                 :      0.69        1         1 
	   Disk (KB)            : 322798     2097152   5467564 
	   IoHeavy              :                            0 
	   Memory (MB)          :    567        2048      2048 

	Job terminated of its own accord at 2022-12-25T13:54:16Z.
...
