000 (3396272.232.000) 2022-12-25 06:11:15 Job submitted from host: <144.92.180.5:9618?addrs=144.92.180.5-9618+[2607-f388-101c-1000--368]-9618&alias=login02.hep.wisc.edu&noUDP&sock=schedd_3117_94ca>
...
040 (3396272.232.000) 2022-12-25 06:18:17 Entered queue to transfer input files
	Transferring to host: <128.105.69.70:9618?addrs=128.105.69.70-9618+[2607-f388-2200-100-1e6a-7aff-fe26-3183]-9618&alias=e2399.chtc.wisc.edu&noUDP&sock=slot1_31_31214_d62e_16647>
...
040 (3396272.232.000) 2022-12-25 06:46:49 Started transferring input files
	Seconds spent in queue: 1712
...
040 (3396272.232.000) 2022-12-25 06:54:18 Finished transferring input files
...
001 (3396272.232.000) 2022-12-25 06:54:19 Job executing on host: <128.105.69.70:9618?addrs=128.105.69.70-9618+[2607-f388-2200-100-1e6a-7aff-fe26-3183]-9618&alias=e2399.chtc.wisc.edu&noUDP&sock=startd_7504_b2c5>
...
006 (3396272.232.000) 2022-12-25 06:54:27 Image size of job updated: 199672
	16  -  MemoryUsage of job (MB)
	15548  -  ResidentSetSize of job (KB)
...
006 (3396272.232.000) 2022-12-25 06:59:27 Image size of job updated: 1414812
	506  -  MemoryUsage of job (MB)
	518112  -  ResidentSetSize of job (KB)
...
006 (3396272.232.000) 2022-12-25 07:04:28 Image size of job updated: 1418064
	510  -  MemoryUsage of job (MB)
	521436  -  ResidentSetSize of job (KB)
...
006 (3396272.232.000) 2022-12-25 07:09:28 Image size of job updated: 1418064
	511  -  MemoryUsage of job (MB)
	522396  -  ResidentSetSize of job (KB)
...
040 (3396272.232.000) 2022-12-25 07:10:44 Started transferring output files
	Seconds spent in queue: 3147
...
040 (3396272.232.000) 2022-12-25 07:10:44 Finished transferring output files
...
005 (3396272.232.000) 2022-12-25 07:10:45 Job terminated.
	(1) Normal termination (return value 0)
		Usr 0 00:03:18, Sys 0 00:00:11  -  Run Remote Usage
		Usr 0 00:00:00, Sys 0 00:00:00  -  Run Local Usage
		Usr 0 00:03:18, Sys 0 00:00:11  -  Total Remote Usage
		Usr 0 00:00:00, Sys 0 00:00:00  -  Total Local Usage
	9266  -  Run Bytes Sent By Job
	328686848  -  Run Bytes Received By Job
	9266  -  Total Bytes Sent By Job
	328686848  -  Total Bytes Received By Job
	Partitionable Resources :     Usage  Request Allocated 
	   Cpus                 :      0.34        1         1 
	   Disk (KB)            : 321060     2097152   2330087 
	   IoHeavy              :                            0 
	   Memory (MB)          :    511        2048      2048 

	Job terminated of its own accord at 2022-12-25T13:10:44Z.
...
