000 (3396272.159.000) 2022-12-25 06:11:14 Job submitted from host: <144.92.180.5:9618?addrs=144.92.180.5-9618+[2607-f388-101c-1000--368]-9618&alias=login02.hep.wisc.edu&noUDP&sock=schedd_3117_94ca>
...
040 (3396272.159.000) 2022-12-25 06:15:08 Entered queue to transfer input files
	Transferring to host: <128.104.58.180:9618?addrs=128.104.58.180-9618+[2607-f388-1086-0-16fe-b5ff-fec6-779e]-9618&alias=e1036.chtc.wisc.edu&noUDP&sock=slot1_26_29657_ca0f_16741>
...
040 (3396272.159.000) 2022-12-25 06:43:11 Started transferring input files
	Seconds spent in queue: 1683
...
040 (3396272.159.000) 2022-12-25 06:44:38 Finished transferring input files
...
001 (3396272.159.000) 2022-12-25 06:44:39 Job executing on host: <128.104.58.180:9618?addrs=128.104.58.180-9618+[2607-f388-1086-0-16fe-b5ff-fec6-779e]-9618&alias=e1036.chtc.wisc.edu&noUDP&sock=startd_7966_9786>
...
006 (3396272.159.000) 2022-12-25 06:44:49 Image size of job updated: 915824
	361  -  MemoryUsage of job (MB)
	368972  -  ResidentSetSize of job (KB)
...
006 (3396272.159.000) 2022-12-25 06:45:47 Image size of job updated: 1422568
	361  -  MemoryUsage of job (MB)
	369072  -  ResidentSetSize of job (KB)
...
040 (3396272.159.000) 2022-12-25 06:45:47 Started transferring output files
	Seconds spent in queue: 1839
...
040 (3396272.159.000) 2022-12-25 06:45:47 Finished transferring output files
...
005 (3396272.159.000) 2022-12-25 06:45:47 Job terminated.
	(1) Normal termination (return value 0)
		Usr 0 00:00:23, Sys 0 00:00:08  -  Run Remote Usage
		Usr 0 00:00:00, Sys 0 00:00:00  -  Run Local Usage
		Usr 0 00:00:23, Sys 0 00:00:08  -  Total Remote Usage
		Usr 0 00:00:00, Sys 0 00:00:00  -  Total Local Usage
	726455  -  Run Bytes Sent By Job
	328686848  -  Run Bytes Received By Job
	726455  -  Total Bytes Sent By Job
	328686848  -  Total Bytes Received By Job
	Partitionable Resources :     Usage  Request Allocated 
	   Cpus                 :      0.04        1         1 
	   Disk (KB)            : 321760     2097152   2379588 
	   IoHeavy              :                            0 
	   Memory (MB)          :    361        2048      2048 

	Job terminated of its own accord at 2022-12-25T12:45:47Z.
...
