000 (3396273.303.000) 2022-12-25 06:14:11 Job submitted from host: <144.92.180.5:9618?addrs=144.92.180.5-9618+[2607-f388-101c-1000--368]-9618&alias=login02.hep.wisc.edu&noUDP&sock=schedd_3117_94ca>
...
040 (3396273.303.000) 2022-12-25 06:40:08 Entered queue to transfer input files
	Transferring to host: <128.105.69.36:9618?addrs=128.105.69.36-9618+[2607-f388-2200-100-1e6a-7aff-fe26-b5c3]-9618&alias=e2358.chtc.wisc.edu&noUDP&sock=slot1_32_27120_3e48_15733>
...
040 (3396273.303.000) 2022-12-25 07:13:57 Started transferring input files
	Seconds spent in queue: 2029
...
040 (3396273.303.000) 2022-12-25 07:27:46 Finished transferring input files
...
001 (3396273.303.000) 2022-12-25 07:27:47 Job executing on host: <128.105.69.36:9618?addrs=128.105.69.36-9618+[2607-f388-2200-100-1e6a-7aff-fe26-b5c3]-9618&alias=e2358.chtc.wisc.edu&noUDP&sock=startd_7639_4c0e>
...
006 (3396273.303.000) 2022-12-25 07:27:56 Image size of job updated: 513120
	396  -  MemoryUsage of job (MB)
	405348  -  ResidentSetSize of job (KB)
...
006 (3396273.303.000) 2022-12-25 07:32:57 Image size of job updated: 1487788
	566  -  MemoryUsage of job (MB)
	579076  -  ResidentSetSize of job (KB)
...
040 (3396273.303.000) 2022-12-25 07:37:54 Started transferring output files
	Seconds spent in queue: 3466
...
040 (3396273.303.000) 2022-12-25 07:37:56 Finished transferring output files
...
005 (3396273.303.000) 2022-12-25 07:37:56 Job terminated.
	(1) Normal termination (return value 0)
		Usr 0 00:03:09, Sys 0 00:00:45  -  Run Remote Usage
		Usr 0 00:00:00, Sys 0 00:00:00  -  Run Local Usage
		Usr 0 00:03:09, Sys 0 00:00:45  -  Total Remote Usage
		Usr 0 00:00:00, Sys 0 00:00:00  -  Total Local Usage
	1599026  -  Run Bytes Sent By Job
	328686848  -  Run Bytes Received By Job
	1599026  -  Total Bytes Sent By Job
	328686848  -  Total Bytes Received By Job
	Partitionable Resources :     Usage  Request Allocated 
	   Cpus                 :      0.47        1         1 
	   Disk (KB)            : 322613     2097152   2315092 
	   IoHeavy              :                            0 
	   Memory (MB)          :    566        2048      2048 

	Job terminated of its own accord at 2022-12-25T13:37:54Z.
...
