000 (3396272.419.000) 2022-12-25 06:11:16 Job submitted from host: <144.92.180.5:9618?addrs=144.92.180.5-9618+[2607-f388-101c-1000--368]-9618&alias=login02.hep.wisc.edu&noUDP&sock=schedd_3117_94ca>
...
040 (3396272.419.000) 2022-12-25 06:27:13 Entered queue to transfer input files
	Transferring to host: <128.105.69.71:9618?addrs=128.105.69.71-9618+[2607-f388-2200-100-1e6a-7aff-fe26-da35]-9618&alias=e2400.chtc.wisc.edu&noUDP&sock=slot1_15_18524_956a_21525>
...
040 (3396272.419.000) 2022-12-25 06:57:47 Started transferring input files
	Seconds spent in queue: 1834
...
040 (3396272.419.000) 2022-12-25 07:01:48 Finished transferring input files
...
001 (3396272.419.000) 2022-12-25 07:01:49 Job executing on host: <128.105.69.71:9618?addrs=128.105.69.71-9618+[2607-f388-2200-100-1e6a-7aff-fe26-da35]-9618&alias=e2400.chtc.wisc.edu&noUDP&sock=startd_7544_228e>
...
006 (3396272.419.000) 2022-12-25 07:01:57 Image size of job updated: 542656
	84  -  MemoryUsage of job (MB)
	85964  -  ResidentSetSize of job (KB)
...
006 (3396272.419.000) 2022-12-25 07:03:13 Image size of job updated: 1392828
	84  -  MemoryUsage of job (MB)
	85972  -  ResidentSetSize of job (KB)
...
040 (3396272.419.000) 2022-12-25 07:03:13 Started transferring output files
	Seconds spent in queue: 2160
...
040 (3396272.419.000) 2022-12-25 07:03:14 Finished transferring output files
...
005 (3396272.419.000) 2022-12-25 07:03:14 Job terminated.
	(1) Normal termination (return value 0)
		Usr 0 00:00:13, Sys 0 00:00:02  -  Run Remote Usage
		Usr 0 00:00:00, Sys 0 00:00:00  -  Run Local Usage
		Usr 0 00:00:13, Sys 0 00:00:02  -  Total Remote Usage
		Usr 0 00:00:00, Sys 0 00:00:00  -  Total Local Usage
	153311  -  Run Bytes Sent By Job
	328686848  -  Run Bytes Received By Job
	153311  -  Total Bytes Sent By Job
	328686848  -  Total Bytes Received By Job
	Partitionable Resources :     Usage  Request Allocated 
	   Cpus                 :      0.15        1         1 
	   Disk (KB)            : 321201     2097152   2338844 
	   IoHeavy              :                            0 
	   Memory (MB)          :     84        2048      2048 

	Job terminated of its own accord at 2022-12-25T13:03:13Z.
...
