000 (3396273.572.000) 2022-12-25 06:14:13 Job submitted from host: <144.92.180.5:9618?addrs=144.92.180.5-9618+[2607-f388-101c-1000--368]-9618&alias=login02.hep.wisc.edu&noUDP&sock=schedd_3117_94ca>
...
040 (3396273.572.000) 2022-12-25 06:52:08 Entered queue to transfer input files
	Transferring to host: <128.104.58.161:9618?addrs=128.104.58.161-9618+[2607-f388-1086-0-16fe-b5ff-fec6-7be8]-9618&alias=e1013.chtc.wisc.edu&noUDP&sock=slot1_23_5111_e969_25714>
...
040 (3396273.572.000) 2022-12-25 07:28:34 Started transferring input files
	Seconds spent in queue: 2186
...
040 (3396273.572.000) 2022-12-25 07:39:34 Finished transferring input files
...
001 (3396273.572.000) 2022-12-25 07:39:35 Job executing on host: <128.104.58.161:9618?addrs=128.104.58.161-9618+[2607-f388-1086-0-16fe-b5ff-fec6-7be8]-9618&alias=e1013.chtc.wisc.edu&noUDP&sock=startd_10154_60be>
...
006 (3396273.572.000) 2022-12-25 07:39:44 Image size of job updated: 854096
	358  -  MemoryUsage of job (MB)
	365936  -  ResidentSetSize of job (KB)
...
006 (3396273.572.000) 2022-12-25 07:44:45 Image size of job updated: 1475772
	552  -  MemoryUsage of job (MB)
	564552  -  ResidentSetSize of job (KB)
...
006 (3396273.572.000) 2022-12-25 07:54:45 Image size of job updated: 1484952
	552  -  MemoryUsage of job (MB)
	564552  -  ResidentSetSize of job (KB)
...
006 (3396273.572.000) 2022-12-25 07:59:46 Image size of job updated: 1490816
	570  -  MemoryUsage of job (MB)
	583324  -  ResidentSetSize of job (KB)
...
040 (3396273.572.000) 2022-12-25 08:03:32 Started transferring output files
	Seconds spent in queue: 4284
...
040 (3396273.572.000) 2022-12-25 08:03:32 Finished transferring output files
...
005 (3396273.572.000) 2022-12-25 08:03:32 Job terminated.
	(1) Normal termination (return value 0)
		Usr 0 00:11:39, Sys 0 00:01:09  -  Run Remote Usage
		Usr 0 00:00:00, Sys 0 00:00:00  -  Run Local Usage
		Usr 0 00:11:39, Sys 0 00:01:09  -  Total Remote Usage
		Usr 0 00:00:00, Sys 0 00:00:00  -  Total Local Usage
	1735926  -  Run Bytes Sent By Job
	328686848  -  Run Bytes Received By Job
	1735926  -  Total Bytes Sent By Job
	328686848  -  Total Bytes Received By Job
	Partitionable Resources :     Usage  Request Allocated 
	   Cpus                 :      0.65        1         1 
	   Disk (KB)            : 322746     2097152   2301525 
	   IoHeavy              :                            0 
	   Memory (MB)          :    570        2048      2048 

	Job terminated of its own accord at 2022-12-25T14:03:32Z.
...
