000 (3396272.221.000) 2022-12-25 06:11:15 Job submitted from host: <144.92.180.5:9618?addrs=144.92.180.5-9618+[2607-f388-101c-1000--368]-9618&alias=login02.hep.wisc.edu&noUDP&sock=schedd_3117_94ca>
...
040 (3396272.221.000) 2022-12-25 06:18:03 Entered queue to transfer input files
	Transferring to host: <128.105.68.212:9618?addrs=128.105.68.212-9618+[2607-f388-2200-100-1e6a-7aff-fe26-ca0f]-9618&alias=e2299.chtc.wisc.edu&noUDP&sock=slot1_33_7071_e8b9_19772>
...
040 (3396272.221.000) 2022-12-25 06:46:26 Started transferring input files
	Seconds spent in queue: 1703
...
040 (3396272.221.000) 2022-12-25 06:48:57 Finished transferring input files
...
001 (3396272.221.000) 2022-12-25 06:48:58 Job executing on host: <128.105.68.212:9618?addrs=128.105.68.212-9618+[2607-f388-2200-100-1e6a-7aff-fe26-ca0f]-9618&alias=e2299.chtc.wisc.edu&noUDP&sock=startd_7650_d798>
...
006 (3396272.221.000) 2022-12-25 06:49:07 Image size of job updated: 534000
	82  -  MemoryUsage of job (MB)
	83352  -  ResidentSetSize of job (KB)
...
006 (3396272.221.000) 2022-12-25 06:54:07 Image size of job updated: 1432200
	533  -  MemoryUsage of job (MB)
	545136  -  ResidentSetSize of job (KB)
...
006 (3396272.221.000) 2022-12-25 06:59:07 Image size of job updated: 1432200
	535  -  MemoryUsage of job (MB)
	547056  -  ResidentSetSize of job (KB)
...
006 (3396272.221.000) 2022-12-25 07:04:07 Image size of job updated: 1434304
	535  -  MemoryUsage of job (MB)
	547056  -  ResidentSetSize of job (KB)
...
006 (3396272.221.000) 2022-12-25 07:09:08 Image size of job updated: 1434304
	535  -  MemoryUsage of job (MB)
	547680  -  ResidentSetSize of job (KB)
...
040 (3396272.221.000) 2022-12-25 07:20:30 Started transferring output files
	Seconds spent in queue: 3747
...
040 (3396272.221.000) 2022-12-25 07:20:30 Finished transferring output files
...
005 (3396272.221.000) 2022-12-25 07:20:31 Job terminated.
	(1) Normal termination (return value 0)
		Usr 0 00:06:49, Sys 0 00:01:52  -  Run Remote Usage
		Usr 0 00:00:00, Sys 0 00:00:00  -  Run Local Usage
		Usr 0 00:06:49, Sys 0 00:01:52  -  Total Remote Usage
		Usr 0 00:00:00, Sys 0 00:00:00  -  Total Local Usage
	1244206  -  Run Bytes Sent By Job
	328686848  -  Run Bytes Received By Job
	1244206  -  Total Bytes Sent By Job
	328686848  -  Total Bytes Received By Job
	Partitionable Resources :     Usage  Request Allocated 
	   Cpus                 :      0.28        1         1 
	   Disk (KB)            : 322266     2097152   2367444 
	   IoHeavy              :                            0 
	   Memory (MB)          :    535        2048      2048 

	Job terminated of its own accord at 2022-12-25T13:20:30Z.
...
