000 (3396272.110.000) 2022-12-25 06:11:14 Job submitted from host: <144.92.180.5:9618?addrs=144.92.180.5-9618+[2607-f388-101c-1000--368]-9618&alias=login02.hep.wisc.edu&noUDP&sock=schedd_3117_94ca>
...
040 (3396272.110.000) 2022-12-25 06:14:50 Entered queue to transfer input files
	Transferring to host: <128.104.58.195:9618?addrs=128.104.58.195-9618+[2607-f388-1086-0-16fe-b5ff-fec6-6e3b]-9618&alias=e1054.chtc.wisc.edu&noUDP&sock=slot1_27_3270_c2be_16428>
...
040 (3396272.110.000) 2022-12-25 06:39:12 Started transferring input files
	Seconds spent in queue: 1462
...
040 (3396272.110.000) 2022-12-25 06:42:02 Finished transferring input files
...
001 (3396272.110.000) 2022-12-25 06:42:03 Job executing on host: <128.104.58.195:9618?addrs=128.104.58.195-9618+[2607-f388-1086-0-16fe-b5ff-fec6-6e3b]-9618&alias=e1054.chtc.wisc.edu&noUDP&sock=startd_10216_e79d>
...
006 (3396272.110.000) 2022-12-25 06:42:12 Image size of job updated: 473612
	362  -  MemoryUsage of job (MB)
	369932  -  ResidentSetSize of job (KB)
...
006 (3396272.110.000) 2022-12-25 06:42:44 Image size of job updated: 1245368
	362  -  MemoryUsage of job (MB)
	370048  -  ResidentSetSize of job (KB)
...
040 (3396272.110.000) 2022-12-25 06:42:44 Started transferring output files
	Seconds spent in queue: 1674
...
040 (3396272.110.000) 2022-12-25 06:42:45 Finished transferring output files
...
005 (3396272.110.000) 2022-12-25 06:42:45 Job terminated.
	(1) Normal termination (return value 0)
		Usr 0 00:00:19, Sys 0 00:00:06  -  Run Remote Usage
		Usr 0 00:00:00, Sys 0 00:00:00  -  Run Local Usage
		Usr 0 00:00:19, Sys 0 00:00:06  -  Total Remote Usage
		Usr 0 00:00:00, Sys 0 00:00:00  -  Total Local Usage
	11037  -  Run Bytes Sent By Job
	328686848  -  Run Bytes Received By Job
	11037  -  Total Bytes Sent By Job
	328686848  -  Total Bytes Received By Job
	Partitionable Resources :     Usage  Request Allocated 
	   Cpus                 :      0.03        1         1 
	   Disk (KB)            : 321061     2097152   2297678 
	   IoHeavy              :                            0 
	   Memory (MB)          :    362        2048      2048 

	Job terminated of its own accord at 2022-12-25T12:42:44Z.
...
