000 (3396273.501.000) 2022-12-25 06:14:12 Job submitted from host: <144.92.180.5:9618?addrs=144.92.180.5-9618+[2607-f388-101c-1000--368]-9618&alias=login02.hep.wisc.edu&noUDP&sock=schedd_3117_94ca>
...
040 (3396273.501.000) 2022-12-25 06:47:35 Entered queue to transfer input files
	Transferring to host: <128.104.58.174:9618?addrs=128.104.58.174-9618+[2607-f388-1086-0-16fe-b5ff-fec6-794e]-9618&alias=e1028.chtc.wisc.edu&noUDP&sock=slot1_16_39033_078c_26415>
...
040 (3396273.501.000) 2022-12-25 07:24:30 Started transferring input files
	Seconds spent in queue: 2215
...
040 (3396273.501.000) 2022-12-25 07:26:25 Finished transferring input files
...
001 (3396273.501.000) 2022-12-25 07:26:26 Job executing on host: <128.104.58.174:9618?addrs=128.104.58.174-9618+[2607-f388-1086-0-16fe-b5ff-fec6-794e]-9618&alias=e1028.chtc.wisc.edu&noUDP&sock=startd_10242_bd13>
...
006 (3396273.501.000) 2022-12-25 07:26:35 Image size of job updated: 628248
	362  -  MemoryUsage of job (MB)
	370288  -  ResidentSetSize of job (KB)
...
006 (3396273.501.000) 2022-12-25 07:31:36 Image size of job updated: 1484164
	552  -  MemoryUsage of job (MB)
	564860  -  ResidentSetSize of job (KB)
...
006 (3396273.501.000) 2022-12-25 07:36:36 Image size of job updated: 1487136
	552  -  MemoryUsage of job (MB)
	564860  -  ResidentSetSize of job (KB)
...
040 (3396273.501.000) 2022-12-25 07:44:01 Started transferring output files
	Seconds spent in queue: 3386
...
040 (3396273.501.000) 2022-12-25 07:44:01 Finished transferring output files
...
005 (3396273.501.000) 2022-12-25 07:44:01 Job terminated.
	(1) Normal termination (return value 0)
		Usr 0 00:07:30, Sys 0 00:00:50  -  Run Remote Usage
		Usr 0 00:00:00, Sys 0 00:00:00  -  Run Local Usage
		Usr 0 00:07:30, Sys 0 00:00:50  -  Total Remote Usage
		Usr 0 00:00:00, Sys 0 00:00:00  -  Total Local Usage
	1671363  -  Run Bytes Sent By Job
	328686848  -  Run Bytes Received By Job
	1671363  -  Total Bytes Sent By Job
	328686848  -  Total Bytes Received By Job
	Partitionable Resources :     Usage  Request Allocated 
	   Cpus                 :      0.58        1         1 
	   Disk (KB)            : 322683     2097152   2340283 
	   IoHeavy              :                            0 
	   Memory (MB)          :    552        2048      2048 

	Job terminated of its own accord at 2022-12-25T13:44:01Z.
...
