000 (3396273.562.000) 2022-12-25 06:14:13 Job submitted from host: <144.92.180.5:9618?addrs=144.92.180.5-9618+[2607-f388-101c-1000--368]-9618&alias=login02.hep.wisc.edu&noUDP&sock=schedd_3117_94ca>
...
040 (3396273.562.000) 2022-12-25 06:51:31 Entered queue to transfer input files
	Transferring to host: <128.105.68.212:9618?addrs=128.105.68.212-9618+[2607-f388-2200-100-1e6a-7aff-fe26-ca0f]-9618&alias=e2299.chtc.wisc.edu&noUDP&sock=slot1_31_7071_e8b9_19858>
...
040 (3396273.562.000) 2022-12-25 07:27:59 Started transferring input files
	Seconds spent in queue: 2188
...
040 (3396273.562.000) 2022-12-25 07:35:39 Finished transferring input files
...
001 (3396273.562.000) 2022-12-25 07:35:40 Job executing on host: <128.105.68.212:9618?addrs=128.105.68.212-9618+[2607-f388-2200-100-1e6a-7aff-fe26-ca0f]-9618&alias=e2299.chtc.wisc.edu&noUDP&sock=startd_7650_d798>
...
006 (3396273.562.000) 2022-12-25 07:35:49 Image size of job updated: 557384
	439  -  MemoryUsage of job (MB)
	449328  -  ResidentSetSize of job (KB)
...
006 (3396273.562.000) 2022-12-25 07:40:50 Image size of job updated: 1487080
	548  -  MemoryUsage of job (MB)
	560208  -  ResidentSetSize of job (KB)
...
006 (3396273.562.000) 2022-12-25 07:45:50 Image size of job updated: 1487080
	554  -  MemoryUsage of job (MB)
	567128  -  ResidentSetSize of job (KB)
...
006 (3396273.562.000) 2022-12-25 07:50:51 Image size of job updated: 1487080
	570  -  MemoryUsage of job (MB)
	583104  -  ResidentSetSize of job (KB)
...
040 (3396273.562.000) 2022-12-25 07:50:55 Started transferring output files
	Seconds spent in queue: 3564
...
040 (3396273.562.000) 2022-12-25 07:50:55 Finished transferring output files
...
005 (3396273.562.000) 2022-12-25 07:50:55 Job terminated.
	(1) Normal termination (return value 0)
		Usr 0 00:05:50, Sys 0 00:00:26  -  Run Remote Usage
		Usr 0 00:00:00, Sys 0 00:00:00  -  Run Local Usage
		Usr 0 00:05:50, Sys 0 00:00:26  -  Total Remote Usage
		Usr 0 00:00:00, Sys 0 00:00:00  -  Total Local Usage
	1634822  -  Run Bytes Sent By Job
	328686848  -  Run Bytes Received By Job
	1634822  -  Total Bytes Sent By Job
	328686848  -  Total Bytes Received By Job
	Partitionable Resources :     Usage  Request Allocated 
	   Cpus                 :      0.51        1         1 
	   Disk (KB)            : 322648     2097152   2367444 
	   IoHeavy              :                            0 
	   Memory (MB)          :    570        2048      2048 

	Job terminated of its own accord at 2022-12-25T13:50:55Z.
...
