000 (3396272.101.000) 2022-12-25 06:11:14 Job submitted from host: <144.92.180.5:9618?addrs=144.92.180.5-9618+[2607-f388-101c-1000--368]-9618&alias=login02.hep.wisc.edu&noUDP&sock=schedd_3117_94ca>
...
040 (3396272.101.000) 2022-12-25 06:14:49 Entered queue to transfer input files
	Transferring to host: <128.104.58.176:9618?addrs=128.104.58.176-9618+[2607-f388-1086-0-16fe-b5ff-fec6-7498]-9618&alias=e1031.chtc.wisc.edu&noUDP&sock=slot1_22_30363_3aec_26069>
...
040 (3396272.101.000) 2022-12-25 06:38:51 Started transferring input files
	Seconds spent in queue: 1442
...
040 (3396272.101.000) 2022-12-25 06:51:12 Finished transferring input files
...
001 (3396272.101.000) 2022-12-25 06:51:13 Job executing on host: <128.104.58.176:9618?addrs=128.104.58.176-9618+[2607-f388-1086-0-16fe-b5ff-fec6-7498]-9618&alias=e1031.chtc.wisc.edu&noUDP&sock=startd_10250_39d5>
...
006 (3396272.101.000) 2022-12-25 06:51:22 Image size of job updated: 536196
	360  -  MemoryUsage of job (MB)
	368480  -  ResidentSetSize of job (KB)
...
006 (3396272.101.000) 2022-12-25 06:53:07 Image size of job updated: 1468632
	360  -  MemoryUsage of job (MB)
	368552  -  ResidentSetSize of job (KB)
...
040 (3396272.101.000) 2022-12-25 06:53:07 Started transferring output files
	Seconds spent in queue: 2298
...
040 (3396272.101.000) 2022-12-25 06:53:07 Finished transferring output files
...
005 (3396272.101.000) 2022-12-25 06:53:08 Job terminated.
	(1) Normal termination (return value 0)
		Usr 0 00:00:24, Sys 0 00:00:07  -  Run Remote Usage
		Usr 0 00:00:00, Sys 0 00:00:00  -  Run Local Usage
		Usr 0 00:00:24, Sys 0 00:00:07  -  Total Remote Usage
		Usr 0 00:00:00, Sys 0 00:00:00  -  Total Local Usage
	931450  -  Run Bytes Sent By Job
	328686848  -  Run Bytes Received By Job
	931450  -  Total Bytes Sent By Job
	328686848  -  Total Bytes Received By Job
	Partitionable Resources :     Usage  Request Allocated 
	   Cpus                 :      0.02        1         1 
	   Disk (KB)            : 321960     2097152   2340581 
	   IoHeavy              :                            0 
	   Memory (MB)          :    360        2048      2048 

	Job terminated of its own accord at 2022-12-25T12:53:07Z.
...
