000 (3396273.521.000) 2022-12-25 06:14:13 Job submitted from host: <144.92.180.5:9618?addrs=144.92.180.5-9618+[2607-f388-101c-1000--368]-9618&alias=login02.hep.wisc.edu&noUDP&sock=schedd_3117_94ca>
...
040 (3396273.521.000) 2022-12-25 06:48:35 Entered queue to transfer input files
	Transferring to host: <128.105.69.65:9618?addrs=128.105.69.65-9618+[2607-f388-2200-100-1e6a-7aff-fe26-d96d]-9618&alias=e2393.chtc.wisc.edu&noUDP&sock=slot1_33_31972_ea8d_19963>
...
040 (3396273.521.000) 2022-12-25 07:25:46 Started transferring input files
	Seconds spent in queue: 2231
...
040 (3396273.521.000) 2022-12-25 07:42:29 Finished transferring input files
...
001 (3396273.521.000) 2022-12-25 07:42:30 Job executing on host: <128.105.69.65:9618?addrs=128.105.69.65-9618+[2607-f388-2200-100-1e6a-7aff-fe26-d96d]-9618&alias=e2393.chtc.wisc.edu&noUDP&sock=startd_7581_838f>
...
006 (3396273.521.000) 2022-12-25 07:42:39 Image size of job updated: 839824
	392  -  MemoryUsage of job (MB)
	401172  -  ResidentSetSize of job (KB)
...
006 (3396273.521.000) 2022-12-25 07:47:40 Image size of job updated: 1484164
	552  -  MemoryUsage of job (MB)
	564736  -  ResidentSetSize of job (KB)
...
006 (3396273.521.000) 2022-12-25 07:52:41 Image size of job updated: 1485796
	552  -  MemoryUsage of job (MB)
	564736  -  ResidentSetSize of job (KB)
...
040 (3396273.521.000) 2022-12-25 07:57:16 Started transferring output files
	Seconds spent in queue: 4121
...
040 (3396273.521.000) 2022-12-25 07:57:16 Finished transferring output files
...
005 (3396273.521.000) 2022-12-25 07:57:16 Job terminated.
	(1) Normal termination (return value 0)
		Usr 0 00:03:28, Sys 0 00:00:39  -  Run Remote Usage
		Usr 0 00:00:00, Sys 0 00:00:00  -  Run Local Usage
		Usr 0 00:03:28, Sys 0 00:00:39  -  Total Remote Usage
		Usr 0 00:00:00, Sys 0 00:00:00  -  Total Local Usage
	1586581  -  Run Bytes Sent By Job
	328686848  -  Run Bytes Received By Job
	1586581  -  Total Bytes Sent By Job
	328686848  -  Total Bytes Received By Job
	Partitionable Resources :     Usage  Request Allocated 
	   Cpus                 :      0.43        1         1 
	   Disk (KB)            : 322600     2097152   2344832 
	   IoHeavy              :                            0 
	   Memory (MB)          :    552        2048      2048 

	Job terminated of its own accord at 2022-12-25T13:57:16Z.
...
