analyze_etau WJetsToLNu_Inclv2_00_00 MC
argc = 8
sp = 0
Systematics : V  Response NJet0 = 0.017
Systematics : V  Response NJet1 = 0.022
Systematics : V  Response NJetGe2 = 0.026
Systematics : V  Resolution NJet0 = 0.024
Systematics : V  Resolution NJet1 = 0.03
Systematics : V  Resolution NJetGe2 = 0.034
Systematics : EWK  Response NJet0 = 0.015
Systematics : EWK  Response NJet1 = 0.02
Systematics : EWK  Response NJetGe2 = 0.025
Systematics : EWK  Resolution NJet0 = 0.021
Systematics : EWK  Resolution NJet1 = 0.027
Systematics : EWK  Resolution NJetGe2 = 0.032
Systematics : TOP  Response NJet0 = 0.015
Systematics : TOP  Response NJet1 = 0.02
Systematics : TOP  Response NJetGe2 = 0.025
Systematics : TOP  Resolution NJet0 = 0.021
Systematics : TOP  Resolution NJet1 = 0.027
Systematics : TOP  Resolution NJetGe2 = 0.032
V_NJet0
V_NJet1
V_NJetGe2
EWK_NJet0
EWK_NJet1
EWK_NJetGe2
TOP_NJet0
TOP_NJet1
TOP_NJetGe2
All files added.
Initializing chain.
from Init MC
****************** wjet sample found
sample ==========WJetsToLNu_Inclv2_00_00
.... MC file ..... 
Coming in: 
nentries:640394
Running over 640394 events.
Finished entry 0/640393
Finished entry 30000/640393
Finished entry 60000/640393
Finished entry 90000/640393
Finished entry 120000/640393
Finished entry 150000/640393
Finished entry 180000/640393
Finished entry 210000/640393
Finished entry 240000/640393
Finished entry 270000/640393
Finished entry 300000/640393
Finished entry 330000/640393
Finished entry 360000/640393
Finished entry 420000/640393
Finished entry 450000/640393
Finished entry 480000/640393
Finished entry 510000/640393
Finished entry 540000/640393
Finished entry 570000/640393
Finished entry 600000/640393
Finished entry 630000/640393
Finished entry 640393/640393
All events checked.
*******************************************
******************Jithin's original*************************
    Initial entries 640394.000000
   Passing smikking 0.000000
     GoodMuonPassed 0.000000   % change= 100.000000
      GoodTauPassed 0.000000   % change= -nan
         opp charge 0.000000   % change= -nan
 PassedThirdLepVeto 0.000000   % change= -nan
     PassedBjetVeto 0.000000   % change= -nan
       DeltaRPassed 0.000000   % change= -nan
      Total change :100.000000
*******************************************
*******************************************
Number of events inspected: 640394
Number of events inspected (minus negative gen. weights): 640348.000000
 Outpt written to WJetsToLNu_Inclv2_00_00.root
Real time 0:09:04, CP time 181.710
1671973699 - 1671973147
