analyze_etau ZJetsToNuNu_HT-100To200_00_02 MC
argc = 8
sp = 0
Systematics : V  Response NJet0 = 0.017
Systematics : V  Response NJet1 = 0.022
Systematics : V  Response NJetGe2 = 0.026
Systematics : V  Resolution NJet0 = 0.024
Systematics : V  Resolution NJet1 = 0.03
Systematics : V  Resolution NJetGe2 = 0.034
Systematics : EWK  Response NJet0 = 0.015
Systematics : EWK  Response NJet1 = 0.02
Systematics : EWK  Response NJetGe2 = 0.025
Systematics : EWK  Resolution NJet0 = 0.021
Systematics : EWK  Resolution NJet1 = 0.027
Systematics : EWK  Resolution NJetGe2 = 0.032
Systematics : TOP  Response NJet0 = 0.015
Systematics : TOP  Response NJet1 = 0.02
Systematics : TOP  Response NJetGe2 = 0.025
Systematics : TOP  Resolution NJet0 = 0.021
Systematics : TOP  Resolution NJet1 = 0.027
Systematics : TOP  Resolution NJetGe2 = 0.032
V_NJet0
V_NJet1
V_NJetGe2
EWK_NJet0
EWK_NJet1
EWK_NJetGe2
TOP_NJet0
TOP_NJet1
TOP_NJetGe2
All files added.
Initializing chain.
from Init MC
sample ==========ZJetsToNuNu_HT-100To200_00_02
.... MC file ..... 
Coming in: 
nentries:56894
Running over 56894 events.
Finished entry 0/56893
Finished entry 2000/56893
Finished entry 4000/56893
Finished entry 6000/56893
Finished entry 8000/56893
Finished entry 10000/56893
Finished entry 12000/56893
Finished entry 14000/56893
Finished entry 16000/56893
Finished entry 18000/56893
Finished entry 20000/56893
Finished entry 22000/56893
Finished entry 24000/56893
Finished entry 26000/56893
Finished entry 28000/56893
Finished entry 30000/56893
Finished entry 32000/56893
Finished entry 34000/56893
Finished entry 36000/56893
Finished entry 38000/56893
Finished entry 40000/56893
Finished entry 42000/56893
Finished entry 44000/56893
Finished entry 46000/56893
Finished entry 48000/56893
Finished entry 50000/56893
Finished entry 52000/56893
Finished entry 54000/56893
Finished entry 56000/56893
Finished entry 56893/56893
All events checked.
*******************************************
******************Jithin's original*************************
    Initial entries 56894.000000
   Passing smikking 0.000000
     GoodMuonPassed 0.000000   % change= 100.000000
      GoodTauPassed 0.000000   % change= -nan
         opp charge 0.000000   % change= -nan
 PassedThirdLepVeto 0.000000   % change= -nan
     PassedBjetVeto 0.000000   % change= -nan
       DeltaRPassed 0.000000   % change= -nan
      Total change :100.000000
*******************************************
*******************************************
Number of events inspected: 56894
Number of events inspected (minus negative gen. weights): 56850.000000
 Outpt written to ZJetsToNuNu_HT-100To200_00_02.root
Real time 0:01:32, CP time 33.810
1671973574 - 1671973471
