000 (3396273.077.000) 2022-12-25 06:14:09 Job submitted from host: <144.92.180.5:9618?addrs=144.92.180.5-9618+[2607-f388-101c-1000--368]-9618&alias=login02.hep.wisc.edu&noUDP&sock=schedd_3117_94ca>
...
040 (3396273.077.000) 2022-12-25 06:30:57 Entered queue to transfer input files
	Transferring to host: <128.104.58.167:9618?addrs=128.104.58.167-9618+[2607-f388-1086-0-16fe-b5ff-fec6-7516]-9618&alias=e1020.chtc.wisc.edu&noUDP&sock=slot1_7_24021_b7aa_24171>
...
040 (3396273.077.000) 2022-12-25 07:03:19 Started transferring input files
	Seconds spent in queue: 1942
...
040 (3396273.077.000) 2022-12-25 07:06:49 Finished transferring input files
...
001 (3396273.077.000) 2022-12-25 07:06:52 Job executing on host: <128.104.58.167:9618?addrs=128.104.58.167-9618+[2607-f388-1086-0-16fe-b5ff-fec6-7516]-9618&alias=e1020.chtc.wisc.edu&noUDP&sock=startd_10029_a367>
...
006 (3396273.077.000) 2022-12-25 07:07:00 Image size of job updated: 1002988
	358  -  MemoryUsage of job (MB)
	366552  -  ResidentSetSize of job (KB)
...
006 (3396273.077.000) 2022-12-25 07:08:14 Image size of job updated: 1352140
	359  -  MemoryUsage of job (MB)
	366628  -  ResidentSetSize of job (KB)
...
040 (3396273.077.000) 2022-12-25 07:08:15 Started transferring output files
	Seconds spent in queue: 2238
...
040 (3396273.077.000) 2022-12-25 07:08:15 Finished transferring output files
...
005 (3396273.077.000) 2022-12-25 07:08:15 Job terminated.
	(1) Normal termination (return value 0)
		Usr 0 00:00:40, Sys 0 00:00:06  -  Run Remote Usage
		Usr 0 00:00:00, Sys 0 00:00:00  -  Run Local Usage
		Usr 0 00:00:40, Sys 0 00:00:06  -  Total Remote Usage
		Usr 0 00:00:00, Sys 0 00:00:00  -  Total Local Usage
	539999  -  Run Bytes Sent By Job
	328686848  -  Run Bytes Received By Job
	539999  -  Total Bytes Sent By Job
	328686848  -  Total Bytes Received By Job
	Partitionable Resources :     Usage  Request Allocated 
	   Cpus                 :      0.68        1         1 
	   Disk (KB)            : 321578     2097152   2336915 
	   IoHeavy              :                            0 
	   Memory (MB)          :    359        2048      2048 

	Job terminated of its own accord at 2022-12-25T13:08:14Z.
...
