000 (3396272.270.000) 2022-12-25 06:11:15 Job submitted from host: <144.92.180.5:9618?addrs=144.92.180.5-9618+[2607-f388-101c-1000--368]-9618&alias=login02.hep.wisc.edu&noUDP&sock=schedd_3117_94ca>
...
040 (3396272.270.000) 2022-12-25 06:20:15 Entered queue to transfer input files
	Transferring to host: <128.104.58.157:9618?addrs=128.104.58.157-9618+[2607-f388-1086-0-16fe-b5ff-fec6-7582]-9618&alias=e1009.chtc.wisc.edu&noUDP&sock=slot1_24_367_55a8_19662>
...
040 (3396272.270.000) 2022-12-25 06:49:20 Started transferring input files
	Seconds spent in queue: 1745
...
040 (3396272.270.000) 2022-12-25 06:54:31 Finished transferring input files
...
001 (3396272.270.000) 2022-12-25 06:54:32 Job executing on host: <128.104.58.157:9618?addrs=128.104.58.157-9618+[2607-f388-1086-0-16fe-b5ff-fec6-7582]-9618&alias=e1009.chtc.wisc.edu&noUDP&sock=startd_10086_bc4d>
...
006 (3396272.270.000) 2022-12-25 06:54:41 Image size of job updated: 836868
	362  -  MemoryUsage of job (MB)
	370620  -  ResidentSetSize of job (KB)
...
006 (3396272.270.000) 2022-12-25 06:59:43 Image size of job updated: 1447408
	526  -  MemoryUsage of job (MB)
	538304  -  ResidentSetSize of job (KB)
...
006 (3396272.270.000) 2022-12-25 07:04:43 Image size of job updated: 1447408
	526  -  MemoryUsage of job (MB)
	538620  -  ResidentSetSize of job (KB)
...
040 (3396272.270.000) 2022-12-25 07:05:56 Started transferring output files
	Seconds spent in queue: 2741
...
040 (3396272.270.000) 2022-12-25 07:05:57 Finished transferring output files
...
005 (3396272.270.000) 2022-12-25 07:05:57 Job terminated.
	(1) Normal termination (return value 0)
		Usr 0 00:07:14, Sys 0 00:00:46  -  Run Remote Usage
		Usr 0 00:00:00, Sys 0 00:00:00  -  Run Local Usage
		Usr 0 00:07:14, Sys 0 00:00:46  -  Total Remote Usage
		Usr 0 00:00:00, Sys 0 00:00:00  -  Total Local Usage
	1315397  -  Run Bytes Sent By Job
	328686848  -  Run Bytes Received By Job
	1315397  -  Total Bytes Sent By Job
	328686848  -  Total Bytes Received By Job
	Partitionable Resources :     Usage  Request Allocated 
	   Cpus                 :      0.70        1         1 
	   Disk (KB)            : 322335     2097152   2379081 
	   IoHeavy              :                            0 
	   Memory (MB)          :    526        2048      2048 

	Job terminated of its own accord at 2022-12-25T13:05:56Z.
...
