000 (3396272.155.000) 2022-12-25 06:11:14 Job submitted from host: <144.92.180.5:9618?addrs=144.92.180.5-9618+[2607-f388-101c-1000--368]-9618&alias=login02.hep.wisc.edu&noUDP&sock=schedd_3117_94ca>
...
040 (3396272.155.000) 2022-12-25 06:15:07 Entered queue to transfer input files
	Transferring to host: <128.104.58.170:9618?addrs=128.104.58.170-9618+[2607-f388-1086-0-f24d-a2ff-fe40-fe02]-9618&alias=e1024.chtc.wisc.edu&noUDP&sock=slot1_22_29533_6b8a_15703>
...
040 (3396272.155.000) 2022-12-25 06:43:01 Started transferring input files
	Seconds spent in queue: 1674
...
040 (3396272.155.000) 2022-12-25 06:46:13 Finished transferring input files
...
001 (3396272.155.000) 2022-12-25 06:46:14 Job executing on host: <128.104.58.170:9618?addrs=128.104.58.170-9618+[2607-f388-1086-0-f24d-a2ff-fe40-fe02]-9618&alias=e1024.chtc.wisc.edu&noUDP&sock=startd_10190_1227>
...
006 (3396272.155.000) 2022-12-25 06:46:22 Image size of job updated: 626276
	358  -  MemoryUsage of job (MB)
	366484  -  ResidentSetSize of job (KB)
...
006 (3396272.155.000) 2022-12-25 06:47:05 Image size of job updated: 1389792
	359  -  MemoryUsage of job (MB)
	366612  -  ResidentSetSize of job (KB)
...
040 (3396272.155.000) 2022-12-25 06:47:05 Started transferring output files
	Seconds spent in queue: 1918
...
040 (3396272.155.000) 2022-12-25 06:47:05 Finished transferring output files
...
005 (3396272.155.000) 2022-12-25 06:47:06 Job terminated.
	(1) Normal termination (return value 0)
		Usr 0 00:00:31, Sys 0 00:00:05  -  Run Remote Usage
		Usr 0 00:00:00, Sys 0 00:00:00  -  Run Local Usage
		Usr 0 00:00:31, Sys 0 00:00:05  -  Total Remote Usage
		Usr 0 00:00:00, Sys 0 00:00:00  -  Total Local Usage
	9190  -  Run Bytes Sent By Job
	328686848  -  Run Bytes Received By Job
	9190  -  Total Bytes Sent By Job
	328686848  -  Total Bytes Received By Job
	Partitionable Resources :     Usage  Request Allocated 
	   Cpus                 :      0.04        1         1 
	   Disk (KB)            : 321060     2097152   2302105 
	   IoHeavy              :                            0 
	   Memory (MB)          :    359        2048      2048 

	Job terminated of its own accord at 2022-12-25T12:47:05Z.
...
