000 (3396272.434.000) 2022-12-25 06:11:16 Job submitted from host: <144.92.180.5:9618?addrs=144.92.180.5-9618+[2607-f388-101c-1000--368]-9618&alias=login02.hep.wisc.edu&noUDP&sock=schedd_3117_94ca>
...
040 (3396272.434.000) 2022-12-25 06:28:22 Entered queue to transfer input files
	Transferring to host: <128.105.69.46:9618?addrs=128.105.69.46-9618+[2607-f388-2200-100-1e6a-7aff-fe21-b2bb]-9618&alias=e2370.chtc.wisc.edu&noUDP&sock=slot1_10_2955_d091_20837>
...
040 (3396272.434.000) 2022-12-25 06:58:40 Started transferring input files
	Seconds spent in queue: 1818
...
040 (3396272.434.000) 2022-12-25 07:04:41 Finished transferring input files
...
001 (3396272.434.000) 2022-12-25 07:04:42 Job executing on host: <128.105.69.46:9618?addrs=128.105.69.46-9618+[2607-f388-2200-100-1e6a-7aff-fe21-b2bb]-9618&alias=e2370.chtc.wisc.edu&noUDP&sock=startd_7624_0222>
...
006 (3396272.434.000) 2022-12-25 07:04:50 Image size of job updated: 1009872
	378  -  MemoryUsage of job (MB)
	386424  -  ResidentSetSize of job (KB)
...
006 (3396272.434.000) 2022-12-25 07:05:13 Image size of job updated: 1411672
	378  -  MemoryUsage of job (MB)
	386424  -  ResidentSetSize of job (KB)
...
040 (3396272.434.000) 2022-12-25 07:05:13 Started transferring output files
	Seconds spent in queue: 2211
...
040 (3396272.434.000) 2022-12-25 07:05:14 Finished transferring output files
...
005 (3396272.434.000) 2022-12-25 07:05:14 Job terminated.
	(1) Normal termination (return value 0)
		Usr 0 00:00:08, Sys 0 00:00:04  -  Run Remote Usage
		Usr 0 00:00:00, Sys 0 00:00:00  -  Run Local Usage
		Usr 0 00:00:08, Sys 0 00:00:04  -  Total Remote Usage
		Usr 0 00:00:00, Sys 0 00:00:00  -  Total Local Usage
	9043  -  Run Bytes Sent By Job
	328686848  -  Run Bytes Received By Job
	9043  -  Total Bytes Sent By Job
	328686848  -  Total Bytes Received By Job
	Partitionable Resources :     Usage  Request Allocated 
	   Cpus                 :      0.64        1         1 
	   Disk (KB)            : 321060     2097152   2337401 
	   IoHeavy              :                            0 
	   Memory (MB)          :    378        2048      2048 

	Job terminated of its own accord at 2022-12-25T13:05:13Z.
...
