000 (3396273.050.000) 2022-12-25 06:14:09 Job submitted from host: <144.92.180.5:9618?addrs=144.92.180.5-9618+[2607-f388-101c-1000--368]-9618&alias=login02.hep.wisc.edu&noUDP&sock=schedd_3117_94ca>
...
040 (3396273.050.000) 2022-12-25 06:29:54 Entered queue to transfer input files
	Transferring to host: <128.105.69.36:9618?addrs=128.105.69.36-9618+[2607-f388-2200-100-1e6a-7aff-fe26-b5c3]-9618&alias=e2358.chtc.wisc.edu&noUDP&sock=slot1_18_27120_3e48_15697>
...
040 (3396273.050.000) 2022-12-25 07:01:49 Started transferring input files
	Seconds spent in queue: 1915
...
040 (3396273.050.000) 2022-12-25 07:08:19 Finished transferring input files
...
001 (3396273.050.000) 2022-12-25 07:08:20 Job executing on host: <128.105.69.36:9618?addrs=128.105.69.36-9618+[2607-f388-2200-100-1e6a-7aff-fe26-b5c3]-9618&alias=e2358.chtc.wisc.edu&noUDP&sock=startd_7639_4c0e>
...
006 (3396273.050.000) 2022-12-25 07:08:28 Image size of job updated: 521388
	403  -  MemoryUsage of job (MB)
	412252  -  ResidentSetSize of job (KB)
...
006 (3396273.050.000) 2022-12-25 07:08:45 Image size of job updated: 1359064
	403  -  MemoryUsage of job (MB)
	412252  -  ResidentSetSize of job (KB)
...
040 (3396273.050.000) 2022-12-25 07:08:45 Started transferring output files
	Seconds spent in queue: 2331
...
040 (3396273.050.000) 2022-12-25 07:08:45 Finished transferring output files
...
005 (3396273.050.000) 2022-12-25 07:08:45 Job terminated.
	(1) Normal termination (return value 0)
		Usr 0 00:00:10, Sys 0 00:00:02  -  Run Remote Usage
		Usr 0 00:00:00, Sys 0 00:00:00  -  Run Local Usage
		Usr 0 00:00:10, Sys 0 00:00:02  -  Total Remote Usage
		Usr 0 00:00:00, Sys 0 00:00:00  -  Total Local Usage
	9056  -  Run Bytes Sent By Job
	328686848  -  Run Bytes Received By Job
	9056  -  Total Bytes Sent By Job
	328686848  -  Total Bytes Received By Job
	Partitionable Resources :     Usage  Request Allocated 
	   Cpus                 :      0.01        1         1 
	   Disk (KB)            : 321060     2097152   2315092 
	   IoHeavy              :                            0 
	   Memory (MB)          :    403        2048      2048 

	Job terminated of its own accord at 2022-12-25T13:08:45Z.
...
