000 (3396273.666.000) 2022-12-25 06:14:14 Job submitted from host: <144.92.180.5:9618?addrs=144.92.180.5-9618+[2607-f388-101c-1000--368]-9618&alias=login02.hep.wisc.edu&noUDP&sock=schedd_3117_94ca>
...
040 (3396273.666.000) 2022-12-25 06:56:57 Entered queue to transfer input files
	Transferring to host: <128.105.69.46:9618?addrs=128.105.69.46-9618+[2607-f388-2200-100-1e6a-7aff-fe21-b2bb]-9618&alias=e2370.chtc.wisc.edu&noUDP&sock=slot1_20_2955_d091_20925>
...
040 (3396273.666.000) 2022-12-25 07:33:51 Started transferring input files
	Seconds spent in queue: 2214
...
040 (3396273.666.000) 2022-12-25 07:39:48 Finished transferring input files
...
001 (3396273.666.000) 2022-12-25 07:39:49 Job executing on host: <128.105.69.46:9618?addrs=128.105.69.46-9618+[2607-f388-2200-100-1e6a-7aff-fe21-b2bb]-9618&alias=e2370.chtc.wisc.edu&noUDP&sock=startd_7624_0222>
...
006 (3396273.666.000) 2022-12-25 07:39:57 Image size of job updated: 1147656
	393  -  MemoryUsage of job (MB)
	401596  -  ResidentSetSize of job (KB)
...
006 (3396273.666.000) 2022-12-25 07:44:57 Image size of job updated: 1486272
	552  -  MemoryUsage of job (MB)
	565104  -  ResidentSetSize of job (KB)
...
006 (3396273.666.000) 2022-12-25 07:49:59 Image size of job updated: 1486272
	555  -  MemoryUsage of job (MB)
	568180  -  ResidentSetSize of job (KB)
...
006 (3396273.666.000) 2022-12-25 08:05:00 Image size of job updated: 1486272
	558  -  MemoryUsage of job (MB)
	570396  -  ResidentSetSize of job (KB)
...
006 (3396273.666.000) 2022-12-25 08:10:01 Image size of job updated: 1487148
	579  -  MemoryUsage of job (MB)
	592300  -  ResidentSetSize of job (KB)
...
006 (3396273.666.000) 2022-12-25 08:14:38 Image size of job updated: 1489824
	579  -  MemoryUsage of job (MB)
	592300  -  ResidentSetSize of job (KB)
...
040 (3396273.666.000) 2022-12-25 08:14:38 Started transferring output files
	Seconds spent in queue: 4661
...
040 (3396273.666.000) 2022-12-25 08:14:38 Finished transferring output files
...
005 (3396273.666.000) 2022-12-25 08:14:38 Job terminated.
	(1) Normal termination (return value 0)
		Usr 0 00:12:43, Sys 0 00:02:28  -  Run Remote Usage
		Usr 0 00:00:00, Sys 0 00:00:00  -  Run Local Usage
		Usr 0 00:12:43, Sys 0 00:02:28  -  Total Remote Usage
		Usr 0 00:00:00, Sys 0 00:00:00  -  Total Local Usage
	1674867  -  Run Bytes Sent By Job
	328686848  -  Run Bytes Received By Job
	1674867  -  Total Bytes Sent By Job
	328686848  -  Total Bytes Received By Job
	Partitionable Resources :     Usage  Request Allocated 
	   Cpus                 :      0.41        1         1 
	   Disk (KB)            : 322687     2097152   2337401 
	   IoHeavy              :                            0 
	   Memory (MB)          :    579        2048      2048 

	Job terminated of its own accord at 2022-12-25T14:14:38Z.
...
