000 (3396273.269.000) 2022-12-25 06:14:11 Job submitted from host: <144.92.180.5:9618?addrs=144.92.180.5-9618+[2607-f388-101c-1000--368]-9618&alias=login02.hep.wisc.edu&noUDP&sock=schedd_3117_94ca>
...
040 (3396273.269.000) 2022-12-25 06:38:39 Entered queue to transfer input files
	Transferring to host: <128.105.68.83:9618?addrs=128.105.68.83-9618+[2607-f388-2200-100-1e6a-7aff-fe26-6b8f]-9618&alias=e2409.chtc.wisc.edu&noUDP&sock=slot1_12_17828_304e_20598>
...
040 (3396273.269.000) 2022-12-25 07:12:37 Started transferring input files
	Seconds spent in queue: 2038
...
040 (3396273.269.000) 2022-12-25 07:13:08 Finished transferring input files
...
001 (3396273.269.000) 2022-12-25 07:13:09 Job executing on host: <128.105.68.83:9618?addrs=128.105.68.83-9618+[2607-f388-2200-100-1e6a-7aff-fe26-6b8f]-9618&alias=e2409.chtc.wisc.edu&noUDP&sock=startd_7708_a017>
...
006 (3396273.269.000) 2022-12-25 07:13:17 Image size of job updated: 488072
	374  -  MemoryUsage of job (MB)
	382524  -  ResidentSetSize of job (KB)
...
006 (3396273.269.000) 2022-12-25 07:18:17 Image size of job updated: 1459812
	532  -  MemoryUsage of job (MB)
	544668  -  ResidentSetSize of job (KB)
...
040 (3396273.269.000) 2022-12-25 07:19:35 Started transferring output files
	Seconds spent in queue: 2456
...
040 (3396273.269.000) 2022-12-25 07:19:36 Finished transferring output files
...
005 (3396273.269.000) 2022-12-25 07:19:36 Job terminated.
	(1) Normal termination (return value 0)
		Usr 0 00:02:39, Sys 0 00:00:26  -  Run Remote Usage
		Usr 0 00:00:00, Sys 0 00:00:00  -  Run Local Usage
		Usr 0 00:02:39, Sys 0 00:00:26  -  Total Remote Usage
		Usr 0 00:00:00, Sys 0 00:00:00  -  Total Local Usage
	1582254  -  Run Bytes Sent By Job
	328686848  -  Run Bytes Received By Job
	1582254  -  Total Bytes Sent By Job
	328686848  -  Total Bytes Received By Job
	Partitionable Resources :     Usage  Request Allocated 
	   Cpus                 :      0.52        1         1 
	   Disk (KB)            : 322596     2097152   2350176 
	   IoHeavy              :                            0 
	   Memory (MB)          :    532        2048      2048 

	Job terminated of its own accord at 2022-12-25T13:19:35Z.
...
