000 (3396273.123.000) 2022-12-25 06:14:09 Job submitted from host: <144.92.180.5:9618?addrs=144.92.180.5-9618+[2607-f388-101c-1000--368]-9618&alias=login02.hep.wisc.edu&noUDP&sock=schedd_3117_94ca>
...
040 (3396273.123.000) 2022-12-25 06:32:06 Entered queue to transfer input files
	Transferring to host: <128.105.68.223:9618?addrs=128.105.68.223-9618+[2607-f388-2200-100-fac2-88ff-fe67-c24b]-9618&alias=e310.chtc.wisc.edu&noUDP&sock=slot1_31_17322_aa79_15255>
...
040 (3396273.123.000) 2022-12-25 07:05:38 Started transferring input files
	Seconds spent in queue: 2012
...
040 (3396273.123.000) 2022-12-25 07:09:04 Finished transferring input files
...
001 (3396273.123.000) 2022-12-25 07:09:05 Job executing on host: <128.105.68.223:9618?addrs=128.105.68.223-9618+[2607-f388-2200-100-fac2-88ff-fe67-c24b]-9618&alias=e310.chtc.wisc.edu&noUDP&sock=startd_7080_de9d>
...
006 (3396273.123.000) 2022-12-25 07:09:15 Image size of job updated: 147580
	40  -  MemoryUsage of job (MB)
	40516  -  ResidentSetSize of job (KB)
...
006 (3396273.123.000) 2022-12-25 07:10:27 Image size of job updated: 1350356
	41  -  MemoryUsage of job (MB)
	41020  -  ResidentSetSize of job (KB)
...
040 (3396273.123.000) 2022-12-25 07:10:27 Started transferring output files
	Seconds spent in queue: 2301
...
040 (3396273.123.000) 2022-12-25 07:10:28 Finished transferring output files
...
005 (3396273.123.000) 2022-12-25 07:10:28 Job terminated.
	(1) Normal termination (return value 0)
		Usr 0 00:00:22, Sys 0 00:00:03  -  Run Remote Usage
		Usr 0 00:00:00, Sys 0 00:00:00  -  Run Local Usage
		Usr 0 00:00:22, Sys 0 00:00:03  -  Total Remote Usage
		Usr 0 00:00:00, Sys 0 00:00:00  -  Total Local Usage
	586273  -  Run Bytes Sent By Job
	328686848  -  Run Bytes Received By Job
	586273  -  Total Bytes Sent By Job
	328686848  -  Total Bytes Received By Job
	Partitionable Resources :     Usage  Request Allocated 
	   Cpus                 :      0.04        1         1 
	   Disk (KB)            : 321623     2097152   2318114 
	   IoHeavy              :                            0 
	   Memory (MB)          :     41        2048      2048 

	Job terminated of its own accord at 2022-12-25T13:10:27Z.
...
