000 (3396272.342.000) 2022-12-25 06:11:15 Job submitted from host: <144.92.180.5:9618?addrs=144.92.180.5-9618+[2607-f388-101c-1000--368]-9618&alias=login02.hep.wisc.edu&noUDP&sock=schedd_3117_94ca>
...
040 (3396272.342.000) 2022-12-25 06:24:08 Entered queue to transfer input files
	Transferring to host: <128.105.69.48:9618?addrs=128.105.69.48-9618+[2607-f388-2200-100-1e6a-7aff-fe26-6b2f]-9618&alias=e2372.chtc.wisc.edu&noUDP&sock=slot1_11_22346_8746_14526>
...
040 (3396272.342.000) 2022-12-25 06:53:22 Started transferring input files
	Seconds spent in queue: 1754
...
040 (3396272.342.000) 2022-12-25 06:57:49 Finished transferring input files
...
001 (3396272.342.000) 2022-12-25 06:57:50 Job executing on host: <128.105.69.48:9618?addrs=128.105.69.48-9618+[2607-f388-2200-100-1e6a-7aff-fe26-6b2f]-9618&alias=e2372.chtc.wisc.edu&noUDP&sock=startd_7528_290a>
...
006 (3396272.342.000) 2022-12-25 06:57:58 Image size of job updated: 527252
	63  -  MemoryUsage of job (MB)
	63840  -  ResidentSetSize of job (KB)
...
006 (3396272.342.000) 2022-12-25 06:59:22 Image size of job updated: 1464340
	63  -  MemoryUsage of job (MB)
	63844  -  ResidentSetSize of job (KB)
...
040 (3396272.342.000) 2022-12-25 06:59:22 Started transferring output files
	Seconds spent in queue: 2114
...
040 (3396272.342.000) 2022-12-25 06:59:23 Finished transferring output files
...
005 (3396272.342.000) 2022-12-25 06:59:23 Job terminated.
	(1) Normal termination (return value 0)
		Usr 0 00:00:10, Sys 0 00:00:02  -  Run Remote Usage
		Usr 0 00:00:00, Sys 0 00:00:00  -  Run Local Usage
		Usr 0 00:00:10, Sys 0 00:00:02  -  Total Remote Usage
		Usr 0 00:00:00, Sys 0 00:00:00  -  Total Local Usage
	8974  -  Run Bytes Sent By Job
	328686848  -  Run Bytes Received By Job
	8974  -  Total Bytes Sent By Job
	328686848  -  Total Bytes Received By Job
	Partitionable Resources :     Usage  Request Allocated 
	   Cpus                 :      0.15        1         1 
	   Disk (KB)            : 321060     2097152   2345769 
	   IoHeavy              :                            0 
	   Memory (MB)          :     63        2048      2048 

	Job terminated of its own accord at 2022-12-25T12:59:22Z.
...
