000 (3396273.558.000) 2022-12-25 06:14:13 Job submitted from host: <144.92.180.5:9618?addrs=144.92.180.5-9618+[2607-f388-101c-1000--368]-9618&alias=login02.hep.wisc.edu&noUDP&sock=schedd_3117_94ca>
...
040 (3396273.558.000) 2022-12-25 06:51:21 Entered queue to transfer input files
	Transferring to host: <128.105.69.51:9618?addrs=128.105.69.51-9618+[2607-f388-2200-100-1e6a-7aff-fe26-37a3]-9618&alias=e2375.chtc.wisc.edu&noUDP&sock=slot1_13_6015_dc8e_19811>
...
040 (3396273.558.000) 2022-12-25 07:27:48 Started transferring input files
	Seconds spent in queue: 2187
...
040 (3396273.558.000) 2022-12-25 07:32:44 Finished transferring input files
...
001 (3396273.558.000) 2022-12-25 07:32:45 Job executing on host: <128.105.69.51:9618?addrs=128.105.69.51-9618+[2607-f388-2200-100-1e6a-7aff-fe26-37a3]-9618&alias=e2375.chtc.wisc.edu&noUDP&sock=startd_7688_e832>
...
006 (3396273.558.000) 2022-12-25 07:32:54 Image size of job updated: 820048
	407  -  MemoryUsage of job (MB)
	416124  -  ResidentSetSize of job (KB)
...
006 (3396273.558.000) 2022-12-25 07:37:55 Image size of job updated: 1485740
	536  -  MemoryUsage of job (MB)
	548336  -  ResidentSetSize of job (KB)
...
006 (3396273.558.000) 2022-12-25 07:42:55 Image size of job updated: 1487808
	539  -  MemoryUsage of job (MB)
	551448  -  ResidentSetSize of job (KB)
...
006 (3396273.558.000) 2022-12-25 07:47:56 Image size of job updated: 1487812
	550  -  MemoryUsage of job (MB)
	562504  -  ResidentSetSize of job (KB)
...
040 (3396273.558.000) 2022-12-25 07:52:15 Started transferring output files
	Seconds spent in queue: 3654
...
040 (3396273.558.000) 2022-12-25 07:52:15 Finished transferring output files
...
005 (3396273.558.000) 2022-12-25 07:52:15 Job terminated.
	(1) Normal termination (return value 0)
		Usr 0 00:06:08, Sys 0 00:01:05  -  Run Remote Usage
		Usr 0 00:00:00, Sys 0 00:00:00  -  Run Local Usage
		Usr 0 00:06:08, Sys 0 00:01:05  -  Total Remote Usage
		Usr 0 00:00:00, Sys 0 00:00:00  -  Total Local Usage
	1634829  -  Run Bytes Sent By Job
	328686848  -  Run Bytes Received By Job
	1634829  -  Total Bytes Sent By Job
	328686848  -  Total Bytes Received By Job
	Partitionable Resources :     Usage  Request Allocated 
	   Cpus                 :      0.48        1         1 
	   Disk (KB)            : 322648     2097152   2345517 
	   IoHeavy              :                            0 
	   Memory (MB)          :    550        2048      2048 

	Job terminated of its own accord at 2022-12-25T13:52:15Z.
...
