000 (3396272.302.000) 2022-12-25 06:11:15 Job submitted from host: <144.92.180.5:9618?addrs=144.92.180.5-9618+[2607-f388-101c-1000--368]-9618&alias=login02.hep.wisc.edu&noUDP&sock=schedd_3117_94ca>
...
040 (3396272.302.000) 2022-12-25 06:22:02 Entered queue to transfer input files
	Transferring to host: <128.105.68.218:9618?addrs=128.105.68.218-9618+[2607-f388-2200-100-1e6a-7aff-fe26-3123]-9618&alias=e305.chtc.wisc.edu&noUDP&sock=slot1_35_33507_766c_17793>
...
040 (3396272.302.000) 2022-12-25 06:51:15 Started transferring input files
	Seconds spent in queue: 1753
...
040 (3396272.302.000) 2022-12-25 06:51:46 Finished transferring input files
...
001 (3396272.302.000) 2022-12-25 06:51:47 Job executing on host: <128.105.68.218:9618?addrs=128.105.68.218-9618+[2607-f388-2200-100-1e6a-7aff-fe26-3123]-9618&alias=e305.chtc.wisc.edu&noUDP&sock=startd_7181_25ad>
...
006 (3396272.302.000) 2022-12-25 06:51:56 Image size of job updated: 539788
	77  -  MemoryUsage of job (MB)
	78416  -  ResidentSetSize of job (KB)
...
006 (3396272.302.000) 2022-12-25 06:54:06 Image size of job updated: 1424332
	77  -  MemoryUsage of job (MB)
	78444  -  ResidentSetSize of job (KB)
...
040 (3396272.302.000) 2022-12-25 06:54:06 Started transferring output files
	Seconds spent in queue: 1924
...
040 (3396272.302.000) 2022-12-25 06:54:06 Finished transferring output files
...
005 (3396272.302.000) 2022-12-25 06:54:07 Job terminated.
	(1) Normal termination (return value 0)
		Usr 0 00:00:32, Sys 0 00:00:02  -  Run Remote Usage
		Usr 0 00:00:00, Sys 0 00:00:00  -  Run Local Usage
		Usr 0 00:00:32, Sys 0 00:00:02  -  Total Remote Usage
		Usr 0 00:00:00, Sys 0 00:00:00  -  Total Local Usage
	1227234  -  Run Bytes Sent By Job
	328686848  -  Run Bytes Received By Job
	1227234  -  Total Bytes Sent By Job
	328686848  -  Total Bytes Received By Job
	Partitionable Resources :     Usage  Request Allocated 
	   Cpus                 :      0.39        1         1 
	   Disk (KB)            : 322250     2097152   2315115 
	   IoHeavy              :                            0 
	   Memory (MB)          :     77        2048      2048 

	Job terminated of its own accord at 2022-12-25T12:54:06Z.
...
