000 (3396272.351.000) 2022-12-25 06:11:15 Job submitted from host: <144.92.180.5:9618?addrs=144.92.180.5-9618+[2607-f388-101c-1000--368]-9618&alias=login02.hep.wisc.edu&noUDP&sock=schedd_3117_94ca>
...
040 (3396272.351.000) 2022-12-25 06:24:54 Entered queue to transfer input files
	Transferring to host: <128.105.69.71:9618?addrs=128.105.69.71-9618+[2607-f388-2200-100-1e6a-7aff-fe26-da35]-9618&alias=e2400.chtc.wisc.edu&noUDP&sock=slot1_22_18524_956a_21522>
...
040 (3396272.351.000) 2022-12-25 06:53:56 Started transferring input files
	Seconds spent in queue: 1742
...
040 (3396272.351.000) 2022-12-25 07:07:11 Finished transferring input files
...
001 (3396272.351.000) 2022-12-25 07:07:12 Job executing on host: <128.105.69.71:9618?addrs=128.105.69.71-9618+[2607-f388-2200-100-1e6a-7aff-fe26-da35]-9618&alias=e2400.chtc.wisc.edu&noUDP&sock=startd_7544_228e>
...
006 (3396272.351.000) 2022-12-25 07:07:20 Image size of job updated: 539788
	93  -  MemoryUsage of job (MB)
	94312  -  ResidentSetSize of job (KB)
...
006 (3396272.351.000) 2022-12-25 07:08:44 Image size of job updated: 1497616
	93  -  MemoryUsage of job (MB)
	94316  -  ResidentSetSize of job (KB)
...
040 (3396272.351.000) 2022-12-25 07:08:45 Started transferring output files
	Seconds spent in queue: 2631
...
040 (3396272.351.000) 2022-12-25 07:08:45 Finished transferring output files
...
005 (3396272.351.000) 2022-12-25 07:08:45 Job terminated.
	(1) Normal termination (return value 0)
		Usr 0 00:00:09, Sys 0 00:00:02  -  Run Remote Usage
		Usr 0 00:00:00, Sys 0 00:00:00  -  Run Local Usage
		Usr 0 00:00:09, Sys 0 00:00:02  -  Total Remote Usage
		Usr 0 00:00:00, Sys 0 00:00:00  -  Total Local Usage
	8935  -  Run Bytes Sent By Job
	328686848  -  Run Bytes Received By Job
	8935  -  Total Bytes Sent By Job
	328686848  -  Total Bytes Received By Job
	Partitionable Resources :     Usage  Request Allocated 
	   Cpus                 :      0.09        1         1 
	   Disk (KB)            : 321060     2097152   2338844 
	   IoHeavy              :                            0 
	   Memory (MB)          :     93        2048      2048 

	Job terminated of its own accord at 2022-12-25T13:08:44Z.
...
