000 (3396273.095.000) 2022-12-25 06:14:09 Job submitted from host: <144.92.180.5:9618?addrs=144.92.180.5-9618+[2607-f388-101c-1000--368]-9618&alias=login02.hep.wisc.edu&noUDP&sock=schedd_3117_94ca>
...
040 (3396273.095.000) 2022-12-25 06:31:07 Entered queue to transfer input files
	Transferring to host: <128.105.69.38:9618?addrs=128.105.69.38-9618+[2607-f388-2200-100-1e6a-7aff-fe21-9e77]-9618&alias=e2360.chtc.wisc.edu&noUDP&sock=slot1_19_27679_1bff_14629>
...
040 (3396273.095.000) 2022-12-25 07:04:10 Started transferring input files
	Seconds spent in queue: 1983
...
040 (3396273.095.000) 2022-12-25 07:07:08 Finished transferring input files
...
001 (3396273.095.000) 2022-12-25 07:07:09 Job executing on host: <128.105.69.38:9618?addrs=128.105.69.38-9618+[2607-f388-2200-100-1e6a-7aff-fe21-9e77]-9618&alias=e2360.chtc.wisc.edu&noUDP&sock=startd_7371_78ac>
...
006 (3396273.095.000) 2022-12-25 07:07:18 Image size of job updated: 545436
	361  -  MemoryUsage of job (MB)
	369412  -  ResidentSetSize of job (KB)
...
006 (3396273.095.000) 2022-12-25 07:08:58 Image size of job updated: 1353676
	361  -  MemoryUsage of job (MB)
	369508  -  ResidentSetSize of job (KB)
...
040 (3396273.095.000) 2022-12-25 07:08:58 Started transferring output files
	Seconds spent in queue: 2271
...
040 (3396273.095.000) 2022-12-25 07:08:59 Finished transferring output files
...
005 (3396273.095.000) 2022-12-25 07:08:59 Job terminated.
	(1) Normal termination (return value 0)
		Usr 0 00:00:42, Sys 0 00:00:06  -  Run Remote Usage
		Usr 0 00:00:00, Sys 0 00:00:00  -  Run Local Usage
		Usr 0 00:00:42, Sys 0 00:00:06  -  Total Remote Usage
		Usr 0 00:00:00, Sys 0 00:00:00  -  Total Local Usage
	1515568  -  Run Bytes Sent By Job
	328686848  -  Run Bytes Received By Job
	1515568  -  Total Bytes Sent By Job
	328686848  -  Total Bytes Received By Job
	Partitionable Resources :     Usage  Request Allocated 
	   Cpus                 :      0.04        1         1 
	   Disk (KB)            : 322531     2097152   2318376 
	   IoHeavy              :                            0 
	   Memory (MB)          :    361        2048      2048 

	Job terminated of its own accord at 2022-12-25T13:08:58Z.
...
