000 (3396272.326.000) 2022-12-25 06:11:15 Job submitted from host: <144.92.180.5:9618?addrs=144.92.180.5-9618+[2607-f388-101c-1000--368]-9618&alias=login02.hep.wisc.edu&noUDP&sock=schedd_3117_94ca>
...
040 (3396272.326.000) 2022-12-25 06:23:16 Entered queue to transfer input files
	Transferring to host: <128.105.68.212:9618?addrs=128.105.68.212-9618+[2607-f388-2200-100-1e6a-7aff-fe26-ca0f]-9618&alias=e2299.chtc.wisc.edu&noUDP&sock=slot1_21_7071_e8b9_19781>
...
040 (3396272.326.000) 2022-12-25 06:52:22 Started transferring input files
	Seconds spent in queue: 1746
...
040 (3396272.326.000) 2022-12-25 06:55:14 Finished transferring input files
...
001 (3396272.326.000) 2022-12-25 06:55:15 Job executing on host: <128.105.68.212:9618?addrs=128.105.68.212-9618+[2607-f388-2200-100-1e6a-7aff-fe26-ca0f]-9618&alias=e2299.chtc.wisc.edu&noUDP&sock=startd_7650_d798>
...
006 (3396272.326.000) 2022-12-25 06:55:23 Image size of job updated: 542656
	77  -  MemoryUsage of job (MB)
	78264  -  ResidentSetSize of job (KB)
...
006 (3396272.326.000) 2022-12-25 06:56:37 Image size of job updated: 1465444
	77  -  MemoryUsage of job (MB)
	78264  -  ResidentSetSize of job (KB)
...
040 (3396272.326.000) 2022-12-25 06:56:37 Started transferring output files
	Seconds spent in queue: 2001
...
040 (3396272.326.000) 2022-12-25 06:56:37 Finished transferring output files
...
005 (3396272.326.000) 2022-12-25 06:56:38 Job terminated.
	(1) Normal termination (return value 0)
		Usr 0 00:00:08, Sys 0 00:00:01  -  Run Remote Usage
		Usr 0 00:00:00, Sys 0 00:00:00  -  Run Local Usage
		Usr 0 00:00:08, Sys 0 00:00:01  -  Total Remote Usage
		Usr 0 00:00:00, Sys 0 00:00:00  -  Total Local Usage
	150766  -  Run Bytes Sent By Job
	328686848  -  Run Bytes Received By Job
	150766  -  Total Bytes Sent By Job
	328686848  -  Total Bytes Received By Job
	Partitionable Resources :    Usage  Request Allocated 
	   Cpus                 :        0        1         1 
	   Disk (KB)            :   321198  2097152   2367444 
	   IoHeavy              :                           0 
	   Memory (MB)          :       77     2048      2048 

	Job terminated of its own accord at 2022-12-25T12:56:37Z.
...
