000 (3396273.447.000) 2022-12-25 06:14:12 Job submitted from host: <144.92.180.5:9618?addrs=144.92.180.5-9618+[2607-f388-101c-1000--368]-9618&alias=login02.hep.wisc.edu&noUDP&sock=schedd_3117_94ca>
...
040 (3396273.447.000) 2022-12-25 06:45:42 Entered queue to transfer input files
	Transferring to host: <128.105.69.26:9618?addrs=128.105.69.26-9618+[2607-f388-2200-100-1e6a-7aff-fe26-c159]-9618&alias=e348.chtc.wisc.edu&noUDP&sock=slot1_23_34576_ab77_26470>
...
040 (3396273.447.000) 2022-12-25 07:21:06 Started transferring input files
	Seconds spent in queue: 2124
...
040 (3396273.447.000) 2022-12-25 07:26:56 Finished transferring input files
...
001 (3396273.447.000) 2022-12-25 07:26:57 Job executing on host: <128.105.69.26:9618?addrs=128.105.69.26-9618+[2607-f388-2200-100-1e6a-7aff-fe26-c159]-9618&alias=e348.chtc.wisc.edu&noUDP&sock=startd_2921_243a>
...
006 (3396273.447.000) 2022-12-25 07:27:06 Image size of job updated: 197092
	46  -  MemoryUsage of job (MB)
	47056  -  ResidentSetSize of job (KB)
...
006 (3396273.447.000) 2022-12-25 07:32:06 Image size of job updated: 1478180
	537  -  MemoryUsage of job (MB)
	549352  -  ResidentSetSize of job (KB)
...
040 (3396273.447.000) 2022-12-25 07:33:24 Started transferring output files
	Seconds spent in queue: 2862
...
040 (3396273.447.000) 2022-12-25 07:33:25 Finished transferring output files
...
005 (3396273.447.000) 2022-12-25 07:33:25 Job terminated.
	(1) Normal termination (return value 0)
		Usr 0 00:01:58, Sys 0 00:00:08  -  Run Remote Usage
		Usr 0 00:00:00, Sys 0 00:00:00  -  Run Local Usage
		Usr 0 00:01:58, Sys 0 00:00:08  -  Total Remote Usage
		Usr 0 00:00:00, Sys 0 00:00:00  -  Total Local Usage
	1541815  -  Run Bytes Sent By Job
	328686848  -  Run Bytes Received By Job
	1541815  -  Total Bytes Sent By Job
	328686848  -  Total Bytes Received By Job
	Partitionable Resources :     Usage  Request Allocated 
	   Cpus                 :      0.27        1         1 
	   Disk (KB)            : 322557     2097152   2321418 
	   IoHeavy              :                            0 
	   Memory (MB)          :    537        2048      2048 

	Job terminated of its own accord at 2022-12-25T13:33:24Z.
...
