analyze_etau ZZTo2L2Q_00_02 MC
argc = 8
sp = 0
Systematics : V  Response NJet0 = 0.017
Systematics : V  Response NJet1 = 0.022
Systematics : V  Response NJetGe2 = 0.026
Systematics : V  Resolution NJet0 = 0.024
Systematics : V  Resolution NJet1 = 0.03
Systematics : V  Resolution NJetGe2 = 0.034
Systematics : EWK  Response NJet0 = 0.015
Systematics : EWK  Response NJet1 = 0.02
Systematics : EWK  Response NJetGe2 = 0.025
Systematics : EWK  Resolution NJet0 = 0.021
Systematics : EWK  Resolution NJet1 = 0.027
Systematics : EWK  Resolution NJetGe2 = 0.032
Systematics : TOP  Response NJet0 = 0.015
Systematics : TOP  Response NJet1 = 0.02
Systematics : TOP  Response NJetGe2 = 0.025
Systematics : TOP  Resolution NJet0 = 0.021
Systematics : TOP  Resolution NJet1 = 0.027
Systematics : TOP  Resolution NJetGe2 = 0.032
V_NJet0
V_NJet1
V_NJetGe2
EWK_NJet0
EWK_NJet1
EWK_NJetGe2
TOP_NJet0
TOP_NJet1
TOP_NJetGe2
All files added.
Initializing chain.
from Init MC
sample ==========ZZTo2L2Q_00_02
.... MC file ..... 
Coming in: 
nentries:1447097
Running over 1447097 events.
Finished entry 0/1447096
Finished entry 70000/1447096
Finished entry 140000/1447096
Finished entry 210000/1447096
Finished entry 280000/1447096
Finished entry 350000/1447096
Finished entry 420000/1447096
Finished entry 490000/1447096
Finished entry 560000/1447096
Finished entry 630000/1447096
Finished entry 700000/1447096
Finished entry 770000/1447096
Finished entry 840000/1447096
Finished entry 980000/1447096
Finished entry 1050000/1447096
Finished entry 1120000/1447096
Finished entry 1190000/1447096
Finished entry 1260000/1447096
Finished entry 1330000/1447096
Finished entry 1400000/1447096
Finished entry 1447096/1447096
All events checked.
*******************************************
******************Jithin's original*************************
    Initial entries 1447097.000000
   Passing smikking 0.000000
     GoodMuonPassed 0.000000   % change= 100.000000
      GoodTauPassed 0.000000   % change= -nan
         opp charge 0.000000   % change= -nan
 PassedThirdLepVeto 2812.000000   % change= -inf
     PassedBjetVeto 2812.000000   % change= 0.000000
       DeltaRPassed 2812.000000   % change= 0.000000
      Total change :99.805680
*******************************************
*******************************************
Number of events inspected: 1447097
Number of events inspected (minus negative gen. weights): 886219.000000
 Outpt written to ZZTo2L2Q_00_02.root
Real time 0:22:17, CP time 475.720
1671974437 - 1671973084
