000 (3396273.045.000) 2022-12-25 06:14:09 Job submitted from host: <144.92.180.5:9618?addrs=144.92.180.5-9618+[2607-f388-101c-1000--368]-9618&alias=login02.hep.wisc.edu&noUDP&sock=schedd_3117_94ca>
...
040 (3396273.045.000) 2022-12-25 06:29:48 Entered queue to transfer input files
	Transferring to host: <128.105.69.46:9618?addrs=128.105.69.46-9618+[2607-f388-2200-100-1e6a-7aff-fe21-b2bb]-9618&alias=e2370.chtc.wisc.edu&noUDP&sock=slot1_30_2955_d091_20842>
...
040 (3396273.045.000) 2022-12-25 07:01:45 Started transferring input files
	Seconds spent in queue: 1917
...
040 (3396273.045.000) 2022-12-25 07:06:47 Finished transferring input files
...
001 (3396273.045.000) 2022-12-25 07:06:48 Job executing on host: <128.105.69.46:9618?addrs=128.105.69.46-9618+[2607-f388-2200-100-1e6a-7aff-fe21-b2bb]-9618&alias=e2370.chtc.wisc.edu&noUDP&sock=startd_7624_0222>
...
006 (3396273.045.000) 2022-12-25 07:06:56 Image size of job updated: 1349540
	408  -  MemoryUsage of job (MB)
	417312  -  ResidentSetSize of job (KB)
...
006 (3396273.045.000) 2022-12-25 07:07:03 Image size of job updated: 1351064
	408  -  MemoryUsage of job (MB)
	417312  -  ResidentSetSize of job (KB)
...
040 (3396273.045.000) 2022-12-25 07:07:03 Started transferring output files
	Seconds spent in queue: 2235
...
040 (3396273.045.000) 2022-12-25 07:07:04 Finished transferring output files
...
005 (3396273.045.000) 2022-12-25 07:07:04 Job terminated.
	(1) Normal termination (return value 0)
		Usr 0 00:00:09, Sys 0 00:00:02  -  Run Remote Usage
		Usr 0 00:00:00, Sys 0 00:00:00  -  Run Local Usage
		Usr 0 00:00:09, Sys 0 00:00:02  -  Total Remote Usage
		Usr 0 00:00:00, Sys 0 00:00:00  -  Total Local Usage
	563874  -  Run Bytes Sent By Job
	328686848  -  Run Bytes Received By Job
	563874  -  Total Bytes Sent By Job
	328686848  -  Total Bytes Received By Job
	Partitionable Resources :     Usage  Request Allocated 
	   Cpus                 :      0.02        1         1 
	   Disk (KB)            : 321601     2097152   2337401 
	   IoHeavy              :                            0 
	   Memory (MB)          :    408        2048      2048 

	Job terminated of its own accord at 2022-12-25T13:07:03Z.
...
