000 (3396273.488.000) 2022-12-25 06:14:12 Job submitted from host: <144.92.180.5:9618?addrs=144.92.180.5-9618+[2607-f388-101c-1000--368]-9618&alias=login02.hep.wisc.edu&noUDP&sock=schedd_3117_94ca>
...
040 (3396273.488.000) 2022-12-25 06:46:50 Entered queue to transfer input files
	Transferring to host: <128.105.69.78:9618?addrs=128.105.69.78-9618+[2607-f388-2200-100-1e6a-7aff-fe26-c5bf]-9618&alias=e2338.chtc.wisc.edu&noUDP&sock=slot1_10_6480_7f01_21877>
...
040 (3396273.488.000) 2022-12-25 07:23:16 Started transferring input files
	Seconds spent in queue: 2186
...
040 (3396273.488.000) 2022-12-25 07:27:43 Finished transferring input files
...
001 (3396273.488.000) 2022-12-25 07:27:44 Job executing on host: <128.105.69.78:9618?addrs=128.105.69.78-9618+[2607-f388-2200-100-1e6a-7aff-fe26-c5bf]-9618&alias=e2338.chtc.wisc.edu&noUDP&sock=startd_7323_8c20>
...
006 (3396273.488.000) 2022-12-25 07:27:53 Image size of job updated: 487128
	373  -  MemoryUsage of job (MB)
	381360  -  ResidentSetSize of job (KB)
...
006 (3396273.488.000) 2022-12-25 07:32:54 Image size of job updated: 1493100
	555  -  MemoryUsage of job (MB)
	567340  -  ResidentSetSize of job (KB)
...
006 (3396273.488.000) 2022-12-25 07:42:55 Image size of job updated: 1493152
	570  -  MemoryUsage of job (MB)
	583544  -  ResidentSetSize of job (KB)
...
040 (3396273.488.000) 2022-12-25 07:45:01 Started transferring output files
	Seconds spent in queue: 3491
...
040 (3396273.488.000) 2022-12-25 07:45:01 Finished transferring output files
...
005 (3396273.488.000) 2022-12-25 07:45:02 Job terminated.
	(1) Normal termination (return value 0)
		Usr 0 00:05:23, Sys 0 00:01:00  -  Run Remote Usage
		Usr 0 00:00:00, Sys 0 00:00:00  -  Run Local Usage
		Usr 0 00:05:23, Sys 0 00:01:00  -  Total Remote Usage
		Usr 0 00:00:00, Sys 0 00:00:00  -  Total Local Usage
	1610739  -  Run Bytes Sent By Job
	328686848  -  Run Bytes Received By Job
	1610739  -  Total Bytes Sent By Job
	328686848  -  Total Bytes Received By Job
	Partitionable Resources :     Usage  Request Allocated 
	   Cpus                 :      0.13        1         1 
	   Disk (KB)            : 322624     2097152   2404405 
	   IoHeavy              :                            0 
	   Memory (MB)          :    570        2048      2048 

	Job terminated of its own accord at 2022-12-25T13:45:01Z.
...
