analyze_etau blinded_MET_EraB_0001_06 DATA
argc = 8
sp = 0
Systematics : V  Response NJet0 = 0.017
Systematics : V  Response NJet1 = 0.022
Systematics : V  Response NJetGe2 = 0.026
Systematics : V  Resolution NJet0 = 0.024
Systematics : V  Resolution NJet1 = 0.03
Systematics : V  Resolution NJetGe2 = 0.034
Systematics : EWK  Response NJet0 = 0.015
Systematics : EWK  Response NJet1 = 0.02
Systematics : EWK  Response NJetGe2 = 0.025
Systematics : EWK  Resolution NJet0 = 0.021
Systematics : EWK  Resolution NJet1 = 0.027
Systematics : EWK  Resolution NJetGe2 = 0.032
Systematics : TOP  Response NJet0 = 0.015
Systematics : TOP  Response NJet1 = 0.02
Systematics : TOP  Response NJetGe2 = 0.025
Systematics : TOP  Resolution NJet0 = 0.021
Systematics : TOP  Resolution NJet1 = 0.027
Systematics : TOP  Resolution NJetGe2 = 0.032
V_NJet0
V_NJet1
V_NJetGe2
EWK_NJet0
EWK_NJet1
EWK_NJetGe2
TOP_NJet0
TOP_NJet1
TOP_NJetGe2
All files added.
Initializing chain.
from Init DATA
sample ==========blinded_MET_EraB_0001_06
.... DATA file ..... 
Coming in: 
nentries:1202
Running over 1202 events.
Finished entry 0/1201
Finished entry 60/1201
Finished entry 120/1201
Finished entry 180/1201
Finished entry 240/1201
Finished entry 300/1201
Finished entry 360/1201
Finished entry 420/1201
Finished entry 480/1201
Finished entry 540/1201
Finished entry 600/1201
Finished entry 660/1201
Finished entry 720/1201
Finished entry 780/1201
Finished entry 840/1201
Finished entry 900/1201
Finished entry 960/1201
Finished entry 1020/1201
Finished entry 1080/1201
Finished entry 1140/1201
Finished entry 1200/1201
Finished entry 1201/1201
All events checked.
*******************************************
******************Jithin's original*************************
    Initial entries 1202.000000
   Passing smikking 0.000000
     GoodMuonPassed 0.000000   % change= 100.000000
      GoodTauPassed 0.000000   % change= -nan
         opp charge 0.000000   % change= -nan
 PassedThirdLepVeto 6.000000   % change= -inf
     PassedBjetVeto 6.000000   % change= 0.000000
       DeltaRPassed 6.000000   % change= 0.000000
      Total change :99.500832
*******************************************
*******************************************
Number of events inspected: 1202
Number of events inspected (minus negative gen. weights): 1202.000000
 Outpt written to blinded_MET_EraB_0001_06.root
Real time 0:00:30, CP time 12.850
1671972846 - 1671972802
