000 (3396273.279.000) 2022-12-25 06:14:11 Job submitted from host: <144.92.180.5:9618?addrs=144.92.180.5-9618+[2607-f388-101c-1000--368]-9618&alias=login02.hep.wisc.edu&noUDP&sock=schedd_3117_94ca>
...
040 (3396273.279.000) 2022-12-25 06:39:03 Entered queue to transfer input files
	Transferring to host: <128.104.58.167:9618?addrs=128.104.58.167-9618+[2607-f388-1086-0-16fe-b5ff-fec6-7516]-9618&alias=e1020.chtc.wisc.edu&noUDP&sock=slot1_4_24021_b7aa_24209>
...
040 (3396273.279.000) 2022-12-25 07:13:02 Started transferring input files
	Seconds spent in queue: 2039
...
040 (3396273.279.000) 2022-12-25 07:13:31 Finished transferring input files
...
001 (3396273.279.000) 2022-12-25 07:13:32 Job executing on host: <128.104.58.167:9618?addrs=128.104.58.167-9618+[2607-f388-1086-0-16fe-b5ff-fec6-7516]-9618&alias=e1020.chtc.wisc.edu&noUDP&sock=startd_10029_a367>
...
006 (3396273.279.000) 2022-12-25 07:13:41 Image size of job updated: 410204
	361  -  MemoryUsage of job (MB)
	369152  -  ResidentSetSize of job (KB)
...
006 (3396273.279.000) 2022-12-25 07:18:41 Image size of job updated: 1461316
	529  -  MemoryUsage of job (MB)
	540852  -  ResidentSetSize of job (KB)
...
006 (3396273.279.000) 2022-12-25 07:23:41 Image size of job updated: 1461316
	532  -  MemoryUsage of job (MB)
	544172  -  ResidentSetSize of job (KB)
...
040 (3396273.279.000) 2022-12-25 07:24:16 Started transferring output files
	Seconds spent in queue: 2713
...
040 (3396273.279.000) 2022-12-25 07:24:17 Finished transferring output files
...
005 (3396273.279.000) 2022-12-25 07:24:18 Job terminated.
	(1) Normal termination (return value 0)
		Usr 0 00:05:26, Sys 0 00:00:29  -  Run Remote Usage
		Usr 0 00:00:00, Sys 0 00:00:00  -  Run Local Usage
		Usr 0 00:05:26, Sys 0 00:00:29  -  Total Remote Usage
		Usr 0 00:00:00, Sys 0 00:00:00  -  Total Local Usage
	1693715  -  Run Bytes Sent By Job
	328686848  -  Run Bytes Received By Job
	1693715  -  Total Bytes Sent By Job
	328686848  -  Total Bytes Received By Job
	Partitionable Resources :     Usage  Request Allocated 
	   Cpus                 :      0.72        1         1 
	   Disk (KB)            : 322705     2097152   2336915 
	   IoHeavy              :                            0 
	   Memory (MB)          :    532        2048      2048 

	Job terminated of its own accord at 2022-12-25T13:24:16Z.
...
