000 (7915400.000.000) 2022-01-03 13:48:59 Job submitted from host: <144.92.181.245:9618?addrs=144.92.181.245-9618+[2607-f388-101c-1000--372]-9618&alias=login06.hep.wisc.edu&noUDP&sock=schedd_913429_e58e>
...
040 (7915400.000.000) 2022-01-03 13:50:08 Entered queue to transfer input files
	Transferring to host: <128.105.245.132:9618?addrs=128.105.245.132-9618&alias=e2332.chtc.wisc.edu&noUDP&sock=slot1_21_12932_8387_13741>
...
040 (7915400.000.000) 2022-01-03 13:51:33 Started transferring input files
	Seconds spent in queue: 85
...
040 (7915400.000.000) 2022-01-03 13:52:28 Finished transferring input files
...
001 (7915400.000.000) 2022-01-03 13:52:30 Job executing on host: <128.105.245.132:9618?addrs=128.105.245.132-9618&alias=e2332.chtc.wisc.edu&noUDP&sock=startd_2986_b9e2>
...
006 (7915400.000.000) 2022-01-03 13:52:39 Image size of job updated: 39096
	8  -  MemoryUsage of job (MB)
	7284  -  ResidentSetSize of job (KB)
...
006 (7915400.000.000) 2022-01-03 13:54:05 Image size of job updated: 864320
	8  -  MemoryUsage of job (MB)
	7284  -  ResidentSetSize of job (KB)
...
040 (7915400.000.000) 2022-01-03 13:54:05 Started transferring output files
	Seconds spent in queue: 237
...
040 (7915400.000.000) 2022-01-03 13:54:05 Finished transferring output files
...
005 (7915400.000.000) 2022-01-03 13:54:05 Job terminated.
	(1) Normal termination (return value 0)
		Usr 0 00:00:05, Sys 0 00:00:01  -  Run Remote Usage
		Usr 0 00:00:00, Sys 0 00:00:00  -  Run Local Usage
		Usr 0 00:00:05, Sys 0 00:00:01  -  Total Remote Usage
		Usr 0 00:00:00, Sys 0 00:00:00  -  Total Local Usage
	132459  -  Run Bytes Sent By Job
	315491744  -  Run Bytes Received By Job
	132459  -  Total Bytes Sent By Job
	315491744  -  Total Bytes Received By Job
	Partitionable Resources :     Usage  Request Allocated 
	   Cpus                 :      0.17        1         1 
	   Disk (KB)            : 308287     2048000   2339152 
	   IoHeavy              :                            0 
	   Memory (MB)          :      8        1992      2048 

	Job terminated of its own accord at 2022-01-03T19:54:05Z.
...
