000 (7915324.000.000) 2022-01-03 13:46:48 Job submitted from host: <144.92.181.245:9618?addrs=144.92.181.245-9618+[2607-f388-101c-1000--372]-9618&alias=login06.hep.wisc.edu&noUDP&sock=schedd_913429_e58e>
...
040 (7915324.000.000) 2022-01-03 13:48:07 Started transferring input files
	Transferring to host: <128.105.245.116:9618?addrs=128.105.245.116-9618&alias=e316.chtc.wisc.edu&noUDP&sock=slot1_22_39310_3378_13369>
...
040 (7915324.000.000) 2022-01-03 13:52:52 Finished transferring input files
...
001 (7915324.000.000) 2022-01-03 13:52:54 Job executing on host: <128.105.245.116:9618?addrs=128.105.245.116-9618&alias=e316.chtc.wisc.edu&noUDP&sock=startd_36994_62ac>
...
006 (7915324.000.000) 2022-01-03 13:53:03 Image size of job updated: 665228
	396  -  MemoryUsage of job (MB)
	404652  -  ResidentSetSize of job (KB)
...
006 (7915324.000.000) 2022-01-03 13:54:45 Image size of job updated: 1176572
	396  -  MemoryUsage of job (MB)
	404652  -  ResidentSetSize of job (KB)
...
040 (7915324.000.000) 2022-01-03 13:54:45 Started transferring output files
...
040 (7915324.000.000) 2022-01-03 13:54:46 Finished transferring output files
...
005 (7915324.000.000) 2022-01-03 13:54:46 Job terminated.
	(1) Normal termination (return value 0)
		Usr 0 00:00:47, Sys 0 00:00:04  -  Run Remote Usage
		Usr 0 00:00:00, Sys 0 00:00:00  -  Run Local Usage
		Usr 0 00:00:47, Sys 0 00:00:04  -  Total Remote Usage
		Usr 0 00:00:00, Sys 0 00:00:00  -  Total Local Usage
	161826  -  Run Bytes Sent By Job
	315491744  -  Run Bytes Received By Job
	161826  -  Total Bytes Sent By Job
	315491744  -  Total Bytes Received By Job
	Partitionable Resources :     Usage  Request Allocated 
	   Cpus                 :      0.02        1         1 
	   Disk (KB)            : 308315     2048000   2323896 
	   IoHeavy              :                            0 
	   Memory (MB)          :    396        1992      2048 

	Job terminated of its own accord at 2022-01-03T19:54:45Z.
...
