000 (7915272.000.000) 2022-01-03 13:46:18 Job submitted from host: <144.92.181.245:9618?addrs=144.92.181.245-9618+[2607-f388-101c-1000--372]-9618&alias=login06.hep.wisc.edu&noUDP&sock=schedd_913429_e58e>
...
040 (7915272.000.000) 2022-01-03 13:46:47 Started transferring input files
	Transferring to host: <128.104.101.146:9618?addrs=128.104.101.146-9618+[2607-f388-107c-501-4603-a7ff-fe29-a50b]-9618&alias=e0146.chtc.wisc.edu&noUDP&sock=slot1_24_3001_39d3_10169>
...
040 (7915272.000.000) 2022-01-03 13:53:19 Finished transferring input files
...
001 (7915272.000.000) 2022-01-03 13:53:20 Job executing on host: <128.104.101.146:9618?addrs=128.104.101.146-9618+[2607-f388-107c-501-4603-a7ff-fe29-a50b]-9618&alias=e0146.chtc.wisc.edu&noUDP&sock=startd_2010_4573>
...
006 (7915272.000.000) 2022-01-03 13:53:29 Image size of job updated: 642396
	462  -  MemoryUsage of job (MB)
	472460  -  ResidentSetSize of job (KB)
...
006 (7915272.000.000) 2022-01-03 13:54:06 Image size of job updated: 1183208
	462  -  MemoryUsage of job (MB)
	472460  -  ResidentSetSize of job (KB)
...
040 (7915272.000.000) 2022-01-03 13:54:06 Started transferring output files
...
040 (7915272.000.000) 2022-01-03 13:54:07 Finished transferring output files
...
005 (7915272.000.000) 2022-01-03 13:54:07 Job terminated.
	(1) Normal termination (return value 0)
		Usr 0 00:00:17, Sys 0 00:00:02  -  Run Remote Usage
		Usr 0 00:00:00, Sys 0 00:00:00  -  Run Local Usage
		Usr 0 00:00:17, Sys 0 00:00:02  -  Total Remote Usage
		Usr 0 00:00:00, Sys 0 00:00:00  -  Total Local Usage
	159847  -  Run Bytes Sent By Job
	315491744  -  Run Bytes Received By Job
	159847  -  Total Bytes Sent By Job
	315491744  -  Total Bytes Received By Job
	Partitionable Resources :     Usage  Request Allocated 
	   Cpus                 :      0.03        1         1 
	   Disk (KB)            : 308314     2048000   3321251 
	   IoHeavy              :                            0 
	   Memory (MB)          :    462        1992      2048 

	Job terminated of its own accord at 2022-01-03T19:54:06Z.
...
