000 (7915358.000.000) 2022-01-03 13:47:44 Job submitted from host: <144.92.181.245:9618?addrs=144.92.181.245-9618+[2607-f388-101c-1000--372]-9618&alias=login06.hep.wisc.edu&noUDP&sock=schedd_913429_e58e>
...
040 (7915358.000.000) 2022-01-03 13:48:26 Started transferring input files
	Transferring to host: <128.104.101.142:9618?addrs=128.104.101.142-9618+[2607-f388-107c-501-206-f6ff-fe30-a5a5]-9618&alias=e142.chtc.wisc.edu&noUDP&sock=slot1_16_3074_a936_10150>
...
040 (7915358.000.000) 2022-01-03 13:55:34 Finished transferring input files
...
001 (7915358.000.000) 2022-01-03 13:55:35 Job executing on host: <128.104.101.142:9618?addrs=128.104.101.142-9618+[2607-f388-107c-501-206-f6ff-fe30-a5a5]-9618&alias=e142.chtc.wisc.edu&noUDP&sock=startd_1855_f445>
...
006 (7915358.000.000) 2022-01-03 13:55:44 Image size of job updated: 557536
	465  -  MemoryUsage of job (MB)
	475552  -  ResidentSetSize of job (KB)
...
006 (7915358.000.000) 2022-01-03 13:56:04 Image size of job updated: 1173208
	466  -  MemoryUsage of job (MB)
	476740  -  ResidentSetSize of job (KB)
...
040 (7915358.000.000) 2022-01-03 13:56:04 Started transferring output files
...
040 (7915358.000.000) 2022-01-03 13:56:04 Finished transferring output files
...
005 (7915358.000.000) 2022-01-03 13:56:04 Job terminated.
	(1) Normal termination (return value 0)
		Usr 0 00:00:11, Sys 0 00:00:02  -  Run Remote Usage
		Usr 0 00:00:00, Sys 0 00:00:00  -  Run Local Usage
		Usr 0 00:00:11, Sys 0 00:00:02  -  Total Remote Usage
		Usr 0 00:00:00, Sys 0 00:00:00  -  Total Local Usage
	120790  -  Run Bytes Sent By Job
	315491776  -  Run Bytes Received By Job
	120790  -  Total Bytes Sent By Job
	315491776  -  Total Bytes Received By Job
	Partitionable Resources :     Usage  Request Allocated 
	   Cpus                 :      0.01        1         1 
	   Disk (KB)            : 308276     2048000   3402927 
	   IoHeavy              :                            0 
	   Memory (MB)          :    466        1992      2048 

	Job terminated of its own accord at 2022-01-03T19:56:04Z.
...
