000 (7915297.000.000) 2022-01-03 13:46:31 Job submitted from host: <144.92.181.245:9618?addrs=144.92.181.245-9618+[2607-f388-101c-1000--372]-9618&alias=login06.hep.wisc.edu&noUDP&sock=schedd_913429_e58e>
...
040 (7915297.000.000) 2022-01-03 13:47:10 Started transferring input files
	Transferring to host: <128.105.68.153:9618?addrs=128.105.68.153-9618&alias=e2012.chtc.wisc.edu&noUDP&sock=slot1_25_8314_b70b_15159>
...
040 (7915297.000.000) 2022-01-03 13:48:51 Finished transferring input files
...
001 (7915297.000.000) 2022-01-03 13:48:52 Job executing on host: <128.105.68.153:9618?addrs=128.105.68.153-9618&alias=e2012.chtc.wisc.edu&noUDP&sock=startd_7468_015c>
...
006 (7915297.000.000) 2022-01-03 13:49:01 Image size of job updated: 1147808
	469  -  MemoryUsage of job (MB)
	479420  -  ResidentSetSize of job (KB)
...
006 (7915297.000.000) 2022-01-03 13:49:08 Image size of job updated: 1197888
	469  -  MemoryUsage of job (MB)
	479684  -  ResidentSetSize of job (KB)
...
040 (7915297.000.000) 2022-01-03 13:49:08 Started transferring output files
...
040 (7915297.000.000) 2022-01-03 13:49:09 Finished transferring output files
...
005 (7915297.000.000) 2022-01-03 13:49:09 Job terminated.
	(1) Normal termination (return value 0)
		Usr 0 00:00:06, Sys 0 00:00:01  -  Run Remote Usage
		Usr 0 00:00:00, Sys 0 00:00:00  -  Run Local Usage
		Usr 0 00:00:06, Sys 0 00:00:01  -  Total Remote Usage
		Usr 0 00:00:00, Sys 0 00:00:00  -  Total Local Usage
	134938  -  Run Bytes Sent By Job
	315491744  -  Run Bytes Received By Job
	134938  -  Total Bytes Sent By Job
	315491744  -  Total Bytes Received By Job
	Partitionable Resources :    Usage  Request Allocated 
	   Cpus                 :                 1         1 
	   Disk (KB)            :   308280  2048000   2902397 
	   IoHeavy              :                           0 
	   Memory (MB)          :      469     1992      2048 

	Job terminated of its own accord at 2022-01-03T19:49:08Z.
...
