000 (7915316.000.000) 2022-01-03 13:46:41 Job submitted from host: <144.92.181.245:9618?addrs=144.92.181.245-9618+[2607-f388-101c-1000--372]-9618&alias=login06.hep.wisc.edu&noUDP&sock=schedd_913429_e58e>
...
040 (7915316.000.000) 2022-01-03 13:48:02 Started transferring input files
	Transferring to host: <128.104.58.163:9618?addrs=128.104.58.163-9618+[2607-f388-1086-0-16fe-b5ff-fec6-7258]-9618&alias=e1015.chtc.wisc.edu&noUDP&sock=slot1_5_45868_e7c2_11721>
...
040 (7915316.000.000) 2022-01-03 13:49:39 Finished transferring input files
...
001 (7915316.000.000) 2022-01-03 13:49:40 Job executing on host: <128.104.58.163:9618?addrs=128.104.58.163-9618+[2607-f388-1086-0-16fe-b5ff-fec6-7258]-9618&alias=e1015.chtc.wisc.edu&noUDP&sock=startd_4959_0a3d>
...
006 (7915316.000.000) 2022-01-03 13:49:49 Image size of job updated: 489908
	397  -  MemoryUsage of job (MB)
	405996  -  ResidentSetSize of job (KB)
...
006 (7915316.000.000) 2022-01-03 13:49:57 Image size of job updated: 594404
	397  -  MemoryUsage of job (MB)
	406012  -  ResidentSetSize of job (KB)
...
040 (7915316.000.000) 2022-01-03 13:49:58 Started transferring output files
...
040 (7915316.000.000) 2022-01-03 13:49:58 Finished transferring output files
...
005 (7915316.000.000) 2022-01-03 13:49:59 Job terminated.
	(1) Normal termination (return value 0)
		Usr 0 00:00:09, Sys 0 00:00:03  -  Run Remote Usage
		Usr 0 00:00:00, Sys 0 00:00:00  -  Run Local Usage
		Usr 0 00:00:09, Sys 0 00:00:03  -  Total Remote Usage
		Usr 0 00:00:00, Sys 0 00:00:00  -  Total Local Usage
	118143  -  Run Bytes Sent By Job
	315491744  -  Run Bytes Received By Job
	118143  -  Total Bytes Sent By Job
	315491744  -  Total Bytes Received By Job
	Partitionable Resources :    Usage  Request Allocated 
	   Cpus                 :                 1         1 
	   Disk (KB)            :   308264  2048000   2417879 
	   IoHeavy              :                           0 
	   Memory (MB)          :      397     1992      2048 

	Job terminated of its own accord at 2022-01-03T19:49:57Z.
...
