000 (7915325.000.000) 2022-01-03 13:46:49 Job submitted from host: <144.92.181.245:9618?addrs=144.92.181.245-9618+[2607-f388-101c-1000--372]-9618&alias=login06.hep.wisc.edu&noUDP&sock=schedd_913429_e58e>
...
040 (7915325.000.000) 2022-01-03 13:48:03 Started transferring input files
	Transferring to host: <128.105.245.152:9618?addrs=128.105.245.152-9618&alias=e2352.chtc.wisc.edu&noUDP&sock=slot1_19_25690_adce_13926>
...
040 (7915325.000.000) 2022-01-03 13:56:08 Finished transferring input files
...
001 (7915325.000.000) 2022-01-03 13:56:09 Job executing on host: <128.105.245.152:9618?addrs=128.105.245.152-9618&alias=e2352.chtc.wisc.edu&noUDP&sock=startd_2975_2e57>
...
006 (7915325.000.000) 2022-01-03 13:56:18 Image size of job updated: 642392
	396  -  MemoryUsage of job (MB)
	405008  -  ResidentSetSize of job (KB)
...
006 (7915325.000.000) 2022-01-03 13:59:11 Image size of job updated: 1175048
	396  -  MemoryUsage of job (MB)
	405008  -  ResidentSetSize of job (KB)
...
040 (7915325.000.000) 2022-01-03 13:59:11 Started transferring output files
...
040 (7915325.000.000) 2022-01-03 13:59:11 Finished transferring output files
...
005 (7915325.000.000) 2022-01-03 13:59:11 Job terminated.
	(1) Normal termination (return value 0)
		Usr 0 00:01:58, Sys 0 00:00:04  -  Run Remote Usage
		Usr 0 00:00:00, Sys 0 00:00:00  -  Run Local Usage
		Usr 0 00:01:58, Sys 0 00:00:04  -  Total Remote Usage
		Usr 0 00:00:00, Sys 0 00:00:00  -  Total Local Usage
	165031  -  Run Bytes Sent By Job
	315491744  -  Run Bytes Received By Job
	165031  -  Total Bytes Sent By Job
	315491744  -  Total Bytes Received By Job
	Partitionable Resources :     Usage  Request Allocated 
	   Cpus                 :      0.81        1         1 
	   Disk (KB)            : 308319     2048000   2341645 
	   IoHeavy              :                            0 
	   Memory (MB)          :    396        1992      2048 

	Job terminated of its own accord at 2022-01-03T19:59:11Z.
...
