000 (7915310.000.000) 2022-01-03 13:46:38 Job submitted from host: <144.92.181.245:9618?addrs=144.92.181.245-9618+[2607-f388-101c-1000--372]-9618&alias=login06.hep.wisc.edu&noUDP&sock=schedd_913429_e58e>
...
040 (7915310.000.000) 2022-01-03 13:48:01 Started transferring input files
	Transferring to host: <128.105.68.118:9618?addrs=128.105.68.118-9618&alias=e2450.chtc.wisc.edu&noUDP&sock=slot1_16_37672_14f5_13856>
...
040 (7915310.000.000) 2022-01-03 13:48:54 Finished transferring input files
...
001 (7915310.000.000) 2022-01-03 13:48:55 Job executing on host: <128.105.68.118:9618?addrs=128.105.68.118-9618&alias=e2450.chtc.wisc.edu&noUDP&sock=startd_2774_4fce>
...
006 (7915310.000.000) 2022-01-03 13:49:04 Image size of job updated: 742752
	664  -  MemoryUsage of job (MB)
	679524  -  ResidentSetSize of job (KB)
...
006 (7915310.000.000) 2022-01-03 13:49:28 Image size of job updated: 1197748
	664  -  MemoryUsage of job (MB)
	679524  -  ResidentSetSize of job (KB)
...
040 (7915310.000.000) 2022-01-03 13:49:29 Started transferring output files
...
040 (7915310.000.000) 2022-01-03 13:49:30 Finished transferring output files
...
005 (7915310.000.000) 2022-01-03 13:49:30 Job terminated.
	(1) Normal termination (return value 0)
		Usr 0 00:00:18, Sys 0 00:00:02  -  Run Remote Usage
		Usr 0 00:00:00, Sys 0 00:00:00  -  Run Local Usage
		Usr 0 00:00:18, Sys 0 00:00:02  -  Total Remote Usage
		Usr 0 00:00:00, Sys 0 00:00:00  -  Total Local Usage
	146010  -  Run Bytes Sent By Job
	315491744  -  Run Bytes Received By Job
	146010  -  Total Bytes Sent By Job
	315491744  -  Total Bytes Received By Job
	Partitionable Resources :    Usage  Request Allocated 
	   Cpus                 :                 1         1 
	   Disk (KB)            :   308291  2048000   2349947 
	   IoHeavy              :                           0 
	   Memory (MB)          :      664     1992      2048 

	Job terminated of its own accord at 2022-01-03T19:49:28Z.
...
