All files added.
Initializing chain.
from Init MC
.... MC file ..... 
Coming in: 
nentries:148978
Running over 148978 events.
Finished entry 0/148977
Finished entry 7000/148977
Finished entry 14000/148977
Finished entry 21000/148977
Finished entry 28000/148977
Finished entry 35000/148977
Finished entry 42000/148977
Finished entry 49000/148977
Finished entry 56000/148977
Finished entry 63000/148977
Finished entry 70000/148977
Finished entry 77000/148977
Finished entry 84000/148977
Finished entry 91000/148977
Finished entry 98000/148977
Finished entry 105000/148977
Finished entry 112000/148977
Finished entry 119000/148977
Finished entry 126000/148977
Finished entry 133000/148977
Finished entry 140000/148977
Finished entry 147000/148977
Finished entry 148977/148977
All events checked.
*******************************************
******************Jithin's original*************************
    Initial entries 148978.000000
   Passing smikking 0.000000
Inspected genWeightd 143722.000000   % change= 3.528038
   METFiltersPassed 143248.413287   % change= 0.329516
    SingleTrgPassed 143248.413287   % change= 0.000000
     GoodMuonPassed 123998.365961   % change= 13.438227
      GoodTauPassed 50903.955456   % change= 58.947882
         opp charge 50903.955456   % change= 0.000000
 PassedThirdLepVeto 43781.998137   % change= 13.990970
     PassedBjetVeto 40570.113652   % change= 7.336085
       DeltaRPassed 40457.219927   % change= 0.278268
      Total change :72.843494
*******************************************
*******************************************
Number of events inspected: 148978
Number of events inspected (minus negative gen. weights): 143722.000000
 Outpt written to WminusHToTauTau_00.root
Real time 0:14:16, CP time 511.580
