000 (7915248.000.000) 2022-01-03 13:46:06 Job submitted from host: <144.92.181.245:9618?addrs=144.92.181.245-9618+[2607-f388-101c-1000--372]-9618&alias=login06.hep.wisc.edu&noUDP&sock=schedd_913429_e58e>
...
040 (7915248.000.000) 2022-01-03 13:46:46 Started transferring input files
	Transferring to host: <128.105.245.185:9618?addrs=128.105.245.185-9618&alias=e2385.chtc.wisc.edu&noUDP&sock=slot1_19_29908_a439_14345>
...
040 (7915248.000.000) 2022-01-03 13:54:01 Finished transferring input files
...
001 (7915248.000.000) 2022-01-03 13:54:02 Job executing on host: <128.105.245.185:9618?addrs=128.105.245.185-9618&alias=e2385.chtc.wisc.edu&noUDP&sock=startd_2583_4d37>
...
006 (7915248.000.000) 2022-01-03 13:54:10 Image size of job updated: 236604
	95  -  MemoryUsage of job (MB)
	97212  -  ResidentSetSize of job (KB)
...
006 (7915248.000.000) 2022-01-03 13:54:50 Image size of job updated: 1176672
	99  -  MemoryUsage of job (MB)
	100980  -  ResidentSetSize of job (KB)
...
040 (7915248.000.000) 2022-01-03 13:54:50 Started transferring output files
...
040 (7915248.000.000) 2022-01-03 13:54:50 Finished transferring output files
...
005 (7915248.000.000) 2022-01-03 13:54:51 Job terminated.
	(1) Normal termination (return value 0)
		Usr 0 00:00:19, Sys 0 00:00:03  -  Run Remote Usage
		Usr 0 00:00:00, Sys 0 00:00:00  -  Run Local Usage
		Usr 0 00:00:19, Sys 0 00:00:03  -  Total Remote Usage
		Usr 0 00:00:00, Sys 0 00:00:00  -  Total Local Usage
	160295  -  Run Bytes Sent By Job
	315491744  -  Run Bytes Received By Job
	160295  -  Total Bytes Sent By Job
	315491744  -  Total Bytes Received By Job
	Partitionable Resources :     Usage  Request Allocated 
	   Cpus                 :      0.02        1         1 
	   Disk (KB)            : 308314     2048000   2363215 
	   IoHeavy              :                            0 
	   Memory (MB)          :     99        1992      2048 

	Job terminated of its own accord at 2022-01-03T19:54:50Z.
...
