000 (7915284.000.000) 2022-01-03 13:46:24 Job submitted from host: <144.92.181.245:9618?addrs=144.92.181.245-9618+[2607-f388-101c-1000--372]-9618&alias=login06.hep.wisc.edu&noUDP&sock=schedd_913429_e58e>
...
040 (7915284.000.000) 2022-01-03 13:47:03 Started transferring input files
	Transferring to host: <128.105.245.140:9618?addrs=128.105.245.140-9618&alias=e340.chtc.wisc.edu&noUDP&sock=slot1_15_17663_ee67_13495>
...
040 (7915284.000.000) 2022-01-03 13:51:11 Finished transferring input files
...
001 (7915284.000.000) 2022-01-03 13:51:12 Job executing on host: <128.105.245.140:9618?addrs=128.105.245.140-9618&alias=e340.chtc.wisc.edu&noUDP&sock=startd_2903_cb86>
...
006 (7915284.000.000) 2022-01-03 13:51:21 Image size of job updated: 537168
	397  -  MemoryUsage of job (MB)
	406488  -  ResidentSetSize of job (KB)
...
006 (7915284.000.000) 2022-01-03 13:51:45 Image size of job updated: 1183236
	397  -  MemoryUsage of job (MB)
	406488  -  ResidentSetSize of job (KB)
...
040 (7915284.000.000) 2022-01-03 13:51:45 Started transferring output files
...
040 (7915284.000.000) 2022-01-03 13:51:45 Finished transferring output files
...
005 (7915284.000.000) 2022-01-03 13:51:45 Job terminated.
	(1) Normal termination (return value 0)
		Usr 0 00:00:18, Sys 0 00:00:02  -  Run Remote Usage
		Usr 0 00:00:00, Sys 0 00:00:00  -  Run Local Usage
		Usr 0 00:00:18, Sys 0 00:00:02  -  Total Remote Usage
		Usr 0 00:00:00, Sys 0 00:00:00  -  Total Local Usage
	146690  -  Run Bytes Sent By Job
	315491776  -  Run Bytes Received By Job
	146690  -  Total Bytes Sent By Job
	315491776  -  Total Bytes Received By Job
	Partitionable Resources :    Usage  Request Allocated 
	   Cpus                 :        0        1         1 
	   Disk (KB)            :   308301  2048000   2347907 
	   IoHeavy              :                           0 
	   Memory (MB)          :      397     1992      2048 

	Job terminated of its own accord at 2022-01-03T19:51:45Z.
...
