000 (7915426.000.000) 2022-01-03 13:49:40 Job submitted from host: <144.92.181.245:9618?addrs=144.92.181.245-9618+[2607-f388-101c-1000--372]-9618&alias=login06.hep.wisc.edu&noUDP&sock=schedd_913429_e58e>
...
040 (7915426.000.000) 2022-01-03 13:50:09 Entered queue to transfer input files
	Transferring to host: <128.105.245.69:9618?addrs=128.105.245.69-9618&alias=e269.chtc.wisc.edu&noUDP&sock=slot1_13_23984_a5c8_13313>
...
040 (7915426.000.000) 2022-01-03 13:52:23 Started transferring input files
	Seconds spent in queue: 134
...
040 (7915426.000.000) 2022-01-03 13:55:27 Finished transferring input files
...
001 (7915426.000.000) 2022-01-03 13:55:28 Job executing on host: <128.105.245.69:9618?addrs=128.105.245.69-9618&alias=e269.chtc.wisc.edu&noUDP&sock=startd_2479_f75e>
...
006 (7915426.000.000) 2022-01-03 13:55:37 Image size of job updated: 583940
	436  -  MemoryUsage of job (MB)
	445472  -  ResidentSetSize of job (KB)
...
040 (7915426.000.000) 2022-01-03 13:55:38 Started transferring output files
	Seconds spent in queue: 329
...
040 (7915426.000.000) 2022-01-03 13:55:38 Finished transferring output files
...
005 (7915426.000.000) 2022-01-03 13:55:38 Job terminated.
	(1) Normal termination (return value 0)
		Usr 0 00:00:04, Sys 0 00:00:01  -  Run Remote Usage
		Usr 0 00:00:00, Sys 0 00:00:00  -  Run Local Usage
		Usr 0 00:00:04, Sys 0 00:00:01  -  Total Remote Usage
		Usr 0 00:00:00, Sys 0 00:00:00  -  Total Local Usage
	65972  -  Run Bytes Sent By Job
	315491776  -  Run Bytes Received By Job
	65972  -  Total Bytes Sent By Job
	315491776  -  Total Bytes Received By Job
	Partitionable Resources :    Usage  Request Allocated 
	   Cpus                 :        0        1         1 
	   Disk (KB)            :   308222  2048000   2339210 
	   IoHeavy              :                           0 
	   Memory (MB)          :      436     1992      2048 

	Job terminated of its own accord at 2022-01-03T19:55:37Z.
...
