000 (7915402.000.000) 2022-01-03 13:49:02 Job submitted from host: <144.92.181.245:9618?addrs=144.92.181.245-9618+[2607-f388-101c-1000--372]-9618&alias=login06.hep.wisc.edu&noUDP&sock=schedd_913429_e58e>
...
040 (7915402.000.000) 2022-01-03 13:50:05 Entered queue to transfer input files
	Transferring to host: <128.105.245.146:9618?addrs=128.105.245.146-9618&alias=e346.chtc.wisc.edu&noUDP&sock=slot1_9_37934_af40_13902>
...
040 (7915402.000.000) 2022-01-03 13:50:54 Started transferring input files
	Seconds spent in queue: 49
...
040 (7915402.000.000) 2022-01-03 13:55:44 Finished transferring input files
...
001 (7915402.000.000) 2022-01-03 13:55:45 Job executing on host: <128.105.245.146:9618?addrs=128.105.245.146-9618&alias=e346.chtc.wisc.edu&noUDP&sock=startd_26701_3e5b>
...
006 (7915402.000.000) 2022-01-03 13:55:54 Image size of job updated: 999056
	399  -  MemoryUsage of job (MB)
	407800  -  ResidentSetSize of job (KB)
...
006 (7915402.000.000) 2022-01-03 13:56:01 Image size of job updated: 999056
	399  -  MemoryUsage of job (MB)
	408064  -  ResidentSetSize of job (KB)
...
040 (7915402.000.000) 2022-01-03 13:56:01 Started transferring output files
	Seconds spent in queue: 356
...
040 (7915402.000.000) 2022-01-03 13:56:01 Finished transferring output files
...
005 (7915402.000.000) 2022-01-03 13:56:01 Job terminated.
	(1) Normal termination (return value 0)
		Usr 0 00:00:05, Sys 0 00:00:01  -  Run Remote Usage
		Usr 0 00:00:00, Sys 0 00:00:00  -  Run Local Usage
		Usr 0 00:00:05, Sys 0 00:00:01  -  Total Remote Usage
		Usr 0 00:00:00, Sys 0 00:00:00  -  Total Local Usage
	141631  -  Run Bytes Sent By Job
	315491744  -  Run Bytes Received By Job
	141631  -  Total Bytes Sent By Job
	315491744  -  Total Bytes Received By Job
	Partitionable Resources :     Usage  Request Allocated 
	   Cpus                 :      0.03        1         1 
	   Disk (KB)            : 308296     2048000   2345276 
	   IoHeavy              :                            0 
	   Memory (MB)          :    399        1992      2048 

	Job terminated of its own accord at 2022-01-03T19:56:01Z.
...
