000 (7915427.000.000) 2022-01-03 13:49:42 Job submitted from host: <144.92.181.245:9618?addrs=144.92.181.245-9618+[2607-f388-101c-1000--372]-9618&alias=login06.hep.wisc.edu&noUDP&sock=schedd_913429_e58e>
...
040 (7915427.000.000) 2022-01-03 13:50:10 Entered queue to transfer input files
	Transferring to host: <128.105.68.110:9618?addrs=128.105.68.110-9618&alias=e2426.chtc.wisc.edu&noUDP&sock=slot1_28_4185_7603_13652>
...
040 (7915427.000.000) 2022-01-03 13:52:26 Started transferring input files
	Seconds spent in queue: 136
...
040 (7915427.000.000) 2022-01-03 13:54:27 Finished transferring input files
...
001 (7915427.000.000) 2022-01-03 13:54:28 Job executing on host: <128.105.68.110:9618?addrs=128.105.68.110-9618&alias=e2426.chtc.wisc.edu&noUDP&sock=startd_2289_a45f>
...
006 (7915427.000.000) 2022-01-03 13:54:36 Image size of job updated: 542556
	397  -  MemoryUsage of job (MB)
	405804  -  ResidentSetSize of job (KB)
...
040 (7915427.000.000) 2022-01-03 13:54:41 Started transferring output files
	Seconds spent in queue: 271
...
040 (7915427.000.000) 2022-01-03 13:54:41 Finished transferring output files
...
005 (7915427.000.000) 2022-01-03 13:54:42 Job terminated.
	(1) Normal termination (return value 0)
		Usr 0 00:00:06, Sys 0 00:00:01  -  Run Remote Usage
		Usr 0 00:00:00, Sys 0 00:00:00  -  Run Local Usage
		Usr 0 00:00:06, Sys 0 00:00:01  -  Total Remote Usage
		Usr 0 00:00:00, Sys 0 00:00:00  -  Total Local Usage
	60416  -  Run Bytes Sent By Job
	315491776  -  Run Bytes Received By Job
	60416  -  Total Bytes Sent By Job
	315491776  -  Total Bytes Received By Job
	Partitionable Resources :    Usage  Request Allocated 
	   Cpus                 :        0        1         1 
	   Disk (KB)            :   308217  2048000   2355305 
	   IoHeavy              :                           0 
	   Memory (MB)          :      397     1992      2048 

	Job terminated of its own accord at 2022-01-03T19:54:40Z.
...
