000 (7915327.000.000) 2022-01-03 13:46:50 Job submitted from host: <144.92.181.245:9618?addrs=144.92.181.245-9618+[2607-f388-101c-1000--372]-9618&alias=login06.hep.wisc.edu&noUDP&sock=schedd_913429_e58e>
...
040 (7915327.000.000) 2022-01-03 13:48:02 Started transferring input files
	Transferring to host: <128.105.245.112:9618?addrs=128.105.245.112-9618&alias=e312.chtc.wisc.edu&noUDP&sock=slot1_15_30357_00ac_13401>
...
040 (7915327.000.000) 2022-01-03 13:50:30 Finished transferring input files
...
001 (7915327.000.000) 2022-01-03 13:50:31 Job executing on host: <128.105.245.112:9618?addrs=128.105.245.112-9618&alias=e312.chtc.wisc.edu&noUDP&sock=startd_2430_5b3a>
...
006 (7915327.000.000) 2022-01-03 13:50:40 Image size of job updated: 1284
	0  -  MemoryUsage of job (MB)
	0  -  ResidentSetSize of job (KB)
...
006 (7915327.000.000) 2022-01-03 13:52:21 Image size of job updated: 1175456
	0  -  MemoryUsage of job (MB)
	0  -  ResidentSetSize of job (KB)
...
040 (7915327.000.000) 2022-01-03 13:52:21 Started transferring output files
...
040 (7915327.000.000) 2022-01-03 13:52:22 Finished transferring output files
...
005 (7915327.000.000) 2022-01-03 13:52:22 Job terminated.
	(1) Normal termination (return value 0)
		Usr 0 00:00:24, Sys 0 00:00:02  -  Run Remote Usage
		Usr 0 00:00:00, Sys 0 00:00:00  -  Run Local Usage
		Usr 0 00:00:24, Sys 0 00:00:02  -  Total Remote Usage
		Usr 0 00:00:00, Sys 0 00:00:00  -  Total Local Usage
	157648  -  Run Bytes Sent By Job
	315491744  -  Run Bytes Received By Job
	157648  -  Total Bytes Sent By Job
	315491744  -  Total Bytes Received By Job
	Partitionable Resources :     Usage  Request Allocated 
	   Cpus                 :      0.00        1         1 
	   Disk (KB)            : 308311     2048000   2319533 
	   IoHeavy              :                            0 
	   Memory (MB)          :      0        1992      2048 

	Job terminated of its own accord at 2022-01-03T19:52:21Z.
...
