000 (7915377.000.000) 2022-01-03 13:48:14 Job submitted from host: <144.92.181.245:9618?addrs=144.92.181.245-9618+[2607-f388-101c-1000--372]-9618&alias=login06.hep.wisc.edu&noUDP&sock=schedd_913429_e58e>
...
040 (7915377.000.000) 2022-01-03 13:48:57 Started transferring input files
	Transferring to host: <128.105.245.135:9618?addrs=128.105.245.135-9618&alias=e335.chtc.wisc.edu&noUDP&sock=slot1_5_21470_4ea2_13445>
...
040 (7915377.000.000) 2022-01-03 13:51:55 Finished transferring input files
...
001 (7915377.000.000) 2022-01-03 13:51:56 Job executing on host: <128.105.245.135:9618?addrs=128.105.245.135-9618&alias=e335.chtc.wisc.edu&noUDP&sock=startd_2429_aba1>
...
006 (7915377.000.000) 2022-01-03 13:52:05 Image size of job updated: 642400
	440  -  MemoryUsage of job (MB)
	449768  -  ResidentSetSize of job (KB)
...
006 (7915377.000.000) 2022-01-03 13:53:44 Image size of job updated: 1176348
	440  -  MemoryUsage of job (MB)
	450296  -  ResidentSetSize of job (KB)
...
040 (7915377.000.000) 2022-01-03 13:53:44 Started transferring output files
...
040 (7915377.000.000) 2022-01-03 13:53:45 Finished transferring output files
...
005 (7915377.000.000) 2022-01-03 13:53:45 Job terminated.
	(1) Normal termination (return value 0)
		Usr 0 00:01:20, Sys 0 00:00:03  -  Run Remote Usage
		Usr 0 00:00:00, Sys 0 00:00:00  -  Run Local Usage
		Usr 0 00:01:20, Sys 0 00:00:03  -  Total Remote Usage
		Usr 0 00:00:00, Sys 0 00:00:00  -  Total Local Usage
	157539  -  Run Bytes Sent By Job
	315491776  -  Run Bytes Received By Job
	157539  -  Total Bytes Sent By Job
	315491776  -  Total Bytes Received By Job
	Partitionable Resources :     Usage  Request Allocated 
	   Cpus                 :      0.02        1         1 
	   Disk (KB)            : 308312     2048000   2323707 
	   IoHeavy              :                            0 
	   Memory (MB)          :    440        1992      2048 

	Job terminated of its own accord at 2022-01-03T19:53:44Z.
...
