000 (7915395.000.000) 2022-01-03 13:48:48 Job submitted from host: <144.92.181.245:9618?addrs=144.92.181.245-9618+[2607-f388-101c-1000--372]-9618&alias=login06.hep.wisc.edu&noUDP&sock=schedd_913429_e58e>
...
040 (7915395.000.000) 2022-01-03 13:49:23 Entered queue to transfer input files
	Transferring to host: <128.105.245.114:9618?addrs=128.105.245.114-9618&alias=e314.chtc.wisc.edu&noUDP&sock=slot1_25_33928_185d_13832>
...
040 (7915395.000.000) 2022-01-03 13:50:30 Started transferring input files
	Seconds spent in queue: 67
...
040 (7915395.000.000) 2022-01-03 13:56:01 Finished transferring input files
...
001 (7915395.000.000) 2022-01-03 13:56:02 Job executing on host: <128.105.245.114:9618?addrs=128.105.245.114-9618&alias=e314.chtc.wisc.edu&noUDP&sock=startd_2784_2bc0>
...
006 (7915395.000.000) 2022-01-03 13:56:10 Image size of job updated: 567116
	440  -  MemoryUsage of job (MB)
	449640  -  ResidentSetSize of job (KB)
...
006 (7915395.000.000) 2022-01-03 13:57:11 Image size of job updated: 1172000
	443  -  MemoryUsage of job (MB)
	453468  -  ResidentSetSize of job (KB)
...
040 (7915395.000.000) 2022-01-03 13:57:11 Started transferring output files
	Seconds spent in queue: 468
...
040 (7915395.000.000) 2022-01-03 13:57:11 Finished transferring output files
...
005 (7915395.000.000) 2022-01-03 13:57:11 Job terminated.
	(1) Normal termination (return value 0)
		Usr 0 00:00:13, Sys 0 00:00:02  -  Run Remote Usage
		Usr 0 00:00:00, Sys 0 00:00:00  -  Run Local Usage
		Usr 0 00:00:13, Sys 0 00:00:02  -  Total Remote Usage
		Usr 0 00:00:00, Sys 0 00:00:00  -  Total Local Usage
	157163  -  Run Bytes Sent By Job
	315491744  -  Run Bytes Received By Job
	157163  -  Total Bytes Sent By Job
	315491744  -  Total Bytes Received By Job
	Partitionable Resources :     Usage  Request Allocated 
	   Cpus                 :      0.02        1         1 
	   Disk (KB)            : 308311     2048000   2346990 
	   IoHeavy              :                            0 
	   Memory (MB)          :    443        1992      2048 

	Job terminated of its own accord at 2022-01-03T19:57:11Z.
...
