000 (7915320.000.000) 2022-01-03 13:46:44 Job submitted from host: <144.92.181.245:9618?addrs=144.92.181.245-9618+[2607-f388-101c-1000--372]-9618&alias=login06.hep.wisc.edu&noUDP&sock=schedd_913429_e58e>
...
040 (7915320.000.000) 2022-01-03 13:48:51 Started transferring input files
	Transferring to host: <128.104.58.180:9618?addrs=128.104.58.180-9618+[2607-f388-1086-0-16fe-b5ff-fec6-779e]-9618&alias=e1036.chtc.wisc.edu&noUDP&sock=slot1_17_45536_fb35_12229>
...
040 (7915320.000.000) 2022-01-03 13:50:05 Finished transferring input files
...
001 (7915320.000.000) 2022-01-03 13:50:06 Job executing on host: <128.104.58.180:9618?addrs=128.104.58.180-9618+[2607-f388-1086-0-16fe-b5ff-fec6-779e]-9618&alias=e1036.chtc.wisc.edu&noUDP&sock=startd_4773_75a0>
...
006 (7915320.000.000) 2022-01-03 13:50:15 Image size of job updated: 703620
	395  -  MemoryUsage of job (MB)
	403648  -  ResidentSetSize of job (KB)
...
006 (7915320.000.000) 2022-01-03 13:51:47 Image size of job updated: 1176348
	395  -  MemoryUsage of job (MB)
	403792  -  ResidentSetSize of job (KB)
...
040 (7915320.000.000) 2022-01-03 13:51:47 Started transferring output files
...
040 (7915320.000.000) 2022-01-03 13:51:47 Finished transferring output files
...
005 (7915320.000.000) 2022-01-03 13:51:47 Job terminated.
	(1) Normal termination (return value 0)
		Usr 0 00:01:17, Sys 0 00:00:04  -  Run Remote Usage
		Usr 0 00:00:00, Sys 0 00:00:00  -  Run Local Usage
		Usr 0 00:01:17, Sys 0 00:00:04  -  Total Remote Usage
		Usr 0 00:00:00, Sys 0 00:00:00  -  Total Local Usage
	165213  -  Run Bytes Sent By Job
	315491744  -  Run Bytes Received By Job
	165213  -  Total Bytes Sent By Job
	315491744  -  Total Bytes Received By Job
	Partitionable Resources :     Usage  Request Allocated 
	   Cpus                 :      0.63        1         1 
	   Disk (KB)            : 308320     2048000   2313023 
	   IoHeavy              :                            0 
	   Memory (MB)          :    395        1992      2048 

	Job terminated of its own accord at 2022-01-03T19:51:47Z.
...
