000 (7915308.000.000) 2022-01-03 13:46:37 Job submitted from host: <144.92.181.245:9618?addrs=144.92.181.245-9618+[2607-f388-101c-1000--372]-9618&alias=login06.hep.wisc.edu&noUDP&sock=schedd_913429_e58e>
...
040 (7915308.000.000) 2022-01-03 13:48:07 Started transferring input files
	Transferring to host: <128.104.58.202:9618?addrs=128.104.58.202-9618+[2607-f388-1086-0-5287-89ff-feb7-2cc2]-9618&alias=e458.chtc.wisc.edu&noUDP&sock=slot1_6_11168_9dbf_12680>
...
040 (7915308.000.000) 2022-01-03 13:50:46 Finished transferring input files
...
001 (7915308.000.000) 2022-01-03 13:50:47 Job executing on host: <128.104.58.202:9618?addrs=128.104.58.202-9618+[2607-f388-1086-0-5287-89ff-feb7-2cc2]-9618&alias=e458.chtc.wisc.edu&noUDP&sock=startd_1851_35e4>
...
006 (7915308.000.000) 2022-01-03 13:50:55 Image size of job updated: 48544
	9  -  MemoryUsage of job (MB)
	8812  -  ResidentSetSize of job (KB)
...
006 (7915308.000.000) 2022-01-03 13:51:19 Image size of job updated: 658852
	9  -  MemoryUsage of job (MB)
	8812  -  ResidentSetSize of job (KB)
...
040 (7915308.000.000) 2022-01-03 13:51:19 Started transferring output files
...
040 (7915308.000.000) 2022-01-03 13:51:19 Finished transferring output files
...
005 (7915308.000.000) 2022-01-03 13:51:19 Job terminated.
	(1) Normal termination (return value 0)
		Usr 0 00:00:05, Sys 0 00:00:01  -  Run Remote Usage
		Usr 0 00:00:00, Sys 0 00:00:00  -  Run Local Usage
		Usr 0 00:00:05, Sys 0 00:00:01  -  Total Remote Usage
		Usr 0 00:00:00, Sys 0 00:00:00  -  Total Local Usage
	98912  -  Run Bytes Sent By Job
	315491744  -  Run Bytes Received By Job
	98912  -  Total Bytes Sent By Job
	315491744  -  Total Bytes Received By Job
	Partitionable Resources :    Usage  Request Allocated 
	   Cpus                 :                 1         1 
	   Disk (KB)            :   308245  2048000   2350137 
	   IoHeavy              :                           0 
	   Memory (MB)          :        9     1992      2048 

	Job terminated of its own accord at 2022-01-03T19:51:19Z.
...
