000 (7915355.000.000) 2022-01-03 13:47:39 Job submitted from host: <144.92.181.245:9618?addrs=144.92.181.245-9618+[2607-f388-101c-1000--372]-9618&alias=login06.hep.wisc.edu&noUDP&sock=schedd_913429_e58e>
...
040 (7915355.000.000) 2022-01-03 13:48:14 Started transferring input files
	Transferring to host: <128.104.101.126:9618?addrs=128.104.101.126-9618+[2607-f388-107c-501-4603-a7ff-fe29-9a3d]-9618&alias=e126.chtc.wisc.edu&noUDP&sock=slot1_9_2583_b502_10403>
...
040 (7915355.000.000) 2022-01-03 13:55:41 Finished transferring input files
...
001 (7915355.000.000) 2022-01-03 13:55:42 Job executing on host: <128.104.101.126:9618?addrs=128.104.101.126-9618+[2607-f388-107c-501-4603-a7ff-fe29-9a3d]-9618&alias=e126.chtc.wisc.edu&noUDP&sock=startd_1644_39c9>
...
006 (7915355.000.000) 2022-01-03 13:55:50 Image size of job updated: 642372
	368  -  MemoryUsage of job (MB)
	376720  -  ResidentSetSize of job (KB)
...
006 (7915355.000.000) 2022-01-03 13:56:30 Image size of job updated: 1172672
	372  -  MemoryUsage of job (MB)
	380888  -  ResidentSetSize of job (KB)
...
040 (7915355.000.000) 2022-01-03 13:56:31 Started transferring output files
...
040 (7915355.000.000) 2022-01-03 13:56:31 Finished transferring output files
...
005 (7915355.000.000) 2022-01-03 13:56:31 Job terminated.
	(1) Normal termination (return value 0)
		Usr 0 00:00:31, Sys 0 00:00:01  -  Run Remote Usage
		Usr 0 00:00:00, Sys 0 00:00:00  -  Run Local Usage
		Usr 0 00:00:31, Sys 0 00:00:01  -  Total Remote Usage
		Usr 0 00:00:00, Sys 0 00:00:00  -  Total Local Usage
	136774  -  Run Bytes Sent By Job
	315491776  -  Run Bytes Received By Job
	136774  -  Total Bytes Sent By Job
	315491776  -  Total Bytes Received By Job
	Partitionable Resources :     Usage  Request Allocated 
	   Cpus                 :      0.02        1         1 
	   Disk (KB)            : 308292     2048000   3408779 
	   IoHeavy              :                            0 
	   Memory (MB)          :    372        1992      2048 

	Job terminated of its own accord at 2022-01-03T19:56:30Z.
...
