000 (7915423.000.000) 2022-01-03 13:49:36 Job submitted from host: <144.92.181.245:9618?addrs=144.92.181.245-9618+[2607-f388-101c-1000--372]-9618&alias=login06.hep.wisc.edu&noUDP&sock=schedd_913429_e58e>
...
040 (7915423.000.000) 2022-01-03 13:50:11 Entered queue to transfer input files
	Transferring to host: <128.105.245.132:9618?addrs=128.105.245.132-9618&alias=e2332.chtc.wisc.edu&noUDP&sock=slot1_22_12932_8387_13742>
...
040 (7915423.000.000) 2022-01-03 13:52:36 Started transferring input files
	Seconds spent in queue: 145
...
040 (7915423.000.000) 2022-01-03 13:54:55 Finished transferring input files
...
001 (7915423.000.000) 2022-01-03 13:54:56 Job executing on host: <128.105.245.132:9618?addrs=128.105.245.132-9618&alias=e2332.chtc.wisc.edu&noUDP&sock=startd_2986_b9e2>
...
006 (7915423.000.000) 2022-01-03 13:55:04 Image size of job updated: 541924
	396  -  MemoryUsage of job (MB)
	405436  -  ResidentSetSize of job (KB)
...
006 (7915423.000.000) 2022-01-03 13:55:10 Image size of job updated: 1003840
	396  -  MemoryUsage of job (MB)
	405436  -  ResidentSetSize of job (KB)
...
040 (7915423.000.000) 2022-01-03 13:55:10 Started transferring output files
	Seconds spent in queue: 299
...
040 (7915423.000.000) 2022-01-03 13:55:10 Finished transferring output files
...
005 (7915423.000.000) 2022-01-03 13:55:10 Job terminated.
	(1) Normal termination (return value 0)
		Usr 0 00:00:04, Sys 0 00:00:01  -  Run Remote Usage
		Usr 0 00:00:00, Sys 0 00:00:00  -  Run Local Usage
		Usr 0 00:00:04, Sys 0 00:00:01  -  Total Remote Usage
		Usr 0 00:00:00, Sys 0 00:00:00  -  Total Local Usage
	58533  -  Run Bytes Sent By Job
	315491776  -  Run Bytes Received By Job
	58533  -  Total Bytes Sent By Job
	315491776  -  Total Bytes Received By Job
	Partitionable Resources :     Usage  Request Allocated 
	   Cpus                 :      0.04        1         1 
	   Disk (KB)            : 308215     2048000   2339152 
	   IoHeavy              :                            0 
	   Memory (MB)          :    396        1992      2048 

	Job terminated of its own accord at 2022-01-03T19:55:10Z.
...
