000 (7915394.000.000) 2022-01-03 13:48:47 Job submitted from host: <144.92.181.245:9618?addrs=144.92.181.245-9618+[2607-f388-101c-1000--372]-9618&alias=login06.hep.wisc.edu&noUDP&sock=schedd_913429_e58e>
...
040 (7915394.000.000) 2022-01-03 13:49:15 Entered queue to transfer input files
	Transferring to host: <128.105.68.153:9618?addrs=128.105.68.153-9618&alias=e2012.chtc.wisc.edu&noUDP&sock=slot1_25_8314_b70b_15175>
...
040 (7915394.000.000) 2022-01-03 13:50:28 Started transferring input files
	Seconds spent in queue: 73
...
040 (7915394.000.000) 2022-01-03 13:56:07 Finished transferring input files
...
001 (7915394.000.000) 2022-01-03 13:56:08 Job executing on host: <128.105.68.153:9618?addrs=128.105.68.153-9618&alias=e2012.chtc.wisc.edu&noUDP&sock=startd_7468_015c>
...
006 (7915394.000.000) 2022-01-03 13:56:17 Image size of job updated: 736508
	442  -  MemoryUsage of job (MB)
	452356  -  ResidentSetSize of job (KB)
...
006 (7915394.000.000) 2022-01-03 13:56:23 Image size of job updated: 736508
	443  -  MemoryUsage of job (MB)
	453016  -  ResidentSetSize of job (KB)
...
040 (7915394.000.000) 2022-01-03 13:56:23 Started transferring output files
	Seconds spent in queue: 428
...
040 (7915394.000.000) 2022-01-03 13:56:23 Finished transferring output files
...
005 (7915394.000.000) 2022-01-03 13:56:24 Job terminated.
	(1) Normal termination (return value 0)
		Usr 0 00:00:07, Sys 0 00:00:01  -  Run Remote Usage
		Usr 0 00:00:00, Sys 0 00:00:00  -  Run Local Usage
		Usr 0 00:00:07, Sys 0 00:00:01  -  Total Remote Usage
		Usr 0 00:00:00, Sys 0 00:00:00  -  Total Local Usage
	149552  -  Run Bytes Sent By Job
	315491744  -  Run Bytes Received By Job
	149552  -  Total Bytes Sent By Job
	315491744  -  Total Bytes Received By Job
	Partitionable Resources :     Usage  Request Allocated 
	   Cpus                 :      0.01        1         1 
	   Disk (KB)            : 308304     2048000   2902397 
	   IoHeavy              :                            0 
	   Memory (MB)          :    443        1992      2048 

	Job terminated of its own accord at 2022-01-03T19:56:23Z.
...
