000 (1283803.000.000) 2023-03-31 12:28:50 Job submitted from host: <144.92.180.99:9618?addrs=144.92.180.99-9618+[2607-f388-101c-1000--367]-9618&alias=login01.hep.wisc.edu&noUDP&sock=schedd_2816_1ec8>
...
040 (1283803.000.000) 2023-03-31 12:29:44 Started transferring input files
	Transferring to host: <128.105.244.171:9618?addrs=128.105.244.171-9618&alias=e3001.chtc.wisc.edu&noUDP&sock=slot1_2_13142_7a4f_20972>
...
040 (1283803.000.000) 2023-03-31 12:31:13 Finished transferring input files
...
001 (1283803.000.000) 2023-03-31 12:31:15 Job executing on host: <128.105.244.171:9618?addrs=128.105.244.171-9618&alias=e3001.chtc.wisc.edu&noUDP&sock=startd_6633_43c7>
...
006 (1283803.000.000) 2023-03-31 12:31:23 Image size of job updated: 10788
	1  -  MemoryUsage of job (MB)
	628  -  ResidentSetSize of job (KB)
...
006 (1283803.000.000) 2023-03-31 12:36:14 Image size of job updated: 1387244
	1  -  MemoryUsage of job (MB)
	628  -  ResidentSetSize of job (KB)
...
040 (1283803.000.000) 2023-03-31 12:36:15 Started transferring output files
...
040 (1283803.000.000) 2023-03-31 12:36:15 Finished transferring output files
...
005 (1283803.000.000) 2023-03-31 12:36:16 Job terminated.
	(1) Normal termination (return value 0)
		Usr 0 00:02:28, Sys 0 00:00:06  -  Run Remote Usage
		Usr 0 00:00:00, Sys 0 00:00:00  -  Run Local Usage
		Usr 0 00:02:28, Sys 0 00:00:06  -  Total Remote Usage
		Usr 0 00:00:00, Sys 0 00:00:00  -  Total Local Usage
	15324415  -  Run Bytes Sent By Job
	315801344  -  Run Bytes Received By Job
	15324415  -  Total Bytes Sent By Job
	315801344  -  Total Bytes Received By Job
	Partitionable Resources :     Usage  Request Allocated 
	   Cpus                 :      0.01        1         1 
	   Disk (KB)            : 323432     2097152  14714438 
	   IoHeavy              :                            0 
	   Memory (MB)          :      1        2048      2048 

	Job terminated of its own accord at 2023-03-31T17:36:14Z.
...
