000 (1283794.000.000) 2023-03-31 12:28:12 Job submitted from host: <144.92.180.99:9618?addrs=144.92.180.99-9618+[2607-f388-101c-1000--367]-9618&alias=login01.hep.wisc.edu&noUDP&sock=schedd_2816_1ec8>
...
040 (1283794.000.000) 2023-03-31 12:28:37 Entered queue to transfer input files
	Transferring to host: <128.104.58.181:9618?addrs=128.104.58.181-9618+[2607-f388-1086-0-16fe-b5ff-fec6-7f7e]-9618&alias=e1037.chtc.wisc.edu&noUDP&sock=slot1_33_13690_97e6_24642>
...
040 (1283794.000.000) 2023-03-31 12:28:39 Started transferring input files
	Seconds spent in queue: 2
...
040 (1283794.000.000) 2023-03-31 12:31:42 Finished transferring input files
...
001 (1283794.000.000) 2023-03-31 12:31:43 Job executing on host: <128.104.58.181:9618?addrs=128.104.58.181-9618+[2607-f388-1086-0-16fe-b5ff-fec6-7f7e]-9618&alias=e1037.chtc.wisc.edu&noUDP&sock=startd_10007_8c52>
...
006 (1283794.000.000) 2023-03-31 12:31:53 Image size of job updated: 196440
	9  -  MemoryUsage of job (MB)
	8240  -  ResidentSetSize of job (KB)
...
006 (1283794.000.000) 2023-03-31 12:35:23 Image size of job updated: 1401980
	9  -  MemoryUsage of job (MB)
	8240  -  ResidentSetSize of job (KB)
...
040 (1283794.000.000) 2023-03-31 12:35:23 Started transferring output files
	Seconds spent in queue: 406
...
040 (1283794.000.000) 2023-03-31 12:35:24 Finished transferring output files
...
005 (1283794.000.000) 2023-03-31 12:35:24 Job terminated.
	(1) Normal termination (return value 0)
		Usr 0 00:02:30, Sys 0 00:00:07  -  Run Remote Usage
		Usr 0 00:00:00, Sys 0 00:00:00  -  Run Local Usage
		Usr 0 00:02:30, Sys 0 00:00:07  -  Total Remote Usage
		Usr 0 00:00:00, Sys 0 00:00:00  -  Total Local Usage
	15260946  -  Run Bytes Sent By Job
	315801344  -  Run Bytes Received By Job
	15260946  -  Total Bytes Sent By Job
	315801344  -  Total Bytes Received By Job
	Partitionable Resources :     Usage  Request Allocated 
	   Cpus                 :      0.02        1         1 
	   Disk (KB)            : 323370     2097152   2422880 
	   IoHeavy              :                            0 
	   Memory (MB)          :      9        2048      2048 

	Job terminated of its own accord at 2023-03-31T17:35:23Z.
...
