argc = 8
sp = 0
Systematics : V  Response NJet0 = 0.017
Systematics : V  Response NJet1 = 0.022
Systematics : V  Response NJetGe2 = 0.026
Systematics : V  Resolution NJet0 = 0.024
Systematics : V  Resolution NJet1 = 0.03
Systematics : V  Resolution NJetGe2 = 0.034
Systematics : EWK  Response NJet0 = 0.015
Systematics : EWK  Response NJet1 = 0.02
Systematics : EWK  Response NJetGe2 = 0.025
Systematics : EWK  Resolution NJet0 = 0.021
Systematics : EWK  Resolution NJet1 = 0.027
Systematics : EWK  Resolution NJetGe2 = 0.032
Systematics : TOP  Response NJet0 = 0.015
Systematics : TOP  Response NJet1 = 0.02
Systematics : TOP  Response NJetGe2 = 0.025
Systematics : TOP  Resolution NJet0 = 0.021
Systematics : TOP  Resolution NJet1 = 0.027
Systematics : TOP  Resolution NJetGe2 = 0.032
V_NJet0
V_NJet1
V_NJetGe2
EWK_NJet0
EWK_NJet1
EWK_NJetGe2
TOP_NJet0
TOP_NJet1
TOP_NJetGe2
All files added.
Initializing chain.
from Init MC
sample ==========2HDMa_gg_sinp_0p35_tanb_1p0_mXd_10_MH3_200_MH4_150
.... MC file ..... 
Coming in: 
nentries:64500
Running over 64500 events.
Finished entry 0/64499
Finished entry 3000/64499
Finished entry 6000/64499
Finished entry 9000/64499
Finished entry 12000/64499
Finished entry 15000/64499
Finished entry 18000/64499
Finished entry 21000/64499
Finished entry 24000/64499
Finished entry 27000/64499
Finished entry 30000/64499
Finished entry 33000/64499
Finished entry 36000/64499
Finished entry 39000/64499
Finished entry 42000/64499
Finished entry 45000/64499
Finished entry 48000/64499
Finished entry 51000/64499
Finished entry 54000/64499
Finished entry 57000/64499
Finished entry 60000/64499
Finished entry 63000/64499
Finished entry 64499/64499
All events checked.
*******************************************
******************Jithin's original*************************
    Initial entries 64500.000000
   Passing smikking 0.000000
     GoodMuonPassed 144021.984451   % change= -2574.589909
      GoodTauPassed 23290.418612   % change= 83.828567
         opp charge 22481.084100   % change= 3.474968
 PassedThirdLepVeto 10677.910510   % change= 52.502689
     PassedBjetVeto 10417.405839   % change= 2.439660
       DeltaRPassed 10342.399692   % change= 0.720008
      Total change :83.965272
*******************************************
*******************************************
Number of events inspected: 64500
Number of events inspected (minus negative gen. weights): 64492.000000
 Outpt written to 2HDMa_gg_sinp_0p35_tanb_1p0_mXd_10_MH3_200_MH4_150.root
Real time 0:01:49, CP time 77.670
