000 (1283773.000.000) 2023-03-31 12:26:46 Job submitted from host: <144.92.180.99:9618?addrs=144.92.180.99-9618+[2607-f388-101c-1000--367]-9618&alias=login01.hep.wisc.edu&noUDP&sock=schedd_2816_1ec8>
...
040 (1283773.000.000) 2023-03-31 12:27:19 Started transferring input files
	Transferring to host: <128.105.68.216:9618?addrs=128.105.68.216-9618+[2607-f388-2200-100-22a-6aff-fedf-c6ff]-9618&alias=e303.chtc.wisc.edu&noUDP&sock=slot1_29_24367_8178_25180>
...
040 (1283773.000.000) 2023-03-31 12:32:28 Finished transferring input files
...
001 (1283773.000.000) 2023-03-31 12:32:29 Job executing on host: <128.105.68.216:9618?addrs=128.105.68.216-9618+[2607-f388-2200-100-22a-6aff-fedf-c6ff]-9618&alias=e303.chtc.wisc.edu&noUDP&sock=startd_7317_6e8f>
...
006 (1283773.000.000) 2023-03-31 12:32:38 Image size of job updated: 365248
	357  -  MemoryUsage of job (MB)
	365248  -  ResidentSetSize of job (KB)
...
006 (1283773.000.000) 2023-03-31 12:34:26 Image size of job updated: 1393696
	357  -  MemoryUsage of job (MB)
	365248  -  ResidentSetSize of job (KB)
...
040 (1283773.000.000) 2023-03-31 12:34:26 Started transferring output files
...
040 (1283773.000.000) 2023-03-31 12:34:28 Finished transferring output files
...
005 (1283773.000.000) 2023-03-31 12:34:28 Job terminated.
	(1) Normal termination (return value 0)
		Usr 0 00:01:13, Sys 0 00:00:04  -  Run Remote Usage
		Usr 0 00:00:00, Sys 0 00:00:00  -  Run Local Usage
		Usr 0 00:01:13, Sys 0 00:00:04  -  Total Remote Usage
		Usr 0 00:00:00, Sys 0 00:00:00  -  Total Local Usage
	13302360  -  Run Bytes Sent By Job
	315801344  -  Run Bytes Received By Job
	13302360  -  Total Bytes Sent By Job
	315801344  -  Total Bytes Received By Job
	Partitionable Resources :     Usage  Request Allocated 
	   Cpus                 :      0.72        1         1 
	   Disk (KB)            : 321458     2097152   2330109 
	   IoHeavy              :                            0 
	   Memory (MB)          :    357        2048      2048 

	Job terminated of its own accord at 2023-03-31T17:34:26Z.
...
