argc = 8
sp = 0
Systematics : V  Response NJet0 = 0.017
Systematics : V  Response NJet1 = 0.022
Systematics : V  Response NJetGe2 = 0.026
Systematics : V  Resolution NJet0 = 0.024
Systematics : V  Resolution NJet1 = 0.03
Systematics : V  Resolution NJetGe2 = 0.034
Systematics : EWK  Response NJet0 = 0.015
Systematics : EWK  Response NJet1 = 0.02
Systematics : EWK  Response NJetGe2 = 0.025
Systematics : EWK  Resolution NJet0 = 0.021
Systematics : EWK  Resolution NJet1 = 0.027
Systematics : EWK  Resolution NJetGe2 = 0.032
Systematics : TOP  Response NJet0 = 0.015
Systematics : TOP  Response NJet1 = 0.02
Systematics : TOP  Response NJetGe2 = 0.025
Systematics : TOP  Resolution NJet0 = 0.021
Systematics : TOP  Resolution NJet1 = 0.027
Systematics : TOP  Resolution NJetGe2 = 0.032
V_NJet0
V_NJet1
V_NJetGe2
EWK_NJet0
EWK_NJet1
EWK_NJetGe2
TOP_NJet0
TOP_NJet1
TOP_NJetGe2
All files added.
Initializing chain.
from Init MC
sample ==========2HDMa_gg_sinp_0p35_tanb_1p0_mXd_10_MH3_900_MH4_500
.... MC file ..... 
Coming in: 
nentries:62000
Running over 62000 events.
Finished entry 0/61999
Finished entry 3000/61999
Finished entry 6000/61999
Finished entry 9000/61999
Finished entry 12000/61999
Finished entry 15000/61999
Finished entry 18000/61999
Finished entry 21000/61999
Finished entry 24000/61999
Finished entry 27000/61999
Finished entry 30000/61999
Finished entry 33000/61999
Finished entry 36000/61999
Finished entry 39000/61999
Finished entry 42000/61999
Finished entry 45000/61999
Finished entry 48000/61999
Finished entry 51000/61999
Finished entry 54000/61999
Finished entry 60000/61999
Finished entry 61999/61999
All events checked.
*******************************************
******************Jithin's original*************************
    Initial entries 62000.000000
   Passing smikking 0.000000
     GoodMuonPassed 205977.014200   % change= -2659.978867
      GoodTauPassed 43197.757850   % change= 79.027875
         opp charge 42269.679884   % change= 2.148440
 PassedThirdLepVeto 19452.864520   % change= 53.979153
     PassedBjetVeto 18413.135861   % change= 5.344861
       DeltaRPassed 18259.252570   % change= 0.835726
      Total change :70.549593
*******************************************
*******************************************
Number of events inspected: 62000
Number of events inspected (minus negative gen. weights): 61970.000000
 Outpt written to 2HDMa_gg_sinp_0p35_tanb_1p0_mXd_10_MH3_900_MH4_500.root
Real time 0:03:00, CP time 149.720
