000 (1283774.000.000) 2023-03-31 12:26:50 Job submitted from host: <144.92.180.99:9618?addrs=144.92.180.99-9618+[2607-f388-101c-1000--367]-9618&alias=login01.hep.wisc.edu&noUDP&sock=schedd_2816_1ec8>
...
040 (1283774.000.000) 2023-03-31 12:27:19 Started transferring input files
	Transferring to host: <128.105.68.156:9618?addrs=128.105.68.156-9618+[2607-f388-2200-100-b226-28ff-fe50-3c4c]-9618&alias=e2015.chtc.wisc.edu&noUDP&sock=slot1_21_47416_9c81_31390>
...
040 (1283774.000.000) 2023-03-31 12:30:42 Finished transferring input files
...
001 (1283774.000.000) 2023-03-31 12:30:44 Job executing on host: <128.105.68.156:9618?addrs=128.105.68.156-9618+[2607-f388-2200-100-b226-28ff-fe50-3c4c]-9618&alias=e2015.chtc.wisc.edu&noUDP&sock=startd_9090_8ff9>
...
006 (1283774.000.000) 2023-03-31 12:30:53 Image size of job updated: 36016
	12  -  MemoryUsage of job (MB)
	11728  -  ResidentSetSize of job (KB)
...
006 (1283774.000.000) 2023-03-31 12:32:56 Image size of job updated: 1386836
	12  -  MemoryUsage of job (MB)
	11848  -  ResidentSetSize of job (KB)
...
040 (1283774.000.000) 2023-03-31 12:32:56 Started transferring output files
...
040 (1283774.000.000) 2023-03-31 12:32:59 Finished transferring output files
...
005 (1283774.000.000) 2023-03-31 12:32:59 Job terminated.
	(1) Normal termination (return value 0)
		Usr 0 00:01:02, Sys 0 00:00:03  -  Run Remote Usage
		Usr 0 00:00:00, Sys 0 00:00:00  -  Run Local Usage
		Usr 0 00:01:02, Sys 0 00:00:03  -  Total Remote Usage
		Usr 0 00:00:00, Sys 0 00:00:00  -  Total Local Usage
	12864557  -  Run Bytes Sent By Job
	315801344  -  Run Bytes Received By Job
	12864557  -  Total Bytes Sent By Job
	315801344  -  Total Bytes Received By Job
	Partitionable Resources :     Usage  Request Allocated 
	   Cpus                 :      0.04        1         1 
	   Disk (KB)            : 321030     2097152   2856673 
	   IoHeavy              :                            0 
	   Memory (MB)          :     12        2048      2048 

	Job terminated of its own accord at 2023-03-31T17:32:56Z.
...
