000 (1283779.000.000) 2023-03-31 12:27:10 Job submitted from host: <144.92.180.99:9618?addrs=144.92.180.99-9618+[2607-f388-101c-1000--367]-9618&alias=login01.hep.wisc.edu&noUDP&sock=schedd_2816_1ec8>
...
040 (1283779.000.000) 2023-03-31 12:27:19 Started transferring input files
	Transferring to host: <128.105.69.21:9618?addrs=128.105.69.21-9618+[2607-f388-2200-100-f60f-1bff-fedb-90b]-9618&alias=e343.chtc.wisc.edu&noUDP&sock=slot1_11_14640_f44c_27086>
...
040 (1283779.000.000) 2023-03-31 12:28:27 Finished transferring input files
...
001 (1283779.000.000) 2023-03-31 12:28:28 Job executing on host: <128.105.69.21:9618?addrs=128.105.69.21-9618+[2607-f388-2200-100-f60f-1bff-fedb-90b]-9618&alias=e343.chtc.wisc.edu&noUDP&sock=startd_6918_c045>
...
006 (1283779.000.000) 2023-03-31 12:28:37 Image size of job updated: 198492
	13  -  MemoryUsage of job (MB)
	13184  -  ResidentSetSize of job (KB)
...
006 (1283779.000.000) 2023-03-31 12:30:44 Image size of job updated: 1387696
	13  -  MemoryUsage of job (MB)
	13216  -  ResidentSetSize of job (KB)
...
040 (1283779.000.000) 2023-03-31 12:30:45 Started transferring output files
...
040 (1283779.000.000) 2023-03-31 12:30:46 Finished transferring output files
...
005 (1283779.000.000) 2023-03-31 12:30:46 Job terminated.
	(1) Normal termination (return value 0)
		Usr 0 00:01:01, Sys 0 00:00:03  -  Run Remote Usage
		Usr 0 00:00:00, Sys 0 00:00:00  -  Run Local Usage
		Usr 0 00:01:01, Sys 0 00:00:03  -  Total Remote Usage
		Usr 0 00:00:00, Sys 0 00:00:00  -  Total Local Usage
	12796649  -  Run Bytes Sent By Job
	315801344  -  Run Bytes Received By Job
	12796649  -  Total Bytes Sent By Job
	315801344  -  Total Bytes Received By Job
	Partitionable Resources :     Usage  Request Allocated 
	   Cpus                 :      0.69        1         1 
	   Disk (KB)            : 320964     2097152   2348992 
	   IoHeavy              :                            0 
	   Memory (MB)          :     13        2048      2048 

	Job terminated of its own accord at 2023-03-31T17:30:44Z.
...
