000 (1283792.000.000) 2023-03-31 12:28:04 Job submitted from host: <144.92.180.99:9618?addrs=144.92.180.99-9618+[2607-f388-101c-1000--367]-9618&alias=login01.hep.wisc.edu&noUDP&sock=schedd_2816_1ec8>
...
040 (1283792.000.000) 2023-03-31 12:28:32 Started transferring input files
	Transferring to host: <128.105.69.24:9618?addrs=128.105.69.24-9618+[2607-f388-2200-100-22a-6aff-fedf-c637]-9618&alias=e346.chtc.wisc.edu&noUDP&sock=slot1_18_21073_95b2_31009>
...
040 (1283792.000.000) 2023-03-31 12:33:14 Finished transferring input files
...
001 (1283792.000.000) 2023-03-31 12:33:15 Job executing on host: <128.105.69.24:9618?addrs=128.105.69.24-9618+[2607-f388-2200-100-22a-6aff-fedf-c637]-9618&alias=e346.chtc.wisc.edu&noUDP&sock=startd_17166_06d3>
...
006 (1283792.000.000) 2023-03-31 12:33:24 Image size of job updated: 41748
	16  -  MemoryUsage of job (MB)
	16216  -  ResidentSetSize of job (KB)
...
006 (1283792.000.000) 2023-03-31 12:36:39 Image size of job updated: 1403792
	16  -  MemoryUsage of job (MB)
	16216  -  ResidentSetSize of job (KB)
...
040 (1283792.000.000) 2023-03-31 12:36:40 Started transferring output files
...
040 (1283792.000.000) 2023-03-31 12:36:40 Finished transferring output files
...
005 (1283792.000.000) 2023-03-31 12:36:41 Job terminated.
	(1) Normal termination (return value 0)
		Usr 0 00:02:23, Sys 0 00:00:05  -  Run Remote Usage
		Usr 0 00:00:00, Sys 0 00:00:00  -  Run Local Usage
		Usr 0 00:02:23, Sys 0 00:00:05  -  Total Remote Usage
		Usr 0 00:00:00, Sys 0 00:00:00  -  Total Local Usage
	13632490  -  Run Bytes Sent By Job
	315801344  -  Run Bytes Received By Job
	13632490  -  Total Bytes Sent By Job
	315801344  -  Total Bytes Received By Job
	Partitionable Resources :     Usage  Request Allocated 
	   Cpus                 :      0.84        1         1 
	   Disk (KB)            : 321780     2097152   2313506 
	   IoHeavy              :                            0 
	   Memory (MB)          :     16        2048      2048 

	Job terminated of its own accord at 2023-03-31T17:36:39Z.
...
