argc = 8
sp = 0
Systematics : V  Response NJet0 = 0.017
Systematics : V  Response NJet1 = 0.022
Systematics : V  Response NJetGe2 = 0.026
Systematics : V  Resolution NJet0 = 0.024
Systematics : V  Resolution NJet1 = 0.03
Systematics : V  Resolution NJetGe2 = 0.034
Systematics : EWK  Response NJet0 = 0.015
Systematics : EWK  Response NJet1 = 0.02
Systematics : EWK  Response NJetGe2 = 0.025
Systematics : EWK  Resolution NJet0 = 0.021
Systematics : EWK  Resolution NJet1 = 0.027
Systematics : EWK  Resolution NJetGe2 = 0.032
Systematics : TOP  Response NJet0 = 0.015
Systematics : TOP  Response NJet1 = 0.02
Systematics : TOP  Response NJetGe2 = 0.025
Systematics : TOP  Resolution NJet0 = 0.021
Systematics : TOP  Resolution NJet1 = 0.027
Systematics : TOP  Resolution NJetGe2 = 0.032
V_NJet0
V_NJet1
V_NJetGe2
EWK_NJet0
EWK_NJet1
EWK_NJetGe2
TOP_NJet0
TOP_NJet1
TOP_NJetGe2
All files added.
Initializing chain.
from Init MC
sample ==========2HDMa_gg_sinp_0p35_tanb_1p0_mXd_10_MH3_800_MH4_250
.... MC file ..... 
Coming in: 
nentries:65000
Running over 65000 events.
Finished entry 0/64999
Finished entry 3000/64999
Finished entry 6000/64999
Finished entry 9000/64999
Finished entry 12000/64999
Finished entry 15000/64999
Finished entry 18000/64999
Finished entry 21000/64999
Finished entry 24000/64999
Finished entry 27000/64999
Finished entry 30000/64999
Finished entry 33000/64999
Finished entry 36000/64999
Finished entry 39000/64999
Finished entry 42000/64999
Finished entry 48000/64999
Finished entry 51000/64999
Finished entry 54000/64999
Finished entry 57000/64999
Finished entry 60000/64999
Finished entry 63000/64999
Finished entry 64999/64999
All events checked.
*******************************************
******************Jithin's original*************************
    Initial entries 65000.000000
   Passing smikking 0.000000
     GoodMuonPassed 222825.193082   % change= -2622.961605
      GoodTauPassed 50331.779422   % change= 77.411989
         opp charge 49186.582674   % change= 2.275296
 PassedThirdLepVeto 22270.858446   % change= 54.721680
     PassedBjetVeto 21345.664465   % change= 4.154281
       DeltaRPassed 21077.866658   % change= 1.254577
      Total change :67.572513
*******************************************
*******************************************
Number of events inspected: 65000
Number of events inspected (minus negative gen. weights): 64976.000000
 Outpt written to 2HDMa_gg_sinp_0p35_tanb_1p0_mXd_10_MH3_800_MH4_250.root
Real time 0:03:15, CP time 164.880
