000 (1283938.000.000) 2023-03-31 12:38:22 Job submitted from host: <144.92.180.99:9618?addrs=144.92.180.99-9618+[2607-f388-101c-1000--367]-9618&alias=login01.hep.wisc.edu&noUDP&sock=schedd_2816_1ec8>
...
040 (1283938.000.000) 2023-03-31 12:38:26 Started transferring input files
	Transferring to host: <144.92.180.112:9618?addrs=144.92.180.112-9618+[2607-f388-101c-1000--284]-9618&alias=g26n10.hep.wisc.edu&noUDP&sock=slot1_14_3972_621b_513493>
...
040 (1283938.000.000) 2023-03-31 12:38:47 Finished transferring input files
...
001 (1283938.000.000) 2023-03-31 12:38:48 Job executing on host: <144.92.180.112:9618?addrs=144.92.180.112-9618+[2607-f388-101c-1000--284]-9618&alias=g26n10.hep.wisc.edu&noUDP&sock=startd_2953_1742>
...
006 (1283938.000.000) 2023-03-31 12:38:56 Image size of job updated: 781436
	367  -  MemoryUsage of job (MB)
	374924  -  ResidentSetSize of job (KB)
...
006 (1283938.000.000) 2023-03-31 12:39:14 Image size of job updated: 3741328
	367  -  MemoryUsage of job (MB)
	374924  -  ResidentSetSize of job (KB)
...
040 (1283938.000.000) 2023-03-31 12:39:14 Started transferring output files
...
040 (1283938.000.000) 2023-03-31 12:39:14 Finished transferring output files
...
004 (1283938.000.000) 2023-03-31 12:39:14 Job was evicted.
	(0) Job terminated and was requeued
		Usr 0 00:00:14, Sys 0 00:00:02  -  Run Remote Usage
		Usr 0 00:00:00, Sys 0 00:00:00  -  Run Local Usage
	9136  -  Run Bytes Sent By Job
	315801248  -  Run Bytes Received By Job
	(1) Normal termination (return value 139)
	The job attribute OnExitRemove expression '(ExitBySignal == false && (ExitCode == 0 || ExitCode == 42 || NumJobStarts > 3))' evaluated to FALSE
...
040 (1283938.000.000) 2023-03-31 12:39:25 Started transferring input files
	Transferring to host: <128.105.68.159:9618?addrs=128.105.68.159-9618+[2607-f388-2200-100-b226-28ff-fe51-396c]-9618&alias=e2018.chtc.wisc.edu&noUDP&sock=slot1_22_256612_1e3c_34845>
...
040 (1283938.000.000) 2023-03-31 12:39:39 Finished transferring input files
...
001 (1283938.000.000) 2023-03-31 12:39:40 Job executing on host: <128.105.68.159:9618?addrs=128.105.68.159-9618+[2607-f388-2200-100-b226-28ff-fe51-396c]-9618&alias=e2018.chtc.wisc.edu&noUDP&sock=startd_8988_9950>
...
006 (1283938.000.000) 2023-03-31 12:39:49 Image size of job updated: 3750000
	524  -  MemoryUsage of job (MB)
	536308  -  ResidentSetSize of job (KB)
...
006 (1283938.000.000) 2023-03-31 12:40:12 Image size of job updated: 4387604
	530  -  MemoryUsage of job (MB)
	541840  -  ResidentSetSize of job (KB)
...
040 (1283938.000.000) 2023-03-31 12:40:12 Started transferring output files
...
040 (1283938.000.000) 2023-03-31 12:40:12 Finished transferring output files
...
004 (1283938.000.000) 2023-03-31 12:40:12 Job was evicted.
	(0) Job terminated and was requeued
		Usr 0 00:00:13, Sys 0 00:00:02  -  Run Remote Usage
		Usr 0 00:00:00, Sys 0 00:00:00  -  Run Local Usage
	9142  -  Run Bytes Sent By Job
	315801248  -  Run Bytes Received By Job
	(1) Normal termination (return value 139)
	The job attribute OnExitRemove expression '(ExitBySignal == false && (ExitCode == 0 || ExitCode == 42 || NumJobStarts > 3))' evaluated to FALSE
...
040 (1283938.000.000) 2023-03-31 12:40:18 Started transferring input files
	Transferring to host: <144.92.181.231:9618?addrs=144.92.181.231-9618+[2607-f388-101c-1000--186]-9618&alias=g18n32.hep.wisc.edu&noUDP&sock=slot1_5_20558_b87d_31466>
...
040 (1283938.000.000) 2023-03-31 12:40:28 Finished transferring input files
...
001 (1283938.000.000) 2023-03-31 12:40:29 Job executing on host: <144.92.181.231:9618?addrs=144.92.181.231-9618+[2607-f388-101c-1000--186]-9618&alias=g18n32.hep.wisc.edu&noUDP&sock=startd_2167_f5d1>
...
040 (1283938.000.000) 2023-03-31 12:40:53 Started transferring output files
...
040 (1283938.000.000) 2023-03-31 12:40:53 Finished transferring output files
...
004 (1283938.000.000) 2023-03-31 12:40:53 Job was evicted.
	(0) Job terminated and was requeued
		Usr 0 00:00:18, Sys 0 00:00:04  -  Run Remote Usage
		Usr 0 00:00:00, Sys 0 00:00:00  -  Run Local Usage
	9136  -  Run Bytes Sent By Job
	315801248  -  Run Bytes Received By Job
	(1) Normal termination (return value 139)
	The job attribute OnExitRemove expression '(ExitBySignal == false && (ExitCode == 0 || ExitCode == 42 || NumJobStarts > 3))' evaluated to FALSE
...
040 (1283938.000.000) 2023-03-31 12:40:55 Started transferring input files
	Transferring to host: <144.92.180.196:9618?addrs=144.92.180.196-9618+[2607-f388-101c-1000--266]-9618&alias=g24n04.hep.wisc.edu&noUDP&sock=slot1_10_11881_fd3c_30889>
...
040 (1283938.000.000) 2023-03-31 12:41:04 Finished transferring input files
...
001 (1283938.000.000) 2023-03-31 12:41:05 Job executing on host: <144.92.180.196:9618?addrs=144.92.180.196-9618+[2607-f388-101c-1000--266]-9618&alias=g24n04.hep.wisc.edu&noUDP&sock=startd_12453_4cf9>
...
040 (1283938.000.000) 2023-03-31 12:41:22 Started transferring output files
...
040 (1283938.000.000) 2023-03-31 12:41:22 Finished transferring output files
...
005 (1283938.000.000) 2023-03-31 12:41:22 Job terminated.
	(1) Normal termination (return value 139)
		Usr 0 00:00:13, Sys 0 00:00:03  -  Run Remote Usage
		Usr 0 00:00:00, Sys 0 00:00:00  -  Run Local Usage
		Usr 0 00:00:58, Sys 0 00:00:11  -  Total Remote Usage
		Usr 0 00:00:00, Sys 0 00:00:00  -  Total Local Usage
	9130  -  Run Bytes Sent By Job
	315801248  -  Run Bytes Received By Job
	36544  -  Total Bytes Sent By Job
	1263204992  -  Total Bytes Received By Job
	Partitionable Resources :    Usage  Request Allocated 
	   Cpus                 :                 1         1 
	   Disk (KB)            :   308468  2097152  18504621 
	   Memory (MB)          :      733     2048      2500 

	Job terminated of its own accord at 2023-03-31T17:41:22Z.
...
