argc = 8
sp = 0
Systematics : V  Response NJet0 = 0.017
Systematics : V  Response NJet1 = 0.022
Systematics : V  Response NJetGe2 = 0.026
Systematics : V  Resolution NJet0 = 0.024
Systematics : V  Resolution NJet1 = 0.03
Systematics : V  Resolution NJetGe2 = 0.034
Systematics : EWK  Response NJet0 = 0.015
Systematics : EWK  Response NJet1 = 0.02
Systematics : EWK  Response NJetGe2 = 0.025
Systematics : EWK  Resolution NJet0 = 0.021
Systematics : EWK  Resolution NJet1 = 0.027
Systematics : EWK  Resolution NJetGe2 = 0.032
Systematics : TOP  Response NJet0 = 0.015
Systematics : TOP  Response NJet1 = 0.02
Systematics : TOP  Response NJetGe2 = 0.025
Systematics : TOP  Resolution NJet0 = 0.021
Systematics : TOP  Resolution NJet1 = 0.027
Systematics : TOP  Resolution NJetGe2 = 0.032
V_NJet0
V_NJet1
V_NJetGe2
EWK_NJet0
EWK_NJet1
EWK_NJetGe2
TOP_NJet0
TOP_NJet1
TOP_NJetGe2
All files added.
Initializing chain.
from Init DATA
sample ==========SingleElectron_EraD_02
.... DATA file ..... 
Coming in: 
nentries:132157
Running over 132157 events.
Finished entry 0/132156
Finished entry 6000/132156
Finished entry 12000/132156
Finished entry 18000/132156
Finished entry 24000/132156
Finished entry 30000/132156
Finished entry 36000/132156
Finished entry 42000/132156
Finished entry 48000/132156
Finished entry 54000/132156
Finished entry 60000/132156
Finished entry 66000/132156
Finished entry 72000/132156
Finished entry 78000/132156
Finished entry 84000/132156
Finished entry 90000/132156
Finished entry 96000/132156
Finished entry 102000/132156
Finished entry 108000/132156
Finished entry 114000/132156
Finished entry 120000/132156
Finished entry 126000/132156
Finished entry 132000/132156
Finished entry 132156/132156
All events checked.
*******************************************
******************Jithin's original*************************
    Initial entries 132157.000000
   Passing smikking 0.000000
     GoodMuonPassed 217737.000000   % change= -91.646276
      GoodTauPassed 4374.000000   % change= 97.991154
         opp charge 3303.000000   % change= 24.485597
 PassedThirdLepVeto 3294.000000   % change= 0.272480
     PassedBjetVeto 2790.000000   % change= 15.300546
       DeltaRPassed 2778.000000   % change= 0.430108
      Total change :97.897955
*******************************************
*******************************************
Number of events inspected: 132157
Number of events inspected (minus negative gen. weights): 132157.000000
 Outpt written to fullLumi_SingleElectron_EraD_02.root
Real time 0:01:00, CP time 52.660
