000 (1283930.000.000) 2023-03-31 12:37:43 Job submitted from host: <144.92.180.99:9618?addrs=144.92.180.99-9618+[2607-f388-101c-1000--367]-9618&alias=login01.hep.wisc.edu&noUDP&sock=schedd_2816_1ec8>
...
040 (1283930.000.000) 2023-03-31 12:37:56 Started transferring input files
	Transferring to host: <128.105.68.82:9618?addrs=128.105.68.82-9618+[2607-f388-2200-100-1e6a-7aff-fe26-d98d]-9618&alias=e2410.chtc.wisc.edu&noUDP&sock=slot1_16_36433_1823_22251>
...
040 (1283930.000.000) 2023-03-31 12:38:38 Finished transferring input files
...
001 (1283930.000.000) 2023-03-31 12:38:39 Job executing on host: <128.105.68.82:9618?addrs=128.105.68.82-9618+[2607-f388-2200-100-1e6a-7aff-fe26-d98d]-9618&alias=e2410.chtc.wisc.edu&noUDP&sock=startd_7654_95f9>
...
006 (1283930.000.000) 2023-03-31 12:38:48 Image size of job updated: 197128
	75  -  MemoryUsage of job (MB)
	76280  -  ResidentSetSize of job (KB)
...
006 (1283930.000.000) 2023-03-31 12:43:49 Image size of job updated: 1450264
	519  -  MemoryUsage of job (MB)
	531128  -  ResidentSetSize of job (KB)
...
006 (1283930.000.000) 2023-03-31 12:48:49 Image size of job updated: 1453120
	522  -  MemoryUsage of job (MB)
	534088  -  ResidentSetSize of job (KB)
...
040 (1283930.000.000) 2023-03-31 12:52:09 Started transferring output files
...
040 (1283930.000.000) 2023-03-31 12:52:09 Finished transferring output files
...
005 (1283930.000.000) 2023-03-31 12:52:09 Job terminated.
	(1) Normal termination (return value 0)
		Usr 0 00:07:51, Sys 0 00:00:12  -  Run Remote Usage
		Usr 0 00:00:00, Sys 0 00:00:00  -  Run Local Usage
		Usr 0 00:07:51, Sys 0 00:00:12  -  Total Remote Usage
		Usr 0 00:00:00, Sys 0 00:00:00  -  Total Local Usage
	3351390  -  Run Bytes Sent By Job
	315801248  -  Run Bytes Received By Job
	3351390  -  Total Bytes Sent By Job
	315801248  -  Total Bytes Received By Job
	Partitionable Resources :     Usage  Request Allocated 
	   Cpus                 :      0.67        1         1 
	   Disk (KB)            : 311740     2097152   2329348 
	   IoHeavy              :                            0 
	   Memory (MB)          :    522        2048      2048 

	Job terminated of its own accord at 2023-03-31T17:52:09Z.
...
