Warning in <TStreamerInfo::BuildCheck>: 
   The StreamerInfo of class RooBinningCategory read from file sf_files/htt_scalefactors_legacy_2017.root
   has the same version (=1) as the active class but a different checksum.
   You should update the version to ClassDef(RooBinningCategory,2).
   Do not try to write objects with the current class definition,
   the files will not be readable.

Warning in <TStreamerInfo::CompareContent>: The following data member of
the on-file layout version 1 of class 'RooBinningCategory' differs from 
the in-memory layout version 1:
   RooTemplateProxy<RooAbsReal> _inputVar; //
vs
   RooTemplateProxy<RooAbsRealLValue> _inputVar; //
Error in <TClass::RegisterStreamerInfo>: Register StreamerInfo for RooBinningCategory on non-empty slot (1).
Error in <TTree::SetBranchStatus>: unknown branch -> signalParameters

 *** Break *** segmentation violation



===========================================================
There was a crash.
This is the entire stack trace of all threads:
===========================================================

Thread 6 (Thread 0x2b7a83659700 (LWP 27999) "analyze_etau"):
#0  0x00002b7a66348b3b in do_futex_wait.constprop () from /lib64/libpthread.so.0
#1  0x00002b7a66348bcf in __new_sem_wait_slow.constprop.0 () from /lib64/libpthread.so.0
#2  0x00002b7a66348c6b in sem_wait

GLIBC_2.2.5 () from /lib64/libpthread.so.0
#3  0x00002b7a81d0b616 in XrdCl::JobManager::RunJobs() () from /cvmfs/cms.cern.ch/slc7_amd64_gcc10/cms/cmssw/CMSSW_12_3_5/external/slc7_amd64_gcc10/lib/libXrdCl.so.3
#4  0x00002b7a81d0b6d9 in RunRunnerThread () from /cvmfs/cms.cern.ch/slc7_amd64_gcc10/cms/cmssw/CMSSW_12_3_5/external/slc7_amd64_gcc10/lib/libXrdCl.so.3
#5  0x00002b7a66342ea5 in start_thread () from /lib64/libpthread.so.0
#6  0x00002b7a66655b0d in clone () from /lib64/libc.so.6

Thread 5 (Thread 0x2b7a8385a700 (LWP 27998) "analyze_etau"):
#0  0x00002b7a66348b3b in do_futex_wait.constprop () from /lib64/libpthread.so.0
#1  0x00002b7a66348bcf in __new_sem_wait_slow.constprop.0 () from /lib64/libpthread.so.0
#2  0x00002b7a66348c6b in sem_wait

GLIBC_2.2.5 () from /lib64/libpthread.so.0
#3  0x00002b7a81d0b616 in XrdCl::JobManager::RunJobs() () from /cvmfs/cms.cern.ch/slc7_amd64_gcc10/cms/cmssw/CMSSW_12_3_5/external/slc7_amd64_gcc10/lib/libXrdCl.so.3
#4  0x00002b7a81d0b6d9 in RunRunnerThread () from /cvmfs/cms.cern.ch/slc7_amd64_gcc10/cms/cmssw/CMSSW_12_3_5/external/slc7_amd64_gcc10/lib/libXrdCl.so.3
#5  0x00002b7a66342ea5 in start_thread () from /lib64/libpthread.so.0
#6  0x00002b7a66655b0d in clone () from /lib64/libc.so.6

Thread 4 (Thread 0x2b7a83a5b700 (LWP 27997) "analyze_etau"):
#0  0x00002b7a66348b3b in do_futex_wait.constprop () from /lib64/libpthread.so.0
#1  0x00002b7a66348bcf in __new_sem_wait_slow.constprop.0 () from /lib64/libpthread.so.0
#2  0x00002b7a66348c6b in sem_wait

GLIBC_2.2.5 () from /lib64/libpthread.so.0
#3  0x00002b7a81d0b616 in XrdCl::JobManager::RunJobs() () from /cvmfs/cms.cern.ch/slc7_amd64_gcc10/cms/cmssw/CMSSW_12_3_5/external/slc7_amd64_gcc10/lib/libXrdCl.so.3
#4  0x00002b7a81d0b6d9 in RunRunnerThread () from /cvmfs/cms.cern.ch/slc7_amd64_gcc10/cms/cmssw/CMSSW_12_3_5/external/slc7_amd64_gcc10/lib/libXrdCl.so.3
#5  0x00002b7a66342ea5 in start_thread () from /lib64/libpthread.so.0
#6  0x00002b7a66655b0d in clone () from /lib64/libc.so.6

Thread 3 (Thread 0x2b7a83458700 (LWP 27996) "analyze_etau"):
#0  0x00002b7a66349e9d in nanosleep () from /lib64/libpthread.so.0
#1  0x00002b7a81a5108f in XrdSysTimer::Wait(int) () from /cvmfs/cms.cern.ch/slc7_amd64_gcc10/cms/cmssw/CMSSW_12_3_5/external/slc7_amd64_gcc10/lib/libXrdUtils.so.3
#2  0x00002b7a81c7afa3 in XrdCl::TaskManager::RunTasks() () from /cvmfs/cms.cern.ch/slc7_amd64_gcc10/cms/cmssw/CMSSW_12_3_5/external/slc7_amd64_gcc10/lib/libXrdCl.so.3
#3  0x00002b7a81c7b0f9 in RunRunnerThread () from /cvmfs/cms.cern.ch/slc7_amd64_gcc10/cms/cmssw/CMSSW_12_3_5/external/slc7_amd64_gcc10/lib/libXrdCl.so.3
#4  0x00002b7a66342ea5 in start_thread () from /lib64/libpthread.so.0
#5  0x00002b7a66655b0d in clone () from /lib64/libc.so.6

Thread 2 (Thread 0x2b7a83257700 (LWP 27995) "analyze_etau"):
#0  0x00002b7a666560e3 in epoll_wait () from /lib64/libc.so.6
#1  0x00002b7a81a4b4b2 in XrdSys::IOEvents::PollE::Begin(XrdSysSemaphore*, int&, char const**) () from /cvmfs/cms.cern.ch/slc7_amd64_gcc10/cms/cmssw/CMSSW_12_3_5/external/slc7_amd64_gcc10/lib/libXrdUtils.so.3
#2  0x00002b7a81a47c3d in XrdSys::IOEvents::BootStrap::Start(void*) () from /cvmfs/cms.cern.ch/slc7_amd64_gcc10/cms/cmssw/CMSSW_12_3_5/external/slc7_amd64_gcc10/lib/libXrdUtils.so.3
#3  0x00002b7a81a50798 in XrdSysThread_Xeq () from /cvmfs/cms.cern.ch/slc7_amd64_gcc10/cms/cmssw/CMSSW_12_3_5/external/slc7_amd64_gcc10/lib/libXrdUtils.so.3
#4  0x00002b7a66342ea5 in start_thread () from /lib64/libpthread.so.0
#5  0x00002b7a66655b0d in clone () from /lib64/libc.so.6

Thread 1 (Thread 0x2b7a6987cb00 (LWP 27829) "analyze_etau"):
#0  0x00002b7a6661c659 in waitpid () from /lib64/libc.so.6
#1  0x00002b7a66599f62 in do_system () from /lib64/libc.so.6
#2  0x00002b7a6659a311 in system () from /lib64/libc.so.6
#3  0x00002b7a63bfb77b in TUnixSystem::StackTrace() () from /cvmfs/cms.cern.ch/slc7_amd64_gcc10/cms/cmssw/CMSSW_12_3_5/external/slc7_amd64_gcc10/lib/libCore.so
#4  0x00002b7a63bf8d25 in TUnixSystem::DispatchSignals(ESignals) () from /cvmfs/cms.cern.ch/slc7_amd64_gcc10/cms/cmssw/CMSSW_12_3_5/external/slc7_amd64_gcc10/lib/libCore.so
#5  <signal handler called>
#6  0x000000000046bbba in std::vector<int, std::allocator<int> >::size() const ()
#7  0x000000000046f1b6 in std::vector<int, std::allocator<int> >::_M_range_check(unsigned long) const ()
#8  0x000000000046bbf5 in std::vector<int, std::allocator<int> >::at(unsigned long) ()
#9  0x000000000045217f in etau_analyzer::MetRecoilCorrections(int, int, TLorentzVector) ()
#10 0x0000000000442e2a in etau_analyzer::make_met_corr_plot() ()
#11 0x000000000045a6a2 in etau_analyzer::selections(float, int, std::__cxx11::basic_string<char, std::char_traits<char>, std::allocator<char> >) ()
#12 0x00000000004600b9 in etau_analyzer::Loop(long long, int, std::__cxx11::basic_string<char, std::char_traits<char>, std::allocator<char> >) ()
#13 0x000000000045ed1f in main ()
===========================================================


The lines below might hint at the cause of the crash.
You may get help by asking at the ROOT forum https://root.cern.ch/forum
Only if you are really convinced it is a bug in ROOT then please submit a
report at https://root.cern.ch/bugs Please post the ENTIRE stack trace
from above as an attachment in addition to anything else
that might help us fixing this issue.
===========================================================
#6  0x000000000046bbba in std::vector<int, std::allocator<int> >::size() const ()
#7  0x000000000046f1b6 in std::vector<int, std::allocator<int> >::_M_range_check(unsigned long) const ()
#8  0x000000000046bbf5 in std::vector<int, std::allocator<int> >::at(unsigned long) ()
#9  0x000000000045217f in etau_analyzer::MetRecoilCorrections(int, int, TLorentzVector) ()
#10 0x0000000000442e2a in etau_analyzer::make_met_corr_plot() ()
#11 0x000000000045a6a2 in etau_analyzer::selections(float, int, std::__cxx11::basic_string<char, std::char_traits<char>, std::allocator<char> >) ()
#12 0x00000000004600b9 in etau_analyzer::Loop(long long, int, std::__cxx11::basic_string<char, std::char_traits<char>, std::allocator<char> >) ()
#13 0x000000000045ed1f in main ()
===========================================================


