000 (1283926.000.000) 2023-03-31 12:37:28 Job submitted from host: <144.92.180.99:9618?addrs=144.92.180.99-9618+[2607-f388-101c-1000--367]-9618&alias=login01.hep.wisc.edu&noUDP&sock=schedd_2816_1ec8>
...
040 (1283926.000.000) 2023-03-31 12:37:31 Started transferring input files
	Transferring to host: <128.105.68.246:9618?addrs=128.105.68.246-9618+[2607-f388-2200-100-22a-6aff-fee0-d98b]-9618&alias=e2333.chtc.wisc.edu&noUDP&sock=slot1_20_18026_b296_27105>
...
040 (1283926.000.000) 2023-03-31 12:38:01 Finished transferring input files
...
001 (1283926.000.000) 2023-03-31 12:38:02 Job executing on host: <128.105.68.246:9618?addrs=128.105.68.246-9618+[2607-f388-2200-100-22a-6aff-fee0-d98b]-9618&alias=e2333.chtc.wisc.edu&noUDP&sock=startd_7044_2d34>
...
006 (1283926.000.000) 2023-03-31 12:38:10 Image size of job updated: 330416
	323  -  MemoryUsage of job (MB)
	330412  -  ResidentSetSize of job (KB)
...
006 (1283926.000.000) 2023-03-31 12:38:41 Image size of job updated: 3995800
	326  -  MemoryUsage of job (MB)
	332824  -  ResidentSetSize of job (KB)
...
040 (1283926.000.000) 2023-03-31 12:38:41 Started transferring output files
...
040 (1283926.000.000) 2023-03-31 12:38:42 Finished transferring output files
...
004 (1283926.000.000) 2023-03-31 12:38:42 Job was evicted.
	(0) Job terminated and was requeued
		Usr 0 00:00:12, Sys 0 00:00:02  -  Run Remote Usage
		Usr 0 00:00:00, Sys 0 00:00:00  -  Run Local Usage
	8366  -  Run Bytes Sent By Job
	315801248  -  Run Bytes Received By Job
	(1) Normal termination (return value 139)
	The job attribute OnExitRemove expression '(ExitBySignal == false && (ExitCode == 0 || ExitCode == 42 || NumJobStarts > 3))' evaluated to FALSE
...
040 (1283926.000.000) 2023-03-31 12:38:45 Started transferring input files
	Transferring to host: <144.92.180.210:9618?addrs=144.92.180.210-9618+[2607-f388-101c-1000--273]-9618&alias=g25n01.hep.wisc.edu&noUDP&sock=slot1_5_2939_8a91_515876>
...
040 (1283926.000.000) 2023-03-31 12:39:30 Finished transferring input files
...
001 (1283926.000.000) 2023-03-31 12:39:31 Job executing on host: <144.92.180.210:9618?addrs=144.92.180.210-9618+[2607-f388-101c-1000--273]-9618&alias=g25n01.hep.wisc.edu&noUDP&sock=startd_2119_0946>
...
006 (1283926.000.000) 2023-03-31 12:39:39 Image size of job updated: 4000000
	372  -  MemoryUsage of job (MB)
	380496  -  ResidentSetSize of job (KB)
...
040 (1283926.000.000) 2023-03-31 12:39:48 Started transferring output files
...
040 (1283926.000.000) 2023-03-31 12:39:48 Finished transferring output files
...
004 (1283926.000.000) 2023-03-31 12:39:48 Job was evicted.
	(0) Job terminated and was requeued
		Usr 0 00:00:13, Sys 0 00:00:02  -  Run Remote Usage
		Usr 0 00:00:00, Sys 0 00:00:00  -  Run Local Usage
	8366  -  Run Bytes Sent By Job
	315801248  -  Run Bytes Received By Job
	(1) Normal termination (return value 139)
	The job attribute OnExitRemove expression '(ExitBySignal == false && (ExitCode == 0 || ExitCode == 42 || NumJobStarts > 3))' evaluated to FALSE
...
040 (1283926.000.000) 2023-03-31 12:39:52 Started transferring input files
	Transferring to host: <128.105.68.228:9618?addrs=128.105.68.228-9618+[2607-f388-2200-100-1e6a-7aff-fe26-728b]-9618&alias=e2315.chtc.wisc.edu&noUDP&sock=slot1_12_38387_dd32_30137>
...
040 (1283926.000.000) 2023-03-31 12:40:03 Finished transferring input files
...
001 (1283926.000.000) 2023-03-31 12:40:04 Job executing on host: <128.105.68.228:9618?addrs=128.105.68.228-9618+[2607-f388-2200-100-1e6a-7aff-fe26-728b]-9618&alias=e2315.chtc.wisc.edu&noUDP&sock=startd_7598_2cac>
...
040 (1283926.000.000) 2023-03-31 12:40:26 Started transferring output files
...
040 (1283926.000.000) 2023-03-31 12:40:26 Finished transferring output files
...
004 (1283926.000.000) 2023-03-31 12:40:26 Job was evicted.
	(0) Job terminated and was requeued
		Usr 0 00:00:13, Sys 0 00:00:02  -  Run Remote Usage
		Usr 0 00:00:00, Sys 0 00:00:00  -  Run Local Usage
	8366  -  Run Bytes Sent By Job
	315801248  -  Run Bytes Received By Job
	(1) Normal termination (return value 139)
	The job attribute OnExitRemove expression '(ExitBySignal == false && (ExitCode == 0 || ExitCode == 42 || NumJobStarts > 3))' evaluated to FALSE
...
040 (1283926.000.000) 2023-03-31 12:40:26 Started transferring input files
	Transferring to host: <128.105.68.216:9618?addrs=128.105.68.216-9618+[2607-f388-2200-100-22a-6aff-fedf-c6ff]-9618&alias=e303.chtc.wisc.edu&noUDP&sock=slot1_14_24367_8178_25203>
...
040 (1283926.000.000) 2023-03-31 12:40:36 Finished transferring input files
...
001 (1283926.000.000) 2023-03-31 12:40:37 Job executing on host: <128.105.68.216:9618?addrs=128.105.68.216-9618+[2607-f388-2200-100-22a-6aff-fedf-c6ff]-9618&alias=e303.chtc.wisc.edu&noUDP&sock=startd_7317_6e8f>
...
040 (1283926.000.000) 2023-03-31 12:41:07 Started transferring output files
...
040 (1283926.000.000) 2023-03-31 12:41:07 Finished transferring output files
...
005 (1283926.000.000) 2023-03-31 12:41:07 Job terminated.
	(1) Normal termination (return value 139)
		Usr 0 00:00:14, Sys 0 00:00:02  -  Run Remote Usage
		Usr 0 00:00:00, Sys 0 00:00:00  -  Run Local Usage
		Usr 0 00:00:52, Sys 0 00:00:08  -  Total Remote Usage
		Usr 0 00:00:00, Sys 0 00:00:00  -  Total Local Usage
	8366  -  Run Bytes Sent By Job
	315801248  -  Run Bytes Received By Job
	33464  -  Total Bytes Sent By Job
	1263204992  -  Total Bytes Received By Job
	Partitionable Resources :    Usage  Request Allocated 
	   Cpus                 :                 1         1 
	   Disk (KB)            :   308468  2097152   2330109 
	   IoHeavy              :                           0 
	   Memory (MB)          :      391     2048      2048 

	Job terminated of its own accord at 2023-03-31T17:41:06Z.
...
