argc = 8
sp = 0
Systematics : V  Response NJet0 = 0.017
Systematics : V  Response NJet1 = 0.022
Systematics : V  Response NJetGe2 = 0.026
Systematics : V  Resolution NJet0 = 0.024
Systematics : V  Resolution NJet1 = 0.03
Systematics : V  Resolution NJetGe2 = 0.034
Systematics : EWK  Response NJet0 = 0.015
Systematics : EWK  Response NJet1 = 0.02
Systematics : EWK  Response NJetGe2 = 0.025
Systematics : EWK  Resolution NJet0 = 0.021
Systematics : EWK  Resolution NJet1 = 0.027
Systematics : EWK  Resolution NJetGe2 = 0.032
Systematics : TOP  Response NJet0 = 0.015
Systematics : TOP  Response NJet1 = 0.02
Systematics : TOP  Response NJetGe2 = 0.025
Systematics : TOP  Resolution NJet0 = 0.021
Systematics : TOP  Resolution NJet1 = 0.027
Systematics : TOP  Resolution NJetGe2 = 0.032
V_NJet0
V_NJet1
V_NJetGe2
EWK_NJet0
EWK_NJet1
EWK_NJetGe2
TOP_NJet0
TOP_NJet1
TOP_NJetGe2
All files added.
Initializing chain.
from Init DATA
sample ==========SingleElectron_EraC_02
.... DATA file ..... 
Coming in: 
nentries:1314117
Running over 1314117 events.
Finished entry 0/1314116
Finished entry 60000/1314116
Finished entry 120000/1314116
Finished entry 180000/1314116
Finished entry 240000/1314116
Finished entry 300000/1314116
Finished entry 360000/1314116
Finished entry 420000/1314116
Finished entry 480000/1314116
Finished entry 540000/1314116
Finished entry 600000/1314116
Finished entry 660000/1314116
Finished entry 720000/1314116
Finished entry 780000/1314116
Finished entry 840000/1314116
Finished entry 900000/1314116
Finished entry 960000/1314116
Finished entry 1020000/1314116
Finished entry 1080000/1314116
Finished entry 1140000/1314116
Finished entry 1200000/1314116
Finished entry 1260000/1314116
Finished entry 1314116/1314116
All events checked.
*******************************************
******************Jithin's original*************************
    Initial entries 1314117.000000
   Passing smikking 0.000000
     GoodMuonPassed 1953585.000000   % change= -74.641168
      GoodTauPassed 38202.000000   % change= 98.044518
         opp charge 28752.000000   % change= 24.736925
 PassedThirdLepVeto 28662.000000   % change= 0.313022
     PassedBjetVeto 24222.000000   % change= 15.490894
       DeltaRPassed 24141.000000   % change= 0.334407
      Total change :98.162949
*******************************************
*******************************************
Number of events inspected: 1314117
Number of events inspected (minus negative gen. weights): 1314117.000000
 Outpt written to fullLumi_SingleElectron_EraC_02.root
Real time 0:07:23, CP time 365.100
