000 (1283918.000.000) 2023-03-31 12:37:06 Job submitted from host: <144.92.180.99:9618?addrs=144.92.180.99-9618+[2607-f388-101c-1000--367]-9618&alias=login01.hep.wisc.edu&noUDP&sock=schedd_2816_1ec8>
...
040 (1283918.000.000) 2023-03-31 12:37:11 Started transferring input files
	Transferring to host: <128.104.58.179:9618?addrs=128.104.58.179-9618+[2607-f388-1086-0-16fe-b5ff-fec6-7177]-9618&alias=e1035.chtc.wisc.edu&noUDP&sock=slot1_6_18137_e83b_29237>
...
040 (1283918.000.000) 2023-03-31 12:38:08 Finished transferring input files
...
001 (1283918.000.000) 2023-03-31 12:38:10 Job executing on host: <128.104.58.179:9618?addrs=128.104.58.179-9618+[2607-f388-1086-0-16fe-b5ff-fec6-7177]-9618&alias=e1035.chtc.wisc.edu&noUDP&sock=startd_7231_716a>
...
006 (1283918.000.000) 2023-03-31 12:38:18 Image size of job updated: 456216
	357  -  MemoryUsage of job (MB)
	365252  -  ResidentSetSize of job (KB)
...
006 (1283918.000.000) 2023-03-31 12:38:36 Image size of job updated: 1215644
	357  -  MemoryUsage of job (MB)
	365332  -  ResidentSetSize of job (KB)
...
040 (1283918.000.000) 2023-03-31 12:38:36 Started transferring output files
...
040 (1283918.000.000) 2023-03-31 12:38:36 Finished transferring output files
...
004 (1283918.000.000) 2023-03-31 12:38:37 Job was evicted.
	(0) Job terminated and was requeued
		Usr 0 00:00:19, Sys 0 00:00:04  -  Run Remote Usage
		Usr 0 00:00:00, Sys 0 00:00:00  -  Run Local Usage
	9136  -  Run Bytes Sent By Job
	315801248  -  Run Bytes Received By Job
	(1) Normal termination (return value 139)
	The job attribute OnExitRemove expression '(ExitBySignal == false && (ExitCode == 0 || ExitCode == 42 || NumJobStarts > 3))' evaluated to FALSE
...
040 (1283918.000.000) 2023-03-31 12:38:38 Started transferring input files
	Transferring to host: <144.92.180.82:9618?addrs=144.92.180.82-9618+[2607-f388-101c-1000--248]-9618&alias=g23n02.hep.wisc.edu&noUDP&sock=slot1_13_15091_b97f_30576>
...
040 (1283918.000.000) 2023-03-31 12:38:50 Finished transferring input files
...
001 (1283918.000.000) 2023-03-31 12:38:51 Job executing on host: <144.92.180.82:9618?addrs=144.92.180.82-9618+[2607-f388-101c-1000--248]-9618&alias=g23n02.hep.wisc.edu&noUDP&sock=startd_2268_3ce2>
...
006 (1283918.000.000) 2023-03-31 12:39:16 Image size of job updated: 3194752
	367  -  MemoryUsage of job (MB)
	375000  -  ResidentSetSize of job (KB)
...
040 (1283918.000.000) 2023-03-31 12:39:16 Started transferring output files
...
040 (1283918.000.000) 2023-03-31 12:39:16 Finished transferring output files
...
004 (1283918.000.000) 2023-03-31 12:39:16 Job was evicted.
	(0) Job terminated and was requeued
		Usr 0 00:00:20, Sys 0 00:00:04  -  Run Remote Usage
		Usr 0 00:00:00, Sys 0 00:00:00  -  Run Local Usage
	9136  -  Run Bytes Sent By Job
	315801248  -  Run Bytes Received By Job
	(1) Normal termination (return value 139)
	The job attribute OnExitRemove expression '(ExitBySignal == false && (ExitCode == 0 || ExitCode == 42 || NumJobStarts > 3))' evaluated to FALSE
...
040 (1283918.000.000) 2023-03-31 12:39:19 Started transferring input files
	Transferring to host: <128.105.68.155:9618?addrs=128.105.68.155-9618+[2607-f388-2200-100-b226-28ff-fe50-5c14]-9618&alias=e2014.chtc.wisc.edu&noUDP&sock=slot1_6_239189_09d8_30651>
...
040 (1283918.000.000) 2023-03-31 12:39:53 Finished transferring input files
...
001 (1283918.000.000) 2023-03-31 12:39:54 Job executing on host: <128.105.68.155:9618?addrs=128.105.68.155-9618+[2607-f388-2200-100-b226-28ff-fe50-5c14]-9618&alias=e2014.chtc.wisc.edu&noUDP&sock=startd_8894_1f69>
...
006 (1283918.000.000) 2023-03-31 12:45:04 Image size of job updated: 3250000
	516  -  MemoryUsage of job (MB)
	527892  -  ResidentSetSize of job (KB)
...
040 (1283918.000.000) 2023-03-31 12:48:58 Started transferring output files
...
040 (1283918.000.000) 2023-03-31 12:48:59 Finished transferring output files
...
005 (1283918.000.000) 2023-03-31 12:48:59 Job terminated.
	(1) Normal termination (return value 0)
		Usr 0 00:06:26, Sys 0 00:00:10  -  Run Remote Usage
		Usr 0 00:00:00, Sys 0 00:00:00  -  Run Local Usage
		Usr 0 00:07:05, Sys 0 00:00:18  -  Total Remote Usage
		Usr 0 00:00:00, Sys 0 00:00:00  -  Total Local Usage
	3337807  -  Run Bytes Sent By Job
	315801248  -  Run Bytes Received By Job
	3356079  -  Total Bytes Sent By Job
	947403776  -  Total Bytes Received By Job
	Partitionable Resources :     Usage  Request Allocated 
	   Cpus                 :      0.74        1         1 
	   Disk (KB)            : 311729     2097152   2830693 
	   IoHeavy              :                            0 
	   Memory (MB)          :    516        2048      2048 

	Job terminated of its own accord at 2023-03-31T17:48:58Z.
...
