000 (1283921.000.000) 2023-03-31 12:37:14 Job submitted from host: <144.92.180.99:9618?addrs=144.92.180.99-9618+[2607-f388-101c-1000--367]-9618&alias=login01.hep.wisc.edu&noUDP&sock=schedd_2816_1ec8>
...
040 (1283921.000.000) 2023-03-31 12:37:19 Started transferring input files
	Transferring to host: <144.92.180.112:9618?addrs=144.92.180.112-9618+[2607-f388-101c-1000--284]-9618&alias=g26n10.hep.wisc.edu&noUDP&sock=slot1_4_3972_621b_513491>
...
040 (1283921.000.000) 2023-03-31 12:38:07 Finished transferring input files
...
001 (1283921.000.000) 2023-03-31 12:38:08 Job executing on host: <144.92.180.112:9618?addrs=144.92.180.112-9618+[2607-f388-101c-1000--284]-9618&alias=g26n10.hep.wisc.edu&noUDP&sock=startd_2953_1742>
...
006 (1283921.000.000) 2023-03-31 12:38:16 Image size of job updated: 556092
	364  -  MemoryUsage of job (MB)
	372084  -  ResidentSetSize of job (KB)
...
006 (1283921.000.000) 2023-03-31 12:49:12 Image size of job updated: 1460060
	364  -  MemoryUsage of job (MB)
	372348  -  ResidentSetSize of job (KB)
...
040 (1283921.000.000) 2023-03-31 12:49:12 Started transferring output files
...
040 (1283921.000.000) 2023-03-31 12:49:13 Finished transferring output files
...
005 (1283921.000.000) 2023-03-31 12:49:13 Job terminated.
	(1) Normal termination (return value 0)
		Usr 0 00:06:50, Sys 0 00:00:22  -  Run Remote Usage
		Usr 0 00:00:00, Sys 0 00:00:00  -  Run Local Usage
		Usr 0 00:06:50, Sys 0 00:00:22  -  Total Remote Usage
		Usr 0 00:00:00, Sys 0 00:00:00  -  Total Local Usage
	3324835  -  Run Bytes Sent By Job
	315801248  -  Run Bytes Received By Job
	3324835  -  Total Bytes Sent By Job
	315801248  -  Total Bytes Received By Job
	Partitionable Resources :     Usage  Request Allocated 
	   Cpus                 :      0.55        1         1 
	   Disk (KB)            : 311713     2097152  18346437 
	   Memory (MB)          :    364        2048      2500 

	Job terminated of its own accord at 2023-03-31T17:49:12Z.
...
