argc = 8
sp = 0
Systematics : V  Response NJet0 = 0.017
Systematics : V  Response NJet1 = 0.022
Systematics : V  Response NJetGe2 = 0.026
Systematics : V  Resolution NJet0 = 0.024
Systematics : V  Resolution NJet1 = 0.03
Systematics : V  Resolution NJetGe2 = 0.034
Systematics : EWK  Response NJet0 = 0.015
Systematics : EWK  Response NJet1 = 0.02
Systematics : EWK  Response NJetGe2 = 0.025
Systematics : EWK  Resolution NJet0 = 0.021
Systematics : EWK  Resolution NJet1 = 0.027
Systematics : EWK  Resolution NJetGe2 = 0.032
Systematics : TOP  Response NJet0 = 0.015
Systematics : TOP  Response NJet1 = 0.02
Systematics : TOP  Response NJetGe2 = 0.025
Systematics : TOP  Resolution NJet0 = 0.021
Systematics : TOP  Resolution NJet1 = 0.027
Systematics : TOP  Resolution NJetGe2 = 0.032
V_NJet0
V_NJet1
V_NJetGe2
EWK_NJet0
EWK_NJet1
EWK_NJetGe2
TOP_NJet0
TOP_NJet1
TOP_NJetGe2
All files added.
Initializing chain.
from Init MC
sample ==========Signal_ZpBaryonic_2017_4
.... MC file ..... 
Coming in: 
nentries:196000
Running over 196000 events.
Finished entry 0/195999
Finished entry 9000/195999
Finished entry 18000/195999
Finished entry 27000/195999
Finished entry 36000/195999
Finished entry 45000/195999
Finished entry 54000/195999
Finished entry 63000/195999
Finished entry 72000/195999
Finished entry 81000/195999
Finished entry 90000/195999
Finished entry 99000/195999
Finished entry 108000/195999
Finished entry 117000/195999
Finished entry 126000/195999
Finished entry 135000/195999
Finished entry 144000/195999
Finished entry 153000/195999
Finished entry 162000/195999
Finished entry 171000/195999
Finished entry 180000/195999
Finished entry 189000/195999
Finished entry 195999/195999
All events checked.
*******************************************
******************Jithin's original*************************
    Initial entries 196000.000000
   Passing smikking 0.000000
     GoodMuonPassed 560343.664918   % change= -2597.316475
      GoodTauPassed 106801.364370   % change= 80.940025
         opp charge 104307.346251   % change= 2.335193
 PassedThirdLepVeto 47094.534125   % change= 54.850223
     PassedBjetVeto 45800.993185   % change= 2.746690
       DeltaRPassed 44234.308617   % change= 3.420634
      Total change :77.431475
*******************************************
*******************************************
Number of events inspected: 196000
Number of events inspected (minus negative gen. weights): 196000.000000
 Outpt written to Signal_ZpBaryonic_2017_4.root
Real time 0:05:49, CP time 279.250
