argc = 8
sp = 0
Systematics : V  Response NJet0 = 0.017
Systematics : V  Response NJet1 = 0.022
Systematics : V  Response NJetGe2 = 0.026
Systematics : V  Resolution NJet0 = 0.024
Systematics : V  Resolution NJet1 = 0.03
Systematics : V  Resolution NJetGe2 = 0.034
Systematics : EWK  Response NJet0 = 0.015
Systematics : EWK  Response NJet1 = 0.02
Systematics : EWK  Response NJetGe2 = 0.025
Systematics : EWK  Resolution NJet0 = 0.021
Systematics : EWK  Resolution NJet1 = 0.027
Systematics : EWK  Resolution NJetGe2 = 0.032
Systematics : TOP  Response NJet0 = 0.015
Systematics : TOP  Response NJet1 = 0.02
Systematics : TOP  Response NJetGe2 = 0.025
Systematics : TOP  Resolution NJet0 = 0.021
Systematics : TOP  Resolution NJet1 = 0.027
Systematics : TOP  Resolution NJetGe2 = 0.032
V_NJet0
V_NJet1
V_NJetGe2
EWK_NJet0
EWK_NJet1
EWK_NJetGe2
TOP_NJet0
TOP_NJet1
TOP_NJetGe2
All files added.
Initializing chain.
from Init MC
sample ==========Signal_ZpBaryonic_2017_6
.... MC file ..... 
Coming in: 
nentries:174000
Running over 174000 events.
Finished entry 0/173999
Finished entry 8000/173999
Finished entry 16000/173999
Finished entry 24000/173999
Finished entry 32000/173999
Finished entry 40000/173999
Finished entry 48000/173999
Finished entry 56000/173999
Finished entry 64000/173999
Finished entry 72000/173999
Finished entry 80000/173999
Finished entry 88000/173999
Finished entry 96000/173999
Finished entry 104000/173999
Finished entry 112000/173999
Finished entry 120000/173999
Finished entry 128000/173999
Finished entry 136000/173999
Finished entry 144000/173999
Finished entry 152000/173999
Finished entry 160000/173999
Finished entry 168000/173999
Finished entry 173999/173999
All events checked.
*******************************************
******************Jithin's original*************************
    Initial entries 174000.000000
   Passing smikking 0.000000
     GoodMuonPassed 668613.322846   % change= -2647.172008
      GoodTauPassed 158403.437682   % change= 76.308663
         opp charge 155041.198998   % change= 2.122579
 PassedThirdLepVeto 63042.981302   % change= 59.337917
     PassedBjetVeto 60558.012357   % change= 3.941706
       DeltaRPassed 50991.283666   % change= 15.797627
      Total change :70.694665
*******************************************
*******************************************
Number of events inspected: 174000
Number of events inspected (minus negative gen. weights): 174000.000000
 Outpt written to Signal_ZpBaryonic_2017_6.root
Real time 0:09:34, CP time 426.530
