000 (1283843.000.000) 2023-03-31 12:32:20 Job submitted from host: <144.92.180.99:9618?addrs=144.92.180.99-9618+[2607-f388-101c-1000--367]-9618&alias=login01.hep.wisc.edu&noUDP&sock=schedd_2816_1ec8>
...
040 (1283843.000.000) 2023-03-31 12:32:41 Started transferring input files
	Transferring to host: <128.105.69.46:9618?addrs=128.105.69.46-9618+[2607-f388-2200-100-1e6a-7aff-fe21-b2bb]-9618&alias=e2370.chtc.wisc.edu&noUDP&sock=slot1_28_35908_2f2d_31964>
...
040 (1283843.000.000) 2023-03-31 12:35:28 Finished transferring input files
...
001 (1283843.000.000) 2023-03-31 12:35:29 Job executing on host: <128.105.69.46:9618?addrs=128.105.69.46-9618+[2607-f388-2200-100-1e6a-7aff-fe21-b2bb]-9618&alias=e2370.chtc.wisc.edu&noUDP&sock=startd_7624_0222>
...
006 (1283843.000.000) 2023-03-31 12:35:30 Image size of job updated: 4
	0  -  MemoryUsage of job (MB)
	0  -  ResidentSetSize of job (KB)
...
040 (1283843.000.000) 2023-03-31 12:35:30 Started transferring output files
...
040 (1283843.000.000) 2023-03-31 12:35:30 Finished transferring output files
...
004 (1283843.000.000) 2023-03-31 12:35:30 Job was evicted.
	(0) Job terminated and was requeued
		Usr 0 00:00:01, Sys 0 00:00:00  -  Run Remote Usage
		Usr 0 00:00:00, Sys 0 00:00:00  -  Run Local Usage
	99  -  Run Bytes Sent By Job
	315024800  -  Run Bytes Received By Job
	(1) Normal termination (return value 126)
	The job attribute OnExitRemove expression '(ExitBySignal == false && (ExitCode == 0 || ExitCode == 42 || NumJobStarts > 3))' evaluated to FALSE
...
040 (1283843.000.000) 2023-03-31 12:35:43 Started transferring input files
	Transferring to host: <128.105.69.78:9618?addrs=128.105.69.78-9618+[2607-f388-2200-100-1e6a-7aff-fe26-c5bf]-9618&alias=e2338.chtc.wisc.edu&noUDP&sock=slot1_6_18012_d556_27052>
...
040 (1283843.000.000) 2023-03-31 12:36:12 Finished transferring input files
...
001 (1283843.000.000) 2023-03-31 12:36:13 Job executing on host: <128.105.69.78:9618?addrs=128.105.69.78-9618+[2607-f388-2200-100-1e6a-7aff-fe26-c5bf]-9618&alias=e2338.chtc.wisc.edu&noUDP&sock=startd_7323_8c20>
...
006 (1283843.000.000) 2023-03-31 12:36:21 Image size of job updated: 41460
	16  -  MemoryUsage of job (MB)
	16220  -  ResidentSetSize of job (KB)
...
006 (1283843.000.000) 2023-03-31 12:41:21 Image size of job updated: 1457056
	537  -  MemoryUsage of job (MB)
	549492  -  ResidentSetSize of job (KB)
...
006 (1283843.000.000) 2023-03-31 12:46:13 Image size of job updated: 1465388
	537  -  MemoryUsage of job (MB)
	549492  -  ResidentSetSize of job (KB)
...
040 (1283843.000.000) 2023-03-31 12:46:13 Started transferring output files
...
040 (1283843.000.000) 2023-03-31 12:46:13 Finished transferring output files
...
005 (1283843.000.000) 2023-03-31 12:46:14 Job terminated.
	(1) Normal termination (return value 0)
		Usr 0 00:06:43, Sys 0 00:00:06  -  Run Remote Usage
		Usr 0 00:00:00, Sys 0 00:00:00  -  Run Local Usage
		Usr 0 00:06:44, Sys 0 00:00:06  -  Total Remote Usage
		Usr 0 00:00:00, Sys 0 00:00:00  -  Total Local Usage
	14091177  -  Run Bytes Sent By Job
	315801280  -  Run Bytes Received By Job
	14091276  -  Total Bytes Sent By Job
	630826112  -  Total Bytes Received By Job
	Partitionable Resources :     Usage  Request Allocated 
	   Cpus                 :      0.71        1         1 
	   Disk (KB)            : 322229     2097152   2398795 
	   IoHeavy              :                            0 
	   Memory (MB)          :    537        2048      2048 

	Job terminated of its own accord at 2023-03-31T17:46:13Z.
...
