000 (1283826.000.000) 2023-03-31 12:30:39 Job submitted from host: <144.92.180.99:9618?addrs=144.92.180.99-9618+[2607-f388-101c-1000--367]-9618&alias=login01.hep.wisc.edu&noUDP&sock=schedd_2816_1ec8>
...
040 (1283826.000.000) 2023-03-31 12:31:03 Started transferring input files
	Transferring to host: <144.92.180.113:9618?addrs=144.92.180.113-9618+[2607-f388-101c-1000--285]-9618&alias=g26n11.hep.wisc.edu&noUDP&sock=slot1_26_3502_39c7_506646>
...
040 (1283826.000.000) 2023-03-31 12:32:46 Finished transferring input files
...
001 (1283826.000.000) 2023-03-31 12:32:47 Job executing on host: <144.92.180.113:9618?addrs=144.92.180.113-9618+[2607-f388-101c-1000--285]-9618&alias=g26n11.hep.wisc.edu&noUDP&sock=startd_2938_cd56>
...
006 (1283826.000.000) 2023-03-31 12:32:56 Image size of job updated: 1437656
	440  -  MemoryUsage of job (MB)
	450388  -  ResidentSetSize of job (KB)
...
006 (1283826.000.000) 2023-03-31 12:37:40 Image size of job updated: 1444656
	441  -  MemoryUsage of job (MB)
	450784  -  ResidentSetSize of job (KB)
...
040 (1283826.000.000) 2023-03-31 12:37:40 Started transferring output files
...
040 (1283826.000.000) 2023-03-31 12:37:42 Finished transferring output files
...
005 (1283826.000.000) 2023-03-31 12:37:44 Job terminated.
	(1) Normal termination (return value 0)
		Usr 0 00:03:28, Sys 0 00:00:09  -  Run Remote Usage
		Usr 0 00:00:00, Sys 0 00:00:00  -  Run Local Usage
		Usr 0 00:03:28, Sys 0 00:00:09  -  Total Remote Usage
		Usr 0 00:00:00, Sys 0 00:00:00  -  Total Local Usage
	13875128  -  Run Bytes Sent By Job
	315801280  -  Run Bytes Received By Job
	13875128  -  Total Bytes Sent By Job
	315801280  -  Total Bytes Received By Job
	Partitionable Resources :     Usage  Request Allocated 
	   Cpus                 :      0.72        1         1 
	   Disk (KB)            : 322016     2097152  18351582 
	   Memory (MB)          :    441        2048      2500 

	Job terminated of its own accord at 2023-03-31T17:37:40Z.
...
