000 (1283824.000.000) 2023-03-31 12:30:32 Job submitted from host: <144.92.180.99:9618?addrs=144.92.180.99-9618+[2607-f388-101c-1000--367]-9618&alias=login01.hep.wisc.edu&noUDP&sock=schedd_2816_1ec8>
...
040 (1283824.000.000) 2023-03-31 12:31:03 Started transferring input files
	Transferring to host: <144.92.180.109:9618?addrs=144.92.180.109-9618+[2607-f388-101c-1000--281]-9618&alias=g26n07.hep.wisc.edu&noUDP&sock=slot1_14_3906_e158_510814>
...
040 (1283824.000.000) 2023-03-31 12:32:18 Finished transferring input files
...
001 (1283824.000.000) 2023-03-31 12:32:19 Job executing on host: <144.92.180.109:9618?addrs=144.92.180.109-9618+[2607-f388-101c-1000--281]-9618&alias=g26n07.hep.wisc.edu&noUDP&sock=startd_3010_3028>
...
006 (1283824.000.000) 2023-03-31 12:32:27 Image size of job updated: 192136
	75  -  MemoryUsage of job (MB)
	76240  -  ResidentSetSize of job (KB)
...
006 (1283824.000.000) 2023-03-31 12:37:22 Image size of job updated: 1451732
	77  -  MemoryUsage of job (MB)
	77956  -  ResidentSetSize of job (KB)
...
040 (1283824.000.000) 2023-03-31 12:37:22 Started transferring output files
...
040 (1283824.000.000) 2023-03-31 12:37:23 Finished transferring output files
...
005 (1283824.000.000) 2023-03-31 12:37:23 Job terminated.
	(1) Normal termination (return value 0)
		Usr 0 00:04:18, Sys 0 00:00:05  -  Run Remote Usage
		Usr 0 00:00:00, Sys 0 00:00:00  -  Run Local Usage
		Usr 0 00:04:18, Sys 0 00:00:05  -  Total Remote Usage
		Usr 0 00:00:00, Sys 0 00:00:00  -  Total Local Usage
	14082145  -  Run Bytes Sent By Job
	315801312  -  Run Bytes Received By Job
	14082145  -  Total Bytes Sent By Job
	315801312  -  Total Bytes Received By Job
	Partitionable Resources :     Usage  Request Allocated 
	   Cpus                 :      0.89        1         1 
	   Disk (KB)            : 322218     2097152  18357888 
	   Memory (MB)          :     77        2048      2500 

	Job terminated of its own accord at 2023-03-31T17:37:22Z.
...
