000 (1283804.000.000) 2023-03-31 12:29:05 Job submitted from host: <144.92.180.99:9618?addrs=144.92.180.99-9618+[2607-f388-101c-1000--367]-9618&alias=login01.hep.wisc.edu&noUDP&sock=schedd_2816_1ec8>
...
040 (1283804.000.000) 2023-03-31 12:29:44 Started transferring input files
	Transferring to host: <128.105.68.200:9618?addrs=128.105.68.200-9618+[2607-f388-2200-100-1e6a-7aff-fe26-c7b3]-9618&alias=e2287.chtc.wisc.edu&noUDP&sock=slot1_8_29809_e315_30724>
...
040 (1283804.000.000) 2023-03-31 12:31:21 Finished transferring input files
...
001 (1283804.000.000) 2023-03-31 12:31:22 Job executing on host: <128.105.68.200:9618?addrs=128.105.68.200-9618+[2607-f388-2200-100-1e6a-7aff-fe26-c7b3]-9618&alias=e2287.chtc.wisc.edu&noUDP&sock=startd_7789_2f42>
...
006 (1283804.000.000) 2023-03-31 12:31:31 Image size of job updated: 37280
	13  -  MemoryUsage of job (MB)
	12492  -  ResidentSetSize of job (KB)
...
006 (1283804.000.000) 2023-03-31 12:36:31 Image size of job updated: 1458572
	543  -  MemoryUsage of job (MB)
	555284  -  ResidentSetSize of job (KB)
...
006 (1283804.000.000) 2023-03-31 12:40:42 Image size of job updated: 1460580
	543  -  MemoryUsage of job (MB)
	555284  -  ResidentSetSize of job (KB)
...
040 (1283804.000.000) 2023-03-31 12:40:42 Started transferring output files
...
040 (1283804.000.000) 2023-03-31 12:40:42 Finished transferring output files
...
005 (1283804.000.000) 2023-03-31 12:40:43 Job terminated.
	(1) Normal termination (return value 0)
		Usr 0 00:06:07, Sys 0 00:00:08  -  Run Remote Usage
		Usr 0 00:00:00, Sys 0 00:00:00  -  Run Local Usage
		Usr 0 00:06:07, Sys 0 00:00:08  -  Total Remote Usage
		Usr 0 00:00:00, Sys 0 00:00:00  -  Total Local Usage
	13862913  -  Run Bytes Sent By Job
	315801280  -  Run Bytes Received By Job
	13862913  -  Total Bytes Sent By Job
	315801280  -  Total Bytes Received By Job
	Partitionable Resources :     Usage  Request Allocated 
	   Cpus                 :      0.80        1         1 
	   Disk (KB)            : 322005     2097152   2352070 
	   IoHeavy              :                            0 
	   Memory (MB)          :    543        2048      2048 

	Job terminated of its own accord at 2023-03-31T17:40:42Z.
...
