000 (7915633.000.000) 2022-01-03 14:53:36 Job submitted from host: <144.92.181.245:9618?addrs=144.92.181.245-9618+[2607-f388-101c-1000--372]-9618&alias=login06.hep.wisc.edu&noUDP&sock=schedd_913429_e58e>
...
040 (7915633.000.000) 2022-01-03 14:54:13 Entered queue to transfer input files
	Transferring to host: <128.105.68.115:9618?addrs=128.105.68.115-9618&alias=e2453.chtc.wisc.edu&noUDP&sock=slot1_11_3285_545f_64756>
...
040 (7915633.000.000) 2022-01-03 14:55:16 Started transferring input files
	Seconds spent in queue: 63
...
040 (7915633.000.000) 2022-01-03 14:56:33 Finished transferring input files
...
001 (7915633.000.000) 2022-01-03 14:56:34 Job executing on host: <128.105.68.115:9618?addrs=128.105.68.115-9618&alias=e2453.chtc.wisc.edu&noUDP&sock=startd_3089_6023>
...
006 (7915633.000.000) 2022-01-03 14:56:42 Image size of job updated: 935636
	396  -  MemoryUsage of job (MB)
	405052  -  ResidentSetSize of job (KB)
...
006 (7915633.000.000) 2022-01-03 14:56:49 Image size of job updated: 999064
	396  -  MemoryUsage of job (MB)
	405052  -  ResidentSetSize of job (KB)
...
040 (7915633.000.000) 2022-01-03 14:56:49 Started transferring output files
	Seconds spent in queue: 156
...
040 (7915633.000.000) 2022-01-03 14:56:49 Finished transferring output files
...
005 (7915633.000.000) 2022-01-03 14:56:50 Job terminated.
	(1) Normal termination (return value 0)
		Usr 0 00:00:05, Sys 0 00:00:01  -  Run Remote Usage
		Usr 0 00:00:00, Sys 0 00:00:00  -  Run Local Usage
		Usr 0 00:00:05, Sys 0 00:00:01  -  Total Remote Usage
		Usr 0 00:00:00, Sys 0 00:00:00  -  Total Local Usage
	93432  -  Run Bytes Sent By Job
	315491776  -  Run Bytes Received By Job
	93432  -  Total Bytes Sent By Job
	315491776  -  Total Bytes Received By Job
	Partitionable Resources :    Usage  Request Allocated 
	   Cpus                 :                 1         1 
	   Disk (KB)            :   308240  2048000   2361889 
	   IoHeavy              :                           0 
	   Memory (MB)          :      396     1992      2048 

	Job terminated of its own accord at 2022-01-03T20:56:49Z.
...
