000 (7915506.000.000) 2022-01-03 14:50:07 Job submitted from host: <144.92.181.245:9618?addrs=144.92.181.245-9618+[2607-f388-101c-1000--372]-9618&alias=login06.hep.wisc.edu&noUDP&sock=schedd_913429_e58e>
...
040 (7915506.000.000) 2022-01-03 14:50:14 Started transferring input files
	Transferring to host: <128.105.68.115:9618?addrs=128.105.68.115-9618&alias=e2453.chtc.wisc.edu&noUDP&sock=slot1_10_3285_545f_64751>
...
040 (7915506.000.000) 2022-01-03 14:52:17 Finished transferring input files
...
001 (7915506.000.000) 2022-01-03 14:52:18 Job executing on host: <128.105.68.115:9618?addrs=128.105.68.115-9618&alias=e2453.chtc.wisc.edu&noUDP&sock=startd_3089_6023>
...
006 (7915506.000.000) 2022-01-03 14:52:27 Image size of job updated: 146168
	7  -  MemoryUsage of job (MB)
	7048  -  ResidentSetSize of job (KB)
...
006 (7915506.000.000) 2022-01-03 14:53:12 Image size of job updated: 1197896
	7  -  MemoryUsage of job (MB)
	7048  -  ResidentSetSize of job (KB)
...
040 (7915506.000.000) 2022-01-03 14:53:12 Started transferring output files
...
040 (7915506.000.000) 2022-01-03 14:53:12 Finished transferring output files
...
005 (7915506.000.000) 2022-01-03 14:53:14 Job terminated.
	(1) Normal termination (return value 0)
		Usr 0 00:00:24, Sys 0 00:00:02  -  Run Remote Usage
		Usr 0 00:00:00, Sys 0 00:00:00  -  Run Local Usage
		Usr 0 00:00:24, Sys 0 00:00:02  -  Total Remote Usage
		Usr 0 00:00:00, Sys 0 00:00:00  -  Total Local Usage
	149195  -  Run Bytes Sent By Job
	315491744  -  Run Bytes Received By Job
	149195  -  Total Bytes Sent By Job
	315491744  -  Total Bytes Received By Job
	Partitionable Resources :     Usage  Request Allocated 
	   Cpus                 :      0.03        1         1 
	   Disk (KB)            : 308303     2048000   2361889 
	   IoHeavy              :                            0 
	   Memory (MB)          :      7        1992      2048 

	Job terminated of its own accord at 2022-01-03T20:53:12Z.
...
