000 (7915533.000.000) 2022-01-03 14:50:51 Job submitted from host: <144.92.181.245:9618?addrs=144.92.181.245-9618+[2607-f388-101c-1000--372]-9618&alias=login06.hep.wisc.edu&noUDP&sock=schedd_913429_e58e>
...
040 (7915533.000.000) 2022-01-03 14:51:32 Started transferring input files
	Transferring to host: <128.104.58.159:9618?addrs=128.104.58.159-9618+[2607-f388-1086-0-16fe-b5ff-fec6-746b]-9618&alias=e1011.chtc.wisc.edu&noUDP&sock=slot1_8_16723_9dc1_12831>
...
040 (7915533.000.000) 2022-01-03 14:55:05 Finished transferring input files
...
001 (7915533.000.000) 2022-01-03 14:55:07 Job executing on host: <128.104.58.159:9618?addrs=128.104.58.159-9618+[2607-f388-1086-0-16fe-b5ff-fec6-746b]-9618&alias=e1011.chtc.wisc.edu&noUDP&sock=startd_3045_31f8>
...
006 (7915533.000.000) 2022-01-03 14:55:18 Image size of job updated: 505088
	398  -  MemoryUsage of job (MB)
	406580  -  ResidentSetSize of job (KB)
...
006 (7915533.000.000) 2022-01-03 14:58:30 Image size of job updated: 1176560
	398  -  MemoryUsage of job (MB)
	407088  -  ResidentSetSize of job (KB)
...
040 (7915533.000.000) 2022-01-03 14:58:31 Started transferring output files
...
040 (7915533.000.000) 2022-01-03 14:58:31 Finished transferring output files
...
005 (7915533.000.000) 2022-01-03 14:58:31 Job terminated.
	(1) Normal termination (return value 0)
		Usr 0 00:02:50, Sys 0 00:00:06  -  Run Remote Usage
		Usr 0 00:00:00, Sys 0 00:00:00  -  Run Local Usage
		Usr 0 00:02:50, Sys 0 00:00:06  -  Total Remote Usage
		Usr 0 00:00:00, Sys 0 00:00:00  -  Total Local Usage
	183194  -  Run Bytes Sent By Job
	315491744  -  Run Bytes Received By Job
	183194  -  Total Bytes Sent By Job
	315491744  -  Total Bytes Received By Job
	Partitionable Resources :     Usage  Request Allocated 
	   Cpus                 :      0.92        1         1 
	   Disk (KB)            : 308337     2048000   2393330 
	   IoHeavy              :                            0 
	   Memory (MB)          :    398        1992      2048 

	Job terminated of its own accord at 2022-01-03T20:58:30Z.
...
