000 (7915518.000.000) 2022-01-03 14:50:21 Job submitted from host: <144.92.181.245:9618?addrs=144.92.181.245-9618+[2607-f388-101c-1000--372]-9618&alias=login06.hep.wisc.edu&noUDP&sock=schedd_913429_e58e>
...
040 (7915518.000.000) 2022-01-03 14:51:18 Started transferring input files
	Transferring to host: <128.105.244.40:9618?addrs=128.105.244.40-9618&alias=e3171.chtc.wisc.edu&noUDP&sock=slot1_11_23281_520c_13982>
...
040 (7915518.000.000) 2022-01-03 14:58:44 Finished transferring input files
...
001 (7915518.000.000) 2022-01-03 14:58:45 Job executing on host: <128.105.244.40:9618?addrs=128.105.244.40-9618&alias=e3171.chtc.wisc.edu&noUDP&sock=startd_1352_f022>
...
006 (7915518.000.000) 2022-01-03 14:58:53 Image size of job updated: 535056
	397  -  MemoryUsage of job (MB)
	406224  -  ResidentSetSize of job (KB)
...
006 (7915518.000.000) 2022-01-03 14:59:14 Image size of job updated: 1195916
	397  -  MemoryUsage of job (MB)
	406224  -  ResidentSetSize of job (KB)
...
040 (7915518.000.000) 2022-01-03 14:59:14 Started transferring output files
...
040 (7915518.000.000) 2022-01-03 14:59:14 Finished transferring output files
...
005 (7915518.000.000) 2022-01-03 14:59:14 Job terminated.
	(1) Normal termination (return value 0)
		Usr 0 00:00:20, Sys 0 00:00:01  -  Run Remote Usage
		Usr 0 00:00:00, Sys 0 00:00:00  -  Run Local Usage
		Usr 0 00:00:20, Sys 0 00:00:01  -  Total Remote Usage
		Usr 0 00:00:00, Sys 0 00:00:00  -  Total Local Usage
	147757  -  Run Bytes Sent By Job
	315491744  -  Run Bytes Received By Job
	147757  -  Total Bytes Sent By Job
	315491744  -  Total Bytes Received By Job
	Partitionable Resources :     Usage  Request Allocated 
	   Cpus                 :      0.06        1         1 
	   Disk (KB)            : 308301     2048000   2720256 
	   IoHeavy              :                            0 
	   Memory (MB)          :    397        1992      2048 

	Job terminated of its own accord at 2022-01-03T20:59:14Z.
...
