000 (7915656.000.000) 2022-01-03 14:54:24 Job submitted from host: <144.92.181.245:9618?addrs=144.92.181.245-9618+[2607-f388-101c-1000--372]-9618&alias=login06.hep.wisc.edu&noUDP&sock=schedd_913429_e58e>
...
040 (7915656.000.000) 2022-01-03 14:54:45 Entered queue to transfer input files
	Transferring to host: <128.105.245.114:9618?addrs=128.105.245.114-9618&alias=e314.chtc.wisc.edu&noUDP&sock=slot1_9_33928_185d_13954>
...
040 (7915656.000.000) 2022-01-03 14:56:49 Started transferring input files
	Seconds spent in queue: 124
...
040 (7915656.000.000) 2022-01-03 14:58:59 Finished transferring input files
...
001 (7915656.000.000) 2022-01-03 14:59:00 Job executing on host: <128.105.245.114:9618?addrs=128.105.245.114-9618&alias=e314.chtc.wisc.edu&noUDP&sock=startd_2784_2bc0>
...
006 (7915656.000.000) 2022-01-03 14:59:08 Image size of job updated: 802016
	397  -  MemoryUsage of job (MB)
	405696  -  ResidentSetSize of job (KB)
...
006 (7915656.000.000) 2022-01-03 15:03:51 Image size of job updated: 1204880
	397  -  MemoryUsage of job (MB)
	405696  -  ResidentSetSize of job (KB)
...
040 (7915656.000.000) 2022-01-03 15:03:51 Started transferring output files
	Seconds spent in queue: 546
...
040 (7915656.000.000) 2022-01-03 15:03:51 Finished transferring output files
...
005 (7915656.000.000) 2022-01-03 15:03:51 Job terminated.
	(1) Normal termination (return value 0)
		Usr 0 00:01:57, Sys 0 00:00:16  -  Run Remote Usage
		Usr 0 00:00:00, Sys 0 00:00:00  -  Run Local Usage
		Usr 0 00:01:57, Sys 0 00:00:16  -  Total Remote Usage
		Usr 0 00:00:00, Sys 0 00:00:00  -  Total Local Usage
	139410  -  Run Bytes Sent By Job
	315491744  -  Run Bytes Received By Job
	139410  -  Total Bytes Sent By Job
	315491744  -  Total Bytes Received By Job
	Partitionable Resources :     Usage  Request Allocated 
	   Cpus                 :      0.46        1         1 
	   Disk (KB)            : 308294     2048000   2346990 
	   IoHeavy              :                            0 
	   Memory (MB)          :    397        1992      2048 

	Job terminated of its own accord at 2022-01-03T21:03:50Z.
...
