000 (7915597.000.000) 2022-01-03 14:52:35 Job submitted from host: <144.92.181.245:9618?addrs=144.92.181.245-9618+[2607-f388-101c-1000--372]-9618&alias=login06.hep.wisc.edu&noUDP&sock=schedd_913429_e58e>
...
040 (7915597.000.000) 2022-01-03 14:53:02 Started transferring input files
	Transferring to host: <128.104.100.41:9618?addrs=128.104.100.41-9618+[2607-f388-107c-501-862b-2bff-fe63-b118]-9618&alias=e0064.chtc.wisc.edu&noUDP&sock=slot1_12_5337_2632_10531>
...
040 (7915597.000.000) 2022-01-03 14:54:20 Finished transferring input files
...
001 (7915597.000.000) 2022-01-03 14:54:21 Job executing on host: <128.104.100.41:9618?addrs=128.104.100.41-9618+[2607-f388-107c-501-862b-2bff-fe63-b118]-9618&alias=e0064.chtc.wisc.edu&noUDP&sock=startd_4455_5682>
...
006 (7915597.000.000) 2022-01-03 14:54:28 Image size of job updated: 645344
	0  -  MemoryUsage of job (MB)
	0  -  ResidentSetSize of job (KB)
...
040 (7915597.000.000) 2022-01-03 14:54:28 Started transferring output files
...
040 (7915597.000.000) 2022-01-03 14:54:28 Finished transferring output files
...
005 (7915597.000.000) 2022-01-03 14:54:29 Job terminated.
	(1) Normal termination (return value 0)
		Usr 0 00:00:04, Sys 0 00:00:01  -  Run Remote Usage
		Usr 0 00:00:00, Sys 0 00:00:00  -  Run Local Usage
		Usr 0 00:00:04, Sys 0 00:00:01  -  Total Remote Usage
		Usr 0 00:00:00, Sys 0 00:00:00  -  Total Local Usage
	110695  -  Run Bytes Sent By Job
	315491744  -  Run Bytes Received By Job
	110695  -  Total Bytes Sent By Job
	315491744  -  Total Bytes Received By Job
	Partitionable Resources :    Usage  Request Allocated 
	   Cpus                 :                 1         1 
	   Disk (KB)            :   308257  2048000   3039753 
	   IoHeavy              :                           0 
	   Memory (MB)          :        0     1992      2048 

	Job terminated of its own accord at 2022-01-03T20:54:28Z.
...
