000 (7915502.000.000) 2022-01-03 14:50:01 Job submitted from host: <144.92.181.245:9618?addrs=144.92.181.245-9618+[2607-f388-101c-1000--372]-9618&alias=login06.hep.wisc.edu&noUDP&sock=schedd_913429_e58e>
...
040 (7915502.000.000) 2022-01-03 14:50:14 Started transferring input files
	Transferring to host: <128.104.58.234:9618?addrs=128.104.58.234-9618+[2607-f388-1086-0-226-9eff-fe2b-be5a]-9618&alias=e562.chtc.wisc.edu&noUDP&sock=slot1_1_20237_8c10_13970>
...
040 (7915502.000.000) 2022-01-03 14:57:03 Finished transferring input files
...
001 (7915502.000.000) 2022-01-03 14:57:04 Job executing on host: <128.104.58.234:9618?addrs=128.104.58.234-9618+[2607-f388-1086-0-226-9eff-fe2b-be5a]-9618&alias=e562.chtc.wisc.edu&noUDP&sock=startd_2019_71cd>
...
006 (7915502.000.000) 2022-01-03 14:57:13 Image size of job updated: 43424
	8  -  MemoryUsage of job (MB)
	7652  -  ResidentSetSize of job (KB)
...
006 (7915502.000.000) 2022-01-03 14:57:29 Image size of job updated: 642396
	8  -  MemoryUsage of job (MB)
	7652  -  ResidentSetSize of job (KB)
...
040 (7915502.000.000) 2022-01-03 14:57:29 Started transferring output files
...
040 (7915502.000.000) 2022-01-03 14:57:29 Finished transferring output files
...
005 (7915502.000.000) 2022-01-03 14:57:29 Job terminated.
	(1) Normal termination (return value 0)
		Usr 0 00:00:06, Sys 0 00:00:01  -  Run Remote Usage
		Usr 0 00:00:00, Sys 0 00:00:00  -  Run Local Usage
		Usr 0 00:00:06, Sys 0 00:00:01  -  Total Remote Usage
		Usr 0 00:00:00, Sys 0 00:00:00  -  Total Local Usage
	139044  -  Run Bytes Sent By Job
	315491776  -  Run Bytes Received By Job
	139044  -  Total Bytes Sent By Job
	315491776  -  Total Bytes Received By Job
	Partitionable Resources :     Usage  Request Allocated 
	   Cpus                 :      0.03        1         1 
	   Disk (KB)            : 308294     2048000   2714028 
	   IoHeavy              :                            0 
	   Memory (MB)          :      8        1992      2048 

	Job terminated of its own accord at 2022-01-03T20:57:29Z.
...
