000 (7915611.000.000) 2022-01-03 14:52:58 Job submitted from host: <144.92.181.245:9618?addrs=144.92.181.245-9618+[2607-f388-101c-1000--372]-9618&alias=login06.hep.wisc.edu&noUDP&sock=schedd_913429_e58e>
...
040 (7915611.000.000) 2022-01-03 14:53:19 Entered queue to transfer input files
	Transferring to host: <128.105.68.115:9618?addrs=128.105.68.115-9618&alias=e2453.chtc.wisc.edu&noUDP&sock=slot1_17_3285_545f_64754>
...
040 (7915611.000.000) 2022-01-03 14:53:48 Started transferring input files
	Seconds spent in queue: 29
...
040 (7915611.000.000) 2022-01-03 14:57:23 Finished transferring input files
...
001 (7915611.000.000) 2022-01-03 14:57:24 Job executing on host: <128.105.68.115:9618?addrs=128.105.68.115-9618&alias=e2453.chtc.wisc.edu&noUDP&sock=startd_3089_6023>
...
006 (7915611.000.000) 2022-01-03 14:57:33 Image size of job updated: 642400
	396  -  MemoryUsage of job (MB)
	405224  -  ResidentSetSize of job (KB)
...
040 (7915611.000.000) 2022-01-03 14:57:37 Started transferring output files
	Seconds spent in queue: 258
...
040 (7915611.000.000) 2022-01-03 14:57:37 Finished transferring output files
...
005 (7915611.000.000) 2022-01-03 14:57:38 Job terminated.
	(1) Normal termination (return value 0)
		Usr 0 00:00:05, Sys 0 00:00:01  -  Run Remote Usage
		Usr 0 00:00:00, Sys 0 00:00:00  -  Run Local Usage
		Usr 0 00:00:05, Sys 0 00:00:01  -  Total Remote Usage
		Usr 0 00:00:00, Sys 0 00:00:00  -  Total Local Usage
	116207  -  Run Bytes Sent By Job
	315491744  -  Run Bytes Received By Job
	116207  -  Total Bytes Sent By Job
	315491744  -  Total Bytes Received By Job
	Partitionable Resources :     Usage  Request Allocated 
	   Cpus                 :      0.53        1         1 
	   Disk (KB)            : 308271     2048000   2361889 
	   IoHeavy              :                            0 
	   Memory (MB)          :    396        1992      2048 

	Job terminated of its own accord at 2022-01-03T20:57:37Z.
...
