000 (7915560.000.000) 2022-01-03 14:51:41 Job submitted from host: <144.92.181.245:9618?addrs=144.92.181.245-9618+[2607-f388-101c-1000--372]-9618&alias=login06.hep.wisc.edu&noUDP&sock=schedd_913429_e58e>
...
040 (7915560.000.000) 2022-01-03 14:52:17 Started transferring input files
	Transferring to host: <128.105.245.155:9618?addrs=128.105.245.155-9618&alias=e355.chtc.wisc.edu&noUDP&sock=slot1_8_22081_cfdb_14030>
...
040 (7915560.000.000) 2022-01-03 14:55:17 Finished transferring input files
...
001 (7915560.000.000) 2022-01-03 14:55:18 Job executing on host: <128.105.245.155:9618?addrs=128.105.245.155-9618&alias=e355.chtc.wisc.edu&noUDP&sock=startd_2775_ff66>
...
006 (7915560.000.000) 2022-01-03 14:55:26 Image size of job updated: 1000188
	407  -  MemoryUsage of job (MB)
	416644  -  ResidentSetSize of job (KB)
...
006 (7915560.000.000) 2022-01-03 14:55:41 Image size of job updated: 1173116
	408  -  MemoryUsage of job (MB)
	417304  -  ResidentSetSize of job (KB)
...
040 (7915560.000.000) 2022-01-03 14:55:41 Started transferring output files
...
040 (7915560.000.000) 2022-01-03 14:55:42 Finished transferring output files
...
005 (7915560.000.000) 2022-01-03 14:55:42 Job terminated.
	(1) Normal termination (return value 0)
		Usr 0 00:00:08, Sys 0 00:00:01  -  Run Remote Usage
		Usr 0 00:00:00, Sys 0 00:00:00  -  Run Local Usage
		Usr 0 00:00:08, Sys 0 00:00:01  -  Total Remote Usage
		Usr 0 00:00:00, Sys 0 00:00:00  -  Total Local Usage
	103929  -  Run Bytes Sent By Job
	315491776  -  Run Bytes Received By Job
	103929  -  Total Bytes Sent By Job
	315491776  -  Total Bytes Received By Job
	Partitionable Resources :    Usage  Request Allocated 
	   Cpus                 :        0        1         1 
	   Disk (KB)            :   308259  2048000   2341078 
	   IoHeavy              :                           0 
	   Memory (MB)          :      408     1992      2048 

	Job terminated of its own accord at 2022-01-03T20:55:41Z.
...
