000 (7915589.000.000) 2022-01-03 14:52:21 Job submitted from host: <144.92.181.245:9618?addrs=144.92.181.245-9618+[2607-f388-101c-1000--372]-9618&alias=login06.hep.wisc.edu&noUDP&sock=schedd_913429_e58e>
...
040 (7915589.000.000) 2022-01-03 14:52:39 Entered queue to transfer input files
	Transferring to host: <128.105.245.106:9618?addrs=128.105.245.106-9618&alias=e2306.chtc.wisc.edu&noUDP&sock=slot1_2_37188_0f61_13225>
...
040 (7915589.000.000) 2022-01-03 14:52:44 Started transferring input files
	Seconds spent in queue: 5
...
040 (7915589.000.000) 2022-01-03 14:56:50 Finished transferring input files
...
001 (7915589.000.000) 2022-01-03 14:56:51 Job executing on host: <128.105.245.106:9618?addrs=128.105.245.106-9618&alias=e2306.chtc.wisc.edu&noUDP&sock=startd_12776_da10>
...
006 (7915589.000.000) 2022-01-03 14:56:59 Image size of job updated: 547220
	400  -  MemoryUsage of job (MB)
	409280  -  ResidentSetSize of job (KB)
...
006 (7915589.000.000) 2022-01-03 14:59:03 Image size of job updated: 1176148
	401  -  MemoryUsage of job (MB)
	409676  -  ResidentSetSize of job (KB)
...
040 (7915589.000.000) 2022-01-03 14:59:03 Started transferring output files
	Seconds spent in queue: 384
...
040 (7915589.000.000) 2022-01-03 14:59:03 Finished transferring output files
...
005 (7915589.000.000) 2022-01-03 14:59:03 Job terminated.
	(1) Normal termination (return value 0)
		Usr 0 00:01:17, Sys 0 00:00:04  -  Run Remote Usage
		Usr 0 00:00:00, Sys 0 00:00:00  -  Run Local Usage
		Usr 0 00:01:17, Sys 0 00:00:04  -  Total Remote Usage
		Usr 0 00:00:00, Sys 0 00:00:00  -  Total Local Usage
	161170  -  Run Bytes Sent By Job
	315491776  -  Run Bytes Received By Job
	161170  -  Total Bytes Sent By Job
	315491776  -  Total Bytes Received By Job
	Partitionable Resources :     Usage  Request Allocated 
	   Cpus                 :      0.50        1         1 
	   Disk (KB)            : 308316     2048000   2343719 
	   IoHeavy              :                            0 
	   Memory (MB)          :    401        1992      2048 

	Job terminated of its own accord at 2022-01-03T20:59:03Z.
...
