All files added.
Initializing chain.
from Init MC
****************** ttbar sample found
.... MC file ..... 
Coming in: 
nentries:11749
Running over 11749 events.
Finished entry 0/11748
Finished entry 500/11748
Finished entry 1000/11748
Finished entry 1500/11748
Finished entry 2000/11748
Finished entry 2500/11748
Finished entry 3000/11748
Finished entry 3500/11748
Finished entry 4000/11748
Finished entry 4500/11748
Finished entry 5000/11748
Finished entry 5500/11748
Finished entry 6000/11748
Finished entry 6500/11748
Finished entry 7000/11748
Finished entry 7500/11748
Finished entry 8000/11748
Finished entry 8500/11748
Finished entry 9000/11748
Finished entry 9500/11748
Finished entry 10000/11748
Finished entry 10500/11748
Finished entry 11000/11748
Finished entry 11500/11748
Finished entry 11748/11748
All events checked.
*******************************************
******************Jithin's original*************************
    Initial entries 11749.000000
   Passing smikking 0.000000
Inspected genWeightd 11673.000000   % change= 0.646864
   METFiltersPassed 11426.570858   % change= 2.111104
    SingleTrgPassed 833.544628   % change= 92.705208
     GoodMuonPassed 207.593124   % change= 75.095140
      GoodTauPassed 11.317025   % change= 94.548459
         opp charge 11.317025   % change= 0.000000
 PassedThirdLepVeto 10.333931   % change= 8.686854
     PassedBjetVeto 2.660888   % change= 74.250956
       DeltaRPassed 2.660888   % change= 0.000000
      Total change :99.977352
*******************************************
*******************************************
Number of events inspected: 11749
Number of events inspected (minus negative gen. weights): 11673.000000
 Outpt written to TTToHadronic_powheg_13.root
Real time 0:00:35, CP time 17.570
