000 (7915546.000.000) 2022-01-03 14:51:18 Job submitted from host: <144.92.181.245:9618?addrs=144.92.181.245-9618+[2607-f388-101c-1000--372]-9618&alias=login06.hep.wisc.edu&noUDP&sock=schedd_913429_e58e>
...
040 (7915546.000.000) 2022-01-03 14:51:47 Started transferring input files
	Transferring to host: <128.105.68.124:9618?addrs=128.105.68.124-9618&alias=e2444.chtc.wisc.edu&noUDP&sock=slot1_8_25279_179d_13898>
...
040 (7915546.000.000) 2022-01-03 14:52:59 Finished transferring input files
...
001 (7915546.000.000) 2022-01-03 14:53:00 Job executing on host: <128.105.68.124:9618?addrs=128.105.68.124-9618&alias=e2444.chtc.wisc.edu&noUDP&sock=startd_2356_9938>
...
006 (7915546.000.000) 2022-01-03 14:53:09 Image size of job updated: 999064
	484  -  MemoryUsage of job (MB)
	495520  -  ResidentSetSize of job (KB)
...
006 (7915546.000.000) 2022-01-03 14:53:24 Image size of job updated: 1122900
	484  -  MemoryUsage of job (MB)
	495520  -  ResidentSetSize of job (KB)
...
040 (7915546.000.000) 2022-01-03 14:53:25 Started transferring output files
...
040 (7915546.000.000) 2022-01-03 14:53:25 Finished transferring output files
...
005 (7915546.000.000) 2022-01-03 14:53:27 Job terminated.
	(1) Normal termination (return value 0)
		Usr 0 00:00:09, Sys 0 00:00:02  -  Run Remote Usage
		Usr 0 00:00:00, Sys 0 00:00:00  -  Run Local Usage
		Usr 0 00:00:09, Sys 0 00:00:02  -  Total Remote Usage
		Usr 0 00:00:00, Sys 0 00:00:00  -  Total Local Usage
	121348  -  Run Bytes Sent By Job
	315491776  -  Run Bytes Received By Job
	121348  -  Total Bytes Sent By Job
	315491776  -  Total Bytes Received By Job
	Partitionable Resources :     Usage  Request Allocated 
	   Cpus                 :      0.10        1         1 
	   Disk (KB)            : 308277     2048000   2356931 
	   IoHeavy              :                            0 
	   Memory (MB)          :    484        1992      2048 

	Job terminated of its own accord at 2022-01-03T20:53:24Z.
...
