000 (7915661.000.000) 2022-01-03 14:54:32 Job submitted from host: <144.92.181.245:9618?addrs=144.92.181.245-9618+[2607-f388-101c-1000--372]-9618&alias=login06.hep.wisc.edu&noUDP&sock=schedd_913429_e58e>
...
040 (7915661.000.000) 2022-01-03 14:55:15 Entered queue to transfer input files
	Transferring to host: <128.104.101.126:9618?addrs=128.104.101.126-9618+[2607-f388-107c-501-4603-a7ff-fe29-9a3d]-9618&alias=e126.chtc.wisc.edu&noUDP&sock=slot1_8_2583_b502_10504>
...
040 (7915661.000.000) 2022-01-03 14:57:03 Started transferring input files
	Seconds spent in queue: 108
...
040 (7915661.000.000) 2022-01-03 14:58:03 Finished transferring input files
...
001 (7915661.000.000) 2022-01-03 14:58:04 Job executing on host: <128.104.101.126:9618?addrs=128.104.101.126-9618+[2607-f388-107c-501-4603-a7ff-fe29-9a3d]-9618&alias=e126.chtc.wisc.edu&noUDP&sock=startd_1644_39c9>
...
006 (7915661.000.000) 2022-01-03 14:58:13 Image size of job updated: 1202280
	420  -  MemoryUsage of job (MB)
	429124  -  ResidentSetSize of job (KB)
...
006 (7915661.000.000) 2022-01-03 15:01:09 Image size of job updated: 1212960
	420  -  MemoryUsage of job (MB)
	429124  -  ResidentSetSize of job (KB)
...
040 (7915661.000.000) 2022-01-03 15:01:09 Started transferring output files
	Seconds spent in queue: 354
...
040 (7915661.000.000) 2022-01-03 15:01:09 Finished transferring output files
...
005 (7915661.000.000) 2022-01-03 15:01:09 Job terminated.
	(1) Normal termination (return value 0)
		Usr 0 00:01:36, Sys 0 00:00:12  -  Run Remote Usage
		Usr 0 00:00:00, Sys 0 00:00:00  -  Run Local Usage
		Usr 0 00:01:36, Sys 0 00:00:12  -  Total Remote Usage
		Usr 0 00:00:00, Sys 0 00:00:00  -  Total Local Usage
	140213  -  Run Bytes Sent By Job
	315491744  -  Run Bytes Received By Job
	140213  -  Total Bytes Sent By Job
	315491744  -  Total Bytes Received By Job
	Partitionable Resources :     Usage  Request Allocated 
	   Cpus                 :      0.05        1         1 
	   Disk (KB)            : 308296     2048000   3408779 
	   IoHeavy              :                            0 
	   Memory (MB)          :    420        1992      2048 

	Job terminated of its own accord at 2022-01-03T21:01:09Z.
...
