000 (7915550.000.000) 2022-01-03 14:51:27 Job submitted from host: <144.92.181.245:9618?addrs=144.92.181.245-9618+[2607-f388-101c-1000--372]-9618&alias=login06.hep.wisc.edu&noUDP&sock=schedd_913429_e58e>
...
040 (7915550.000.000) 2022-01-03 14:52:13 Started transferring input files
	Transferring to host: <128.104.103.1:9618?addrs=128.104.103.1-9618+[2607-f388-107c-501-62eb-69ff-fe81-f07c]-9618&alias=e0006.chtc.wisc.edu&noUDP&sock=slot1_6_4481_050f_10445>
...
040 (7915550.000.000) 2022-01-03 14:54:43 Finished transferring input files
...
001 (7915550.000.000) 2022-01-03 14:54:44 Job executing on host: <128.104.103.1:9618?addrs=128.104.103.1-9618+[2607-f388-107c-501-62eb-69ff-fe81-f07c]-9618&alias=e0006.chtc.wisc.edu&noUDP&sock=startd_3954_b18f>
...
006 (7915550.000.000) 2022-01-03 14:54:53 Image size of job updated: 214108
	24  -  MemoryUsage of job (MB)
	24556  -  ResidentSetSize of job (KB)
...
006 (7915550.000.000) 2022-01-03 14:55:19 Image size of job updated: 1171344
	24  -  MemoryUsage of job (MB)
	24556  -  ResidentSetSize of job (KB)
...
040 (7915550.000.000) 2022-01-03 14:55:19 Started transferring output files
...
040 (7915550.000.000) 2022-01-03 14:55:19 Finished transferring output files
...
005 (7915550.000.000) 2022-01-03 14:55:20 Job terminated.
	(1) Normal termination (return value 0)
		Usr 0 00:00:13, Sys 0 00:00:02  -  Run Remote Usage
		Usr 0 00:00:00, Sys 0 00:00:00  -  Run Local Usage
		Usr 0 00:00:13, Sys 0 00:00:02  -  Total Remote Usage
		Usr 0 00:00:00, Sys 0 00:00:00  -  Total Local Usage
	86504  -  Run Bytes Sent By Job
	315491776  -  Run Bytes Received By Job
	86504  -  Total Bytes Sent By Job
	315491776  -  Total Bytes Received By Job
	Partitionable Resources :     Usage  Request Allocated 
	   Cpus                 :      0.43        1         1 
	   Disk (KB)            : 308242     2048000   2704089 
	   IoHeavy              :                            0 
	   Memory (MB)          :     24        1992      2048 

	Job terminated of its own accord at 2022-01-03T20:55:19Z.
...
