000 (7915644.000.000) 2022-01-03 14:53:55 Job submitted from host: <144.92.181.245:9618?addrs=144.92.181.245-9618+[2607-f388-101c-1000--372]-9618&alias=login06.hep.wisc.edu&noUDP&sock=schedd_913429_e58e>
...
040 (7915644.000.000) 2022-01-03 14:54:19 Entered queue to transfer input files
	Transferring to host: <128.104.103.6:9618?addrs=128.104.103.6-9618+[2607-f388-107c-501-62eb-69ff-fe82-4970]-9618&alias=e0005.chtc.wisc.edu&noUDP&sock=slot1_5_4725_f099_10463>
...
040 (7915644.000.000) 2022-01-03 14:55:49 Started transferring input files
	Seconds spent in queue: 90
...
040 (7915644.000.000) 2022-01-03 14:59:38 Finished transferring input files
...
001 (7915644.000.000) 2022-01-03 14:59:39 Job executing on host: <128.104.103.6:9618?addrs=128.104.103.6-9618+[2607-f388-107c-501-62eb-69ff-fe82-4970]-9618&alias=e0005.chtc.wisc.edu&noUDP&sock=startd_3999_8f52>
...
006 (7915644.000.000) 2022-01-03 14:59:47 Image size of job updated: 581412
	434  -  MemoryUsage of job (MB)
	443736  -  ResidentSetSize of job (KB)
...
006 (7915644.000.000) 2022-01-03 14:59:51 Image size of job updated: 1146660
	434  -  MemoryUsage of job (MB)
	444396  -  ResidentSetSize of job (KB)
...
040 (7915644.000.000) 2022-01-03 14:59:51 Started transferring output files
	Seconds spent in queue: 332
...
040 (7915644.000.000) 2022-01-03 14:59:51 Finished transferring output files
...
005 (7915644.000.000) 2022-01-03 14:59:51 Job terminated.
	(1) Normal termination (return value 0)
		Usr 0 00:00:08, Sys 0 00:00:01  -  Run Remote Usage
		Usr 0 00:00:00, Sys 0 00:00:00  -  Run Local Usage
		Usr 0 00:00:08, Sys 0 00:00:01  -  Total Remote Usage
		Usr 0 00:00:00, Sys 0 00:00:00  -  Total Local Usage
	165950  -  Run Bytes Sent By Job
	315491712  -  Run Bytes Received By Job
	165950  -  Total Bytes Sent By Job
	315491712  -  Total Bytes Received By Job
	Partitionable Resources :    Usage  Request Allocated 
	   Cpus                 :        0        1         1 
	   Disk (KB)            :   308320  2048000   2709155 
	   IoHeavy              :                           0 
	   Memory (MB)          :      434     1992      2048 

	Job terminated of its own accord at 2022-01-03T20:59:51Z.
...
