000 (7915610.000.000) 2022-01-03 14:52:57 Job submitted from host: <144.92.181.245:9618?addrs=144.92.181.245-9618+[2607-f388-101c-1000--372]-9618&alias=login06.hep.wisc.edu&noUDP&sock=schedd_913429_e58e>
...
040 (7915610.000.000) 2022-01-03 14:53:19 Entered queue to transfer input files
	Transferring to host: <128.105.244.43:9618?addrs=128.105.244.43-9618&alias=e3174.chtc.wisc.edu&noUDP&sock=slot1_10_28858_d24f_14080>
...
040 (7915610.000.000) 2022-01-03 14:53:34 Started transferring input files
	Seconds spent in queue: 15
...
040 (7915610.000.000) 2022-01-03 14:56:23 Finished transferring input files
...
001 (7915610.000.000) 2022-01-03 14:56:24 Job executing on host: <128.105.244.43:9618?addrs=128.105.244.43-9618&alias=e3174.chtc.wisc.edu&noUDP&sock=startd_1442_aba8>
...
006 (7915610.000.000) 2022-01-03 14:56:32 Image size of job updated: 660
	1  -  MemoryUsage of job (MB)
	660  -  ResidentSetSize of job (KB)
...
006 (7915610.000.000) 2022-01-03 15:01:32 Image size of job updated: 294804
	46  -  MemoryUsage of job (MB)
	46892  -  ResidentSetSize of job (KB)
...
006 (7915610.000.000) 2022-01-03 15:02:43 Image size of job updated: 801860
	46  -  MemoryUsage of job (MB)
	46892  -  ResidentSetSize of job (KB)
...
040 (7915610.000.000) 2022-01-03 15:02:43 Started transferring output files
	Seconds spent in queue: 564
...
040 (7915610.000.000) 2022-01-03 15:02:43 Finished transferring output files
...
005 (7915610.000.000) 2022-01-03 15:02:43 Job terminated.
	(1) Normal termination (return value 0)
		Usr 0 00:00:05, Sys 0 00:00:01  -  Run Remote Usage
		Usr 0 00:00:00, Sys 0 00:00:00  -  Run Local Usage
		Usr 0 00:00:05, Sys 0 00:00:01  -  Total Remote Usage
		Usr 0 00:00:00, Sys 0 00:00:00  -  Total Local Usage
	141720  -  Run Bytes Sent By Job
	315491744  -  Run Bytes Received By Job
	141720  -  Total Bytes Sent By Job
	315491744  -  Total Bytes Received By Job
	Partitionable Resources :     Usage  Request Allocated 
	   Cpus                 :      0.01        1         1 
	   Disk (KB)            : 308296     2048000   3410335 
	   IoHeavy              :                            0 
	   Memory (MB)          :     46        1992      2048 

	Job terminated of its own accord at 2022-01-03T21:02:43Z.
...
