000 (7915532.000.000) 2022-01-03 14:50:49 Job submitted from host: <144.92.181.245:9618?addrs=144.92.181.245-9618+[2607-f388-101c-1000--372]-9618&alias=login06.hep.wisc.edu&noUDP&sock=schedd_913429_e58e>
...
040 (7915532.000.000) 2022-01-03 14:51:28 Started transferring input files
	Transferring to host: <128.105.245.111:9618?addrs=128.105.245.111-9618&alias=e311.chtc.wisc.edu&noUDP&sock=slot1_11_30159_7e63_13762>
...
040 (7915532.000.000) 2022-01-03 14:58:36 Finished transferring input files
...
001 (7915532.000.000) 2022-01-03 14:58:37 Job executing on host: <128.105.245.111:9618?addrs=128.105.245.111-9618&alias=e311.chtc.wisc.edu&noUDP&sock=startd_7169_ea8b>
...
006 (7915532.000.000) 2022-01-03 14:58:46 Image size of job updated: 743784
	397  -  MemoryUsage of job (MB)
	405768  -  ResidentSetSize of job (KB)
...
006 (7915532.000.000) 2022-01-03 15:01:34 Image size of job updated: 1174216
	397  -  MemoryUsage of job (MB)
	405768  -  ResidentSetSize of job (KB)
...
040 (7915532.000.000) 2022-01-03 15:01:34 Started transferring output files
...
040 (7915532.000.000) 2022-01-03 15:01:34 Finished transferring output files
...
005 (7915532.000.000) 2022-01-03 15:01:34 Job terminated.
	(1) Normal termination (return value 0)
		Usr 0 00:02:18, Sys 0 00:00:06  -  Run Remote Usage
		Usr 0 00:00:00, Sys 0 00:00:00  -  Run Local Usage
		Usr 0 00:02:18, Sys 0 00:00:06  -  Total Remote Usage
		Usr 0 00:00:00, Sys 0 00:00:00  -  Total Local Usage
	165144  -  Run Bytes Sent By Job
	315491744  -  Run Bytes Received By Job
	165144  -  Total Bytes Sent By Job
	315491744  -  Total Bytes Received By Job
	Partitionable Resources :     Usage  Request Allocated 
	   Cpus                 :      0.93        1         1 
	   Disk (KB)            : 308319     2048000   2314527 
	   IoHeavy              :                            0 
	   Memory (MB)          :    397        1992      2048 

	Job terminated of its own accord at 2022-01-03T21:01:32Z.
...
