000 (7915477.000.000) 2022-01-03 14:49:48 Job submitted from host: <144.92.181.245:9618?addrs=144.92.181.245-9618+[2607-f388-101c-1000--372]-9618&alias=login06.hep.wisc.edu&noUDP&sock=schedd_913429_e58e>
...
040 (7915477.000.000) 2022-01-03 14:50:02 Started transferring input files
	Transferring to host: <128.104.100.36:9618?addrs=128.104.100.36-9618+[2607-f388-107c-501-62eb-69ff-fe81-f1c6]-9618&alias=e0021.chtc.wisc.edu&noUDP&sock=slot1_1_4616_23b5_10363>
...
040 (7915477.000.000) 2022-01-03 14:52:23 Finished transferring input files
...
001 (7915477.000.000) 2022-01-03 14:52:24 Job executing on host: <128.104.100.36:9618?addrs=128.104.100.36-9618+[2607-f388-107c-501-62eb-69ff-fe81-f1c6]-9618&alias=e0021.chtc.wisc.edu&noUDP&sock=startd_3970_ab13>
...
006 (7915477.000.000) 2022-01-03 14:52:33 Image size of job updated: 143984
	35  -  MemoryUsage of job (MB)
	35348  -  ResidentSetSize of job (KB)
...
006 (7915477.000.000) 2022-01-03 14:53:16 Image size of job updated: 1184016
	35  -  MemoryUsage of job (MB)
	35480  -  ResidentSetSize of job (KB)
...
040 (7915477.000.000) 2022-01-03 14:53:17 Started transferring output files
...
040 (7915477.000.000) 2022-01-03 14:53:17 Finished transferring output files
...
005 (7915477.000.000) 2022-01-03 14:53:17 Job terminated.
	(1) Normal termination (return value 0)
		Usr 0 00:00:29, Sys 0 00:00:02  -  Run Remote Usage
		Usr 0 00:00:00, Sys 0 00:00:00  -  Run Local Usage
		Usr 0 00:00:29, Sys 0 00:00:02  -  Total Remote Usage
		Usr 0 00:00:00, Sys 0 00:00:00  -  Total Local Usage
	168855  -  Run Bytes Sent By Job
	315491744  -  Run Bytes Received By Job
	168855  -  Total Bytes Sent By Job
	315491744  -  Total Bytes Received By Job
	Partitionable Resources :     Usage  Request Allocated 
	   Cpus                 :      0.13        1         1 
	   Disk (KB)            : 308323     2048000   2711087 
	   IoHeavy              :                            0 
	   Memory (MB)          :     35        1992      2048 

	Job terminated of its own accord at 2022-01-03T20:53:16Z.
...
