000 (7915463.000.000) 2022-01-03 14:49:40 Job submitted from host: <144.92.181.245:9618?addrs=144.92.181.245-9618+[2607-f388-101c-1000--372]-9618&alias=login06.hep.wisc.edu&noUDP&sock=schedd_913429_e58e>
...
040 (7915463.000.000) 2022-01-03 14:50:01 Started transferring input files
	Transferring to host: <128.105.244.45:9618?addrs=128.105.244.45-9618&alias=e3176.chtc.wisc.edu&noUDP&sock=slot1_12_10510_fee4_14148>
...
040 (7915463.000.000) 2022-01-03 14:57:08 Finished transferring input files
...
001 (7915463.000.000) 2022-01-03 14:57:09 Job executing on host: <128.105.244.45:9618?addrs=128.105.244.45-9618&alias=e3176.chtc.wisc.edu&noUDP&sock=startd_1569_c82f>
...
006 (7915463.000.000) 2022-01-03 14:57:17 Image size of job updated: 1284
	0  -  MemoryUsage of job (MB)
	0  -  ResidentSetSize of job (KB)
...
006 (7915463.000.000) 2022-01-03 15:01:12 Image size of job updated: 1176544
	0  -  MemoryUsage of job (MB)
	0  -  ResidentSetSize of job (KB)
...
040 (7915463.000.000) 2022-01-03 15:01:12 Started transferring output files
...
040 (7915463.000.000) 2022-01-03 15:01:12 Finished transferring output files
...
005 (7915463.000.000) 2022-01-03 15:01:12 Job terminated.
	(1) Normal termination (return value 0)
		Usr 0 00:00:27, Sys 0 00:00:04  -  Run Remote Usage
		Usr 0 00:00:00, Sys 0 00:00:00  -  Run Local Usage
		Usr 0 00:00:27, Sys 0 00:00:04  -  Total Remote Usage
		Usr 0 00:00:00, Sys 0 00:00:00  -  Total Local Usage
	168449  -  Run Bytes Sent By Job
	315491744  -  Run Bytes Received By Job
	168449  -  Total Bytes Sent By Job
	315491744  -  Total Bytes Received By Job
	Partitionable Resources :     Usage  Request Allocated 
	   Cpus                 :      0.07        1         1 
	   Disk (KB)            : 308322     2048000   2534262 
	   IoHeavy              :                            0 
	   Memory (MB)          :      0        1992      2048 

	Job terminated of its own accord at 2022-01-03T21:01:12Z.
...
