000 (7915626.000.000) 2022-01-03 14:53:25 Job submitted from host: <144.92.181.245:9618?addrs=144.92.181.245-9618+[2607-f388-101c-1000--372]-9618&alias=login06.hep.wisc.edu&noUDP&sock=schedd_913429_e58e>
...
040 (7915626.000.000) 2022-01-03 14:53:34 Entered queue to transfer input files
	Transferring to host: <128.105.244.44:9618?addrs=128.105.244.44-9618&alias=e3175.chtc.wisc.edu&noUDP&sock=slot1_12_11806_2519_14365>
...
040 (7915626.000.000) 2022-01-03 14:54:39 Started transferring input files
	Seconds spent in queue: 65
...
040 (7915626.000.000) 2022-01-03 14:58:29 Finished transferring input files
...
001 (7915626.000.000) 2022-01-03 14:58:30 Job executing on host: <128.105.244.44:9618?addrs=128.105.244.44-9618&alias=e3175.chtc.wisc.edu&noUDP&sock=startd_1454_e6cb>
...
006 (7915626.000.000) 2022-01-03 14:58:40 Image size of job updated: 723040
	399  -  MemoryUsage of job (MB)
	408252  -  ResidentSetSize of job (KB)
...
006 (7915626.000.000) 2022-01-03 15:03:40 Image size of job updated: 1176508
	484  -  MemoryUsage of job (MB)
	494976  -  ResidentSetSize of job (KB)
...
040 (7915626.000.000) 2022-01-03 15:14:35 Started transferring output files
	Seconds spent in queue: 1261
...
040 (7915626.000.000) 2022-01-03 15:14:35 Finished transferring output files
...
005 (7915626.000.000) 2022-01-03 15:14:35 Job terminated.
	(1) Normal termination (return value 0)
		Usr 0 00:14:50, Sys 0 00:00:17  -  Run Remote Usage
		Usr 0 00:00:00, Sys 0 00:00:00  -  Run Local Usage
		Usr 0 00:14:50, Sys 0 00:00:17  -  Total Remote Usage
		Usr 0 00:00:00, Sys 0 00:00:00  -  Total Local Usage
	170370  -  Run Bytes Sent By Job
	315491744  -  Run Bytes Received By Job
	170370  -  Total Bytes Sent By Job
	315491744  -  Total Bytes Received By Job
	Partitionable Resources :     Usage  Request Allocated 
	   Cpus                 :      0.93        1         1 
	   Disk (KB)            : 308324     2048000   2724390 
	   IoHeavy              :                            0 
	   Memory (MB)          :    484        1992      2048 

	Job terminated of its own accord at 2022-01-03T21:14:35Z.
...
