000 (7915587.000.000) 2022-01-03 14:52:18 Job submitted from host: <144.92.181.245:9618?addrs=144.92.181.245-9618+[2607-f388-101c-1000--372]-9618&alias=login06.hep.wisc.edu&noUDP&sock=schedd_913429_e58e>
...
040 (7915587.000.000) 2022-01-03 14:52:33 Entered queue to transfer input files
	Transferring to host: <128.104.101.114:9618?addrs=128.104.101.114-9618+[2607-f388-107c-501-1e6a-7aff-fe21-9f47]-9618&alias=e0381.chtc.wisc.edu&noUDP&sock=slot1_8_3325_8360_10409>
...
040 (7915587.000.000) 2022-01-03 14:52:39 Started transferring input files
	Seconds spent in queue: 6
...
040 (7915587.000.000) 2022-01-03 14:57:32 Finished transferring input files
...
001 (7915587.000.000) 2022-01-03 14:57:33 Job executing on host: <128.104.101.114:9618?addrs=128.104.101.114-9618+[2607-f388-107c-501-1e6a-7aff-fe21-9f47]-9618&alias=e0381.chtc.wisc.edu&noUDP&sock=startd_2321_9767>
...
006 (7915587.000.000) 2022-01-03 14:57:41 Image size of job updated: 542472
	397  -  MemoryUsage of job (MB)
	405720  -  ResidentSetSize of job (KB)
...
006 (7915587.000.000) 2022-01-03 15:00:13 Image size of job updated: 1175688
	397  -  MemoryUsage of job (MB)
	405720  -  ResidentSetSize of job (KB)
...
040 (7915587.000.000) 2022-01-03 15:00:13 Started transferring output files
	Seconds spent in queue: 460
...
040 (7915587.000.000) 2022-01-03 15:00:13 Finished transferring output files
...
005 (7915587.000.000) 2022-01-03 15:00:13 Job terminated.
	(1) Normal termination (return value 0)
		Usr 0 00:02:17, Sys 0 00:00:05  -  Run Remote Usage
		Usr 0 00:00:00, Sys 0 00:00:00  -  Run Local Usage
		Usr 0 00:02:17, Sys 0 00:00:05  -  Total Remote Usage
		Usr 0 00:00:00, Sys 0 00:00:00  -  Total Local Usage
	160892  -  Run Bytes Sent By Job
	315491776  -  Run Bytes Received By Job
	160892  -  Total Bytes Sent By Job
	315491776  -  Total Bytes Received By Job
	Partitionable Resources :     Usage  Request Allocated 
	   Cpus                 :      0.93        1         1 
	   Disk (KB)            : 308316     2048000   2360672 
	   IoHeavy              :                            0 
	   Memory (MB)          :    397        1992      2048 

	Job terminated of its own accord at 2022-01-03T21:00:13Z.
...
