000 (7915530.000.000) 2022-01-03 14:50:45 Job submitted from host: <144.92.181.245:9618?addrs=144.92.181.245-9618+[2607-f388-101c-1000--372]-9618&alias=login06.hep.wisc.edu&noUDP&sock=schedd_913429_e58e>
...
040 (7915530.000.000) 2022-01-03 14:51:26 Started transferring input files
	Transferring to host: <128.105.245.97:9618?addrs=128.105.245.97-9618&alias=e297.chtc.wisc.edu&noUDP&sock=slot1_18_14865_7cb6_13650>
...
040 (7915530.000.000) 2022-01-03 14:55:21 Finished transferring input files
...
001 (7915530.000.000) 2022-01-03 14:55:22 Job executing on host: <128.105.245.97:9618?addrs=128.105.245.97-9618&alias=e297.chtc.wisc.edu&noUDP&sock=startd_2503_6da4>
...
006 (7915530.000.000) 2022-01-03 14:55:32 Image size of job updated: 1284
	1  -  MemoryUsage of job (MB)
	264  -  ResidentSetSize of job (KB)
...
006 (7915530.000.000) 2022-01-03 14:57:28 Image size of job updated: 1175000
	1  -  MemoryUsage of job (MB)
	264  -  ResidentSetSize of job (KB)
...
040 (7915530.000.000) 2022-01-03 14:57:28 Started transferring output files
...
040 (7915530.000.000) 2022-01-03 14:57:28 Finished transferring output files
...
005 (7915530.000.000) 2022-01-03 14:57:28 Job terminated.
	(1) Normal termination (return value 0)
		Usr 0 00:00:39, Sys 0 00:00:04  -  Run Remote Usage
		Usr 0 00:00:00, Sys 0 00:00:00  -  Run Local Usage
		Usr 0 00:00:39, Sys 0 00:00:04  -  Total Remote Usage
		Usr 0 00:00:00, Sys 0 00:00:00  -  Total Local Usage
	160856  -  Run Bytes Sent By Job
	315491744  -  Run Bytes Received By Job
	160856  -  Total Bytes Sent By Job
	315491744  -  Total Bytes Received By Job
	Partitionable Resources :     Usage  Request Allocated 
	   Cpus                 :      0.46        1         1 
	   Disk (KB)            : 308315     2048000   2331511 
	   IoHeavy              :                            0 
	   Memory (MB)          :      1        1992      2048 

	Job terminated of its own accord at 2022-01-03T20:57:28Z.
...
