000 (7152922.000.000) 2023-06-21 02:11:05 Job submitted from host: <144.92.180.29:9618?addrs=144.92.180.29-9618+[2607-f388-101c-1000--369]-9618&alias=login03.hep.wisc.edu&noUDP&sock=schedd_3083_4292>
...
040 (7152922.000.000) 2023-06-21 02:47:45 Started transferring input files
	Transferring to host: <144.92.180.109:9618?addrs=144.92.180.109-9618+[2607-f388-101c-1000--281]-9618&alias=g26n07.hep.wisc.edu&noUDP&sock=slot1_11_4405_788c_65689>
...
040 (7152922.000.000) 2023-06-21 02:47:45 Finished transferring input files
...
001 (7152922.000.000) 2023-06-21 02:47:46 Job executing on host: <144.92.180.109:9618?addrs=144.92.180.109-9618+[2607-f388-101c-1000--281]-9618&alias=g26n07.hep.wisc.edu&noUDP&sock=startd_3671_9442>
...
006 (7152922.000.000) 2023-06-21 02:47:55 Image size of job updated: 98388
	84  -  MemoryUsage of job (MB)
	85056  -  ResidentSetSize of job (KB)
...
006 (7152922.000.000) 2023-06-21 03:07:56 Image size of job updated: 947680
	312  -  MemoryUsage of job (MB)
	318620  -  ResidentSetSize of job (KB)
...
006 (7152922.000.000) 2023-06-21 03:27:56 Image size of job updated: 956440
	416  -  MemoryUsage of job (MB)
	425780  -  ResidentSetSize of job (KB)
...
006 (7152922.000.000) 2023-06-21 03:47:56 Image size of job updated: 962284
	434  -  MemoryUsage of job (MB)
	444392  -  ResidentSetSize of job (KB)
...
006 (7152922.000.000) 2023-06-21 04:07:56 Image size of job updated: 962284
	435  -  MemoryUsage of job (MB)
	444524  -  ResidentSetSize of job (KB)
...
006 (7152922.000.000) 2023-06-21 05:27:59 Image size of job updated: 962284
	435  -  MemoryUsage of job (MB)
	444788  -  ResidentSetSize of job (KB)
...
040 (7152922.000.000) 2023-06-21 05:49:43 Started transferring output files
...
040 (7152922.000.000) 2023-06-21 05:49:43 Finished transferring output files
...
005 (7152922.000.000) 2023-06-21 05:49:43 Job terminated.
	(1) Normal termination (return value 0)
		Usr 0 00:07:55, Sys 0 00:00:48  -  Run Remote Usage
		Usr 0 00:00:00, Sys 0 00:00:00  -  Run Local Usage
		Usr 0 00:07:55, Sys 0 00:00:48  -  Total Remote Usage
		Usr 0 00:00:00, Sys 0 00:00:00  -  Total Local Usage
	45994  -  Run Bytes Sent By Job
	206712  -  Run Bytes Received By Job
	45994  -  Total Bytes Sent By Job
	206712  -  Total Bytes Received By Job
	Partitionable Resources :     Usage  Request Allocated 
	   Cpus                 :      0.06        1         1 
	   Disk (KB)            : 119071     2097152  18357888 
	   Memory (MB)          :    435        2048      2500 

	Job terminated of its own accord at 2023-06-21T10:49:43Z.
...
