********** for MC *********
All files added.
Initializing chain.
from Init DATA
Coming in: 
nentries:14113075
Running over 14113075 events.
Finished entry 0/14113074
Finished entry 700000/14113074
Finished entry 1400000/14113074
Finished entry 2100000/14113074
Finished entry 2800000/14113074
Finished entry 3500000/14113074
Finished entry 4200000/14113074
Finished entry 4900000/14113074
Finished entry 5600000/14113074
Finished entry 6300000/14113074
Finished entry 7000000/14113074
Finished entry 7700000/14113074
Finished entry 8400000/14113074
Finished entry 9100000/14113074
Finished entry 9800000/14113074
Finished entry 10500000/14113074
Finished entry 11200000/14113074
Finished entry 11900000/14113074
Finished entry 12600000/14113074
Finished entry 13300000/14113074
Finished entry 14000000/14113074
nPassedSkimmed = 106868
Real time 3:48:36, CP time 1578.850
