********** for MC *********
All files added.
Initializing chain.
from Init DATA
Coming in: 
nentries:14564102
Running over 14564102 events.
Finished entry 0/14564101
Finished entry 700000/14564101
Finished entry 1400000/14564101
Finished entry 2100000/14564101
Finished entry 2800000/14564101
Finished entry 3500000/14564101
Finished entry 4200000/14564101
Finished entry 4900000/14564101
Finished entry 5600000/14564101
Finished entry 6300000/14564101
Finished entry 7000000/14564101
Finished entry 7700000/14564101
Finished entry 8400000/14564101
Finished entry 9100000/14564101
Finished entry 9800000/14564101
Finished entry 10500000/14564101
Finished entry 11200000/14564101
Finished entry 11900000/14564101
Finished entry 12600000/14564101
Finished entry 13300000/14564101
Finished entry 14000000/14564101
nPassedSkimmed = 111805
Real time 2:43:41, CP time 1659.640
