********** for MC *********
All files added.
Initializing chain.
from Init MC
.... MC file ..... 
Coming in: 
nentries:5484446
Running over 5484446 events.
Finished entry 0/5484445
Finished entry 200000/5484445
Finished entry 400000/5484445
Finished entry 600000/5484445
Finished entry 800000/5484445
Finished entry 1000000/5484445
Finished entry 1200000/5484445
Finished entry 1400000/5484445
Finished entry 1600000/5484445
Finished entry 1800000/5484445
Finished entry 2000000/5484445
Finished entry 2200000/5484445
Finished entry 2400000/5484445
Finished entry 2600000/5484445
Finished entry 2800000/5484445
Finished entry 3000000/5484445
Finished entry 3200000/5484445
Finished entry 3400000/5484445
Finished entry 3600000/5484445
Finished entry 3800000/5484445
Finished entry 4000000/5484445
Finished entry 4200000/5484445
Finished entry 4400000/5484445
Finished entry 4600000/5484445
Finished entry 4800000/5484445
Finished entry 5000000/5484445
Finished entry 5200000/5484445
Finished entry 5400000/5484445
nPassedSkimmed = 6583
Real time 1:05:04, CP time 1233.890
