000 (7152848.000.000) 2023-06-21 00:45:43 Job submitted from host: <144.92.180.29:9618?addrs=144.92.180.29-9618+[2607-f388-101c-1000--369]-9618&alias=login03.hep.wisc.edu&noUDP&sock=schedd_3083_4292>
...
040 (7152848.000.000) 2023-06-21 01:14:05 Started transferring input files
	Transferring to host: <144.92.180.121:9618?addrs=144.92.180.121-9618+[2607-f388-101c-1000--293]-9618&alias=g26n19.hep.wisc.edu&noUDP&sock=slot1_9_3725_5971_63093>
...
040 (7152848.000.000) 2023-06-21 01:14:05 Finished transferring input files
...
001 (7152848.000.000) 2023-06-21 01:14:06 Job executing on host: <144.92.180.121:9618?addrs=144.92.180.121-9618+[2607-f388-101c-1000--293]-9618&alias=g26n19.hep.wisc.edu&noUDP&sock=startd_3075_c5d0>
...
006 (7152848.000.000) 2023-06-21 01:14:15 Image size of job updated: 64556
	14  -  MemoryUsage of job (MB)
	14100  -  ResidentSetSize of job (KB)
...
006 (7152848.000.000) 2023-06-21 01:25:04 Image size of job updated: 867752
	14  -  MemoryUsage of job (MB)
	14100  -  ResidentSetSize of job (KB)
...
040 (7152848.000.000) 2023-06-21 01:25:04 Started transferring output files
...
040 (7152848.000.000) 2023-06-21 01:25:04 Finished transferring output files
...
005 (7152848.000.000) 2023-06-21 01:25:05 Job terminated.
	(1) Normal termination (return value 0)
		Usr 0 00:03:21, Sys 0 00:00:11  -  Run Remote Usage
		Usr 0 00:00:00, Sys 0 00:00:00  -  Run Local Usage
		Usr 0 00:03:21, Sys 0 00:00:11  -  Total Remote Usage
		Usr 0 00:00:00, Sys 0 00:00:00  -  Total Local Usage
	2329  -  Run Bytes Sent By Job
	206574  -  Run Bytes Received By Job
	2329  -  Total Bytes Sent By Job
	206574  -  Total Bytes Received By Job
	Partitionable Resources :    Usage  Request Allocated 
	   Cpus                 :     0.38        1         1 
	   Disk (KB)            :   271     2097152  18352276 
	   Memory (MB)          :    14        2048      2500 

	Job terminated of its own accord at 2023-06-21T06:25:04Z.
...
