000 (7152870.000.000) 2023-06-21 00:45:50 Job submitted from host: <144.92.180.29:9618?addrs=144.92.180.29-9618+[2607-f388-101c-1000--369]-9618&alias=login03.hep.wisc.edu&noUDP&sock=schedd_3083_4292>
...
040 (7152870.000.000) 2023-06-21 01:25:48 Started transferring input files
	Transferring to host: <144.92.180.121:9618?addrs=144.92.180.121-9618+[2607-f388-101c-1000--293]-9618&alias=g26n19.hep.wisc.edu&noUDP&sock=slot1_8_3725_5971_63119>
...
040 (7152870.000.000) 2023-06-21 01:25:48 Finished transferring input files
...
001 (7152870.000.000) 2023-06-21 01:25:49 Job executing on host: <144.92.180.121:9618?addrs=144.92.180.121-9618+[2607-f388-101c-1000--293]-9618&alias=g26n19.hep.wisc.edu&noUDP&sock=startd_3075_c5d0>
...
006 (7152870.000.000) 2023-06-21 01:25:57 Image size of job updated: 534612
	85  -  MemoryUsage of job (MB)
	86480  -  ResidentSetSize of job (KB)
...
006 (7152870.000.000) 2023-06-21 01:45:57 Image size of job updated: 905188
	374  -  MemoryUsage of job (MB)
	382016  -  ResidentSetSize of job (KB)
...
006 (7152870.000.000) 2023-06-21 02:05:57 Image size of job updated: 905188
	381  -  MemoryUsage of job (MB)
	390076  -  ResidentSetSize of job (KB)
...
006 (7152870.000.000) 2023-06-21 02:45:59 Image size of job updated: 905188
	383  -  MemoryUsage of job (MB)
	391448  -  ResidentSetSize of job (KB)
...
006 (7152870.000.000) 2023-06-21 03:06:00 Image size of job updated: 905188
	383  -  MemoryUsage of job (MB)
	391956  -  ResidentSetSize of job (KB)
...
006 (7152870.000.000) 2023-06-21 06:06:04 Image size of job updated: 905188
	385  -  MemoryUsage of job (MB)
	393576  -  ResidentSetSize of job (KB)
...
006 (7152870.000.000) 2023-06-21 07:06:05 Image size of job updated: 905188
	385  -  MemoryUsage of job (MB)
	393780  -  ResidentSetSize of job (KB)
...
040 (7152870.000.000) 2023-06-21 07:51:31 Started transferring output files
...
040 (7152870.000.000) 2023-06-21 07:51:31 Finished transferring output files
...
005 (7152870.000.000) 2023-06-21 07:51:31 Job terminated.
	(1) Normal termination (return value 0)
		Usr 0 01:44:44, Sys 0 00:06:21  -  Run Remote Usage
		Usr 0 00:00:00, Sys 0 00:00:00  -  Run Local Usage
		Usr 0 01:44:44, Sys 0 00:06:21  -  Total Remote Usage
		Usr 0 00:00:00, Sys 0 00:00:00  -  Total Local Usage
	55732  -  Run Bytes Sent By Job
	206575  -  Run Bytes Received By Job
	55732  -  Total Bytes Sent By Job
	206575  -  Total Bytes Received By Job
	Partitionable Resources :     Usage  Request Allocated 
	   Cpus                 :      0.38        1         1 
	   Disk (KB)            : 741325     2097152  18352276 
	   Memory (MB)          :    385        2048      2500 

	Job terminated of its own accord at 2023-06-21T12:51:31Z.
...
