********** for MC *********
All files added.
Initializing chain.
from Init MC
.... MC file ..... 
Coming in: 
nentries:4918930
Running over 4918930 events.
Finished entry 0/4918929
Finished entry 200000/4918929
Finished entry 400000/4918929
Finished entry 600000/4918929
Finished entry 800000/4918929
Finished entry 1000000/4918929
Finished entry 1200000/4918929
Finished entry 1400000/4918929
Finished entry 1600000/4918929
Finished entry 1800000/4918929
Finished entry 2000000/4918929
Finished entry 2200000/4918929
Finished entry 2400000/4918929
Finished entry 2600000/4918929
Finished entry 2800000/4918929
Finished entry 3000000/4918929
Finished entry 3200000/4918929
Finished entry 3400000/4918929
Finished entry 3600000/4918929
Finished entry 3800000/4918929
Finished entry 4000000/4918929
Finished entry 4200000/4918929
Finished entry 4400000/4918929
Finished entry 4600000/4918929
Finished entry 4800000/4918929
nPassedSkimmed = 5716
Real time 1:04:56, CP time 2073.070
