000 (7152826.000.000) 2023-06-21 00:45:36 Job submitted from host: <144.92.180.29:9618?addrs=144.92.180.29-9618+[2607-f388-101c-1000--369]-9618&alias=login03.hep.wisc.edu&noUDP&sock=schedd_3083_4292>
...
040 (7152826.000.000) 2023-06-21 00:54:39 Started transferring input files
	Transferring to host: <144.92.180.107:9618?addrs=144.92.180.107-9618+[2607-f388-101c-1000--279]-9618&alias=g26n05.hep.wisc.edu&noUDP&sock=slot1_11_4326_cee9_67390>
...
040 (7152826.000.000) 2023-06-21 00:54:39 Finished transferring input files
...
001 (7152826.000.000) 2023-06-21 00:54:40 Job executing on host: <144.92.180.107:9618?addrs=144.92.180.107-9618+[2607-f388-101c-1000--279]-9618&alias=g26n05.hep.wisc.edu&noUDP&sock=startd_3433_54b7>
...
006 (7152826.000.000) 2023-06-21 00:54:48 Image size of job updated: 86676
	85  -  MemoryUsage of job (MB)
	86676  -  ResidentSetSize of job (KB)
...
006 (7152826.000.000) 2023-06-21 01:14:48 Image size of job updated: 882296
	372  -  MemoryUsage of job (MB)
	380620  -  ResidentSetSize of job (KB)
...
006 (7152826.000.000) 2023-06-21 01:34:49 Image size of job updated: 882296
	373  -  MemoryUsage of job (MB)
	381412  -  ResidentSetSize of job (KB)
...
040 (7152826.000.000) 2023-06-21 02:00:22 Started transferring output files
...
040 (7152826.000.000) 2023-06-21 02:00:22 Finished transferring output files
...
005 (7152826.000.000) 2023-06-21 02:00:22 Job terminated.
	(1) Normal termination (return value 0)
		Usr 0 00:24:19, Sys 0 00:01:23  -  Run Remote Usage
		Usr 0 00:00:00, Sys 0 00:00:00  -  Run Local Usage
		Usr 0 00:24:19, Sys 0 00:01:23  -  Total Remote Usage
		Usr 0 00:00:00, Sys 0 00:00:00  -  Total Local Usage
	10112  -  Run Bytes Sent By Job
	206577  -  Run Bytes Received By Job
	10112  -  Total Bytes Sent By Job
	206577  -  Total Bytes Received By Job
	Partitionable Resources :     Usage  Request Allocated 
	   Cpus                 :      0.14        1         1 
	   Disk (KB)            : 219842     2097152  18354744 
	   Memory (MB)          :    373        2048      2500 

	Job terminated of its own accord at 2023-06-21T07:00:22Z.
...
