********** for MC *********
All files added.
Initializing chain.
from Init MC
.... MC file ..... 
Coming in: 
nentries:20154116
Running over 20154116 events.
Finished entry 0/20154115
Finished entry 1000000/20154115
Finished entry 2000000/20154115
Finished entry 3000000/20154115
Finished entry 4000000/20154115
Finished entry 5000000/20154115
Finished entry 6000000/20154115
Finished entry 7000000/20154115
Finished entry 8000000/20154115
Finished entry 9000000/20154115
Finished entry 10000000/20154115
Finished entry 11000000/20154115
Finished entry 12000000/20154115
Finished entry 13000000/20154115
Finished entry 14000000/20154115
Finished entry 15000000/20154115
Finished entry 16000000/20154115
Finished entry 17000000/20154115
Finished entry 18000000/20154115
Finished entry 19000000/20154115
Finished entry 20000000/20154115
nPassedSkimmed = 57283
Real time 6:25:24, CP time 6692.480
