000 (7152872.000.000) 2023-06-21 00:45:50 Job submitted from host: <144.92.180.29:9618?addrs=144.92.180.29-9618+[2607-f388-101c-1000--369]-9618&alias=login03.hep.wisc.edu&noUDP&sock=schedd_3083_4292>
...
040 (7152872.000.000) 2023-06-21 01:26:07 Started transferring input files
	Transferring to host: <144.92.180.121:9618?addrs=144.92.180.121-9618+[2607-f388-101c-1000--293]-9618&alias=g26n19.hep.wisc.edu&noUDP&sock=slot1_5_3725_5971_63120>
...
040 (7152872.000.000) 2023-06-21 01:26:07 Finished transferring input files
...
001 (7152872.000.000) 2023-06-21 01:26:08 Job executing on host: <144.92.180.121:9618?addrs=144.92.180.121-9618+[2607-f388-101c-1000--293]-9618&alias=g26n19.hep.wisc.edu&noUDP&sock=startd_3075_c5d0>
...
006 (7152872.000.000) 2023-06-21 01:26:16 Image size of job updated: 534668
	85  -  MemoryUsage of job (MB)
	86244  -  ResidentSetSize of job (KB)
...
006 (7152872.000.000) 2023-06-21 01:46:16 Image size of job updated: 891820
	368  -  MemoryUsage of job (MB)
	376344  -  ResidentSetSize of job (KB)
...
006 (7152872.000.000) 2023-06-21 02:06:17 Image size of job updated: 892136
	368  -  MemoryUsage of job (MB)
	376344  -  ResidentSetSize of job (KB)
...
006 (7152872.000.000) 2023-06-21 02:26:18 Image size of job updated: 892136
	369  -  MemoryUsage of job (MB)
	377204  -  ResidentSetSize of job (KB)
...
006 (7152872.000.000) 2023-06-21 07:46:24 Image size of job updated: 892136
	369  -  MemoryUsage of job (MB)
	377336  -  ResidentSetSize of job (KB)
...
006 (7152872.000.000) 2023-06-21 08:06:25 Image size of job updated: 892136
	370  -  MemoryUsage of job (MB)
	377924  -  ResidentSetSize of job (KB)
...
040 (7152872.000.000) 2023-06-21 08:45:13 Started transferring output files
...
040 (7152872.000.000) 2023-06-21 08:45:13 Finished transferring output files
...
005 (7152872.000.000) 2023-06-21 08:45:13 Job terminated.
	(1) Normal termination (return value 0)
		Usr 0 02:00:58, Sys 0 00:07:36  -  Run Remote Usage
		Usr 0 00:00:00, Sys 0 00:00:00  -  Run Local Usage
		Usr 0 02:00:58, Sys 0 00:07:36  -  Total Remote Usage
		Usr 0 00:00:00, Sys 0 00:00:00  -  Total Local Usage
	64434  -  Run Bytes Sent By Job
	206572  -  Run Bytes Received By Job
	64434  -  Total Bytes Sent By Job
	206572  -  Total Bytes Received By Job
	Partitionable Resources :      Usage  Request Allocated 
	   Cpus                 :       0.33        1         1 
	   Disk (KB)            : 1592861     2097152  18352276 
	   Memory (MB)          :     370        2048      2500 

	Job terminated of its own accord at 2023-06-21T13:45:13Z.
...
