000 (7152863.000.000) 2023-06-21 00:45:48 Job submitted from host: <144.92.180.29:9618?addrs=144.92.180.29-9618+[2607-f388-101c-1000--369]-9618&alias=login03.hep.wisc.edu&noUDP&sock=schedd_3083_4292>
...
040 (7152863.000.000) 2023-06-21 01:21:04 Started transferring input files
	Transferring to host: <144.92.181.197:9618?addrs=144.92.181.197-9618+[2607-f388-101c-1000--456]-9618&alias=neil01.hep.wisc.edu&noUDP&sock=slot1_9_3930_ca59_78183>
...
040 (7152863.000.000) 2023-06-21 01:21:04 Finished transferring input files
...
001 (7152863.000.000) 2023-06-21 01:21:05 Job executing on host: <144.92.181.197:9618?addrs=144.92.181.197-9618+[2607-f388-101c-1000--456]-9618&alias=neil01.hep.wisc.edu&noUDP&sock=startd_3374_dca1>
...
006 (7152863.000.000) 2023-06-21 01:21:14 Image size of job updated: 171936
	8  -  MemoryUsage of job (MB)
	7572  -  ResidentSetSize of job (KB)
...
006 (7152863.000.000) 2023-06-21 01:30:07 Image size of job updated: 911204
	8  -  MemoryUsage of job (MB)
	7572  -  ResidentSetSize of job (KB)
...
040 (7152863.000.000) 2023-06-21 01:30:07 Started transferring output files
...
040 (7152863.000.000) 2023-06-21 01:30:07 Finished transferring output files
...
005 (7152863.000.000) 2023-06-21 01:30:07 Job terminated.
	(1) Normal termination (return value 0)
		Usr 0 00:03:20, Sys 0 00:00:13  -  Run Remote Usage
		Usr 0 00:00:00, Sys 0 00:00:00  -  Run Local Usage
		Usr 0 00:03:20, Sys 0 00:00:13  -  Total Remote Usage
		Usr 0 00:00:00, Sys 0 00:00:00  -  Total Local Usage
	4420  -  Run Bytes Sent By Job
	206566  -  Run Bytes Received By Job
	4420  -  Total Bytes Sent By Job
	206566  -  Total Bytes Received By Job
	Partitionable Resources :    Usage  Request Allocated 
	   Cpus                 :     0.36        1         1 
	   Disk (KB)            :   273     2097152  18506101 
	   Memory (MB)          :     8        2048      2500 

	Job terminated of its own accord at 2023-06-21T06:30:07Z.
...
