000 (3174507.000.000) 2022-01-03 23:21:05 Job submitted from host: <144.92.180.5:9618?addrs=144.92.180.5-9618+[2607-f388-101c-1000--368]-9618&alias=login02.hep.wisc.edu&noUDP&sock=schedd_2326_0560>
...
040 (3174507.000.000) 2022-01-03 23:21:23 Entered queue to transfer input files
	Transferring to host: <128.105.245.118:9618?addrs=128.105.245.118-9618&alias=e2318.chtc.wisc.edu&noUDP&sock=slot1_9_32835_fa50_14491>
...
040 (3174507.000.000) 2022-01-03 23:24:37 Started transferring input files
	Seconds spent in queue: 194
...
040 (3174507.000.000) 2022-01-03 23:25:04 Finished transferring input files
...
001 (3174507.000.000) 2022-01-03 23:25:05 Job executing on host: <128.105.245.118:9618?addrs=128.105.245.118-9618&alias=e2318.chtc.wisc.edu&noUDP&sock=startd_2334_8222>
...
006 (3174507.000.000) 2022-01-03 23:25:13 Image size of job updated: 539096
	396  -  MemoryUsage of job (MB)
	404720  -  ResidentSetSize of job (KB)
...
006 (3174507.000.000) 2022-01-03 23:25:29 Image size of job updated: 1165224
	396  -  MemoryUsage of job (MB)
	404720  -  ResidentSetSize of job (KB)
...
040 (3174507.000.000) 2022-01-03 23:25:31 Started transferring output files
	Seconds spent in queue: 248
...
040 (3174507.000.000) 2022-01-03 23:25:31 Finished transferring output files
...
005 (3174507.000.000) 2022-01-03 23:25:31 Job terminated.
	(1) Normal termination (return value 0)
		Usr 0 00:00:06, Sys 0 00:00:01  -  Run Remote Usage
		Usr 0 00:00:00, Sys 0 00:00:00  -  Run Local Usage
		Usr 0 00:00:06, Sys 0 00:00:01  -  Total Remote Usage
		Usr 0 00:00:00, Sys 0 00:00:00  -  Total Local Usage
	96028  -  Run Bytes Sent By Job
	315491808  -  Run Bytes Received By Job
	96028  -  Total Bytes Sent By Job
	315491808  -  Total Bytes Received By Job
	Partitionable Resources :    Usage  Request Allocated 
	   Cpus                 :        0        1         1 
	   Disk (KB)            :   308252  2048000   2338385 
	   IoHeavy              :                           0 
	   Memory (MB)          :      396     1992      2048 

	Job terminated of its own accord at 2022-01-04T05:25:29Z.
...
