000 (3174508.000.000) 2022-01-03 23:21:07 Job submitted from host: <144.92.180.5:9618?addrs=144.92.180.5-9618+[2607-f388-101c-1000--368]-9618&alias=login02.hep.wisc.edu&noUDP&sock=schedd_2326_0560>
...
040 (3174508.000.000) 2022-01-03 23:21:24 Entered queue to transfer input files
	Transferring to host: <128.105.68.110:9618?addrs=128.105.68.110-9618&alias=e2426.chtc.wisc.edu&noUDP&sock=slot1_14_4185_7603_14658>
...
040 (3174508.000.000) 2022-01-03 23:24:42 Started transferring input files
	Seconds spent in queue: 198
...
040 (3174508.000.000) 2022-01-03 23:26:02 Finished transferring input files
...
001 (3174508.000.000) 2022-01-03 23:26:03 Job executing on host: <128.105.68.110:9618?addrs=128.105.68.110-9618&alias=e2426.chtc.wisc.edu&noUDP&sock=startd_2289_a45f>
...
006 (3174508.000.000) 2022-01-03 23:26:12 Image size of job updated: 805036
	0  -  MemoryUsage of job (MB)
	0  -  ResidentSetSize of job (KB)
...
040 (3174508.000.000) 2022-01-03 23:26:12 Started transferring output files
	Seconds spent in queue: 288
...
040 (3174508.000.000) 2022-01-03 23:26:12 Finished transferring output files
...
005 (3174508.000.000) 2022-01-03 23:26:12 Job terminated.
	(1) Normal termination (return value 0)
		Usr 0 00:00:04, Sys 0 00:00:01  -  Run Remote Usage
		Usr 0 00:00:00, Sys 0 00:00:00  -  Run Local Usage
		Usr 0 00:00:04, Sys 0 00:00:01  -  Total Remote Usage
		Usr 0 00:00:00, Sys 0 00:00:00  -  Total Local Usage
	115661  -  Run Bytes Sent By Job
	315491808  -  Run Bytes Received By Job
	115661  -  Total Bytes Sent By Job
	315491808  -  Total Bytes Received By Job
	Partitionable Resources :    Usage  Request Allocated 
	   Cpus                 :        0        1         1 
	   Disk (KB)            :   308271  2048000   2355305 
	   IoHeavy              :                           0 
	   Memory (MB)          :        0     1992      2048 

	Job terminated of its own accord at 2022-01-04T05:26:12Z.
...
