000 (3174348.000.000) 2022-01-03 23:17:34 Job submitted from host: <144.92.180.5:9618?addrs=144.92.180.5-9618+[2607-f388-101c-1000--368]-9618&alias=login02.hep.wisc.edu&noUDP&sock=schedd_2326_0560>
...
040 (3174348.000.000) 2022-01-03 23:17:47 Started transferring input files
	Transferring to host: <128.104.58.187:9618?addrs=128.104.58.187-9618+[2607-f388-1086-0-16fe-b5ff-fec6-6ff4]-9618&alias=e1042.chtc.wisc.edu&noUDP&sock=slot1_7_8438_1590_13424>
...
040 (3174348.000.000) 2022-01-03 23:20:16 Finished transferring input files
...
001 (3174348.000.000) 2022-01-03 23:20:17 Job executing on host: <128.104.58.187:9618?addrs=128.104.58.187-9618+[2607-f388-1086-0-16fe-b5ff-fec6-6ff4]-9618&alias=e1042.chtc.wisc.edu&noUDP&sock=startd_2936_6e26>
...
006 (3174348.000.000) 2022-01-03 23:20:25 Image size of job updated: 525208
	445  -  MemoryUsage of job (MB)
	455372  -  ResidentSetSize of job (KB)
...
006 (3174348.000.000) 2022-01-03 23:21:07 Image size of job updated: 1184220
	455  -  MemoryUsage of job (MB)
	465176  -  ResidentSetSize of job (KB)
...
040 (3174348.000.000) 2022-01-03 23:21:08 Started transferring output files
...
040 (3174348.000.000) 2022-01-03 23:21:08 Finished transferring output files
...
005 (3174348.000.000) 2022-01-03 23:21:09 Job terminated.
	(1) Normal termination (return value 0)
		Usr 0 00:00:27, Sys 0 00:00:03  -  Run Remote Usage
		Usr 0 00:00:00, Sys 0 00:00:00  -  Run Local Usage
		Usr 0 00:00:27, Sys 0 00:00:03  -  Total Remote Usage
		Usr 0 00:00:00, Sys 0 00:00:00  -  Total Local Usage
	179986  -  Run Bytes Sent By Job
	315491776  -  Run Bytes Received By Job
	179986  -  Total Bytes Sent By Job
	315491776  -  Total Bytes Received By Job
	Partitionable Resources :     Usage  Request Allocated 
	   Cpus                 :      0.45        1         1 
	   Disk (KB)            : 308334     2048000   2380448 
	   IoHeavy              :                            0 
	   Memory (MB)          :    455        1992      2048 

	Job terminated of its own accord at 2022-01-04T05:21:07Z.
...
