000 (3174374.000.000) 2022-01-03 23:17:50 Job submitted from host: <144.92.180.5:9618?addrs=144.92.180.5-9618+[2607-f388-101c-1000--368]-9618&alias=login02.hep.wisc.edu&noUDP&sock=schedd_2326_0560>
...
040 (3174374.000.000) 2022-01-03 23:18:51 Started transferring input files
	Transferring to host: <128.105.68.128:9618?addrs=128.105.68.128-9618&alias=e2440.chtc.wisc.edu&noUDP&sock=slot1_16_6857_2070_14521>
...
040 (3174374.000.000) 2022-01-03 23:19:14 Finished transferring input files
...
001 (3174374.000.000) 2022-01-03 23:19:15 Job executing on host: <128.105.68.128:9618?addrs=128.105.68.128-9618&alias=e2440.chtc.wisc.edu&noUDP&sock=startd_2370_338b>
...
006 (3174374.000.000) 2022-01-03 23:19:24 Image size of job updated: 826624
	396  -  MemoryUsage of job (MB)
	404860  -  ResidentSetSize of job (KB)
...
006 (3174374.000.000) 2022-01-03 23:19:34 Image size of job updated: 999048
	396  -  MemoryUsage of job (MB)
	404860  -  ResidentSetSize of job (KB)
...
040 (3174374.000.000) 2022-01-03 23:19:39 Entered queue to transfer output files
...
040 (3174374.000.000) 2022-01-03 23:19:47 Started transferring output files
...
040 (3174374.000.000) 2022-01-03 23:19:47 Finished transferring output files
...
005 (3174374.000.000) 2022-01-03 23:19:47 Job terminated.
	(1) Normal termination (return value 0)
		Usr 0 00:00:05, Sys 0 00:00:01  -  Run Remote Usage
		Usr 0 00:00:00, Sys 0 00:00:00  -  Run Local Usage
		Usr 0 00:00:05, Sys 0 00:00:01  -  Total Remote Usage
		Usr 0 00:00:00, Sys 0 00:00:00  -  Total Local Usage
	126221  -  Run Bytes Sent By Job
	315491808  -  Run Bytes Received By Job
	126221  -  Total Bytes Sent By Job
	315491808  -  Total Bytes Received By Job
	Partitionable Resources :    Usage  Request Allocated 
	   Cpus                 :                 1         1 
	   Disk (KB)            :   308272  2048000   2333723 
	   IoHeavy              :                           0 
	   Memory (MB)          :      396     1992      2048 

	Job terminated of its own accord at 2022-01-04T05:19:34Z.
...
