000 (3174399.000.000) 2022-01-03 23:18:19 Job submitted from host: <144.92.180.5:9618?addrs=144.92.180.5-9618+[2607-f388-101c-1000--368]-9618&alias=login02.hep.wisc.edu&noUDP&sock=schedd_2326_0560>
...
040 (3174399.000.000) 2022-01-03 23:18:58 Entered queue to transfer input files
	Transferring to host: <128.105.245.177:9618?addrs=128.105.245.177-9618&alias=e2377.chtc.wisc.edu&noUDP&sock=slot1_4_40135_7cf9_14600>
...
040 (3174399.000.000) 2022-01-03 23:19:04 Started transferring input files
	Seconds spent in queue: 6
...
040 (3174399.000.000) 2022-01-03 23:20:07 Finished transferring input files
...
001 (3174399.000.000) 2022-01-03 23:20:08 Job executing on host: <128.105.245.177:9618?addrs=128.105.245.177-9618&alias=e2377.chtc.wisc.edu&noUDP&sock=startd_2888_819a>
...
006 (3174399.000.000) 2022-01-03 23:20:18 Image size of job updated: 850396
	396  -  MemoryUsage of job (MB)
	404844  -  ResidentSetSize of job (KB)
...
006 (3174399.000.000) 2022-01-03 23:20:49 Image size of job updated: 1176368
	396  -  MemoryUsage of job (MB)
	404844  -  ResidentSetSize of job (KB)
...
040 (3174399.000.000) 2022-01-03 23:20:51 Started transferring output files
	Seconds spent in queue: 113
...
040 (3174399.000.000) 2022-01-03 23:20:51 Finished transferring output files
...
005 (3174399.000.000) 2022-01-03 23:20:54 Job terminated.
	(1) Normal termination (return value 0)
		Usr 0 00:00:17, Sys 0 00:00:04  -  Run Remote Usage
		Usr 0 00:00:00, Sys 0 00:00:00  -  Run Local Usage
		Usr 0 00:00:17, Sys 0 00:00:04  -  Total Remote Usage
		Usr 0 00:00:00, Sys 0 00:00:00  -  Total Local Usage
	154219  -  Run Bytes Sent By Job
	315491776  -  Run Bytes Received By Job
	154219  -  Total Bytes Sent By Job
	315491776  -  Total Bytes Received By Job
	Partitionable Resources :    Usage  Request Allocated 
	   Cpus                 :                 1         1 
	   Disk (KB)            :   308299  2048000   2352663 
	   IoHeavy              :                           0 
	   Memory (MB)          :      396     1992      2048 

	Job terminated of its own accord at 2022-01-04T05:20:49Z.
...
