000 (3174377.000.000) 2022-01-03 23:17:53 Job submitted from host: <144.92.180.5:9618?addrs=144.92.180.5-9618+[2607-f388-101c-1000--368]-9618&alias=login02.hep.wisc.edu&noUDP&sock=schedd_2326_0560>
...
040 (3174377.000.000) 2022-01-03 23:19:01 Entered queue to transfer input files
	Transferring to host: <128.105.68.135:9618?addrs=128.105.68.135-9618&alias=e2433.chtc.wisc.edu&noUDP&sock=slot1_9_17713_2929_14161>
...
040 (3174377.000.000) 2022-01-03 23:19:33 Started transferring input files
	Seconds spent in queue: 32
...
040 (3174377.000.000) 2022-01-03 23:19:56 Finished transferring input files
...
001 (3174377.000.000) 2022-01-03 23:19:57 Job executing on host: <128.105.68.135:9618?addrs=128.105.68.135-9618&alias=e2433.chtc.wisc.edu&noUDP&sock=startd_2483_b5bf>
...
006 (3174377.000.000) 2022-01-03 23:20:06 Image size of job updated: 543184
	397  -  MemoryUsage of job (MB)
	406036  -  ResidentSetSize of job (KB)
...
006 (3174377.000.000) 2022-01-03 23:20:37 Image size of job updated: 1198596
	397  -  MemoryUsage of job (MB)
	406036  -  ResidentSetSize of job (KB)
...
040 (3174377.000.000) 2022-01-03 23:20:38 Started transferring output files
	Seconds spent in queue: 97
...
040 (3174377.000.000) 2022-01-03 23:20:38 Finished transferring output files
...
005 (3174377.000.000) 2022-01-03 23:20:40 Job terminated.
	(1) Normal termination (return value 0)
		Usr 0 00:00:28, Sys 0 00:00:02  -  Run Remote Usage
		Usr 0 00:00:00, Sys 0 00:00:00  -  Run Local Usage
		Usr 0 00:00:28, Sys 0 00:00:02  -  Total Remote Usage
		Usr 0 00:00:00, Sys 0 00:00:00  -  Total Local Usage
	152179  -  Run Bytes Sent By Job
	315491776  -  Run Bytes Received By Job
	152179  -  Total Bytes Sent By Job
	315491776  -  Total Bytes Received By Job
	Partitionable Resources :    Usage  Request Allocated 
	   Cpus                 :                 1         1 
	   Disk (KB)            :   308297  2048000   2341253 
	   IoHeavy              :                           0 
	   Memory (MB)          :      397     1992      2048 

	Job terminated of its own accord at 2022-01-04T05:20:37Z.
...
