000 (3174481.000.000) 2022-01-03 23:20:12 Job submitted from host: <144.92.180.5:9618?addrs=144.92.180.5-9618+[2607-f388-101c-1000--368]-9618&alias=login02.hep.wisc.edu&noUDP&sock=schedd_2326_0560>
...
040 (3174481.000.000) 2022-01-03 23:20:35 Entered queue to transfer input files
	Transferring to host: <128.104.58.113:9618?addrs=128.104.58.113-9618+[2607-f388-1086-0-ea9a-8fff-fe83-b4ee]-9618&alias=e473.chtc.wisc.edu&noUDP&sock=slot1_10_17543_6162_13952>
...
040 (3174481.000.000) 2022-01-03 23:23:29 Started transferring input files
	Seconds spent in queue: 174
...
040 (3174481.000.000) 2022-01-03 23:26:06 Finished transferring input files
...
001 (3174481.000.000) 2022-01-03 23:26:07 Job executing on host: <128.104.58.113:9618?addrs=128.104.58.113-9618+[2607-f388-1086-0-ea9a-8fff-fe83-b4ee]-9618&alias=e473.chtc.wisc.edu&noUDP&sock=startd_3838_2093>
...
006 (3174481.000.000) 2022-01-03 23:26:16 Image size of job updated: 565580
	421  -  MemoryUsage of job (MB)
	431072  -  ResidentSetSize of job (KB)
...
040 (3174481.000.000) 2022-01-03 23:26:18 Started transferring output files
	Seconds spent in queue: 343
...
040 (3174481.000.000) 2022-01-03 23:26:18 Finished transferring output files
...
005 (3174481.000.000) 2022-01-03 23:26:18 Job terminated.
	(1) Normal termination (return value 0)
		Usr 0 00:00:06, Sys 0 00:00:01  -  Run Remote Usage
		Usr 0 00:00:00, Sys 0 00:00:00  -  Run Local Usage
		Usr 0 00:00:06, Sys 0 00:00:01  -  Total Remote Usage
		Usr 0 00:00:00, Sys 0 00:00:00  -  Total Local Usage
	157927  -  Run Bytes Sent By Job
	315491776  -  Run Bytes Received By Job
	157927  -  Total Bytes Sent By Job
	315491776  -  Total Bytes Received By Job
	Partitionable Resources :     Usage  Request Allocated 
	   Cpus                 :      0.14        1         1 
	   Disk (KB)            : 308312     2048000   7354789 
	   IoHeavy              :                            0 
	   Memory (MB)          :    421        1992      2048 

	Job terminated of its own accord at 2022-01-04T05:26:18Z.
...
