000 (3174340.000.000) 2022-01-03 23:17:30 Job submitted from host: <144.92.180.5:9618?addrs=144.92.180.5-9618+[2607-f388-101c-1000--368]-9618&alias=login02.hep.wisc.edu&noUDP&sock=schedd_2326_0560>
...
040 (3174340.000.000) 2022-01-03 23:17:48 Started transferring input files
	Transferring to host: <128.104.58.197:9618?addrs=128.104.58.197-9618+[2607-f388-1086-0-16fe-b5ff-fec6-7a4a]-9618&alias=e1056.chtc.wisc.edu&noUDP&sock=slot1_10_21337_98bd_12941>
...
040 (3174340.000.000) 2022-01-03 23:18:25 Finished transferring input files
...
001 (3174340.000.000) 2022-01-03 23:18:26 Job executing on host: <128.104.58.197:9618?addrs=128.104.58.197-9618+[2607-f388-1086-0-16fe-b5ff-fec6-7a4a]-9618&alias=e1056.chtc.wisc.edu&noUDP&sock=startd_4985_dfb4>
...
006 (3174340.000.000) 2022-01-03 23:18:35 Image size of job updated: 28696
	8  -  MemoryUsage of job (MB)
	7420  -  ResidentSetSize of job (KB)
...
006 (3174340.000.000) 2022-01-03 23:19:52 Image size of job updated: 1172744
	8  -  MemoryUsage of job (MB)
	7420  -  ResidentSetSize of job (KB)
...
040 (3174340.000.000) 2022-01-03 23:19:55 Started transferring output files
...
040 (3174340.000.000) 2022-01-03 23:19:55 Finished transferring output files
...
005 (3174340.000.000) 2022-01-03 23:19:55 Job terminated.
	(1) Normal termination (return value 0)
		Usr 0 00:00:51, Sys 0 00:00:04  -  Run Remote Usage
		Usr 0 00:00:00, Sys 0 00:00:00  -  Run Local Usage
		Usr 0 00:00:51, Sys 0 00:00:04  -  Total Remote Usage
		Usr 0 00:00:00, Sys 0 00:00:00  -  Total Local Usage
	164620  -  Run Bytes Sent By Job
	315491776  -  Run Bytes Received By Job
	164620  -  Total Bytes Sent By Job
	315491776  -  Total Bytes Received By Job
	Partitionable Resources :    Usage  Request Allocated 
	   Cpus                 :        0        1         1 
	   Disk (KB)            :   308318  2048000   2336922 
	   IoHeavy              :                           0 
	   Memory (MB)          :        8     1992      2048 

	Job terminated of its own accord at 2022-01-04T05:19:52Z.
...
