000 (3174490.000.000) 2022-01-03 23:20:29 Job submitted from host: <144.92.180.5:9618?addrs=144.92.180.5-9618+[2607-f388-101c-1000--368]-9618&alias=login02.hep.wisc.edu&noUDP&sock=schedd_2326_0560>
...
040 (3174490.000.000) 2022-01-03 23:20:54 Entered queue to transfer input files
	Transferring to host: <128.105.245.19:9618?addrs=128.105.245.19-9618&alias=e3219.chtc.wisc.edu&noUDP&sock=slot1_5_4098_2960_15265>
...
040 (3174490.000.000) 2022-01-03 23:23:58 Started transferring input files
	Seconds spent in queue: 184
...
040 (3174490.000.000) 2022-01-03 23:27:05 Finished transferring input files
...
001 (3174490.000.000) 2022-01-03 23:27:06 Job executing on host: <128.105.245.19:9618?addrs=128.105.245.19-9618&alias=e3219.chtc.wisc.edu&noUDP&sock=startd_1942_a102>
...
006 (3174490.000.000) 2022-01-03 23:27:14 Image size of job updated: 223924
	80  -  MemoryUsage of job (MB)
	81628  -  ResidentSetSize of job (KB)
...
006 (3174490.000.000) 2022-01-03 23:28:13 Image size of job updated: 1185956
	82  -  MemoryUsage of job (MB)
	83740  -  ResidentSetSize of job (KB)
...
040 (3174490.000.000) 2022-01-03 23:28:13 Started transferring output files
	Seconds spent in queue: 439
...
040 (3174490.000.000) 2022-01-03 23:28:13 Finished transferring output files
...
005 (3174490.000.000) 2022-01-03 23:28:13 Job terminated.
	(1) Normal termination (return value 0)
		Usr 0 00:00:41, Sys 0 00:00:04  -  Run Remote Usage
		Usr 0 00:00:00, Sys 0 00:00:00  -  Run Local Usage
		Usr 0 00:00:41, Sys 0 00:00:04  -  Total Remote Usage
		Usr 0 00:00:00, Sys 0 00:00:00  -  Total Local Usage
	167167  -  Run Bytes Sent By Job
	315491776  -  Run Bytes Received By Job
	167167  -  Total Bytes Sent By Job
	315491776  -  Total Bytes Received By Job
	Partitionable Resources :     Usage  Request Allocated 
	   Cpus                 :      0.04        1         1 
	   Disk (KB)            : 308321     2048000   2243515 
	   IoHeavy              :                            0 
	   Memory (MB)          :     82        1992      2048 

	Job terminated of its own accord at 2022-01-04T05:28:13Z.
...
