000 (3174455.000.000) 2022-01-03 23:19:19 Job submitted from host: <144.92.180.5:9618?addrs=144.92.180.5-9618+[2607-f388-101c-1000--368]-9618&alias=login02.hep.wisc.edu&noUDP&sock=schedd_2326_0560>
...
040 (3174455.000.000) 2022-01-03 23:20:05 Entered queue to transfer input files
	Transferring to host: <128.105.245.144:9618?addrs=128.105.245.144-9618&alias=e344.chtc.wisc.edu&noUDP&sock=slot1_17_30888_23e1_14272>
...
040 (3174455.000.000) 2022-01-03 23:22:37 Started transferring input files
	Seconds spent in queue: 152
...
040 (3174455.000.000) 2022-01-03 23:23:21 Finished transferring input files
...
001 (3174455.000.000) 2022-01-03 23:23:22 Job executing on host: <128.105.245.144:9618?addrs=128.105.245.144-9618&alias=e344.chtc.wisc.edu&noUDP&sock=startd_26653_51cf>
...
006 (3174455.000.000) 2022-01-03 23:23:31 Image size of job updated: 23396
	1  -  MemoryUsage of job (MB)
	228  -  ResidentSetSize of job (KB)
...
006 (3174455.000.000) 2022-01-03 23:27:45 Image size of job updated: 1177136
	1  -  MemoryUsage of job (MB)
	228  -  ResidentSetSize of job (KB)
...
040 (3174455.000.000) 2022-01-03 23:27:45 Started transferring output files
	Seconds spent in queue: 460
...
040 (3174455.000.000) 2022-01-03 23:27:45 Finished transferring output files
...
005 (3174455.000.000) 2022-01-03 23:27:45 Job terminated.
	(1) Normal termination (return value 0)
		Usr 0 00:01:57, Sys 0 00:00:06  -  Run Remote Usage
		Usr 0 00:00:00, Sys 0 00:00:00  -  Run Local Usage
		Usr 0 00:01:57, Sys 0 00:00:06  -  Total Remote Usage
		Usr 0 00:00:00, Sys 0 00:00:00  -  Total Local Usage
	161103  -  Run Bytes Sent By Job
	315491808  -  Run Bytes Received By Job
	161103  -  Total Bytes Sent By Job
	315491808  -  Total Bytes Received By Job
	Partitionable Resources :     Usage  Request Allocated 
	   Cpus                 :      0.70        1         1 
	   Disk (KB)            : 308315     2048000   2338649 
	   IoHeavy              :                            0 
	   Memory (MB)          :      1        1992      2048 

	Job terminated of its own accord at 2022-01-04T05:27:45Z.
...
