000 (3174350.000.000) 2022-01-03 23:17:35 Job submitted from host: <144.92.180.5:9618?addrs=144.92.180.5-9618+[2607-f388-101c-1000--368]-9618&alias=login02.hep.wisc.edu&noUDP&sock=schedd_2326_0560>
...
040 (3174350.000.000) 2022-01-03 23:17:47 Started transferring input files
	Transferring to host: <128.104.58.202:9618?addrs=128.104.58.202-9618+[2607-f388-1086-0-5287-89ff-feb7-2cc2]-9618&alias=e458.chtc.wisc.edu&noUDP&sock=slot1_9_11168_9dbf_13538>
...
040 (3174350.000.000) 2022-01-03 23:19:58 Finished transferring input files
...
001 (3174350.000.000) 2022-01-03 23:19:59 Job executing on host: <128.104.58.202:9618?addrs=128.104.58.202-9618+[2607-f388-1086-0-5287-89ff-feb7-2cc2]-9618&alias=e458.chtc.wisc.edu&noUDP&sock=startd_1851_35e4>
...
006 (3174350.000.000) 2022-01-03 23:20:07 Image size of job updated: 73984
	7  -  MemoryUsage of job (MB)
	6492  -  ResidentSetSize of job (KB)
...
006 (3174350.000.000) 2022-01-03 23:20:58 Image size of job updated: 1183484
	7  -  MemoryUsage of job (MB)
	6492  -  ResidentSetSize of job (KB)
...
040 (3174350.000.000) 2022-01-03 23:21:01 Started transferring output files
...
040 (3174350.000.000) 2022-01-03 23:21:02 Finished transferring output files
...
005 (3174350.000.000) 2022-01-03 23:21:02 Job terminated.
	(1) Normal termination (return value 0)
		Usr 0 00:00:15, Sys 0 00:00:02  -  Run Remote Usage
		Usr 0 00:00:00, Sys 0 00:00:00  -  Run Local Usage
		Usr 0 00:00:15, Sys 0 00:00:02  -  Total Remote Usage
		Usr 0 00:00:00, Sys 0 00:00:00  -  Total Local Usage
	160926  -  Run Bytes Sent By Job
	315491776  -  Run Bytes Received By Job
	160926  -  Total Bytes Sent By Job
	315491776  -  Total Bytes Received By Job
	Partitionable Resources :    Usage  Request Allocated 
	   Cpus                 :                 1         1 
	   Disk (KB)            :   308306  2048000   2350137 
	   IoHeavy              :                           0 
	   Memory (MB)          :        7     1992      2048 

	Job terminated of its own accord at 2022-01-04T05:20:58Z.
...
