000 (3174393.000.000) 2022-01-03 23:18:14 Job submitted from host: <144.92.180.5:9618?addrs=144.92.180.5-9618+[2607-f388-101c-1000--368]-9618&alias=login02.hep.wisc.edu&noUDP&sock=schedd_2326_0560>
...
040 (3174393.000.000) 2022-01-03 23:19:03 Entered queue to transfer input files
	Transferring to host: <128.105.68.136:9618?addrs=128.105.68.136-9618&alias=e2432.chtc.wisc.edu&noUDP&sock=slot1_4_5785_ce44_14583>
...
040 (3174393.000.000) 2022-01-03 23:20:01 Started transferring input files
	Seconds spent in queue: 58
...
040 (3174393.000.000) 2022-01-03 23:21:17 Finished transferring input files
...
001 (3174393.000.000) 2022-01-03 23:21:18 Job executing on host: <128.105.68.136:9618?addrs=128.105.68.136-9618&alias=e2432.chtc.wisc.edu&noUDP&sock=startd_2931_002c>
...
006 (3174393.000.000) 2022-01-03 23:21:26 Image size of job updated: 492352
	391  -  MemoryUsage of job (MB)
	399688  -  ResidentSetSize of job (KB)
...
006 (3174393.000.000) 2022-01-03 23:21:48 Image size of job updated: 1195892
	391  -  MemoryUsage of job (MB)
	399688  -  ResidentSetSize of job (KB)
...
040 (3174393.000.000) 2022-01-03 23:21:53 Entered queue to transfer output files
...
040 (3174393.000.000) 2022-01-03 23:21:57 Started transferring output files
	Seconds spent in queue: 174
...
040 (3174393.000.000) 2022-01-03 23:21:57 Finished transferring output files
...
005 (3174393.000.000) 2022-01-03 23:21:59 Job terminated.
	(1) Normal termination (return value 0)
		Usr 0 00:00:16, Sys 0 00:00:01  -  Run Remote Usage
		Usr 0 00:00:00, Sys 0 00:00:00  -  Run Local Usage
		Usr 0 00:00:16, Sys 0 00:00:01  -  Total Remote Usage
		Usr 0 00:00:00, Sys 0 00:00:00  -  Total Local Usage
	145432  -  Run Bytes Sent By Job
	315491776  -  Run Bytes Received By Job
	145432  -  Total Bytes Sent By Job
	315491776  -  Total Bytes Received By Job
	Partitionable Resources :    Usage  Request Allocated 
	   Cpus                 :                 1         1 
	   Disk (KB)            :   308291  2048000   2358628 
	   IoHeavy              :                           0 
	   Memory (MB)          :      391     1992      2048 

	Job terminated of its own accord at 2022-01-04T05:21:48Z.
...
