000 (3174450.000.000) 2022-01-03 23:19:12 Job submitted from host: <144.92.180.5:9618?addrs=144.92.180.5-9618+[2607-f388-101c-1000--368]-9618&alias=login02.hep.wisc.edu&noUDP&sock=schedd_2326_0560>
...
040 (3174450.000.000) 2022-01-03 23:20:00 Entered queue to transfer input files
	Transferring to host: <128.105.245.95:9618?addrs=128.105.245.95-9618&alias=e2295.chtc.wisc.edu&noUDP&sock=slot1_24_37258_61a4_14640>
...
040 (3174450.000.000) 2022-01-03 23:22:09 Started transferring input files
	Seconds spent in queue: 129
...
040 (3174450.000.000) 2022-01-03 23:23:13 Finished transferring input files
...
001 (3174450.000.000) 2022-01-03 23:23:14 Job executing on host: <128.105.245.95:9618?addrs=128.105.245.95-9618&alias=e2295.chtc.wisc.edu&noUDP&sock=startd_2580_3e6e>
...
006 (3174450.000.000) 2022-01-03 23:23:23 Image size of job updated: 539384
	396  -  MemoryUsage of job (MB)
	405140  -  ResidentSetSize of job (KB)
...
006 (3174450.000.000) 2022-01-03 23:24:15 Image size of job updated: 1177380
	396  -  MemoryUsage of job (MB)
	405140  -  ResidentSetSize of job (KB)
...
040 (3174450.000.000) 2022-01-03 23:24:16 Started transferring output files
	Seconds spent in queue: 256
...
040 (3174450.000.000) 2022-01-03 23:24:17 Finished transferring output files
...
005 (3174450.000.000) 2022-01-03 23:24:17 Job terminated.
	(1) Normal termination (return value 0)
		Usr 0 00:00:25, Sys 0 00:00:04  -  Run Remote Usage
		Usr 0 00:00:00, Sys 0 00:00:00  -  Run Local Usage
		Usr 0 00:00:25, Sys 0 00:00:04  -  Total Remote Usage
		Usr 0 00:00:00, Sys 0 00:00:00  -  Total Local Usage
	150506  -  Run Bytes Sent By Job
	315491808  -  Run Bytes Received By Job
	150506  -  Total Bytes Sent By Job
	315491808  -  Total Bytes Received By Job
	Partitionable Resources :    Usage  Request Allocated 
	   Cpus                 :        0        1         1 
	   Disk (KB)            :   308305  2048000   2414852 
	   IoHeavy              :                           0 
	   Memory (MB)          :      396     1992      2048 

	Job terminated of its own accord at 2022-01-04T05:24:15Z.
...
