000 (3174473.000.000) 2022-01-03 23:19:54 Job submitted from host: <144.92.180.5:9618?addrs=144.92.180.5-9618+[2607-f388-101c-1000--368]-9618&alias=login02.hep.wisc.edu&noUDP&sock=schedd_2326_0560>
...
040 (3174473.000.000) 2022-01-03 23:20:02 Entered queue to transfer input files
	Transferring to host: <128.104.58.210:9618?addrs=128.104.58.210-9618+[2607-f388-1086-0-226-9eff-fe2b-bede]-9618&alias=e1078.chtc.wisc.edu&noUDP&sock=slot1_4_24164_7950_13501>
...
040 (3174473.000.000) 2022-01-03 23:22:12 Started transferring input files
	Seconds spent in queue: 130
...
040 (3174473.000.000) 2022-01-03 23:22:32 Finished transferring input files
...
001 (3174473.000.000) 2022-01-03 23:22:33 Job executing on host: <128.104.58.210:9618?addrs=128.104.58.210-9618+[2607-f388-1086-0-226-9eff-fe2b-bede]-9618&alias=e1078.chtc.wisc.edu&noUDP&sock=startd_1742_7211>
...
006 (3174473.000.000) 2022-01-03 23:22:41 Image size of job updated: 473716
	394  -  MemoryUsage of job (MB)
	402736  -  ResidentSetSize of job (KB)
...
006 (3174473.000.000) 2022-01-03 23:22:49 Image size of job updated: 1172644
	394  -  MemoryUsage of job (MB)
	402736  -  ResidentSetSize of job (KB)
...
040 (3174473.000.000) 2022-01-03 23:22:50 Started transferring output files
	Seconds spent in queue: 168
...
040 (3174473.000.000) 2022-01-03 23:22:50 Finished transferring output files
...
005 (3174473.000.000) 2022-01-03 23:22:50 Job terminated.
	(1) Normal termination (return value 0)
		Usr 0 00:00:08, Sys 0 00:00:02  -  Run Remote Usage
		Usr 0 00:00:00, Sys 0 00:00:00  -  Run Local Usage
		Usr 0 00:00:08, Sys 0 00:00:02  -  Total Remote Usage
		Usr 0 00:00:00, Sys 0 00:00:00  -  Total Local Usage
	156643  -  Run Bytes Sent By Job
	315491776  -  Run Bytes Received By Job
	156643  -  Total Bytes Sent By Job
	315491776  -  Total Bytes Received By Job
	Partitionable Resources :     Usage  Request Allocated 
	   Cpus                 :      0.08        1         1 
	   Disk (KB)            : 308311     2048000   9194538 
	   IoHeavy              :                            0 
	   Memory (MB)          :    394        1992      2048 

	Job terminated of its own accord at 2022-01-04T05:22:49Z.
...
