000 (3174482.000.000) 2022-01-03 23:20:14 Job submitted from host: <144.92.180.5:9618?addrs=144.92.180.5-9618+[2607-f388-101c-1000--368]-9618&alias=login02.hep.wisc.edu&noUDP&sock=schedd_2326_0560>
...
040 (3174482.000.000) 2022-01-03 23:20:38 Entered queue to transfer input files
	Transferring to host: <128.105.245.174:9618?addrs=128.105.245.174-9618&alias=e374.chtc.wisc.edu&noUDP&sock=slot1_10_33632_8951_13900>
...
040 (3174482.000.000) 2022-01-03 23:23:35 Started transferring input files
	Seconds spent in queue: 177
...
040 (3174482.000.000) 2022-01-03 23:24:20 Finished transferring input files
...
001 (3174482.000.000) 2022-01-03 23:24:21 Job executing on host: <128.105.245.174:9618?addrs=128.105.245.174-9618&alias=e374.chtc.wisc.edu&noUDP&sock=startd_11796_a740>
...
006 (3174482.000.000) 2022-01-03 23:24:31 Image size of job updated: 569496
	421  -  MemoryUsage of job (MB)
	430816  -  ResidentSetSize of job (KB)
...
040 (3174482.000.000) 2022-01-03 23:24:32 Started transferring output files
	Seconds spent in queue: 234
...
040 (3174482.000.000) 2022-01-03 23:24:32 Finished transferring output files
...
005 (3174482.000.000) 2022-01-03 23:24:33 Job terminated.
	(1) Normal termination (return value 0)
		Usr 0 00:00:04, Sys 0 00:00:01  -  Run Remote Usage
		Usr 0 00:00:00, Sys 0 00:00:00  -  Run Local Usage
		Usr 0 00:00:04, Sys 0 00:00:01  -  Total Remote Usage
		Usr 0 00:00:00, Sys 0 00:00:00  -  Total Local Usage
	129834  -  Run Bytes Sent By Job
	315491776  -  Run Bytes Received By Job
	129834  -  Total Bytes Sent By Job
	315491776  -  Total Bytes Received By Job
	Partitionable Resources :    Usage  Request Allocated 
	   Cpus                 :        0        1         1 
	   Disk (KB)            :   308285  2048000   2346595 
	   IoHeavy              :                           0 
	   Memory (MB)          :      421     1992      2048 

	Job terminated of its own accord at 2022-01-04T05:24:31Z.
...
