000 (3174522.000.000) 2022-01-03 23:21:41 Job submitted from host: <144.92.180.5:9618?addrs=144.92.180.5-9618+[2607-f388-101c-1000--368]-9618&alias=login02.hep.wisc.edu&noUDP&sock=schedd_2326_0560>
...
040 (3174522.000.000) 2022-01-03 23:21:58 Entered queue to transfer input files
	Transferring to host: <128.104.103.1:9618?addrs=128.104.103.1-9618+[2607-f388-107c-501-62eb-69ff-fe81-f07c]-9618&alias=e0006.chtc.wisc.edu&noUDP&sock=slot1_10_4481_050f_11213>
...
040 (3174522.000.000) 2022-01-03 23:25:20 Started transferring input files
	Seconds spent in queue: 202
...
040 (3174522.000.000) 2022-01-03 23:26:26 Finished transferring input files
...
001 (3174522.000.000) 2022-01-03 23:26:27 Job executing on host: <128.104.103.1:9618?addrs=128.104.103.1-9618+[2607-f388-107c-501-62eb-69ff-fe81-f07c]-9618&alias=e0006.chtc.wisc.edu&noUDP&sock=startd_3954_b18f>
...
006 (3174522.000.000) 2022-01-03 23:26:35 Image size of job updated: 46332
	8  -  MemoryUsage of job (MB)
	8052  -  ResidentSetSize of job (KB)
...
006 (3174522.000.000) 2022-01-03 23:28:18 Image size of job updated: 1200804
	8  -  MemoryUsage of job (MB)
	8052  -  ResidentSetSize of job (KB)
...
040 (3174522.000.000) 2022-01-03 23:28:18 Started transferring output files
	Seconds spent in queue: 380
...
040 (3174522.000.000) 2022-01-03 23:28:18 Finished transferring output files
...
005 (3174522.000.000) 2022-01-03 23:28:18 Job terminated.
	(1) Normal termination (return value 0)
		Usr 0 00:00:28, Sys 0 00:00:01  -  Run Remote Usage
		Usr 0 00:00:00, Sys 0 00:00:00  -  Run Local Usage
		Usr 0 00:00:28, Sys 0 00:00:01  -  Total Remote Usage
		Usr 0 00:00:00, Sys 0 00:00:00  -  Total Local Usage
	142085  -  Run Bytes Sent By Job
	315491744  -  Run Bytes Received By Job
	142085  -  Total Bytes Sent By Job
	315491744  -  Total Bytes Received By Job
	Partitionable Resources :    Usage  Request Allocated 
	   Cpus                 :        0        1         1 
	   Disk (KB)            :   308297  2048000   2704089 
	   IoHeavy              :                           0 
	   Memory (MB)          :        8     1992      2048 

	Job terminated of its own accord at 2022-01-04T05:28:18Z.
...
