000 (3174463.000.000) 2022-01-03 23:19:32 Job submitted from host: <144.92.180.5:9618?addrs=144.92.180.5-9618+[2607-f388-101c-1000--368]-9618&alias=login02.hep.wisc.edu&noUDP&sock=schedd_2326_0560>
...
040 (3174463.000.000) 2022-01-03 23:20:08 Entered queue to transfer input files
	Transferring to host: <128.105.245.143:9618?addrs=128.105.245.143-9618&alias=e343.chtc.wisc.edu&noUDP&sock=slot1_17_20944_b14d_14428>
...
040 (3174463.000.000) 2022-01-03 23:23:05 Started transferring input files
	Seconds spent in queue: 177
...
040 (3174463.000.000) 2022-01-03 23:23:54 Finished transferring input files
...
001 (3174463.000.000) 2022-01-03 23:23:56 Job executing on host: <128.105.245.143:9618?addrs=128.105.245.143-9618&alias=e343.chtc.wisc.edu&noUDP&sock=startd_21883_7f0f>
...
006 (3174463.000.000) 2022-01-03 23:24:04 Image size of job updated: 690688
	396  -  MemoryUsage of job (MB)
	405012  -  ResidentSetSize of job (KB)
...
006 (3174463.000.000) 2022-01-03 23:29:04 Image size of job updated: 1176500
	480  -  MemoryUsage of job (MB)
	491472  -  ResidentSetSize of job (KB)
...
040 (3174463.000.000) 2022-01-03 23:32:34 Started transferring output files
	Seconds spent in queue: 746
...
040 (3174463.000.000) 2022-01-03 23:32:34 Finished transferring output files
...
005 (3174463.000.000) 2022-01-03 23:32:34 Job terminated.
	(1) Normal termination (return value 0)
		Usr 0 00:06:19, Sys 0 00:00:13  -  Run Remote Usage
		Usr 0 00:00:00, Sys 0 00:00:00  -  Run Local Usage
		Usr 0 00:06:19, Sys 0 00:00:13  -  Total Remote Usage
		Usr 0 00:00:00, Sys 0 00:00:00  -  Total Local Usage
	167970  -  Run Bytes Sent By Job
	315491776  -  Run Bytes Received By Job
	167970  -  Total Bytes Sent By Job
	315491776  -  Total Bytes Received By Job
	Partitionable Resources :     Usage  Request Allocated 
	   Cpus                 :      0.92        1         1 
	   Disk (KB)            : 308322     2048000   2347634 
	   IoHeavy              :                            0 
	   Memory (MB)          :    480        1992      2048 

	Job terminated of its own accord at 2022-01-04T05:32:34Z.
...
