000 (3174489.000.000) 2022-01-03 23:20:27 Job submitted from host: <144.92.180.5:9618?addrs=144.92.180.5-9618+[2607-f388-101c-1000--368]-9618&alias=login02.hep.wisc.edu&noUDP&sock=schedd_2326_0560>
...
040 (3174489.000.000) 2022-01-03 23:20:51 Entered queue to transfer input files
	Transferring to host: <128.104.101.141:9618?addrs=128.104.101.141-9618+[2607-f388-107c-501-4603-a7ff-fe29-740b]-9618&alias=e141.chtc.wisc.edu&noUDP&sock=slot1_21_3099_4697_11110>
...
040 (3174489.000.000) 2022-01-03 23:23:54 Started transferring input files
	Seconds spent in queue: 183
...
040 (3174489.000.000) 2022-01-03 23:26:13 Finished transferring input files
...
001 (3174489.000.000) 2022-01-03 23:26:14 Job executing on host: <128.104.101.141:9618?addrs=128.104.101.141-9618+[2607-f388-107c-501-4603-a7ff-fe29-740b]-9618&alias=e141.chtc.wisc.edu&noUDP&sock=startd_1800_3a8f>
...
006 (3174489.000.000) 2022-01-03 23:26:23 Image size of job updated: 706612
	486  -  MemoryUsage of job (MB)
	497404  -  ResidentSetSize of job (KB)
...
006 (3174489.000.000) 2022-01-03 23:27:05 Image size of job updated: 1185628
	486  -  MemoryUsage of job (MB)
	497404  -  ResidentSetSize of job (KB)
...
040 (3174489.000.000) 2022-01-03 23:27:05 Started transferring output files
	Seconds spent in queue: 374
...
040 (3174489.000.000) 2022-01-03 23:27:05 Finished transferring output files
...
005 (3174489.000.000) 2022-01-03 23:27:06 Job terminated.
	(1) Normal termination (return value 0)
		Usr 0 00:00:31, Sys 0 00:00:02  -  Run Remote Usage
		Usr 0 00:00:00, Sys 0 00:00:00  -  Run Local Usage
		Usr 0 00:00:31, Sys 0 00:00:02  -  Total Remote Usage
		Usr 0 00:00:00, Sys 0 00:00:00  -  Total Local Usage
	163423  -  Run Bytes Sent By Job
	315491776  -  Run Bytes Received By Job
	163423  -  Total Bytes Sent By Job
	315491776  -  Total Bytes Received By Job
	Partitionable Resources :     Usage  Request Allocated 
	   Cpus                 :      0.57        1         1 
	   Disk (KB)            : 308318     2048000   3402399 
	   IoHeavy              :                            0 
	   Memory (MB)          :    486        1992      2048 

	Job terminated of its own accord at 2022-01-04T05:27:05Z.
...
