000 (3174494.000.000) 2022-01-03 23:20:38 Job submitted from host: <144.92.180.5:9618?addrs=144.92.180.5-9618+[2607-f388-101c-1000--368]-9618&alias=login02.hep.wisc.edu&noUDP&sock=schedd_2326_0560>
...
040 (3174494.000.000) 2022-01-03 23:20:58 Entered queue to transfer input files
	Transferring to host: <128.104.58.197:9618?addrs=128.104.58.197-9618+[2607-f388-1086-0-16fe-b5ff-fec6-7a4a]-9618&alias=e1056.chtc.wisc.edu&noUDP&sock=slot1_10_21337_98bd_12942>
...
040 (3174494.000.000) 2022-01-03 23:24:04 Started transferring input files
	Seconds spent in queue: 186
...
040 (3174494.000.000) 2022-01-03 23:25:19 Finished transferring input files
...
001 (3174494.000.000) 2022-01-03 23:25:20 Job executing on host: <128.104.58.197:9618?addrs=128.104.58.197-9618+[2607-f388-1086-0-16fe-b5ff-fec6-7a4a]-9618&alias=e1056.chtc.wisc.edu&noUDP&sock=startd_4985_dfb4>
...
006 (3174494.000.000) 2022-01-03 23:25:29 Image size of job updated: 654888
	399  -  MemoryUsage of job (MB)
	407860  -  ResidentSetSize of job (KB)
...
006 (3174494.000.000) 2022-01-03 23:25:41 Image size of job updated: 654888
	400  -  MemoryUsage of job (MB)
	408696  -  ResidentSetSize of job (KB)
...
040 (3174494.000.000) 2022-01-03 23:25:43 Started transferring output files
	Seconds spent in queue: 285
...
040 (3174494.000.000) 2022-01-03 23:25:43 Finished transferring output files
...
005 (3174494.000.000) 2022-01-03 23:25:43 Job terminated.
	(1) Normal termination (return value 0)
		Usr 0 00:00:14, Sys 0 00:00:02  -  Run Remote Usage
		Usr 0 00:00:00, Sys 0 00:00:00  -  Run Local Usage
		Usr 0 00:00:14, Sys 0 00:00:02  -  Total Remote Usage
		Usr 0 00:00:00, Sys 0 00:00:00  -  Total Local Usage
	180156  -  Run Bytes Sent By Job
	315491776  -  Run Bytes Received By Job
	180156  -  Total Bytes Sent By Job
	315491776  -  Total Bytes Received By Job
	Partitionable Resources :    Usage  Request Allocated 
	   Cpus                 :        0        1         1 
	   Disk (KB)            :   308334  2048000   2336922 
	   IoHeavy              :                           0 
	   Memory (MB)          :      400     1992      2048 

	Job terminated of its own accord at 2022-01-04T05:25:41Z.
...
