000 (3174453.000.000) 2022-01-03 23:19:16 Job submitted from host: <144.92.180.5:9618?addrs=144.92.180.5-9618+[2607-f388-101c-1000--368]-9618&alias=login02.hep.wisc.edu&noUDP&sock=schedd_2326_0560>
...
040 (3174453.000.000) 2022-01-03 23:20:08 Entered queue to transfer input files
	Transferring to host: <128.105.245.61:9618?addrs=128.105.245.61-9618&alias=e261.chtc.wisc.edu&noUDP&sock=slot1_23_23677_569c_14598>
...
040 (3174453.000.000) 2022-01-03 23:23:02 Started transferring input files
	Seconds spent in queue: 174
...
040 (3174453.000.000) 2022-01-03 23:24:04 Finished transferring input files
...
001 (3174453.000.000) 2022-01-03 23:24:05 Job executing on host: <128.105.245.61:9618?addrs=128.105.245.61-9618&alias=e261.chtc.wisc.edu&noUDP&sock=startd_2621_5dd1>
...
006 (3174453.000.000) 2022-01-03 23:24:14 Image size of job updated: 254928
	23  -  MemoryUsage of job (MB)
	23484  -  ResidentSetSize of job (KB)
...
006 (3174453.000.000) 2022-01-03 23:27:22 Image size of job updated: 1178648
	23  -  MemoryUsage of job (MB)
	23484  -  ResidentSetSize of job (KB)
...
040 (3174453.000.000) 2022-01-03 23:27:22 Started transferring output files
	Seconds spent in queue: 434
...
040 (3174453.000.000) 2022-01-03 23:27:22 Finished transferring output files
...
005 (3174453.000.000) 2022-01-03 23:27:22 Job terminated.
	(1) Normal termination (return value 0)
		Usr 0 00:02:01, Sys 0 00:00:05  -  Run Remote Usage
		Usr 0 00:00:00, Sys 0 00:00:00  -  Run Local Usage
		Usr 0 00:02:01, Sys 0 00:00:05  -  Total Remote Usage
		Usr 0 00:00:00, Sys 0 00:00:00  -  Total Local Usage
	160328  -  Run Bytes Sent By Job
	315491808  -  Run Bytes Received By Job
	160328  -  Total Bytes Sent By Job
	315491808  -  Total Bytes Received By Job
	Partitionable Resources :     Usage  Request Allocated 
	   Cpus                 :      0.89        1         1 
	   Disk (KB)            : 308314     2048000   2314028 
	   IoHeavy              :                            0 
	   Memory (MB)          :     23        1992      2048 

	Job terminated of its own accord at 2022-01-04T05:27:22Z.
...
